{"input":{"Win":0,"Lose":0,"myCurrBet":0,"step":0,"position":0.75,"bluff":0,"percentBets_1":0.006666666666666667,"percentBets_2":0.013333333333333334,"handValue":0.6008049999999999},"output":{"chips":1}},
{"input":{"Win":0,"Lose":0,"myCurrBet":0.01,"step":0,"position":0.75,"bluff":0,"handValue":0.6008049999999999,"percentBets_4":0.08,"percentBets_1":0.08,"percentBets_2":0.09333333333333334},"output":{"chips":0.5}},
{"input":{"Win":0,"Lose":0,"myCurrBet":0.023333333333333334,"step":0,"position":0.75,"bluff":1,"handValue":0.6008049999999999,"percentBets_4":0.18666666666666668,"percentBets_1":0.18666666666666668,"percentBets_2":0.18666666666666668},"output":{"chips":1}},
{"input":{"Win":0,"Lose":0,"myCurrBet":0.05,"step":0,"position":0.75,"bluff":0,"handValue":0.6008049999999999,"percentBets_4":0.4,"percentBets_1":0.4,"percentBets_2":0},"output":{"chips":0}},
{"input":{"Win":0,"Lose":0.05,"myCurrBet":0,"step":0,"position":0.75,"bluff":0,"percentBets_1":0.0037313432835820895,"percentBets_2":0.01639344262295082,"handValue":0.500000000009},"output":{"chips":1}},
{"input":{"Win":0,"Lose":0.05,"myCurrBet":0.03333333333333333,"step":0,"position":0.75,"bluff":0,"handValue":0.500000000009,"percentBets_4":0.4444444444444444,"percentBets_1":0.14925373134328357,"percentBets_2":0.32786885245901637},"output":{"chips":0}},
{"input":{"Win":0,"Lose":0.05,"myCurrBet":0.01,"step":0,"position":0.75,"bluff":1,"handValue":0.500000000009,"percentBets_4":0.13333333333333333,"percentBets_1":0.04477611940298507,"percentBets_2":0.11475409836065574},"output":{"chips":1}},
{"input":{"Win":0,"Lose":0.03333333333333333,"myCurrBet":0,"step":0,"position":0.75,"bluff":0,"percentBets_1":0.005,"percentBets_2":0.029411764705882353,"handValue":0.601312},"output":{"chips":1}},
{"input":{"Win":0,"Lose":0.03333333333333333,"myCurrBet":0.013333333333333334,"step":0,"position":0.75,"bluff":0,"handValue":0.601312,"percentBets_4":0.06896551724137931,"percentBets_1":0.08,"percentBets_2":0.3235294117647059},"output":{"chips":0.5}},
{"input":{"Win":0,"Lose":0.03333333333333333,"myCurrBet":0.03666666666666667,"step":0,"position":0.75,"bluff":0,"handValue":0.601312,"percentBets_4":0.1896551724137931,"percentBets_1":0.22,"percentBets_2":0},"output":{"chips":0.5}},
{"input":{"Win":0,"Lose":0.03333333333333333,"myCurrBet":0.07333333333333333,"step":0.25,"position":0.75,"bluff":0,"handValue":0.1027,"percentBets_4":0.1896551724137931,"percentBets_1":0.22},"output":{"chips":1}},
{"input":{"Win":0,"Lose":0.03333333333333333,"myCurrBet":0.08,"step":0.25,"position":0.75,"bluff":0,"handValue":0.1027,"percentBets_4":0.22413793103448276,"percentBets_1":0.26},"output":{"chips":0}},
{"input":{"Win":0,"Lose":0.14,"myCurrBet":0,"step":0,"position":0.75,"bluff":0,"percentBets_1":0.006756756756756757,"percentBets_2":0.043478260869565216,"handValue":0.600908},"output":{"chips":1}},
{"input":{"Win":0,"Lose":0.14,"myCurrBet":0.04666666666666667,"step":0.25,"position":0.75,"bluff":0,"handValue":0.1019,"percentBets_4":0.07909604519774012,"percentBets_1":0.1891891891891892},"output":{"chips":1}},
{"input":{"Win":0,"Lose":0.14,"myCurrBet":0.023333333333333334,"step":0,"position":0.75,"bluff":0,"handValue":0.600908,"percentBets_4":0.07909604519774012,"percentBets_1":0.1891891891891892},"output":{"chips":0.5}},
{"input":{"Win":0,"Lose":0.14,"myCurrBet":0.006666666666666667,"step":0,"position":0.75,"bluff":0,"handValue":0.600908,"percentBets_4":0.022598870056497175,"percentBets_1":0.05405405405405406,"percentBets_2":0},"output":{"chips":1}},
{"input":{"Win":0,"Lose":0.14,"myCurrBet":0.06,"step":0.5,"position":0.75,"bluff":0,"handValue":0.10260000000000001,"percentBets_4":0.1016949152542373,"percentBets_1":0.24324324324324326},"output":{"chips":0.5}},
{"input":{"Win":0,"Lose":0.14,"myCurrBet":0.05333333333333334,"step":0.25,"position":0.75,"bluff":0,"handValue":0.1019,"percentBets_4":0.1016949152542373,"percentBets_1":0.24324324324324326},"output":{"chips":0.5}},
{"input":{"Win":0,"Lose":0.14,"myCurrBet":0.06,"step":0.75,"position":0.75,"bluff":0,"handValue":0.1039,"percentBets_4":0.1016949152542373,"percentBets_1":0.24324324324324326},"output":{"chips":0}},
{"input":{"Win":0,"Lose":0.02666666666666667,"myCurrBet":0,"step":0,"position":0.75,"bluff":0,"percentBets_1":0.0045045045045045045,"percentBets_2":0.045454545454545456,"handValue":0.601106},"output":{"chips":1}},
{"input":{"Win":0,"Lose":0.02666666666666667,"myCurrBet":0.02666666666666667,"step":0.25,"position":0.75,"bluff":0,"handValue":0.10360000000000001,"percentBets_4":0.10062893081761007,"percentBets_1":0.14414414414414414,"percentBets_2":0},"output":{"chips":1}},
{"input":{"Win":0,"Lose":0.02666666666666667,"myCurrBet":0.013333333333333334,"step":0,"position":0.75,"bluff":1,"handValue":0.601106,"percentBets_4":0.050314465408805034,"percentBets_1":0.07207207207207207,"percentBets_2":0.45454545454545453},"output":{"chips":1}},
{"input":{"Win":0,"Lose":0.02666666666666667,"myCurrBet":0.02666666666666667,"step":0.75,"position":0.75,"bluff":0,"handValue":0.10410000000000001,"percentBets_4":0.10062893081761007,"percentBets_1":0.14414414414414414},"output":{"chips":0.5}},
{"input":{"Win":0,"Lose":0.02666666666666667,"myCurrBet":0.02666666666666667,"step":0.5,"position":0.75,"bluff":0,"handValue":0.1032,"percentBets_4":0.10062893081761007,"percentBets_1":0.14414414414414414},"output":{"chips":0.5}},
