{"input":{"Win":0.07333333333333333,"Lose":0,"myCurrBet":0.0033333333333333335,"step":0,"position":0.5,"bluff":0,"percentBets_1":0,"handValue":0.1015,"percentBets_3":0.02666666666666667,"percentBets_4":0.02666666666666667},"output":{"chips":1}},
{"input":{"Win":0.07333333333333333,"Lose":0,"myCurrBet":0.013333333333333334,"step":0,"position":0.5,"bluff":1,"handValue":0.1015,"percentBets_3":0.10666666666666667,"percentBets_4":0.10666666666666667},"output":{"chips":0.5}},
{"input":{"Win":0.07333333333333333,"Lose":0,"myCurrBet":0.02666666666666667,"step":0.25,"position":0.5,"bluff":0,"handValue":0.1027,"percentBets_3":0.10666666666666667,"percentBets_4":0.10666666666666667},"output":{"chips":0.5}},
{"input":{"Win":0.07333333333333333,"Lose":0,"myCurrBet":0.02666666666666667,"step":0.5,"position":0.5,"bluff":0,"handValue":0.10400000000000001,"percentBets_3":0.10666666666666667,"percentBets_4":0.10666666666666667},"output":{"chips":0}},
{"input":{"Win":0.07333333333333333,"Lose":0,"myCurrBet":0.02666666666666667,"step":0.5,"position":0.5,"bluff":0,"handValue":0.10400000000000001,"percentBets_3":0.10666666666666667,"percentBets_4":0.10666666666666667},"output":{"chips":0}},
{"input":{"Win":0,"Lose":0.05333333333333334,"myCurrBet":0.02666666666666667,"step":0,"position":0.5,"bluff":1,"handValue":0.101,"percentBets_3":0.23880597014925373,"percentBets_4":0.23880597014925373,"percentBets_1":0},"output":{"chips":0.5}},
{"input":{"Win":0,"Lose":0.05333333333333334,"myCurrBet":0.05333333333333334,"step":0.25,"position":0.5,"bluff":0,"handValue":0.1013,"percentBets_3":0.23880597014925373,"percentBets_4":0.23880597014925373},"output":{"chips":0}},
{"input":{"Win":0,"Lose":0.05333333333333334,"myCurrBet":0.05333333333333334,"step":0.25,"position":0.5,"bluff":0,"handValue":0.1013,"percentBets_3":0.23880597014925373,"percentBets_4":0.23880597014925373},"output":{"chips":0}},
{"input":{"Win":0,"Lose":0.05333333333333334,"myCurrBet":0.0033333333333333335,"step":0,"position":0.5,"bluff":0,"percentBets_1":0.06711409395973154,"handValue":0.101,"percentBets_3":0.029850746268656716,"percentBets_4":0.029850746268656716},"output":{"chips":1}},
{"input":{"Win":0,"Lose":0.05333333333333334,"myCurrBet":0.05333333333333334,"step":0.25,"position":0.5,"bluff":1,"handValue":0.1014,"percentBets_3":0.23880597014925373,"percentBets_4":0.23880597014925373},"output":{"chips":0.5}},
{"input":{"Win":0,"Lose":0,"myCurrBet":0.0033333333333333335,"step":0,"position":0.5,"bluff":0,"percentBets_1":0.04316546762589928,"handValue":0.600901,"percentBets_3":0.0392156862745098,"percentBets_4":0.019230769230769232},"output":{"chips":0.5}},
{"input":{"Win":0,"Lose":0,"myCurrBet":0.01,"step":0,"position":0.5,"bluff":0,"handValue":0.600901,"percentBets_3":0.11764705882352941,"percentBets_4":0.057692307692307696,"percentBets_1":0.08633093525179857},"output":{"chips":0}},
{"input":{"Win":0,"Lose":0.01,"myCurrBet":0.016666666666666666,"step":0,"position":0.5,"bluff":0,"handValue":0.10070000000000001,"percentBets_3":0.15151515151515152,"percentBets_4":0.10204081632653061},"output":{"chips":0.5}},
{"input":{"Win":0,"Lose":0.01,"myCurrBet":0.0033333333333333335,"step":0,"position":0.5,"bluff":1,"percentBets_1":0,"handValue":0.10070000000000001,"percentBets_3":0.030303030303030304,"percentBets_4":0.02040816326530612},"output":{"chips":1}},
{"input":{"Win":0,"Lose":0.01,"myCurrBet":0.03333333333333333,"step":0.25,"position":0.5,"bluff":1,"handValue":0.10260000000000001,"percentBets_3":0.15151515151515152,"percentBets_4":0.10204081632653061},"output":{"chips":1}},
{"input":{"Win":0,"Lose":0.01,"myCurrBet":0.04,"step":0.25,"position":0.5,"bluff":0,"handValue":0.10260000000000001,"percentBets_3":0.21212121212121213,"percentBets_4":0.14285714285714285},"output":{"chips":0}},
{"input":{"Win":0,"Lose":0.04,"myCurrBet":0.0033333333333333335,"step":0,"position":0.5,"bluff":0,"percentBets_1":0.047619047619047616,"handValue":0.601209,"percentBets_3":0.021621621621621623,"percentBets_4":0.023809523809523808},"output":{"chips":0.5}},
{"input":{"Win":0,"Lose":0.04,"myCurrBet":0.01,"step":0,"position":0.5,"bluff":0,"handValue":0.601209,"percentBets_3":0.06486486486486487,"percentBets_4":0.07142857142857142,"percentBets_1":0.14285714285714285},"output":{"chips":0}},
{"input":{"Win":0,"Lose":0.01,"myCurrBet":0.0033333333333333335,"step":0,"position":0.5,"bluff":0,"percentBets_1":0.038461538461538464,"handValue":0.10160000000000001,"percentBets_3":0.023121387283236993,"percentBets_4":0.02564102564102564},"output":{"chips":1}},
{"input":{"Win":0,"Lose":0.01,"myCurrBet":0.013333333333333334,"step":0,"position":0.5,"bluff":0,"handValue":0.10160000000000001,"percentBets_3":0.09248554913294797,"percentBets_4":0.10256410256410256,"percentBets_1":0.10256410256410256},"output":{"chips":1}},
{"input":{"Win":0,"Lose":0.01,"myCurrBet":0.03333333333333333,"step":0,"position":0.5,"bluff":0,"handValue":0.10160000000000001,"percentBets_3":0.23121387283236994,"percentBets_4":0.2564102564102564,"percentBets_1":0},"output":{"chips":0}},
{"input":{"Win":0.10927835051546392,"Lose":0,"myCurrBet":0.03,"step":0,"position":0.5,"bluff":0,"handValue":0.10160000000000001,"percentBets_3":0.14457831325301204,"percentBets_4":0.3103448275862069},"output":{"chips":0.5}},
{"input":{"Win":0.10927835051546392,"Lose":0,"myCurrBet":0.0033333333333333335,"step":0,"position":0.5,"bluff":1,"percentBets_1":0,"handValue":0.10160000000000001,"percentBets_3":0.01606425702811245,"percentBets_4":0.034482758620689655},"output":{"chips":1}},
{"input":{"Win":0.10927835051546392,"Lose":0,"myCurrBet":0.06,"step":0.25,"position":0.5,"bluff":0,"handValue":0.1046,"percentBets_3":0.14457831325301204,"percentBets_4":0.3103448275862069},"output":{"chips":0}},
{"input":{"Win":0.10927835051546392,"Lose":0,"myCurrBet":0.06,"step":0.25,"position":0.5,"bluff":0,"handValue":0.1046,"percentBets_3":0.14457831325301204,"percentBets_4":0.3103448275862069},"output":{"chips":0}},
{"input":{"Win":0.10927835051546392,"Lose":0,"myCurrBet":0.013333333333333334,"step":0,"position":0.5,"bluff":0,"handValue":0.10160000000000001,"percentBets_3":0.0642570281124498,"percentBets_4":0.13793103448275862},"output":{"chips":1}},
{"input":{"Win":0.10927835051546392,"Lose":0,"myCurrBet":0.06,"step":0.25,"position":0.5,"bluff":0,"handValue":0.1056,"percentBets_3":0.14457831325301204,"percentBets_4":0.3103448275862069},"output":{"chips":0}},
{"input":{"Win":0,"Lose":0.05333333333333334,"myCurrBet":0.05333333333333334,"step":0.25,"position":0.5,"bluff":1,"handValue":0.1018,"percentBets_3":0.15023474178403756,"percentBets_4":0.4},"output":{"chips":0.5}},
{"input":{"Win":0,"Lose":0.05333333333333334,"myCurrBet":0.02666666666666667,"step":0,"position":0.5,"bluff":1,"handValue":0.1015,"percentBets_3":0.15023474178403756,"percentBets_4":0.4,"percentBets_1":0},"output":{"chips":0.5}},
{"input":{"Win":0,"Lose":0.05333333333333334,"myCurrBet":0.0033333333333333335,"step":0,"position":0.5,"bluff":0,"percentBets_1":0.07194244604316546,"handValue":0.1015,"percentBets_3":0.018779342723004695,"percentBets_4":0.05},"output":{"chips":1}},
{"input":{"Win":0,"Lose":0.05333333333333334,"myCurrBet":0.05333333333333334,"step":0.75,"position":0.5,"bluff":0,"handValue":0.1039,"percentBets_3":0.15023474178403756,"percentBets_4":0.4},"output":{"chips":0}},
{"input":{"Win":0,"Lose":0.05333333333333334,"myCurrBet":0.05333333333333334,"step":0.5,"position":0.5,"bluff":1,"handValue":0.10260000000000001,"percentBets_3":0.15023474178403756,"percentBets_4":0.4},"output":{"chips":0.5}},
{"input":{"Win":0,"Lose":0,"myCurrBet":0.013333333333333334,"step":0,"position":0.5,"bluff":1,"handValue":0.1014,"percentBets_3":0.08839779005524862,"percentBets_4":0.1038961038961039,"percentBets_1":0.13953488372093023},"output":{"chips":0.5}},
{"input":{"Win":0,"Lose":0,"myCurrBet":0.0033333333333333335,"step":0,"position":0.5,"bluff":0,"percentBets_1":0.046511627906976744,"handValue":0.1014,"percentBets_3":0.022099447513812154,"percentBets_4":0.025974025974025976},"output":{"chips":1}},
{"input":{"Win":0,"Lose":0,"myCurrBet":0.03,"step":0,"position":0.5,"bluff":0,"handValue":0.1014,"percentBets_3":0.19889502762430938,"percentBets_4":0.23376623376623376,"percentBets_1":0},"output":{"chips":0}},
{"input":{"Win":0,"Lose":0.03,"myCurrBet":0.013333333333333334,"step":0,"position":0.5,"bluff":0,"handValue":0.600801,"percentBets_3":0.06324110671936758,"percentBets_4":0.13559322033898305},"output":{"chips":0}},
{"input":{"Win":0,"Lose":0.03,"myCurrBet":0.0033333333333333335,"step":0,"position":0.5,"bluff":0,"percentBets_1":0,"handValue":0.600801,"percentBets_3":0.015810276679841896,"percentBets_4":0.03389830508474576},"output":{"chips":1}},
{"input":{"Win":0,"Lose":0.013333333333333334,"myCurrBet":0.0033333333333333335,"step":0,"position":0.5,"bluff":1,"percentBets_1":0.09090909090909091,"handValue":0.10210000000000001,"percentBets_3":0.016877637130801686,"percentBets_4":0.027972027972027972},"output":{"chips":0.5}},
{"input":{"Win":0,"Lose":0.013333333333333334,"myCurrBet":0.016666666666666666,"step":0,"position":0.5,"bluff":1,"handValue":0.10210000000000001,"percentBets_3":0.08438818565400844,"percentBets_4":0.13986013986013987,"percentBets_1":0.18181818181818182},"output":{"chips":0.5}},
{"input":{"Win":0,"Lose":0.013333333333333334,"myCurrBet":0.03333333333333333,"step":0.5,"position":0.5,"bluff":0,"handValue":0.1044,"percentBets_3":0.08438818565400844,"percentBets_4":0.13986013986013987,"percentBets_1":0.21818181818181817},"output":{"chips":0}},
{"input":{"Win":0,"Lose":0.013333333333333334,"myCurrBet":0.03333333333333333,"step":0.25,"position":0.5,"bluff":0,"handValue":0.10350000000000001,"percentBets_3":0.08438818565400844,"percentBets_4":0.13986013986013987,"percentBets_1":0.18181818181818182},"output":{"chips":0.5}},
{"input":{"Win":0,"Lose":0.03333333333333333,"myCurrBet":0.0033333333333333335,"step":0,"position":0.5,"bluff":1,"percentBets_1":0.03529411764705882,"handValue":0.601001,"percentBets_3":0.018433179723502304,"percentBets_4":0.032520325203252036},"output":{"chips":1}},
{"input":{"Win":0,"Lose":0.03333333333333333,"myCurrBet":0.043333333333333335,"step":0,"position":0.5,"bluff":0,"handValue":0.601001,"percentBets_3":0.23963133640552994,"percentBets_4":0.42276422764227645,"percentBets_1":0},"output":{"chips":0}},
{"input":{"Win":0,"Lose":0.03333333333333333,"myCurrBet":0.02,"step":0,"position":0.5,"bluff":1,"handValue":0.601001,"percentBets_3":0.11059907834101383,"percentBets_4":0.1951219512195122,"percentBets_1":0.15294117647058825},"output":{"chips":0.5}},
{"input":{"Win":0,"Lose":0.043333333333333335,"myCurrBet":0.0033333333333333335,"step":0,"position":0.5,"bluff":0,"percentBets_1":0.06944444444444445,"handValue":0.500000000011,"percentBets_3":0.024242424242424242,"percentBets_4":0.01762114537444934},"output":{"chips":1}},
{"input":{"Win":0,"Lose":0.043333333333333335,"myCurrBet":0.023333333333333334,"step":0,"position":0.5,"bluff":0,"handValue":0.500000000011,"percentBets_3":0.1696969696969697,"percentBets_4":0.12334801762114538,"percentBets_1":0},"output":{"chips":0}},
{"input":{"Win":0,"Lose":0.07,"myCurrBet":0.0033333333333333335,"step":0,"position":0.5,"bluff":0,"percentBets_1":0.05970149253731343,"handValue":0.10120000000000001,"percentBets_3":0.029197080291970802,"percentBets_4":0.014336917562724014},"output":{"chips":1}},
{"input":{"Win":0,"Lose":0.07,"myCurrBet":0.04666666666666667,"step":0.25,"position":0.5,"bluff":0,"handValue":0.10360000000000001,"percentBets_3":0.20437956204379562,"percentBets_4":0.1003584229390681},"output":{"chips":0}},
{"input":{"Win":0,"Lose":0.07,"myCurrBet":0.023333333333333334,"step":0,"position":0.5,"bluff":1,"handValue":0.10120000000000001,"percentBets_3":0.20437956204379562,"percentBets_4":0.1003584229390681,"percentBets_1":0},"output":{"chips":0.5}},
{"input":{"Win":0,"Lose":0.07,"myCurrBet":0.04666666666666667,"step":0.25,"position":0.5,"bluff":0,"handValue":0.10360000000000001,"percentBets_3":0.20437956204379562,"percentBets_4":0.1003584229390681},"output":{"chips":0}},
{"input":{"Win":0,"Lose":0.07,"myCurrBet":0.04666666666666667,"step":0.25,"position":0.5,"bluff":0,"handValue":0.1043,"percentBets_3":0.20437956204379562,"percentBets_4":0.1003584229390681},"output":{"chips":0}},
{"input":{"Win":0,"Lose":0.03666666666666667,"myCurrBet":0.0033333333333333335,"step":0,"position":0.5,"bluff":1,"percentBets_1":0.07936507936507936,"handValue":0.10060000000000001,"percentBets_3":0.03669724770642202,"percentBets_4":0.011661807580174927},"output":{"chips":1}},
{"input":{"Win":0,"Lose":0.03666666666666667,"myCurrBet":0.02666666666666667,"step":0,"position":0.5,"bluff":1,"handValue":0.10060000000000001,"percentBets_3":0.29357798165137616,"percentBets_4":0.09329446064139942,"percentBets_1":0},"output":{"chips":1}},
{"input":{"Win":0,"Lose":0.03666666666666667,"myCurrBet":0.03666666666666667,"step":0.25,"position":0.5,"bluff":1,"handValue":0.10200000000000001,"percentBets_3":0.4036697247706422,"percentBets_4":0.1282798833819242},"output":{"chips":1}},
{"input":{"Win":0,"Lose":0.03666666666666667,"myCurrBet":0.03666666666666667,"step":0.25,"position":0.5,"bluff":0,"handValue":0.10250000000000001,"percentBets_3":0.4036697247706422,"percentBets_4":0.1282798833819242},"output":{"chips":0}},
{"input":{"Win":0,"Lose":0.03666666666666667,"myCurrBet":0.03666666666666667,"step":0.25,"position":0.5,"bluff":0,"handValue":0.10250000000000001,"percentBets_3":0.4036697247706422,"percentBets_4":0.1282798833819242},"output":{"chips":0}},
