{"input":{"Win":0,"Lose":0,"myCurrBet":0.0016666666666666668,"step":0,"position":0.25,"bluff":0,"percentBets_2":0.013333333333333334,"handValue":0.60121,"percentBets_3":0.02666666666666667,"percentBets_4":0.02666666666666667},"output":{"chips":0}},
{"input":{"Win":0,"Lose":0.0016666666666666668,"myCurrBet":0.0016666666666666668,"step":0,"position":0.25,"bluff":0,"percentBets_2":0.01092896174863388,"handValue":0.1014,"percentBets_3":0.029850746268656716,"percentBets_4":0.029850746268656716},"output":{"chips":1}},
{"input":{"Win":0,"Lose":0.0016666666666666668,"myCurrBet":0.016666666666666666,"step":0,"position":0.25,"bluff":0,"handValue":0.1014,"percentBets_2":0.08743169398907104,"percentBets_3":0.23880597014925373,"percentBets_4":0.23880597014925373},"output":{"chips":0}},
{"input":{"Win":0,"Lose":0.03666666666666667,"myCurrBet":0.01,"step":0,"position":0.25,"bluff":0,"handValue":0.1,"percentBets_2":0.039735099337748346,"percentBets_3":0.11764705882352941,"percentBets_4":0.057692307692307696},"output":{"chips":0.5}},
{"input":{"Win":0,"Lose":0.03666666666666667,"myCurrBet":0.0016666666666666668,"step":0,"position":0.25,"bluff":0,"percentBets_2":0.013245033112582781,"handValue":0.1,"percentBets_3":0.0392156862745098,"percentBets_4":0.019230769230769232},"output":{"chips":1}},
{"input":{"Win":0,"Lose":0.03666666666666667,"myCurrBet":0.02,"step":0.25,"position":0.25,"bluff":0,"handValue":0.10260000000000001,"percentBets_3":0.11764705882352941,"percentBets_4":0.057692307692307696},"output":{"chips":0}},
{"input":{"Win":0,"Lose":0.03666666666666667,"myCurrBet":0.02,"step":0.25,"position":0.25,"bluff":0,"handValue":0.1027,"percentBets_3":0.11764705882352941,"percentBets_4":0.057692307692307696},"output":{"chips":0}},
{"input":{"Win":0,"Lose":0.03666666666666667,"myCurrBet":0.02,"step":0.25,"position":0.25,"bluff":0,"handValue":0.10260000000000001,"percentBets_2":0,"percentBets_3":0.11764705882352941,"percentBets_4":0.057692307692307696},"output":{"chips":0}},
{"input":{"Win":0,"Lose":0,"myCurrBet":0.0016666666666666668,"step":0,"position":0.25,"bluff":0,"percentBets_2":0.013793103448275862,"handValue":0.601304,"percentBets_3":0.030303030303030304,"percentBets_4":0.02040816326530612},"output":{"chips":0}},
{"input":{"Win":0.0613107822410148,"Lose":0,"myCurrBet":0.01,"step":0,"position":0.25,"bluff":0,"handValue":0.10060000000000001,"percentBets_2":0.049586776859504134,"percentBets_3":0.06486486486486487,"percentBets_4":0.07142857142857142},"output":{"chips":1}},
{"input":{"Win":0.0613107822410148,"Lose":0,"myCurrBet":0.0016666666666666668,"step":0,"position":0.25,"bluff":0,"percentBets_2":0.01652892561983471,"handValue":0.10060000000000001,"percentBets_3":0.021621621621621623,"percentBets_4":0.023809523809523808},"output":{"chips":1}},
{"input":{"Win":0,"Lose":0,"myCurrBet":0.0016666666666666668,"step":0,"position":0.25,"bluff":0,"percentBets_2":0.017391304347826087,"handValue":0.1014,"percentBets_3":0.023121387283236993,"percentBets_4":0.02564102564102564},"output":{"chips":1}},
{"input":{"Win":0,"Lose":0,"myCurrBet":0.02666666666666667,"step":0,"position":0.25,"bluff":0,"handValue":0.1014,"percentBets_2":0.17391304347826086,"percentBets_3":0.23121387283236994,"percentBets_4":0.2564102564102564},"output":{"chips":0}},
{"input":{"Win":0,"Lose":0,"myCurrBet":0.01,"step":0,"position":0.25,"bluff":0,"handValue":0.1014,"percentBets_2":0.06956521739130435,"percentBets_3":0.09248554913294797,"percentBets_4":0.10256410256410256},"output":{"chips":0.5}},
{"input":{"Win":0,"Lose":0.02666666666666667,"myCurrBet":0.0016666666666666668,"step":0,"position":0.25,"bluff":0,"percentBets_2":0.021052631578947368,"handValue":0.500000000011,"percentBets_3":0.01606425702811245,"percentBets_4":0.034482758620689655},"output":{"chips":0}},
{"input":{"Win":0,"Lose":0.0016666666666666668,"myCurrBet":0.016666666666666666,"step":0,"position":0.25,"bluff":0,"handValue":0.1017,"percentBets_2":0.09523809523809523,"percentBets_3":0.15023474178403756,"percentBets_4":0.4},"output":{"chips":0}},
{"input":{"Win":0,"Lose":0.0016666666666666668,"myCurrBet":0.0016666666666666668,"step":0,"position":0.25,"bluff":0,"percentBets_2":0.011904761904761904,"handValue":0.1017,"percentBets_3":0.018779342723004695,"percentBets_4":0.05},"output":{"chips":1}},
{"input":{"Win":0,"Lose":0.016666666666666666,"myCurrBet":0.0016666666666666668,"step":0,"position":0.25,"bluff":0,"percentBets_2":0.014705882352941176,"handValue":0.1,"percentBets_3":0.022099447513812154,"percentBets_4":0.025974025974025976},"output":{"chips":1}},
{"input":{"Win":0,"Lose":0.016666666666666666,"myCurrBet":0.01,"step":0,"position":0.25,"bluff":0,"handValue":0.1,"percentBets_2":0.058823529411764705,"percentBets_3":0.08839779005524862,"percentBets_4":0.1038961038961039},"output":{"chips":1}},
{"input":{"Win":0,"Lose":0.016666666666666666,"myCurrBet":0.03,"step":0,"position":0.25,"bluff":0,"handValue":0.1,"percentBets_2":0.1323529411764706,"percentBets_3":0.19889502762430938,"percentBets_4":0.23376623376623376},"output":{"chips":0}},
{"input":{"Win":0,"Lose":0.03,"myCurrBet":0.0016666666666666668,"step":0,"position":0.25,"bluff":0,"percentBets_2":0.01694915254237288,"handValue":0.600501,"percentBets_3":0.015810276679841896,"percentBets_4":0.03389830508474576},"output":{"chips":0}},
{"input":{"Win":0.12065439672801637,"Lose":0,"myCurrBet":0.0016666666666666668,"step":0,"position":0.25,"bluff":0,"percentBets_2":0.01818181818181818,"handValue":0.1013,"percentBets_3":0.016877637130801686,"percentBets_4":0.027972027972027972},"output":{"chips":1}},
{"input":{"Win":0.12065439672801637,"Lose":0,"myCurrBet":0.03333333333333333,"step":0.25,"position":0.25,"bluff":0,"handValue":0.10250000000000001,"percentBets_2":0.18181818181818182,"percentBets_3":0.08438818565400844,"percentBets_4":0.13986013986013987},"output":{"chips":0}},
{"input":{"Win":0.12065439672801637,"Lose":0,"myCurrBet":0.016666666666666666,"step":0,"position":0.25,"bluff":0,"handValue":0.1013,"percentBets_2":0.09090909090909091,"percentBets_3":0.08438818565400844,"percentBets_4":0.13986013986013987},"output":{"chips":0.5}},
{"input":{"Win":0.12065439672801637,"Lose":0,"myCurrBet":0.03333333333333333,"step":0.25,"position":0.25,"bluff":1,"handValue":0.10250000000000001,"percentBets_2":0.18181818181818182,"percentBets_3":0.08438818565400844,"percentBets_4":0.13986013986013987},"output":{"chips":1}},
{"input":{"Win":0,"Lose":0,"myCurrBet":0.01,"step":0,"position":0.25,"bluff":1,"handValue":0.1013,"percentBets_2":0.13333333333333333,"percentBets_3":0.11059907834101383,"percentBets_4":0.1951219512195122},"output":{"chips":1}},
{"input":{"Win":0,"Lose":0,"myCurrBet":0.0016666666666666668,"step":0,"position":0.25,"bluff":0,"percentBets_2":0.022222222222222223,"handValue":0.1013,"percentBets_3":0.018433179723502304,"percentBets_4":0.032520325203252036},"output":{"chips":1}},
{"input":{"Win":0,"Lose":0,"myCurrBet":0.043333333333333335,"step":0,"position":0.25,"bluff":0,"handValue":0.1013,"percentBets_2":0.28888888888888886,"percentBets_3":0.23963133640552994,"percentBets_4":0.42276422764227645},"output":{"chips":0}},
{"input":{"Win":0,"Lose":0.043333333333333335,"myCurrBet":0.0016666666666666668,"step":0,"position":0.25,"bluff":0,"percentBets_2":0.03125,"handValue":0.10160000000000001,"percentBets_3":0.024242424242424242,"percentBets_4":0.01762114537444934},"output":{"chips":1}},
{"input":{"Win":0,"Lose":0.043333333333333335,"myCurrBet":0.016666666666666666,"step":0,"position":0.25,"bluff":0,"handValue":0.10160000000000001,"percentBets_2":0.21875,"percentBets_3":0.1696969696969697,"percentBets_4":0.12334801762114538},"output":{"chips":0}},
{"input":{"Win":0,"Lose":0.016666666666666666,"myCurrBet":0.0016666666666666668,"step":0,"position":0.25,"bluff":0,"percentBets_2":0.04,"handValue":0.1015,"percentBets_3":0.029197080291970802,"percentBets_4":0.014336917562724014},"output":{"chips":1}},
{"input":{"Win":0,"Lose":0.016666666666666666,"myCurrBet":0.013333333333333334,"step":0,"position":0.25,"bluff":0,"handValue":0.1015,"percentBets_2":0.28,"percentBets_3":0.20437956204379562,"percentBets_4":0.1003584229390681},"output":{"chips":0}},
{"input":{"Win":0,"Lose":0.013333333333333334,"myCurrBet":0.016666666666666666,"step":0,"position":0.25,"bluff":0,"handValue":0.10110000000000001,"percentBets_2":0.7272727272727273,"percentBets_3":0.29357798165137616,"percentBets_4":0.09329446064139942},"output":{"chips":0}},
{"input":{"Win":0,"Lose":0.013333333333333334,"myCurrBet":0.0016666666666666668,"step":0,"position":0.25,"bluff":0,"percentBets_2":0.09090909090909091,"handValue":0.10110000000000001,"percentBets_3":0.03669724770642202,"percentBets_4":0.011661807580174927},"output":{"chips":1}},
{"input":{"Win":0,"Lose":0.07,"myCurrBet":0.0033333333333333335,"step":0,"position":0.3333333333333333,"bluff":0,"percentBets_2":0.06153846153846154,"handValue":0.1014,"percentBets_3":0.00954653937947494},"output":{"chips":1}},
{"input":{"Win":0,"Lose":0.07,"myCurrBet":0.05333333333333334,"step":0.25,"position":0.3333333333333333,"bluff":0,"handValue":0.1024,"percentBets_2":0.49230769230769234,"percentBets_3":0.07637231503579953},"output":{"chips":0}},
{"input":{"Win":0,"Lose":0.07,"myCurrBet":0.05333333333333334,"step":0.25,"position":0.3333333333333333,"bluff":1,"handValue":0.1024,"percentBets_2":0.49230769230769234,"percentBets_3":0.07637231503579953},"output":{"chips":0.5}},
{"input":{"Win":0,"Lose":0.07,"myCurrBet":0.02666666666666667,"step":0,"position":0.3333333333333333,"bluff":0,"handValue":0.1014,"percentBets_2":0.49230769230769234,"percentBets_3":0.07637231503579953},"output":{"chips":0.5}},
{"input":{"Win":0,"Lose":0.07,"myCurrBet":0.05333333333333334,"step":0.75,"position":0.3333333333333333,"bluff":0,"handValue":0.10350000000000001,"percentBets_2":0.49230769230769234,"percentBets_3":0.07637231503579953},"output":{"chips":0}},
{"input":{"Win":0.031007751937984496,"Lose":0,"myCurrBet":0.0033333333333333335,"step":0,"position":0.3333333333333333,"bluff":0,"percentBets_2":0.12121212121212122,"handValue":0.10210000000000001,"percentBets_3":0.008281573498964804},"output":{"chips":0.5}},
{"input":{"Win":0.031007751937984496,"Lose":0,"myCurrBet":0.006666666666666667,"step":0,"position":0.3333333333333333,"bluff":0,"handValue":0.10210000000000001,"percentBets_2":0.24242424242424243,"percentBets_3":0.016563146997929608},"output":{"chips":0.5}},
{"input":{"Win":0.031007751937984496,"Lose":0,"myCurrBet":0.013333333333333334,"step":0.25,"position":0.3333333333333333,"bluff":0,"handValue":0.10310000000000001,"percentBets_2":0.24242424242424243,"percentBets_3":0.016563146997929608},"output":{"chips":0.5}},
{"input":{"Win":0.031007751937984496,"Lose":0,"myCurrBet":0.013333333333333334,"step":0.5,"position":0.3333333333333333,"bluff":0,"handValue":0.10360000000000001,"percentBets_2":0.24242424242424243,"percentBets_3":0.016563146997929608},"output":{"chips":0}},
{"input":{"Win":0.031007751937984496,"Lose":0,"myCurrBet":0.013333333333333334,"step":0.5,"position":0.3333333333333333,"bluff":0,"handValue":0.10360000000000001,"percentBets_2":0.24242424242424243,"percentBets_3":0.016563146997929608},"output":{"chips":0}},
{"input":{"Win":0,"Lose":0,"myCurrBet":0.0033333333333333335,"step":0,"position":0.3333333333333333,"bluff":0,"percentBets_2":0.16,"handValue":0.600703,"percentBets_3":0.008421052631578947},"output":{"chips":0}},
{"input":{"Win":0.028,"Lose":0,"myCurrBet":0.0033333333333333335,"step":0,"position":0.3333333333333333,"bluff":0,"percentBets_2":0.19047619047619047,"handValue":0.10160000000000001,"percentBets_3":0.008316008316008316},"output":{"chips":0.5}},
{"input":{"Win":0.028,"Lose":0,"myCurrBet":0.006666666666666667,"step":0,"position":0.3333333333333333,"bluff":0,"handValue":0.10160000000000001,"percentBets_2":0.38095238095238093,"percentBets_3":0.016632016632016633},"output":{"chips":0.5}},
{"input":{"Win":0.028,"Lose":0,"myCurrBet":0.013333333333333334,"step":0.5,"position":0.3333333333333333,"bluff":0,"handValue":0.1034,"percentBets_2":0.38095238095238093,"percentBets_3":0.016632016632016633},"output":{"chips":0}},
{"input":{"Win":0.028,"Lose":0,"myCurrBet":0.013333333333333334,"step":0.25,"position":0.3333333333333333,"bluff":1,"handValue":0.10260000000000001,"percentBets_2":0.38095238095238093,"percentBets_3":0.016632016632016633},"output":{"chips":0.5}},
{"input":{"Win":0.028,"Lose":0,"myCurrBet":0.013333333333333334,"step":0.5,"position":0.3333333333333333,"bluff":1,"handValue":0.1034,"percentBets_2":0.38095238095238093,"percentBets_3":0.016632016632016633},"output":{"chips":0.5}},
{"input":{"Win":0,"Lose":0.013333333333333334,"myCurrBet":0.006666666666666667,"step":0,"position":0.3333333333333333,"bluff":0,"handValue":0.1008,"percentBets_2":0.6153846153846154,"percentBets_3":0.016913319238900635},"output":{"chips":0.5}},
{"input":{"Win":0,"Lose":0.013333333333333334,"myCurrBet":0.0033333333333333335,"step":0,"position":0.3333333333333333,"bluff":0,"percentBets_2":0.3076923076923077,"handValue":0.1008,"percentBets_3":0.008456659619450317},"output":{"chips":0.5}},
{"input":{"Win":0,"Lose":0.013333333333333334,"myCurrBet":0.013333333333333334,"step":0.25,"position":0.3333333333333333,"bluff":0,"handValue":0.10160000000000001,"percentBets_2":0.6153846153846154,"percentBets_3":0.016913319238900635},"output":{"chips":0.5}},
{"input":{"Win":0,"Lose":0.013333333333333334,"myCurrBet":0.013333333333333334,"step":0.5,"position":0.3333333333333333,"bluff":0,"handValue":0.1028,"percentBets_2":0.6153846153846154,"percentBets_3":0.016913319238900635},"output":{"chips":0}},
{"input":{"Win":0,"Lose":0.013333333333333334,"myCurrBet":0.013333333333333334,"step":0.5,"position":0.3333333333333333,"bluff":0,"handValue":0.1028,"percentBets_2":0.6153846153846154,"percentBets_3":0.016913319238900635},"output":{"chips":0}},
{"input":{"Win":0,"Lose":0.013333333333333334,"myCurrBet":0.013333333333333334,"step":0.5,"position":0.3333333333333333,"bluff":0,"handValue":0.1037,"percentBets_2":0.27586206896551724,"percentBets_3":0.017204301075268817},"output":{"chips":0}},
{"input":{"Win":0,"Lose":0.013333333333333334,"myCurrBet":0.006666666666666667,"step":0,"position":0.3333333333333333,"bluff":0,"handValue":0.1019,"percentBets_2":0.27586206896551724,"percentBets_3":0.017204301075268817},"output":{"chips":0.5}},
{"input":{"Win":0,"Lose":0.013333333333333334,"myCurrBet":0.0033333333333333335,"step":0,"position":0.3333333333333333,"bluff":0,"percentBets_2":0.13793103448275862,"handValue":0.1019,"percentBets_3":0.008602150537634409},"output":{"chips":0.5}},
{"input":{"Win":0,"Lose":0.013333333333333334,"myCurrBet":0.013333333333333334,"step":0.25,"position":0.3333333333333333,"bluff":0,"handValue":0.1039,"percentBets_2":0.27586206896551724,"percentBets_3":0.017204301075268817},"output":{"chips":0.5}},
{"input":{"Win":0,"Lose":0.013333333333333334,"myCurrBet":0.013333333333333334,"step":0.5,"position":0.3333333333333333,"bluff":0,"handValue":0.1037,"percentBets_2":0.27586206896551724,"percentBets_3":0.017204301075268817},"output":{"chips":0}},
{"input":{"Win":0,"Lose":0.05333333333333334,"myCurrBet":0.0033333333333333335,"step":0,"position":0.3333333333333333,"bluff":0,"percentBets_2":0.08888888888888889,"handValue":0.10160000000000001,"percentBets_3":0.0087527352297593},"output":{"chips":1}},
{"input":{"Win":0,"Lose":0.05333333333333334,"myCurrBet":0.02666666666666667,"step":0,"position":0.3333333333333333,"bluff":0,"handValue":0.10160000000000001,"percentBets_2":0.7111111111111111,"percentBets_3":0.0700218818380744},"output":{"chips":0.5}},
{"input":{"Win":0,"Lose":0.05333333333333334,"myCurrBet":0.05333333333333334,"step":0.25,"position":0.3333333333333333,"bluff":0,"handValue":0.1029,"percentBets_2":0.7111111111111111,"percentBets_3":0.0700218818380744},"output":{"chips":0}},
{"input":{"Win":0,"Lose":0.05333333333333334,"myCurrBet":0.05333333333333334,"step":0.25,"position":0.3333333333333333,"bluff":0,"handValue":0.1029,"percentBets_2":0.7111111111111111,"percentBets_3":0.0700218818380744},"output":{"chips":0}},
{"input":{"Win":0,"Lose":0.05333333333333334,"myCurrBet":0.05333333333333334,"step":0.25,"position":0.3333333333333333,"bluff":0,"handValue":0.10360000000000001,"percentBets_2":0.7111111111111111,"percentBets_3":0.0700218818380744},"output":{"chips":0}},
{"input":{"Win":0,"Lose":0,"myCurrBet":0.0033333333333333335,"step":0,"position":0.3333333333333333,"bluff":0,"percentBets_2":0.3076923076923077,"handValue":0.500000000009,"percentBets_3":0.007677543186180422},"output":{"chips":0}},
{"input":{"Win":0,"Lose":0.0033333333333333335,"myCurrBet":0.0033333333333333335,"step":0,"position":0.3333333333333333,"bluff":0,"percentBets_2":0.4444444444444444,"handValue":0.500000000011,"percentBets_3":0.007590132827324478},"output":{"chips":0}},
{"input":{"Win":0,"Lose":0.03,"myCurrBet":0.0033333333333333335,"step":0,"position":0.3333333333333333,"bluff":0,"percentBets_2":0.8,"handValue":0.10120000000000001,"percentBets_3":0.0075046904315197},"output":{"chips":0.5}},
{"input":{"Win":0,"Lose":0.03,"myCurrBet":0.02666666666666667,"step":0.5,"position":0.3333333333333333,"bluff":0,"handValue":0.10410000000000001,"percentBets_3":0.0300187617260788},"output":{"chips":0}},
{"input":{"Win":0,"Lose":0.03,"myCurrBet":0.006666666666666667,"step":0.25,"position":0.3333333333333333,"bluff":0,"handValue":0.10400000000000001,"percentBets_2":0,"percentBets_3":0.0075046904315197},"output":{"chips":1}},
{"input":{"Win":0,"Lose":0.03,"myCurrBet":0.02666666666666667,"step":0.5,"position":0.3333333333333333,"bluff":0,"handValue":0.10410000000000001,"percentBets_3":0.0300187617260788},"output":{"chips":0}},
{"input":{"Win":0,"Lose":0,"myCurrBet":0.0033333333333333335,"step":0,"position":0.3333333333333333,"bluff":0,"percentBets_2":1,"handValue":0.601001,"percentBets_3":0.0018083182640144665},"output":{"chips":0}},
{"input":{"Win":0.032490974729241874,"Lose":0,"myCurrBet":0.02,"step":0.25,"position":0.5,"bluff":0,"handValue":0.10160000000000001,"percentBets_2":0.02158273381294964},"output":{"chips":1}},
{"input":{"Win":0.032490974729241874,"Lose":0,"myCurrBet":0.0033333333333333335,"step":0,"position":0.5,"bluff":0,"percentBets_2":0.007194244604316547,"handValue":0.1013},"output":{"chips":1}},
{"input":{"Win":0.032490974729241874,"Lose":0,"myCurrBet":0.03333333333333333,"step":0.5,"position":0.5,"bluff":0,"handValue":0.10250000000000001,"percentBets_2":0.03597122302158273},"output":{"chips":0.5}},
{"input":{"Win":0.032490974729241874,"Lose":0,"myCurrBet":0.03333333333333333,"step":0.75,"position":0.5,"bluff":0,"handValue":0.30000010080899997,"percentBets_2":0.03597122302158273},"output":{"chips":0}},
{"input":{"Win":0.029850746268656716,"Lose":0,"myCurrBet":0.013333333333333334,"step":0.25,"position":0.5,"bluff":0,"handValue":0.1015,"percentBets_2":0.014925373134328358},"output":{"chips":1}},
{"input":{"Win":0.029850746268656716,"Lose":0,"myCurrBet":0.02666666666666667,"step":0.75,"position":0.5,"bluff":0,"handValue":0.10260000000000001,"percentBets_2":0.029850746268656716},"output":{"chips":0}},
{"input":{"Win":0.029850746268656716,"Lose":0,"myCurrBet":0.02666666666666667,"step":0.5,"position":0.5,"bluff":0,"handValue":0.10200000000000001,"percentBets_2":0.029850746268656716},"output":{"chips":0.5}},
{"input":{"Win":0.029850746268656716,"Lose":0,"myCurrBet":0.0033333333333333335,"step":0,"position":0.5,"bluff":0,"percentBets_2":0.007462686567164179,"handValue":0.1005},"output":{"chips":1}},
{"input":{"Win":0,"Lose":0.02666666666666667,"myCurrBet":0.0033333333333333335,"step":0,"position":0.5,"bluff":0,"percentBets_2":0.007692307692307693,"handValue":0.6006009999999999},"output":{"chips":1}},
{"input":{"Win":0,"Lose":0.02666666666666667,"myCurrBet":0.02666666666666667,"step":0.25,"position":0.5,"bluff":1,"handValue":0.10120000000000001,"percentBets_2":0.03076923076923077},"output":{"chips":0.5}},
{"input":{"Win":0,"Lose":0.02666666666666667,"myCurrBet":0.02666666666666667,"step":0.5,"position":0.5,"bluff":0,"handValue":0.30000002010599996,"percentBets_2":0.03076923076923077},"output":{"chips":0}},
{"input":{"Win":0,"Lose":0.02666666666666667,"myCurrBet":0.02666666666666667,"step":0.5,"position":0.5,"bluff":0,"handValue":0.30000002010599996,"percentBets_2":0.03076923076923077},"output":{"chips":0}},
{"input":{"Win":0,"Lose":0.04666666666666667,"myCurrBet":0.0033333333333333335,"step":0,"position":0.5,"bluff":0,"percentBets_2":0.007462686567164179,"handValue":0.601208},"output":{"chips":1}},
{"input":{"Win":0,"Lose":0.04666666666666667,"myCurrBet":0.02666666666666667,"step":0.25,"position":0.5,"bluff":0,"handValue":0.10400000000000001,"percentBets_2":0.029850746268656716},"output":{"chips":1}},
{"input":{"Win":0,"Lose":0.04666666666666667,"myCurrBet":0.04,"step":0.5,"position":0.5,"bluff":1,"handValue":0.10490000000000001,"percentBets_2":0.04477611940298507},"output":{"chips":1}},
{"input":{"Win":0,"Lose":0.04666666666666667,"myCurrBet":0.04666666666666667,"step":0.75,"position":0.5,"bluff":0,"handValue":0.1051,"percentBets_2":0.05223880597014925},"output":{"chips":0}},
{"input":{"Win":0.0425531914893617,"Lose":0,"myCurrBet":0.005,"step":0,"position":0.5,"bluff":0,"percentBets_2":0.010638297872340425,"handValue":0.1017},"output":{"chips":1}},
{"input":{"Win":0.0425531914893617,"Lose":0,"myCurrBet":0.02,"step":0.25,"position":0.5,"bluff":0,"handValue":0.1027,"percentBets_2":0.02127659574468085},"output":{"chips":1}},
{"input":{"Win":0.0425531914893617,"Lose":0,"myCurrBet":0.04,"step":0.5,"position":0.5,"bluff":0,"handValue":0.30000009061,"percentBets_2":0.0425531914893617},"output":{"chips":0}},
{"input":{"Win":0.0425531914893617,"Lose":0,"myCurrBet":0.04,"step":0.5,"position":0.5,"bluff":0,"handValue":0.30000009061,"percentBets_2":0.0425531914893617},"output":{"chips":0}},
{"input":{"Win":0,"Lose":0.03,"myCurrBet":0.005,"step":0,"position":0.5,"bluff":0,"percentBets_2":0.011111111111111112,"handValue":0.1009},"output":{"chips":1}},
{"input":{"Win":0,"Lose":0.03,"myCurrBet":0.03,"step":0.75,"position":0.5,"bluff":0,"handValue":0.10410000000000001,"percentBets_2":0.03333333333333333},"output":{"chips":0}},
{"input":{"Win":0,"Lose":0.03,"myCurrBet":0.02,"step":0.25,"position":0.5,"bluff":0,"handValue":0.1019,"percentBets_2":0.022222222222222223},"output":{"chips":1}},
{"input":{"Win":0,"Lose":0.03,"myCurrBet":0.03,"step":0.5,"position":0.5,"bluff":0,"handValue":0.1029,"percentBets_2":0.03333333333333333},"output":{"chips":0.5}},
{"input":{"Win":0,"Lose":0.06,"myCurrBet":0.02,"step":0.25,"position":0.5,"bluff":0,"handValue":0.10350000000000001,"percentBets_2":0.021505376344086023},"output":{"chips":1}},
{"input":{"Win":0,"Lose":0.06,"myCurrBet":0.005,"step":0,"position":0.5,"bluff":0,"percentBets_2":0.010752688172043012,"handValue":0.1017},"output":{"chips":1}},
{"input":{"Win":0,"Lose":0.06,"myCurrBet":0.03,"step":0.5,"position":0.5,"bluff":1,"handValue":0.1024,"percentBets_2":0.03225806451612903},"output":{"chips":1}},
{"input":{"Win":0,"Lose":0.06,"myCurrBet":0.06,"step":0.75,"position":0.5,"bluff":0,"handValue":0.300000110413,"percentBets_2":0.06451612903225806},"output":{"chips":0}},
