{"input":{"winLose":0.56,"step":0,"bluff":0,"handValue":0.5059671121377112},"output":{"chips":1}},
{"input":{"winLose":0.5,"step":0,"bluff":0,"handValue":1.4999027083239589},"output":{"chips":0}},
{"input":{"winLose":0.45098039215686275,"step":0,"bluff":0,"handValue":0.5094668846524976},"output":{"chips":0.5}},
{"input":{"winLose":0.4945652173913043,"step":0,"bluff":0,"handValue":0.5079669821461605},"output":{"chips":0.5}},
{"input":{"winLose":0.49725274725274726,"step":0,"bluff":0,"handValue":0.5079669821461605},"output":{"chips":0.5}},
{"input":{"winLose":0.494475138121547,"step":0.5,"bluff":0,"handValue":0.300000030313},"output":{"chips":0.25}},
{"input":{"winLose":0.5,"step":0,"bluff":0,"handValue":0.5069670471419359},"output":{"chips":0}},
{"input":{"winLose":0.49441340782122906,"step":0,"bluff":0,"handValue":0.5069670471419359},"output":{"chips":0.5}},
{"input":{"winLose":0.4971751412429379,"step":0,"bluff":0,"handValue":0.5089669171503852},"output":{"chips":0.5}},
{"input":{"winLose":0.5,"step":0,"bluff":0,"handValue":0.5089669171503852},"output":{"chips":0}},
{"input":{"winLose":0.5,"step":0,"bluff":0,"handValue":0.5034672746271494},"output":{"chips":0}},
{"input":{"winLose":0.5047169811320755,"step":0.25,"bluff":0,"handValue":0.300000010113},"output":{"chips":1}},
{"input":{"winLose":0.49722222222222223,"step":0,"bluff":0,"handValue":0.5109667871588347},"output":{"chips":0.5}},
{"input":{"winLose":0.4553072625698324,"step":0.25,"bluff":0,"handValue":0.1038},"output":{"chips":0.3333333333333333}},
{"input":{"winLose":0.5034324942791762,"step":0.5,"bluff":0,"handValue":0.300000131309},"output":{"chips":0.75}},
{"input":{"winLose":0.4879518072289157,"step":0,"bluff":0,"handValue":0.5054671446355987},"output":{"chips":0.5}},
{"input":{"winLose":0.49382716049382713,"step":0,"bluff":0,"handValue":0.5019673721208122},"output":{"chips":0.5}},
{"input":{"winLose":0.5068181818181818,"step":0,"bluff":0,"handValue":0.5024673396229246},"output":{"chips":1}},
{"input":{"winLose":0.5,"step":0,"bluff":0,"handValue":0.5049671771334864},"output":{"chips":0}},
{"input":{"winLose":0.4759036144578313,"step":0.75,"bluff":0,"handValue":0.300000131304},"output":{"chips":0.5}},
{"input":{"winLose":0.3860759493670886,"step":0,"bluff":0,"handValue":0.5039672421292616},"output":{"chips":0.6666666666666666}},
{"input":{"winLose":0.4180327868852459,"step":0,"bluff":0,"handValue":0.5069670471419359},"output":{"chips":0.5}},
{"input":{"winLose":0.3627450980392157,"step":0.25,"bluff":0,"handValue":0.10300000000000001},"output":{"chips":0.3333333333333333}},
{"input":{"winLose":0.47297297297297297,"step":0.25,"bluff":0,"handValue":0.1038},"output":{"chips":0.3333333333333333}},
{"input":{"winLose":0.4714285714285714,"step":0.75,"bluff":0,"handValue":0.300000050512},"output":{"chips":0.75}},
{"input":{"winLose":0.5299625468164794,"step":0,"bluff":0,"handValue":0.5049671771334864},"output":{"chips":0.75}},
{"input":{"winLose":0.5,"step":0,"bluff":0,"handValue":0.5049671771334864},"output":{"chips":0}},
{"input":{"winLose":0.19387755102040816,"step":0.25,"bluff":0,"handValue":0.300000131312},"output":{"chips":0.5}},
{"input":{"winLose":0.47368421052631576,"step":0,"bluff":0,"handValue":0.5029673071250369},"output":{"chips":0.5}},
{"input":{"winLose":0.5,"step":0,"bluff":0,"handValue":0.5084669496482729},"output":{"chips":0}},
{"input":{"winLose":0,"step":0.75,"bluff":0,"handValue":0.10600000000000001},"output":{"chips":1}},
