{"input":{"Win":0,"Lose":0.013333333333333334,"myCurrBet":0,"step":0,"position":0.75,"bluff":0,"percentBets_1":0.006666666666666667,"percentBets_2":0.013333333333333334,"handValue":0.600801},"output":{"chips":1}},
{"input":{"Win":0,"Lose":0.013333333333333334,"myCurrBet":0.006666666666666667,"step":0,"position":0.75,"bluff":0,"handValue":0.600801,"percentBets_4":0.02666666666666667,"percentBets_1":0.05333333333333334,"percentBets_2":0.05333333333333334},"output":{"chips":0.5}},
{"input":{"Win":0,"Lose":0.013333333333333334,"myCurrBet":0.013333333333333334,"step":0.25,"position":0.75,"bluff":0,"handValue":0.1037,"percentBets_4":0.05333333333333334,"percentBets_1":0.05333333333333334,"percentBets_2":0.05333333333333334},"output":{"chips":0.5}},
{"input":{"Win":0,"Lose":0.013333333333333334,"myCurrBet":0.013333333333333334,"step":0.5,"position":0.75,"bluff":0,"handValue":0.1043,"percentBets_4":0.05333333333333334,"percentBets_1":0.05333333333333334,"percentBets_2":0.05333333333333334},"output":{"chips":0.5}},
{"input":{"Win":0,"Lose":0.013333333333333334,"myCurrBet":0.013333333333333334,"step":0.75,"position":0.75,"bluff":0,"handValue":0.1056,"percentBets_4":0.05333333333333334,"percentBets_1":0.05333333333333334,"percentBets_2":0.05333333333333334},"output":{"chips":0.5}},
{"input":{"Win":0,"Lose":0.02,"myCurrBet":0.02,"step":0.25,"position":0.75,"bluff":0,"handValue":0.1023,"percentBets_4":0.08450704225352113,"percentBets_1":0.08450704225352113,"percentBets_2":0.06896551724137931},"output":{"chips":0.5}},
{"input":{"Win":0,"Lose":0.02,"myCurrBet":0,"step":0,"position":0.75,"bluff":0,"percentBets_1":0.007042253521126761,"percentBets_2":0.011494252873563218,"handValue":0.10110000000000001},"output":{"chips":1}},
{"input":{"Win":0,"Lose":0.02,"myCurrBet":0.02,"step":0.5,"position":0.75,"bluff":0,"handValue":0.10300000000000001,"percentBets_4":0.08450704225352113,"percentBets_1":0.08450704225352113,"percentBets_2":0.06896551724137931},"output":{"chips":0.5}},
{"input":{"Win":0,"Lose":0.02,"myCurrBet":0.006666666666666667,"step":0,"position":0.75,"bluff":0,"handValue":0.10110000000000001,"percentBets_4":0.04225352112676056,"percentBets_1":0.08450704225352113,"percentBets_2":0.06896551724137931},"output":{"chips":0.5}},
{"input":{"Win":0,"Lose":0.02,"myCurrBet":0.02,"step":0.75,"position":0.75,"bluff":0,"handValue":0.1029,"percentBets_4":0.08450704225352113,"percentBets_1":0.08450704225352113,"percentBets_2":0.06896551724137931},"output":{"chips":0.5}},
{"input":{"Win":0.10212765957446808,"Lose":0,"myCurrBet":0,"step":0,"position":0.75,"bluff":1,"percentBets_1":0.007692307692307693,"percentBets_2":0.012345679012345678,"handValue":0.6012069999999999},"output":{"chips":1}},
{"input":{"Win":0.10212765957446808,"Lose":0,"myCurrBet":0.02,"step":0.25,"position":0.75,"bluff":0,"handValue":0.10400000000000001,"percentBets_4":0.06741573033707865,"percentBets_1":0.09230769230769231,"percentBets_2":0.07407407407407407},"output":{"chips":0.5}},
{"input":{"Win":0.10212765957446808,"Lose":0,"myCurrBet":0.023333333333333334,"step":0.5,"position":0.75,"bluff":0,"handValue":0.1029,"percentBets_4":0.07865168539325842,"percentBets_1":0.12307692307692308,"percentBets_2":0.09876543209876543},"output":{"chips":0.5}},
{"input":{"Win":0.10212765957446808,"Lose":0,"myCurrBet":0.02666666666666667,"step":0.75,"position":0.75,"bluff":0,"handValue":0.1034,"percentBets_4":0.0898876404494382,"percentBets_1":0.12307692307692308,"percentBets_2":0.09876543209876543},"output":{"chips":0.5}},
{"input":{"Win":0.10212765957446808,"Lose":0,"myCurrBet":0.006666666666666667,"step":0,"position":0.75,"bluff":1,"handValue":0.6012069999999999,"percentBets_4":0.033707865168539325,"percentBets_1":0.09230769230769231,"percentBets_2":0.07407407407407407},"output":{"chips":0.5}},
{"input":{"Win":0.10212765957446808,"Lose":0,"myCurrBet":0.02,"step":0.5,"position":0.75,"bluff":1,"handValue":0.1029,"percentBets_4":0.06741573033707865,"percentBets_1":0.09230769230769231,"percentBets_2":0.07407407407407407},"output":{"chips":1}},
{"input":{"Win":0,"Lose":0,"myCurrBet":0,"step":0,"position":0.75,"bluff":0,"percentBets_1":0.008771929824561403,"percentBets_2":0.0136986301369863,"handValue":0.10060000000000001},"output":{"chips":1}},
{"input":{"Win":0,"Lose":0,"myCurrBet":0.006666666666666667,"step":0,"position":0.75,"bluff":0,"handValue":0.10060000000000001,"percentBets_4":0.024691358024691357,"percentBets_1":0.07017543859649122,"percentBets_2":0.0547945205479452},"output":{"chips":0.5}},
{"input":{"Win":0,"Lose":0,"myCurrBet":0.013333333333333334,"step":0,"position":0.75,"bluff":0,"handValue":0.10060000000000001,"percentBets_4":0.06172839506172839,"percentBets_1":0.17543859649122806,"percentBets_2":0.136986301369863},"output":{"chips":0}},
{"input":{"Win":0,"Lose":0.04,"myCurrBet":0,"step":0,"position":0.75,"bluff":0,"percentBets_1":0.006578947368421052,"percentBets_2":0.015873015873015872,"handValue":0.1015},"output":{"chips":1}},
{"input":{"Win":0,"Lose":0.04,"myCurrBet":0.006666666666666667,"step":0,"position":0.75,"bluff":0,"handValue":0.1015,"percentBets_4":0.02631578947368421,"percentBets_1":0.05263157894736842,"percentBets_2":0.06349206349206349},"output":{"chips":0.5}},
{"input":{"Win":0,"Lose":0.04,"myCurrBet":0.013333333333333334,"step":0.25,"position":0.75,"bluff":0,"handValue":0.10200000000000001,"percentBets_4":0.05263157894736842,"percentBets_1":0.05263157894736842,"percentBets_2":0.06349206349206349},"output":{"chips":0.5}},
{"input":{"Win":0,"Lose":0.04,"myCurrBet":0.013333333333333334,"step":0.25,"position":0.75,"bluff":0,"handValue":0.10200000000000001,"percentBets_4":0.06578947368421052,"percentBets_1":0.07894736842105263,"percentBets_2":0.09523809523809523},"output":{"chips":0.5}},
{"input":{"Win":0,"Lose":0.04,"myCurrBet":0.02,"step":0.5,"position":0.75,"bluff":0,"handValue":0.1032,"percentBets_4":0.07894736842105263,"percentBets_1":0.07894736842105263,"percentBets_2":0.09523809523809523},"output":{"chips":0.5}},
{"input":{"Win":0,"Lose":0.04,"myCurrBet":0.02666666666666667,"step":0.75,"position":0.75,"bluff":0,"handValue":0.10400000000000001,"percentBets_4":0.10526315789473684,"percentBets_1":0.10526315789473684,"percentBets_2":0.12698412698412698},"output":{"chips":0.5}},
{"input":{"Win":0,"Lose":0.04,"myCurrBet":0.02,"step":0.5,"position":0.75,"bluff":0,"handValue":0.1032,"percentBets_4":0.09210526315789473,"percentBets_1":0.10526315789473684,"percentBets_2":0.12698412698412698},"output":{"chips":0.5}},
{"input":{"Win":0,"Lose":0,"myCurrBet":0,"step":0,"position":0.75,"bluff":1,"percentBets_1":0.005,"percentBets_2":0.01818181818181818,"handValue":0.500000000003},"output":{"chips":1}},
{"input":{"Win":0,"Lose":0,"myCurrBet":0.006666666666666667,"step":0,"position":0.75,"bluff":0,"handValue":0.500000000003,"percentBets_4":0.029411764705882353,"percentBets_1":0.04,"percentBets_2":0.07272727272727272},"output":{"chips":0.5}},
{"input":{"Win":0,"Lose":0,"myCurrBet":0.013333333333333334,"step":0.25,"position":0.75,"bluff":0,"handValue":0.10250000000000001,"percentBets_4":0.058823529411764705,"percentBets_1":0.04,"percentBets_2":0.07272727272727272},"output":{"chips":0.5}},
{"input":{"Win":0,"Lose":0,"myCurrBet":0.013333333333333334,"step":0.5,"position":0.75,"bluff":1,"handValue":0.10210000000000001,"percentBets_4":0.058823529411764705,"percentBets_1":0.04,"percentBets_2":0.07272727272727272},"output":{"chips":0.5}},
{"input":{"Win":0,"Lose":0,"myCurrBet":0.013333333333333334,"step":0.75,"position":0.75,"bluff":1,"handValue":0.300000110406,"percentBets_4":0.058823529411764705,"percentBets_1":0.04,"percentBets_2":0.07272727272727272},"output":{"chips":1}},
{"input":{"Win":0,"Lose":0,"myCurrBet":0.016666666666666666,"step":0.75,"position":0.75,"bluff":0,"handValue":0.300000110406,"percentBets_4":0.07352941176470588,"percentBets_1":0.06,"percentBets_2":0.10909090909090909},"output":{"chips":0.5}},
{"input":{"Win":0,"Lose":0,"myCurrBet":0.02,"step":0.75,"position":0.75,"bluff":0,"handValue":0.300000110406,"percentBets_4":0.10294117647058823,"percentBets_1":0.1,"percentBets_2":0.18181818181818182},"output":{"chips":0}},
{"input":{"Win":0.026905829596412557,"Lose":0,"myCurrBet":0,"step":0,"position":0.75,"bluff":0,"percentBets_1":0.003968253968253968,"percentBets_2":0.022222222222222223,"handValue":0.1022},"output":{"chips":1}},
{"input":{"Win":0.026905829596412557,"Lose":0,"myCurrBet":0.006666666666666667,"step":0,"position":0.75,"bluff":0,"handValue":0.1022,"percentBets_4":0.034482758620689655,"percentBets_1":0.031746031746031744,"percentBets_2":0.08888888888888889},"output":{"chips":0.5}},
{"input":{"Win":0.026905829596412557,"Lose":0,"myCurrBet":0.013333333333333334,"step":0.5,"position":0.75,"bluff":1,"handValue":0.30000012110999996,"percentBets_4":0.06896551724137931,"percentBets_1":0.031746031746031744,"percentBets_2":0.08888888888888889},"output":{"chips":0.5}},
{"input":{"Win":0.026905829596412557,"Lose":0,"myCurrBet":0.013333333333333334,"step":0.75,"position":0.75,"bluff":0,"handValue":0.30000012110999996,"percentBets_4":0.06896551724137931,"percentBets_1":0.031746031746031744,"percentBets_2":0.08888888888888889},"output":{"chips":0.5}},
{"input":{"Win":0.026905829596412557,"Lose":0,"myCurrBet":0.013333333333333334,"step":0.25,"position":0.75,"bluff":0,"handValue":0.30000012110999996,"percentBets_4":0.06896551724137931,"percentBets_1":0.031746031746031744,"percentBets_2":0.08888888888888889},"output":{"chips":0.5}},
{"input":{"Win":0,"Lose":0.013333333333333334,"myCurrBet":0,"step":0,"position":0.75,"bluff":1,"percentBets_1":0.004098360655737705,"percentBets_2":0.024390243902439025,"handValue":0.601104},"output":{"chips":1}},
{"input":{"Win":0,"Lose":0.013333333333333334,"myCurrBet":0.013333333333333334,"step":0.5,"position":0.75,"bluff":0,"handValue":0.10200000000000001,"percentBets_4":0.07407407407407407,"percentBets_1":0.03278688524590164,"percentBets_2":0.0975609756097561},"output":{"chips":0.5}},
{"input":{"Win":0,"Lose":0.013333333333333334,"myCurrBet":0.006666666666666667,"step":0,"position":0.75,"bluff":0,"handValue":0.601104,"percentBets_4":0.037037037037037035,"percentBets_1":0.03278688524590164,"percentBets_2":0.0975609756097561},"output":{"chips":0.5}},
{"input":{"Win":0,"Lose":0.013333333333333334,"myCurrBet":0.013333333333333334,"step":0.25,"position":0.75,"bluff":1,"handValue":0.1018,"percentBets_4":0.07407407407407407,"percentBets_1":0.03278688524590164,"percentBets_2":0.0975609756097561},"output":{"chips":0.5}},
{"input":{"Win":0,"Lose":0.013333333333333334,"myCurrBet":0.013333333333333334,"step":0.75,"position":0.75,"bluff":0,"handValue":0.1032,"percentBets_4":0.07407407407407407,"percentBets_1":0.03278688524590164,"percentBets_2":0.0975609756097561},"output":{"chips":0.5}},
{"input":{"Win":0,"Lose":0.013333333333333334,"myCurrBet":0,"step":0,"position":0.75,"bluff":0,"percentBets_1":0.00423728813559322,"percentBets_2":0.02702702702702703,"handValue":0.1014},"output":{"chips":1}},
{"input":{"Win":0,"Lose":0.013333333333333334,"myCurrBet":0.013333333333333334,"step":0.25,"position":0.75,"bluff":1,"handValue":0.10450000000000001,"percentBets_4":0.06060606060606061,"percentBets_1":0.03389830508474576,"percentBets_2":0.10810810810810811},"output":{"chips":0.5}},
{"input":{"Win":0,"Lose":0.013333333333333334,"myCurrBet":0.006666666666666667,"step":0,"position":0.75,"bluff":0,"handValue":0.1014,"percentBets_4":0.030303030303030304,"percentBets_1":0.03389830508474576,"percentBets_2":0.10810810810810811},"output":{"chips":0.5}},
{"input":{"Win":0,"Lose":0.013333333333333334,"myCurrBet":0.013333333333333334,"step":0.75,"position":0.75,"bluff":0,"handValue":0.10360000000000001,"percentBets_4":0.06060606060606061,"percentBets_1":0.03389830508474576,"percentBets_2":0.10810810810810811},"output":{"chips":0.5}},
{"input":{"Win":0,"Lose":0.013333333333333334,"myCurrBet":0.013333333333333334,"step":0.5,"position":0.75,"bluff":0,"handValue":0.1034,"percentBets_4":0.06060606060606061,"percentBets_1":0.03389830508474576,"percentBets_2":0.10810810810810811},"output":{"chips":0.5}},
{"input":{"Win":0,"Lose":0.02,"myCurrBet":0,"step":0,"position":0.75,"bluff":0,"percentBets_1":0.0043859649122807015,"percentBets_2":0.030303030303030304,"handValue":0.1018},"output":{"chips":1}},
{"input":{"Win":0,"Lose":0.02,"myCurrBet":0.02,"step":0.5,"position":0.75,"bluff":0,"handValue":0.1023,"percentBets_4":0.07692307692307693,"percentBets_1":0.05263157894736842,"percentBets_2":0.18181818181818182},"output":{"chips":0.5}},
{"input":{"Win":0,"Lose":0.02,"myCurrBet":0.02,"step":0.75,"position":0.75,"bluff":0,"handValue":0.1033,"percentBets_4":0.07692307692307693,"percentBets_1":0.05263157894736842,"percentBets_2":0.18181818181818182},"output":{"chips":0.5}},
{"input":{"Win":0,"Lose":0.02,"myCurrBet":0.006666666666666667,"step":0,"position":0.75,"bluff":0,"handValue":0.1018,"percentBets_4":0.038461538461538464,"percentBets_1":0.05263157894736842,"percentBets_2":0.18181818181818182},"output":{"chips":0.5}},
{"input":{"Win":0,"Lose":0.02,"myCurrBet":0.02,"step":0.25,"position":0.75,"bluff":0,"handValue":0.1022,"percentBets_4":0.07692307692307693,"percentBets_1":0.05263157894736842,"percentBets_2":0.18181818181818182},"output":{"chips":0.5}},
{"input":{"Win":0,"Lose":0.02,"myCurrBet":0,"step":0,"position":0.75,"bluff":0,"percentBets_1":0.003787878787878788,"percentBets_2":0.037037037037037035,"handValue":0.6007009999999999},"output":{"chips":1}},
{"input":{"Win":0,"Lose":0.02,"myCurrBet":0.006666666666666667,"step":0,"position":0.75,"bluff":0,"handValue":0.6007009999999999,"percentBets_4":0.041666666666666664,"percentBets_1":0.045454545454545456,"percentBets_2":0.2222222222222222},"output":{"chips":0.5}},
{"input":{"Win":0,"Lose":0.02,"myCurrBet":0.02,"step":0.5,"position":0.75,"bluff":0,"handValue":0.10400000000000001,"percentBets_4":0.08333333333333333,"percentBets_1":0.045454545454545456,"percentBets_2":0.2222222222222222},"output":{"chips":0.5}},
{"input":{"Win":0,"Lose":0.02,"myCurrBet":0.02,"step":0.25,"position":0.75,"bluff":0,"handValue":0.10360000000000001,"percentBets_4":0.08333333333333333,"percentBets_1":0.045454545454545456,"percentBets_2":0.2222222222222222},"output":{"chips":0.5}},
{"input":{"Win":0,"Lose":0.02,"myCurrBet":0.02,"step":0.75,"position":0.75,"bluff":0,"handValue":0.10300000000000001,"percentBets_4":0.08333333333333333,"percentBets_1":0.045454545454545456,"percentBets_2":0.2222222222222222},"output":{"chips":0.5}},
{"input":{"Win":0,"Lose":0.013333333333333334,"myCurrBet":0.006666666666666667,"step":0,"position":0.75,"bluff":0,"handValue":0.1017,"percentBets_4":0.022222222222222223,"percentBets_1":0.031746031746031744,"percentBets_2":0.19047619047619047},"output":{"chips":0.5}},
{"input":{"Win":0,"Lose":0.013333333333333334,"myCurrBet":0,"step":0,"position":0.75,"bluff":0,"percentBets_1":0.003968253968253968,"percentBets_2":0.047619047619047616,"handValue":0.1017},"output":{"chips":1}},
{"input":{"Win":0,"Lose":0.013333333333333334,"myCurrBet":0.013333333333333334,"step":0.25,"position":0.75,"bluff":1,"handValue":0.1046,"percentBets_4":0.044444444444444446,"percentBets_1":0.031746031746031744,"percentBets_2":0.19047619047619047},"output":{"chips":0.5}},
{"input":{"Win":0,"Lose":0.013333333333333334,"myCurrBet":0.013333333333333334,"step":0.5,"position":0.75,"bluff":0,"handValue":0.1058,"percentBets_4":0.044444444444444446,"percentBets_1":0.031746031746031744,"percentBets_2":0.19047619047619047},"output":{"chips":0.5}},
{"input":{"Win":0,"Lose":0.013333333333333334,"myCurrBet":0.013333333333333334,"step":0.75,"position":0.75,"bluff":0,"handValue":0.10450000000000001,"percentBets_4":0.044444444444444446,"percentBets_1":0.031746031746031744,"percentBets_2":0.19047619047619047},"output":{"chips":0.5}},
{"input":{"Win":0.07468879668049792,"Lose":0,"myCurrBet":0.013333333333333334,"step":0.25,"position":0.75,"bluff":0,"handValue":0.10490000000000001,"percentBets_4":0.046511627906976744,"percentBets_1":0.03278688524590164,"percentBets_2":0.12121212121212122},"output":{"chips":0.5}},
{"input":{"Win":0.07468879668049792,"Lose":0,"myCurrBet":0.006666666666666667,"step":0,"position":0.75,"bluff":0,"handValue":0.60131,"percentBets_4":0.023255813953488372,"percentBets_1":0.03278688524590164,"percentBets_2":0.12121212121212122},"output":{"chips":0.5}},
{"input":{"Win":0.07468879668049792,"Lose":0,"myCurrBet":0.013333333333333334,"step":0.5,"position":0.75,"bluff":0,"handValue":0.1046,"percentBets_4":0.046511627906976744,"percentBets_1":0.03278688524590164,"percentBets_2":0.12121212121212122},"output":{"chips":0.5}},
{"input":{"Win":0.07468879668049792,"Lose":0,"myCurrBet":0.013333333333333334,"step":0.75,"position":0.75,"bluff":0,"handValue":0.1048,"percentBets_4":0.046511627906976744,"percentBets_1":0.03278688524590164,"percentBets_2":0.12121212121212122},"output":{"chips":0.5}},
{"input":{"Win":0.07468879668049792,"Lose":0,"myCurrBet":0.013333333333333334,"step":0.75,"position":0.75,"bluff":0,"handValue":0.1048,"percentBets_4":0.05813953488372093,"percentBets_1":0.04918032786885246,"percentBets_2":0.18181818181818182},"output":{"chips":0.5}},
{"input":{"Win":0.07468879668049792,"Lose":0,"myCurrBet":0,"step":0,"position":0.75,"bluff":0,"percentBets_1":0.004098360655737705,"percentBets_2":0.030303030303030304,"handValue":0.60131},"output":{"chips":1}},
{"input":{"Win":0,"Lose":0.013333333333333334,"myCurrBet":0,"step":0,"position":0.75,"bluff":0,"percentBets_1":0.004310344827586207,"percentBets_2":0.037037037037037035,"handValue":0.101},"output":{"chips":1}},
{"input":{"Win":0,"Lose":0.013333333333333334,"myCurrBet":0.006666666666666667,"step":0,"position":0.75,"bluff":0,"handValue":0.101,"percentBets_4":0.025,"percentBets_1":0.034482758620689655,"percentBets_2":0.14814814814814814},"output":{"chips":0.5}},
{"input":{"Win":0,"Lose":0.013333333333333334,"myCurrBet":0.013333333333333334,"step":0.75,"position":0.75,"bluff":0,"handValue":0.1052,"percentBets_4":0.05,"percentBets_1":0.034482758620689655,"percentBets_2":0.14814814814814814},"output":{"chips":0.5}},
{"input":{"Win":0,"Lose":0.013333333333333334,"myCurrBet":0.013333333333333334,"step":0.25,"position":0.75,"bluff":0,"handValue":0.1033,"percentBets_4":0.05,"percentBets_1":0.034482758620689655,"percentBets_2":0.14814814814814814},"output":{"chips":0.5}},
{"input":{"Win":0,"Lose":0.013333333333333334,"myCurrBet":0.013333333333333334,"step":0.5,"position":0.75,"bluff":0,"handValue":0.1039,"percentBets_4":0.05,"percentBets_1":0.034482758620689655,"percentBets_2":0.14814814814814814},"output":{"chips":0.5}},
{"input":{"Win":0,"Lose":0.02,"myCurrBet":0,"step":0,"position":0.75,"bluff":0,"percentBets_1":0.004464285714285714,"percentBets_2":0.02564102564102564,"handValue":0.1019},"output":{"chips":1}},
{"input":{"Win":0,"Lose":0.02,"myCurrBet":0.006666666666666667,"step":0,"position":0.75,"bluff":0,"handValue":0.1019,"percentBets_4":0.02631578947368421,"percentBets_1":0.03571428571428571,"percentBets_2":0.10256410256410256},"output":{"chips":0.5}},
{"input":{"Win":0,"Lose":0.02,"myCurrBet":0.013333333333333334,"step":0.25,"position":0.75,"bluff":0,"handValue":0.1037,"percentBets_4":0.05263157894736842,"percentBets_1":0.03571428571428571,"percentBets_2":0.10256410256410256},"output":{"chips":0.5}},
{"input":{"Win":0,"Lose":0.02,"myCurrBet":0.013333333333333334,"step":0.5,"position":0.75,"bluff":0,"handValue":0.1046,"percentBets_4":0.06578947368421052,"percentBets_1":0.05357142857142857,"percentBets_2":0.15384615384615385},"output":{"chips":0.5}},
{"input":{"Win":0,"Lose":0.02,"myCurrBet":0.013333333333333334,"step":0.5,"position":0.75,"bluff":0,"handValue":0.1046,"percentBets_4":0.05263157894736842,"percentBets_1":0.03571428571428571,"percentBets_2":0.10256410256410256},"output":{"chips":0.5}},
{"input":{"Win":0,"Lose":0.02,"myCurrBet":0.02,"step":0.75,"position":0.75,"bluff":0,"handValue":0.1033,"percentBets_4":0.07894736842105263,"percentBets_1":0.05357142857142857,"percentBets_2":0.15384615384615385},"output":{"chips":0.5}},
{"input":{"Win":0,"Lose":0.04,"myCurrBet":0,"step":0,"position":0.75,"bluff":0,"percentBets_1":0.009433962264150943,"percentBets_2":0.06060606060606061,"handValue":0.60131},"output":{"chips":1}},
{"input":{"Win":0,"Lose":0.04,"myCurrBet":0.013333333333333334,"step":0,"position":0.75,"bluff":1,"handValue":0.60131,"percentBets_4":0.0425531914893617,"percentBets_1":0.07547169811320754,"percentBets_2":0.24242424242424243},"output":{"chips":0.5}},
{"input":{"Win":0,"Lose":0.04,"myCurrBet":0.02666666666666667,"step":0.25,"position":0.75,"bluff":1,"handValue":0.10360000000000001,"percentBets_4":0.0851063829787234,"percentBets_1":0.07547169811320754,"percentBets_2":0.24242424242424243},"output":{"chips":1}},
{"input":{"Win":0,"Lose":0.04,"myCurrBet":0.03333333333333333,"step":0.25,"position":0.75,"bluff":0,"handValue":0.10360000000000001,"percentBets_4":0.10638297872340426,"percentBets_1":0.11320754716981132,"percentBets_2":0.36363636363636365},"output":{"chips":0.5}},
{"input":{"Win":0,"Lose":0.04,"myCurrBet":0.04,"step":0.5,"position":0.75,"bluff":0,"handValue":0.10410000000000001,"percentBets_4":0.1276595744680851,"percentBets_1":0.11320754716981132,"percentBets_2":0.36363636363636365},"output":{"chips":0.5}},
{"input":{"Win":0,"Lose":0.04,"myCurrBet":0.04,"step":0.75,"position":0.75,"bluff":0,"handValue":0.10360000000000001,"percentBets_4":0.1276595744680851,"percentBets_1":0.11320754716981132,"percentBets_2":0.36363636363636365},"output":{"chips":0.5}},
{"input":{"Win":0,"Lose":0.02666666666666667,"myCurrBet":0,"step":0,"position":0.75,"bluff":0,"percentBets_1":0.010638297872340425,"percentBets_2":0.09523809523809523,"handValue":0.6007049999999999},"output":{"chips":0.5}},
{"input":{"Win":0,"Lose":0.02666666666666667,"myCurrBet":0.006666666666666667,"step":0,"position":0.75,"bluff":0,"handValue":0.6007049999999999,"percentBets_4":0.015384615384615385,"percentBets_1":0.0425531914893617,"percentBets_2":0.19047619047619047},"output":{"chips":0.5}},
{"input":{"Win":0,"Lose":0.02666666666666667,"myCurrBet":0.013333333333333334,"step":0.5,"position":0.75,"bluff":0,"handValue":0.10410000000000001,"percentBets_4":0.03076923076923077,"percentBets_1":0.0425531914893617,"percentBets_2":0.19047619047619047},"output":{"chips":0.5}},
{"input":{"Win":0,"Lose":0.02666666666666667,"myCurrBet":0.013333333333333334,"step":0.25,"position":0.75,"bluff":0,"handValue":0.10400000000000001,"percentBets_4":0.03076923076923077,"percentBets_1":0.0425531914893617,"percentBets_2":0.19047619047619047},"output":{"chips":0.5}},
{"input":{"Win":0,"Lose":0.02666666666666667,"myCurrBet":0.013333333333333334,"step":0.75,"position":0.75,"bluff":0,"handValue":0.10360000000000001,"percentBets_4":0.046153846153846156,"percentBets_1":0.0851063829787234,"percentBets_2":0.38095238095238093},"output":{"chips":0.5}},
{"input":{"Win":0,"Lose":0.02666666666666667,"myCurrBet":0.013333333333333334,"step":0.75,"position":0.75,"bluff":0,"handValue":0.10360000000000001,"percentBets_4":0.03076923076923077,"percentBets_1":0.0425531914893617,"percentBets_2":0.19047619047619047},"output":{"chips":0.5}},
{"input":{"Win":0,"Lose":0.02666666666666667,"myCurrBet":0,"step":0,"position":0.75,"bluff":0,"percentBets_1":0.011627906976744186,"percentBets_2":0.044444444444444446,"handValue":0.500000000009},"output":{"chips":1}},
{"input":{"Win":0,"Lose":0.02666666666666667,"myCurrBet":0.013333333333333334,"step":0,"position":0.75,"bluff":1,"handValue":0.500000000009,"percentBets_4":0.03278688524590164,"percentBets_1":0.09302325581395349,"percentBets_2":0.17777777777777778},"output":{"chips":0.5}},
{"input":{"Win":0,"Lose":0.02666666666666667,"myCurrBet":0.02666666666666667,"step":0.25,"position":0.75,"bluff":0,"handValue":0.10250000000000001,"percentBets_4":0.06557377049180328,"percentBets_1":0.09302325581395349,"percentBets_2":0.17777777777777778},"output":{"chips":0.5}},
{"input":{"Win":0,"Lose":0.02666666666666667,"myCurrBet":0.02666666666666667,"step":0.75,"position":0.75,"bluff":0,"handValue":0.1034,"percentBets_4":0.06557377049180328,"percentBets_1":0.09302325581395349,"percentBets_2":0.17777777777777778},"output":{"chips":0.5}},
{"input":{"Win":0,"Lose":0.02666666666666667,"myCurrBet":0.02666666666666667,"step":0.5,"position":0.75,"bluff":0,"handValue":0.1024,"percentBets_4":0.06557377049180328,"percentBets_1":0.09302325581395349,"percentBets_2":0.17777777777777778},"output":{"chips":0.5}},
{"input":{"Win":0,"Lose":0.02666666666666667,"myCurrBet":0.013333333333333334,"step":0,"position":0.75,"bluff":0,"handValue":0.1015,"percentBets_4":0.0273972602739726,"percentBets_1":0.10256410256410256,"percentBets_2":0.21621621621621623},"output":{"chips":0.5}},
{"input":{"Win":0,"Lose":0.02666666666666667,"myCurrBet":0.02666666666666667,"step":0.25,"position":0.75,"bluff":0,"handValue":0.1023,"percentBets_4":0.0547945205479452,"percentBets_1":0.10256410256410256,"percentBets_2":0.21621621621621623},"output":{"chips":0.5}},
{"input":{"Win":0,"Lose":0.02666666666666667,"myCurrBet":0,"step":0,"position":0.75,"bluff":0,"percentBets_1":0.01282051282051282,"percentBets_2":0.05405405405405406,"handValue":0.1015},"output":{"chips":1}},
{"input":{"Win":0,"Lose":0.02666666666666667,"myCurrBet":0.02666666666666667,"step":0.5,"position":0.75,"bluff":0,"handValue":0.1027,"percentBets_4":0.0547945205479452,"percentBets_1":0.10256410256410256,"percentBets_2":0.21621621621621623},"output":{"chips":0.5}},
{"input":{"Win":0,"Lose":0.02666666666666667,"myCurrBet":0.02666666666666667,"step":0.75,"position":0.75,"bluff":0,"handValue":0.1037,"percentBets_4":0.0547945205479452,"percentBets_1":0.10256410256410256,"percentBets_2":0.21621621621621623},"output":{"chips":0.5}},
{"input":{"Win":0.04460966542750929,"Lose":0,"myCurrBet":0,"step":0,"position":0.75,"bluff":1,"percentBets_1":0.00980392156862745,"percentBets_2":0.06896551724137931,"handValue":0.1017},"output":{"chips":0.5}},
{"input":{"Win":0.04460966542750929,"Lose":0,"myCurrBet":0.006666666666666667,"step":0,"position":0.75,"bluff":0,"handValue":0.1017,"percentBets_4":0.014492753623188406,"percentBets_1":0.0392156862745098,"percentBets_2":0.13793103448275862},"output":{"chips":0.5}},
{"input":{"Win":0.04460966542750929,"Lose":0,"myCurrBet":0.013333333333333334,"step":0.25,"position":0.75,"bluff":0,"handValue":0.1044,"percentBets_4":0.028985507246376812,"percentBets_1":0.0392156862745098,"percentBets_2":0.13793103448275862},"output":{"chips":0.5}},
{"input":{"Win":0.04460966542750929,"Lose":0,"myCurrBet":0.013333333333333334,"step":0.5,"position":0.75,"bluff":1,"handValue":0.1047,"percentBets_4":0.028985507246376812,"percentBets_1":0.0392156862745098,"percentBets_2":0.13793103448275862},"output":{"chips":0.5}},
{"input":{"Win":0.04460966542750929,"Lose":0,"myCurrBet":0.013333333333333334,"step":0.75,"position":0.75,"bluff":0,"handValue":0.10400000000000001,"percentBets_4":0.028985507246376812,"percentBets_1":0.0392156862745098,"percentBets_2":0.13793103448275862},"output":{"chips":0.5}},
{"input":{"Win":0.04669260700389105,"Lose":0,"myCurrBet":0.006666666666666667,"step":0,"position":0.75,"bluff":1,"handValue":0.1013,"percentBets_4":0.014925373134328358,"percentBets_1":0.04081632653061224,"percentBets_2":0.16},"output":{"chips":0.5}},
{"input":{"Win":0.04669260700389105,"Lose":0,"myCurrBet":0.013333333333333334,"step":0.5,"position":0.75,"bluff":0,"handValue":0.10310000000000001,"percentBets_4":0.029850746268656716,"percentBets_1":0.04081632653061224,"percentBets_2":0.16},"output":{"chips":0.5}},
{"input":{"Win":0.04669260700389105,"Lose":0,"myCurrBet":0.013333333333333334,"step":0.25,"position":0.75,"bluff":0,"handValue":0.10300000000000001,"percentBets_4":0.029850746268656716,"percentBets_1":0.04081632653061224,"percentBets_2":0.16},"output":{"chips":0.5}},
{"input":{"Win":0.04669260700389105,"Lose":0,"myCurrBet":0,"step":0,"position":0.75,"bluff":0,"percentBets_1":0.01020408163265306,"percentBets_2":0.08,"handValue":0.1013},"output":{"chips":0.5}},
{"input":{"Win":0.04669260700389105,"Lose":0,"myCurrBet":0.013333333333333334,"step":0.75,"position":0.75,"bluff":1,"handValue":0.10350000000000001,"percentBets_4":0.029850746268656716,"percentBets_1":0.04081632653061224,"percentBets_2":0.16},"output":{"chips":1}},
{"input":{"Win":0.04897959183673469,"Lose":0,"myCurrBet":0,"step":0,"position":0.75,"bluff":0,"percentBets_1":0.010638297872340425,"percentBets_2":0.09523809523809523,"handValue":0.10120000000000001},"output":{"chips":0.5}},
{"input":{"Win":0.04897959183673469,"Lose":0,"myCurrBet":0.013333333333333334,"step":0.25,"position":0.75,"bluff":0,"handValue":0.10410000000000001,"percentBets_4":0.03076923076923077,"percentBets_1":0.0425531914893617,"percentBets_2":0.19047619047619047},"output":{"chips":0.5}},
{"input":{"Win":0.04897959183673469,"Lose":0,"myCurrBet":0.006666666666666667,"step":0,"position":0.75,"bluff":1,"handValue":0.10120000000000001,"percentBets_4":0.015384615384615385,"percentBets_1":0.0425531914893617,"percentBets_2":0.19047619047619047},"output":{"chips":0.5}},
{"input":{"Win":0.04897959183673469,"Lose":0,"myCurrBet":0.013333333333333334,"step":0.5,"position":0.75,"bluff":0,"handValue":0.601310060401,"percentBets_4":0.03076923076923077,"percentBets_1":0.0425531914893617,"percentBets_2":0.19047619047619047},"output":{"chips":0}},
{"input":{"Win":0.04897959183673469,"Lose":0,"myCurrBet":0.013333333333333334,"step":0.5,"position":0.75,"bluff":0,"handValue":0.601310060401,"percentBets_4":0.03076923076923077,"percentBets_1":0.0425531914893617,"percentBets_2":0.19047619047619047},"output":{"chips":0}},
{"input":{"Win":0,"Lose":0.02666666666666667,"myCurrBet":0,"step":0,"position":0.75,"bluff":1,"percentBets_1":0.011111111111111112,"percentBets_2":0.11764705882352941,"handValue":0.6013069999999999},"output":{"chips":0.5}},
{"input":{"Win":0,"Lose":0.02666666666666667,"myCurrBet":0.013333333333333334,"step":0.25,"position":0.75,"bluff":1,"handValue":0.10490000000000001,"percentBets_4":0.031746031746031744,"percentBets_1":0.044444444444444446,"percentBets_2":0.23529411764705882},"output":{"chips":0.5}},
{"input":{"Win":0,"Lose":0.02666666666666667,"myCurrBet":0.006666666666666667,"step":0,"position":0.75,"bluff":0,"handValue":0.6013069999999999,"percentBets_4":0.015873015873015872,"percentBets_1":0.044444444444444446,"percentBets_2":0.23529411764705882},"output":{"chips":0.5}},
{"input":{"Win":0,"Lose":0.02666666666666667,"myCurrBet":0.02666666666666667,"step":0.75,"position":0.75,"bluff":0,"handValue":0.1037,"percentBets_4":0.06349206349206349,"percentBets_1":0.08888888888888889,"percentBets_2":0.47058823529411764},"output":{"chips":0.5}},
{"input":{"Win":0,"Lose":0.02666666666666667,"myCurrBet":0.013333333333333334,"step":0.5,"position":0.75,"bluff":0,"handValue":0.10500000000000001,"percentBets_4":0.047619047619047616,"percentBets_1":0.08888888888888889,"percentBets_2":0.47058823529411764},"output":{"chips":0.5}},
{"input":{"Win":0,"Lose":0.02666666666666667,"myCurrBet":0.013333333333333334,"step":0.5,"position":0.75,"bluff":1,"handValue":0.10500000000000001,"percentBets_4":0.031746031746031744,"percentBets_1":0.044444444444444446,"percentBets_2":0.23529411764705882},"output":{"chips":0.5}},
{"input":{"Win":0,"Lose":0.013333333333333334,"myCurrBet":0,"step":0,"position":0.75,"bluff":0,"percentBets_1":0.012195121951219513,"percentBets_2":0.2222222222222222,"handValue":0.1015},"output":{"chips":0.5}},
{"input":{"Win":0,"Lose":0.013333333333333334,"myCurrBet":0.013333333333333334,"step":0.25,"position":0.75,"bluff":0,"handValue":0.10110000000000001,"percentBets_4":0.02666666666666667,"percentBets_1":0.04878048780487805,"percentBets_2":0.4444444444444444},"output":{"chips":0.5}},
{"input":{"Win":0,"Lose":0.013333333333333334,"myCurrBet":0.006666666666666667,"step":0,"position":0.75,"bluff":0,"handValue":0.1015,"percentBets_4":0.013333333333333334,"percentBets_1":0.04878048780487805,"percentBets_2":0.4444444444444444},"output":{"chips":0.5}},
{"input":{"Win":0,"Lose":0.013333333333333334,"myCurrBet":0.013333333333333334,"step":0.75,"position":0.75,"bluff":1,"handValue":0.1027,"percentBets_4":0.02666666666666667,"percentBets_1":0.04878048780487805,"percentBets_2":0.4444444444444444},"output":{"chips":0.5}},
{"input":{"Win":0,"Lose":0.013333333333333334,"myCurrBet":0.013333333333333334,"step":0.5,"position":0.75,"bluff":0,"handValue":0.10200000000000001,"percentBets_4":0.02666666666666667,"percentBets_1":0.04878048780487805,"percentBets_2":0.4444444444444444},"output":{"chips":0.5}},
{"input":{"Win":0,"Lose":0.013333333333333334,"myCurrBet":0,"step":0,"position":0.75,"bluff":0,"percentBets_1":0.01282051282051282,"percentBets_2":0.09523809523809523,"handValue":0.500000000005},"output":{"chips":0.5}},
{"input":{"Win":0,"Lose":0.013333333333333334,"myCurrBet":0.006666666666666667,"step":0,"position":0.75,"bluff":0,"handValue":0.500000000005,"percentBets_4":0.0136986301369863,"percentBets_1":0.05128205128205128,"percentBets_2":0.19047619047619047},"output":{"chips":0.5}},
{"input":{"Win":0,"Lose":0.013333333333333334,"myCurrBet":0.013333333333333334,"step":0.5,"position":0.75,"bluff":0,"handValue":0.1039,"percentBets_4":0.0273972602739726,"percentBets_1":0.05128205128205128,"percentBets_2":0.19047619047619047},"output":{"chips":0.5}},
{"input":{"Win":0,"Lose":0.013333333333333334,"myCurrBet":0.013333333333333334,"step":0.25,"position":0.75,"bluff":0,"handValue":0.1027,"percentBets_4":0.0273972602739726,"percentBets_1":0.05128205128205128,"percentBets_2":0.19047619047619047},"output":{"chips":0.5}},
{"input":{"Win":0,"Lose":0.013333333333333334,"myCurrBet":0.013333333333333334,"step":0.75,"position":0.75,"bluff":0,"handValue":0.1037,"percentBets_4":0.0273972602739726,"percentBets_1":0.05128205128205128,"percentBets_2":0.19047619047619047},"output":{"chips":0.5}},
{"input":{"Win":0.04819277108433735,"Lose":0,"myCurrBet":0,"step":0,"position":0.75,"bluff":0,"percentBets_1":0.011111111111111112,"percentBets_2":0.11764705882352941,"handValue":0.601302},"output":{"chips":0.5}},
{"input":{"Win":0.04819277108433735,"Lose":0,"myCurrBet":0.006666666666666667,"step":0,"position":0.75,"bluff":0,"handValue":0.601302,"percentBets_4":0.014084507042253521,"percentBets_1":0.044444444444444446,"percentBets_2":0.23529411764705882},"output":{"chips":0.5}},
{"input":{"Win":0.04819277108433735,"Lose":0,"myCurrBet":0.013333333333333334,"step":0.25,"position":0.75,"bluff":0,"handValue":0.1015,"percentBets_4":0.028169014084507043,"percentBets_1":0.044444444444444446,"percentBets_2":0.23529411764705882},"output":{"chips":0.5}},
{"input":{"Win":0.04819277108433735,"Lose":0,"myCurrBet":0.013333333333333334,"step":0.5,"position":0.75,"bluff":0,"handValue":0.300000130207,"percentBets_4":0.028169014084507043,"percentBets_1":0.044444444444444446,"percentBets_2":0.23529411764705882},"output":{"chips":0.5}},
{"input":{"Win":0.04819277108433735,"Lose":0,"myCurrBet":0.013333333333333334,"step":0.75,"position":0.75,"bluff":1,"handValue":0.300000130209,"percentBets_4":0.028169014084507043,"percentBets_1":0.044444444444444446,"percentBets_2":0.23529411764705882},"output":{"chips":0.5}},
{"input":{"Win":0.05063291139240506,"Lose":0,"myCurrBet":0,"step":0,"position":0.75,"bluff":0,"percentBets_1":0.011627906976744186,"percentBets_2":0.15384615384615385,"handValue":0.10210000000000001},"output":{"chips":0.5}},
{"input":{"Win":0.05063291139240506,"Lose":0,"myCurrBet":0.013333333333333334,"step":0.25,"position":0.75,"bluff":0,"handValue":0.1024,"percentBets_4":0.028985507246376812,"percentBets_1":0.046511627906976744,"percentBets_2":0.3076923076923077},"output":{"chips":0.5}},
{"input":{"Win":0.05063291139240506,"Lose":0,"myCurrBet":0.013333333333333334,"step":0.5,"position":0.75,"bluff":1,"handValue":0.10260000000000001,"percentBets_4":0.028985507246376812,"percentBets_1":0.046511627906976744,"percentBets_2":0.3076923076923077},"output":{"chips":0.5}},
{"input":{"Win":0.05063291139240506,"Lose":0,"myCurrBet":0.006666666666666667,"step":0,"position":0.75,"bluff":0,"handValue":0.10210000000000001,"percentBets_4":0.014492753623188406,"percentBets_1":0.046511627906976744,"percentBets_2":0.3076923076923077},"output":{"chips":0.5}},
{"input":{"Win":0.05063291139240506,"Lose":0,"myCurrBet":0.013333333333333334,"step":0.75,"position":0.75,"bluff":0,"handValue":0.300000100511,"percentBets_4":0.028985507246376812,"percentBets_1":0.046511627906976744,"percentBets_2":0.3076923076923077},"output":{"chips":0.5}},
{"input":{"Win":0,"Lose":0.013333333333333334,"myCurrBet":0,"step":0,"position":0.75,"bluff":1,"percentBets_1":0.012195121951219513,"percentBets_2":0.2222222222222222,"handValue":0.1009},"output":{"chips":0.5}},
{"input":{"Win":0,"Lose":0.013333333333333334,"myCurrBet":0.006666666666666667,"step":0,"position":0.75,"bluff":0,"handValue":0.1009,"percentBets_4":0.014925373134328358,"percentBets_1":0.04878048780487805,"percentBets_2":0.4444444444444444},"output":{"chips":0.5}},
{"input":{"Win":0,"Lose":0.013333333333333334,"myCurrBet":0.013333333333333334,"step":0.25,"position":0.75,"bluff":0,"handValue":0.10120000000000001,"percentBets_4":0.029850746268656716,"percentBets_1":0.04878048780487805,"percentBets_2":0.4444444444444444},"output":{"chips":0.5}},
{"input":{"Win":0,"Lose":0.013333333333333334,"myCurrBet":0.013333333333333334,"step":0.5,"position":0.75,"bluff":0,"handValue":0.1022,"percentBets_4":0.029850746268656716,"percentBets_1":0.04878048780487805,"percentBets_2":0.4444444444444444},"output":{"chips":0.5}},
{"input":{"Win":0,"Lose":0.013333333333333334,"myCurrBet":0.013333333333333334,"step":0.75,"position":0.75,"bluff":0,"handValue":0.10310000000000001,"percentBets_4":0.029850746268656716,"percentBets_1":0.04878048780487805,"percentBets_2":0.4444444444444444},"output":{"chips":0.5}},
{"input":{"Win":0,"Lose":0.05333333333333334,"myCurrBet":0.02666666666666667,"step":0.25,"position":0.75,"bluff":1,"handValue":0.1018,"percentBets_4":0.06153846153846154,"percentBets_1":0.10256410256410256,"percentBets_2":0.38095238095238093},"output":{"chips":1}},
{"input":{"Win":0,"Lose":0.05333333333333334,"myCurrBet":0,"step":0,"position":0.75,"bluff":1,"percentBets_1":0.01282051282051282,"percentBets_2":0.09523809523809523,"handValue":0.10120000000000001},"output":{"chips":1}},
{"input":{"Win":0,"Lose":0.05333333333333334,"myCurrBet":0.03333333333333333,"step":0.25,"position":0.75,"bluff":0,"handValue":0.1018,"percentBets_4":0.09230769230769231,"percentBets_1":0.20512820512820512,"percentBets_2":0.7619047619047619},"output":{"chips":0.5}},
{"input":{"Win":0,"Lose":0.05333333333333334,"myCurrBet":0.013333333333333334,"step":0,"position":0.75,"bluff":0,"handValue":0.10120000000000001,"percentBets_4":0.03076923076923077,"percentBets_1":0.10256410256410256,"percentBets_2":0.38095238095238093},"output":{"chips":0.5}},
{"input":{"Win":0,"Lose":0.05333333333333334,"myCurrBet":0.05333333333333334,"step":0.75,"position":0.75,"bluff":0,"handValue":0.10210000000000001,"percentBets_4":0.12307692307692308,"percentBets_1":0.20512820512820512,"percentBets_2":0.7619047619047619},"output":{"chips":0}},
{"input":{"Win":0,"Lose":0.05333333333333334,"myCurrBet":0.05333333333333334,"step":0.5,"position":0.75,"bluff":0,"handValue":0.10250000000000001,"percentBets_4":0.12307692307692308,"percentBets_1":0.20512820512820512,"percentBets_2":0.7619047619047619},"output":{"chips":0.5}},
{"input":{"Win":0,"Lose":0.013333333333333334,"myCurrBet":0,"step":0,"position":0.75,"bluff":0,"percentBets_1":0.007936507936507936,"percentBets_2":0.4,"handValue":0.1019},"output":{"chips":0.5}},
{"input":{"Win":0,"Lose":0.013333333333333334,"myCurrBet":0.006666666666666667,"step":0,"position":0.75,"bluff":0,"handValue":0.1019,"percentBets_4":0.017543859649122806,"percentBets_1":0.031746031746031744,"percentBets_2":0.8},"output":{"chips":0.5}},
{"input":{"Win":0,"Lose":0.013333333333333334,"myCurrBet":0.013333333333333334,"step":0.25,"position":0.75,"bluff":0,"handValue":0.10310000000000001,"percentBets_4":0.03508771929824561,"percentBets_1":0.031746031746031744,"percentBets_2":0.8},"output":{"chips":0.5}},
{"input":{"Win":0,"Lose":0.013333333333333334,"myCurrBet":0.013333333333333334,"step":0.75,"position":0.75,"bluff":0,"handValue":0.30000010091199997,"percentBets_4":0.03508771929824561,"percentBets_1":0.031746031746031744,"percentBets_2":0.8},"output":{"chips":0.5}},
{"input":{"Win":0,"Lose":0.013333333333333334,"myCurrBet":0.013333333333333334,"step":0.5,"position":0.75,"bluff":0,"handValue":0.300000100512,"percentBets_4":0.03508771929824561,"percentBets_1":0.031746031746031744,"percentBets_2":0.8},"output":{"chips":0.5}},
{"input":{"Win":0.30120481927710846,"Lose":0,"myCurrBet":0.01,"step":0,"position":0.6666666666666666,"bluff":0,"percentBets_1":0.04316546762589928,"handValue":0.10060000000000001,"percentBets_3":0.02727272727272727},"output":{"chips":1}},
{"input":{"Win":0.30120481927710846,"Lose":0,"myCurrBet":0.03,"step":0,"position":0.6666666666666666,"bluff":0,"handValue":0.10060000000000001,"percentBets_3":0.08181818181818182,"percentBets_1":0.12949640287769784},"output":{"chips":0.5}},
{"input":{"Win":0.30120481927710846,"Lose":0,"myCurrBet":0.07,"step":0.25,"position":0.6666666666666666,"bluff":1,"handValue":0.1014,"percentBets_3":0.19090909090909092,"percentBets_1":0.17266187050359713},"output":{"chips":0.5}},
{"input":{"Win":0.30120481927710846,"Lose":0,"myCurrBet":0.08,"step":0.5,"position":0.6666666666666666,"bluff":1,"handValue":0.1018,"percentBets_3":0.21818181818181817,"percentBets_1":0.17266187050359713},"output":{"chips":1}},
{"input":{"Win":0.30120481927710846,"Lose":0,"myCurrBet":0.1,"step":0.5,"position":0.6666666666666666,"bluff":1,"handValue":0.1018,"percentBets_3":0.3,"percentBets_1":0.302158273381295},"output":{"chips":0.5}},
{"input":{"Win":0.30120481927710846,"Lose":0,"myCurrBet":0.14,"step":0.75,"position":0.6666666666666666,"bluff":0,"handValue":0.10210000000000001,"percentBets_3":0.21818181818181817,"percentBets_1":0.302158273381295},"output":{"chips":0}},
{"input":{"Win":0.30120481927710846,"Lose":0,"myCurrBet":0.09,"step":0.5,"position":0.6666666666666666,"bluff":1,"handValue":0.1018,"percentBets_3":0.24545454545454545,"percentBets_1":0.2158273381294964},"output":{"chips":0.5}},
{"input":{"Win":0.30120481927710846,"Lose":0,"myCurrBet":0.06,"step":0.25,"position":0.6666666666666666,"bluff":1,"handValue":0.1014,"percentBets_3":0.16363636363636364,"percentBets_1":0.12949640287769784},"output":{"chips":1}},
{"input":{"Win":0,"Lose":0,"myCurrBet":0.01,"step":0,"position":0.6666666666666666,"bluff":0,"percentBets_1":0.12371134020618557,"handValue":0.601309,"percentBets_3":0.07792207792207792},"output":{"chips":0}},
{"input":{"Win":0,"Lose":0.01,"myCurrBet":0.03,"step":0,"position":0.6666666666666666,"bluff":1,"handValue":0.10120000000000001,"percentBets_3":0.13846153846153847,"percentBets_1":0.16071428571428573},"output":{"chips":0.5}},
{"input":{"Win":0,"Lose":0.01,"myCurrBet":0.06,"step":0.25,"position":0.6666666666666666,"bluff":0,"handValue":0.1029,"percentBets_3":0.27692307692307694,"percentBets_1":0.16071428571428573},"output":{"chips":0}},
{"input":{"Win":0,"Lose":0.01,"myCurrBet":0.01,"step":0,"position":0.6666666666666666,"bluff":0,"percentBets_1":0.05357142857142857,"handValue":0.10120000000000001,"percentBets_3":0.046153846153846156},"output":{"chips":1}},
{"input":{"Win":0,"Lose":0.01,"myCurrBet":0.06,"step":0.25,"position":0.6666666666666666,"bluff":0,"handValue":0.1034,"percentBets_3":0.3230769230769231,"percentBets_1":0.21428571428571427},"output":{"chips":0}},
{"input":{"Win":0,"Lose":0.01,"myCurrBet":0.06,"step":0.25,"position":0.6666666666666666,"bluff":0,"handValue":0.1029,"percentBets_3":0.27692307692307694,"percentBets_1":0.16071428571428573},"output":{"chips":0}},
{"input":{"Win":0,"Lose":0.06,"myCurrBet":0.01,"step":0,"position":0.6666666666666666,"bluff":1,"percentBets_1":0.03821656050955414,"handValue":0.1005,"percentBets_3":0.07894736842105263},"output":{"chips":0.5}},
{"input":{"Win":0,"Lose":0.06,"myCurrBet":0.02,"step":0.25,"position":0.6666666666666666,"bluff":0,"handValue":0.1018,"percentBets_3":0.15789473684210525,"percentBets_1":0.03821656050955414},"output":{"chips":0.5}},
{"input":{"Win":0,"Lose":0.06,"myCurrBet":0.03,"step":0.5,"position":0.6666666666666666,"bluff":0,"handValue":0.10250000000000001,"percentBets_3":0.23684210526315788,"percentBets_1":0.07643312101910828},"output":{"chips":0}},
{"input":{"Win":0,"Lose":0.06,"myCurrBet":0.02,"step":0.5,"position":0.6666666666666666,"bluff":1,"handValue":0.10250000000000001,"percentBets_3":0.15789473684210525,"percentBets_1":0.03821656050955414},"output":{"chips":1}},
{"input":{"Win":0.07692307692307693,"Lose":0,"myCurrBet":0.01,"step":0,"position":0.6666666666666666,"bluff":0,"percentBets_1":0.09022556390977443,"handValue":0.1,"percentBets_3":0.08450704225352113},"output":{"chips":0.5}},
{"input":{"Win":0.07692307692307693,"Lose":0,"myCurrBet":0.04,"step":0.25,"position":0.6666666666666666,"bluff":0,"handValue":0.1028,"percentBets_3":0.16901408450704225,"percentBets_1":0.09022556390977443},"output":{"chips":0.5}},
{"input":{"Win":0.07692307692307693,"Lose":0,"myCurrBet":0.04,"step":0.75,"position":0.6666666666666666,"bluff":0,"handValue":0.30000013111,"percentBets_3":0.16901408450704225,"percentBets_1":0.09022556390977443},"output":{"chips":0}},
{"input":{"Win":0.07692307692307693,"Lose":0,"myCurrBet":0.04,"step":0.5,"position":0.6666666666666666,"bluff":1,"handValue":0.1032,"percentBets_3":0.16901408450704225,"percentBets_1":0.09022556390977443},"output":{"chips":0.5}},
{"input":{"Win":0.13333333333333333,"Lose":0,"myCurrBet":0.01,"step":0,"position":0.6666666666666666,"bluff":0,"percentBets_1":0.09917355371900827,"handValue":0.1015,"percentBets_3":0.1016949152542373},"output":{"chips":0.5}},
{"input":{"Win":0.13333333333333333,"Lose":0,"myCurrBet":0.04,"step":0.5,"position":0.6666666666666666,"bluff":0,"handValue":0.30000005021299997,"percentBets_3":0.2033898305084746,"percentBets_1":0.09917355371900827},"output":{"chips":0}},
{"input":{"Win":0.13333333333333333,"Lose":0,"myCurrBet":0.04,"step":0.25,"position":0.6666666666666666,"bluff":0,"handValue":0.10210000000000001,"percentBets_3":0.2033898305084746,"percentBets_1":0.09917355371900827},"output":{"chips":0.5}},
{"input":{"Win":0.13333333333333333,"Lose":0,"myCurrBet":0.04,"step":0.5,"position":0.6666666666666666,"bluff":0,"handValue":0.30000005021299997,"percentBets_3":0.2033898305084746,"percentBets_1":0.09917355371900827},"output":{"chips":0}},
{"input":{"Win":0,"Lose":0,"myCurrBet":0.01,"step":0,"position":0.6666666666666666,"bluff":0,"percentBets_1":0.11009174311926606,"handValue":0.1,"percentBets_3":0.1276595744680851},"output":{"chips":0.5}},
{"input":{"Win":0,"Lose":0,"myCurrBet":0.04,"step":0.25,"position":0.6666666666666666,"bluff":1,"handValue":0.10260000000000001,"percentBets_3":0.2553191489361702,"percentBets_1":0.11009174311926606},"output":{"chips":1}},
{"input":{"Win":0,"Lose":0,"myCurrBet":0.05,"step":0.25,"position":0.6666666666666666,"bluff":0,"handValue":0.10260000000000001,"percentBets_3":0.3191489361702128,"percentBets_1":0.1651376146788991},"output":{"chips":0}},
{"input":{"Win":0.057692307692307696,"Lose":0,"myCurrBet":0.01,"step":0,"position":0.6666666666666666,"bluff":0,"percentBets_1":0.08450704225352113,"handValue":0.1015,"percentBets_3":0.20689655172413793},"output":{"chips":0.5}},
{"input":{"Win":0.057692307692307696,"Lose":0,"myCurrBet":0.04,"step":0.75,"position":0.6666666666666666,"bluff":0,"handValue":0.300000120411,"percentBets_3":0.41379310344827586,"percentBets_1":0.08450704225352113},"output":{"chips":0}},
{"input":{"Win":0.057692307692307696,"Lose":0,"myCurrBet":0.04,"step":0.25,"position":0.6666666666666666,"bluff":1,"handValue":0.10360000000000001,"percentBets_3":0.41379310344827586,"percentBets_1":0.08450704225352113},"output":{"chips":0.5}},
{"input":{"Win":0.057692307692307696,"Lose":0,"myCurrBet":0.04,"step":0.25,"position":0.6666666666666666,"bluff":0,"handValue":0.10360000000000001,"percentBets_3":0.41379310344827586,"percentBets_1":0.08450704225352113},"output":{"chips":0}},
{"input":{"Win":0,"Lose":0.04,"myCurrBet":0.01,"step":0,"position":0.6666666666666666,"bluff":0,"percentBets_1":0.09230769230769231,"handValue":0.10110000000000001,"percentBets_3":0.35294117647058826},"output":{"chips":0.5}},
{"input":{"Win":0,"Lose":0.04,"myCurrBet":0.04,"step":0.25,"position":0.6666666666666666,"bluff":0,"handValue":0.1033,"percentBets_3":0.7058823529411765,"percentBets_1":0.09230769230769231},"output":{"chips":0}},
{"input":{"Win":0,"Lose":0.04,"myCurrBet":0.04,"step":0.25,"position":0.6666666666666666,"bluff":0,"handValue":0.1033,"percentBets_3":0.7058823529411765,"percentBets_1":0.09230769230769231},"output":{"chips":0}},
{"input":{"Win":0,"Lose":0.04,"myCurrBet":0.04,"step":0.25,"position":0.6666666666666666,"bluff":0,"handValue":0.1024,"percentBets_3":0.7058823529411765,"percentBets_1":0.09230769230769231},"output":{"chips":0}},
{"input":{"Win":0,"Lose":0.08,"myCurrBet":0.06,"step":0.25,"position":1,"bluff":0,"handValue":0.1023,"percentBets_1":0.11320754716981132},"output":{"chips":0.5}},
{"input":{"Win":0,"Lose":0.08,"myCurrBet":0.06,"step":0.5,"position":1,"bluff":0,"handValue":0.30000011081,"percentBets_1":0.11320754716981132},"output":{"chips":0.5}},
{"input":{"Win":0,"Lose":0.08,"myCurrBet":0.03,"step":0,"position":1,"bluff":1,"handValue":0.101,"percentBets_1":0.11320754716981132},"output":{"chips":0.5}},
{"input":{"Win":0,"Lose":0.08,"myCurrBet":0.01,"step":0,"position":1,"bluff":1,"percentBets_1":0.03773584905660377,"handValue":0.101},"output":{"chips":1}},
{"input":{"Win":0,"Lose":0.08,"myCurrBet":0.06,"step":0.75,"position":1,"bluff":1,"handValue":0.30000011081,"percentBets_1":0.11320754716981132},"output":{"chips":1}},
{"input":{"Win":0,"Lose":0.08,"myCurrBet":0.07,"step":0.75,"position":1,"bluff":0,"handValue":0.30000011081,"percentBets_1":0.1509433962264151},"output":{"chips":0.5}},
{"input":{"Win":0,"Lose":0.04,"myCurrBet":0.01,"step":0,"position":1,"bluff":1,"percentBets_1":0.03278688524590164,"handValue":0.1015},"output":{"chips":0.5}},
{"input":{"Win":0,"Lose":0.04,"myCurrBet":0.02,"step":0.25,"position":1,"bluff":1,"handValue":0.1032,"percentBets_1":0.03278688524590164},"output":{"chips":1}},
{"input":{"Win":0,"Lose":0.04,"myCurrBet":0.04,"step":0.5,"position":1,"bluff":0,"handValue":0.10310000000000001,"percentBets_1":0.06557377049180328},"output":{"chips":0.5}},
{"input":{"Win":0,"Lose":0.04,"myCurrBet":0.03,"step":0.25,"position":1,"bluff":0,"handValue":0.1032,"percentBets_1":0.06557377049180328},"output":{"chips":0.5}},
{"input":{"Win":0,"Lose":0.04,"myCurrBet":0.04,"step":0.75,"position":1,"bluff":0,"handValue":0.10410000000000001,"percentBets_1":0.06557377049180328},"output":{"chips":0.5}},
{"input":{"Win":0,"Lose":0.06,"myCurrBet":0.03,"step":0,"position":1,"bluff":0,"handValue":0.10160000000000001,"percentBets_1":0.09230769230769231},"output":{"chips":0.5}},
{"input":{"Win":0,"Lose":0.06,"myCurrBet":0.06,"step":0.5,"position":1,"bluff":0,"handValue":0.1029,"percentBets_1":0.09230769230769231},"output":{"chips":0.5}},
{"input":{"Win":0,"Lose":0.06,"myCurrBet":0.06,"step":0.25,"position":1,"bluff":0,"handValue":0.1034,"percentBets_1":0.09230769230769231},"output":{"chips":0.5}},
{"input":{"Win":0,"Lose":0.06,"myCurrBet":0.01,"step":0,"position":1,"bluff":0,"percentBets_1":0.03076923076923077,"handValue":0.10160000000000001},"output":{"chips":1}},
{"input":{"Win":0,"Lose":0.06,"myCurrBet":0.06,"step":0.75,"position":1,"bluff":0,"handValue":0.1038,"percentBets_1":0.09230769230769231},"output":{"chips":0.5}},
{"input":{"Win":0,"Lose":0.06,"myCurrBet":0.01,"step":0,"position":1,"bluff":0,"percentBets_1":0.028169014084507043,"handValue":0.1015},"output":{"chips":1}},
{"input":{"Win":0,"Lose":0.06,"myCurrBet":0.06,"step":0.25,"position":1,"bluff":1,"handValue":0.1034,"percentBets_1":0.08450704225352113},"output":{"chips":0.5}},
{"input":{"Win":0,"Lose":0.06,"myCurrBet":0.03,"step":0,"position":1,"bluff":0,"handValue":0.1015,"percentBets_1":0.08450704225352113},"output":{"chips":0.5}},
{"input":{"Win":0,"Lose":0.06,"myCurrBet":0.06,"step":0.5,"position":1,"bluff":0,"handValue":0.10310000000000001,"percentBets_1":0.08450704225352113},"output":{"chips":0.5}},
{"input":{"Win":0,"Lose":0.06,"myCurrBet":0.06,"step":0.75,"position":1,"bluff":1,"handValue":0.1042,"percentBets_1":0.08450704225352113},"output":{"chips":0.5}},
{"input":{"Win":0.07792207792207792,"Lose":0,"myCurrBet":0.01,"step":0,"position":1,"bluff":0,"percentBets_1":0.025974025974025976,"handValue":0.10210000000000001},"output":{"chips":1}},
{"input":{"Win":0.07792207792207792,"Lose":0,"myCurrBet":0.03,"step":0,"position":1,"bluff":1,"handValue":0.10210000000000001,"percentBets_1":0.07792207792207792},"output":{"chips":0.5}},
{"input":{"Win":0.07792207792207792,"Lose":0,"myCurrBet":0.06,"step":0.25,"position":1,"bluff":0,"handValue":0.1022,"percentBets_1":0.07792207792207792},"output":{"chips":0.5}},
{"input":{"Win":0.07792207792207792,"Lose":0,"myCurrBet":0.06,"step":0.5,"position":1,"bluff":0,"handValue":0.1023,"percentBets_1":0.07792207792207792},"output":{"chips":0.5}},
{"input":{"Win":0.07792207792207792,"Lose":0,"myCurrBet":0.06,"step":0.75,"position":1,"bluff":0,"handValue":0.1033,"percentBets_1":0.07792207792207792},"output":{"chips":0.5}},
{"input":{"Win":0,"Lose":0.08,"myCurrBet":0.01,"step":0,"position":1,"bluff":0,"percentBets_1":0.028169014084507043,"handValue":0.101},"output":{"chips":1}},
{"input":{"Win":0,"Lose":0.08,"myCurrBet":0.03,"step":0,"position":1,"bluff":0,"handValue":0.101,"percentBets_1":0.08450704225352113},"output":{"chips":0.5}},
{"input":{"Win":0,"Lose":0.08,"myCurrBet":0.06,"step":0.25,"position":1,"bluff":0,"handValue":0.300000090103,"percentBets_1":0.08450704225352113},"output":{"chips":0.5}},
{"input":{"Win":0,"Lose":0.08,"myCurrBet":0.06,"step":0.5,"position":1,"bluff":1,"handValue":0.30000009010699996,"percentBets_1":0.08450704225352113},"output":{"chips":1}},
{"input":{"Win":0,"Lose":0.08,"myCurrBet":0.08,"step":0.75,"position":1,"bluff":0,"handValue":0.300000090307,"percentBets_1":0.11267605633802817},"output":{"chips":0.5}},
{"input":{"Win":0,"Lose":0.08,"myCurrBet":0.07,"step":0.5,"position":1,"bluff":0,"handValue":0.30000009010699996,"percentBets_1":0.11267605633802817},"output":{"chips":0.5}},
{"input":{"Win":0,"Lose":0.06,"myCurrBet":0.01,"step":0,"position":1,"bluff":1,"percentBets_1":0.02531645569620253,"handValue":0.1009},"output":{"chips":1}},
{"input":{"Win":0,"Lose":0.06,"myCurrBet":0.06,"step":0.5,"position":1,"bluff":0,"handValue":0.1027,"percentBets_1":0.0759493670886076},"output":{"chips":0.5}},
{"input":{"Win":0,"Lose":0.06,"myCurrBet":0.03,"step":0,"position":1,"bluff":0,"handValue":0.1009,"percentBets_1":0.0759493670886076},"output":{"chips":0.5}},
{"input":{"Win":0,"Lose":0.06,"myCurrBet":0.06,"step":0.25,"position":1,"bluff":0,"handValue":0.10210000000000001,"percentBets_1":0.0759493670886076},"output":{"chips":0.5}},
{"input":{"Win":0,"Lose":0.06,"myCurrBet":0.06,"step":0.75,"position":1,"bluff":0,"handValue":0.1037,"percentBets_1":0.0759493670886076},"output":{"chips":0.5}},
{"input":{"Win":0.047058823529411764,"Lose":0,"myCurrBet":0.02,"step":0.25,"position":1,"bluff":1,"handValue":0.10200000000000001,"percentBets_1":0.023529411764705882},"output":{"chips":1}},
{"input":{"Win":0.047058823529411764,"Lose":0,"myCurrBet":0.04,"step":0.5,"position":1,"bluff":0,"handValue":0.10210000000000001,"percentBets_1":0.047058823529411764},"output":{"chips":0.5}},
{"input":{"Win":0.047058823529411764,"Lose":0,"myCurrBet":0.03,"step":0.25,"position":1,"bluff":0,"handValue":0.10200000000000001,"percentBets_1":0.047058823529411764},"output":{"chips":0.5}},
{"input":{"Win":0.047058823529411764,"Lose":0,"myCurrBet":0.01,"step":0,"position":1,"bluff":1,"percentBets_1":0.023529411764705882,"handValue":0.10070000000000001},"output":{"chips":0.5}},
{"input":{"Win":0.047058823529411764,"Lose":0,"myCurrBet":0.04,"step":0.75,"position":1,"bluff":0,"handValue":0.10160000000000001,"percentBets_1":0.047058823529411764},"output":{"chips":0.5}},
{"input":{"Win":0,"Lose":0.06,"myCurrBet":0.03,"step":0,"position":1,"bluff":1,"handValue":0.1018,"percentBets_1":0.07407407407407407},"output":{"chips":0.5}},
{"input":{"Win":0,"Lose":0.06,"myCurrBet":0.06,"step":0.25,"position":1,"bluff":0,"handValue":0.10300000000000001,"percentBets_1":0.07407407407407407},"output":{"chips":0.5}},
{"input":{"Win":0,"Lose":0.06,"myCurrBet":0.06,"step":0.75,"position":1,"bluff":0,"handValue":0.1043,"percentBets_1":0.07407407407407407},"output":{"chips":0.5}},
{"input":{"Win":0,"Lose":0.06,"myCurrBet":0.06,"step":0.5,"position":1,"bluff":0,"handValue":0.10400000000000001,"percentBets_1":0.07407407407407407},"output":{"chips":0.5}},
{"input":{"Win":0,"Lose":0.06,"myCurrBet":0.01,"step":0,"position":1,"bluff":0,"percentBets_1":0.024691358024691357,"handValue":0.1018},"output":{"chips":1}},
{"input":{"Win":0.06896551724137931,"Lose":0,"myCurrBet":0.01,"step":0,"position":1,"bluff":0,"percentBets_1":0.022988505747126436,"handValue":0.601009},"output":{"chips":1}},
{"input":{"Win":0.06896551724137931,"Lose":0,"myCurrBet":0.03,"step":0,"position":1,"bluff":0,"handValue":0.601009,"percentBets_1":0.06896551724137931},"output":{"chips":0.5}},
{"input":{"Win":0.06896551724137931,"Lose":0,"myCurrBet":0.06,"step":0.25,"position":1,"bluff":0,"handValue":0.10500000000000001,"percentBets_1":0.06896551724137931},"output":{"chips":0.5}},
{"input":{"Win":0.06896551724137931,"Lose":0,"myCurrBet":0.06,"step":0.5,"position":1,"bluff":0,"handValue":0.1037,"percentBets_1":0.06896551724137931},"output":{"chips":0.5}},
{"input":{"Win":0.06896551724137931,"Lose":0,"myCurrBet":0.06,"step":0.75,"position":1,"bluff":0,"handValue":0.1042,"percentBets_1":0.06896551724137931},"output":{"chips":0.5}},
{"input":{"Win":0,"Lose":0.06,"myCurrBet":0.01,"step":0,"position":1,"bluff":0,"percentBets_1":0.024691358024691357,"handValue":0.500000000009},"output":{"chips":1}},
{"input":{"Win":0,"Lose":0.06,"myCurrBet":0.03,"step":0,"position":1,"bluff":0,"handValue":0.500000000009,"percentBets_1":0.07407407407407407},"output":{"chips":0.5}},
{"input":{"Win":0,"Lose":0.06,"myCurrBet":0.06,"step":0.25,"position":1,"bluff":0,"handValue":0.1042,"percentBets_1":0.07407407407407407},"output":{"chips":0.5}},
{"input":{"Win":0,"Lose":0.06,"myCurrBet":0.06,"step":0.75,"position":1,"bluff":0,"handValue":0.400000131209,"percentBets_1":0.07407407407407407},"output":{"chips":0.5}},
{"input":{"Win":0,"Lose":0.06,"myCurrBet":0.06,"step":0.5,"position":1,"bluff":0,"handValue":0.1029,"percentBets_1":0.07407407407407407},"output":{"chips":0.5}},
{"input":{"Win":0.09195402298850575,"Lose":0,"myCurrBet":0.013333333333333334,"step":0,"position":1,"bluff":0,"percentBets_1":0.03065134099616858,"handValue":0.601305},"output":{"chips":1}},
{"input":{"Win":0.09195402298850575,"Lose":0,"myCurrBet":0.04,"step":0,"position":1,"bluff":0,"handValue":0.601305,"percentBets_1":0.09195402298850575},"output":{"chips":0.5}},
{"input":{"Win":0.09195402298850575,"Lose":0,"myCurrBet":0.08,"step":0.5,"position":1,"bluff":0,"handValue":0.1032,"percentBets_1":0.09195402298850575},"output":{"chips":0.5}},
{"input":{"Win":0.09195402298850575,"Lose":0,"myCurrBet":0.08,"step":0.25,"position":1,"bluff":0,"handValue":0.10210000000000001,"percentBets_1":0.09195402298850575},"output":{"chips":0.5}},
{"input":{"Win":0.09195402298850575,"Lose":0,"myCurrBet":0.08,"step":0.75,"position":1,"bluff":0,"handValue":0.300000110213,"percentBets_1":0.09195402298850575},"output":{"chips":0.5}},
{"input":{"Win":0.1350210970464135,"Lose":0,"myCurrBet":0.013333333333333334,"step":0,"position":1,"bluff":0,"percentBets_1":0.03375527426160337,"handValue":0.1022},"output":{"chips":1}},
{"input":{"Win":0.1350210970464135,"Lose":0,"myCurrBet":0.08,"step":0.25,"position":1,"bluff":1,"handValue":0.10310000000000001,"percentBets_1":0.10126582278481013},"output":{"chips":1}},
{"input":{"Win":0.1350210970464135,"Lose":0,"myCurrBet":0.04,"step":0,"position":1,"bluff":1,"handValue":0.1022,"percentBets_1":0.10126582278481013},"output":{"chips":0.5}},
{"input":{"Win":0.1350210970464135,"Lose":0,"myCurrBet":0.09333333333333334,"step":0.25,"position":1,"bluff":0,"handValue":0.10310000000000001,"percentBets_1":0.1350210970464135},"output":{"chips":0.5}},
{"input":{"Win":0.1350210970464135,"Lose":0,"myCurrBet":0.10666666666666667,"step":0.5,"position":1,"bluff":0,"handValue":0.1033,"percentBets_1":0.1350210970464135},"output":{"chips":0.5}},
{"input":{"Win":0.1350210970464135,"Lose":0,"myCurrBet":0.10666666666666667,"step":0.75,"position":1,"bluff":0,"handValue":0.1037,"percentBets_1":0.1350210970464135},"output":{"chips":0.5}},
{"input":{"Win":0.11707317073170732,"Lose":0,"myCurrBet":0.013333333333333334,"step":0,"position":1,"bluff":0,"percentBets_1":0.03902439024390244,"handValue":0.1019},"output":{"chips":1}},
{"input":{"Win":0.11707317073170732,"Lose":0,"myCurrBet":0.08,"step":0.5,"position":1,"bluff":0,"handValue":0.1029,"percentBets_1":0.11707317073170732},"output":{"chips":0.5}},
{"input":{"Win":0.11707317073170732,"Lose":0,"myCurrBet":0.08,"step":0.75,"position":1,"bluff":0,"handValue":0.30000012071,"percentBets_1":0.11707317073170732},"output":{"chips":0.5}},
{"input":{"Win":0.11707317073170732,"Lose":0,"myCurrBet":0.04,"step":0,"position":1,"bluff":1,"handValue":0.1019,"percentBets_1":0.11707317073170732},"output":{"chips":0.5}},
{"input":{"Win":0.11707317073170732,"Lose":0,"myCurrBet":0.08,"step":0.25,"position":1,"bluff":0,"handValue":0.10360000000000001,"percentBets_1":0.11707317073170732},"output":{"chips":0.5}},
{"input":{"Win":0,"Lose":0.08,"myCurrBet":0.013333333333333334,"step":0,"position":1,"bluff":0,"percentBets_1":0.04419889502762431,"handValue":0.10070000000000001},"output":{"chips":1}},
{"input":{"Win":0,"Lose":0.08,"myCurrBet":0.04,"step":0,"position":1,"bluff":1,"handValue":0.10070000000000001,"percentBets_1":0.13259668508287292},"output":{"chips":0.5}},
{"input":{"Win":0,"Lose":0.08,"myCurrBet":0.08,"step":0.25,"position":1,"bluff":0,"handValue":0.10350000000000001,"percentBets_1":0.13259668508287292},"output":{"chips":0.5}},
{"input":{"Win":0,"Lose":0.08,"myCurrBet":0.08,"step":0.5,"position":1,"bluff":1,"handValue":0.1042,"percentBets_1":0.13259668508287292},"output":{"chips":0.5}},
{"input":{"Win":0,"Lose":0.08,"myCurrBet":0.08,"step":0.75,"position":1,"bluff":0,"handValue":0.500000000011,"percentBets_1":0.13259668508287292},"output":{"chips":0}},
{"input":{"Win":0,"Lose":0.02666666666666667,"myCurrBet":0.02666666666666667,"step":0.5,"position":1,"bluff":0,"handValue":0.1033,"percentBets_1":0.03902439024390244},"output":{"chips":0.5}},
{"input":{"Win":0,"Lose":0.02666666666666667,"myCurrBet":0.013333333333333334,"step":0,"position":1,"bluff":1,"percentBets_1":0.03902439024390244,"handValue":0.600503},"output":{"chips":0.5}},
{"input":{"Win":0,"Lose":0.02666666666666667,"myCurrBet":0.02666666666666667,"step":0.25,"position":1,"bluff":0,"handValue":0.1032,"percentBets_1":0.03902439024390244},"output":{"chips":0.5}},
{"input":{"Win":0,"Lose":0.02666666666666667,"myCurrBet":0.02666666666666667,"step":0.75,"position":1,"bluff":0,"handValue":0.1032,"percentBets_1":0.03902439024390244},"output":{"chips":0.5}},
{"input":{"Win":0.11267605633802817,"Lose":0,"myCurrBet":0.08,"step":0.25,"position":1,"bluff":0,"handValue":0.1046,"percentBets_1":0.11267605633802817},"output":{"chips":0.5}},
{"input":{"Win":0.11267605633802817,"Lose":0,"myCurrBet":0.04,"step":0,"position":1,"bluff":0,"handValue":0.1019,"percentBets_1":0.11267605633802817},"output":{"chips":0.5}},
{"input":{"Win":0.11267605633802817,"Lose":0,"myCurrBet":0.08,"step":0.5,"position":1,"bluff":0,"handValue":0.6010090807039999,"percentBets_1":0.11267605633802817},"output":{"chips":0.5}},
{"input":{"Win":0.11267605633802817,"Lose":0,"myCurrBet":0.013333333333333334,"step":0,"position":1,"bluff":0,"percentBets_1":0.03755868544600939,"handValue":0.1019},"output":{"chips":1}},
{"input":{"Win":0.11267605633802817,"Lose":0,"myCurrBet":0.08,"step":0.75,"position":1,"bluff":1,"handValue":0.6010090807039999,"percentBets_1":0.11267605633802817},"output":{"chips":0.5}},
{"input":{"Win":0,"Lose":0.08,"myCurrBet":0.013333333333333334,"step":0,"position":1,"bluff":0,"percentBets_1":0.042328042328042326,"handValue":0.600501},"output":{"chips":1}},
{"input":{"Win":0,"Lose":0.08,"myCurrBet":0.04,"step":0,"position":1,"bluff":1,"handValue":0.600501,"percentBets_1":0.12698412698412698},"output":{"chips":0.5}},
{"input":{"Win":0,"Lose":0.08,"myCurrBet":0.08,"step":0.25,"position":1,"bluff":1,"handValue":0.10300000000000001,"percentBets_1":0.12698412698412698},"output":{"chips":0.5}},
{"input":{"Win":0,"Lose":0.08,"myCurrBet":0.08,"step":0.5,"position":1,"bluff":0,"handValue":0.1043,"percentBets_1":0.12698412698412698},"output":{"chips":0.5}},
{"input":{"Win":0,"Lose":0.08,"myCurrBet":0.08,"step":0.75,"position":1,"bluff":0,"handValue":0.1046,"percentBets_1":0.12698412698412698},"output":{"chips":0.5}},
{"input":{"Win":0,"Lose":0.02666666666666667,"myCurrBet":0.013333333333333334,"step":0,"position":1,"bluff":1,"percentBets_1":0.03755868544600939,"handValue":0.600801},"output":{"chips":0.5}},
{"input":{"Win":0,"Lose":0.02666666666666667,"myCurrBet":0.02666666666666667,"step":0.25,"position":1,"bluff":0,"handValue":0.10260000000000001,"percentBets_1":0.03755868544600939},"output":{"chips":0.5}},
{"input":{"Win":0,"Lose":0.02666666666666667,"myCurrBet":0.02666666666666667,"step":0.5,"position":1,"bluff":0,"handValue":0.10210000000000001,"percentBets_1":0.03755868544600939},"output":{"chips":0.5}},
{"input":{"Win":0,"Lose":0.02666666666666667,"myCurrBet":0.02666666666666667,"step":0.75,"position":1,"bluff":0,"handValue":0.10300000000000001,"percentBets_1":0.03755868544600939},"output":{"chips":0.5}},
{"input":{"Win":0,"Lose":0.08,"myCurrBet":0.013333333333333334,"step":0,"position":1,"bluff":1,"percentBets_1":0.03619909502262444,"handValue":0.601305},"output":{"chips":1}},
{"input":{"Win":0,"Lose":0.08,"myCurrBet":0.04,"step":0,"position":1,"bluff":0,"handValue":0.601305,"percentBets_1":0.1085972850678733},"output":{"chips":0.5}},
{"input":{"Win":0,"Lose":0.08,"myCurrBet":0.08,"step":0.25,"position":1,"bluff":1,"handValue":0.10410000000000001,"percentBets_1":0.1085972850678733},"output":{"chips":0.5}},
{"input":{"Win":0,"Lose":0.08,"myCurrBet":0.08,"step":0.5,"position":1,"bluff":0,"handValue":0.10490000000000001,"percentBets_1":0.1085972850678733},"output":{"chips":0.5}},
{"input":{"Win":0,"Lose":0.08,"myCurrBet":0.08,"step":0.75,"position":1,"bluff":0,"handValue":0.10500000000000001,"percentBets_1":0.1085972850678733},"output":{"chips":0.5}},
{"input":{"Win":0,"Lose":0.08,"myCurrBet":0.013333333333333334,"step":0,"position":1,"bluff":0,"percentBets_1":0.0326530612244898,"handValue":0.1013},"output":{"chips":1}},
{"input":{"Win":0,"Lose":0.08,"myCurrBet":0.08,"step":0.5,"position":1,"bluff":0,"handValue":0.1048,"percentBets_1":0.09795918367346938},"output":{"chips":0.5}},
{"input":{"Win":0,"Lose":0.08,"myCurrBet":0.04,"step":0,"position":1,"bluff":1,"handValue":0.1013,"percentBets_1":0.09795918367346938},"output":{"chips":0.5}},
{"input":{"Win":0,"Lose":0.08,"myCurrBet":0.08,"step":0.75,"position":1,"bluff":0,"handValue":0.10410000000000001,"percentBets_1":0.09795918367346938},"output":{"chips":0.5}},
{"input":{"Win":0,"Lose":0.08,"myCurrBet":0.08,"step":0.25,"position":1,"bluff":0,"handValue":0.10450000000000001,"percentBets_1":0.09795918367346938},"output":{"chips":0.5}},
