{"input":{"Win":0,"Lose":0.01,"myCurrBet":0,"step":0,"position":0.75,"bluff":0,"percentBets_1":0.006666666666666667,"percentBets_2":0.013333333333333334,"handValue":0.101},"output":{"chips":1}},
{"input":{"Win":0,"Lose":0.01,"myCurrBet":0.006666666666666667,"step":0.25,"position":0.75,"bluff":1,"handValue":0.10200000000000001,"percentBets_4":0.02666666666666667,"percentBets_1":0,"percentBets_2":0},"output":{"chips":0.5}},
{"input":{"Win":0,"Lose":0.01,"myCurrBet":0.006666666666666667,"step":0.5,"position":0.75,"bluff":0,"handValue":0.1033,"percentBets_4":0.02666666666666667},"output":{"chips":0.5}},
{"input":{"Win":0,"Lose":0.01,"myCurrBet":0.006666666666666667,"step":0.75,"position":0.75,"bluff":0,"handValue":0.30000007031299997,"percentBets_4":0.02666666666666667},"output":{"chips":1}},
{"input":{"Win":0,"Lose":0.04,"myCurrBet":0,"step":0,"position":0.75,"bluff":0,"percentBets_1":0.006711409395973154,"percentBets_2":0.013513513513513514,"handValue":0.601102},"output":{"chips":1}},
{"input":{"Win":0,"Lose":0.04,"myCurrBet":0.013333333333333334,"step":0,"position":0.75,"bluff":0,"handValue":0.601102,"percentBets_4":0.050314465408805034,"percentBets_1":0.08053691275167785,"percentBets_2":0.16216216216216217},"output":{"chips":0.5}},
{"input":{"Win":0,"Lose":0.04,"myCurrBet":0.04,"step":0.5,"position":0.75,"bluff":0,"handValue":0.1027,"percentBets_4":0.1509433962264151,"percentBets_1":0.1610738255033557,"percentBets_2":0.16216216216216217},"output":{"chips":0.5}},
{"input":{"Win":0,"Lose":0.04,"myCurrBet":0.04,"step":0.25,"position":0.75,"bluff":0,"handValue":0.10210000000000001,"percentBets_4":0.1509433962264151,"percentBets_1":0.1610738255033557,"percentBets_2":0.16216216216216217},"output":{"chips":0.5}},
{"input":{"Win":0,"Lose":0.04,"myCurrBet":0.04,"step":0.75,"position":0.75,"bluff":0,"handValue":0.300000120611,"percentBets_4":0.1509433962264151,"percentBets_1":0.1610738255033557,"percentBets_2":0.16216216216216217},"output":{"chips":0}},
{"input":{"Win":0,"Lose":0.02666666666666667,"myCurrBet":0,"step":0,"position":0.75,"bluff":0,"percentBets_1":0.004524886877828055,"percentBets_2":0.016129032258064516,"handValue":0.601304},"output":{"chips":1}},
{"input":{"Win":0,"Lose":0.02666666666666667,"myCurrBet":0.013333333333333334,"step":0,"position":0.75,"bluff":1,"handValue":0.601304,"percentBets_4":0.05925925925925926,"percentBets_1":0.03619909502262444,"percentBets_2":0.12903225806451613},"output":{"chips":0.5}},
{"input":{"Win":0,"Lose":0.02666666666666667,"myCurrBet":0.02666666666666667,"step":0.25,"position":0.75,"bluff":0,"handValue":0.10310000000000001,"percentBets_4":0.11851851851851852,"percentBets_1":0.07239819004524888,"percentBets_2":0.12903225806451613},"output":{"chips":0.5}},
{"input":{"Win":0,"Lose":0.02666666666666667,"myCurrBet":0.02666666666666667,"step":0.5,"position":0.75,"bluff":0,"handValue":0.10260000000000001,"percentBets_4":0.11851851851851852,"percentBets_1":0.07239819004524888,"percentBets_2":0.12903225806451613},"output":{"chips":0.5}},
{"input":{"Win":0,"Lose":0.02666666666666667,"myCurrBet":0.02666666666666667,"step":0.75,"position":0.75,"bluff":0,"handValue":0.1034,"percentBets_4":0.11851851851851852,"percentBets_1":0.07239819004524888,"percentBets_2":0.12903225806451613},"output":{"chips":0.5}},
{"input":{"Win":0,"Lose":0.02,"myCurrBet":0.01,"step":0.25,"position":0.75,"bluff":0,"handValue":0.10260000000000001,"percentBets_4":0.05042016806722689,"percentBets_1":0,"percentBets_2":0},"output":{"chips":1}},
{"input":{"Win":0,"Lose":0.02,"myCurrBet":0,"step":0,"position":0.75,"bluff":0,"percentBets_1":0.004878048780487805,"percentBets_2":0.011627906976744186,"handValue":0.1023},"output":{"chips":1}},
{"input":{"Win":0,"Lose":0.02,"myCurrBet":0.016666666666666666,"step":0.75,"position":0.75,"bluff":0,"handValue":0.300000100213,"percentBets_4":0.08403361344537816},"output":{"chips":1}},
{"input":{"Win":0,"Lose":0.02,"myCurrBet":0.016666666666666666,"step":0.5,"position":0.75,"bluff":0,"handValue":0.300000100213,"percentBets_4":0.08403361344537816},"output":{"chips":0.5}},
{"input":{"Win":0.03346456692913386,"Lose":0,"myCurrBet":0,"step":0,"position":0.75,"bluff":0,"percentBets_1":0.004901960784313725,"percentBets_2":0.011764705882352941,"handValue":0.6008049999999999},"output":{"chips":1}},
{"input":{"Win":0.03346456692913386,"Lose":0,"myCurrBet":0.006666666666666667,"step":0.25,"position":0.75,"bluff":0,"handValue":0.10260000000000001,"percentBets_4":0.029850746268656716,"percentBets_1":0,"percentBets_2":0},"output":{"chips":1}},
{"input":{"Win":0.03346456692913386,"Lose":0,"myCurrBet":0.013333333333333334,"step":0.75,"position":0.75,"bluff":0,"handValue":0.300000120913,"percentBets_4":0.05970149253731343},"output":{"chips":1}},
{"input":{"Win":0.03346456692913386,"Lose":0,"myCurrBet":0.013333333333333334,"step":0.5,"position":0.75,"bluff":0,"handValue":0.10350000000000001,"percentBets_4":0.05970149253731343},"output":{"chips":0.5}},
{"input":{"Win":0,"Lose":0.03666666666666667,"myCurrBet":0.01,"step":0,"position":0.75,"bluff":0,"handValue":0.500000000005,"percentBets_4":0.05,"percentBets_1":0.029556650246305417,"percentBets_2":0.07142857142857142},"output":{"chips":1}},
{"input":{"Win":0,"Lose":0.03666666666666667,"myCurrBet":0.02666666666666667,"step":0.25,"position":0.75,"bluff":0,"handValue":0.1039,"percentBets_4":0.13333333333333333,"percentBets_1":0,"percentBets_2":0},"output":{"chips":1}},
{"input":{"Win":0,"Lose":0.03666666666666667,"myCurrBet":0,"step":0,"position":0.75,"bluff":0,"percentBets_1":0.0049261083743842365,"percentBets_2":0.011904761904761904,"handValue":0.500000000005},"output":{"chips":1}},
{"input":{"Win":0,"Lose":0.03666666666666667,"myCurrBet":0.03333333333333333,"step":0.75,"position":0.75,"bluff":0,"handValue":0.1047,"percentBets_4":0.16666666666666666},"output":{"chips":1}},
{"input":{"Win":0,"Lose":0.03666666666666667,"myCurrBet":0.03333333333333333,"step":0.5,"position":0.75,"bluff":0,"handValue":0.10410000000000001,"percentBets_4":0.16666666666666666},"output":{"chips":0.5}},
{"input":{"Win":0,"Lose":0.04,"myCurrBet":0,"step":0,"position":0.75,"bluff":1,"percentBets_1":0.005076142131979695,"percentBets_2":0.01282051282051282,"handValue":0.1022},"output":{"chips":1}},
{"input":{"Win":0,"Lose":0.04,"myCurrBet":0.013333333333333334,"step":0,"position":0.75,"bluff":0,"handValue":0.1022,"percentBets_4":0.05,"percentBets_1":0.050761421319796954,"percentBets_2":0.1282051282051282},"output":{"chips":0.5}},
{"input":{"Win":0,"Lose":0.04,"myCurrBet":0.03333333333333333,"step":0.5,"position":0.75,"bluff":0,"handValue":0.30000012100699996,"percentBets_4":0.125,"percentBets_2":0.1282051282051282},"output":{"chips":0.5}},
{"input":{"Win":0,"Lose":0.04,"myCurrBet":0.03333333333333333,"step":0.25,"position":0.75,"bluff":0,"handValue":0.30000012100699996,"percentBets_4":0.125,"percentBets_1":0,"percentBets_2":0.1282051282051282},"output":{"chips":0.5}},
{"input":{"Win":0,"Lose":0.04,"myCurrBet":0.03666666666666667,"step":0.75,"position":0.75,"bluff":1,"handValue":0.300000121013,"percentBets_4":0.1375,"percentBets_2":0.15384615384615385},"output":{"chips":0.5}},
{"input":{"Win":0,"Lose":0.04,"myCurrBet":0.03333333333333333,"step":0.75,"position":0.75,"bluff":0,"handValue":0.300000121013,"percentBets_4":0.125,"percentBets_2":0.1282051282051282},"output":{"chips":1}},
{"input":{"Win":0,"Lose":0.05333333333333334,"myCurrBet":0.006666666666666667,"step":0,"position":0.75,"bluff":0,"handValue":0.1,"percentBets_4":0.01834862385321101,"percentBets_1":0.053475935828877004,"percentBets_2":0.15151515151515152},"output":{"chips":0.5}},
{"input":{"Win":0,"Lose":0.05333333333333334,"myCurrBet":0.03333333333333333,"step":0.5,"position":0.75,"bluff":1,"handValue":0.1032,"percentBets_4":0.09174311926605505,"percentBets_2":0.15151515151515152},"output":{"chips":1}},
{"input":{"Win":0,"Lose":0.05333333333333334,"myCurrBet":0.03333333333333333,"step":0.25,"position":0.75,"bluff":1,"handValue":0.10310000000000001,"percentBets_4":0.09174311926605505,"percentBets_1":0,"percentBets_2":0.15151515151515152},"output":{"chips":0.5}},
{"input":{"Win":0,"Lose":0.05333333333333334,"myCurrBet":0.043333333333333335,"step":0.5,"position":0.75,"bluff":0,"handValue":0.1032,"percentBets_4":0.11926605504587157,"percentBets_2":0.24242424242424243},"output":{"chips":0.5}},
{"input":{"Win":0,"Lose":0.05333333333333334,"myCurrBet":0.05333333333333334,"step":0.75,"position":0.75,"bluff":0,"handValue":0.300000020113,"percentBets_4":0.14678899082568808,"percentBets_2":0.24242424242424243},"output":{"chips":0}},
{"input":{"Win":0,"Lose":0.05333333333333334,"myCurrBet":0,"step":0,"position":0.75,"bluff":0,"percentBets_1":0.0053475935828877,"percentBets_2":0.015151515151515152,"handValue":0.1},"output":{"chips":1}},
{"input":{"Win":0,"Lose":0.051666666666666666,"myCurrBet":0,"step":0,"position":0.75,"bluff":0,"percentBets_1":0.005649717514124294,"percentBets_2":0.009708737864077669,"handValue":0.1017},"output":{"chips":1}},
{"input":{"Win":0,"Lose":0.051666666666666666,"myCurrBet":0.02666666666666667,"step":0.5,"position":0.75,"bluff":0,"handValue":0.300000090811,"percentBets_4":0.08602150537634409,"percentBets_2":0.07766990291262135},"output":{"chips":0.5}},
{"input":{"Win":0,"Lose":0.051666666666666666,"myCurrBet":0.006666666666666667,"step":0,"position":0.75,"bluff":0,"handValue":0.1017,"percentBets_4":0.021505376344086023,"percentBets_1":0.04519774011299435,"percentBets_2":0.07766990291262135},"output":{"chips":0.5}},
{"input":{"Win":0,"Lose":0.051666666666666666,"myCurrBet":0.02666666666666667,"step":0.75,"position":0.75,"bluff":0,"handValue":0.300000090811,"percentBets_4":0.08602150537634409,"percentBets_2":0.07766990291262135},"output":{"chips":1}},
{"input":{"Win":0,"Lose":0.051666666666666666,"myCurrBet":0.03666666666666667,"step":0.75,"position":0.75,"bluff":1,"handValue":0.300000090811,"percentBets_4":0.11827956989247312,"percentBets_2":0.13592233009708737},"output":{"chips":0.5}},
{"input":{"Win":0,"Lose":0.051666666666666666,"myCurrBet":0.02666666666666667,"step":0.25,"position":0.75,"bluff":0,"handValue":0.10260000000000001,"percentBets_4":0.08602150537634409,"percentBets_1":0,"percentBets_2":0.07766990291262135},"output":{"chips":0.5}},
