{"input":{"Win":0,"Lose":0,"myCurrBet":0.0033333333333333335,"step":0,"position":0.5,"bluff":0,"percentBets_1":0.08,"handValue":0.600302,"percentBets_3":0.04,"percentBets_4":0.08},"output":{"chips":0}},
{"input":{"Win":0,"Lose":0.0033333333333333335,"myCurrBet":0.0033333333333333335,"step":0,"position":0.5,"bluff":0,"percentBets_1":0.027777777777777776,"handValue":0.400000000013,"percentBets_3":0.04878048780487805,"percentBets_4":0.0975609756097561},"output":{"chips":1}},
{"input":{"Win":0,"Lose":0.0033333333333333335,"myCurrBet":0.016666666666666666,"step":0,"position":0.5,"bluff":0,"handValue":0.400000000013,"percentBets_3":0.1951219512195122,"percentBets_4":0.3902439024390244,"percentBets_1":0.1111111111111111},"output":{"chips":0}},
{"input":{"Win":0.11946902654867257,"Lose":0,"myCurrBet":0.013333333333333334,"step":0.25,"position":0.5,"bluff":1,"handValue":0.1043,"percentBets_3":0.044444444444444446,"percentBets_4":0.21052631578947367,"percentBets_1":0.03278688524590164},"output":{"chips":1}},
{"input":{"Win":0.11946902654867257,"Lose":0,"myCurrBet":0.023333333333333334,"step":0.25,"position":0.5,"bluff":0,"handValue":0.1043,"percentBets_3":0.07777777777777778,"percentBets_4":0.5263157894736842,"percentBets_1":0.08196721311475409},"output":{"chips":1}},
{"input":{"Win":0.11946902654867257,"Lose":0,"myCurrBet":0.0033333333333333335,"step":0,"position":0.5,"bluff":0,"percentBets_1":0.03278688524590164,"handValue":0.1013,"percentBets_3":0.022222222222222223,"percentBets_4":0.21052631578947367},"output":{"chips":0.5}},
{"input":{"Win":0.11946902654867257,"Lose":0,"myCurrBet":0.04,"step":0.5,"position":0.5,"bluff":0,"handValue":0.1051,"percentBets_3":0.13333333333333333,"percentBets_4":0.21052631578947367,"percentBets_1":0.03278688524590164},"output":{"chips":0}},
{"input":{"Win":0.11946902654867257,"Lose":0,"myCurrBet":0.04,"step":0.5,"position":0.5,"bluff":0,"handValue":0.1051,"percentBets_3":0.13333333333333333},"output":{"chips":0}},
{"input":{"Win":0,"Lose":0.03333333333333333,"myCurrBet":0.03333333333333333,"step":0.5,"position":0.5,"bluff":0,"handValue":0.10260000000000001,"percentBets_3":0.1282051282051282},"output":{"chips":0}},
{"input":{"Win":0,"Lose":0.03333333333333333,"myCurrBet":0.0033333333333333335,"step":0,"position":0.5,"bluff":0,"percentBets_1":0.017857142857142856,"handValue":0.10120000000000001,"percentBets_3":0.01282051282051282,"percentBets_4":0.2222222222222222},"output":{"chips":0.5}},
{"input":{"Win":0,"Lose":0.03333333333333333,"myCurrBet":0.013333333333333334,"step":0.25,"position":0.5,"bluff":0,"handValue":0.10360000000000001,"percentBets_3":0.08974358974358974,"percentBets_4":0.2222222222222222,"percentBets_1":0.017857142857142856},"output":{"chips":1}},
{"input":{"Win":0,"Lose":0.03333333333333333,"myCurrBet":0.006666666666666667,"step":0.25,"position":0.5,"bluff":0,"handValue":0.10360000000000001,"percentBets_3":0.02564102564102564,"percentBets_4":0.2222222222222222,"percentBets_1":0.017857142857142856},"output":{"chips":1}},
{"input":{"Win":0,"Lose":0.03333333333333333,"myCurrBet":0.03333333333333333,"step":0.5,"position":0.5,"bluff":0,"handValue":0.10260000000000001,"percentBets_3":0.1282051282051282},"output":{"chips":0}},
{"input":{"Win":0,"Lose":0.02666666666666667,"myCurrBet":0.02666666666666667,"step":0.25,"position":0.5,"bluff":0,"handValue":0.1028,"percentBets_3":0.08695652173913043},"output":{"chips":0.5}},
{"input":{"Win":0,"Lose":0.02666666666666667,"myCurrBet":0.0033333333333333335,"step":0,"position":0.5,"bluff":0,"percentBets_1":0.03636363636363636,"handValue":0.1003,"percentBets_3":0.021739130434782608,"percentBets_4":0.5714285714285714},"output":{"chips":0.5}},
{"input":{"Win":0,"Lose":0.02666666666666667,"myCurrBet":0.013333333333333334,"step":0,"position":0.5,"bluff":0,"handValue":0.1003,"percentBets_3":0.05434782608695652,"percentBets_4":0,"percentBets_1":0},"output":{"chips":1}},
{"input":{"Win":0,"Lose":0.02666666666666667,"myCurrBet":0.02666666666666667,"step":0.5,"position":0.5,"bluff":0,"handValue":0.10350000000000001,"percentBets_3":0.08695652173913043},"output":{"chips":0}},
{"input":{"Win":0,"Lose":0.02666666666666667,"myCurrBet":0.02666666666666667,"step":0.5,"position":0.5,"bluff":0,"handValue":0.10350000000000001,"percentBets_3":0.08695652173913043},"output":{"chips":0}},
{"input":{"Win":0,"Lose":0.02666666666666667,"myCurrBet":0.0033333333333333335,"step":0,"position":0.5,"bluff":0,"percentBets_1":0,"handValue":0.6013069999999999,"percentBets_3":0.018518518518518517,"percentBets_4":0},"output":{"chips":1}},
{"input":{"Win":0,"Lose":0.02666666666666667,"myCurrBet":0.016666666666666666,"step":0,"position":0.5,"bluff":0,"handValue":0.6013069999999999,"percentBets_3":0.07407407407407407},"output":{"chips":0.5}},
{"input":{"Win":0,"Lose":0.02666666666666667,"myCurrBet":0.02666666666666667,"step":0.5,"position":0.5,"bluff":0,"handValue":0.10350000000000001,"percentBets_3":0.07407407407407407},"output":{"chips":0}},
{"input":{"Win":0,"Lose":0.02666666666666667,"myCurrBet":0.02666666666666667,"step":0.25,"position":0.5,"bluff":0,"handValue":0.1032,"percentBets_3":0.07407407407407407},"output":{"chips":0.5}},
{"input":{"Win":0,"Lose":0.02666666666666667,"myCurrBet":0.02666666666666667,"step":0.5,"position":0.5,"bluff":0,"handValue":0.10350000000000001,"percentBets_3":0.07407407407407407},"output":{"chips":0}},
{"input":{"Win":0,"Lose":0.023333333333333334,"myCurrBet":0.02,"step":0.25,"position":0.5,"bluff":0,"handValue":0.10310000000000001,"percentBets_3":0.05150214592274678},"output":{"chips":1}},
{"input":{"Win":0,"Lose":0.023333333333333334,"myCurrBet":0.0033333333333333335,"step":0,"position":0.5,"bluff":0,"percentBets_1":0,"handValue":0.10210000000000001,"percentBets_3":0.02575107296137339,"percentBets_4":0},"output":{"chips":1}},
{"input":{"Win":0,"Lose":0.023333333333333334,"myCurrBet":0.023333333333333334,"step":0.5,"position":0.5,"bluff":0,"handValue":0.1042,"percentBets_3":0.060085836909871244},"output":{"chips":0}},
{"input":{"Win":0,"Lose":0.023333333333333334,"myCurrBet":0.023333333333333334,"step":0.5,"position":0.5,"bluff":0,"handValue":0.1042,"percentBets_3":0.060085836909871244},"output":{"chips":0}},
{"input":{"Win":0,"Lose":0,"myCurrBet":0.0033333333333333335,"step":0,"position":0.5,"bluff":1,"percentBets_1":0,"handValue":0.1013,"percentBets_3":0.024193548387096774,"percentBets_4":0},"output":{"chips":0.5}},
{"input":{"Win":0,"Lose":0,"myCurrBet":0.01,"step":0.25,"position":0.5,"bluff":0,"handValue":0.10490000000000001,"percentBets_3":0.024193548387096774},"output":{"chips":1}},
{"input":{"Win":0,"Lose":0,"myCurrBet":0.02,"step":0.5,"position":0.5,"bluff":0,"handValue":0.10500000000000001,"percentBets_3":0.06451612903225806},"output":{"chips":0}},
{"input":{"Win":0,"Lose":0,"myCurrBet":0.02,"step":0.5,"position":0.5,"bluff":0,"handValue":0.10500000000000001,"percentBets_3":0.04838709677419355},"output":{"chips":0.5}},
{"input":{"Win":0,"Lose":0.04,"myCurrBet":0.0033333333333333335,"step":0,"position":0.5,"bluff":0,"percentBets_1":0,"handValue":0.500000000013,"percentBets_3":0.022988505747126436,"percentBets_4":0},"output":{"chips":1}},
{"input":{"Win":0,"Lose":0.04,"myCurrBet":0.016666666666666666,"step":0.25,"position":0.5,"bluff":0,"handValue":0.10500000000000001,"percentBets_3":0.038314176245210725},"output":{"chips":1}},
{"input":{"Win":0,"Lose":0.04,"myCurrBet":0.02,"step":0.5,"position":0.5,"bluff":0,"handValue":0.1051,"percentBets_3":0.04597701149425287},"output":{"chips":0.5}},
{"input":{"Win":0,"Lose":0.04,"myCurrBet":0.02,"step":0.75,"position":0.5,"bluff":0,"handValue":0.1058,"percentBets_3":0.04597701149425287},"output":{"chips":0}},
{"input":{"Win":0.045081967213114756,"Lose":0,"myCurrBet":0.0033333333333333335,"step":0,"position":0.5,"bluff":0,"percentBets_1":0.019230769230769232,"handValue":0.1017,"percentBets_3":0.0072992700729927005,"percentBets_4":0.6666666666666666},"output":{"chips":0.5}},
{"input":{"Win":0.045081967213114756,"Lose":0,"myCurrBet":0.01,"step":0.25,"position":0.5,"bluff":0,"handValue":0.10360000000000001,"percentBets_3":0.0364963503649635,"percentBets_4":0.6666666666666666,"percentBets_1":0.019230769230769232},"output":{"chips":1}},
{"input":{"Win":0.045081967213114756,"Lose":0,"myCurrBet":0.023333333333333334,"step":0.5,"position":0.5,"bluff":0,"handValue":0.10490000000000001,"percentBets_3":0.051094890510948905},"output":{"chips":0.5}},
{"input":{"Win":0.045081967213114756,"Lose":0,"myCurrBet":0.006666666666666667,"step":0.25,"position":0.5,"bluff":0,"handValue":0.10360000000000001,"percentBets_3":0.014598540145985401,"percentBets_4":0.6666666666666666,"percentBets_1":0.019230769230769232},"output":{"chips":1}},
{"input":{"Win":0.045081967213114756,"Lose":0,"myCurrBet":0.023333333333333334,"step":0.75,"position":0.5,"bluff":0,"handValue":0.1056,"percentBets_3":0.051094890510948905},"output":{"chips":0}},
{"input":{"Win":0.032188841201716736,"Lose":0,"myCurrBet":0.0033333333333333335,"step":0,"position":0.5,"bluff":0,"percentBets_1":0,"handValue":0.10110000000000001,"percentBets_3":0.03076923076923077,"percentBets_4":0},"output":{"chips":1}},
{"input":{"Win":0.032188841201716736,"Lose":0,"myCurrBet":0.023333333333333334,"step":0.5,"position":0.5,"bluff":0,"handValue":0.1038,"percentBets_3":0.05384615384615385},"output":{"chips":0}},
{"input":{"Win":0.032188841201716736,"Lose":0,"myCurrBet":0.023333333333333334,"step":0.25,"position":0.5,"bluff":0,"handValue":0.10300000000000001,"percentBets_3":0.05384615384615385},"output":{"chips":0.5}},
{"input":{"Win":0.032188841201716736,"Lose":0,"myCurrBet":0.023333333333333334,"step":0.5,"position":0.5,"bluff":0,"handValue":0.1038,"percentBets_3":0.05384615384615385},"output":{"chips":0}},
{"input":{"Win":0.04212860310421286,"Lose":0,"myCurrBet":0.03,"step":0.5,"position":0.5,"bluff":0,"handValue":0.1014,"percentBets_3":0.07317073170731707},"output":{"chips":0}},
{"input":{"Win":0.04212860310421286,"Lose":0,"myCurrBet":0.0033333333333333335,"step":0,"position":0.5,"bluff":0,"percentBets_1":0,"handValue":0.10110000000000001,"percentBets_3":0.024390243902439025,"percentBets_4":0},"output":{"chips":1}},
{"input":{"Win":0.04212860310421286,"Lose":0,"myCurrBet":0.03,"step":0.25,"position":0.5,"bluff":0,"handValue":0.10110000000000001,"percentBets_3":0.07317073170731707},"output":{"chips":0.5}},
{"input":{"Win":0.04212860310421286,"Lose":0,"myCurrBet":0.013333333333333334,"step":0,"position":0.5,"bluff":0,"handValue":0.10110000000000001,"percentBets_3":0.056910569105691054},"output":{"chips":1}},
{"input":{"Win":0.04212860310421286,"Lose":0,"myCurrBet":0.03,"step":0.5,"position":0.5,"bluff":0,"handValue":0.1014,"percentBets_3":0.07317073170731707},"output":{"chips":0}},
{"input":{"Win":0.03009259259259259,"Lose":0,"myCurrBet":0.0033333333333333335,"step":0,"position":0.5,"bluff":0,"percentBets_1":0,"handValue":0.500000000007,"percentBets_3":0.03508771929824561,"percentBets_4":0},"output":{"chips":1}},
{"input":{"Win":0.03009259259259259,"Lose":0,"myCurrBet":0.02,"step":0.5,"position":0.5,"bluff":0,"handValue":0.1037,"percentBets_3":0.05263157894736842},"output":{"chips":0.5}},
{"input":{"Win":0.03009259259259259,"Lose":0,"myCurrBet":0.02,"step":0.75,"position":0.5,"bluff":0,"handValue":0.500000000011,"percentBets_3":0.05263157894736842},"output":{"chips":0}},
{"input":{"Win":0.03009259259259259,"Lose":0,"myCurrBet":0.016666666666666666,"step":0.25,"position":0.5,"bluff":0,"handValue":0.1028,"percentBets_3":0.043859649122807015},"output":{"chips":1}},
{"input":{"Win":0,"Lose":0.023333333333333334,"myCurrBet":0.016666666666666666,"step":0,"position":0.5,"bluff":0,"handValue":0.6010059999999999,"percentBets_3":0.06481481481481481},"output":{"chips":0.5}},
{"input":{"Win":0,"Lose":0.023333333333333334,"myCurrBet":0.0033333333333333335,"step":0,"position":0.5,"bluff":0,"percentBets_1":0,"handValue":0.6010059999999999,"percentBets_3":0.037037037037037035,"percentBets_4":0},"output":{"chips":1}},
{"input":{"Win":0,"Lose":0.023333333333333334,"myCurrBet":0.023333333333333334,"step":0.25,"position":0.5,"bluff":0,"handValue":0.40000006111,"percentBets_3":0.06481481481481481},"output":{"chips":0}},
{"input":{"Win":0,"Lose":0.023333333333333334,"myCurrBet":0.023333333333333334,"step":0.25,"position":0.5,"bluff":0,"handValue":0.40000006111,"percentBets_3":0.06481481481481481},"output":{"chips":0}},
{"input":{"Win":0,"Lose":0.023333333333333334,"myCurrBet":0.023333333333333334,"step":0.25,"position":0.5,"bluff":0,"handValue":0.40000006111,"percentBets_3":0.06481481481481481},"output":{"chips":0}},
{"input":{"Win":0.03464203233256351,"Lose":0,"myCurrBet":0.0033333333333333335,"step":0,"position":0.5,"bluff":0,"percentBets_1":0,"handValue":0.60121,"percentBets_3":0.017316017316017316,"percentBets_4":0},"output":{"chips":1}},
{"input":{"Win":0.03464203233256351,"Lose":0,"myCurrBet":0.023333333333333334,"step":0.5,"position":0.5,"bluff":0,"handValue":0.10300000000000001,"percentBets_3":0.06060606060606061},"output":{"chips":0}},
{"input":{"Win":0.03464203233256351,"Lose":0,"myCurrBet":0.023333333333333334,"step":0.25,"position":0.5,"bluff":0,"handValue":0.1027,"percentBets_3":0.06060606060606061},"output":{"chips":0.5}},
{"input":{"Win":0.03464203233256351,"Lose":0,"myCurrBet":0.023333333333333334,"step":0.5,"position":0.5,"bluff":0,"handValue":0.10300000000000001,"percentBets_3":0.06060606060606061},"output":{"chips":0}},
{"input":{"Win":0.03464203233256351,"Lose":0,"myCurrBet":0.013333333333333334,"step":0,"position":0.5,"bluff":0,"handValue":0.60121,"percentBets_3":0.06060606060606061},"output":{"chips":0.5}},
{"input":{"Win":0.06220095693779904,"Lose":0,"myCurrBet":0.04,"step":0.5,"position":0.5,"bluff":0,"handValue":0.1024,"percentBets_3":0.11059907834101383},"output":{"chips":0}},
{"input":{"Win":0.06220095693779904,"Lose":0,"myCurrBet":0.04,"step":0.25,"position":0.5,"bluff":0,"handValue":0.1022,"percentBets_3":0.11059907834101383},"output":{"chips":0.5}},
{"input":{"Win":0.06220095693779904,"Lose":0,"myCurrBet":0.04,"step":0.5,"position":0.5,"bluff":0,"handValue":0.1024,"percentBets_3":0.11059907834101383},"output":{"chips":0}},
{"input":{"Win":0.06220095693779904,"Lose":0,"myCurrBet":0.006666666666666667,"step":0,"position":0.5,"bluff":0,"percentBets_1":0,"handValue":0.1014,"percentBets_3":0.07373271889400922,"percentBets_4":0},"output":{"chips":1}},
{"input":{"Win":0,"Lose":0.04,"myCurrBet":0.04,"step":0.5,"position":0.5,"bluff":0,"handValue":0.10260000000000001,"percentBets_3":0.12435233160621761},"output":{"chips":0}},
{"input":{"Win":0,"Lose":0.04,"myCurrBet":0.04,"step":0.5,"position":0.5,"bluff":0,"handValue":0.10260000000000001,"percentBets_3":0.12435233160621761},"output":{"chips":0}},
{"input":{"Win":0,"Lose":0.04,"myCurrBet":0.04,"step":0.25,"position":0.5,"bluff":0,"handValue":0.1013,"percentBets_3":0.12435233160621761},"output":{"chips":0.5}},
{"input":{"Win":0,"Lose":0.04,"myCurrBet":0.006666666666666667,"step":0,"position":0.5,"bluff":0,"percentBets_1":0,"handValue":0.10070000000000001,"percentBets_3":0.06217616580310881,"percentBets_4":0},"output":{"chips":1}},
{"input":{"Win":0.052884615384615384,"Lose":0,"myCurrBet":0.03333333333333333,"step":0.25,"position":0.5,"bluff":0,"handValue":0.1019,"percentBets_3":0.091324200913242},"output":{"chips":0.5}},
{"input":{"Win":0.052884615384615384,"Lose":0,"myCurrBet":0.006666666666666667,"step":0,"position":0.5,"bluff":0,"percentBets_1":0,"handValue":0.601201,"percentBets_3":0.0365296803652968,"percentBets_4":0},"output":{"chips":1}},
{"input":{"Win":0.052884615384615384,"Lose":0,"myCurrBet":0.03333333333333333,"step":0.5,"position":0.5,"bluff":0,"handValue":0.10250000000000001,"percentBets_3":0.091324200913242},"output":{"chips":0}},
{"input":{"Win":0.052884615384615384,"Lose":0,"myCurrBet":0.03333333333333333,"step":0.5,"position":0.5,"bluff":0,"handValue":0.10250000000000001,"percentBets_3":0.091324200913242},"output":{"chips":0}},
{"input":{"Win":0.04568527918781726,"Lose":0,"myCurrBet":0.02666666666666667,"step":0.25,"position":0.5,"bluff":0,"handValue":0.1038,"percentBets_3":0.08040201005025126},"output":{"chips":0.5}},
{"input":{"Win":0.04568527918781726,"Lose":0,"myCurrBet":0.02,"step":0,"position":0.5,"bluff":1,"handValue":0.500000000009,"percentBets_3":0.08040201005025126},"output":{"chips":0.5}},
{"input":{"Win":0.04568527918781726,"Lose":0,"myCurrBet":0.006666666666666667,"step":0,"position":0.5,"bluff":0,"percentBets_1":0,"handValue":0.500000000009,"percentBets_3":0.04020100502512563,"percentBets_4":0},"output":{"chips":1}},
{"input":{"Win":0.04568527918781726,"Lose":0,"myCurrBet":0.02666666666666667,"step":0.5,"position":0.5,"bluff":0,"handValue":0.10400000000000001,"percentBets_3":0.08040201005025126},"output":{"chips":0}},
{"input":{"Win":0.04568527918781726,"Lose":0,"myCurrBet":0.02666666666666667,"step":0.5,"position":0.5,"bluff":1,"handValue":0.10400000000000001,"percentBets_3":0.08040201005025126},"output":{"chips":0.5}},
{"input":{"Win":0,"Lose":0.04,"myCurrBet":0.006666666666666667,"step":0,"position":0.5,"bluff":0,"percentBets_1":0,"handValue":0.1,"percentBets_3":0.04371584699453552,"percentBets_4":0},"output":{"chips":1}},
{"input":{"Win":0,"Lose":0.04,"myCurrBet":0.02666666666666667,"step":0.25,"position":0.5,"bluff":0,"handValue":0.101,"percentBets_3":0.08743169398907104},"output":{"chips":0.5}},
{"input":{"Win":0,"Lose":0.04,"myCurrBet":0.02666666666666667,"step":0.5,"position":0.5,"bluff":0,"handValue":0.1015,"percentBets_3":0.08743169398907104},"output":{"chips":0}},
{"input":{"Win":0,"Lose":0.04,"myCurrBet":0.02666666666666667,"step":0.5,"position":0.5,"bluff":1,"handValue":0.1015,"percentBets_3":0.08743169398907104},"output":{"chips":1}},
{"input":{"Win":0.075,"Lose":0,"myCurrBet":0.02666666666666667,"step":0.25,"position":0.5,"bluff":0,"handValue":0.10250000000000001,"percentBets_3":0.07655502392344497},"output":{"chips":0.5}},
{"input":{"Win":0.075,"Lose":0,"myCurrBet":0.02666666666666667,"step":0.5,"position":0.5,"bluff":0,"handValue":0.10210000000000001,"percentBets_3":0.07655502392344497},"output":{"chips":0}},
{"input":{"Win":0.075,"Lose":0,"myCurrBet":0.04666666666666667,"step":0.75,"position":0.5,"bluff":0,"handValue":0.1032,"percentBets_3":0.1339712918660287},"output":{"chips":0}},
{"input":{"Win":0.075,"Lose":0,"myCurrBet":0.006666666666666667,"step":0,"position":0.5,"bluff":0,"percentBets_1":0,"handValue":0.10110000000000001,"percentBets_3":0.03827751196172249,"percentBets_4":0},"output":{"chips":1}},
{"input":{"Win":0.075,"Lose":0,"myCurrBet":0.02666666666666667,"step":0.5,"position":0.5,"bluff":1,"handValue":0.10210000000000001,"percentBets_3":0.11483253588516747},"output":{"chips":1}},
{"input":{"Win":0,"Lose":0.04,"myCurrBet":0.006666666666666667,"step":0,"position":0.5,"bluff":0,"percentBets_1":0,"handValue":0.500000000007,"percentBets_3":0.06629834254143646,"percentBets_4":0},"output":{"chips":1}},
{"input":{"Win":0,"Lose":0.04,"myCurrBet":0.04,"step":0.5,"position":0.5,"bluff":0,"handValue":0.10260000000000001,"percentBets_3":0.13259668508287292},"output":{"chips":0}},
{"input":{"Win":0,"Lose":0.04,"myCurrBet":0.04,"step":0.5,"position":0.5,"bluff":0,"handValue":0.10260000000000001,"percentBets_3":0.13259668508287292},"output":{"chips":0}},
{"input":{"Win":0,"Lose":0.04,"myCurrBet":0.04,"step":0.25,"position":0.5,"bluff":0,"handValue":0.1022,"percentBets_3":0.13259668508287292},"output":{"chips":0.5}},
{"input":{"Win":0,"Lose":0.03333333333333333,"myCurrBet":0.03333333333333333,"step":0.25,"position":0.5,"bluff":0,"handValue":0.10300000000000001,"percentBets_3":0.0966183574879227},"output":{"chips":0.5}},
{"input":{"Win":0,"Lose":0.03333333333333333,"myCurrBet":0.03333333333333333,"step":0.5,"position":0.5,"bluff":0,"handValue":0.10360000000000001,"percentBets_3":0.0966183574879227},"output":{"chips":0}},
{"input":{"Win":0,"Lose":0.03333333333333333,"myCurrBet":0.03333333333333333,"step":0.5,"position":0.5,"bluff":0,"handValue":0.10360000000000001,"percentBets_3":0.0966183574879227},"output":{"chips":0}},
{"input":{"Win":0,"Lose":0.03333333333333333,"myCurrBet":0.006666666666666667,"step":0,"position":0.5,"bluff":1,"percentBets_1":0,"handValue":0.10110000000000001,"percentBets_3":0.057971014492753624,"percentBets_4":0},"output":{"chips":1}},
{"input":{"Win":0.05314009661835749,"Lose":0,"myCurrBet":0.006666666666666667,"step":0,"position":0.5,"bluff":0,"percentBets_1":0,"handValue":0.1015,"percentBets_3":0.034934497816593885,"percentBets_4":0},"output":{"chips":1}},
{"input":{"Win":0.05314009661835749,"Lose":0,"myCurrBet":0.02,"step":0.25,"position":0.5,"bluff":0,"handValue":0.1048,"percentBets_3":0.05240174672489083},"output":{"chips":0.5}},
{"input":{"Win":0.05314009661835749,"Lose":0,"myCurrBet":0.02,"step":0.5,"position":0.5,"bluff":1,"handValue":0.10350000000000001,"percentBets_3":0.05240174672489083},"output":{"chips":1}},
{"input":{"Win":0.05314009661835749,"Lose":0,"myCurrBet":0.03333333333333333,"step":0.75,"position":0.5,"bluff":0,"handValue":0.1043,"percentBets_3":0.08733624454148471},"output":{"chips":0}},
{"input":{"Win":0.05612244897959184,"Lose":0,"myCurrBet":0.006666666666666667,"step":0,"position":0.5,"bluff":0,"percentBets_1":0,"handValue":0.1018,"percentBets_3":0.05741626794258373,"percentBets_4":0},"output":{"chips":1}},
{"input":{"Win":0.05612244897959184,"Lose":0,"myCurrBet":0.03333333333333333,"step":0.25,"position":0.5,"bluff":0,"handValue":0.1043,"percentBets_3":0.09569377990430622},"output":{"chips":0.5}},
{"input":{"Win":0.05612244897959184,"Lose":0,"myCurrBet":0.03333333333333333,"step":0.5,"position":0.5,"bluff":0,"handValue":0.10310000000000001,"percentBets_3":0.09569377990430622},"output":{"chips":0}},
{"input":{"Win":0.05612244897959184,"Lose":0,"myCurrBet":0.03333333333333333,"step":0.5,"position":0.5,"bluff":0,"handValue":0.10310000000000001,"percentBets_3":0.09569377990430622},"output":{"chips":0}},
{"input":{"Win":0.05945945945945946,"Lose":0,"myCurrBet":0.006666666666666667,"step":0,"position":0.5,"bluff":0,"percentBets_1":0,"handValue":0.601005,"percentBets_3":0.08465608465608465,"percentBets_4":0},"output":{"chips":0.5}},
{"input":{"Win":0.05945945945945946,"Lose":0,"myCurrBet":0.02666666666666667,"step":0.5,"position":0.5,"bluff":1,"handValue":0.10300000000000001,"percentBets_3":0.08465608465608465},"output":{"chips":1}},
{"input":{"Win":0.05945945945945946,"Lose":0,"myCurrBet":0.02666666666666667,"step":0.5,"position":0.5,"bluff":0,"handValue":0.10300000000000001,"percentBets_3":0.08465608465608465},"output":{"chips":0}},
{"input":{"Win":0.05945945945945946,"Lose":0,"myCurrBet":0.02666666666666667,"step":0.25,"position":0.5,"bluff":0,"handValue":0.1019,"percentBets_3":0.08465608465608465},"output":{"chips":0.5}},
{"input":{"Win":0,"Lose":0.03333333333333333,"myCurrBet":0.006666666666666667,"step":0,"position":0.5,"bluff":0,"percentBets_1":0,"handValue":0.500000000011,"percentBets_3":0.07100591715976332,"percentBets_4":0},"output":{"chips":1}},
{"input":{"Win":0,"Lose":0.03333333333333333,"myCurrBet":0.03333333333333333,"step":0.25,"position":0.5,"bluff":0,"handValue":0.10200000000000001,"percentBets_3":0.11834319526627218},"output":{"chips":0.5}},
{"input":{"Win":0,"Lose":0.03333333333333333,"myCurrBet":0.03333333333333333,"step":0.5,"position":0.5,"bluff":0,"handValue":0.10250000000000001,"percentBets_3":0.11834319526627218},"output":{"chips":0}},
{"input":{"Win":0,"Lose":0.03333333333333333,"myCurrBet":0.03333333333333333,"step":0.5,"position":0.5,"bluff":0,"handValue":0.10250000000000001,"percentBets_3":0.11834319526627218},"output":{"chips":0}},
{"input":{"Win":0.04891304347826087,"Lose":0,"myCurrBet":0.006666666666666667,"step":0,"position":0.5,"bluff":0,"percentBets_1":0,"handValue":0.101,"percentBets_3":0.020942408376963352,"percentBets_4":0},"output":{"chips":1}},
{"input":{"Win":0.04891304347826087,"Lose":0,"myCurrBet":0.02666666666666667,"step":0.25,"position":0.5,"bluff":0,"handValue":0.10400000000000001,"percentBets_3":0.08376963350785341},"output":{"chips":0.5}},
{"input":{"Win":0.04891304347826087,"Lose":0,"myCurrBet":0.02666666666666667,"step":0.5,"position":0.5,"bluff":0,"handValue":0.10350000000000001,"percentBets_3":0.08376963350785341},"output":{"chips":0}},
{"input":{"Win":0.04891304347826087,"Lose":0,"myCurrBet":0.013333333333333334,"step":0,"position":0.5,"bluff":1,"handValue":0.101,"percentBets_3":0.08376963350785341},"output":{"chips":0.5}},
{"input":{"Win":0.04891304347826087,"Lose":0,"myCurrBet":0.02666666666666667,"step":0.5,"position":0.5,"bluff":0,"handValue":0.10350000000000001,"percentBets_3":0.08376963350785341},"output":{"chips":0}},
{"input":{"Win":0,"Lose":0.05333333333333334,"myCurrBet":0.006666666666666667,"step":0,"position":0.5,"bluff":0,"percentBets_1":0,"handValue":0.1015,"percentBets_3":0.06857142857142857,"percentBets_4":0},"output":{"chips":1}},
{"input":{"Win":0,"Lose":0.05333333333333334,"myCurrBet":0.03333333333333333,"step":0,"position":0.5,"bluff":0,"handValue":0.1015,"percentBets_3":0.18285714285714286},"output":{"chips":0.5}},
{"input":{"Win":0,"Lose":0.05333333333333334,"myCurrBet":0.05333333333333334,"step":0.25,"position":0.5,"bluff":0,"handValue":0.1024,"percentBets_3":0.18285714285714286},"output":{"chips":0}},
{"input":{"Win":0,"Lose":0.05333333333333334,"myCurrBet":0.05333333333333334,"step":0.25,"position":0.5,"bluff":0,"handValue":0.1024,"percentBets_3":0.18285714285714286},"output":{"chips":0}},
{"input":{"Win":0,"Lose":0.05333333333333334,"myCurrBet":0.05333333333333334,"step":0.25,"position":0.5,"bluff":0,"handValue":0.10260000000000001,"percentBets_3":0.18285714285714286},"output":{"chips":0}},
{"input":{"Win":0.07853403141361257,"Lose":0,"myCurrBet":0.006666666666666667,"step":0,"position":0.5,"bluff":1,"percentBets_1":0,"handValue":0.1008,"percentBets_3":0.07655502392344497,"percentBets_4":0},"output":{"chips":1}},
{"input":{"Win":0.07853403141361257,"Lose":0,"myCurrBet":0.04666666666666667,"step":0.25,"position":0.5,"bluff":0,"handValue":0.10120000000000001,"percentBets_3":0.1339712918660287},"output":{"chips":0.5}},
{"input":{"Win":0.07853403141361257,"Lose":0,"myCurrBet":0.04666666666666667,"step":0.5,"position":0.5,"bluff":0,"handValue":0.1022,"percentBets_3":0.1339712918660287},"output":{"chips":0}},
{"input":{"Win":0.07853403141361257,"Lose":0,"myCurrBet":0.04666666666666667,"step":0.5,"position":0.5,"bluff":0,"handValue":0.1022,"percentBets_3":0.1339712918660287},"output":{"chips":0}},
{"input":{"Win":0.07670454545454546,"Lose":0,"myCurrBet":0.01,"step":0,"position":0.5,"bluff":0,"percentBets_1":0,"handValue":0.10120000000000001,"percentBets_3":0.13259668508287292,"percentBets_4":0},"output":{"chips":0.5}},
{"input":{"Win":0.07670454545454546,"Lose":0,"myCurrBet":0.04,"step":0.5,"position":0.5,"bluff":0,"handValue":0.1048,"percentBets_3":0.13259668508287292},"output":{"chips":0}},
{"input":{"Win":0.07670454545454546,"Lose":0,"myCurrBet":0.04,"step":0.25,"position":0.5,"bluff":0,"handValue":0.10350000000000001,"percentBets_3":0.13259668508287292},"output":{"chips":0.5}},
{"input":{"Win":0.07670454545454546,"Lose":0,"myCurrBet":0.04,"step":0.5,"position":0.5,"bluff":0,"handValue":0.1048,"percentBets_3":0.13259668508287292},"output":{"chips":0}},
{"input":{"Win":0.06461538461538462,"Lose":0,"myCurrBet":0.01,"step":0,"position":0.5,"bluff":0,"percentBets_1":0,"handValue":0.1018,"percentBets_3":0.07643312101910828,"percentBets_4":0},"output":{"chips":1}},
{"input":{"Win":0.06461538461538462,"Lose":0,"myCurrBet":0.03,"step":0.25,"position":0.5,"bluff":1,"handValue":0.1037,"percentBets_3":0.11464968152866242},"output":{"chips":0.5}},
{"input":{"Win":0.06461538461538462,"Lose":0,"myCurrBet":0.03,"step":0.5,"position":0.5,"bluff":0,"handValue":0.1024,"percentBets_3":0.11464968152866242},"output":{"chips":0}},
{"input":{"Win":0.06461538461538462,"Lose":0,"myCurrBet":0.03,"step":0.5,"position":0.5,"bluff":0,"handValue":0.1024,"percentBets_3":0.11464968152866242},"output":{"chips":0}},
{"input":{"Win":0.06907894736842106,"Lose":0,"myCurrBet":0.02,"step":0.25,"position":0.5,"bluff":0,"handValue":0.1037,"percentBets_3":0.08633093525179857},"output":{"chips":0.5}},
{"input":{"Win":0.06907894736842106,"Lose":0,"myCurrBet":0.02,"step":0.5,"position":0.5,"bluff":1,"handValue":0.1039,"percentBets_3":0.08633093525179857},"output":{"chips":1}},
{"input":{"Win":0.06907894736842106,"Lose":0,"myCurrBet":0.01,"step":0,"position":0.5,"bluff":0,"percentBets_1":0,"handValue":0.600806,"percentBets_3":0.08633093525179857,"percentBets_4":0},"output":{"chips":0.5}},
{"input":{"Win":0.06907894736842106,"Lose":0,"myCurrBet":0.02,"step":0.5,"position":0.5,"bluff":0,"handValue":0.1039,"percentBets_3":0.08633093525179857},"output":{"chips":0}},
{"input":{"Win":0,"Lose":0,"myCurrBet":0.01,"step":0,"position":0.5,"bluff":0,"percentBets_1":0,"handValue":0.601001,"percentBets_3":0.09917355371900827,"percentBets_4":0},"output":{"chips":0}},
{"input":{"Win":0,"Lose":0.05,"myCurrBet":0.01,"step":0,"position":0.5,"bluff":0,"percentBets_1":0,"handValue":0.101,"percentBets_3":0.09230769230769231,"percentBets_4":0},"output":{"chips":1}},
{"input":{"Win":0,"Lose":0.05,"myCurrBet":0.04,"step":0.25,"position":0.5,"bluff":0,"handValue":0.1029,"percentBets_3":0.18461538461538463},"output":{"chips":0.5}},
{"input":{"Win":0,"Lose":0.05,"myCurrBet":0.04,"step":0.5,"position":0.5,"bluff":0,"handValue":0.1023,"percentBets_3":0.18461538461538463},"output":{"chips":0}},
{"input":{"Win":0,"Lose":0.05,"myCurrBet":0.04,"step":0.5,"position":0.5,"bluff":1,"handValue":0.1023,"percentBets_3":0.18461538461538463},"output":{"chips":0.5}},
{"input":{"Win":0,"Lose":0.06,"myCurrBet":0.01,"step":0,"position":0.5,"bluff":0,"percentBets_1":0,"handValue":0.400000000013,"percentBets_3":0.11464968152866242,"percentBets_4":0},"output":{"chips":1}},
{"input":{"Win":0,"Lose":0.06,"myCurrBet":0.06,"step":0.75,"position":0.5,"bluff":0,"handValue":0.1052,"percentBets_3":0.22929936305732485},"output":{"chips":0}},
{"input":{"Win":0,"Lose":0.06,"myCurrBet":0.06,"step":0.25,"position":0.5,"bluff":0,"handValue":0.1038,"percentBets_3":0.22929936305732485},"output":{"chips":0}},
{"input":{"Win":0,"Lose":0.06,"myCurrBet":0.06,"step":0.25,"position":0.5,"bluff":1,"handValue":0.1038,"percentBets_3":0.22929936305732485},"output":{"chips":0.5}},
{"input":{"Win":0,"Lose":0,"myCurrBet":0.01,"step":0,"position":0.5,"bluff":0,"percentBets_1":0,"handValue":0.600501,"percentBets_3":0.09183673469387756,"percentBets_4":0},"output":{"chips":0}},
{"input":{"Win":0,"Lose":0.05,"myCurrBet":0.01,"step":0,"position":0.5,"bluff":0,"percentBets_1":0,"handValue":0.1014,"percentBets_3":0.02926829268292683,"percentBets_4":0},"output":{"chips":1}},
{"input":{"Win":0,"Lose":0.05,"myCurrBet":0.04,"step":0.25,"position":0.5,"bluff":0,"handValue":0.1033,"percentBets_3":0.11707317073170732},"output":{"chips":0.5}},
{"input":{"Win":0,"Lose":0.05,"myCurrBet":0.04,"step":0.5,"position":0.5,"bluff":0,"handValue":0.1046,"percentBets_3":0.11707317073170732},"output":{"chips":0}},
{"input":{"Win":0,"Lose":0.05,"myCurrBet":0.04,"step":0.5,"position":0.5,"bluff":0,"handValue":0.1046,"percentBets_3":0.11707317073170732},"output":{"chips":0}},
{"input":{"Win":0,"Lose":0.05,"myCurrBet":0.01,"step":0,"position":0.5,"bluff":0,"percentBets_1":0,"handValue":0.10110000000000001,"percentBets_3":0.10344827586206896,"percentBets_4":0},"output":{"chips":1}},
{"input":{"Win":0,"Lose":0.05,"myCurrBet":0.05,"step":0.25,"position":0.5,"bluff":0,"handValue":0.1022,"percentBets_3":0.12931034482758622},"output":{"chips":0.5}},
{"input":{"Win":0,"Lose":0.05,"myCurrBet":0.05,"step":0.5,"position":0.5,"bluff":0,"handValue":0.1028,"percentBets_3":0.12931034482758622},"output":{"chips":0}},
{"input":{"Win":0,"Lose":0.05,"myCurrBet":0.05,"step":0.5,"position":0.5,"bluff":0,"handValue":0.1028,"percentBets_3":0.12931034482758622},"output":{"chips":0}},
{"input":{"Win":0,"Lose":0.06,"myCurrBet":0.01,"step":0,"position":0.5,"bluff":0,"percentBets_1":0,"handValue":0.1014,"percentBets_3":0.06792452830188679,"percentBets_4":0},"output":{"chips":1}},
{"input":{"Win":0,"Lose":0.06,"myCurrBet":0.06,"step":0.25,"position":0.5,"bluff":0,"handValue":0.1047,"percentBets_3":0.13584905660377358},"output":{"chips":0.5}},
{"input":{"Win":0,"Lose":0.06,"myCurrBet":0.06,"step":0.5,"position":0.5,"bluff":0,"handValue":0.1051,"percentBets_3":0.13584905660377358},"output":{"chips":0}},
{"input":{"Win":0,"Lose":0.06,"myCurrBet":0.06,"step":0.5,"position":0.5,"bluff":0,"handValue":0.1051,"percentBets_3":0.13584905660377358},"output":{"chips":0}},
{"input":{"Win":0.060674157303370786,"Lose":0,"myCurrBet":0.01,"step":0,"position":0.5,"bluff":0,"percentBets_1":0,"handValue":0.600706,"percentBets_3":0.07894736842105263,"percentBets_4":0},"output":{"chips":0.5}},
{"input":{"Win":0.060674157303370786,"Lose":0,"myCurrBet":0.04,"step":0.5,"position":0.5,"bluff":0,"handValue":0.1048,"percentBets_3":0.07894736842105263},"output":{"chips":0}},
{"input":{"Win":0.060674157303370786,"Lose":0,"myCurrBet":0.04,"step":0.5,"position":0.5,"bluff":0,"handValue":0.1048,"percentBets_3":0.07894736842105263},"output":{"chips":0}},
{"input":{"Win":0.060674157303370786,"Lose":0,"myCurrBet":0.04,"step":0.25,"position":0.5,"bluff":0,"handValue":0.1037,"percentBets_3":0.07894736842105263},"output":{"chips":0.5}},
{"input":{"Win":0.07894736842105263,"Lose":0,"myCurrBet":0.01,"step":0,"position":0.5,"bluff":0,"percentBets_1":0,"handValue":0.10070000000000001,"percentBets_3":0.08571428571428572,"percentBets_4":0},"output":{"chips":1}},
{"input":{"Win":0.07894736842105263,"Lose":0,"myCurrBet":0.05,"step":0.25,"position":0.5,"bluff":0,"handValue":0.1023,"percentBets_3":0.10714285714285714},"output":{"chips":0.5}},
{"input":{"Win":0.07894736842105263,"Lose":0,"myCurrBet":0.05,"step":0.5,"position":0.5,"bluff":0,"handValue":0.10300000000000001,"percentBets_3":0.10714285714285714},"output":{"chips":0}},
{"input":{"Win":0.07894736842105263,"Lose":0,"myCurrBet":0.05,"step":0.5,"position":0.5,"bluff":0,"handValue":0.10300000000000001,"percentBets_3":0.10714285714285714},"output":{"chips":0}},
{"input":{"Win":0,"Lose":0.04,"myCurrBet":0.01,"step":0,"position":0.5,"bluff":0,"percentBets_1":0,"handValue":0.500000000009,"percentBets_3":0.096,"percentBets_4":0},"output":{"chips":0.5}},
{"input":{"Win":0,"Lose":0.04,"myCurrBet":0.04,"step":0.5,"position":0.5,"bluff":0,"handValue":0.1022,"percentBets_3":0.096},"output":{"chips":0}},
{"input":{"Win":0,"Lose":0.04,"myCurrBet":0.04,"step":0.25,"position":0.5,"bluff":0,"handValue":0.1014,"percentBets_3":0.096},"output":{"chips":0.5}},
{"input":{"Win":0,"Lose":0.04,"myCurrBet":0.04,"step":0.5,"position":0.5,"bluff":0,"handValue":0.1022,"percentBets_3":0.096},"output":{"chips":0}},
{"input":{"Win":0.08068459657701711,"Lose":0,"myCurrBet":0.01,"step":0,"position":0.5,"bluff":0,"percentBets_1":0,"handValue":0.601306,"percentBets_3":0.04332129963898917,"percentBets_4":0},"output":{"chips":1}},
{"input":{"Win":0.08068459657701711,"Lose":0,"myCurrBet":0.05,"step":0.5,"position":0.5,"bluff":1,"handValue":0.1056,"percentBets_3":0.10830324909747292},"output":{"chips":1}},
{"input":{"Win":0.08068459657701711,"Lose":0,"myCurrBet":0.05,"step":0.25,"position":0.5,"bluff":1,"handValue":0.1044,"percentBets_3":0.10830324909747292},"output":{"chips":0.5}},
{"input":{"Win":0,"Lose":0.03,"myCurrBet":0.01,"step":0,"position":0.5,"bluff":0,"percentBets_1":0,"handValue":0.601312,"percentBets_3":0.0728744939271255,"percentBets_4":0},"output":{"chips":0.5}},
{"input":{"Win":0,"Lose":0.03,"myCurrBet":0.03,"step":0.5,"position":0.5,"bluff":0,"handValue":0.10400000000000001,"percentBets_3":0.0728744939271255},"output":{"chips":0}},
{"input":{"Win":0,"Lose":0.03,"myCurrBet":0.03,"step":0.5,"position":0.5,"bluff":0,"handValue":0.10400000000000001,"percentBets_3":0.0728744939271255},"output":{"chips":0}},
{"input":{"Win":0,"Lose":0.03,"myCurrBet":0.03,"step":0.25,"position":0.5,"bluff":0,"handValue":0.1037,"percentBets_3":0.0728744939271255},"output":{"chips":0.5}},
{"input":{"Win":0,"Lose":0.05,"myCurrBet":0.01,"step":0,"position":0.5,"bluff":0,"percentBets_1":0,"handValue":0.10250000000000001,"percentBets_3":0.06716417910447761,"percentBets_4":0},"output":{"chips":1}},
{"input":{"Win":0,"Lose":0.05,"myCurrBet":0.05,"step":0.25,"position":0.5,"bluff":0,"handValue":0.1029,"percentBets_3":0.11194029850746269},"output":{"chips":0.5}},
{"input":{"Win":0,"Lose":0.05,"myCurrBet":0.05,"step":0.5,"position":0.5,"bluff":0,"handValue":0.30000013111199997,"percentBets_3":0.11194029850746269},"output":{"chips":0}},
{"input":{"Win":0,"Lose":0.05,"myCurrBet":0.05,"step":0.5,"position":0.5,"bluff":0,"handValue":0.30000013111199997,"percentBets_3":0.11194029850746269},"output":{"chips":0}},
{"input":{"Win":0.06367924528301887,"Lose":0,"myCurrBet":0.04,"step":0.5,"position":0.5,"bluff":0,"handValue":0.1032,"percentBets_3":0.07973421926910298},"output":{"chips":0}},
{"input":{"Win":0.06367924528301887,"Lose":0,"myCurrBet":0.01,"step":0,"position":0.5,"bluff":0,"percentBets_1":0,"handValue":0.1015,"percentBets_3":0.019933554817275746,"percentBets_4":0},"output":{"chips":1}},
{"input":{"Win":0.06367924528301887,"Lose":0,"myCurrBet":0.02,"step":0.25,"position":0.5,"bluff":0,"handValue":0.1034,"percentBets_3":0.03986710963455149},"output":{"chips":1}},
{"input":{"Win":0.06367924528301887,"Lose":0,"myCurrBet":0.04,"step":0.5,"position":0.5,"bluff":0,"handValue":0.1032,"percentBets_3":0.07973421926910298},"output":{"chips":0}},
{"input":{"Win":0,"Lose":0.04,"myCurrBet":0.01,"step":0,"position":0.5,"bluff":0,"percentBets_1":0,"handValue":0.601001,"percentBets_3":0.08664259927797834,"percentBets_4":0},"output":{"chips":0.5}},
{"input":{"Win":0,"Lose":0.04,"myCurrBet":0.04,"step":0.25,"position":0.5,"bluff":0,"handValue":0.1014,"percentBets_3":0.08664259927797834},"output":{"chips":0.5}},
{"input":{"Win":0,"Lose":0.04,"myCurrBet":0.04,"step":0.5,"position":0.5,"bluff":0,"handValue":0.30000013031,"percentBets_3":0.08664259927797834},"output":{"chips":0}},
{"input":{"Win":0,"Lose":0.04,"myCurrBet":0.04,"step":0.5,"position":0.5,"bluff":0,"handValue":0.30000013031,"percentBets_3":0.08664259927797834},"output":{"chips":0}},
{"input":{"Win":0.07838479809976247,"Lose":0,"myCurrBet":0.05,"step":0.25,"position":0.5,"bluff":0,"handValue":0.1014,"percentBets_3":0.09868421052631579},"output":{"chips":0.5}},
{"input":{"Win":0.07838479809976247,"Lose":0,"myCurrBet":0.01,"step":0,"position":0.5,"bluff":0,"percentBets_1":0,"handValue":0.10070000000000001,"percentBets_3":0.07894736842105263,"percentBets_4":0},"output":{"chips":1}},
{"input":{"Win":0.07838479809976247,"Lose":0,"myCurrBet":0.05,"step":0.5,"position":0.5,"bluff":0,"handValue":0.1023,"percentBets_3":0.09868421052631579},"output":{"chips":0}},
{"input":{"Win":0.07838479809976247,"Lose":0,"myCurrBet":0.05,"step":0.5,"position":0.5,"bluff":0,"handValue":0.1023,"percentBets_3":0.09868421052631579},"output":{"chips":0}},
{"input":{"Win":0,"Lose":0.03,"myCurrBet":0.01,"step":0,"position":0.5,"bluff":0,"percentBets_1":0,"handValue":0.601009,"percentBets_3":0.06569343065693431,"percentBets_4":0},"output":{"chips":0.5}},
{"input":{"Win":0,"Lose":0.03,"myCurrBet":0.03,"step":0.25,"position":0.5,"bluff":0,"handValue":0.1044,"percentBets_3":0.06569343065693431},"output":{"chips":0.5}},
{"input":{"Win":0,"Lose":0.03,"myCurrBet":0.03,"step":0.5,"position":0.5,"bluff":0,"handValue":0.1056,"percentBets_3":0.06569343065693431},"output":{"chips":0}},
{"input":{"Win":0,"Lose":0.03,"myCurrBet":0.03,"step":0.5,"position":0.5,"bluff":0,"handValue":0.1056,"percentBets_3":0.06569343065693431},"output":{"chips":0}},
{"input":{"Win":0,"Lose":0.06666666666666667,"myCurrBet":0.013333333333333334,"step":0,"position":0.5,"bluff":0,"percentBets_1":0,"handValue":0.10120000000000001,"percentBets_3":0.05423728813559322,"percentBets_4":0},"output":{"chips":1}},
{"input":{"Win":0,"Lose":0.06666666666666667,"myCurrBet":0.06666666666666667,"step":0.25,"position":0.5,"bluff":0,"handValue":0.1019,"percentBets_3":0.13559322033898305},"output":{"chips":0.5}},
{"input":{"Win":0,"Lose":0.06666666666666667,"myCurrBet":0.06666666666666667,"step":0.5,"position":0.5,"bluff":0,"handValue":0.10310000000000001,"percentBets_3":0.13559322033898305},"output":{"chips":0}},
{"input":{"Win":0,"Lose":0.06666666666666667,"myCurrBet":0.06666666666666667,"step":0.5,"position":0.5,"bluff":0,"handValue":0.10310000000000001,"percentBets_3":0.13559322033898305},"output":{"chips":0}},
{"input":{"Win":0.09865470852017937,"Lose":0,"myCurrBet":0.06666666666666667,"step":0.25,"position":0.5,"bluff":0,"handValue":0.1018,"percentBets_3":0.11799410029498525},"output":{"chips":0.5}},
{"input":{"Win":0.09865470852017937,"Lose":0,"myCurrBet":0.013333333333333334,"step":0,"position":0.5,"bluff":0,"percentBets_1":0,"handValue":0.1,"percentBets_3":0.0943952802359882,"percentBets_4":0},"output":{"chips":1}},
{"input":{"Win":0.09865470852017937,"Lose":0,"myCurrBet":0.06666666666666667,"step":0.5,"position":0.5,"bluff":0,"handValue":0.10260000000000001,"percentBets_3":0.11799410029498525},"output":{"chips":0}},
{"input":{"Win":0.09865470852017937,"Lose":0,"myCurrBet":0.06666666666666667,"step":0.5,"position":0.5,"bluff":0,"handValue":0.10260000000000001,"percentBets_3":0.11799410029498525},"output":{"chips":0}},
{"input":{"Win":0.08955223880597014,"Lose":0,"myCurrBet":0.013333333333333334,"step":0,"position":0.5,"bluff":0,"percentBets_1":0,"handValue":0.500000000003,"percentBets_3":0.05351170568561873,"percentBets_4":0},"output":{"chips":1}},
{"input":{"Win":0.08955223880597014,"Lose":0,"myCurrBet":0.05333333333333334,"step":0.5,"position":0.5,"bluff":0,"handValue":0.10120000000000001,"percentBets_3":0.10702341137123746},"output":{"chips":0}},
{"input":{"Win":0.08955223880597014,"Lose":0,"myCurrBet":0.05333333333333334,"step":0.25,"position":0.5,"bluff":0,"handValue":0.10060000000000001,"percentBets_3":0.10702341137123746},"output":{"chips":0.5}},
{"input":{"Win":0.08955223880597014,"Lose":0,"myCurrBet":0.05333333333333334,"step":0.5,"position":0.5,"bluff":0,"handValue":0.10120000000000001,"percentBets_3":0.10702341137123746},"output":{"chips":0}},
{"input":{"Win":0.12021857923497267,"Lose":0,"myCurrBet":0.013333333333333334,"step":0,"position":0.5,"bluff":1,"percentBets_1":0,"handValue":0.10160000000000001,"percentBets_3":0.1198501872659176,"percentBets_4":0},"output":{"chips":1}},
{"input":{"Win":0.12021857923497267,"Lose":0,"myCurrBet":0.06666666666666667,"step":0.5,"position":0.5,"bluff":0,"handValue":0.1043,"percentBets_3":0.149812734082397},"output":{"chips":0}},
{"input":{"Win":0.12021857923497267,"Lose":0,"myCurrBet":0.06666666666666667,"step":0.25,"position":0.5,"bluff":0,"handValue":0.1039,"percentBets_3":0.149812734082397},"output":{"chips":0.5}},
{"input":{"Win":0.12021857923497267,"Lose":0,"myCurrBet":0.06666666666666667,"step":0.5,"position":0.5,"bluff":0,"handValue":0.1043,"percentBets_3":0.149812734082397},"output":{"chips":0}},
{"input":{"Win":0,"Lose":0.08,"myCurrBet":0.08,"step":0.25,"position":0.5,"bluff":0,"handValue":0.1019,"percentBets_3":0.21145374449339208},"output":{"chips":0}},
{"input":{"Win":0,"Lose":0.08,"myCurrBet":0.013333333333333334,"step":0,"position":0.5,"bluff":0,"percentBets_1":0,"handValue":0.10210000000000001,"percentBets_3":0.10572687224669604,"percentBets_4":0},"output":{"chips":1}},
{"input":{"Win":0,"Lose":0.08,"myCurrBet":0.08,"step":0.25,"position":0.5,"bluff":0,"handValue":0.1029,"percentBets_3":0.21145374449339208},"output":{"chips":0}},
{"input":{"Win":0,"Lose":0.08,"myCurrBet":0.08,"step":0.25,"position":0.5,"bluff":0,"handValue":0.1019,"percentBets_3":0.21145374449339208},"output":{"chips":0}},
{"input":{"Win":0.05405405405405406,"Lose":0,"myCurrBet":0.013333333333333334,"step":0,"position":0.5,"bluff":0,"percentBets_1":0,"handValue":0.500000000003,"percentBets_3":0.02867383512544803,"percentBets_4":0},"output":{"chips":1}},
{"input":{"Win":0.05405405405405406,"Lose":0,"myCurrBet":0.02666666666666667,"step":0.5,"position":0.5,"bluff":0,"handValue":0.1017,"percentBets_3":0.05734767025089606},"output":{"chips":0}},
{"input":{"Win":0.05405405405405406,"Lose":0,"myCurrBet":0.02666666666666667,"step":0.25,"position":0.5,"bluff":0,"handValue":0.101,"percentBets_3":0.05734767025089606},"output":{"chips":0.5}},
{"input":{"Win":0.05405405405405406,"Lose":0,"myCurrBet":0.02666666666666667,"step":0.5,"position":0.5,"bluff":0,"handValue":0.1017,"percentBets_3":0.05734767025089606},"output":{"chips":0}},
{"input":{"Win":0,"Lose":0.02666666666666667,"myCurrBet":0.013333333333333334,"step":0,"position":0.5,"bluff":0,"percentBets_1":0,"handValue":0.600907,"percentBets_3":0.060836501901140684,"percentBets_4":0},"output":{"chips":0.5}},
{"input":{"Win":0,"Lose":0.02666666666666667,"myCurrBet":0.02666666666666667,"step":0.25,"position":0.5,"bluff":0,"handValue":0.1042,"percentBets_3":0.060836501901140684},"output":{"chips":0.5}},
{"input":{"Win":0,"Lose":0.02666666666666667,"myCurrBet":0.02666666666666667,"step":0.5,"position":0.5,"bluff":0,"handValue":0.10360000000000001,"percentBets_3":0.060836501901140684},"output":{"chips":0}},
{"input":{"Win":0,"Lose":0.02666666666666667,"myCurrBet":0.02666666666666667,"step":0.5,"position":0.5,"bluff":0,"handValue":0.10360000000000001,"percentBets_3":0.060836501901140684},"output":{"chips":0}},
{"input":{"Win":0,"Lose":0.05333333333333334,"myCurrBet":0.013333333333333334,"step":0,"position":0.5,"bluff":0,"percentBets_1":0,"handValue":0.10200000000000001,"percentBets_3":0.08480565371024736,"percentBets_4":0},"output":{"chips":1}},
{"input":{"Win":0,"Lose":0.05333333333333334,"myCurrBet":0.05333333333333334,"step":0.25,"position":0.5,"bluff":0,"handValue":0.10210000000000001,"percentBets_3":0.11307420494699646},"output":{"chips":0.5}},
{"input":{"Win":0,"Lose":0.05333333333333334,"myCurrBet":0.05333333333333334,"step":0.5,"position":0.5,"bluff":0,"handValue":0.1027,"percentBets_3":0.11307420494699646},"output":{"chips":0}},
{"input":{"Win":0,"Lose":0.05333333333333334,"myCurrBet":0.05333333333333334,"step":0.5,"position":0.5,"bluff":0,"handValue":0.1027,"percentBets_3":0.11307420494699646},"output":{"chips":0}},
{"input":{"Win":0,"Lose":0,"myCurrBet":0.013333333333333334,"step":0,"position":0.5,"bluff":0,"percentBets_1":0,"handValue":0.10070000000000001,"percentBets_3":0.050156739811912224,"percentBets_4":0},"output":{"chips":1}},
{"input":{"Win":0,"Lose":0,"myCurrBet":0.05333333333333334,"step":0.25,"position":0.5,"bluff":0,"handValue":0.10210000000000001,"percentBets_3":0.15047021943573669},"output":{"chips":0}},
{"input":{"Win":0,"Lose":0,"myCurrBet":0.05333333333333334,"step":0.25,"position":0.5,"bluff":0,"handValue":0.10210000000000001,"percentBets_3":0.10031347962382445},"output":{"chips":0.5}},
{"input":{"Win":0,"Lose":0.10666666666666667,"myCurrBet":0.04,"step":0.5,"position":0.5,"bluff":1,"handValue":0.1043,"percentBets_3":0.0676056338028169},"output":{"chips":1}},
{"input":{"Win":0,"Lose":0.10666666666666667,"myCurrBet":0.013333333333333334,"step":0,"position":0.5,"bluff":0,"percentBets_1":0,"handValue":0.10110000000000001,"percentBets_3":0.04507042253521127,"percentBets_4":0},"output":{"chips":1}},
{"input":{"Win":0,"Lose":0.10666666666666667,"myCurrBet":0.04,"step":0.25,"position":0.5,"bluff":0,"handValue":0.1032,"percentBets_3":0.0676056338028169},"output":{"chips":0.5}},
{"input":{"Win":0,"Lose":0.10666666666666667,"myCurrBet":0.05333333333333334,"step":0.75,"position":0.5,"bluff":0,"handValue":0.10550000000000001,"percentBets_3":0.09014084507042254},"output":{"chips":0}},
{"input":{"Win":0,"Lose":0,"myCurrBet":0.013333333333333334,"step":0,"position":0.5,"bluff":0,"percentBets_1":0,"handValue":0.500000000011,"percentBets_3":0.04092071611253197,"percentBets_4":0},"output":{"chips":1}},
{"input":{"Win":0,"Lose":0,"myCurrBet":0.05333333333333334,"step":0.25,"position":0.5,"bluff":0,"handValue":0.400000041109,"percentBets_3":0.08184143222506395},"output":{"chips":0}},
{"input":{"Win":0,"Lose":0,"myCurrBet":0.05333333333333334,"step":0.25,"position":0.5,"bluff":0,"handValue":0.40000004110000004,"percentBets_3":0.12276214833759591},"output":{"chips":0}},
{"input":{"Win":0,"Lose":0,"myCurrBet":0.05333333333333334,"step":0.25,"position":0.5,"bluff":0,"handValue":0.400000041109,"percentBets_3":0.08184143222506395},"output":{"chips":0}},
{"input":{"Win":0,"Lose":0,"myCurrBet":0.05333333333333334,"step":0.25,"position":0.5,"bluff":0,"handValue":0.7000000004089999,"percentBets_3":0.08184143222506395},"output":{"chips":0}},
{"input":{"Win":0.06060606060606061,"Lose":0,"myCurrBet":0.013333333333333334,"step":0,"position":0.5,"bluff":0,"percentBets_1":0,"handValue":0.1014,"percentBets_3":0.07494145199063232,"percentBets_4":0},"output":{"chips":1}},
{"input":{"Win":0.06060606060606061,"Lose":0,"myCurrBet":0.09333333333333334,"step":0.5,"position":0.5,"bluff":0,"handValue":0.1029,"percentBets_3":0.13114754098360656},"output":{"chips":0}},
{"input":{"Win":0.06060606060606061,"Lose":0,"myCurrBet":0.09333333333333334,"step":0.5,"position":0.5,"bluff":0,"handValue":0.1029,"percentBets_3":0.13114754098360656},"output":{"chips":0}},
{"input":{"Win":0.06060606060606061,"Lose":0,"myCurrBet":0.09333333333333334,"step":0.25,"position":0.5,"bluff":1,"handValue":0.1024,"percentBets_3":0.13114754098360656},"output":{"chips":0.5}},
{"input":{"Win":0,"Lose":0.08,"myCurrBet":0.013333333333333334,"step":0,"position":0.5,"bluff":0,"percentBets_1":0,"handValue":0.10210000000000001,"percentBets_3":0.0646900269541779,"percentBets_4":0},"output":{"chips":1}},
{"input":{"Win":0,"Lose":0.08,"myCurrBet":0.08,"step":0.25,"position":0.5,"bluff":0,"handValue":0.1029,"percentBets_3":0.1293800539083558},"output":{"chips":0.5}},
{"input":{"Win":0,"Lose":0.08,"myCurrBet":0.08,"step":0.5,"position":0.5,"bluff":0,"handValue":0.10360000000000001,"percentBets_3":0.1293800539083558},"output":{"chips":0}},
{"input":{"Win":0,"Lose":0.08,"myCurrBet":0.08,"step":0.5,"position":0.5,"bluff":1,"handValue":0.10360000000000001,"percentBets_3":0.1293800539083558},"output":{"chips":0.5}},
{"input":{"Win":0,"Lose":0.04,"myCurrBet":0.04,"step":0.5,"position":0.5,"bluff":0,"handValue":0.300000120213,"percentBets_3":0.05673758865248227},"output":{"chips":0}},
{"input":{"Win":0,"Lose":0.04,"myCurrBet":0.02666666666666667,"step":0.25,"position":0.5,"bluff":0,"handValue":0.10260000000000001,"percentBets_3":0.037825059101654845},"output":{"chips":1}},
{"input":{"Win":0,"Lose":0.04,"myCurrBet":0.013333333333333334,"step":0,"position":0.5,"bluff":0,"percentBets_1":0,"handValue":0.1023,"percentBets_3":0.018912529550827423,"percentBets_4":0},"output":{"chips":1}},
{"input":{"Win":0,"Lose":0.04,"myCurrBet":0.04,"step":0.5,"position":0.5,"bluff":0,"handValue":0.300000120213,"percentBets_3":0.05673758865248227},"output":{"chips":0}},
{"input":{"Win":0.07114624505928854,"Lose":0,"myCurrBet":0.013333333333333334,"step":0,"position":0.5,"bluff":1,"percentBets_1":0,"handValue":0.6005039999999999,"percentBets_3":0.017738359201773836,"percentBets_4":0},"output":{"chips":0.5}},
{"input":{"Win":0.07114624505928854,"Lose":0,"myCurrBet":0.05333333333333334,"step":0.5,"position":0.5,"bluff":0,"handValue":0.10300000000000001,"percentBets_3":0.07095343680709534},"output":{"chips":0}},
{"input":{"Win":0.07114624505928854,"Lose":0,"myCurrBet":0.05333333333333334,"step":0.5,"position":0.5,"bluff":1,"handValue":0.10300000000000001,"percentBets_3":0.07095343680709534},"output":{"chips":0.5}},
{"input":{"Win":0.07114624505928854,"Lose":0,"myCurrBet":0.013333333333333334,"step":0.25,"position":0.5,"bluff":0,"handValue":0.1019,"percentBets_3":0.07095343680709534},"output":{"chips":0.5}},
{"input":{"Win":0.11063829787234042,"Lose":0,"myCurrBet":0.013333333333333334,"step":0,"position":0.5,"bluff":0,"percentBets_1":0,"handValue":0.1013,"percentBets_3":0.07637231503579953,"percentBets_4":0},"output":{"chips":1}},
{"input":{"Win":0.11063829787234042,"Lose":0,"myCurrBet":0.08,"step":0.25,"position":0.5,"bluff":0,"handValue":0.1039,"percentBets_3":0.11455847255369929},"output":{"chips":0.5}},
{"input":{"Win":0.11063829787234042,"Lose":0,"myCurrBet":0.08,"step":0.5,"position":0.5,"bluff":0,"handValue":0.10500000000000001,"percentBets_3":0.11455847255369929},"output":{"chips":0}},
{"input":{"Win":0.11063829787234042,"Lose":0,"myCurrBet":0.08,"step":0.5,"position":0.5,"bluff":0,"handValue":0.10500000000000001,"percentBets_3":0.11455847255369929},"output":{"chips":0}},
{"input":{"Win":0,"Lose":0.06666666666666667,"myCurrBet":0.013333333333333334,"step":0,"position":0.5,"bluff":0,"percentBets_1":0,"handValue":0.1014,"percentBets_3":0.0646900269541779,"percentBets_4":0},"output":{"chips":1}},
{"input":{"Win":0,"Lose":0.06666666666666667,"myCurrBet":0.06666666666666667,"step":0.25,"position":0.5,"bluff":0,"handValue":0.1027,"percentBets_3":0.1078167115902965},"output":{"chips":0.5}},
{"input":{"Win":0,"Lose":0.06666666666666667,"myCurrBet":0.06666666666666667,"step":0.5,"position":0.5,"bluff":0,"handValue":0.1033,"percentBets_3":0.1078167115902965},"output":{"chips":0}},
{"input":{"Win":0,"Lose":0.06666666666666667,"myCurrBet":0.06666666666666667,"step":0.5,"position":0.5,"bluff":0,"handValue":0.1033,"percentBets_3":0.1078167115902965},"output":{"chips":0}},
{"input":{"Win":0.07860262008733625,"Lose":0,"myCurrBet":0.05333333333333334,"step":0.25,"position":0.5,"bluff":1,"handValue":0.1029,"percentBets_3":0.07710843373493977},"output":{"chips":0.5}},
{"input":{"Win":0.07860262008733625,"Lose":0,"myCurrBet":0.013333333333333334,"step":0,"position":0.5,"bluff":0,"percentBets_1":0,"handValue":0.600901,"percentBets_3":0.07710843373493977,"percentBets_4":0},"output":{"chips":0.5}},
{"input":{"Win":0.07860262008733625,"Lose":0,"myCurrBet":0.05333333333333334,"step":0.5,"position":0.5,"bluff":0,"handValue":0.1027,"percentBets_3":0.07710843373493977},"output":{"chips":0}},
{"input":{"Win":0.07860262008733625,"Lose":0,"myCurrBet":0.05333333333333334,"step":0.5,"position":0.5,"bluff":0,"handValue":0.1027,"percentBets_3":0.07710843373493977},"output":{"chips":0}},
{"input":{"Win":0.16113744075829384,"Lose":0,"myCurrBet":0.013333333333333334,"step":0,"position":0.5,"bluff":0,"percentBets_1":0,"handValue":0.1017,"percentBets_3":0.04177545691906005,"percentBets_4":0},"output":{"chips":1}},
{"input":{"Win":0.16113744075829384,"Lose":0,"myCurrBet":0.06666666666666667,"step":0.75,"position":0.5,"bluff":1,"handValue":0.1032,"percentBets_3":0.10443864229765012},"output":{"chips":1}},
{"input":{"Win":0.16113744075829384,"Lose":0,"myCurrBet":0.06666666666666667,"step":0.25,"position":0.5,"bluff":0,"handValue":0.10410000000000001,"percentBets_3":0.10443864229765012},"output":{"chips":0.5}},
{"input":{"Win":0.16113744075829384,"Lose":0,"myCurrBet":0.06666666666666667,"step":0.5,"position":0.5,"bluff":1,"handValue":0.10310000000000001,"percentBets_3":0.10443864229765012},"output":{"chips":0.5}},
{"input":{"Win":0,"Lose":0.06666666666666667,"myCurrBet":0.013333333333333334,"step":0,"position":0.5,"bluff":0,"percentBets_1":0,"handValue":0.1022,"percentBets_3":0.10031347962382445,"percentBets_4":0},"output":{"chips":1}},
{"input":{"Win":0,"Lose":0.06666666666666667,"myCurrBet":0.06666666666666667,"step":0.25,"position":0.5,"bluff":0,"handValue":0.1029,"percentBets_3":0.12539184952978055},"output":{"chips":0.5}},
{"input":{"Win":0,"Lose":0.06666666666666667,"myCurrBet":0.06666666666666667,"step":0.5,"position":0.5,"bluff":0,"handValue":0.30000012081,"percentBets_3":0.12539184952978055},"output":{"chips":0}},
{"input":{"Win":0,"Lose":0.06666666666666667,"myCurrBet":0.06666666666666667,"step":0.5,"position":0.5,"bluff":0,"handValue":0.30000012081,"percentBets_3":0.12539184952978055},"output":{"chips":0}},
{"input":{"Win":0.09137055837563451,"Lose":0,"myCurrBet":0.013333333333333334,"step":0,"position":0.5,"bluff":0,"percentBets_1":0,"handValue":0.1014,"percentBets_3":0.0440771349862259,"percentBets_4":0},"output":{"chips":1}},
{"input":{"Win":0.09137055837563451,"Lose":0,"myCurrBet":0.05333333333333334,"step":0.25,"position":0.5,"bluff":0,"handValue":0.1032,"percentBets_3":0.0881542699724518},"output":{"chips":0.5}},
{"input":{"Win":0.09137055837563451,"Lose":0,"myCurrBet":0.05333333333333334,"step":0.5,"position":0.5,"bluff":0,"handValue":0.1044,"percentBets_3":0.0881542699724518},"output":{"chips":0}},
{"input":{"Win":0.09137055837563451,"Lose":0,"myCurrBet":0.05333333333333334,"step":0.5,"position":0.5,"bluff":0,"handValue":0.1044,"percentBets_3":0.0881542699724518},"output":{"chips":0}},
{"input":{"Win":0,"Lose":0.06666666666666667,"myCurrBet":0.06666666666666667,"step":0.5,"position":0.5,"bluff":0,"handValue":0.30000007031299997,"percentBets_3":0.12084592145015106},"output":{"chips":0}},
{"input":{"Win":0,"Lose":0.06666666666666667,"myCurrBet":0.013333333333333334,"step":0,"position":0.5,"bluff":0,"percentBets_1":0,"handValue":0.10110000000000001,"percentBets_3":0.04833836858006042,"percentBets_4":0},"output":{"chips":1}},
{"input":{"Win":0,"Lose":0.06666666666666667,"myCurrBet":0.06666666666666667,"step":0.25,"position":0.5,"bluff":0,"handValue":0.1028,"percentBets_3":0.12084592145015106},"output":{"chips":0.5}},
{"input":{"Win":0,"Lose":0.06666666666666667,"myCurrBet":0.06666666666666667,"step":0.5,"position":0.5,"bluff":0,"handValue":0.30000007031299997,"percentBets_3":0.12084592145015106},"output":{"chips":0}},
{"input":{"Win":0,"Lose":0,"myCurrBet":0.013333333333333334,"step":0,"position":0.5,"bluff":0,"percentBets_1":0,"handValue":0.601201,"percentBets_3":0.064,"percentBets_4":0},"output":{"chips":0.5}},
{"input":{"Win":0,"Lose":0,"myCurrBet":0.04,"step":0.5,"position":0.5,"bluff":1,"handValue":0.1027,"percentBets_3":0.064},"output":{"chips":0.5}},
{"input":{"Win":0,"Lose":0,"myCurrBet":0.04,"step":0.75,"position":0.5,"bluff":0,"handValue":0.300000121009,"percentBets_3":0.08533333333333333},"output":{"chips":0}},
{"input":{"Win":0,"Lose":0,"myCurrBet":0.04,"step":0.25,"position":0.5,"bluff":1,"handValue":0.1022,"percentBets_3":0.064},"output":{"chips":0.5}},
{"input":{"Win":0,"Lose":0.13333333333333333,"myCurrBet":0.013333333333333334,"step":0,"position":0.5,"bluff":1,"percentBets_1":0,"handValue":0.1017,"percentBets_3":0.0794044665012407,"percentBets_4":0},"output":{"chips":1}},
{"input":{"Win":0,"Lose":0.13333333333333333,"myCurrBet":0.09333333333333334,"step":0.5,"position":0.5,"bluff":0,"handValue":0.1043,"percentBets_3":0.13895781637717122},"output":{"chips":0}},
{"input":{"Win":0,"Lose":0.13333333333333333,"myCurrBet":0.09333333333333334,"step":0.25,"position":0.5,"bluff":0,"handValue":0.10350000000000001,"percentBets_3":0.13895781637717122},"output":{"chips":0.5}},
{"input":{"Win":0,"Lose":0.13333333333333333,"myCurrBet":0.09333333333333334,"step":0.5,"position":0.5,"bluff":0,"handValue":0.1043,"percentBets_3":0.13895781637717122},"output":{"chips":0}},
{"input":{"Win":0.09205020920502092,"Lose":0,"myCurrBet":0.013333333333333334,"step":0,"position":0.5,"bluff":0,"percentBets_1":0,"handValue":0.1014,"percentBets_3":0.017278617710583154,"percentBets_4":0},"output":{"chips":1}},
{"input":{"Win":0.09205020920502092,"Lose":0,"myCurrBet":0.06666666666666667,"step":0.75,"position":0.5,"bluff":0,"handValue":0.1042,"percentBets_3":0.08639308855291576},"output":{"chips":0}},
{"input":{"Win":0.09205020920502092,"Lose":0,"myCurrBet":0.02666666666666667,"step":0.25,"position":0.5,"bluff":0,"handValue":0.10210000000000001,"percentBets_3":0.03455723542116631},"output":{"chips":1}},
{"input":{"Win":0.09205020920502092,"Lose":0,"myCurrBet":0.05333333333333334,"step":0.5,"position":0.5,"bluff":1,"handValue":0.1029,"percentBets_3":0.06911447084233262},"output":{"chips":1}},
{"input":{"Win":0,"Lose":0.05333333333333334,"myCurrBet":0.013333333333333334,"step":0,"position":0.5,"bluff":0,"percentBets_1":0,"handValue":0.500000000007,"percentBets_3":0.018912529550827423,"percentBets_4":0},"output":{"chips":1}},
{"input":{"Win":0,"Lose":0.05333333333333334,"myCurrBet":0.02666666666666667,"step":0,"position":0.5,"bluff":0,"handValue":0.500000000007,"percentBets_3":0.07565011820330969},"output":{"chips":0.5}},
{"input":{"Win":0,"Lose":0.05333333333333334,"myCurrBet":0.05333333333333334,"step":0.5,"position":0.5,"bluff":0,"handValue":0.10310000000000001,"percentBets_3":0.07565011820330969},"output":{"chips":0}},
{"input":{"Win":0,"Lose":0.05333333333333334,"myCurrBet":0.05333333333333334,"step":0.5,"position":0.5,"bluff":0,"handValue":0.10310000000000001,"percentBets_3":0.07565011820330969},"output":{"chips":0}},
{"input":{"Win":0,"Lose":0.05333333333333334,"myCurrBet":0.05333333333333334,"step":0.25,"position":0.5,"bluff":0,"handValue":0.1027,"percentBets_3":0.07565011820330969},"output":{"chips":0.5}},
{"input":{"Win":0.19088937093275488,"Lose":0,"myCurrBet":0.006666666666666667,"step":0,"position":0.3333333333333333,"bluff":0,"percentBets_2":0.017429193899782137,"handValue":0.1018,"percentBets_3":0},"output":{"chips":1}},
{"input":{"Win":0.19088937093275488,"Lose":0,"myCurrBet":0.04,"step":0,"position":0.3333333333333333,"bluff":0,"handValue":0.1018,"percentBets_2":0.06971677559912855},"output":{"chips":1}},
{"input":{"Win":0.19088937093275488,"Lose":0,"myCurrBet":0.09333333333333334,"step":0,"position":0.3333333333333333,"bluff":1,"handValue":0.1018,"percentBets_2":0.1568627450980392},"output":{"chips":0.5}},
{"input":{"Win":0.19088937093275488,"Lose":0,"myCurrBet":0.12,"step":0.25,"position":0.3333333333333333,"bluff":1,"handValue":0.1043,"percentBets_2":0.19172113289760348},"output":{"chips":1}},
{"input":{"Win":0,"Lose":0,"myCurrBet":0.006666666666666667,"step":0,"position":0.3333333333333333,"bluff":0,"percentBets_2":0.0215633423180593,"handValue":0.600807,"percentBets_3":0},"output":{"chips":0}},
{"input":{"Win":0,"Lose":0.09,"myCurrBet":0.008333333333333333,"step":0,"position":0.3333333333333333,"bluff":0,"percentBets_2":0.02666666666666667,"handValue":0.1014,"percentBets_3":0},"output":{"chips":1}},
{"input":{"Win":0,"Lose":0.09,"myCurrBet":0.03333333333333333,"step":0,"position":0.3333333333333333,"bluff":0,"handValue":0.1014,"percentBets_2":0.08},"output":{"chips":1}},
{"input":{"Win":0,"Lose":0.09,"myCurrBet":0.08333333333333333,"step":0.5,"position":0.3333333333333333,"bluff":0,"handValue":0.1029,"percentBets_2":0.13333333333333333},"output":{"chips":0}},
{"input":{"Win":0,"Lose":0.09,"myCurrBet":0.08333333333333333,"step":0.25,"position":0.3333333333333333,"bluff":0,"handValue":0.1024,"percentBets_2":0.13333333333333333},"output":{"chips":0.5}},
{"input":{"Win":0,"Lose":0.09,"myCurrBet":0.08333333333333333,"step":0.5,"position":0.3333333333333333,"bluff":0,"handValue":0.1029,"percentBets_2":0.13333333333333333},"output":{"chips":0}},
{"input":{"Win":0.1405152224824356,"Lose":0,"myCurrBet":0.008333333333333333,"step":0,"position":0.3333333333333333,"bluff":0,"percentBets_2":0.023529411764705882,"handValue":0.1022,"percentBets_3":0},"output":{"chips":1}},
{"input":{"Win":0.1405152224824356,"Lose":0,"myCurrBet":0.06666666666666667,"step":0,"position":0.3333333333333333,"bluff":0,"handValue":0.1022,"percentBets_2":0.11764705882352941},"output":{"chips":0.5}},
{"input":{"Win":0.1405152224824356,"Lose":0,"myCurrBet":0.08333333333333333,"step":0.25,"position":0.3333333333333333,"bluff":0,"handValue":0.1027,"percentBets_2":0.1411764705882353},"output":{"chips":0.5}},
{"input":{"Win":0.1405152224824356,"Lose":0,"myCurrBet":0.1,"step":0.5,"position":0.3333333333333333,"bluff":0,"handValue":0.1032,"percentBets_2":0.1411764705882353},"output":{"chips":0}},
{"input":{"Win":0.1405152224824356,"Lose":0,"myCurrBet":0.1,"step":0.5,"position":0.3333333333333333,"bluff":0,"handValue":0.1032,"percentBets_2":0.1411764705882353},"output":{"chips":0}},
{"input":{"Win":0,"Lose":0.11666666666666667,"myCurrBet":0.008333333333333333,"step":0,"position":0.3333333333333333,"bluff":1,"percentBets_2":0.0273972602739726,"handValue":0.1008,"percentBets_3":0},"output":{"chips":1}},
{"input":{"Win":0,"Lose":0.11666666666666667,"myCurrBet":0.03333333333333333,"step":0,"position":0.3333333333333333,"bluff":0,"handValue":0.1008,"percentBets_2":0.1095890410958904},"output":{"chips":0.5}},
{"input":{"Win":0,"Lose":0.11666666666666667,"myCurrBet":0.06666666666666667,"step":0.25,"position":0.3333333333333333,"bluff":1,"handValue":0.10250000000000001,"percentBets_2":0.1643835616438356},"output":{"chips":1}},
{"input":{"Win":0,"Lose":0.11666666666666667,"myCurrBet":0.11666666666666667,"step":0.5,"position":0.3333333333333333,"bluff":0,"handValue":0.1023,"percentBets_2":0.1917808219178082},"output":{"chips":0}},
{"input":{"Win":0,"Lose":0.11666666666666667,"myCurrBet":0.11666666666666667,"step":0.5,"position":0.3333333333333333,"bluff":0,"handValue":0.1023,"percentBets_2":0.1917808219178082},"output":{"chips":0}},
{"input":{"Win":0,"Lose":0.06666666666666667,"myCurrBet":0.008333333333333333,"step":0,"position":0.3333333333333333,"bluff":1,"percentBets_2":0.022988505747126436,"handValue":0.10160000000000001,"percentBets_3":0},"output":{"chips":0.5}},
{"input":{"Win":0,"Lose":0.06666666666666667,"myCurrBet":0.016666666666666666,"step":0,"position":0.3333333333333333,"bluff":1,"handValue":0.10160000000000001,"percentBets_2":0.04597701149425287},"output":{"chips":1}},
{"input":{"Win":0,"Lose":0.06666666666666667,"myCurrBet":0.06666666666666667,"step":0.25,"position":0.3333333333333333,"bluff":0,"handValue":0.1038,"percentBets_2":0.09195402298850575},"output":{"chips":0.5}},
{"input":{"Win":0,"Lose":0.06666666666666667,"myCurrBet":0.06666666666666667,"step":0.5,"position":0.3333333333333333,"bluff":0,"handValue":0.1048,"percentBets_2":0.09195402298850575},"output":{"chips":0}},
{"input":{"Win":0,"Lose":0.06666666666666667,"myCurrBet":0.06666666666666667,"step":0.5,"position":0.3333333333333333,"bluff":0,"handValue":0.1048,"percentBets_2":0.09195402298850575},"output":{"chips":0}},
{"input":{"Win":0,"Lose":0,"myCurrBet":0.008333333333333333,"step":0,"position":0.3333333333333333,"bluff":0,"percentBets_2":0.021052631578947368,"handValue":0.1,"percentBets_3":0},"output":{"chips":1}},
{"input":{"Win":0,"Lose":0,"myCurrBet":0.06666666666666667,"step":0.25,"position":0.3333333333333333,"bluff":0,"handValue":0.1022,"percentBets_2":0.08421052631578947},"output":{"chips":0.5}},
{"input":{"Win":0,"Lose":0,"myCurrBet":0.03333333333333333,"step":0,"position":0.3333333333333333,"bluff":0,"handValue":0.1,"percentBets_2":0.06315789473684211},"output":{"chips":1}},
{"input":{"Win":0,"Lose":0,"myCurrBet":0.06666666666666667,"step":0.5,"position":0.3333333333333333,"bluff":0,"handValue":0.10350000000000001,"percentBets_2":0.08421052631578947},"output":{"chips":0}},
{"input":{"Win":0,"Lose":0,"myCurrBet":0.06666666666666667,"step":0.5,"position":0.3333333333333333,"bluff":0,"handValue":0.10350000000000001,"percentBets_2":0.10526315789473684},"output":{"chips":0}},
{"input":{"Win":0,"Lose":0.05,"myCurrBet":0.008333333333333333,"step":0,"position":0.3333333333333333,"bluff":0,"percentBets_2":0.019417475728155338,"handValue":0.1009,"percentBets_3":0},"output":{"chips":1}},
{"input":{"Win":0,"Lose":0.1,"myCurrBet":0.05,"step":0,"position":0.3333333333333333,"bluff":0,"handValue":0.1014,"percentBets_2":0.1188118811881188},"output":{"chips":0.5}},
{"input":{"Win":0,"Lose":0.1,"myCurrBet":0.008333333333333333,"step":0,"position":0.3333333333333333,"bluff":0,"percentBets_2":0.019801980198019802,"handValue":0.1014,"percentBets_3":0},"output":{"chips":1}},
{"input":{"Win":0,"Lose":0.1,"myCurrBet":0.1,"step":0.25,"position":0.3333333333333333,"bluff":0,"handValue":0.10260000000000001,"percentBets_2":0.1188118811881188},"output":{"chips":0.5}},
{"input":{"Win":0,"Lose":0.1,"myCurrBet":0.1,"step":0.5,"position":0.3333333333333333,"bluff":0,"handValue":0.10310000000000001,"percentBets_2":0.1188118811881188},"output":{"chips":0}},
{"input":{"Win":0,"Lose":0.1,"myCurrBet":0.1,"step":0.5,"position":0.3333333333333333,"bluff":0,"handValue":0.10310000000000001,"percentBets_2":0.1188118811881188},"output":{"chips":0}},
{"input":{"Win":0.03527336860670194,"Lose":0,"myCurrBet":0.008333333333333333,"step":0,"position":0.3333333333333333,"bluff":1,"percentBets_2":0.017699115044247787,"handValue":0.1014,"percentBets_3":0},"output":{"chips":1}},
{"input":{"Win":0.03527336860670194,"Lose":0,"myCurrBet":0.03333333333333333,"step":0.25,"position":0.3333333333333333,"bluff":0,"handValue":0.10300000000000001,"percentBets_2":0.035398230088495575},"output":{"chips":1}},
{"input":{"Win":0,"Lose":0.08833333333333333,"myCurrBet":0.008333333333333333,"step":0,"position":0.3333333333333333,"bluff":0,"percentBets_2":0.01834862385321101,"handValue":0.1014,"percentBets_3":0},"output":{"chips":1}},
{"input":{"Win":0,"Lose":0.08833333333333333,"myCurrBet":0.03333333333333333,"step":0,"position":0.3333333333333333,"bluff":0,"handValue":0.1014,"percentBets_2":0.07339449541284404},"output":{"chips":1}},
{"input":{"Win":0,"Lose":0.08833333333333333,"myCurrBet":0.08833333333333333,"step":0.25,"position":0.3333333333333333,"bluff":0,"handValue":0.1028,"percentBets_2":0.13394495412844037},"output":{"chips":0.5}},
{"input":{"Win":0,"Lose":0.08833333333333333,"myCurrBet":0.08833333333333333,"step":0.5,"position":0.3333333333333333,"bluff":0,"handValue":0.500000000009,"percentBets_2":0.13394495412844037},"output":{"chips":0}},
{"input":{"Win":0,"Lose":0.08833333333333333,"myCurrBet":0.08833333333333333,"step":0.5,"position":0.3333333333333333,"bluff":0,"handValue":0.500000000009,"percentBets_2":0.13394495412844037},"output":{"chips":0}},
