{"input":{"Win":0,"Lose":0.08666666666666667,"myCurrBet":0.08666666666666667,"step":0.25,"position":0.5,"bluff":0,"handValue":0.10260000000000001,"percentBets_3":0.3466666666666667,"percentBets_4":0.3466666666666667},"output":{"chips":0}},
{"input":{"Win":0,"Lose":0.08666666666666667,"myCurrBet":0.08666666666666667,"step":0.25,"position":0.5,"bluff":1,"handValue":0.10260000000000001,"percentBets_3":0.3466666666666667,"percentBets_4":0.3466666666666667},"output":{"chips":0.5}},
{"input":{"Win":0,"Lose":0.08666666666666667,"myCurrBet":0.043333333333333335,"step":0,"position":0.5,"bluff":1,"handValue":0.1013,"percentBets_3":0.3466666666666667,"percentBets_4":0.3466666666666667,"percentBets_1":0},"output":{"chips":0.5}},
{"input":{"Win":0,"Lose":0.08666666666666667,"myCurrBet":0.02,"step":0,"position":0.5,"bluff":0,"handValue":0.1013,"percentBets_3":0.16,"percentBets_4":0.16,"percentBets_1":0.16},"output":{"chips":1}},
{"input":{"Win":0,"Lose":0.08666666666666667,"myCurrBet":0.08666666666666667,"step":0.75,"position":0.5,"bluff":0,"handValue":0.1028,"percentBets_3":0.3466666666666667,"percentBets_4":0.3466666666666667},"output":{"chips":0}},
{"input":{"Win":0,"Lose":0.08666666666666667,"myCurrBet":0.0033333333333333335,"step":0,"position":0.5,"bluff":0,"percentBets_1":0.04,"handValue":0.1013,"percentBets_3":0.02666666666666667,"percentBets_4":0.02666666666666667},"output":{"chips":1}},
{"input":{"Win":0,"Lose":0,"myCurrBet":0.0033333333333333335,"step":0,"position":0.5,"bluff":0,"percentBets_1":0.06349206349206349,"handValue":0.1013,"percentBets_3":0.04081632653061224,"percentBets_4":0.014388489208633094},"output":{"chips":1}},
{"input":{"Win":0,"Lose":0,"myCurrBet":0.023333333333333334,"step":0,"position":0.5,"bluff":0,"handValue":0.1013,"percentBets_3":0.2857142857142857,"percentBets_4":0.10071942446043165,"percentBets_1":0},"output":{"chips":0.5}},
{"input":{"Win":0,"Lose":0,"myCurrBet":0.05,"step":0.25,"position":0.5,"bluff":0,"handValue":0.1037,"percentBets_3":0.32653061224489793,"percentBets_4":0.11510791366906475},"output":{"chips":0}},
{"input":{"Win":0,"Lose":0,"myCurrBet":0.04666666666666667,"step":0.25,"position":0.5,"bluff":1,"handValue":0.1037,"percentBets_3":0.2857142857142857,"percentBets_4":0.10071942446043165},"output":{"chips":1}},
{"input":{"Win":0.055776892430278883,"Lose":0,"myCurrBet":0.02,"step":0,"position":0.5,"bluff":0,"handValue":0.10110000000000001,"percentBets_3":0.14285714285714285,"percentBets_4":0.0975609756097561,"percentBets_1":0},"output":{"chips":0.5}},
{"input":{"Win":0.055776892430278883,"Lose":0,"myCurrBet":0.04,"step":0.25,"position":0.5,"bluff":0,"handValue":0.30000007041,"percentBets_3":0.14285714285714285,"percentBets_4":0.0975609756097561},"output":{"chips":0}},
{"input":{"Win":0.055776892430278883,"Lose":0,"myCurrBet":0.0033333333333333335,"step":0,"position":0.5,"bluff":0,"percentBets_1":0.0847457627118644,"handValue":0.10110000000000001,"percentBets_3":0.023809523809523808,"percentBets_4":0.016260162601626018},"output":{"chips":1}},
{"input":{"Win":0.055776892430278883,"Lose":0,"myCurrBet":0.04,"step":0.25,"position":0.5,"bluff":0,"handValue":0.30000007041,"percentBets_3":0.14285714285714285,"percentBets_4":0.0975609756097561},"output":{"chips":0}},
{"input":{"Win":0.055776892430278883,"Lose":0,"myCurrBet":0.04,"step":0.25,"position":0.5,"bluff":0,"handValue":0.30000007041,"percentBets_3":0.14285714285714285,"percentBets_4":0.0975609756097561},"output":{"chips":0}},
{"input":{"Win":0,"Lose":0,"myCurrBet":0.03666666666666667,"step":0.25,"position":0.5,"bluff":0,"handValue":0.10210000000000001,"percentBets_3":0.2777777777777778,"percentBets_4":0.18018018018018017,"percentBets_1":0.037037037037037035},"output":{"chips":0}},
{"input":{"Win":0,"Lose":0,"myCurrBet":0.006666666666666667,"step":0.25,"position":0.5,"bluff":0,"handValue":0.10210000000000001,"percentBets_3":0.027777777777777776,"percentBets_4":0.018018018018018018,"percentBets_1":0.05555555555555555},"output":{"chips":1}},
{"input":{"Win":0,"Lose":0,"myCurrBet":0.0033333333333333335,"step":0,"position":0.5,"bluff":1,"percentBets_1":0.037037037037037035,"handValue":0.1003,"percentBets_3":0.027777777777777776,"percentBets_4":0.018018018018018018},"output":{"chips":0.5}},
{"input":{"Win":0,"Lose":0,"myCurrBet":0.013333333333333334,"step":0.25,"position":0.5,"bluff":0,"handValue":0.10210000000000001,"percentBets_3":0.08333333333333333,"percentBets_4":0.05405405405405406,"percentBets_1":0.14814814814814814},"output":{"chips":1}},
{"input":{"Win":0,"Lose":0.03666666666666667,"myCurrBet":0.016666666666666666,"step":0,"position":0.5,"bluff":0,"handValue":0.500000000003,"percentBets_3":0.19230769230769232,"percentBets_4":0.06666666666666667,"percentBets_1":0},"output":{"chips":0}},
{"input":{"Win":0,"Lose":0.03666666666666667,"myCurrBet":0.0033333333333333335,"step":0,"position":0.5,"bluff":0,"percentBets_1":0.08695652173913043,"handValue":0.500000000003,"percentBets_3":0.038461538461538464,"percentBets_4":0.013333333333333334},"output":{"chips":1}},
{"input":{"Win":0,"Lose":0.016666666666666666,"myCurrBet":0.0033333333333333335,"step":0,"position":0.5,"bluff":1,"percentBets_1":0.07142857142857142,"handValue":0.500000000005,"percentBets_3":0.028169014084507043,"percentBets_4":0.014285714285714285},"output":{"chips":0.5}},
{"input":{"Win":0,"Lose":0.016666666666666666,"myCurrBet":0.01,"step":0,"position":0.5,"bluff":0,"handValue":0.500000000005,"percentBets_3":0.08450704225352113,"percentBets_4":0.04285714285714286,"percentBets_1":0},"output":{"chips":1}},
{"input":{"Win":0,"Lose":0.016666666666666666,"myCurrBet":0.023333333333333334,"step":0,"position":0.5,"bluff":0,"handValue":0.500000000005,"percentBets_3":0.19718309859154928,"percentBets_4":0.1},"output":{"chips":0}},
{"input":{"Win":0,"Lose":0.023333333333333334,"myCurrBet":0.0033333333333333335,"step":0,"position":0.5,"bluff":0,"percentBets_1":0.1282051282051282,"handValue":0.601301,"percentBets_3":0.021052631578947368,"percentBets_4":0.015873015873015872},"output":{"chips":1}},
{"input":{"Win":0,"Lose":0.023333333333333334,"myCurrBet":0.023333333333333334,"step":0,"position":0.5,"bluff":0,"handValue":0.601301,"percentBets_3":0.14736842105263157,"percentBets_4":0.1111111111111111,"percentBets_1":0.358974358974359},"output":{"chips":0}},
{"input":{"Win":0,"Lose":0.023333333333333334,"myCurrBet":0.0033333333333333335,"step":0,"position":0.5,"bluff":0,"percentBets_1":0.23809523809523808,"handValue":0.6013109999999999,"percentBets_3":0.014492753623188406,"percentBets_4":0.018518518518518517},"output":{"chips":1}},
{"input":{"Win":0,"Lose":0.023333333333333334,"myCurrBet":0.023333333333333334,"step":0,"position":0.5,"bluff":0,"handValue":0.6013109999999999,"percentBets_3":0.10144927536231885,"percentBets_4":0.12962962962962962,"percentBets_1":0.6666666666666666},"output":{"chips":0}},
{"input":{"Win":0,"Lose":0.023333333333333334,"myCurrBet":0.0016666666666666668,"step":0,"position":0.3333333333333333,"bluff":0,"percentBets_2":0.00909090909090909,"handValue":0.6006049999999999,"percentBets_3":0.006097560975609756},"output":{"chips":1}},
{"input":{"Win":0,"Lose":0.023333333333333334,"myCurrBet":0.01,"step":0,"position":0.3333333333333333,"bluff":0,"handValue":0.6006049999999999,"percentBets_2":0.05454545454545454,"percentBets_3":0.036585365853658534},"output":{"chips":0}},
{"input":{"Win":0,"Lose":0.01,"myCurrBet":0.0016666666666666668,"step":0,"position":0.3333333333333333,"bluff":0,"percentBets_2":0.008403361344537815,"handValue":0.600901,"percentBets_3":0.006329113924050633},"output":{"chips":1}},
{"input":{"Win":0,"Lose":0.01,"myCurrBet":0.013333333333333334,"step":0,"position":0.3333333333333333,"bluff":0,"handValue":0.600901,"percentBets_2":0.06722689075630252,"percentBets_3":0.05063291139240506},"output":{"chips":0}},
{"input":{"Win":0,"Lose":0.07666666666666666,"myCurrBet":0.0016666666666666668,"step":0,"position":0.3333333333333333,"bluff":0,"percentBets_2":0.007633587786259542,"handValue":0.10110000000000001,"percentBets_3":0.006666666666666667},"output":{"chips":1}},
{"input":{"Win":0,"Lose":0.07666666666666666,"myCurrBet":0.06,"step":0.25,"position":0.3333333333333333,"bluff":0,"handValue":0.1043,"percentBets_2":0.13740458015267176,"percentBets_3":0.12},"output":{"chips":0}},
{"input":{"Win":0,"Lose":0.07666666666666666,"myCurrBet":0.03,"step":0,"position":0.3333333333333333,"bluff":0,"handValue":0.10110000000000001,"percentBets_2":0.13740458015267176,"percentBets_3":0.12},"output":{"chips":0.5}},
{"input":{"Win":0,"Lose":0.07666666666666666,"myCurrBet":0.01,"step":0,"position":0.3333333333333333,"bluff":0,"handValue":0.10110000000000001,"percentBets_2":0.04580152671755725,"percentBets_3":0.04},"output":{"chips":1}},
{"input":{"Win":0,"Lose":0.07666666666666666,"myCurrBet":0.06,"step":0.75,"position":0.3333333333333333,"bluff":0,"handValue":0.1043,"percentBets_2":0.13740458015267176,"percentBets_3":0.12},"output":{"chips":0}},
{"input":{"Win":0,"Lose":0.07666666666666666,"myCurrBet":0.06,"step":0.25,"position":0.3333333333333333,"bluff":1,"handValue":0.1043,"percentBets_2":0.13740458015267176,"percentBets_3":0.12},"output":{"chips":0.5}},
