{"input":{"winLose":0.5,"step":0,"bluff":0,"handValue":0.5024673396229246},"output":{"chips":0}},
{"input":{"winLose":0.5,"step":0,"bluff":0,"handValue":0.5079669821461605},"output":{"chips":0}},
{"input":{"winLose":0.49333333333333335,"step":0,"bluff":0,"handValue":0.5034672746271494},"output":{"chips":0.5}},
{"input":{"winLose":0.4966216216216216,"step":0,"bluff":0,"handValue":0.5084669496482729},"output":{"chips":0.5}},
{"input":{"winLose":0.5,"step":0,"bluff":0,"handValue":0.5049671771334864},"output":{"chips":0}},
{"input":{"winLose":0.5,"step":0,"bluff":0,"handValue":0.5124666896651718},"output":{"chips":0}},
{"input":{"winLose":0.5011037527593819,"step":0,"bluff":0,"handValue":0.504467209631374},"output":{"chips":1}},
{"input":{"winLose":0.4594594594594595,"step":0.25,"bluff":0,"handValue":0.1039},"output":{"chips":0.5}},
{"input":{"winLose":0.5,"step":0,"bluff":0,"handValue":0.5104668196567224},"output":{"chips":0}},
{"input":{"winLose":0.49264705882352944,"step":0.5,"bluff":0,"handValue":0.300000121206},"output":{"chips":0.25}},
{"input":{"winLose":0.4925373134328358,"step":0,"bluff":0,"handValue":0.5089669171503852},"output":{"chips":0.5}},
{"input":{"winLose":0.49242424242424243,"step":0.25,"bluff":0,"handValue":0.1039},"output":{"chips":0.5}},
{"input":{"winLose":0.5,"step":0,"bluff":0,"handValue":0.5094668846524976},"output":{"chips":0}},
{"input":{"winLose":0.5,"step":0,"bluff":0,"handValue":0.5059671121377112},"output":{"chips":0}},
{"input":{"winLose":0.49230769230769234,"step":0.5,"bluff":0,"handValue":0.30000013130799996},"output":{"chips":0.5}},
{"input":{"winLose":0.5042372881355932,"step":0,"bluff":0,"handValue":0.5049671771334864},"output":{"chips":1}},
{"input":{"winLose":0.4696969696969697,"step":0.5,"bluff":0,"handValue":0.10450000000000001},"output":{"chips":0.5}},
{"input":{"winLose":0.5,"step":0,"bluff":0,"handValue":0.5034672746271494},"output":{"chips":0}},
{"input":{"winLose":0.4838709677419355,"step":0,"bluff":0,"handValue":0.5094668846524976},"output":{"chips":0.5}},
{"input":{"winLose":0.4666666666666667,"step":0.5,"bluff":0,"handValue":0.300000131311},"output":{"chips":0.5}},
{"input":{"winLose":0.5,"step":0,"bluff":0,"handValue":0.5059671121377112},"output":{"chips":0}},
{"input":{"winLose":0.5,"step":0,"bluff":0,"handValue":0.5069670471419359},"output":{"chips":0}},
{"input":{"winLose":0.48214285714285715,"step":0,"bluff":0,"handValue":0.50996685215461},"output":{"chips":0.5}},
{"input":{"winLose":0.49074074074074076,"step":0,"bluff":0,"handValue":0.5064670796398234},"output":{"chips":0.5}},
{"input":{"winLose":0.5121457489878543,"step":0.75,"bluff":0,"handValue":0.300000080813},"output":{"chips":0.25}},
{"input":{"winLose":0.5,"step":0,"bluff":0,"handValue":0.5034672746271494},"output":{"chips":0}},
{"input":{"winLose":0.5020746887966805,"step":0,"bluff":0,"handValue":0.5079669821461605},"output":{"chips":1}},
{"input":{"winLose":0.49166666666666664,"step":0,"bluff":0,"handValue":0.504467209631374},"output":{"chips":0.5}},
{"input":{"winLose":0.5,"step":0,"bluff":0,"handValue":0.50996685215461},"output":{"chips":0}},
{"input":{"winLose":0.4830508474576271,"step":0.5,"bluff":0,"handValue":0.300000070706},"output":{"chips":0.25}},
{"input":{"winLose":0.47368421052631576,"step":0,"bluff":0,"handValue":0.5049671771334864},"output":{"chips":0.5}},
{"input":{"winLose":0.05555555555555555,"step":0.75,"bluff":0,"handValue":0.300000101013},"output":{"chips":0.625}},
{"input":{"winLose":0.5204081632653061,"step":0.75,"bluff":0,"handValue":0.300000101013},"output":{"chips":1}},
{"input":{"winLose":0.5079787234042553,"step":0,"bluff":0,"handValue":1.499903011304265},"output":{"chips":1}},
{"input":{"winLose":0.5027027027027027,"step":0,"bluff":0,"handValue":0.5054671446355987},"output":{"chips":1}},
{"input":{"winLose":0.46875,"step":0,"bluff":0,"handValue":0.5069670471419359},"output":{"chips":0.5}},
{"input":{"winLose":0.5081081081081081,"step":0,"bluff":0,"handValue":0.5094668846524976},"output":{"chips":1}},
{"input":{"winLose":0.4444444444444444,"step":0,"bluff":0,"handValue":0.5094668846524976},"output":{"chips":0.5}},
{"input":{"winLose":0,"step":0.75,"bluff":0,"handValue":0.300000040407},"output":{"chips":1}},
