{"input":{"Win":0.12444444444444444,"Lose":0,"myCurrBet":0.0016666666666666668,"step":0,"position":0.25,"bluff":0,"percentBets_2":0.013333333333333334,"handValue":0.10200000000000001,"percentBets_3":0.013333333333333334,"percentBets_4":0.02666666666666667},"output":{"chips":1}},
{"input":{"Win":0.12444444444444444,"Lose":0,"myCurrBet":0.013333333333333334,"step":0,"position":0.25,"bluff":1,"handValue":0.10200000000000001,"percentBets_2":0.09333333333333334,"percentBets_3":0.09333333333333334,"percentBets_4":0.18666666666666668},"output":{"chips":1}},
{"input":{"Win":0.10152284263959391,"Lose":0,"myCurrBet":0.0016666666666666668,"step":0,"position":0.25,"bluff":0,"percentBets_2":0.014705882352941176,"handValue":0.10070000000000001,"percentBets_3":0.014705882352941176,"percentBets_4":0.03278688524590164},"output":{"chips":1}},
{"input":{"Win":0.10152284263959391,"Lose":0,"myCurrBet":0.01,"step":0,"position":0.25,"bluff":0,"handValue":0.10070000000000001,"percentBets_2":0.07352941176470588,"percentBets_3":0.07352941176470588,"percentBets_4":0.16393442622950818},"output":{"chips":1}},
{"input":{"Win":0,"Lose":0,"myCurrBet":0.0016666666666666668,"step":0,"position":0.25,"bluff":0,"percentBets_2":0.015873015873015872,"handValue":0.600603,"percentBets_3":0.015873015873015872,"percentBets_4":0.0392156862745098},"output":{"chips":0}},
{"input":{"Win":0,"Lose":0.0016666666666666668,"myCurrBet":0.0016666666666666668,"step":0,"position":0.25,"bluff":0,"percentBets_2":0.023809523809523808,"handValue":0.1,"percentBets_3":0.023809523809523808,"percentBets_4":0.0213903743315508},"output":{"chips":1}},
{"input":{"Win":0,"Lose":0.0016666666666666668,"myCurrBet":0.01,"step":0,"position":0.25,"bluff":0,"handValue":0.1,"percentBets_2":0.11904761904761904,"percentBets_3":0.11904761904761904,"percentBets_4":0.10695187165775401},"output":{"chips":0.5}},
{"input":{"Win":0,"Lose":0.0016666666666666668,"myCurrBet":0.03333333333333333,"step":0,"position":0.25,"bluff":0,"handValue":0.1,"percentBets_2":0.30952380952380953,"percentBets_3":0.30952380952380953,"percentBets_4":0.27807486631016043},"output":{"chips":0}},
{"input":{"Win":0,"Lose":0.03333333333333333,"myCurrBet":0.0016666666666666668,"step":0,"position":0.25,"bluff":0,"percentBets_2":0.034482758620689655,"handValue":0.600502,"percentBets_3":0.034482758620689655,"percentBets_4":0.015444015444015444},"output":{"chips":0}},
{"input":{"Win":0,"Lose":0.0016666666666666668,"myCurrBet":0.0016666666666666668,"step":0,"position":0.25,"bluff":0,"percentBets_2":0.0625,"handValue":0.1014,"percentBets_3":0.0625,"percentBets_4":0.01282051282051282},"output":{"chips":1}},
{"input":{"Win":0,"Lose":0.0016666666666666668,"myCurrBet":0.01,"step":0,"position":0.25,"bluff":0,"handValue":0.1014,"percentBets_2":0.25,"percentBets_3":0.25,"percentBets_4":0.05128205128205128},"output":{"chips":0}},
{"input":{"Win":0.015957446808510637,"Lose":0,"myCurrBet":0.006666666666666667,"step":0.25,"position":0.25,"bluff":0,"handValue":0.1043,"percentBets_2":0.25,"percentBets_3":0.25,"percentBets_4":0.011428571428571429},"output":{"chips":0}},
{"input":{"Win":0.015957446808510637,"Lose":0,"myCurrBet":0.0016666666666666668,"step":0,"position":0.25,"bluff":0,"percentBets_2":0.125,"handValue":0.10200000000000001,"percentBets_3":0.125,"percentBets_4":0.011428571428571429},"output":{"chips":0.5}},
{"input":{"Win":0.015957446808510637,"Lose":0,"myCurrBet":0.006666666666666667,"step":0.25,"position":0.25,"bluff":1,"handValue":0.1043,"percentBets_2":0.25,"percentBets_3":0.25,"percentBets_4":0.011428571428571429},"output":{"chips":1}},
{"input":{"Win":0.10810810810810811,"Lose":0,"myCurrBet":0.016666666666666666,"step":0,"position":0.25,"bluff":1,"handValue":0.600401,"percentBets_2":0.8333333333333334,"percentBets_3":0.8333333333333334,"percentBets_4":0.057803468208092484},"output":{"chips":1}},
{"input":{"Win":0.10810810810810811,"Lose":0,"myCurrBet":0.0016666666666666668,"step":0,"position":0.25,"bluff":1,"percentBets_2":0.16666666666666666,"handValue":0.600401,"percentBets_3":0.16666666666666666,"percentBets_4":0.011560693641618497},"output":{"chips":1}},
{"input":{"Win":0,"Lose":0,"myCurrBet":0.0016666666666666668,"step":0,"position":0.25,"bluff":0,"percentBets_2":1,"handValue":0.1023,"percentBets_3":1,"percentBets_4":0.012269938650306749},"output":{"chips":0}},
{"input":{"Win":0,"Lose":0.008333333333333333,"myCurrBet":0.0016666666666666668,"step":0,"position":0.3333333333333333,"bluff":0,"percentBets_2":0.2222222222222222,"handValue":0.1009,"percentBets_3":0.012422360248447204},"output":{"chips":0.5}},
{"input":{"Win":0,"Lose":0.008333333333333333,"myCurrBet":0.006666666666666667,"step":0.25,"position":0.3333333333333333,"bluff":0,"handValue":0.1037,"percentBets_2":0.4444444444444444,"percentBets_3":0.012422360248447204},"output":{"chips":0.5}},
{"input":{"Win":0,"Lose":0.008333333333333333,"myCurrBet":0.006666666666666667,"step":0.5,"position":0.3333333333333333,"bluff":0,"handValue":0.10490000000000001,"percentBets_2":0.4444444444444444,"percentBets_3":0.012422360248447204},"output":{"chips":0}},
{"input":{"Win":0,"Lose":0.008333333333333333,"myCurrBet":0.006666666666666667,"step":0.5,"position":0.3333333333333333,"bluff":0,"handValue":0.10490000000000001,"percentBets_2":0.4444444444444444,"percentBets_3":0.012422360248447204},"output":{"chips":0}},
{"input":{"Win":0,"Lose":0,"myCurrBet":0.0016666666666666668,"step":0,"position":0.3333333333333333,"bluff":0,"percentBets_2":0.11764705882352941,"handValue":0.500000000009,"percentBets_3":0.012578616352201259},"output":{"chips":0}},
{"input":{"Win":0,"Lose":0.021666666666666667,"myCurrBet":0.0016666666666666668,"step":0,"position":0.3333333333333333,"bluff":0,"percentBets_2":0.13333333333333333,"handValue":0.400000000013,"percentBets_3":0.012461059190031152},"output":{"chips":0.5}},
{"input":{"Win":0,"Lose":0.021666666666666667,"myCurrBet":0.006666666666666667,"step":0.25,"position":0.3333333333333333,"bluff":0,"handValue":0.1046,"percentBets_2":0.26666666666666666,"percentBets_3":0.012461059190031152},"output":{"chips":0.5}},
{"input":{"Win":0,"Lose":0.021666666666666667,"myCurrBet":0.006666666666666667,"step":0.5,"position":0.3333333333333333,"bluff":1,"handValue":0.10500000000000001,"percentBets_2":0.26666666666666666,"percentBets_3":0.012461059190031152},"output":{"chips":1}},
{"input":{"Win":0,"Lose":0.021666666666666667,"myCurrBet":0.013333333333333334,"step":0.5,"position":0.3333333333333333,"bluff":1,"handValue":0.10500000000000001,"percentBets_2":0.5333333333333333,"percentBets_3":0.037383177570093455},"output":{"chips":0.5}},
{"input":{"Win":0,"Lose":0.021666666666666667,"myCurrBet":0.02,"step":0.75,"position":0.3333333333333333,"bluff":0,"handValue":0.1042,"percentBets_2":0.8,"percentBets_3":0.037383177570093455},"output":{"chips":0}},
{"input":{"Win":0,"Lose":0.1,"myCurrBet":0.0016666666666666668,"step":0,"position":0.5,"bluff":0,"percentBets_2":0.005747126436781609,"handValue":0.1013},"output":{"chips":1}},
{"input":{"Win":0,"Lose":0.1,"myCurrBet":0.02,"step":0,"position":0.5,"bluff":0,"handValue":0.1013,"percentBets_2":0.06896551724137931},"output":{"chips":1}},
{"input":{"Win":0,"Lose":0.1,"myCurrBet":0.006666666666666667,"step":0,"position":0.5,"bluff":0,"handValue":0.1013,"percentBets_2":0.022988505747126436},"output":{"chips":1}},
{"input":{"Win":0,"Lose":0.1,"myCurrBet":0.1,"step":0.25,"position":0.5,"bluff":1,"handValue":0.1038,"percentBets_2":0.1724137931034483},"output":{"chips":0.5}},
{"input":{"Win":0,"Lose":0.1,"myCurrBet":0.1,"step":0.5,"position":0.5,"bluff":1,"handValue":0.10450000000000001,"percentBets_2":0.1724137931034483},"output":{"chips":0.5}},
{"input":{"Win":0,"Lose":0.1,"myCurrBet":0.1,"step":0.75,"position":0.5,"bluff":0,"handValue":0.1056,"percentBets_2":0.1724137931034483},"output":{"chips":0}},
{"input":{"Win":0,"Lose":0.1,"myCurrBet":0.05,"step":0,"position":0.5,"bluff":0,"handValue":0.1013,"percentBets_2":0.1724137931034483},"output":{"chips":0.5}},
{"input":{"Win":0.10784313725490197,"Lose":0,"myCurrBet":0.0016666666666666668,"step":0,"position":0.5,"bluff":0,"percentBets_2":0.004901960784313725,"handValue":0.600806},"output":{"chips":1}},
{"input":{"Win":0.10784313725490197,"Lose":0,"myCurrBet":0.006666666666666667,"step":0,"position":0.5,"bluff":0,"handValue":0.600806,"percentBets_2":0.0196078431372549},"output":{"chips":1}},
{"input":{"Win":0.10784313725490197,"Lose":0,"myCurrBet":0.016666666666666666,"step":0,"position":0.5,"bluff":0,"handValue":0.600806,"percentBets_2":0.049019607843137254},"output":{"chips":1}},
{"input":{"Win":0.10784313725490197,"Lose":0,"myCurrBet":0.03666666666666667,"step":0,"position":0.5,"bluff":0,"handValue":0.600806,"percentBets_2":0.10784313725490197},"output":{"chips":0.5}},
{"input":{"Win":0.10784313725490197,"Lose":0,"myCurrBet":0.07333333333333333,"step":0.25,"position":0.5,"bluff":0,"handValue":0.1028,"percentBets_2":0.10784313725490197},"output":{"chips":0.5}},
{"input":{"Win":0.10784313725490197,"Lose":0,"myCurrBet":0.07333333333333333,"step":0.5,"position":0.5,"bluff":0,"handValue":0.600806050403,"percentBets_2":0.10784313725490197},"output":{"chips":0}},
{"input":{"Win":0.10784313725490197,"Lose":0,"myCurrBet":0.07333333333333333,"step":0.5,"position":0.5,"bluff":0,"handValue":0.600806050403,"percentBets_2":0.10784313725490197},"output":{"chips":0}},
{"input":{"Win":0,"Lose":0,"myCurrBet":0.0016666666666666668,"step":0,"position":0.5,"bluff":0,"percentBets_2":0.005494505494505495,"handValue":0.601007},"output":{"chips":1}},
{"input":{"Win":0,"Lose":0,"myCurrBet":0.02,"step":0,"position":0.5,"bluff":0,"handValue":0.601007,"percentBets_2":0.06593406593406594},"output":{"chips":1}},
{"input":{"Win":0,"Lose":0,"myCurrBet":0.05,"step":0,"position":0.5,"bluff":1,"handValue":0.601007,"percentBets_2":0.16483516483516483},"output":{"chips":0.5}},
{"input":{"Win":0,"Lose":0,"myCurrBet":0.1,"step":0.25,"position":0.5,"bluff":0,"handValue":0.10310000000000001,"percentBets_2":0.16483516483516483},"output":{"chips":0.5}},
{"input":{"Win":0,"Lose":0,"myCurrBet":0.006666666666666667,"step":0,"position":0.5,"bluff":0,"handValue":0.601007,"percentBets_2":0.02197802197802198},"output":{"chips":1}},
{"input":{"Win":0,"Lose":0,"myCurrBet":0.1,"step":0.5,"position":0.5,"bluff":1,"handValue":0.30000012071,"percentBets_2":0.16483516483516483},"output":{"chips":1}},
{"input":{"Win":0,"Lose":0,"myCurrBet":0.10666666666666667,"step":0.5,"position":0.5,"bluff":0,"handValue":0.30000012071099996,"percentBets_2":0.18681318681318682},"output":{"chips":0}},
{"input":{"Win":0,"Lose":0,"myCurrBet":0.1,"step":0.5,"position":0.5,"bluff":0,"handValue":0.30000012071,"percentBets_2":0.16483516483516483},"output":{"chips":0}},
{"input":{"Win":0,"Lose":0.22666666666666666,"myCurrBet":0.06,"step":0,"position":0.5,"bluff":0,"handValue":0.1008,"percentBets_2":0.16822429906542055},"output":{"chips":0.5}},
{"input":{"Win":0,"Lose":0.22666666666666666,"myCurrBet":0.0033333333333333335,"step":0,"position":0.5,"bluff":0,"percentBets_2":0.009345794392523364,"handValue":0.1008},"output":{"chips":1}},
{"input":{"Win":0,"Lose":0.22666666666666666,"myCurrBet":0.02,"step":0,"position":0.5,"bluff":0,"handValue":0.1008,"percentBets_2":0.056074766355140186},"output":{"chips":1}},
{"input":{"Win":0,"Lose":0.22666666666666666,"myCurrBet":0.12,"step":0.25,"position":0.5,"bluff":1,"handValue":0.10200000000000001,"percentBets_2":0.16822429906542055},"output":{"chips":0.5}},
{"input":{"Win":0,"Lose":0.22666666666666666,"myCurrBet":0.12,"step":0.5,"position":0.5,"bluff":0,"handValue":0.10310000000000001,"percentBets_2":0.16822429906542055},"output":{"chips":0}},
{"input":{"Win":0,"Lose":0.22666666666666666,"myCurrBet":0.12,"step":0.5,"position":0.5,"bluff":0,"handValue":0.10310000000000001,"percentBets_2":0.16822429906542055},"output":{"chips":0}},
{"input":{"Win":0,"Lose":0.09333333333333334,"myCurrBet":0.09333333333333334,"step":0.25,"position":0.5,"bluff":0,"handValue":0.10350000000000001,"percentBets_2":0.112},"output":{"chips":0.5}},
{"input":{"Win":0,"Lose":0.09333333333333334,"myCurrBet":0.0033333333333333335,"step":0,"position":0.5,"bluff":0,"percentBets_2":0.008,"handValue":0.1019},"output":{"chips":1}},
{"input":{"Win":0,"Lose":0.09333333333333334,"myCurrBet":0.013333333333333334,"step":0,"position":0.5,"bluff":0,"handValue":0.1019,"percentBets_2":0.032},"output":{"chips":1}},
{"input":{"Win":0,"Lose":0.09333333333333334,"myCurrBet":0.09333333333333334,"step":0.5,"position":0.5,"bluff":0,"handValue":0.1027,"percentBets_2":0.112},"output":{"chips":0}},
{"input":{"Win":0,"Lose":0.09333333333333334,"myCurrBet":0.04666666666666667,"step":0,"position":0.5,"bluff":0,"handValue":0.1019,"percentBets_2":0.112},"output":{"chips":0.5}},
{"input":{"Win":0,"Lose":0.09333333333333334,"myCurrBet":0.09333333333333334,"step":0.5,"position":0.5,"bluff":1,"handValue":0.1027,"percentBets_2":0.112},"output":{"chips":0.5}},
