{"input":{"Win":0,"Lose":0,"myCurrBet":0,"step":0,"position":0.75,"bluff":0,"percentBets_1":0.006666666666666667,"percentBets_2":0.013333333333333334,"handValue":0.10110000000000001},"output":{"chips":1}},
{"input":{"Win":0,"Lose":0,"myCurrBet":0.006666666666666667,"step":0,"position":0.75,"bluff":0,"handValue":0.10110000000000001,"percentBets_4":0.05333333333333334,"percentBets_1":0.06666666666666667,"percentBets_2":0.06666666666666667},"output":{"chips":1}},
{"input":{"Win":0,"Lose":0,"myCurrBet":0.02666666666666667,"step":0,"position":0.75,"bluff":0,"handValue":0.10110000000000001,"percentBets_4":0.21333333333333335,"percentBets_1":0.24,"percentBets_2":0.24},"output":{"chips":0}},
{"input":{"Win":0,"Lose":0.02666666666666667,"myCurrBet":0,"step":0,"position":0.75,"bluff":1,"percentBets_1":0.008771929824561403,"percentBets_2":0.008547008547008548,"handValue":0.1018},"output":{"chips":1}},
{"input":{"Win":0,"Lose":0.02666666666666667,"myCurrBet":0.013333333333333334,"step":0,"position":0.75,"bluff":1,"handValue":0.1018,"percentBets_4":0.13559322033898305,"percentBets_1":0.17543859649122806,"percentBets_2":0.08547008547008547},"output":{"chips":1}},
{"input":{"Win":0,"Lose":0.02666666666666667,"myCurrBet":0.04,"step":0,"position":0.75,"bluff":0,"handValue":0.1018,"percentBets_4":0.4067796610169492,"percentBets_1":0.42105263157894735,"percentBets_2":0.20512820512820512},"output":{"chips":0}},
{"input":{"Win":0,"Lose":0.04,"myCurrBet":0.013333333333333334,"step":0,"position":0.75,"bluff":0,"handValue":0.1008,"percentBets_4":0.22857142857142856,"percentBets_1":0.30303030303030304,"percentBets_2":0.05649717514124294},"output":{"chips":0}},
{"input":{"Win":0,"Lose":0.04,"myCurrBet":0,"step":0,"position":0.75,"bluff":0,"percentBets_1":0.015151515151515152,"percentBets_2":0.005649717514124294,"handValue":0.1008},"output":{"chips":1}},
{"input":{"Win":0.18775510204081633,"Lose":0,"myCurrBet":0,"step":0,"position":0.75,"bluff":1,"percentBets_1":0.00847457627118644,"percentBets_2":0.006134969325153374,"handValue":0.10200000000000001},"output":{"chips":1}},
{"input":{"Win":0.18775510204081633,"Lose":0,"myCurrBet":0.02666666666666667,"step":0,"position":0.75,"bluff":1,"handValue":0.10200000000000001,"percentBets_4":0.5925925925925926,"percentBets_1":0.288135593220339,"percentBets_2":0.10429447852760736},"output":{"chips":1}},
{"input":{"Win":0.18775510204081633,"Lose":0,"myCurrBet":0.006666666666666667,"step":0,"position":0.75,"bluff":0,"handValue":0.10200000000000001,"percentBets_4":0.14814814814814814,"percentBets_1":0.11864406779661017,"percentBets_2":0.04294478527607362},"output":{"chips":1}},
{"input":{"Win":0,"Lose":0,"myCurrBet":0.006666666666666667,"step":0,"position":0.75,"bluff":0,"handValue":0.1003,"percentBets_4":0.36363636363636365,"percentBets_1":0.16666666666666666,"percentBets_2":0.04794520547945205},"output":{"chips":0}},
{"input":{"Win":0,"Lose":0,"myCurrBet":0,"step":0,"position":0.75,"bluff":0,"percentBets_1":0.011904761904761904,"percentBets_2":0.00684931506849315,"handValue":0.1003},"output":{"chips":1}},
{"input":{"Win":0,"Lose":0.006666666666666667,"myCurrBet":0.01,"step":0,"position":0.75,"bluff":0,"handValue":0.101,"percentBets_4":0.8571428571428571,"percentBets_1":0.14035087719298245,"percentBets_2":0.058394160583941604},"output":{"chips":0}},
{"input":{"Win":0,"Lose":0.006666666666666667,"myCurrBet":0,"step":0,"position":0.75,"bluff":1,"percentBets_1":0.008771929824561403,"percentBets_2":0.0072992700729927005,"handValue":0.101},"output":{"chips":1}},
{"input":{"Win":0,"Lose":0.05333333333333334,"myCurrBet":0,"step":0,"position":0.75,"bluff":0,"percentBets_1":0.010869565217391304,"percentBets_2":0.006369426751592357,"handValue":0.601306},"output":{"chips":1}},
{"input":{"Win":0,"Lose":0.05333333333333334,"myCurrBet":0.013333333333333334,"step":0,"position":0.75,"bluff":0,"handValue":0.601306,"percentBets_4":0,"percentBets_1":0.10869565217391304,"percentBets_2":0.03184713375796178},"output":{"chips":1}},
{"input":{"Win":0,"Lose":0.05333333333333334,"myCurrBet":0.023333333333333334,"step":0,"position":0.75,"bluff":0,"handValue":0.601306,"percentBets_1":0.17391304347826086,"percentBets_2":0.050955414012738856},"output":{"chips":0.5}},
{"input":{"Win":0,"Lose":0.05333333333333334,"myCurrBet":0.02666666666666667,"step":0.25,"position":0.75,"bluff":0,"handValue":0.1034,"percentBets_1":0.2391304347826087,"percentBets_2":0.07006369426751592},"output":{"chips":0.5}},
{"input":{"Win":0,"Lose":0.05333333333333334,"myCurrBet":0.03666666666666667,"step":0.5,"position":0.75,"bluff":1,"handValue":0.1042,"percentBets_1":0.2391304347826087,"percentBets_2":0.07006369426751592},"output":{"chips":1}},
{"input":{"Win":0,"Lose":0.05333333333333334,"myCurrBet":0.03666666666666667,"step":0.5,"position":0.75,"bluff":0,"handValue":0.1042,"percentBets_1":0.2391304347826087,"percentBets_2":0.07006369426751592},"output":{"chips":0}},
{"input":{"Win":0.06451612903225806,"Lose":0,"myCurrBet":0,"step":0,"position":0.75,"bluff":0,"percentBets_1":0.015151515151515152,"percentBets_2":0.00546448087431694,"handValue":0.601009},"output":{"chips":1}},
{"input":{"Win":0.06451612903225806,"Lose":0,"myCurrBet":0.02,"step":0,"position":0.75,"bluff":0,"handValue":0.601009,"percentBets_1":0.21212121212121213,"percentBets_2":0.03825136612021858},"output":{"chips":0.5}},
{"input":{"Win":0.06451612903225806,"Lose":0,"myCurrBet":0.006666666666666667,"step":0,"position":0.75,"bluff":0,"handValue":0.601009,"percentBets_4":0,"percentBets_1":0.15151515151515152,"percentBets_2":0.0273224043715847},"output":{"chips":1}},
{"input":{"Win":0.06451612903225806,"Lose":0,"myCurrBet":0.023333333333333334,"step":0.5,"position":0.75,"bluff":0,"handValue":0.10350000000000001,"percentBets_1":0.21212121212121213,"percentBets_2":0.03825136612021858},"output":{"chips":0.5}},
{"input":{"Win":0.06451612903225806,"Lose":0,"myCurrBet":0.023333333333333334,"step":0.25,"position":0.75,"bluff":0,"handValue":0.1027,"percentBets_1":0.21212121212121213,"percentBets_2":0.03825136612021858},"output":{"chips":0.5}},
{"input":{"Win":0.06451612903225806,"Lose":0,"myCurrBet":0.023333333333333334,"step":0.75,"position":0.75,"bluff":0,"handValue":0.1027,"percentBets_1":0.21212121212121213,"percentBets_2":0.03825136612021858},"output":{"chips":0}},
{"input":{"Win":0,"Lose":0.04,"myCurrBet":0,"step":0,"position":0.75,"bluff":0,"percentBets_1":0.019230769230769232,"percentBets_2":0.005681818181818182,"handValue":0.1017},"output":{"chips":1}},
{"input":{"Win":0,"Lose":0.04,"myCurrBet":0.02,"step":0,"position":0.75,"bluff":0,"handValue":0.1017,"percentBets_1":0.34615384615384615,"percentBets_2":0.05113636363636364},"output":{"chips":1}},
{"input":{"Win":0,"Lose":0.04,"myCurrBet":0.04,"step":0.5,"position":0.75,"bluff":0,"handValue":0.300000120513,"percentBets_1":0.46153846153846156,"percentBets_2":0.06818181818181818},"output":{"chips":0}},
{"input":{"Win":0,"Lose":0.04,"myCurrBet":0.04,"step":0.25,"position":0.75,"bluff":0,"handValue":0.10350000000000001,"percentBets_1":0.46153846153846156,"percentBets_2":0.06818181818181818},"output":{"chips":0.5}},
{"input":{"Win":0,"Lose":0.04,"myCurrBet":0.01,"step":0,"position":0.75,"bluff":0,"handValue":0.1017,"percentBets_4":0,"percentBets_1":0.19230769230769232,"percentBets_2":0.028409090909090908},"output":{"chips":1}},
{"input":{"Win":0,"Lose":0.04,"myCurrBet":0.04,"step":0.5,"position":0.75,"bluff":0,"handValue":0.300000120513,"percentBets_1":0.46153846153846156,"percentBets_2":0.06818181818181818},"output":{"chips":0}},
{"input":{"Win":0,"Lose":0,"myCurrBet":0,"step":0,"position":0.75,"bluff":0,"percentBets_1":0.03571428571428571,"percentBets_2":0.005,"handValue":0.10160000000000001},"output":{"chips":1}},
{"input":{"Win":0,"Lose":0,"myCurrBet":0.023333333333333334,"step":0,"position":0.75,"bluff":1,"handValue":0.10160000000000001,"percentBets_1":0.6428571428571429,"percentBets_2":0.045},"output":{"chips":0.5}},
{"input":{"Win":0,"Lose":0,"myCurrBet":0.01,"step":0,"position":0.75,"bluff":0,"handValue":0.10160000000000001,"percentBets_4":0,"percentBets_1":0.35714285714285715,"percentBets_2":0.025},"output":{"chips":1}},
{"input":{"Win":0,"Lose":0,"myCurrBet":0.03,"step":0.25,"position":0.75,"bluff":0,"handValue":0.1042,"percentBets_1":0.7142857142857143,"percentBets_2":0.05},"output":{"chips":0}},
{"input":{"Win":0,"Lose":0.03,"myCurrBet":0,"step":0,"position":0.75,"bluff":0,"percentBets_1":0.125,"percentBets_2":0.0045662100456621,"handValue":0.500000000003},"output":{"chips":1}},
{"input":{"Win":0,"Lose":0.03,"myCurrBet":0.006666666666666667,"step":0,"position":0.75,"bluff":0,"handValue":0.500000000003,"percentBets_4":0,"percentBets_1":0.75,"percentBets_2":0.0136986301369863},"output":{"chips":0}},
{"input":{"Win":0,"Lose":0.006666666666666667,"myCurrBet":0,"step":0,"position":0.75,"bluff":0,"percentBets_1":0.5,"percentBets_2":0.004464285714285714,"handValue":0.10200000000000001},"output":{"chips":1}},
{"input":{"Win":0,"Lose":0.006666666666666667,"myCurrBet":0.006666666666666667,"step":0,"position":0.75,"bluff":0,"handValue":0.10200000000000001,"percentBets_4":0,"percentBets_1":1,"percentBets_2":0.004464285714285714},"output":{"chips":0}},
