{"input":{"Win":0,"Lose":0.05,"myCurrBet":0.0016666666666666668,"step":0,"position":0.25,"bluff":0,"percentBets_2":0.013333333333333334,"handValue":0.1014,"percentBets_3":0.013333333333333334,"percentBets_4":0.02666666666666667},"output":{"chips":1}},
{"input":{"Win":0,"Lose":0.05,"myCurrBet":0.013333333333333334,"step":0,"position":0.25,"bluff":0,"handValue":0.1014,"percentBets_2":0.05333333333333334,"percentBets_3":0.08,"percentBets_4":0.16},"output":{"chips":1}},
{"input":{"Win":0,"Lose":0.05,"myCurrBet":0.043333333333333335,"step":0.25,"position":0.25,"bluff":0,"handValue":0.10360000000000001,"percentBets_2":0.17333333333333334,"percentBets_3":0,"percentBets_4":0},"output":{"chips":0.5}},
{"input":{"Win":0,"Lose":0.05,"myCurrBet":0.043333333333333335,"step":0.5,"position":0.25,"bluff":0,"handValue":0.1047,"percentBets_2":0.17333333333333334},"output":{"chips":0}},
{"input":{"Win":0,"Lose":0.05,"myCurrBet":0.043333333333333335,"step":0.5,"position":0.25,"bluff":1,"handValue":0.1047,"percentBets_2":0.17333333333333334},"output":{"chips":1}},
{"input":{"Win":0,"Lose":0.04666666666666667,"myCurrBet":0.04666666666666667,"step":0.25,"position":0.25,"bluff":0,"handValue":0.1018,"percentBets_2":0.12962962962962962,"percentBets_3":0,"percentBets_4":0.2222222222222222},"output":{"chips":0}},
{"input":{"Win":0,"Lose":0.04666666666666667,"myCurrBet":0.04666666666666667,"step":0.25,"position":0.25,"bluff":0,"handValue":0.1018,"percentBets_2":0.12962962962962962,"percentBets_4":0.2222222222222222},"output":{"chips":0}},
{"input":{"Win":0,"Lose":0.04666666666666667,"myCurrBet":0.04666666666666667,"step":0.25,"position":0.25,"bluff":0,"handValue":0.1027,"percentBets_2":0.12962962962962962,"percentBets_4":0.2222222222222222},"output":{"chips":0}},
{"input":{"Win":0,"Lose":0.04666666666666667,"myCurrBet":0.0016666666666666668,"step":0,"position":0.25,"bluff":0,"percentBets_2":0.009259259259259259,"handValue":0.1009,"percentBets_3":0.028985507246376812,"percentBets_4":0.06349206349206349},"output":{"chips":1}},
{"input":{"Win":0,"Lose":0.04666666666666667,"myCurrBet":0.02,"step":0,"position":0.25,"bluff":0,"handValue":0.1009,"percentBets_2":0.05555555555555555,"percentBets_3":0.10144927536231885,"percentBets_4":0.2222222222222222},"output":{"chips":0.5}},
{"input":{"Win":0,"Lose":0.05333333333333334,"myCurrBet":0.0016666666666666668,"step":0,"position":0.25,"bluff":0,"percentBets_2":0.006993006993006993,"handValue":0.1019,"percentBets_3":0.04838709677419355,"percentBets_4":0.12244897959183673},"output":{"chips":1}},
{"input":{"Win":0,"Lose":0.05333333333333334,"myCurrBet":0.05333333333333334,"step":0.25,"position":0.25,"bluff":0,"handValue":0.40000008110100005,"percentBets_2":0.11188811188811189,"percentBets_3":0.25806451612903225,"percentBets_4":0.32653061224489793},"output":{"chips":0}},
{"input":{"Win":0,"Lose":0.05333333333333334,"myCurrBet":0.05333333333333334,"step":0.25,"position":0.25,"bluff":0,"handValue":0.40000008110100005,"percentBets_2":0.11188811188811189,"percentBets_3":0.25806451612903225,"percentBets_4":0.32653061224489793},"output":{"chips":0}},
{"input":{"Win":0,"Lose":0.05333333333333334,"myCurrBet":0.05333333333333334,"step":0.25,"position":0.25,"bluff":0,"handValue":0.400000081211,"percentBets_2":0.11188811188811189,"percentBets_3":0.25806451612903225,"percentBets_4":0.32653061224489793},"output":{"chips":0}},
{"input":{"Win":0,"Lose":0.05333333333333334,"myCurrBet":0.023333333333333334,"step":0,"position":0.25,"bluff":0,"handValue":0.1019,"percentBets_2":0.04895104895104895,"percentBets_3":0.12903225806451613,"percentBets_4":0.32653061224489793},"output":{"chips":0.5}},
{"input":{"Win":0,"Lose":0,"myCurrBet":0.03333333333333333,"step":0,"position":0.25,"bluff":0,"handValue":0.10110000000000001,"percentBets_2":0.07874015748031496,"percentBets_3":0.21739130434782608,"percentBets_4":0.20618556701030927},"output":{"chips":0}},
{"input":{"Win":0,"Lose":0,"myCurrBet":0.0016666666666666668,"step":0,"position":0.25,"bluff":0,"percentBets_2":0.007874015748031496,"handValue":0.10110000000000001,"percentBets_3":0.08695652173913043,"percentBets_4":0.08247422680412371},"output":{"chips":1}},
{"input":{"Win":0,"Lose":0.03333333333333333,"myCurrBet":0.0016666666666666668,"step":0,"position":0.3333333333333333,"bluff":0,"percentBets_2":0.008547008547008548,"handValue":0.6013069999999999,"percentBets_3":0.012269938650306749},"output":{"chips":0}},
{"input":{"Win":0,"Lose":0.0016666666666666668,"myCurrBet":0.013333333333333334,"step":0,"position":0.3333333333333333,"bluff":0,"handValue":0.1015,"percentBets_2":0.034482758620689655,"percentBets_3":0.0486322188449848},"output":{"chips":1}},
{"input":{"Win":0,"Lose":0.0016666666666666668,"myCurrBet":0.065,"step":0,"position":0.3333333333333333,"bluff":0,"handValue":0.1015,"percentBets_2":0.16810344827586207,"percentBets_3":0.23708206686930092},"output":{"chips":0}},
{"input":{"Win":0,"Lose":0.0016666666666666668,"myCurrBet":0.0016666666666666668,"step":0,"position":0.3333333333333333,"bluff":0,"percentBets_2":0.008620689655172414,"handValue":0.1015,"percentBets_3":0.0121580547112462},"output":{"chips":1}},
{"input":{"Win":0,"Lose":0.0016666666666666668,"myCurrBet":0.03333333333333333,"step":0,"position":0.3333333333333333,"bluff":0,"handValue":0.1015,"percentBets_2":0.08620689655172414,"percentBets_3":0.12158054711246201},"output":{"chips":0.5}},
