{"input":{"Win":0.12,"Lose":0,"myCurrBet":0,"step":0,"position":1,"bluff":0,"percentBets_1":0.006666666666666667,"percentBets_2":0.013333333333333334,"handValue":0.1015,"percentBets_3":0.02666666666666667},"output":{"chips":0.5}},
{"input":{"Win":0.12,"Lose":0,"myCurrBet":0.006666666666666667,"step":0,"position":1,"bluff":0,"handValue":0.1015,"percentBets_1":0.05333333333333334,"percentBets_2":0.05333333333333334,"percentBets_3":0.05333333333333334},"output":{"chips":0.5}},
{"input":{"Win":0.12,"Lose":0,"myCurrBet":0.016666666666666666,"step":0.25,"position":1,"bluff":1,"handValue":0.1038,"percentBets_1":0.08,"percentBets_2":0.08,"percentBets_3":0.08},"output":{"chips":0.5}},
{"input":{"Win":0.12,"Lose":0,"myCurrBet":0.02666666666666667,"step":0.75,"position":1,"bluff":0,"handValue":0.300000131206,"percentBets_1":0.13333333333333333,"percentBets_2":0.13333333333333333,"percentBets_3":0.08},"output":{"chips":0.5}},
{"input":{"Win":0.12,"Lose":0,"myCurrBet":0.02,"step":0.5,"position":1,"bluff":0,"handValue":0.10250000000000001,"percentBets_1":0.08,"percentBets_2":0.08,"percentBets_3":0.08},"output":{"chips":0.5}},
{"input":{"Win":0.12,"Lose":0,"myCurrBet":0.013333333333333334,"step":0.25,"position":1,"bluff":1,"handValue":0.1038,"percentBets_1":0.05333333333333334,"percentBets_2":0.05333333333333334,"percentBets_3":0.05333333333333334},"output":{"chips":1}},
{"input":{"Win":0.12,"Lose":0,"myCurrBet":0.02,"step":0.75,"position":1,"bluff":1,"handValue":0.300000131206,"percentBets_1":0.08,"percentBets_2":0.08,"percentBets_3":0.09333333333333334},"output":{"chips":1}},
{"input":{"Win":0,"Lose":0.02666666666666667,"myCurrBet":0.01,"step":0,"position":1,"bluff":0,"handValue":0.1017,"percentBets_1":0.09230769230769231,"percentBets_2":0.09230769230769231,"percentBets_3":0.08823529411764706},"output":{"chips":0.5}},
{"input":{"Win":0,"Lose":0.02666666666666667,"myCurrBet":0.023333333333333334,"step":0.25,"position":1,"bluff":0,"handValue":0.1032,"percentBets_1":0.12307692307692308,"percentBets_2":0.12307692307692308,"percentBets_3":0.11764705882352941},"output":{"chips":0.5}},
{"input":{"Win":0,"Lose":0.02666666666666667,"myCurrBet":0.02666666666666667,"step":0.5,"position":1,"bluff":0,"handValue":0.10310000000000001,"percentBets_1":0.12307692307692308,"percentBets_2":0.12307692307692308,"percentBets_3":0.11764705882352941},"output":{"chips":0.5}},
{"input":{"Win":0,"Lose":0.02666666666666667,"myCurrBet":0.02666666666666667,"step":0.75,"position":1,"bluff":0,"handValue":0.1033,"percentBets_1":0.12307692307692308,"percentBets_2":0.12307692307692308,"percentBets_3":0.11764705882352941},"output":{"chips":0.5}},
{"input":{"Win":0,"Lose":0.02666666666666667,"myCurrBet":0,"step":0,"position":1,"bluff":1,"percentBets_1":0.007692307692307693,"percentBets_2":0.015384615384615385,"handValue":0.1017,"percentBets_3":0.029411764705882353},"output":{"chips":1}},
{"input":{"Win":0,"Lose":0.02666666666666667,"myCurrBet":0.02,"step":0.25,"position":1,"bluff":0,"handValue":0.1032,"percentBets_1":0.09230769230769231,"percentBets_2":0.09230769230769231,"percentBets_3":0.10294117647058823},"output":{"chips":0.5}},
{"input":{"Win":0.08737864077669903,"Lose":0,"myCurrBet":0,"step":0,"position":1,"bluff":0,"percentBets_1":0.008771929824561403,"percentBets_2":0.011235955056179775,"handValue":0.6007009999999999,"percentBets_3":0.03333333333333333},"output":{"chips":1}},
{"input":{"Win":0.08737864077669903,"Lose":0,"myCurrBet":0.02,"step":0.25,"position":1,"bluff":0,"handValue":0.1014,"percentBets_1":0.10526315789473684,"percentBets_2":0.06741573033707865,"percentBets_3":0.1},"output":{"chips":0.5}},
{"input":{"Win":0.08737864077669903,"Lose":0,"myCurrBet":0.01,"step":0,"position":1,"bluff":0,"handValue":0.6007009999999999,"percentBets_1":0.10526315789473684,"percentBets_2":0.06741573033707865,"percentBets_3":0.1},"output":{"chips":0.5}},
{"input":{"Win":0.08737864077669903,"Lose":0,"myCurrBet":0.02,"step":0.5,"position":1,"bluff":0,"handValue":0.300000040107,"percentBets_1":0.10526315789473684,"percentBets_2":0.06741573033707865,"percentBets_3":0.1},"output":{"chips":0.5}},
{"input":{"Win":0.08737864077669903,"Lose":0,"myCurrBet":0.02,"step":0.75,"position":1,"bluff":1,"handValue":0.700000000401,"percentBets_1":0.10526315789473684,"percentBets_2":0.06741573033707865,"percentBets_3":0.1},"output":{"chips":0.5}},
{"input":{"Win":0,"Lose":0.02666666666666667,"myCurrBet":0,"step":0,"position":1,"bluff":1,"percentBets_1":0.00980392156862745,"percentBets_2":0.012048192771084338,"handValue":0.601206,"percentBets_3":0.037037037037037035},"output":{"chips":1}},
{"input":{"Win":0,"Lose":0.02666666666666667,"myCurrBet":0.01,"step":0,"position":1,"bluff":0,"handValue":0.601206,"percentBets_1":0.11764705882352941,"percentBets_2":0.07228915662650602,"percentBets_3":0.1111111111111111},"output":{"chips":0.5}},
{"input":{"Win":0,"Lose":0.02666666666666667,"myCurrBet":0.02,"step":0.25,"position":1,"bluff":0,"handValue":0.1038,"percentBets_1":0.11764705882352941,"percentBets_2":0.07228915662650602,"percentBets_3":0.1111111111111111},"output":{"chips":0.5}},
{"input":{"Win":0,"Lose":0.02666666666666667,"myCurrBet":0.023333333333333334,"step":0.75,"position":1,"bluff":0,"handValue":0.1056,"percentBets_1":0.1568627450980392,"percentBets_2":0.0963855421686747,"percentBets_3":0.14814814814814814},"output":{"chips":0.5}},
{"input":{"Win":0,"Lose":0.02666666666666667,"myCurrBet":0.02,"step":0.75,"position":1,"bluff":0,"handValue":0.1056,"percentBets_1":0.11764705882352941,"percentBets_2":0.07228915662650602,"percentBets_3":0.12962962962962962},"output":{"chips":0.5}},
{"input":{"Win":0,"Lose":0.02666666666666667,"myCurrBet":0.02,"step":0.5,"position":1,"bluff":0,"handValue":0.10490000000000001,"percentBets_1":0.11764705882352941,"percentBets_2":0.07228915662650602,"percentBets_3":0.1111111111111111},"output":{"chips":0.5}},
{"input":{"Win":0.061224489795918366,"Lose":0,"myCurrBet":0,"step":0,"position":1,"bluff":1,"percentBets_1":0.011627906976744186,"percentBets_2":0.013333333333333334,"handValue":0.601209,"percentBets_3":0.02564102564102564},"output":{"chips":0.5}},
{"input":{"Win":0.061224489795918366,"Lose":0,"myCurrBet":0.006666666666666667,"step":0,"position":1,"bluff":0,"handValue":0.601209,"percentBets_1":0.09302325581395349,"percentBets_2":0.05333333333333334,"percentBets_3":0.05128205128205128},"output":{"chips":0.5}},
{"input":{"Win":0.061224489795918366,"Lose":0,"myCurrBet":0.013333333333333334,"step":0.25,"position":1,"bluff":1,"handValue":0.10250000000000001,"percentBets_1":0.09302325581395349,"percentBets_2":0.05333333333333334,"percentBets_3":0.05128205128205128},"output":{"chips":0.5}},
{"input":{"Win":0.061224489795918366,"Lose":0,"myCurrBet":0.013333333333333334,"step":0.5,"position":1,"bluff":0,"handValue":0.30000010091199997,"percentBets_1":0.09302325581395349,"percentBets_2":0.05333333333333334,"percentBets_3":0.05128205128205128},"output":{"chips":0.5}},
{"input":{"Win":0.061224489795918366,"Lose":0,"myCurrBet":0.013333333333333334,"step":0.75,"position":1,"bluff":0,"handValue":0.30000010091199997,"percentBets_1":0.09302325581395349,"percentBets_2":0.05333333333333334,"percentBets_3":0.05128205128205128},"output":{"chips":0.5}},
{"input":{"Win":0,"Lose":0.04666666666666667,"myCurrBet":0,"step":0,"position":1,"bluff":1,"percentBets_1":0.01282051282051282,"percentBets_2":0.014084507042253521,"handValue":0.1,"percentBets_3":0.013513513513513514},"output":{"chips":0.5}},
{"input":{"Win":0,"Lose":0.04666666666666667,"myCurrBet":0.01,"step":0,"position":1,"bluff":1,"handValue":0.1,"percentBets_1":0.15384615384615385,"percentBets_2":0.08450704225352113,"percentBets_3":0},"output":{"chips":1}},
{"input":{"Win":0,"Lose":0.04666666666666667,"myCurrBet":0.0033333333333333335,"step":0,"position":1,"bluff":0,"handValue":0.1,"percentBets_1":0.05128205128205128,"percentBets_2":0.028169014084507043,"percentBets_3":0.04054054054054054},"output":{"chips":0.5}},
{"input":{"Win":0,"Lose":0.04666666666666667,"myCurrBet":0.023333333333333334,"step":0,"position":1,"bluff":1,"handValue":0.1,"percentBets_1":0.358974358974359,"percentBets_2":0.19718309859154928},"output":{"chips":0.5}},
{"input":{"Win":0,"Lose":0.04666666666666667,"myCurrBet":0.04666666666666667,"step":0.25,"position":1,"bluff":0,"handValue":0.1018,"percentBets_1":0.358974358974359,"percentBets_2":0.19718309859154928},"output":{"chips":0.5}},
{"input":{"Win":0,"Lose":0.04666666666666667,"myCurrBet":0.04666666666666667,"step":0.5,"position":1,"bluff":0,"handValue":0.1029,"percentBets_1":0.358974358974359,"percentBets_2":0.19718309859154928},"output":{"chips":0}},
{"input":{"Win":0,"Lose":0.04666666666666667,"myCurrBet":0.04666666666666667,"step":0.5,"position":1,"bluff":0,"handValue":0.1029,"percentBets_1":0.358974358974359,"percentBets_2":0.19718309859154928},"output":{"chips":0}},
{"input":{"Win":0,"Lose":0,"myCurrBet":0,"step":0,"position":1,"bluff":0,"percentBets_1":0.02,"percentBets_2":0.00980392156862745,"handValue":0.500000000005,"percentBets_3":0.014084507042253521},"output":{"chips":1}},
{"input":{"Win":0,"Lose":0,"myCurrBet":0.006666666666666667,"step":0,"position":1,"bluff":0,"handValue":0.500000000005,"percentBets_1":0.16,"percentBets_2":0.0392156862745098,"percentBets_3":0.056338028169014086},"output":{"chips":0}},
{"input":{"Win":0,"Lose":0.006666666666666667,"myCurrBet":0,"step":0,"position":1,"bluff":0,"percentBets_1":0.029411764705882353,"percentBets_2":0.010638297872340425,"handValue":0.1019,"percentBets_3":0.02247191011235955},"output":{"chips":1}},
{"input":{"Win":0,"Lose":0.006666666666666667,"myCurrBet":0.01,"step":0,"position":1,"bluff":0,"handValue":0.1019,"percentBets_1":0.35294117647058826,"percentBets_2":0.06382978723404255,"percentBets_3":0.06741573033707865},"output":{"chips":0}},
{"input":{"Win":0,"Lose":0.01,"myCurrBet":0,"step":0,"position":1,"bluff":0,"percentBets_1":0.05555555555555555,"percentBets_2":0.008849557522123894,"handValue":0.1023,"percentBets_3":0.024691358024691357},"output":{"chips":1}},
{"input":{"Win":0,"Lose":0.01,"myCurrBet":0.01,"step":0,"position":1,"bluff":0,"handValue":0.1023,"percentBets_1":0.6666666666666666,"percentBets_2":0.05309734513274336,"percentBets_3":0.07407407407407407},"output":{"chips":0}},
{"input":{"Win":0,"Lose":0.01,"myCurrBet":0,"step":0,"position":1,"bluff":0,"percentBets_1":0.16666666666666666,"percentBets_2":0.0078125,"handValue":0.1015,"percentBets_3":0.013333333333333334},"output":{"chips":0.5}},
{"input":{"Win":0,"Lose":0.01,"myCurrBet":0.0033333333333333335,"step":0,"position":1,"bluff":0,"handValue":0.1015,"percentBets_1":0.6666666666666666,"percentBets_2":0.015625,"percentBets_3":0.04},"output":{"chips":0}},
{"input":{"Win":0,"Lose":0.023333333333333334,"myCurrBet":0,"step":0,"position":1,"bluff":0,"percentBets_1":0.5,"percentBets_2":0.007936507936507936,"handValue":0.1,"percentBets_3":0.025},"output":{"chips":1}},
{"input":{"Win":0,"Lose":0.023333333333333334,"myCurrBet":0.01,"step":0.25,"position":1,"bluff":1,"handValue":0.10250000000000001,"percentBets_1":0,"percentBets_2":0,"percentBets_3":0.0375},"output":{"chips":1}},
{"input":{"Win":0,"Lose":0.023333333333333334,"myCurrBet":0.013333333333333334,"step":0.25,"position":1,"bluff":0,"handValue":0.10250000000000001,"percentBets_3":0.0625},"output":{"chips":0.5}},
{"input":{"Win":0,"Lose":0.023333333333333334,"myCurrBet":0.016666666666666666,"step":0.75,"position":1,"bluff":1,"handValue":0.30000012100699996,"percentBets_3":0.0625},"output":{"chips":1}},
{"input":{"Win":0,"Lose":0.023333333333333334,"myCurrBet":0.016666666666666666,"step":0.5,"position":1,"bluff":0,"handValue":0.10300000000000001,"percentBets_3":0.0625},"output":{"chips":0.5}},
{"input":{"Win":0,"Lose":0,"myCurrBet":0,"step":0,"position":1,"bluff":0,"percentBets_1":1,"percentBets_2":0.008,"handValue":0.10210000000000001,"percentBets_3":0.022857142857142857},"output":{"chips":0}},
{"input":{"Win":0.03755868544600939,"Lose":0,"myCurrBet":0.006666666666666667,"step":0,"position":1,"bluff":0,"handValue":0.1017,"percentBets_1":0.016129032258064516,"percentBets_2":0.033707865168539325},"output":{"chips":0.5}},
{"input":{"Win":0.03755868544600939,"Lose":0,"myCurrBet":0,"step":0,"position":1,"bluff":0,"percentBets_1":0.004032258064516129,"percentBets_2":0.011235955056179775,"handValue":0.1017},"output":{"chips":1}},
{"input":{"Win":0.03755868544600939,"Lose":0,"myCurrBet":0.01,"step":0.25,"position":1,"bluff":1,"handValue":0.1014,"percentBets_1":0.024193548387096774,"percentBets_2":0.0449438202247191},"output":{"chips":0.5}},
{"input":{"Win":0.03755868544600939,"Lose":0,"myCurrBet":0.013333333333333334,"step":0.5,"position":1,"bluff":0,"handValue":0.10250000000000001,"percentBets_1":0.03225806451612903,"percentBets_2":0.0449438202247191},"output":{"chips":0.5}},
{"input":{"Win":0.03755868544600939,"Lose":0,"myCurrBet":0.013333333333333334,"step":0.75,"position":1,"bluff":0,"handValue":0.1034,"percentBets_1":0.03225806451612903,"percentBets_2":0.0449438202247191},"output":{"chips":0.5}},
{"input":{"Win":0,"Lose":0.01,"myCurrBet":0,"step":0,"position":1,"bluff":1,"percentBets_1":0.004166666666666667,"percentBets_2":0.011764705882352941,"handValue":0.601201},"output":{"chips":1}},
{"input":{"Win":0,"Lose":0.01,"myCurrBet":0.006666666666666667,"step":0.25,"position":1,"bluff":1,"handValue":0.1015,"percentBets_1":0.016666666666666666,"percentBets_2":0.023529411764705882},"output":{"chips":1}},
{"input":{"Win":0,"Lose":0.01,"myCurrBet":0.01,"step":0.75,"position":1,"bluff":0,"handValue":0.1032,"percentBets_1":0.025,"percentBets_2":0.03529411764705882},"output":{"chips":0.5}},
{"input":{"Win":0,"Lose":0.01,"myCurrBet":0.01,"step":0.5,"position":1,"bluff":1,"handValue":0.1024,"percentBets_1":0.025,"percentBets_2":0.03529411764705882},"output":{"chips":0.5}},
{"input":{"Win":0.028846153846153848,"Lose":0,"myCurrBet":0,"step":0,"position":1,"bluff":1,"percentBets_1":0.003968253968253968,"percentBets_2":0.012195121951219513,"handValue":0.1018},"output":{"chips":0.5}},
{"input":{"Win":0.028846153846153848,"Lose":0,"myCurrBet":0.01,"step":0.25,"position":1,"bluff":1,"handValue":0.1042,"percentBets_1":0.023809523809523808,"percentBets_2":0.036585365853658534},"output":{"chips":0.5}},
{"input":{"Win":0.028846153846153848,"Lose":0,"myCurrBet":0.01,"step":0.5,"position":1,"bluff":0,"handValue":0.1052,"percentBets_1":0.023809523809523808,"percentBets_2":0.036585365853658534},"output":{"chips":0.5}},
{"input":{"Win":0.028846153846153848,"Lose":0,"myCurrBet":0.01,"step":0.75,"position":1,"bluff":0,"handValue":0.1044,"percentBets_1":0.023809523809523808,"percentBets_2":0.036585365853658534},"output":{"chips":0.5}},
{"input":{"Win":0.028846153846153848,"Lose":0,"myCurrBet":0.0033333333333333335,"step":0,"position":1,"bluff":0,"handValue":0.1018,"percentBets_1":0.007936507936507936,"percentBets_2":0.024390243902439025},"output":{"chips":1}},
{"input":{"Win":0,"Lose":0.02666666666666667,"myCurrBet":0,"step":0,"position":1,"bluff":0,"percentBets_1":0.008130081300813009,"percentBets_2":0.02531645569620253,"handValue":0.1013},"output":{"chips":1}},
{"input":{"Win":0,"Lose":0.02666666666666667,"myCurrBet":0.013333333333333334,"step":0,"position":1,"bluff":1,"handValue":0.1013,"percentBets_1":0.032520325203252036,"percentBets_2":0.0759493670886076},"output":{"chips":0.5}},
{"input":{"Win":0,"Lose":0.02666666666666667,"myCurrBet":0.02,"step":0.25,"position":1,"bluff":0,"handValue":0.1034,"percentBets_1":0.04878048780487805,"percentBets_2":0.0759493670886076},"output":{"chips":0.5}},
{"input":{"Win":0,"Lose":0.02666666666666667,"myCurrBet":0.02,"step":0.5,"position":1,"bluff":0,"handValue":0.1039,"percentBets_1":0.04878048780487805,"percentBets_2":0.0759493670886076},"output":{"chips":0.5}},
{"input":{"Win":0,"Lose":0.02666666666666667,"myCurrBet":0.02,"step":0.75,"position":1,"bluff":0,"handValue":0.10300000000000001,"percentBets_1":0.04878048780487805,"percentBets_2":0.10126582278481013},"output":{"chips":0.5}},
{"input":{"Win":0,"Lose":0.03333333333333333,"myCurrBet":0,"step":0,"position":1,"bluff":0,"percentBets_1":0.008695652173913044,"percentBets_2":0.021052631578947368,"handValue":0.601005},"output":{"chips":1}},
{"input":{"Win":0,"Lose":0.03333333333333333,"myCurrBet":0.013333333333333334,"step":0,"position":1,"bluff":0,"handValue":0.601005,"percentBets_1":0.034782608695652174,"percentBets_2":0.06315789473684211},"output":{"chips":0.5}},
{"input":{"Win":0,"Lose":0.03333333333333333,"myCurrBet":0.02,"step":0.25,"position":1,"bluff":1,"handValue":0.1032,"percentBets_1":0.05217391304347826,"percentBets_2":0.06315789473684211},"output":{"chips":1}},
{"input":{"Win":0,"Lose":0.03333333333333333,"myCurrBet":0.03333333333333333,"step":0.75,"position":1,"bluff":1,"handValue":0.10500000000000001,"percentBets_1":0.08695652173913043,"percentBets_2":0.10526315789473684},"output":{"chips":0.5}},
{"input":{"Win":0,"Lose":0.03333333333333333,"myCurrBet":0.02666666666666667,"step":0.5,"position":1,"bluff":1,"handValue":0.1039,"percentBets_1":0.06956521739130435,"percentBets_2":0.08421052631578947},"output":{"chips":1}},
{"input":{"Win":0.06363636363636363,"Lose":0,"myCurrBet":0.013333333333333334,"step":0,"position":1,"bluff":0,"handValue":0.1019,"percentBets_1":0.0380952380952381,"percentBets_2":0.05217391304347826},"output":{"chips":0.5}},
{"input":{"Win":0.06363636363636363,"Lose":0,"myCurrBet":0,"step":0,"position":1,"bluff":1,"percentBets_1":0.009523809523809525,"percentBets_2":0.017391304347826087,"handValue":0.1019},"output":{"chips":1}},
{"input":{"Win":0.06363636363636363,"Lose":0,"myCurrBet":0.02,"step":0.5,"position":1,"bluff":1,"handValue":0.10450000000000001,"percentBets_1":0.05714285714285714,"percentBets_2":0.05217391304347826},"output":{"chips":1}},
{"input":{"Win":0.06363636363636363,"Lose":0,"myCurrBet":0.02,"step":0.25,"position":1,"bluff":0,"handValue":0.1043,"percentBets_1":0.05714285714285714,"percentBets_2":0.05217391304347826},"output":{"chips":0.5}},
{"input":{"Win":0.06363636363636363,"Lose":0,"myCurrBet":0.02666666666666667,"step":0.75,"position":1,"bluff":0,"handValue":0.10550000000000001,"percentBets_1":0.0761904761904762,"percentBets_2":0.05217391304347826},"output":{"chips":0.5}},
{"input":{"Win":0.05825242718446602,"Lose":0,"myCurrBet":0,"step":0,"position":1,"bluff":0,"percentBets_1":0.010309278350515464,"percentBets_2":0.01834862385321101,"handValue":0.10120000000000001},"output":{"chips":1}},
{"input":{"Win":0.05825242718446602,"Lose":0,"myCurrBet":0.013333333333333334,"step":0,"position":1,"bluff":1,"handValue":0.10120000000000001,"percentBets_1":0.041237113402061855,"percentBets_2":0.05504587155963303},"output":{"chips":0.5}},
{"input":{"Win":0.05825242718446602,"Lose":0,"myCurrBet":0.02,"step":0.25,"position":1,"bluff":1,"handValue":0.10200000000000001,"percentBets_1":0.061855670103092786,"percentBets_2":0.05504587155963303},"output":{"chips":0.5}},
{"input":{"Win":0.05825242718446602,"Lose":0,"myCurrBet":0.02,"step":0.75,"position":1,"bluff":0,"handValue":0.300000111009,"percentBets_1":0.061855670103092786,"percentBets_2":0.05504587155963303},"output":{"chips":0.5}},
{"input":{"Win":0.05825242718446602,"Lose":0,"myCurrBet":0.02,"step":0.5,"position":1,"bluff":0,"handValue":0.1028,"percentBets_1":0.061855670103092786,"percentBets_2":0.05504587155963303},"output":{"chips":0.5}},
{"input":{"Win":0,"Lose":0.02,"myCurrBet":0.006666666666666667,"step":0,"position":1,"bluff":1,"handValue":0.1018,"percentBets_1":0.02197802197802198,"percentBets_2":0.038834951456310676},"output":{"chips":1}},
{"input":{"Win":0,"Lose":0.02,"myCurrBet":0.02,"step":0.25,"position":1,"bluff":1,"handValue":0.1051,"percentBets_1":0.06593406593406594,"percentBets_2":0.05825242718446602},"output":{"chips":0.5}},
{"input":{"Win":0,"Lose":0.02,"myCurrBet":0.02,"step":0.5,"position":1,"bluff":0,"handValue":0.10550000000000001,"percentBets_1":0.06593406593406594,"percentBets_2":0.05825242718446602},"output":{"chips":0.5}},
{"input":{"Win":0,"Lose":0.02,"myCurrBet":0,"step":0,"position":1,"bluff":1,"percentBets_1":0.01098901098901099,"percentBets_2":0.019417475728155338,"handValue":0.1018},"output":{"chips":0.5}},
{"input":{"Win":0,"Lose":0.02,"myCurrBet":0.02,"step":0.75,"position":1,"bluff":1,"handValue":0.1044,"percentBets_1":0.06593406593406594,"percentBets_2":0.05825242718446602},"output":{"chips":0.5}},
{"input":{"Win":0,"Lose":0.02666666666666667,"myCurrBet":0,"step":0,"position":1,"bluff":0,"percentBets_1":0.009708737864077669,"percentBets_2":0.020618556701030927,"handValue":0.1017},"output":{"chips":1}},
{"input":{"Win":0,"Lose":0.02666666666666667,"myCurrBet":0.013333333333333334,"step":0,"position":1,"bluff":0,"handValue":0.1017,"percentBets_1":0.038834951456310676,"percentBets_2":0.061855670103092786},"output":{"chips":0.5}},
{"input":{"Win":0,"Lose":0.02666666666666667,"myCurrBet":0.02666666666666667,"step":0.5,"position":1,"bluff":0,"handValue":0.1039,"percentBets_1":0.07766990291262135,"percentBets_2":0.08247422680412371},"output":{"chips":0.5}},
{"input":{"Win":0,"Lose":0.02666666666666667,"myCurrBet":0.02,"step":0.25,"position":1,"bluff":1,"handValue":0.1033,"percentBets_1":0.05825242718446602,"percentBets_2":0.061855670103092786},"output":{"chips":1}},
{"input":{"Win":0,"Lose":0.02666666666666667,"myCurrBet":0.02666666666666667,"step":0.75,"position":1,"bluff":0,"handValue":0.1051,"percentBets_1":0.07766990291262135,"percentBets_2":0.08247422680412371},"output":{"chips":0.5}},
{"input":{"Win":0,"Lose":0.013333333333333334,"myCurrBet":0,"step":0,"position":1,"bluff":0,"percentBets_1":0.010526315789473684,"percentBets_2":0.017699115044247787,"handValue":0.1018},"output":{"chips":1}},
{"input":{"Win":0,"Lose":0.013333333333333334,"myCurrBet":0.013333333333333334,"step":0.25,"position":1,"bluff":1,"handValue":0.1019,"percentBets_1":0.042105263157894736,"percentBets_2":0.035398230088495575},"output":{"chips":0.5}},
{"input":{"Win":0,"Lose":0.013333333333333334,"myCurrBet":0.013333333333333334,"step":0.75,"position":1,"bluff":0,"handValue":0.10300000000000001,"percentBets_1":0.042105263157894736,"percentBets_2":0.035398230088495575},"output":{"chips":0.5}},
{"input":{"Win":0,"Lose":0.013333333333333334,"myCurrBet":0.013333333333333334,"step":0.5,"position":1,"bluff":0,"handValue":0.1028,"percentBets_1":0.042105263157894736,"percentBets_2":0.035398230088495575},"output":{"chips":0.5}},
{"input":{"Win":0,"Lose":0.02,"myCurrBet":0.013333333333333334,"step":0,"position":1,"bluff":1,"handValue":0.10160000000000001,"percentBets_1":0.038834951456310676,"percentBets_2":0.05504587155963303},"output":{"chips":0.5}},
{"input":{"Win":0,"Lose":0.02,"myCurrBet":0.02,"step":0.75,"position":1,"bluff":0,"handValue":0.10360000000000001,"percentBets_1":0.05825242718446602,"percentBets_2":0.05504587155963303},"output":{"chips":0.5}},
{"input":{"Win":0,"Lose":0.02,"myCurrBet":0,"step":0,"position":1,"bluff":0,"percentBets_1":0.009708737864077669,"percentBets_2":0.01834862385321101,"handValue":0.10160000000000001},"output":{"chips":1}},
{"input":{"Win":0,"Lose":0.02,"myCurrBet":0.02,"step":0.5,"position":1,"bluff":1,"handValue":0.10350000000000001,"percentBets_1":0.05825242718446602,"percentBets_2":0.05504587155963303},"output":{"chips":0.5}},
{"input":{"Win":0,"Lose":0.02,"myCurrBet":0.02,"step":0.25,"position":1,"bluff":0,"handValue":0.1039,"percentBets_1":0.05825242718446602,"percentBets_2":0.05504587155963303},"output":{"chips":0.5}},
{"input":{"Win":0,"Lose":0.02,"myCurrBet":0,"step":0,"position":1,"bluff":0,"percentBets_1":0.010309278350515464,"percentBets_2":0.01652892561983471,"handValue":0.500000000007},"output":{"chips":1}},
{"input":{"Win":0,"Lose":0.02,"myCurrBet":0.013333333333333334,"step":0,"position":1,"bluff":0,"handValue":0.500000000007,"percentBets_1":0.041237113402061855,"percentBets_2":0.049586776859504134},"output":{"chips":0.5}},
{"input":{"Win":0,"Lose":0.02,"myCurrBet":0.02,"step":0.25,"position":1,"bluff":0,"handValue":0.1022,"percentBets_1":0.061855670103092786,"percentBets_2":0.049586776859504134},"output":{"chips":0.5}},
{"input":{"Win":0,"Lose":0.02,"myCurrBet":0.02,"step":0.5,"position":1,"bluff":0,"handValue":0.10250000000000001,"percentBets_1":0.061855670103092786,"percentBets_2":0.049586776859504134},"output":{"chips":0.5}},
{"input":{"Win":0,"Lose":0.02,"myCurrBet":0.02,"step":0.75,"position":1,"bluff":0,"handValue":0.300000131007,"percentBets_1":0.061855670103092786,"percentBets_2":0.049586776859504134},"output":{"chips":0.5}},
{"input":{"Win":0,"Lose":0.02666666666666667,"myCurrBet":0,"step":0,"position":1,"bluff":0,"percentBets_1":0.01098901098901099,"percentBets_2":0.015037593984962405,"handValue":0.1013},"output":{"chips":1}},
{"input":{"Win":0,"Lose":0.02666666666666667,"myCurrBet":0.02,"step":0.25,"position":1,"bluff":1,"handValue":0.1024,"percentBets_1":0.06593406593406594,"percentBets_2":0.045112781954887216},"output":{"chips":1}},
{"input":{"Win":0,"Lose":0.02666666666666667,"myCurrBet":0.013333333333333334,"step":0,"position":1,"bluff":0,"handValue":0.1013,"percentBets_1":0.04395604395604396,"percentBets_2":0.045112781954887216},"output":{"chips":0.5}},
{"input":{"Win":0,"Lose":0.02666666666666667,"myCurrBet":0.02666666666666667,"step":0.5,"position":1,"bluff":0,"handValue":0.1022,"percentBets_1":0.08791208791208792,"percentBets_2":0.06015037593984962},"output":{"chips":0.5}},
{"input":{"Win":0,"Lose":0.02666666666666667,"myCurrBet":0.02666666666666667,"step":0.75,"position":1,"bluff":0,"handValue":0.1032,"percentBets_1":0.08791208791208792,"percentBets_2":0.06015037593984962},"output":{"chips":0.5}},
{"input":{"Win":0,"Lose":0.02,"myCurrBet":0,"step":0,"position":1,"bluff":0,"percentBets_1":0.012048192771084338,"percentBets_2":0.013422818791946308,"handValue":0.1014},"output":{"chips":1}},
{"input":{"Win":0,"Lose":0.02,"myCurrBet":0.013333333333333334,"step":0,"position":1,"bluff":0,"handValue":0.1014,"percentBets_1":0.04819277108433735,"percentBets_2":0.040268456375838924},"output":{"chips":0.5}},
{"input":{"Win":0,"Lose":0.02,"myCurrBet":0.02,"step":0.25,"position":1,"bluff":0,"handValue":0.1032,"percentBets_1":0.07228915662650602,"percentBets_2":0.040268456375838924},"output":{"chips":0.5}},
{"input":{"Win":0,"Lose":0.02,"myCurrBet":0.02,"step":0.5,"position":1,"bluff":0,"handValue":0.1037,"percentBets_1":0.07228915662650602,"percentBets_2":0.040268456375838924},"output":{"chips":0.5}},
{"input":{"Win":0,"Lose":0.02,"myCurrBet":0.02,"step":0.75,"position":1,"bluff":0,"handValue":0.500000000013,"percentBets_1":0.07228915662650602,"percentBets_2":0.040268456375838924},"output":{"chips":0.5}},
{"input":{"Win":0,"Lose":0.02,"myCurrBet":0,"step":0,"position":1,"bluff":0,"percentBets_1":0.010526315789473684,"percentBets_2":0.013986013986013986,"handValue":0.500000000005},"output":{"chips":1}},
{"input":{"Win":0,"Lose":0.02,"myCurrBet":0.013333333333333334,"step":0,"position":1,"bluff":0,"handValue":0.500000000005,"percentBets_1":0.042105263157894736,"percentBets_2":0.04195804195804196},"output":{"chips":0.5}},
{"input":{"Win":0,"Lose":0.02,"myCurrBet":0.02,"step":0.25,"position":1,"bluff":0,"handValue":0.10310000000000001,"percentBets_1":0.06315789473684211,"percentBets_2":0.04195804195804196},"output":{"chips":0.5}},
{"input":{"Win":0,"Lose":0.02,"myCurrBet":0.02,"step":0.5,"position":1,"bluff":0,"handValue":0.1022,"percentBets_1":0.06315789473684211,"percentBets_2":0.04195804195804196},"output":{"chips":0.5}},
{"input":{"Win":0,"Lose":0.02,"myCurrBet":0.02,"step":0.75,"position":1,"bluff":0,"handValue":0.10300000000000001,"percentBets_1":0.06315789473684211,"percentBets_2":0.04195804195804196},"output":{"chips":0.5}},
{"input":{"Win":0,"Lose":0.02666666666666667,"myCurrBet":0,"step":0,"position":1,"bluff":0,"percentBets_1":0.011235955056179775,"percentBets_2":0.012903225806451613,"handValue":0.10070000000000001},"output":{"chips":1}},
{"input":{"Win":0,"Lose":0.02666666666666667,"myCurrBet":0.013333333333333334,"step":0,"position":1,"bluff":0,"handValue":0.10070000000000001,"percentBets_1":0.0449438202247191,"percentBets_2":0.03870967741935484},"output":{"chips":0.5}},
{"input":{"Win":0,"Lose":0.02666666666666667,"myCurrBet":0.02,"step":0.25,"position":1,"bluff":1,"handValue":0.1034,"percentBets_1":0.06741573033707865,"percentBets_2":0.03870967741935484},"output":{"chips":1}},
{"input":{"Win":0,"Lose":0.02666666666666667,"myCurrBet":0.02666666666666667,"step":0.5,"position":1,"bluff":0,"handValue":0.10250000000000001,"percentBets_1":0.0898876404494382,"percentBets_2":0.05161290322580645},"output":{"chips":0.5}},
{"input":{"Win":0,"Lose":0.02666666666666667,"myCurrBet":0.02666666666666667,"step":0.75,"position":1,"bluff":0,"handValue":0.1027,"percentBets_1":0.0898876404494382,"percentBets_2":0.05161290322580645},"output":{"chips":0.5}},
{"input":{"Win":0,"Lose":0.02666666666666667,"myCurrBet":0.013333333333333334,"step":0,"position":1,"bluff":1,"handValue":0.1013,"percentBets_1":0.0380952380952381,"percentBets_2":0.04081632653061224},"output":{"chips":0.5}},
{"input":{"Win":0,"Lose":0.02666666666666667,"myCurrBet":0.02,"step":0.25,"position":1,"bluff":0,"handValue":0.10250000000000001,"percentBets_1":0.05714285714285714,"percentBets_2":0.04081632653061224},"output":{"chips":0.5}},
{"input":{"Win":0,"Lose":0.02666666666666667,"myCurrBet":0.02666666666666667,"step":0.75,"position":1,"bluff":0,"handValue":0.10400000000000001,"percentBets_1":0.0761904761904762,"percentBets_2":0.04081632653061224},"output":{"chips":0.5}},
{"input":{"Win":0,"Lose":0.02666666666666667,"myCurrBet":0,"step":0,"position":1,"bluff":1,"percentBets_1":0.009523809523809525,"percentBets_2":0.013605442176870748,"handValue":0.1013},"output":{"chips":1}},
{"input":{"Win":0,"Lose":0.02666666666666667,"myCurrBet":0.02,"step":0.5,"position":1,"bluff":1,"handValue":0.1029,"percentBets_1":0.05714285714285714,"percentBets_2":0.04081632653061224},"output":{"chips":1}},
{"input":{"Win":0.046153846153846156,"Lose":0,"myCurrBet":0,"step":0,"position":1,"bluff":0,"percentBets_1":0.008403361344537815,"percentBets_2":0.014184397163120567,"handValue":0.1017},"output":{"chips":1}},
{"input":{"Win":0.046153846153846156,"Lose":0,"myCurrBet":0.013333333333333334,"step":0.25,"position":1,"bluff":0,"handValue":0.10360000000000001,"percentBets_1":0.03361344537815126,"percentBets_2":0.028368794326241134},"output":{"chips":0.5}},
{"input":{"Win":0.046153846153846156,"Lose":0,"myCurrBet":0.02,"step":0.75,"position":1,"bluff":0,"handValue":0.10310000000000001,"percentBets_1":0.05042016806722689,"percentBets_2":0.0425531914893617},"output":{"chips":0.5}},
{"input":{"Win":0.046153846153846156,"Lose":0,"myCurrBet":0.013333333333333334,"step":0.5,"position":1,"bluff":1,"handValue":0.1027,"percentBets_1":0.03361344537815126,"percentBets_2":0.028368794326241134},"output":{"chips":1}},
{"input":{"Win":0.04838709677419355,"Lose":0,"myCurrBet":0,"step":0,"position":1,"bluff":0,"percentBets_1":0.01327433628318584,"percentBets_2":0.022222222222222223,"handValue":0.1017},"output":{"chips":1}},
{"input":{"Win":0.04838709677419355,"Lose":0,"myCurrBet":0.02,"step":0.5,"position":1,"bluff":0,"handValue":0.1047,"percentBets_1":0.05309734513274336,"percentBets_2":0.044444444444444446},"output":{"chips":0.5}},
{"input":{"Win":0.04838709677419355,"Lose":0,"myCurrBet":0.02,"step":0.25,"position":1,"bluff":1,"handValue":0.10360000000000001,"percentBets_1":0.05309734513274336,"percentBets_2":0.044444444444444446},"output":{"chips":0.5}},
{"input":{"Win":0.04838709677419355,"Lose":0,"myCurrBet":0.02,"step":0.75,"position":1,"bluff":0,"handValue":0.10600000000000001,"percentBets_1":0.05309734513274336,"percentBets_2":0.044444444444444446},"output":{"chips":0.5}},
{"input":{"Win":0,"Lose":0.03,"myCurrBet":0,"step":0,"position":1,"bluff":0,"percentBets_1":0.014018691588785047,"percentBets_2":0.023255813953488372,"handValue":0.10160000000000001},"output":{"chips":1}},
{"input":{"Win":0,"Lose":0.03,"myCurrBet":0.02,"step":0.5,"position":1,"bluff":1,"handValue":0.1034,"percentBets_1":0.056074766355140186,"percentBets_2":0.046511627906976744},"output":{"chips":1}},
{"input":{"Win":0,"Lose":0.03,"myCurrBet":0.02,"step":0.25,"position":1,"bluff":0,"handValue":0.1046,"percentBets_1":0.056074766355140186,"percentBets_2":0.046511627906976744},"output":{"chips":0.5}},
{"input":{"Win":0,"Lose":0.03,"myCurrBet":0.03,"step":0.75,"position":1,"bluff":0,"handValue":0.10360000000000001,"percentBets_1":0.08411214953271028,"percentBets_2":0.06976744186046512},"output":{"chips":0.5}},
{"input":{"Win":0,"Lose":0.02,"myCurrBet":0.02,"step":0.25,"position":1,"bluff":0,"handValue":0.300000100904,"percentBets_1":0.061224489795918366,"percentBets_2":0.04081632653061224},"output":{"chips":0.5}},
{"input":{"Win":0,"Lose":0.02,"myCurrBet":0.02,"step":0.5,"position":1,"bluff":1,"handValue":0.3000001009,"percentBets_1":0.061224489795918366,"percentBets_2":0.04081632653061224},"output":{"chips":0.5}},
{"input":{"Win":0,"Lose":0.02,"myCurrBet":0.02,"step":0.75,"position":1,"bluff":0,"handValue":0.300000100906,"percentBets_1":0.061224489795918366,"percentBets_2":0.04081632653061224},"output":{"chips":0.5}},
{"input":{"Win":0,"Lose":0.02,"myCurrBet":0,"step":0,"position":1,"bluff":0,"percentBets_1":0.015306122448979591,"percentBets_2":0.02040816326530612,"handValue":0.1},"output":{"chips":1}},
{"input":{"Win":0,"Lose":0.04,"myCurrBet":0,"step":0,"position":1,"bluff":0,"percentBets_1":0.013636363636363636,"percentBets_2":0.02127659574468085,"handValue":0.601102},"output":{"chips":1}},
{"input":{"Win":0,"Lose":0.04,"myCurrBet":0.03,"step":0.25,"position":1,"bluff":0,"handValue":0.1033,"percentBets_1":0.08181818181818182,"percentBets_2":0.06382978723404255},"output":{"chips":0.5}},
{"input":{"Win":0,"Lose":0.04,"myCurrBet":0.02,"step":0,"position":1,"bluff":0,"handValue":0.601102,"percentBets_1":0.05454545454545454,"percentBets_2":0.06382978723404255},"output":{"chips":0.5}},
{"input":{"Win":0,"Lose":0.04,"myCurrBet":0.03,"step":0.5,"position":1,"bluff":1,"handValue":0.10410000000000001,"percentBets_1":0.08181818181818182,"percentBets_2":0.06382978723404255},"output":{"chips":0.5}},
{"input":{"Win":0,"Lose":0.04,"myCurrBet":0.03,"step":0.75,"position":1,"bluff":0,"handValue":0.1046,"percentBets_1":0.08181818181818182,"percentBets_2":0.0851063829787234},"output":{"chips":0.5}},
{"input":{"Win":0.034220532319391636,"Lose":0,"myCurrBet":0,"step":0,"position":1,"bluff":0,"percentBets_1":0.015306122448979591,"percentBets_2":0.01818181818181818,"handValue":0.6008049999999999},"output":{"chips":1}},
{"input":{"Win":0.034220532319391636,"Lose":0,"myCurrBet":0.02,"step":0.75,"position":1,"bluff":0,"handValue":0.601211080501,"percentBets_1":0.061224489795918366},"output":{"chips":0.5}},
{"input":{"Win":0.034220532319391636,"Lose":0,"myCurrBet":0.02,"step":0.5,"position":1,"bluff":1,"handValue":0.10300000000000001,"percentBets_1":0.061224489795918366},"output":{"chips":0.5}},
{"input":{"Win":0.034220532319391636,"Lose":0,"myCurrBet":0.02,"step":0.25,"position":1,"bluff":0,"handValue":0.1018,"percentBets_1":0.061224489795918366,"percentBets_2":0},"output":{"chips":0.5}},
{"input":{"Win":0,"Lose":0.02,"myCurrBet":0,"step":0,"position":1,"bluff":0,"percentBets_1":0.016304347826086956,"percentBets_2":0.018518518518518517,"handValue":0.1003},"output":{"chips":1}},
{"input":{"Win":0,"Lose":0.02,"myCurrBet":0.02,"step":0.25,"position":1,"bluff":0,"handValue":0.1017,"percentBets_1":0.06521739130434782,"percentBets_2":0.037037037037037035},"output":{"chips":0.5}},
{"input":{"Win":0,"Lose":0.02,"myCurrBet":0.02,"step":0.5,"position":1,"bluff":0,"handValue":0.10250000000000001,"percentBets_1":0.06521739130434782,"percentBets_2":0.037037037037037035},"output":{"chips":0.5}},
{"input":{"Win":0,"Lose":0.02,"myCurrBet":0.02,"step":0.75,"position":1,"bluff":1,"handValue":0.300000090108,"percentBets_1":0.06521739130434782,"percentBets_2":0.037037037037037035},"output":{"chips":0.5}},
{"input":{"Win":0.046153846153846156,"Lose":0,"myCurrBet":0.02,"step":0.25,"position":1,"bluff":0,"handValue":0.1023,"percentBets_1":0.06976744186046512,"percentBets_2":0.034482758620689655},"output":{"chips":0.5}},
{"input":{"Win":0.046153846153846156,"Lose":0,"myCurrBet":0.01,"step":0,"position":1,"bluff":1,"handValue":0.101,"percentBets_1":0.03488372093023256,"percentBets_2":0.034482758620689655},"output":{"chips":0.5}},
{"input":{"Win":0.046153846153846156,"Lose":0,"myCurrBet":0.02,"step":0.75,"position":1,"bluff":0,"handValue":0.1037,"percentBets_1":0.06976744186046512,"percentBets_2":0.034482758620689655},"output":{"chips":0.5}},
{"input":{"Win":0.046153846153846156,"Lose":0,"myCurrBet":0,"step":0,"position":1,"bluff":1,"percentBets_1":0.01744186046511628,"percentBets_2":0.017241379310344827,"handValue":0.101},"output":{"chips":0.5}},
{"input":{"Win":0.046153846153846156,"Lose":0,"myCurrBet":0.02,"step":0.5,"position":1,"bluff":0,"handValue":0.1028,"percentBets_1":0.06976744186046512,"percentBets_2":0.034482758620689655},"output":{"chips":0.5}},
{"input":{"Win":0.0846774193548387,"Lose":0,"myCurrBet":0,"step":0,"position":1,"bluff":0,"percentBets_1":0.01875,"percentBets_2":0.017857142857142856,"handValue":0.1018},"output":{"chips":1}},
{"input":{"Win":0.0846774193548387,"Lose":0,"myCurrBet":0.02,"step":0.5,"position":1,"bluff":1,"handValue":0.1028,"percentBets_1":0.075,"percentBets_2":0.05357142857142857},"output":{"chips":1}},
{"input":{"Win":0.0846774193548387,"Lose":0,"myCurrBet":0.02,"step":0.5,"position":1,"bluff":1,"handValue":0.1028,"percentBets_1":0.075,"percentBets_2":0.03571428571428571},"output":{"chips":0.5}},
{"input":{"Win":0.0846774193548387,"Lose":0,"myCurrBet":0.04,"step":0.75,"position":1,"bluff":1,"handValue":0.1037,"percentBets_1":0.15,"percentBets_2":0.03571428571428571},"output":{"chips":0.5}},
{"input":{"Win":0.0846774193548387,"Lose":0,"myCurrBet":0.02,"step":0.25,"position":1,"bluff":0,"handValue":0.10210000000000001,"percentBets_1":0.075,"percentBets_2":0.03571428571428571},"output":{"chips":0.5}},
{"input":{"Win":0.05286343612334802,"Lose":0,"myCurrBet":0.02,"step":0.5,"position":1,"bluff":0,"handValue":0.1015,"percentBets_1":0.08823529411764706,"percentBets_2":0.03773584905660377},"output":{"chips":0.5}},
{"input":{"Win":0.05286343612334802,"Lose":0,"myCurrBet":0,"step":0,"position":1,"bluff":0,"percentBets_1":0.022058823529411766,"percentBets_2":0.018867924528301886,"handValue":0.1},"output":{"chips":1}},
{"input":{"Win":0.05286343612334802,"Lose":0,"myCurrBet":0.02,"step":0.25,"position":1,"bluff":1,"handValue":0.1014,"percentBets_1":0.08823529411764706,"percentBets_2":0.03773584905660377},"output":{"chips":0.5}},
{"input":{"Win":0.05286343612334802,"Lose":0,"myCurrBet":0.02,"step":0.75,"position":1,"bluff":1,"handValue":0.400000120605,"percentBets_1":0.08823529411764706,"percentBets_2":0.03773584905660377},"output":{"chips":0.5}},
{"input":{"Win":0,"Lose":0.02,"myCurrBet":0,"step":0,"position":1,"bluff":0,"percentBets_1":0.024193548387096774,"percentBets_2":0.0196078431372549,"handValue":0.10250000000000001},"output":{"chips":1}},
{"input":{"Win":0,"Lose":0.02,"myCurrBet":0.02,"step":0.25,"position":1,"bluff":1,"handValue":0.1046,"percentBets_1":0.0967741935483871,"percentBets_2":0.0392156862745098},"output":{"chips":0.5}},
{"input":{"Win":0,"Lose":0.02,"myCurrBet":0.02,"step":0.5,"position":1,"bluff":0,"handValue":0.1047,"percentBets_1":0.0967741935483871,"percentBets_2":0.0392156862745098},"output":{"chips":0.5}},
{"input":{"Win":0,"Lose":0.02,"myCurrBet":0.02,"step":0.75,"position":1,"bluff":0,"handValue":0.1052,"percentBets_1":0.0967741935483871,"percentBets_2":0.0392156862745098},"output":{"chips":0.5}},
{"input":{"Win":0,"Lose":0.03,"myCurrBet":0.03,"step":0.25,"position":1,"bluff":0,"handValue":0.1042,"percentBets_1":0.16071428571428573,"percentBets_2":0},"output":{"chips":0.5}},
{"input":{"Win":0,"Lose":0.03,"myCurrBet":0.01,"step":0,"position":1,"bluff":1,"handValue":0.600802,"percentBets_1":0.05357142857142857,"percentBets_2":0.03636363636363636},"output":{"chips":1}},
{"input":{"Win":0,"Lose":0.03,"myCurrBet":0.03,"step":0.5,"position":1,"bluff":1,"handValue":0.1048,"percentBets_1":0.16071428571428573},"output":{"chips":0.5}},
{"input":{"Win":0,"Lose":0.03,"myCurrBet":0,"step":0,"position":1,"bluff":1,"percentBets_1":0.026785714285714284,"percentBets_2":0.01818181818181818,"handValue":0.600802},"output":{"chips":0.5}},
{"input":{"Win":0,"Lose":0.03,"myCurrBet":0.03,"step":0.75,"position":1,"bluff":0,"handValue":0.10400000000000001,"percentBets_1":0.16071428571428573},"output":{"chips":0.5}},
{"input":{"Win":0,"Lose":0.03,"myCurrBet":0.02,"step":0.25,"position":1,"bluff":0,"handValue":0.1017,"percentBets_1":0.08450704225352113,"percentBets_2":0.03773584905660377},"output":{"chips":0.5}},
{"input":{"Win":0,"Lose":0.03,"myCurrBet":0,"step":0,"position":1,"bluff":0,"percentBets_1":0.02112676056338028,"percentBets_2":0.018867924528301886,"handValue":0.10060000000000001},"output":{"chips":1}},
{"input":{"Win":0,"Lose":0.03,"myCurrBet":0.03,"step":0.75,"position":1,"bluff":0,"handValue":0.1033,"percentBets_1":0.1267605633802817,"percentBets_2":0.05660377358490566},"output":{"chips":0.5}},
{"input":{"Win":0,"Lose":0.03,"myCurrBet":0.02,"step":0.5,"position":1,"bluff":1,"handValue":0.10210000000000001,"percentBets_1":0.08450704225352113,"percentBets_2":0.03773584905660377},"output":{"chips":1}},
{"input":{"Win":0,"Lose":0.02,"myCurrBet":0,"step":0,"position":1,"bluff":1,"percentBets_1":0.024193548387096774,"percentBets_2":0.01694915254237288,"handValue":0.10210000000000001},"output":{"chips":1}},
{"input":{"Win":0,"Lose":0.02,"myCurrBet":0.02,"step":0.5,"position":1,"bluff":1,"handValue":0.1047,"percentBets_1":0.0967741935483871,"percentBets_2":0.03389830508474576},"output":{"chips":0.5}},
{"input":{"Win":0,"Lose":0.02,"myCurrBet":0.02,"step":0.75,"position":1,"bluff":0,"handValue":0.1051,"percentBets_1":0.0967741935483871,"percentBets_2":0.03389830508474576},"output":{"chips":0.5}},
{"input":{"Win":0,"Lose":0.02,"myCurrBet":0.02,"step":0.25,"position":1,"bluff":0,"handValue":0.1046,"percentBets_1":0.0967741935483871,"percentBets_2":0.03389830508474576},"output":{"chips":0.5}},
{"input":{"Win":0.09795918367346938,"Lose":0,"myCurrBet":0,"step":0,"position":1,"bluff":0,"percentBets_1":0.02027027027027027,"percentBets_2":0.017543859649122806,"handValue":0.1013},"output":{"chips":1}},
{"input":{"Win":0.09795918367346938,"Lose":0,"myCurrBet":0.02,"step":0.25,"position":1,"bluff":1,"handValue":0.1037,"percentBets_1":0.08108108108108109,"percentBets_2":0.03508771929824561},"output":{"chips":1}},
{"input":{"Win":0.09795918367346938,"Lose":0,"myCurrBet":0.03,"step":0.25,"position":1,"bluff":0,"handValue":0.1037,"percentBets_1":0.12162162162162163,"percentBets_2":0.07017543859649122},"output":{"chips":0.5}},
{"input":{"Win":0.09795918367346938,"Lose":0,"myCurrBet":0.04,"step":0.75,"position":1,"bluff":0,"handValue":0.1037,"percentBets_1":0.16216216216216217,"percentBets_2":0.07017543859649122},"output":{"chips":0.5}},
{"input":{"Win":0.09795918367346938,"Lose":0,"myCurrBet":0.04,"step":0.5,"position":1,"bluff":0,"handValue":0.10500000000000001,"percentBets_1":0.16216216216216217,"percentBets_2":0.07017543859649122},"output":{"chips":0.5}},
{"input":{"Win":0.13574660633484162,"Lose":0,"myCurrBet":0,"step":0,"position":1,"bluff":0,"percentBets_1":0.024193548387096774,"percentBets_2":0.018867924528301886,"handValue":0.10110000000000001},"output":{"chips":1}},
{"input":{"Win":0.13574660633484162,"Lose":0,"myCurrBet":0.02,"step":0.25,"position":1,"bluff":1,"handValue":0.1018,"percentBets_1":0.0967741935483871,"percentBets_2":0.03773584905660377},"output":{"chips":1}},
{"input":{"Win":0.13574660633484162,"Lose":0,"myCurrBet":0.03,"step":0.5,"position":1,"bluff":1,"handValue":0.1029,"percentBets_1":0.14516129032258066,"percentBets_2":0.05660377358490566},"output":{"chips":1}},
{"input":{"Win":0.13574660633484162,"Lose":0,"myCurrBet":0.04,"step":0.5,"position":1,"bluff":1,"handValue":0.1029,"percentBets_1":0.1935483870967742,"percentBets_2":0.09433962264150944},"output":{"chips":0.5}},
{"input":{"Win":0.13574660633484162,"Lose":0,"myCurrBet":0.05,"step":0.75,"position":1,"bluff":1,"handValue":0.1042,"percentBets_1":0.24193548387096775,"percentBets_2":0.09433962264150944},"output":{"chips":0.5}},
{"input":{"Win":0.1099476439790576,"Lose":0,"myCurrBet":0,"step":0,"position":1,"bluff":0,"percentBets_1":0.031914893617021274,"percentBets_2":0.020833333333333332,"handValue":0.10110000000000001},"output":{"chips":1}},
{"input":{"Win":0.1099476439790576,"Lose":0,"myCurrBet":0.02,"step":0,"position":1,"bluff":1,"handValue":0.10110000000000001,"percentBets_1":0.1276595744680851,"percentBets_2":0.0625},"output":{"chips":0.5}},
{"input":{"Win":0.1099476439790576,"Lose":0,"myCurrBet":0.03,"step":0.25,"position":1,"bluff":0,"handValue":0.1028,"percentBets_1":0.19148936170212766,"percentBets_2":0.0625},"output":{"chips":0.5}},
{"input":{"Win":0.1099476439790576,"Lose":0,"myCurrBet":0.03,"step":0.5,"position":1,"bluff":0,"handValue":0.10300000000000001,"percentBets_1":0.19148936170212766,"percentBets_2":0.0625},"output":{"chips":0.5}},
{"input":{"Win":0.1099476439790576,"Lose":0,"myCurrBet":0.03,"step":0.75,"position":1,"bluff":1,"handValue":0.300000090412,"percentBets_1":0.19148936170212766,"percentBets_2":0.0625},"output":{"chips":1}},
{"input":{"Win":0.052941176470588235,"Lose":0,"myCurrBet":0,"step":0,"position":1,"bluff":0,"percentBets_1":0.04285714285714286,"percentBets_2":0.022222222222222223,"handValue":0.6007009999999999},"output":{"chips":1}},
{"input":{"Win":0.052941176470588235,"Lose":0,"myCurrBet":0.02,"step":0.25,"position":1,"bluff":0,"handValue":0.1018,"percentBets_1":0.17142857142857143,"percentBets_2":0},"output":{"chips":0.5}},
{"input":{"Win":0.052941176470588235,"Lose":0,"myCurrBet":0.02,"step":0.75,"position":1,"bluff":0,"handValue":0.10250000000000001,"percentBets_1":0.17142857142857143},"output":{"chips":0.5}},
{"input":{"Win":0.052941176470588235,"Lose":0,"myCurrBet":0.02,"step":0.5,"position":1,"bluff":0,"handValue":0.10200000000000001,"percentBets_1":0.17142857142857143},"output":{"chips":0.5}},
{"input":{"Win":0,"Lose":0.04,"myCurrBet":0,"step":0,"position":1,"bluff":1,"percentBets_1":0.05172413793103448,"percentBets_2":0.022727272727272728,"handValue":0.500000000009},"output":{"chips":0.5}},
{"input":{"Win":0,"Lose":0.04,"myCurrBet":0.02,"step":0.25,"position":1,"bluff":0,"handValue":0.1038,"percentBets_1":0.20689655172413793,"percentBets_2":0.06818181818181818},"output":{"chips":0.5}},
{"input":{"Win":0,"Lose":0.04,"myCurrBet":0.01,"step":0,"position":1,"bluff":0,"handValue":0.500000000009,"percentBets_1":0.10344827586206896,"percentBets_2":0.045454545454545456},"output":{"chips":0.5}},
{"input":{"Win":0,"Lose":0.04,"myCurrBet":0.04,"step":0.75,"position":1,"bluff":0,"handValue":0.1033,"percentBets_1":0.41379310344827586,"percentBets_2":0.09090909090909091},"output":{"chips":0}},
{"input":{"Win":0,"Lose":0.04,"myCurrBet":0.03,"step":0.5,"position":1,"bluff":0,"handValue":0.1027,"percentBets_1":0.3103448275862069,"percentBets_2":0.09090909090909091},"output":{"chips":0.5}},
{"input":{"Win":0,"Lose":0.05,"myCurrBet":0,"step":0,"position":1,"bluff":0,"percentBets_1":0.02830188679245283,"percentBets_2":0.025,"handValue":0.601108},"output":{"chips":1}},
{"input":{"Win":0,"Lose":0.05,"myCurrBet":0.04,"step":0.25,"position":1,"bluff":0,"handValue":0.10260000000000001,"percentBets_1":0.22641509433962265,"percentBets_2":0.125},"output":{"chips":0.5}},
{"input":{"Win":0,"Lose":0.05,"myCurrBet":0.03,"step":0.25,"position":1,"bluff":1,"handValue":0.10260000000000001,"percentBets_1":0.16981132075471697,"percentBets_2":0.075},"output":{"chips":1}},
{"input":{"Win":0,"Lose":0.05,"myCurrBet":0.02,"step":0,"position":1,"bluff":0,"handValue":0.601108,"percentBets_1":0.11320754716981132,"percentBets_2":0.075},"output":{"chips":0.5}},
{"input":{"Win":0,"Lose":0.05,"myCurrBet":0.05,"step":0.5,"position":1,"bluff":0,"handValue":0.1038,"percentBets_1":0.2830188679245283,"percentBets_2":0.125},"output":{"chips":0.5}},
{"input":{"Win":0,"Lose":0.05,"myCurrBet":0.05,"step":0.75,"position":1,"bluff":1,"handValue":0.1039,"percentBets_1":0.2830188679245283,"percentBets_2":0.125},"output":{"chips":0.5}},
{"input":{"Win":0,"Lose":0.03,"myCurrBet":0,"step":0,"position":1,"bluff":0,"percentBets_1":0.039473684210526314,"percentBets_2":0.02,"handValue":0.10110000000000001},"output":{"chips":1}},
{"input":{"Win":0,"Lose":0.03,"myCurrBet":0.02,"step":0.75,"position":1,"bluff":1,"handValue":0.10500000000000001,"percentBets_1":0.15789473684210525,"percentBets_2":0.04},"output":{"chips":1}},
{"input":{"Win":0,"Lose":0.03,"myCurrBet":0.02,"step":0.25,"position":1,"bluff":0,"handValue":0.10360000000000001,"percentBets_1":0.15789473684210525,"percentBets_2":0.04},"output":{"chips":0.5}},
{"input":{"Win":0,"Lose":0.03,"myCurrBet":0.02,"step":0.5,"position":1,"bluff":0,"handValue":0.1038,"percentBets_1":0.15789473684210525,"percentBets_2":0.04},"output":{"chips":0.5}},
{"input":{"Win":0,"Lose":0.06666666666666667,"myCurrBet":0,"step":0,"position":1,"bluff":1,"percentBets_1":0.03571428571428571,"percentBets_2":0.028368794326241134,"handValue":0.1},"output":{"chips":1}},
{"input":{"Win":0,"Lose":0.06666666666666667,"myCurrBet":0.04,"step":0.5,"position":1,"bluff":1,"handValue":0.300000130807,"percentBets_1":0.21428571428571427,"percentBets_2":0.0851063829787234},"output":{"chips":1}},
{"input":{"Win":0,"Lose":0.06666666666666667,"myCurrBet":0.02666666666666667,"step":0.25,"position":1,"bluff":0,"handValue":0.1022,"percentBets_1":0.14285714285714285,"percentBets_2":0.05673758865248227},"output":{"chips":0.5}},
{"input":{"Win":0,"Lose":0.06666666666666667,"myCurrBet":0.02666666666666667,"step":0.25,"position":1,"bluff":0,"handValue":0.1022,"percentBets_1":0.14285714285714285,"percentBets_2":0.0851063829787234},"output":{"chips":0.5}},
{"input":{"Win":0,"Lose":0.06666666666666667,"myCurrBet":0.05333333333333334,"step":0.5,"position":1,"bluff":1,"handValue":0.300000130807,"percentBets_1":0.2857142857142857,"percentBets_2":0.14184397163120568},"output":{"chips":0.5}},
{"input":{"Win":0,"Lose":0.06666666666666667,"myCurrBet":0.06666666666666667,"step":0.75,"position":1,"bluff":0,"handValue":0.300000130807,"percentBets_1":0.35714285714285715,"percentBets_2":0.14184397163120568},"output":{"chips":0}},
{"input":{"Win":0,"Lose":0.05333333333333334,"myCurrBet":0,"step":0,"position":1,"bluff":0,"percentBets_1":0.020833333333333332,"percentBets_2":0.03305785123966942,"handValue":0.600704},"output":{"chips":1}},
{"input":{"Win":0,"Lose":0.05333333333333334,"myCurrBet":0.04,"step":0.25,"position":1,"bluff":0,"handValue":0.1027,"percentBets_1":0.125,"percentBets_2":0.09917355371900827},"output":{"chips":0.5}},
{"input":{"Win":0,"Lose":0.05333333333333334,"myCurrBet":0.04,"step":0.5,"position":1,"bluff":1,"handValue":0.30000012071099996,"percentBets_1":0.125,"percentBets_2":0.09917355371900827},"output":{"chips":1}},
{"input":{"Win":0,"Lose":0.05333333333333334,"myCurrBet":0.02666666666666667,"step":0,"position":1,"bluff":0,"handValue":0.600704,"percentBets_1":0.08333333333333333,"percentBets_2":0.09917355371900827},"output":{"chips":0.5}},
{"input":{"Win":0,"Lose":0.05333333333333334,"myCurrBet":0.05333333333333334,"step":0.75,"position":1,"bluff":0,"handValue":0.30000012071099996,"percentBets_1":0.16666666666666666,"percentBets_2":0.09917355371900827},"output":{"chips":0.5}},
{"input":{"Win":0,"Lose":0.04,"myCurrBet":0,"step":0,"position":1,"bluff":0,"percentBets_1":0.016129032258064516,"percentBets_2":0.03669724770642202,"handValue":0.601209},"output":{"chips":1}},
{"input":{"Win":0,"Lose":0.04,"myCurrBet":0.02666666666666667,"step":0.25,"position":1,"bluff":0,"handValue":0.1046,"percentBets_1":0.06451612903225806,"percentBets_2":0.07339449541284404},"output":{"chips":0.5}},
{"input":{"Win":0,"Lose":0.04,"myCurrBet":0.02666666666666667,"step":0.5,"position":1,"bluff":1,"handValue":0.10490000000000001,"percentBets_1":0.06451612903225806,"percentBets_2":0.07339449541284404},"output":{"chips":1}},
{"input":{"Win":0,"Lose":0.04,"myCurrBet":0.04,"step":0.75,"position":1,"bluff":0,"handValue":0.10540000000000001,"percentBets_1":0.0967741935483871,"percentBets_2":0.07339449541284404},"output":{"chips":0.5}},
{"input":{"Win":0,"Lose":0.04,"myCurrBet":0,"step":0,"position":1,"bluff":0,"percentBets_1":0.013888888888888888,"percentBets_2":0.039603960396039604,"handValue":0.500000000007},"output":{"chips":1}},
{"input":{"Win":0,"Lose":0.04,"myCurrBet":0.02666666666666667,"step":0.25,"position":1,"bluff":0,"handValue":0.1042,"percentBets_1":0.05555555555555555,"percentBets_2":0.07920792079207921},"output":{"chips":0.5}},
{"input":{"Win":0,"Lose":0.04,"myCurrBet":0.02666666666666667,"step":0.25,"position":1,"bluff":0,"handValue":0.1042,"percentBets_1":0.05555555555555555,"percentBets_2":0.1188118811881188},"output":{"chips":0.5}},
{"input":{"Win":0,"Lose":0.04,"myCurrBet":0.04,"step":0.75,"position":1,"bluff":0,"handValue":0.10490000000000001,"percentBets_1":0.08333333333333333,"percentBets_2":0.1188118811881188},"output":{"chips":0.5}},
{"input":{"Win":0,"Lose":0.04,"myCurrBet":0.04,"step":0.5,"position":1,"bluff":0,"handValue":0.1046,"percentBets_1":0.08333333333333333,"percentBets_2":0.1188118811881188},"output":{"chips":0.5}},
{"input":{"Win":0,"Lose":0.05333333333333334,"myCurrBet":0.02666666666666667,"step":0.25,"position":1,"bluff":0,"handValue":0.10360000000000001,"percentBets_1":0.047619047619047616,"percentBets_2":0.0898876404494382},"output":{"chips":0.5}},
{"input":{"Win":0,"Lose":0.05333333333333334,"myCurrBet":0.04,"step":0.75,"position":1,"bluff":1,"handValue":0.10350000000000001,"percentBets_1":0.07142857142857142,"percentBets_2":0.0898876404494382},"output":{"chips":1}},
{"input":{"Win":0,"Lose":0.05333333333333334,"myCurrBet":0,"step":0,"position":1,"bluff":0,"percentBets_1":0.011904761904761904,"percentBets_2":0.0449438202247191,"handValue":0.400000000013},"output":{"chips":1}},
{"input":{"Win":0,"Lose":0.05333333333333334,"myCurrBet":0.02666666666666667,"step":0.5,"position":1,"bluff":1,"handValue":0.1029,"percentBets_1":0.047619047619047616,"percentBets_2":0.0898876404494382},"output":{"chips":1}},
{"input":{"Win":0,"Lose":0.02666666666666667,"myCurrBet":0.02666666666666667,"step":0.25,"position":1,"bluff":1,"handValue":0.1038,"percentBets_1":0.041666666666666664,"percentBets_2":0.09876543209876543},"output":{"chips":0.5}},
{"input":{"Win":0,"Lose":0.02666666666666667,"myCurrBet":0.02666666666666667,"step":0.5,"position":1,"bluff":0,"handValue":0.1033,"percentBets_1":0.041666666666666664,"percentBets_2":0.09876543209876543},"output":{"chips":0.5}},
{"input":{"Win":0,"Lose":0.02666666666666667,"myCurrBet":0,"step":0,"position":1,"bluff":0,"percentBets_1":0.010416666666666666,"percentBets_2":0.04938271604938271,"handValue":0.1015},"output":{"chips":0.5}},
{"input":{"Win":0,"Lose":0.02666666666666667,"myCurrBet":0.013333333333333334,"step":0,"position":1,"bluff":0,"handValue":0.1015,"percentBets_1":0.020833333333333332,"percentBets_2":0.09876543209876543},"output":{"chips":0.5}},
{"input":{"Win":0,"Lose":0.02666666666666667,"myCurrBet":0.02666666666666667,"step":0.75,"position":1,"bluff":0,"handValue":0.10350000000000001,"percentBets_1":0.041666666666666664,"percentBets_2":0.09876543209876543},"output":{"chips":0.5}},
{"input":{"Win":0,"Lose":0.04,"myCurrBet":0,"step":0,"position":1,"bluff":1,"percentBets_1":0.010869565217391304,"percentBets_2":0.041237113402061855,"handValue":0.1017},"output":{"chips":1}},
{"input":{"Win":0,"Lose":0.04,"myCurrBet":0.02666666666666667,"step":0.5,"position":1,"bluff":0,"handValue":0.10260000000000001,"percentBets_1":0.043478260869565216,"percentBets_2":0.08247422680412371},"output":{"chips":0.5}},
{"input":{"Win":0,"Lose":0.04,"myCurrBet":0.02666666666666667,"step":0.25,"position":1,"bluff":0,"handValue":0.1019,"percentBets_1":0.043478260869565216,"percentBets_2":0.08247422680412371},"output":{"chips":0.5}},
{"input":{"Win":0,"Lose":0.04,"myCurrBet":0.04,"step":0.75,"position":1,"bluff":0,"handValue":0.400000081107,"percentBets_1":0.06521739130434782,"percentBets_2":0.12371134020618557},"output":{"chips":0.5}},
{"input":{"Win":0,"Lose":0.04,"myCurrBet":0.02666666666666667,"step":0.5,"position":1,"bluff":0,"handValue":0.10260000000000001,"percentBets_1":0.043478260869565216,"percentBets_2":0.12371134020618557},"output":{"chips":0.5}},
{"input":{"Win":0.027303754266211604,"Lose":0,"myCurrBet":0,"step":0,"position":1,"bluff":0,"percentBets_1":0.009615384615384616,"percentBets_2":0.047058823529411764,"handValue":0.1009},"output":{"chips":0.5}},
{"input":{"Win":0.027303754266211604,"Lose":0,"myCurrBet":0.013333333333333334,"step":0.5,"position":1,"bluff":0,"handValue":0.1043,"percentBets_1":0.019230769230769232},"output":{"chips":0.5}},
{"input":{"Win":0.027303754266211604,"Lose":0,"myCurrBet":0.013333333333333334,"step":0.25,"position":1,"bluff":0,"handValue":0.10360000000000001,"percentBets_1":0.019230769230769232,"percentBets_2":0},"output":{"chips":0.5}},
{"input":{"Win":0.027303754266211604,"Lose":0,"myCurrBet":0.013333333333333334,"step":0.75,"position":1,"bluff":1,"handValue":0.6013090706049999,"percentBets_1":0.019230769230769232},"output":{"chips":0.5}},
{"input":{"Win":0.08421052631578947,"Lose":0,"myCurrBet":0.013333333333333334,"step":0.25,"position":1,"bluff":0,"handValue":0.1017,"percentBets_1":0.0196078431372549,"percentBets_2":0.04938271604938271},"output":{"chips":0.5}},
{"input":{"Win":0.08421052631578947,"Lose":0,"myCurrBet":0.013333333333333334,"step":0.5,"position":1,"bluff":0,"handValue":0.30000012061,"percentBets_1":0.0196078431372549,"percentBets_2":0.04938271604938271},"output":{"chips":0.5}},
{"input":{"Win":0.08421052631578947,"Lose":0,"myCurrBet":0.013333333333333334,"step":0.75,"position":1,"bluff":1,"handValue":0.30000012061,"percentBets_1":0.0196078431372549,"percentBets_2":0.04938271604938271},"output":{"chips":1}},
{"input":{"Win":0.08421052631578947,"Lose":0,"myCurrBet":0,"step":0,"position":1,"bluff":0,"percentBets_1":0.00980392156862745,"percentBets_2":0.04938271604938271,"handValue":0.1018},"output":{"chips":0.5}},
{"input":{"Win":0.08421052631578947,"Lose":0,"myCurrBet":0.02666666666666667,"step":0.75,"position":1,"bluff":0,"handValue":0.30000012061,"percentBets_1":0.0392156862745098,"percentBets_2":0.14814814814814814},"output":{"chips":0.5}},
{"input":{"Win":0,"Lose":0.05333333333333334,"myCurrBet":0,"step":0,"position":1,"bluff":0,"percentBets_1":0.010416666666666666,"percentBets_2":0.057971014492753624,"handValue":0.10210000000000001},"output":{"chips":0.5}},
{"input":{"Win":0,"Lose":0.05333333333333334,"myCurrBet":0.02666666666666667,"step":0.5,"position":1,"bluff":1,"handValue":0.3000001311,"percentBets_1":0.041666666666666664,"percentBets_2":0.11594202898550725},"output":{"chips":1}},
{"input":{"Win":0,"Lose":0.05333333333333334,"myCurrBet":0.013333333333333334,"step":0.25,"position":1,"bluff":0,"handValue":0.300000111013,"percentBets_1":0.020833333333333332,"percentBets_2":0.057971014492753624},"output":{"chips":0.5}},
{"input":{"Win":0,"Lose":0.05333333333333334,"myCurrBet":0.013333333333333334,"step":0.25,"position":1,"bluff":1,"handValue":0.300000111013,"percentBets_1":0.020833333333333332,"percentBets_2":0.11594202898550725},"output":{"chips":0.5}},
{"input":{"Win":0,"Lose":0.05333333333333334,"myCurrBet":0.04,"step":0.5,"position":1,"bluff":0,"handValue":0.3000001311,"percentBets_1":0.0625,"percentBets_2":0.2318840579710145},"output":{"chips":0.5}},
{"input":{"Win":0,"Lose":0.05333333333333334,"myCurrBet":0.05333333333333334,"step":0.75,"position":1,"bluff":0,"handValue":0.300000131104,"percentBets_1":0.08333333333333333,"percentBets_2":0.2318840579710145},"output":{"chips":0.5}},
{"input":{"Win":0,"Lose":0.02666666666666667,"myCurrBet":0,"step":0,"position":1,"bluff":0,"percentBets_1":0.011363636363636364,"percentBets_2":0.039603960396039604,"handValue":0.1013},"output":{"chips":0.5}},
{"input":{"Win":0,"Lose":0.02666666666666667,"myCurrBet":0.013333333333333334,"step":0.25,"position":1,"bluff":0,"handValue":0.10200000000000001,"percentBets_1":0.022727272727272728,"percentBets_2":0.039603960396039604},"output":{"chips":0.5}},
{"input":{"Win":0,"Lose":0.02666666666666667,"myCurrBet":0.013333333333333334,"step":0.5,"position":1,"bluff":0,"handValue":0.1023,"percentBets_1":0.022727272727272728,"percentBets_2":0.039603960396039604},"output":{"chips":0.5}},
{"input":{"Win":0,"Lose":0.02666666666666667,"myCurrBet":0.013333333333333334,"step":0.75,"position":1,"bluff":1,"handValue":0.10310000000000001,"percentBets_1":0.022727272727272728,"percentBets_2":0.039603960396039604},"output":{"chips":1}},
{"input":{"Win":0.028070175438596492,"Lose":0,"myCurrBet":0,"step":0,"position":1,"bluff":1,"percentBets_1":0.010638297872340425,"percentBets_2":0.041237113402061855,"handValue":0.10160000000000001},"output":{"chips":0.5}},
{"input":{"Win":0.028070175438596492,"Lose":0,"myCurrBet":0.013333333333333334,"step":0.25,"position":1,"bluff":0,"handValue":0.1033,"percentBets_1":0.02127659574468085,"percentBets_2":0},"output":{"chips":0.5}},
{"input":{"Win":0.028070175438596492,"Lose":0,"myCurrBet":0.013333333333333334,"step":0.5,"position":1,"bluff":0,"handValue":0.1037,"percentBets_1":0.02127659574468085},"output":{"chips":0.5}},
{"input":{"Win":0.028070175438596492,"Lose":0,"myCurrBet":0.013333333333333334,"step":0.75,"position":1,"bluff":0,"handValue":0.1039,"percentBets_1":0.02127659574468085},"output":{"chips":0.5}},
{"input":{"Win":0.04332129963898917,"Lose":0,"myCurrBet":0.013333333333333334,"step":0.25,"position":1,"bluff":1,"handValue":0.10160000000000001,"percentBets_1":0.021739130434782608,"percentBets_2":0},"output":{"chips":0.5}},
{"input":{"Win":0.04332129963898917,"Lose":0,"myCurrBet":0.02666666666666667,"step":0.75,"position":1,"bluff":0,"handValue":0.10310000000000001,"percentBets_1":0.043478260869565216},"output":{"chips":0.5}},
{"input":{"Win":0.04332129963898917,"Lose":0,"myCurrBet":0,"step":0,"position":1,"bluff":0,"percentBets_1":0.010869565217391304,"percentBets_2":0.043010752688172046,"handValue":0.10120000000000001},"output":{"chips":0.5}},
{"input":{"Win":0.04332129963898917,"Lose":0,"myCurrBet":0.013333333333333334,"step":0.5,"position":1,"bluff":1,"handValue":0.1024,"percentBets_1":0.021739130434782608},"output":{"chips":1}},
{"input":{"Win":0,"Lose":0.02666666666666667,"myCurrBet":0,"step":0,"position":1,"bluff":0,"percentBets_1":0.011363636363636364,"percentBets_2":0.0449438202247191,"handValue":0.500000000005},"output":{"chips":1}},
{"input":{"Win":0,"Lose":0.02666666666666667,"myCurrBet":0.02666666666666667,"step":0.25,"position":1,"bluff":0,"handValue":0.1013,"percentBets_1":0.045454545454545456,"percentBets_2":0.0898876404494382},"output":{"chips":0.5}},
{"input":{"Win":0,"Lose":0.02666666666666667,"myCurrBet":0.02666666666666667,"step":0.75,"position":1,"bluff":1,"handValue":0.1028,"percentBets_1":0.045454545454545456,"percentBets_2":0.0898876404494382},"output":{"chips":0.5}},
{"input":{"Win":0,"Lose":0.02666666666666667,"myCurrBet":0.02666666666666667,"step":0.5,"position":1,"bluff":0,"handValue":0.10210000000000001,"percentBets_1":0.045454545454545456,"percentBets_2":0.0898876404494382},"output":{"chips":0.5}},
{"input":{"Win":0,"Lose":0.013333333333333334,"myCurrBet":0.013333333333333334,"step":0.75,"position":1,"bluff":0,"handValue":0.1027,"percentBets_1":0.023809523809523808,"percentBets_2":0.0380952380952381},"output":{"chips":0.5}},
{"input":{"Win":0,"Lose":0.013333333333333334,"myCurrBet":0.013333333333333334,"step":0.25,"position":1,"bluff":0,"handValue":0.10110000000000001,"percentBets_1":0.023809523809523808,"percentBets_2":0.0380952380952381},"output":{"chips":0.5}},
{"input":{"Win":0,"Lose":0.013333333333333334,"myCurrBet":0.013333333333333334,"step":0.5,"position":1,"bluff":0,"handValue":0.10210000000000001,"percentBets_1":0.023809523809523808,"percentBets_2":0.0380952380952381},"output":{"chips":0.5}},
{"input":{"Win":0,"Lose":0.013333333333333334,"myCurrBet":0,"step":0,"position":1,"bluff":0,"percentBets_1":0.011904761904761904,"percentBets_2":0.0380952380952381,"handValue":0.1013},"output":{"chips":0.5}},
{"input":{"Win":0,"Lose":0.013333333333333334,"myCurrBet":0,"step":0,"position":1,"bluff":0,"percentBets_1":0.012195121951219513,"percentBets_2":0.035398230088495575,"handValue":0.1013},"output":{"chips":0.5}},
{"input":{"Win":0,"Lose":0.013333333333333334,"myCurrBet":0.013333333333333334,"step":0.5,"position":1,"bluff":1,"handValue":0.1033,"percentBets_1":0.024390243902439025,"percentBets_2":0.035398230088495575},"output":{"chips":0.5}},
{"input":{"Win":0,"Lose":0.013333333333333334,"myCurrBet":0.013333333333333334,"step":0.25,"position":1,"bluff":0,"handValue":0.10350000000000001,"percentBets_1":0.024390243902439025,"percentBets_2":0.035398230088495575},"output":{"chips":0.5}},
{"input":{"Win":0,"Lose":0.013333333333333334,"myCurrBet":0.013333333333333334,"step":0.75,"position":1,"bluff":0,"handValue":0.300000080213,"percentBets_1":0.024390243902439025,"percentBets_2":0.035398230088495575},"output":{"chips":0.5}},
{"input":{"Win":0,"Lose":0.02666666666666667,"myCurrBet":0.013333333333333334,"step":0,"position":1,"bluff":0,"handValue":0.1009,"percentBets_1":0.025,"percentBets_2":0.06611570247933884},"output":{"chips":0.5}},
{"input":{"Win":0,"Lose":0.02666666666666667,"myCurrBet":0.02666666666666667,"step":0.5,"position":1,"bluff":0,"handValue":0.30000004021099996,"percentBets_1":0.05,"percentBets_2":0.06611570247933884},"output":{"chips":0.5}},
{"input":{"Win":0,"Lose":0.02666666666666667,"myCurrBet":0.02666666666666667,"step":0.25,"position":1,"bluff":0,"handValue":0.10200000000000001,"percentBets_1":0.05,"percentBets_2":0.06611570247933884},"output":{"chips":0.5}},
{"input":{"Win":0,"Lose":0.02666666666666667,"myCurrBet":0.02666666666666667,"step":0.75,"position":1,"bluff":0,"handValue":0.300000040213,"percentBets_1":0.05,"percentBets_2":0.06611570247933884},"output":{"chips":0.5}},
{"input":{"Win":0,"Lose":0.02666666666666667,"myCurrBet":0,"step":0,"position":1,"bluff":0,"percentBets_1":0.0125,"percentBets_2":0.03305785123966942,"handValue":0.1009},"output":{"chips":0.5}},
{"input":{"Win":0,"Lose":0.03666666666666667,"myCurrBet":0,"step":0,"position":1,"bluff":0,"percentBets_1":0.011363636363636364,"percentBets_2":0.035398230088495575,"handValue":0.600703},"output":{"chips":1}},
{"input":{"Win":0,"Lose":0.03666666666666667,"myCurrBet":0.02666666666666667,"step":0.25,"position":1,"bluff":1,"handValue":0.1017,"percentBets_1":0.045454545454545456,"percentBets_2":0},"output":{"chips":1}},
{"input":{"Win":0,"Lose":0.03666666666666667,"myCurrBet":0.03666666666666667,"step":0.75,"position":1,"bluff":1,"handValue":0.300000070212,"percentBets_1":0.0625},"output":{"chips":1}},
{"input":{"Win":0,"Lose":0.03666666666666667,"myCurrBet":0.03666666666666667,"step":0.5,"position":1,"bluff":0,"handValue":0.1028,"percentBets_1":0.0625},"output":{"chips":0.5}},
