{"input":{"Win":0,"Lose":0,"myCurrBet":0.0033333333333333335,"step":0,"position":0.5,"bluff":0,"percentBets_1":0.08,"handValue":0.1017,"percentBets_3":0.04,"percentBets_4":0.08},"output":{"chips":1}},
{"input":{"Win":0,"Lose":0,"myCurrBet":0.03,"step":0,"position":0.5,"bluff":1,"handValue":0.1017,"percentBets_3":0.12,"percentBets_4":0.24,"percentBets_1":0.24},"output":{"chips":0.5}},
{"input":{"Win":0,"Lose":0,"myCurrBet":0.06,"step":0.25,"position":0.5,"bluff":1,"handValue":0.1042,"percentBets_3":0,"percentBets_4":0.24,"percentBets_1":0.24},"output":{"chips":1}},
{"input":{"Win":0,"Lose":0,"myCurrBet":0.06666666666666667,"step":0.25,"position":0.5,"bluff":0,"handValue":0.1042,"percentBets_4":0.29333333333333333,"percentBets_1":0.29333333333333333},"output":{"chips":0}},
{"input":{"Win":0,"Lose":0.06666666666666667,"myCurrBet":0.03666666666666667,"step":0,"position":0.5,"bluff":0,"handValue":0.10210000000000001,"percentBets_3":0.16666666666666666,"percentBets_4":0.1746031746031746,"percentBets_1":0.41509433962264153},"output":{"chips":0}},
{"input":{"Win":0,"Lose":0.06666666666666667,"myCurrBet":0.0033333333333333335,"step":0,"position":0.5,"bluff":0,"percentBets_1":0.1509433962264151,"handValue":0.10210000000000001,"percentBets_3":0.06060606060606061,"percentBets_4":0.06349206349206349},"output":{"chips":1}},
{"input":{"Win":0,"Lose":0.03666666666666667,"myCurrBet":0.0033333333333333335,"step":0,"position":0.5,"bluff":0,"percentBets_1":0.07017543859649122,"handValue":0.1019,"percentBets_3":0.09523809523809523,"percentBets_4":0.08},"output":{"chips":1}},
{"input":{"Win":0,"Lose":0.03666666666666667,"myCurrBet":0.03,"step":0,"position":0.5,"bluff":0,"handValue":0.1019,"percentBets_3":0.21428571428571427,"percentBets_4":0.18,"percentBets_1":0.15789473684210525},"output":{"chips":0}},
{"input":{"Win":0,"Lose":0.056666666666666664,"myCurrBet":0.02666666666666667,"step":0.25,"position":0.5,"bluff":0,"handValue":0.10310000000000001,"percentBets_3":0.5,"percentBets_4":0.049689440993788817,"percentBets_1":0.09090909090909091},"output":{"chips":0}},
{"input":{"Win":0,"Lose":0.056666666666666664,"myCurrBet":0.02666666666666667,"step":0.25,"position":0.5,"bluff":0,"handValue":0.10310000000000001,"percentBets_3":0.5,"percentBets_4":0.049689440993788817,"percentBets_1":0.09090909090909091},"output":{"chips":0}},
{"input":{"Win":0,"Lose":0.056666666666666664,"myCurrBet":0.02666666666666667,"step":0.25,"position":0.5,"bluff":0,"handValue":0.1027,"percentBets_3":0.5,"percentBets_4":0.049689440993788817,"percentBets_1":0.09090909090909091},"output":{"chips":0}},
{"input":{"Win":0,"Lose":0.056666666666666664,"myCurrBet":0.0033333333333333335,"step":0,"position":0.5,"bluff":1,"percentBets_1":0.09090909090909091,"handValue":0.601304,"percentBets_3":0.25,"percentBets_4":0.049689440993788817},"output":{"chips":0.5}},
{"input":{"Win":0,"Lose":0,"myCurrBet":0.0033333333333333335,"step":0,"position":0.5,"bluff":0,"percentBets_1":0.1,"handValue":0.10250000000000001,"percentBets_3":0.5,"percentBets_4":0.043243243243243246},"output":{"chips":0}},
{"input":{"Win":0,"Lose":0.07,"myCurrBet":0.0033333333333333335,"step":0,"position":0.5,"bluff":0,"percentBets_1":0.1111111111111111,"handValue":0.1014,"percentBets_3":0.16,"percentBets_4":0.04519774011299435},"output":{"chips":0.5}},
{"input":{"Win":0,"Lose":0.07,"myCurrBet":0.06,"step":0.25,"position":0.5,"bluff":0,"handValue":0.10310000000000001,"percentBets_3":0,"percentBets_4":0.1016949152542373,"percentBets_1":0.25},"output":{"chips":1}},
{"input":{"Win":0,"Lose":0.07,"myCurrBet":0.02666666666666667,"step":0,"position":0.5,"bluff":1,"handValue":0.1014,"percentBets_3":0.36,"percentBets_4":0.1016949152542373,"percentBets_1":0.25},"output":{"chips":0.5}},
{"input":{"Win":0,"Lose":0.07,"myCurrBet":0.06333333333333334,"step":0.25,"position":0.5,"bluff":0,"handValue":0.10310000000000001,"percentBets_4":0.11299435028248588,"percentBets_1":0.2777777777777778},"output":{"chips":0.5}},
{"input":{"Win":0,"Lose":0.07,"myCurrBet":0.06666666666666667,"step":0.5,"position":0.5,"bluff":0,"handValue":0.10360000000000001,"percentBets_4":0.11299435028248588,"percentBets_1":0.2777777777777778},"output":{"chips":0}},
{"input":{"Win":0,"Lose":0.07,"myCurrBet":0.06666666666666667,"step":0.5,"position":0.5,"bluff":0,"handValue":0.10360000000000001,"percentBets_4":0.11299435028248588,"percentBets_1":0.2777777777777778},"output":{"chips":0}},
{"input":{"Win":0.02040816326530612,"Lose":0,"myCurrBet":0.0033333333333333335,"step":0,"position":0.5,"bluff":0,"percentBets_1":0.038461538461538464,"handValue":0.601102,"percentBets_3":0.0625,"percentBets_4":0.008849557522123894},"output":{"chips":0.5}},
{"input":{"Win":0.02040816326530612,"Lose":0,"myCurrBet":0.006666666666666667,"step":0.25,"position":0.5,"bluff":0,"handValue":0.1032,"percentBets_3":0.125,"percentBets_4":0.008849557522123894,"percentBets_1":0.038461538461538464},"output":{"chips":0.5}},
{"input":{"Win":0.02040816326530612,"Lose":0,"myCurrBet":0.006666666666666667,"step":0.5,"position":0.5,"bluff":0,"handValue":0.300000110213,"percentBets_3":0.125,"percentBets_4":0.008849557522123894,"percentBets_1":0.038461538461538464},"output":{"chips":0}},
{"input":{"Win":0.02040816326530612,"Lose":0,"myCurrBet":0.006666666666666667,"step":0.5,"position":0.5,"bluff":0,"handValue":0.300000110213,"percentBets_3":0.125,"percentBets_4":0.008849557522123894,"percentBets_1":0.038461538461538464},"output":{"chips":0}},
{"input":{"Win":0,"Lose":0,"myCurrBet":0.0033333333333333335,"step":0,"position":0.5,"bluff":0,"percentBets_1":0.04,"handValue":0.1023,"percentBets_3":0.07142857142857142,"percentBets_4":0.008928571428571428},"output":{"chips":1}},
{"input":{"Win":0,"Lose":0,"myCurrBet":0.01,"step":0,"position":0.5,"bluff":0,"handValue":0.1023,"percentBets_3":0.21428571428571427,"percentBets_4":0.026785714285714284,"percentBets_1":0.12},"output":{"chips":0.5}},
{"input":{"Win":0,"Lose":0,"myCurrBet":0.02,"step":0,"position":0.5,"bluff":0,"handValue":0.1023,"percentBets_3":0.5,"percentBets_4":0.0625,"percentBets_1":0.28},"output":{"chips":0}},
{"input":{"Win":0,"Lose":0.02,"myCurrBet":0.006666666666666667,"step":0.25,"position":0.5,"bluff":0,"handValue":0.101,"percentBets_3":0.041666666666666664,"percentBets_4":0.009523809523809525,"percentBets_1":0.05555555555555555},"output":{"chips":1}},
{"input":{"Win":0,"Lose":0.02,"myCurrBet":0.0033333333333333335,"step":0,"position":0.5,"bluff":0,"percentBets_1":0.05555555555555555,"handValue":0.6006009999999999,"percentBets_3":0.020833333333333332,"percentBets_4":0.009523809523809525},"output":{"chips":0.5}},
{"input":{"Win":0,"Lose":0.02,"myCurrBet":0.016666666666666666,"step":0.25,"position":0.5,"bluff":0,"handValue":0.101,"percentBets_3":0.10416666666666667,"percentBets_4":0.0380952380952381,"percentBets_1":0.2222222222222222},"output":{"chips":0}},
{"input":{"Win":0,"Lose":0.02,"myCurrBet":0.0033333333333333335,"step":0,"position":0.5,"bluff":1,"percentBets_1":0.07142857142857142,"handValue":0.1015,"percentBets_3":0.025,"percentBets_4":0.008658008658008658},"output":{"chips":1}},
{"input":{"Win":0,"Lose":0.02,"myCurrBet":0.0033333333333333335,"step":0.5,"position":0.5,"bluff":0,"handValue":0.10350000000000001,"percentBets_3":0.05,"percentBets_4":0.008658008658008658,"percentBets_1":0.07142857142857142},"output":{"chips":0}},
{"input":{"Win":0,"Lose":0.02,"myCurrBet":0.0033333333333333335,"step":0.5,"position":0.5,"bluff":0,"handValue":0.10350000000000001,"percentBets_3":0.05,"percentBets_4":0.008658008658008658,"percentBets_1":0.07142857142857142},"output":{"chips":0}},
{"input":{"Win":0,"Lose":0.02,"myCurrBet":0.0033333333333333335,"step":0.25,"position":0.5,"bluff":0,"handValue":0.1028,"percentBets_3":0.05,"percentBets_4":0.008658008658008658,"percentBets_1":0.07142857142857142},"output":{"chips":1}},
