{"input":{"Win":0,"Lose":0,"myCurrBet":0.01,"step":0,"position":0.25,"bluff":0,"handValue":0.1014,"percentBets_2":0.08,"percentBets_3":0.16,"percentBets_4":0.16},"output":{"chips":0.5}},
{"input":{"Win":0,"Lose":0,"myCurrBet":0.04,"step":0,"position":0.25,"bluff":0,"handValue":0.1014,"percentBets_2":0.17333333333333334,"percentBets_3":0.3466666666666667,"percentBets_4":0.3466666666666667},"output":{"chips":0}},
{"input":{"Win":0,"Lose":0,"myCurrBet":0.0016666666666666668,"step":0,"position":0.25,"bluff":0,"percentBets_2":0.013333333333333334,"handValue":0.1014,"percentBets_3":0.02666666666666667,"percentBets_4":0.02666666666666667},"output":{"chips":1}},
{"input":{"Win":0,"Lose":0.04,"myCurrBet":0.0016666666666666668,"step":0,"position":0.25,"bluff":0,"percentBets_2":0.02040816326530612,"handValue":0.101,"percentBets_3":0.04081632653061224,"percentBets_4":0.014388489208633094},"output":{"chips":1}},
{"input":{"Win":0,"Lose":0.04,"myCurrBet":0.013333333333333334,"step":0,"position":0.25,"bluff":0,"handValue":0.101,"percentBets_2":0.14285714285714285,"percentBets_3":0.2857142857142857,"percentBets_4":0.10071942446043165},"output":{"chips":0}},
{"input":{"Win":0,"Lose":0.013333333333333334,"myCurrBet":0.0016666666666666668,"step":0,"position":0.25,"bluff":0,"percentBets_2":0.029411764705882353,"handValue":0.601005,"percentBets_3":0.023809523809523808,"percentBets_4":0.016260162601626018},"output":{"chips":1}},
{"input":{"Win":0,"Lose":0.013333333333333334,"myCurrBet":0.016666666666666666,"step":0,"position":0.25,"bluff":0,"handValue":0.601005,"percentBets_2":0.17647058823529413,"percentBets_3":0.14285714285714285,"percentBets_4":0.0975609756097561},"output":{"chips":0}},
{"input":{"Win":0,"Lose":0.016666666666666666,"myCurrBet":0.01,"step":0.25,"position":0.25,"bluff":0,"handValue":0.1019,"percentBets_2":0.06349206349206349,"percentBets_3":0.08333333333333333,"percentBets_4":0.05405405405405406},"output":{"chips":1}},
{"input":{"Win":0,"Lose":0.016666666666666666,"myCurrBet":0.0016666666666666668,"step":0,"position":0.25,"bluff":1,"percentBets_2":0.015873015873015872,"handValue":0.1013,"percentBets_3":0.027777777777777776,"percentBets_4":0.018018018018018018},"output":{"chips":0.5}},
{"input":{"Win":0,"Lose":0.016666666666666666,"myCurrBet":0.02666666666666667,"step":0.25,"position":0.25,"bluff":0,"handValue":0.1019,"percentBets_2":0.1746031746031746,"percentBets_3":0.2777777777777778,"percentBets_4":0.18018018018018017},"output":{"chips":0}},
{"input":{"Win":0,"Lose":0.016666666666666666,"myCurrBet":0.006666666666666667,"step":0.25,"position":0.25,"bluff":0,"handValue":0.1019,"percentBets_2":0.031746031746031744,"percentBets_3":0.027777777777777776,"percentBets_4":0.018018018018018018},"output":{"chips":1}},
{"input":{"Win":0,"Lose":0.02666666666666667,"myCurrBet":0.0016666666666666668,"step":0,"position":0.25,"bluff":0,"percentBets_2":0.019230769230769232,"handValue":0.10110000000000001,"percentBets_3":0.038461538461538464,"percentBets_4":0.013333333333333334},"output":{"chips":1}},
{"input":{"Win":0,"Lose":0.02666666666666667,"myCurrBet":0.013333333333333334,"step":0,"position":0.25,"bluff":0,"handValue":0.10110000000000001,"percentBets_2":0.09615384615384616,"percentBets_3":0.19230769230769232,"percentBets_4":0.06666666666666667},"output":{"chips":0}},
{"input":{"Win":0,"Lose":0.013333333333333334,"myCurrBet":0.01,"step":0,"position":0.25,"bluff":0,"handValue":0.500000000009,"percentBets_2":0.06382978723404255,"percentBets_3":0.08450704225352113,"percentBets_4":0.04285714285714286},"output":{"chips":0}},
{"input":{"Win":0,"Lose":0.013333333333333334,"myCurrBet":0.0016666666666666668,"step":0,"position":0.25,"bluff":0,"percentBets_2":0.02127659574468085,"handValue":0.500000000009,"percentBets_3":0.028169014084507043,"percentBets_4":0.014285714285714285},"output":{"chips":1}},
{"input":{"Win":0,"Lose":0.07,"myCurrBet":0.04666666666666667,"step":0.25,"position":0.25,"bluff":0,"handValue":0.10260000000000001,"percentBets_2":0,"percentBets_3":0.14736842105263157,"percentBets_4":0.1111111111111111},"output":{"chips":1}},
{"input":{"Win":0,"Lose":0.07,"myCurrBet":0.016666666666666666,"step":0,"position":0.25,"bluff":0,"handValue":0.1019,"percentBets_2":0.175,"percentBets_3":0.14736842105263157,"percentBets_4":0.1111111111111111},"output":{"chips":0.5}},
{"input":{"Win":0,"Lose":0.07,"myCurrBet":0.0016666666666666668,"step":0,"position":0.25,"bluff":0,"percentBets_2":0.025,"handValue":0.1019,"percentBets_3":0.021052631578947368,"percentBets_4":0.015873015873015872},"output":{"chips":1}},
{"input":{"Win":0,"Lose":0.07,"myCurrBet":0.05333333333333334,"step":0.25,"position":0.25,"bluff":1,"handValue":0.10260000000000001,"percentBets_3":0.18947368421052632,"percentBets_4":0.14285714285714285},"output":{"chips":0.5}},
{"input":{"Win":0,"Lose":0.07,"myCurrBet":0.06,"step":0.5,"position":0.25,"bluff":0,"handValue":0.1028,"percentBets_3":0.18947368421052632,"percentBets_4":0.14285714285714285},"output":{"chips":0}},
{"input":{"Win":0,"Lose":0.07,"myCurrBet":0.06,"step":0.5,"position":0.25,"bluff":0,"handValue":0.1028,"percentBets_3":0.18947368421052632,"percentBets_4":0.14285714285714285},"output":{"chips":0}},
{"input":{"Win":0,"Lose":0.07,"myCurrBet":0.0016666666666666668,"step":0,"position":0.25,"bluff":0,"percentBets_2":0.030303030303030304,"handValue":0.10160000000000001,"percentBets_3":0.014492753623188406,"percentBets_4":0.018518518518518517},"output":{"chips":1}},
{"input":{"Win":0,"Lose":0.07,"myCurrBet":0.05,"step":0.25,"position":0.25,"bluff":1,"handValue":0.10260000000000001,"percentBets_3":0.11594202898550725,"percentBets_4":0.14814814814814814},"output":{"chips":1}},
{"input":{"Win":0,"Lose":0.07,"myCurrBet":0.04666666666666667,"step":0.25,"position":0.25,"bluff":0,"handValue":0.10260000000000001,"percentBets_2":0,"percentBets_3":0.10144927536231885,"percentBets_4":0.12962962962962962},"output":{"chips":1}},
{"input":{"Win":0,"Lose":0.07,"myCurrBet":0.07,"step":0.5,"position":0.25,"bluff":0,"handValue":0.30000003011299997,"percentBets_3":0.2028985507246377,"percentBets_4":0.25925925925925924},"output":{"chips":0}},
{"input":{"Win":0,"Lose":0.07,"myCurrBet":0.016666666666666666,"step":0,"position":0.25,"bluff":0,"handValue":0.10160000000000001,"percentBets_2":0.21212121212121213,"percentBets_3":0.10144927536231885,"percentBets_4":0.12962962962962962},"output":{"chips":0.5}},
{"input":{"Win":0,"Lose":0.07,"myCurrBet":0.07,"step":0.5,"position":0.25,"bluff":0,"handValue":0.30000003011299997,"percentBets_3":0.2028985507246377,"percentBets_4":0.25925925925925924},"output":{"chips":0}},
{"input":{"Win":0,"Lose":0.07,"myCurrBet":0.056666666666666664,"step":0.25,"position":0.25,"bluff":0,"handValue":0.10260000000000001,"percentBets_3":0.14492753623188406,"percentBets_4":0.18518518518518517},"output":{"chips":1}},
