{"input":{"Win":0,"Lose":0.04,"myCurrBet":0.0016666666666666668,"step":0,"position":0.25,"bluff":0,"percentBets_2":0.013333333333333334,"handValue":0.1023,"percentBets_3":0.013333333333333334,"percentBets_4":0.02666666666666667},"output":{"chips":1}},
{"input":{"Win":0,"Lose":0.04,"myCurrBet":0.04,"step":0.25,"position":0.25,"bluff":0,"handValue":0.300000131,"percentBets_2":0.16,"percentBets_3":0.16,"percentBets_4":0.16},"output":{"chips":0}},
{"input":{"Win":0,"Lose":0.04,"myCurrBet":0.04,"step":0.25,"position":0.25,"bluff":0,"handValue":0.300000131007,"percentBets_2":0.16,"percentBets_3":0.16,"percentBets_4":0.16},"output":{"chips":0}},
{"input":{"Win":0,"Lose":0.04,"myCurrBet":0.04,"step":0.25,"position":0.25,"bluff":0,"handValue":0.300000131007,"percentBets_2":0.16,"percentBets_3":0.16,"percentBets_4":0.16},"output":{"chips":0}},
{"input":{"Win":0,"Lose":0.04,"myCurrBet":0.01,"step":0,"position":0.25,"bluff":0,"handValue":0.1023,"percentBets_2":0.08,"percentBets_3":0.08,"percentBets_4":0.16},"output":{"chips":0.5}},
{"input":{"Win":0,"Lose":0,"myCurrBet":0.016666666666666666,"step":0,"position":0.25,"bluff":0,"handValue":0.1019,"percentBets_2":0.07936507936507936,"percentBets_3":0.07936507936507936,"percentBets_4":0.09009009009009009},"output":{"chips":0.5}},
{"input":{"Win":0,"Lose":0,"myCurrBet":0.03333333333333333,"step":0,"position":0.25,"bluff":0,"handValue":0.1019,"percentBets_2":0.19047619047619047,"percentBets_3":0.19047619047619047,"percentBets_4":0.21621621621621623},"output":{"chips":0}},
{"input":{"Win":0,"Lose":0,"myCurrBet":0.0016666666666666668,"step":0,"position":0.25,"bluff":0,"percentBets_2":0.015873015873015872,"handValue":0.1019,"percentBets_3":0.015873015873015872,"percentBets_4":0.018018018018018018},"output":{"chips":1}},
{"input":{"Win":0,"Lose":0.03333333333333333,"myCurrBet":0.0016666666666666668,"step":0,"position":0.25,"bluff":0,"percentBets_2":0.0196078431372549,"handValue":0.500000000005,"percentBets_3":0.0196078431372549,"percentBets_4":0.013793103448275862},"output":{"chips":0}},
{"input":{"Win":0,"Lose":0.0016666666666666668,"myCurrBet":0.0016666666666666668,"step":0,"position":0.25,"bluff":0,"percentBets_2":0.04,"handValue":0.600908,"percentBets_3":0.00966183574879227,"percentBets_4":0.01680672268907563},"output":{"chips":0}},
{"input":{"Win":0,"Lose":0.08833333333333333,"myCurrBet":0.0016666666666666668,"step":0,"position":0.3333333333333333,"bluff":0,"percentBets_2":0.012121212121212121,"handValue":0.10060000000000001,"percentBets_3":0.012084592145015106},"output":{"chips":1}},
{"input":{"Win":0,"Lose":0.08833333333333333,"myCurrBet":0.016666666666666666,"step":0,"position":0.3333333333333333,"bluff":0,"handValue":0.10060000000000001,"percentBets_2":0.06060606060606061,"percentBets_3":0.06042296072507553},"output":{"chips":1}},
{"input":{"Win":0,"Lose":0.08833333333333333,"myCurrBet":0.043333333333333335,"step":0,"position":0.3333333333333333,"bluff":0,"handValue":0.10060000000000001,"percentBets_2":0.15757575757575756,"percentBets_3":0.15709969788519637},"output":{"chips":0.5}},
{"input":{"Win":0,"Lose":0.08833333333333333,"myCurrBet":0.08666666666666667,"step":0.25,"position":0.3333333333333333,"bluff":0,"handValue":0.10250000000000001,"percentBets_2":0.3151515151515151,"percentBets_3":0.15709969788519637},"output":{"chips":0}},
{"input":{"Win":0,"Lose":0.08833333333333333,"myCurrBet":0.08666666666666667,"step":0.25,"position":0.3333333333333333,"bluff":0,"handValue":0.10250000000000001,"percentBets_2":0.3151515151515151,"percentBets_3":0.15709969788519637},"output":{"chips":0}},
{"input":{"Win":0,"Lose":0.08833333333333333,"myCurrBet":0.08666666666666667,"step":0.25,"position":0.3333333333333333,"bluff":0,"handValue":0.300000120108,"percentBets_2":0.3151515151515151,"percentBets_3":0.15709969788519637},"output":{"chips":0}},
{"input":{"Win":0,"Lose":0,"myCurrBet":0.0016666666666666668,"step":0,"position":0.3333333333333333,"bluff":0,"percentBets_2":0.017699115044247787,"handValue":0.600502,"percentBets_3":0.009195402298850575},"output":{"chips":0}},
{"input":{"Win":0,"Lose":0.0016666666666666668,"myCurrBet":0.0016666666666666668,"step":0,"position":0.3333333333333333,"bluff":0,"percentBets_2":0.018018018018018018,"handValue":0.10160000000000001,"percentBets_3":0.0091324200913242},"output":{"chips":1}},
{"input":{"Win":0,"Lose":0.0016666666666666668,"myCurrBet":0.016666666666666666,"step":0,"position":0.3333333333333333,"bluff":1,"handValue":0.10160000000000001,"percentBets_2":0.09009009009009009,"percentBets_3":0.045662100456621},"output":{"chips":1}},
{"input":{"Win":0,"Lose":0.0016666666666666668,"myCurrBet":0.043333333333333335,"step":0,"position":0.3333333333333333,"bluff":0,"handValue":0.10160000000000001,"percentBets_2":0.23423423423423423,"percentBets_3":0.1187214611872146},"output":{"chips":0.5}},
{"input":{"Win":0,"Lose":0.0016666666666666668,"myCurrBet":0.085,"step":0,"position":0.3333333333333333,"bluff":0,"handValue":0.10160000000000001,"percentBets_2":0.4594594594594595,"percentBets_3":0.2328767123287671},"output":{"chips":0}},
