{"input":{"Win":0,"Lose":0,"myCurrBet":0.0016666666666666668,"step":0,"position":0.25,"bluff":1,"percentBets_2":0.013333333333333334,"handValue":0.600903,"percentBets_3":0.02666666666666667,"percentBets_4":0.02666666666666667},"output":{"chips":1}},
{"input":{"Win":0,"Lose":0,"myCurrBet":0.013333333333333334,"step":0.25,"position":0.25,"bluff":0,"handValue":0.10310000000000001,"percentBets_2":0.06666666666666667,"percentBets_3":0.06666666666666667,"percentBets_4":0.08},"output":{"chips":1}},
{"input":{"Win":0,"Lose":0,"myCurrBet":0.01,"step":0,"position":0.25,"bluff":0,"handValue":0.600903,"percentBets_2":0.05333333333333334,"percentBets_3":0.05333333333333334,"percentBets_4":0.05333333333333334},"output":{"chips":0.5}},
{"input":{"Win":0,"Lose":0,"myCurrBet":0.023333333333333334,"step":0.5,"position":0.25,"bluff":0,"handValue":0.1037,"percentBets_2":0.09333333333333334,"percentBets_3":0.09333333333333334,"percentBets_4":0.09333333333333334},"output":{"chips":0}},
{"input":{"Win":0,"Lose":0,"myCurrBet":0.023333333333333334,"step":0.5,"position":0.25,"bluff":0,"handValue":0.1037,"percentBets_2":0.10666666666666667,"percentBets_3":0.10666666666666667,"percentBets_4":0.10666666666666667},"output":{"chips":0}},
{"input":{"Win":0,"Lose":0.023333333333333334,"myCurrBet":0.01,"step":0,"position":0.25,"bluff":0,"handValue":0.6005039999999999,"percentBets_2":0.05970149253731343,"percentBets_3":0.04081632653061224,"percentBets_4":0.05970149253731343},"output":{"chips":0.5}},
{"input":{"Win":0,"Lose":0.023333333333333334,"myCurrBet":0.0016666666666666668,"step":0,"position":0.25,"bluff":1,"percentBets_2":0.014925373134328358,"handValue":0.6005039999999999,"percentBets_3":0.02040816326530612,"percentBets_4":0.029850746268656716},"output":{"chips":1}},
{"input":{"Win":0,"Lose":0.023333333333333334,"myCurrBet":0.013333333333333334,"step":0.25,"position":0.25,"bluff":0,"handValue":0.1019,"percentBets_2":0.07462686567164178,"percentBets_3":0.05102040816326531,"percentBets_4":0.07462686567164178},"output":{"chips":1}},
{"input":{"Win":0,"Lose":0.023333333333333334,"myCurrBet":0.02,"step":0.5,"position":0.25,"bluff":0,"handValue":0.30000009051,"percentBets_2":0.08955223880597014,"percentBets_3":0.061224489795918366,"percentBets_4":0.08955223880597014},"output":{"chips":0.5}},
{"input":{"Win":0,"Lose":0.023333333333333334,"myCurrBet":0.02,"step":0.5,"position":0.25,"bluff":0,"handValue":0.30000009051,"percentBets_2":0.1044776119402985,"percentBets_3":0.07142857142857142,"percentBets_4":0.1044776119402985},"output":{"chips":0}},
{"input":{"Win":0,"Lose":0.02,"myCurrBet":0.0016666666666666668,"step":0,"position":0.25,"bluff":0,"percentBets_2":0.016666666666666666,"handValue":0.601003,"percentBets_3":0.02197802197802198,"percentBets_4":0.022988505747126436},"output":{"chips":1}},
{"input":{"Win":0,"Lose":0.02,"myCurrBet":0.01,"step":0,"position":0.25,"bluff":0,"handValue":0.601003,"percentBets_2":0.06666666666666667,"percentBets_3":0.04395604395604396,"percentBets_4":0.04597701149425287},"output":{"chips":0.5}},
{"input":{"Win":0,"Lose":0.02,"myCurrBet":0.013333333333333334,"step":0.25,"position":0.25,"bluff":0,"handValue":0.1044,"percentBets_2":0.08333333333333333,"percentBets_3":0.054945054945054944,"percentBets_4":0.05747126436781609},"output":{"chips":1}},
{"input":{"Win":0,"Lose":0.02,"myCurrBet":0.02,"step":0.5,"position":0.25,"bluff":0,"handValue":0.1033,"percentBets_2":0.1,"percentBets_3":0.06593406593406594,"percentBets_4":0.06896551724137931},"output":{"chips":0}},
{"input":{"Win":0,"Lose":0.02,"myCurrBet":0.02,"step":0.5,"position":0.25,"bluff":0,"handValue":0.1033,"percentBets_2":0.11666666666666667,"percentBets_3":0.07692307692307693,"percentBets_4":0.08045977011494253},"output":{"chips":0}},
{"input":{"Win":0,"Lose":0.02,"myCurrBet":0.013333333333333334,"step":0.25,"position":0.25,"bluff":0,"handValue":0.10400000000000001,"percentBets_2":0.06097560975609756,"percentBets_3":0.060240963855421686,"percentBets_4":0.06329113924050633},"output":{"chips":1}},
{"input":{"Win":0,"Lose":0.02,"myCurrBet":0.0016666666666666668,"step":0,"position":0.25,"bluff":0,"percentBets_2":0.012195121951219513,"handValue":0.600302,"percentBets_3":0.024096385542168676,"percentBets_4":0.02531645569620253},"output":{"chips":1}},
{"input":{"Win":0,"Lose":0.02,"myCurrBet":0.01,"step":0,"position":0.25,"bluff":0,"handValue":0.600302,"percentBets_2":0.04878048780487805,"percentBets_3":0.04819277108433735,"percentBets_4":0.05063291139240506},"output":{"chips":0.5}},
{"input":{"Win":0,"Lose":0.02,"myCurrBet":0.02,"step":0.5,"position":0.25,"bluff":0,"handValue":0.1044,"percentBets_2":0.07317073170731707,"percentBets_3":0.07228915662650602,"percentBets_4":0.0759493670886076},"output":{"chips":1}},
{"input":{"Win":0,"Lose":0.02,"myCurrBet":0.023333333333333334,"step":0.5,"position":0.25,"bluff":0,"handValue":0.1044,"percentBets_2":0.0975609756097561,"percentBets_3":0.10843373493975904,"percentBets_4":0.11392405063291139},"output":{"chips":0}},
{"input":{"Win":0,"Lose":0.023333333333333334,"myCurrBet":0.023333333333333334,"step":0.5,"position":0.25,"bluff":0,"handValue":0.10300000000000001,"percentBets_2":0.0958904109589041,"percentBets_3":0.0945945945945946,"percentBets_4":0.0673076923076923},"output":{"chips":0}},
{"input":{"Win":0,"Lose":0.023333333333333334,"myCurrBet":0.013333333333333334,"step":0.25,"position":0.25,"bluff":0,"handValue":0.10260000000000001,"percentBets_2":0.0684931506849315,"percentBets_3":0.08108108108108109,"percentBets_4":0.057692307692307696},"output":{"chips":1}},
{"input":{"Win":0,"Lose":0.023333333333333334,"myCurrBet":0.01,"step":0,"position":0.25,"bluff":0,"handValue":0.601009,"percentBets_2":0.0547945205479452,"percentBets_3":0.05405405405405406,"percentBets_4":0.038461538461538464},"output":{"chips":0.5}},
{"input":{"Win":0,"Lose":0.023333333333333334,"myCurrBet":0.023333333333333334,"step":0.5,"position":0.25,"bluff":0,"handValue":0.10300000000000001,"percentBets_2":0.1095890410958904,"percentBets_3":0.10810810810810811,"percentBets_4":0.07692307692307693},"output":{"chips":0}},
{"input":{"Win":0,"Lose":0.023333333333333334,"myCurrBet":0.0016666666666666668,"step":0,"position":0.25,"bluff":0,"percentBets_2":0.0136986301369863,"handValue":0.601009,"percentBets_3":0.02702702702702703,"percentBets_4":0.019230769230769232},"output":{"chips":1}},
{"input":{"Win":0,"Lose":0.023333333333333334,"myCurrBet":0.01,"step":0,"position":0.25,"bluff":0,"handValue":0.10060000000000001,"percentBets_2":0.06153846153846154,"percentBets_3":0.041237113402061855,"percentBets_4":0.041666666666666664},"output":{"chips":0.5}},
{"input":{"Win":0,"Lose":0.023333333333333334,"myCurrBet":0.0016666666666666668,"step":0,"position":0.25,"bluff":0,"percentBets_2":0.015384615384615385,"handValue":0.10060000000000001,"percentBets_3":0.020618556701030927,"percentBets_4":0.020833333333333332},"output":{"chips":1}},
{"input":{"Win":0,"Lose":0.023333333333333334,"myCurrBet":0.02666666666666667,"step":0.5,"position":0.25,"bluff":0,"handValue":0.10300000000000001,"percentBets_2":0.12307692307692308,"percentBets_3":0.08247422680412371,"percentBets_4":0.08333333333333333},"output":{"chips":0}},
{"input":{"Win":0,"Lose":0.023333333333333334,"myCurrBet":0.02666666666666667,"step":0.5,"position":0.25,"bluff":0,"handValue":0.10300000000000001,"percentBets_2":0.13846153846153847,"percentBets_3":0.09278350515463918,"percentBets_4":0.09375},"output":{"chips":0}},
{"input":{"Win":0,"Lose":0.023333333333333334,"myCurrBet":0.013333333333333334,"step":0.25,"position":0.25,"bluff":0,"handValue":0.1023,"percentBets_2":0.07692307692307693,"percentBets_3":0.061855670103092786,"percentBets_4":0.07291666666666667},"output":{"chips":1}},
{"input":{"Win":0,"Lose":0.05333333333333334,"myCurrBet":0.013333333333333334,"step":0,"position":0.25,"bluff":0,"handValue":0.600806,"percentBets_2":0.08928571428571429,"percentBets_3":0,"percentBets_4":0.05747126436781609},"output":{"chips":0.5}},
{"input":{"Win":0,"Lose":0.05333333333333334,"myCurrBet":0.0016666666666666668,"step":0,"position":0.25,"bluff":0,"percentBets_2":0.017857142857142856,"handValue":0.600806,"percentBets_3":0.016260162601626018,"percentBets_4":0.034482758620689655},"output":{"chips":1}},
{"input":{"Win":0,"Lose":0.05333333333333334,"myCurrBet":0.016666666666666666,"step":0.25,"position":0.25,"bluff":0,"handValue":0.1038,"percentBets_2":0.10714285714285714,"percentBets_4":0.06896551724137931},"output":{"chips":1}},
{"input":{"Win":0,"Lose":0.05333333333333334,"myCurrBet":0.023333333333333334,"step":0.5,"position":0.25,"bluff":1,"handValue":0.1051,"percentBets_2":0.125,"percentBets_4":0.08045977011494253},"output":{"chips":0.5}},
{"input":{"Win":0,"Lose":0.05333333333333334,"myCurrBet":0.02666666666666667,"step":0.75,"position":0.25,"bluff":0,"handValue":0.1063,"percentBets_2":0.14285714285714285,"percentBets_4":0.09195402298850575},"output":{"chips":0}},
{"input":{"Win":0,"Lose":0.05333333333333334,"myCurrBet":0.023333333333333334,"step":0.5,"position":0.25,"bluff":1,"handValue":0.1051,"percentBets_2":0.14285714285714285,"percentBets_4":0.09195402298850575},"output":{"chips":0.5}},
{"input":{"Win":0,"Lose":0,"myCurrBet":0.0016666666666666668,"step":0,"position":0.25,"bluff":0,"percentBets_2":0.020833333333333332,"handValue":0.1014,"percentBets_3":0.008264462809917356,"percentBets_4":0.01904761904761905},"output":{"chips":1}},
{"input":{"Win":0,"Lose":0,"myCurrBet":0.01,"step":0,"position":0.25,"bluff":0,"handValue":0.1014,"percentBets_2":0.08333333333333333,"percentBets_3":0,"percentBets_4":0.0380952380952381},"output":{"chips":0.5}},
{"input":{"Win":0,"Lose":0,"myCurrBet":0.02,"step":0.5,"position":0.25,"bluff":0,"handValue":0.1042,"percentBets_2":0.125,"percentBets_4":0.05714285714285714},"output":{"chips":1}},
{"input":{"Win":0,"Lose":0,"myCurrBet":0.013333333333333334,"step":0.25,"position":0.25,"bluff":0,"handValue":0.1037,"percentBets_2":0.10416666666666667,"percentBets_4":0.047619047619047616},"output":{"chips":1}},
{"input":{"Win":0,"Lose":0,"myCurrBet":0.023333333333333334,"step":0.5,"position":0.25,"bluff":0,"handValue":0.1042,"percentBets_2":0.16666666666666666,"percentBets_4":0.0761904761904762},"output":{"chips":0}},
{"input":{"Win":0,"Lose":0.023333333333333334,"myCurrBet":0.01,"step":0,"position":0.25,"bluff":0,"handValue":0.6005039999999999,"percentBets_2":0.1,"percentBets_3":0,"percentBets_4":0.03305785123966942},"output":{"chips":0}},
{"input":{"Win":0,"Lose":0.023333333333333334,"myCurrBet":0.0016666666666666668,"step":0,"position":0.25,"bluff":0,"percentBets_2":0.025,"handValue":0.6005039999999999,"percentBets_3":0.016666666666666666,"percentBets_4":0.01652892561983471},"output":{"chips":1}},
{"input":{"Win":0.03914590747330961,"Lose":0,"myCurrBet":0.0016666666666666668,"step":0,"position":0.25,"bluff":1,"percentBets_2":0.0196078431372549,"handValue":0.10120000000000001,"percentBets_3":0.01694915254237288,"percentBets_4":0.02608695652173913},"output":{"chips":0.5}},
{"input":{"Win":0.03914590747330961,"Lose":0,"myCurrBet":0.01,"step":0,"position":0.25,"bluff":1,"handValue":0.10120000000000001,"percentBets_2":0.0784313725490196,"percentBets_3":0.03389830508474576,"percentBets_4":0},"output":{"chips":1}},
{"input":{"Win":0.03914590747330961,"Lose":0,"myCurrBet":0.02,"step":0.5,"position":0.25,"bluff":0,"handValue":0.1027,"percentBets_2":0.11764705882352941},"output":{"chips":1}},
{"input":{"Win":0.03914590747330961,"Lose":0,"myCurrBet":0.016666666666666666,"step":0.25,"position":0.25,"bluff":0,"handValue":0.1014,"percentBets_2":0.09803921568627451,"percentBets_3":0},"output":{"chips":1}},
{"input":{"Win":0.03914590747330961,"Lose":0,"myCurrBet":0.023333333333333334,"step":0.75,"position":0.25,"bluff":0,"handValue":0.10300000000000001,"percentBets_2":0.13725490196078433},"output":{"chips":0}},
{"input":{"Win":0,"Lose":0,"myCurrBet":0.013333333333333334,"step":0.25,"position":0.25,"bluff":0,"handValue":0.1015,"percentBets_2":0.11363636363636363,"percentBets_4":0.044642857142857144},"output":{"chips":1}},
{"input":{"Win":0,"Lose":0,"myCurrBet":0.0016666666666666668,"step":0,"position":0.25,"bluff":0,"percentBets_2":0.022727272727272728,"handValue":0.10120000000000001,"percentBets_3":0.008771929824561403,"percentBets_4":0.008928571428571428},"output":{"chips":1}},
{"input":{"Win":0,"Lose":0,"myCurrBet":0.01,"step":0,"position":0.25,"bluff":0,"handValue":0.10120000000000001,"percentBets_2":0.09090909090909091,"percentBets_3":0,"percentBets_4":0.03571428571428571},"output":{"chips":0.5}},
{"input":{"Win":0,"Lose":0,"myCurrBet":0.006666666666666667,"step":0,"position":0.25,"bluff":0,"handValue":0.10120000000000001,"percentBets_2":0.045454545454545456,"percentBets_3":0.02631578947368421,"percentBets_4":0.026785714285714284},"output":{"chips":0.5}},
{"input":{"Win":0,"Lose":0,"myCurrBet":0.02,"step":0.5,"position":0.25,"bluff":1,"handValue":0.1023,"percentBets_2":0.13636363636363635,"percentBets_4":0.05357142857142857},"output":{"chips":0.5}},
{"input":{"Win":0,"Lose":0,"myCurrBet":0.02,"step":0.5,"position":0.25,"bluff":0,"handValue":0.1023,"percentBets_2":0.1590909090909091,"percentBets_4":0.0625},"output":{"chips":0}},
{"input":{"Win":0,"Lose":0.02,"myCurrBet":0.0016666666666666668,"step":0,"position":0.25,"bluff":0,"percentBets_2":0.02702702702702703,"handValue":0.1009,"percentBets_3":0.018018018018018018,"percentBets_4":0.015625},"output":{"chips":1}},
{"input":{"Win":0,"Lose":0.02,"myCurrBet":0.02,"step":0.5,"position":0.25,"bluff":0,"handValue":0.1034,"percentBets_2":0.16216216216216217,"percentBets_4":0.046875},"output":{"chips":0}},
{"input":{"Win":0,"Lose":0.02,"myCurrBet":0.013333333333333334,"step":0.25,"position":0.25,"bluff":0,"handValue":0.1029,"percentBets_2":0.13513513513513514,"percentBets_4":0.0390625},"output":{"chips":1}},
{"input":{"Win":0,"Lose":0.02,"myCurrBet":0.01,"step":0,"position":0.25,"bluff":0,"handValue":0.1009,"percentBets_2":0.10810810810810811,"percentBets_3":0,"percentBets_4":0.03125},"output":{"chips":0.5}},
{"input":{"Win":0,"Lose":0.02,"myCurrBet":0.02,"step":0.5,"position":0.25,"bluff":0,"handValue":0.1034,"percentBets_2":0.1891891891891892,"percentBets_4":0.0546875},"output":{"chips":0}},
{"input":{"Win":0,"Lose":0.02,"myCurrBet":0.0016666666666666668,"step":0,"position":0.25,"bluff":1,"percentBets_2":0.03333333333333333,"handValue":0.1003,"percentBets_3":0.01834862385321101,"percentBets_4":0.02097902097902098},"output":{"chips":1}},
{"input":{"Win":0,"Lose":0.02,"myCurrBet":0.013333333333333334,"step":0,"position":0.25,"bluff":0,"handValue":0.1003,"percentBets_2":0.16666666666666666,"percentBets_3":0,"percentBets_4":0},"output":{"chips":0.5}},
{"input":{"Win":0,"Lose":0.02,"myCurrBet":0.016666666666666666,"step":0.25,"position":0.25,"bluff":0,"handValue":0.1014,"percentBets_2":0.2},"output":{"chips":0}},
{"input":{"Win":0,"Lose":0.016666666666666666,"myCurrBet":0.0016666666666666668,"step":0,"position":0.25,"bluff":0,"percentBets_2":0.025,"handValue":0.500000000011,"percentBets_3":0.018691588785046728,"percentBets_4":0.02142857142857143},"output":{"chips":1}},
{"input":{"Win":0,"Lose":0.016666666666666666,"myCurrBet":0.013333333333333334,"step":0.25,"position":0.25,"bluff":0,"handValue":0.1043,"percentBets_2":0.1,"percentBets_3":0,"percentBets_4":0},"output":{"chips":1}},
{"input":{"Win":0,"Lose":0.016666666666666666,"myCurrBet":0.016666666666666666,"step":0.25,"position":0.25,"bluff":0,"handValue":0.1043,"percentBets_2":0.15},"output":{"chips":0}},
{"input":{"Win":0.020905923344947737,"Lose":0,"myCurrBet":0.0016666666666666668,"step":0,"position":0.25,"bluff":0,"percentBets_2":0.02,"handValue":0.6010059999999999,"percentBets_3":0.01904761904761905,"percentBets_4":0.021897810218978103},"output":{"chips":1}},
{"input":{"Win":0.020905923344947737,"Lose":0,"myCurrBet":0.013333333333333334,"step":0.25,"position":0.25,"bluff":0,"handValue":0.10360000000000001,"percentBets_2":0.08,"percentBets_3":0.0380952380952381,"percentBets_4":0},"output":{"chips":1}},
{"input":{"Win":0,"Lose":0,"myCurrBet":0.0033333333333333335,"step":0,"position":0.25,"bluff":0,"percentBets_2":0.043478260869565216,"handValue":0.1015,"percentBets_3":0.039603960396039604,"percentBets_4":0.029850746268656716},"output":{"chips":1}},
{"input":{"Win":0,"Lose":0,"myCurrBet":0.02,"step":0,"position":0.25,"bluff":0,"handValue":0.1015,"percentBets_2":0.17391304347826086,"percentBets_3":0,"percentBets_4":0},"output":{"chips":0.5}},
{"input":{"Win":0,"Lose":0,"myCurrBet":0.02666666666666667,"step":0.25,"position":0.25,"bluff":0,"handValue":0.1039,"percentBets_2":0.21739130434782608},"output":{"chips":0}},
{"input":{"Win":0,"Lose":0.02666666666666667,"myCurrBet":0.02666666666666667,"step":0.25,"position":0.25,"bluff":0,"handValue":0.1019,"percentBets_2":0.12903225806451613,"percentBets_4":0.06153846153846154},"output":{"chips":1}},
{"input":{"Win":0,"Lose":0.02666666666666667,"myCurrBet":0.0033333333333333335,"step":0,"position":0.25,"bluff":0,"percentBets_2":0.03225806451612903,"handValue":0.10110000000000001,"percentBets_3":0.041237113402061855,"percentBets_4":0.03076923076923077},"output":{"chips":1}},
{"input":{"Win":0,"Lose":0.02666666666666667,"myCurrBet":0.02,"step":0,"position":0.25,"bluff":1,"handValue":0.10110000000000001,"percentBets_2":0.0967741935483871,"percentBets_3":0,"percentBets_4":0.06153846153846154},"output":{"chips":0.5}},
