{"input":{"Win":0,"Lose":0.013333333333333334,"myCurrBet":0.006666666666666667,"step":0,"position":1,"bluff":1,"handValue":0.1014,"percentBets_1":0.05333333333333334,"percentBets_2":0.05333333333333334,"percentBets_3":0.05333333333333334},"output":{"chips":0.5}},
{"input":{"Win":0,"Lose":0.013333333333333334,"myCurrBet":0.013333333333333334,"step":0.25,"position":1,"bluff":0,"handValue":0.1017,"percentBets_1":0.05333333333333334,"percentBets_2":0.05333333333333334,"percentBets_3":0.05333333333333334},"output":{"chips":0.5}},
{"input":{"Win":0,"Lose":0.013333333333333334,"myCurrBet":0,"step":0,"position":1,"bluff":0,"percentBets_1":0.006666666666666667,"percentBets_2":0.013333333333333334,"handValue":0.1014,"percentBets_3":0.02666666666666667},"output":{"chips":0.5}},
{"input":{"Win":0,"Lose":0.013333333333333334,"myCurrBet":0.013333333333333334,"step":0.5,"position":1,"bluff":0,"handValue":0.1024,"percentBets_1":0.05333333333333334,"percentBets_2":0.05333333333333334,"percentBets_3":0.05333333333333334},"output":{"chips":0.5}},
{"input":{"Win":0,"Lose":0.013333333333333334,"myCurrBet":0.013333333333333334,"step":0.75,"position":1,"bluff":1,"handValue":0.1028,"percentBets_1":0.05333333333333334,"percentBets_2":0.05333333333333334,"percentBets_3":0.05333333333333334},"output":{"chips":0.5}},
{"input":{"Win":0,"Lose":0,"myCurrBet":0.006666666666666667,"step":0,"position":1,"bluff":0,"handValue":0.600903,"percentBets_1":0.056338028169014086,"percentBets_2":0.04597701149425287,"percentBets_3":0.07042253521126761},"output":{"chips":0.5}},
{"input":{"Win":0,"Lose":0,"myCurrBet":0,"step":0,"position":1,"bluff":0,"percentBets_1":0.007042253521126761,"percentBets_2":0.011494252873563218,"handValue":0.600903,"percentBets_3":0.014084507042253521},"output":{"chips":1}},
{"input":{"Win":0,"Lose":0,"myCurrBet":0.016666666666666666,"step":0,"position":1,"bluff":0,"handValue":0.600903,"percentBets_1":0.14084507042253522,"percentBets_2":0.11494252873563218,"percentBets_3":0},"output":{"chips":0}},
{"input":{"Win":0,"Lose":0.03666666666666667,"myCurrBet":0,"step":0,"position":1,"bluff":0,"percentBets_1":0.005494505494505495,"percentBets_2":0.012987012987012988,"handValue":0.6010059999999999,"percentBets_3":0.030303030303030304},"output":{"chips":1}},
{"input":{"Win":0,"Lose":0.03666666666666667,"myCurrBet":0.02,"step":0.5,"position":1,"bluff":0,"handValue":0.10250000000000001,"percentBets_1":0.06593406593406594,"percentBets_2":0.07792207792207792,"percentBets_3":0.09090909090909091},"output":{"chips":0.5}},
{"input":{"Win":0,"Lose":0.03666666666666667,"myCurrBet":0.02,"step":0.25,"position":1,"bluff":0,"handValue":0.10200000000000001,"percentBets_1":0.06593406593406594,"percentBets_2":0.07792207792207792,"percentBets_3":0.09090909090909091},"output":{"chips":0.5}},
{"input":{"Win":0,"Lose":0.03666666666666667,"myCurrBet":0.01,"step":0,"position":1,"bluff":0,"handValue":0.6010059999999999,"percentBets_1":0.06593406593406594,"percentBets_2":0.07792207792207792,"percentBets_3":0.09090909090909091},"output":{"chips":0.5}},
{"input":{"Win":0,"Lose":0.03666666666666667,"myCurrBet":0.02,"step":0.75,"position":1,"bluff":0,"handValue":0.30000012050999997,"percentBets_1":0.06593406593406594,"percentBets_2":0.07792207792207792,"percentBets_3":0.09090909090909091},"output":{"chips":0.5}},
{"input":{"Win":0,"Lose":0.02,"myCurrBet":0.01,"step":0,"position":1,"bluff":0,"handValue":0.1018,"percentBets_1":0.07058823529411765,"percentBets_2":0.06315789473684211,"percentBets_3":0.1},"output":{"chips":0.5}},
{"input":{"Win":0,"Lose":0.02,"myCurrBet":0,"step":0,"position":1,"bluff":1,"percentBets_1":0.0058823529411764705,"percentBets_2":0.010526315789473684,"handValue":0.1018,"percentBets_3":0.03333333333333333},"output":{"chips":1}},
{"input":{"Win":0,"Lose":0.02,"myCurrBet":0.02,"step":0.25,"position":1,"bluff":0,"handValue":0.10200000000000001,"percentBets_1":0.07058823529411765,"percentBets_2":0.06315789473684211,"percentBets_3":0.1},"output":{"chips":0.5}},
{"input":{"Win":0,"Lose":0.02,"myCurrBet":0.02,"step":0.5,"position":1,"bluff":0,"handValue":0.300000100308,"percentBets_1":0.07058823529411765,"percentBets_2":0.06315789473684211,"percentBets_3":0.1},"output":{"chips":0.5}},
{"input":{"Win":0,"Lose":0.02,"myCurrBet":0.02,"step":0.75,"position":1,"bluff":0,"handValue":0.300000100802,"percentBets_1":0.07058823529411765,"percentBets_2":0.06315789473684211,"percentBets_3":0.1},"output":{"chips":0.5}},
{"input":{"Win":0,"Lose":0,"myCurrBet":0,"step":0,"position":1,"bluff":1,"percentBets_1":0.006329113924050633,"percentBets_2":0.011235955056179775,"handValue":0.10070000000000001,"percentBets_3":0.01282051282051282},"output":{"chips":0.5}},
{"input":{"Win":0,"Lose":0,"myCurrBet":0.0033333333333333335,"step":0,"position":1,"bluff":0,"handValue":0.10070000000000001,"percentBets_1":0.02531645569620253,"percentBets_2":0.02247191011235955,"percentBets_3":0.038461538461538464},"output":{"chips":0.5}},
{"input":{"Win":0,"Lose":0,"myCurrBet":0.01,"step":0,"position":1,"bluff":1,"handValue":0.10070000000000001,"percentBets_1":0.0759493670886076,"percentBets_2":0.06741573033707865,"percentBets_3":0.07692307692307693},"output":{"chips":1}},
{"input":{"Win":0,"Lose":0,"myCurrBet":0.023333333333333334,"step":0,"position":1,"bluff":0,"handValue":0.10070000000000001,"percentBets_1":0.17721518987341772,"percentBets_2":0.15730337078651685,"percentBets_3":0},"output":{"chips":0}},
{"input":{"Win":0,"Lose":0.043333333333333335,"myCurrBet":0,"step":0,"position":1,"bluff":0,"percentBets_1":0.007692307692307693,"percentBets_2":0.008620689655172414,"handValue":0.6009019999999999,"percentBets_3":0.027777777777777776},"output":{"chips":1}},
{"input":{"Win":0,"Lose":0.043333333333333335,"myCurrBet":0.01,"step":0,"position":1,"bluff":0,"handValue":0.6009019999999999,"percentBets_1":0.09230769230769231,"percentBets_2":0.05172413793103448,"percentBets_3":0.08333333333333333},"output":{"chips":0.5}},
{"input":{"Win":0,"Lose":0.043333333333333335,"myCurrBet":0.02,"step":0.25,"position":1,"bluff":0,"handValue":0.10120000000000001,"percentBets_1":0.09230769230769231,"percentBets_2":0.05172413793103448,"percentBets_3":0.08333333333333333},"output":{"chips":0.5}},
{"input":{"Win":0,"Lose":0.043333333333333335,"myCurrBet":0.02,"step":0.5,"position":1,"bluff":0,"handValue":0.1017,"percentBets_1":0.09230769230769231,"percentBets_2":0.05172413793103448,"percentBets_3":0.08333333333333333},"output":{"chips":0.5}},
{"input":{"Win":0,"Lose":0.043333333333333335,"myCurrBet":0.02,"step":0.75,"position":1,"bluff":0,"handValue":0.10250000000000001,"percentBets_1":0.09230769230769231,"percentBets_2":0.05172413793103448,"percentBets_3":0.08333333333333333},"output":{"chips":0.5}},
{"input":{"Win":0,"Lose":0.013333333333333334,"myCurrBet":0,"step":0,"position":1,"bluff":0,"percentBets_1":0.006024096385542169,"percentBets_2":0.00909090909090909,"handValue":0.1015,"percentBets_3":0.030303030303030304},"output":{"chips":0.5}},
{"input":{"Win":0,"Lose":0.013333333333333334,"myCurrBet":0.006666666666666667,"step":0,"position":1,"bluff":0,"handValue":0.1015,"percentBets_1":0.04819277108433735,"percentBets_2":0.03636363636363636,"percentBets_3":0.06060606060606061},"output":{"chips":0.5}},
{"input":{"Win":0,"Lose":0.013333333333333334,"myCurrBet":0.013333333333333334,"step":0.5,"position":1,"bluff":0,"handValue":0.1024,"percentBets_1":0.04819277108433735,"percentBets_2":0.03636363636363636,"percentBets_3":0.06060606060606061},"output":{"chips":0.5}},
{"input":{"Win":0,"Lose":0.013333333333333334,"myCurrBet":0.013333333333333334,"step":0.25,"position":1,"bluff":0,"handValue":0.10120000000000001,"percentBets_1":0.04819277108433735,"percentBets_2":0.03636363636363636,"percentBets_3":0.06060606060606061},"output":{"chips":0.5}},
{"input":{"Win":0,"Lose":0.013333333333333334,"myCurrBet":0.013333333333333334,"step":0.75,"position":1,"bluff":1,"handValue":0.1029,"percentBets_1":0.04819277108433735,"percentBets_2":0.03636363636363636,"percentBets_3":0.06060606060606061},"output":{"chips":0.5}},
{"input":{"Win":0,"Lose":0.03333333333333333,"myCurrBet":0,"step":0,"position":1,"bluff":0,"percentBets_1":0.006329113924050633,"percentBets_2":0.009433962264150943,"handValue":0.600503,"percentBets_3":0.02564102564102564},"output":{"chips":1}},
{"input":{"Win":0,"Lose":0.03333333333333333,"myCurrBet":0.01,"step":0,"position":1,"bluff":0,"handValue":0.600503,"percentBets_1":0.0759493670886076,"percentBets_2":0.05660377358490566,"percentBets_3":0.07692307692307693},"output":{"chips":0.5}},
{"input":{"Win":0,"Lose":0.03333333333333333,"myCurrBet":0.02,"step":0.25,"position":1,"bluff":1,"handValue":0.300000130503,"percentBets_1":0.0759493670886076,"percentBets_2":0.05660377358490566,"percentBets_3":0.08974358974358974},"output":{"chips":0.5}},
{"input":{"Win":0,"Lose":0.03333333333333333,"myCurrBet":0.023333333333333334,"step":0.25,"position":1,"bluff":0,"handValue":0.300000130503,"percentBets_1":0.10126582278481013,"percentBets_2":0.07547169811320754,"percentBets_3":0.10256410256410256},"output":{"chips":0.5}},
{"input":{"Win":0,"Lose":0.03333333333333333,"myCurrBet":0.02666666666666667,"step":0.5,"position":1,"bluff":0,"handValue":0.300000130512,"percentBets_1":0.10126582278481013,"percentBets_2":0.07547169811320754,"percentBets_3":0.11538461538461539},"output":{"chips":0.5}},
{"input":{"Win":0,"Lose":0.03333333333333333,"myCurrBet":0.03,"step":0.5,"position":1,"bluff":0,"handValue":0.300000130512,"percentBets_1":0.12658227848101267,"percentBets_2":0.09433962264150944,"percentBets_3":0.1282051282051282},"output":{"chips":0.5}},
{"input":{"Win":0,"Lose":0.03333333333333333,"myCurrBet":0.03333333333333333,"step":0.75,"position":1,"bluff":0,"handValue":0.300000130512,"percentBets_1":0.12658227848101267,"percentBets_2":0.09433962264150944,"percentBets_3":0.1282051282051282},"output":{"chips":0}},
{"input":{"Win":0.10989010989010989,"Lose":0,"myCurrBet":0,"step":0,"position":1,"bluff":0,"percentBets_1":0.007246376811594203,"percentBets_2":0.010416666666666666,"handValue":0.600801,"percentBets_3":0.018518518518518517},"output":{"chips":1}},
{"input":{"Win":0.10989010989010989,"Lose":0,"myCurrBet":0.01,"step":0,"position":1,"bluff":0,"handValue":0.600801,"percentBets_1":0.08695652173913043,"percentBets_2":0.0625,"percentBets_3":0.05555555555555555},"output":{"chips":0.5}},
{"input":{"Win":0.10989010989010989,"Lose":0,"myCurrBet":0.02666666666666667,"step":0.5,"position":1,"bluff":0,"handValue":0.1022,"percentBets_1":0.11594202898550725,"percentBets_2":0.08333333333333333,"percentBets_3":0.07407407407407407},"output":{"chips":0.5}},
{"input":{"Win":0.10989010989010989,"Lose":0,"myCurrBet":0.02666666666666667,"step":0.75,"position":1,"bluff":1,"handValue":0.300000080111,"percentBets_1":0.11594202898550725,"percentBets_2":0.08333333333333333,"percentBets_3":0.07407407407407407},"output":{"chips":1}},
{"input":{"Win":0.10989010989010989,"Lose":0,"myCurrBet":0.03,"step":0.75,"position":1,"bluff":1,"handValue":0.300000080111,"percentBets_1":0.14492753623188406,"percentBets_2":0.10416666666666667,"percentBets_3":0.09259259259259259},"output":{"chips":0.5}},
{"input":{"Win":0.10989010989010989,"Lose":0,"myCurrBet":0.023333333333333334,"step":0.25,"position":1,"bluff":1,"handValue":0.10300000000000001,"percentBets_1":0.11594202898550725,"percentBets_2":0.08333333333333333,"percentBets_3":0.07407407407407407},"output":{"chips":0.5}},
{"input":{"Win":0.10989010989010989,"Lose":0,"myCurrBet":0.02,"step":0.25,"position":1,"bluff":1,"handValue":0.10300000000000001,"percentBets_1":0.08695652173913043,"percentBets_2":0.0625,"percentBets_3":0.06481481481481481},"output":{"chips":0.5}},
{"input":{"Win":0,"Lose":0.02,"myCurrBet":0.013333333333333334,"step":0.5,"position":1,"bluff":0,"handValue":0.1046,"percentBets_1":0.06779661016949153,"percentBets_2":0.046511627906976744,"percentBets_3":0.05102040816326531},"output":{"chips":0.5}},
{"input":{"Win":0,"Lose":0.02,"myCurrBet":0,"step":0,"position":1,"bluff":0,"percentBets_1":0.00847457627118644,"percentBets_2":0.011627906976744186,"handValue":0.1018,"percentBets_3":0.02040816326530612},"output":{"chips":0.5}},
{"input":{"Win":0,"Lose":0.02,"myCurrBet":0.013333333333333334,"step":0.25,"position":1,"bluff":0,"handValue":0.10360000000000001,"percentBets_1":0.06779661016949153,"percentBets_2":0.046511627906976744,"percentBets_3":0.04081632653061224},"output":{"chips":0.5}},
{"input":{"Win":0,"Lose":0.02,"myCurrBet":0.006666666666666667,"step":0,"position":1,"bluff":0,"handValue":0.1018,"percentBets_1":0.06779661016949153,"percentBets_2":0.046511627906976744,"percentBets_3":0.04081632653061224},"output":{"chips":0.5}},
{"input":{"Win":0,"Lose":0.02,"myCurrBet":0.016666666666666666,"step":0.5,"position":1,"bluff":0,"handValue":0.1046,"percentBets_1":0.1016949152542373,"percentBets_2":0.06976744186046512,"percentBets_3":0.061224489795918366},"output":{"chips":0.5}},
{"input":{"Win":0,"Lose":0.02,"myCurrBet":0.02,"step":0.75,"position":1,"bluff":0,"handValue":0.1051,"percentBets_1":0.1016949152542373,"percentBets_2":0.06976744186046512,"percentBets_3":0.061224489795918366},"output":{"chips":0.5}},
{"input":{"Win":0,"Lose":0.013333333333333334,"myCurrBet":0,"step":0,"position":1,"bluff":1,"percentBets_1":0.009433962264150943,"percentBets_2":0.009615384615384616,"handValue":0.6006049999999999,"percentBets_3":0.021739130434782608},"output":{"chips":0.5}},
{"input":{"Win":0,"Lose":0.013333333333333334,"myCurrBet":0.013333333333333334,"step":0.25,"position":1,"bluff":0,"handValue":0.1018,"percentBets_1":0.07547169811320754,"percentBets_2":0.038461538461538464,"percentBets_3":0.043478260869565216},"output":{"chips":0.5}},
{"input":{"Win":0,"Lose":0.013333333333333334,"myCurrBet":0.006666666666666667,"step":0,"position":1,"bluff":0,"handValue":0.6006049999999999,"percentBets_1":0.07547169811320754,"percentBets_2":0.038461538461538464,"percentBets_3":0.043478260869565216},"output":{"chips":0.5}},
{"input":{"Win":0,"Lose":0.013333333333333334,"myCurrBet":0.013333333333333334,"step":0.5,"position":1,"bluff":0,"handValue":0.1029,"percentBets_1":0.07547169811320754,"percentBets_2":0.038461538461538464,"percentBets_3":0.043478260869565216},"output":{"chips":0.5}},
{"input":{"Win":0,"Lose":0.013333333333333334,"myCurrBet":0.013333333333333334,"step":0.75,"position":1,"bluff":0,"handValue":0.300000080711,"percentBets_1":0.07547169811320754,"percentBets_2":0.038461538461538464,"percentBets_3":0.043478260869565216},"output":{"chips":0.5}},
{"input":{"Win":0,"Lose":0.04,"myCurrBet":0,"step":0,"position":1,"bluff":0,"percentBets_1":0.01020408163265306,"percentBets_2":0.01,"handValue":0.1,"percentBets_3":0.019230769230769232},"output":{"chips":1}},
{"input":{"Win":0,"Lose":0.04,"myCurrBet":0.01,"step":0,"position":1,"bluff":0,"handValue":0.1,"percentBets_1":0.12244897959183673,"percentBets_2":0.06,"percentBets_3":0.057692307692307696},"output":{"chips":0.5}},
{"input":{"Win":0,"Lose":0.04,"myCurrBet":0.02,"step":0.25,"position":1,"bluff":0,"handValue":0.300000060403,"percentBets_1":0.12244897959183673,"percentBets_2":0.06,"percentBets_3":0.057692307692307696},"output":{"chips":0.5}},
{"input":{"Win":0,"Lose":0.04,"myCurrBet":0.02,"step":0.5,"position":1,"bluff":0,"handValue":0.3000000604,"percentBets_1":0.12244897959183673,"percentBets_2":0.06,"percentBets_3":0.057692307692307696},"output":{"chips":0.5}},
{"input":{"Win":0,"Lose":0.04,"myCurrBet":0.02,"step":0.75,"position":1,"bluff":1,"handValue":0.300000060412,"percentBets_1":0.12244897959183673,"percentBets_2":0.06,"percentBets_3":0.0673076923076923},"output":{"chips":0.5}},
{"input":{"Win":0,"Lose":0.04,"myCurrBet":0.023333333333333334,"step":0.75,"position":1,"bluff":1,"handValue":0.300000060412,"percentBets_1":0.16326530612244897,"percentBets_2":0.08,"percentBets_3":0.057692307692307696},"output":{"chips":1}},
{"input":{"Win":0,"Lose":0.04,"myCurrBet":0.03,"step":0.75,"position":1,"bluff":1,"handValue":0.300000060412,"percentBets_1":0.24489795918367346,"percentBets_2":0.12},"output":{"chips":0.5}},
{"input":{"Win":0,"Lose":0.013333333333333334,"myCurrBet":0.006666666666666667,"step":0,"position":1,"bluff":0,"handValue":0.10110000000000001,"percentBets_1":0.05,"percentBets_2":0.045454545454545456,"percentBets_3":0.041237113402061855},"output":{"chips":0.5}},
{"input":{"Win":0,"Lose":0.013333333333333334,"myCurrBet":0.013333333333333334,"step":0.5,"position":1,"bluff":1,"handValue":0.300000120809,"percentBets_1":0.05,"percentBets_2":0.045454545454545456,"percentBets_3":0.041237113402061855},"output":{"chips":0.5}},
{"input":{"Win":0,"Lose":0.013333333333333334,"myCurrBet":0.013333333333333334,"step":0.25,"position":1,"bluff":0,"handValue":0.1023,"percentBets_1":0.05,"percentBets_2":0.045454545454545456,"percentBets_3":0.041237113402061855},"output":{"chips":0.5}},
{"input":{"Win":0,"Lose":0.013333333333333334,"myCurrBet":0.013333333333333334,"step":0.75,"position":1,"bluff":0,"handValue":0.30000012081099997,"percentBets_1":0.05,"percentBets_2":0.045454545454545456,"percentBets_3":0.041237113402061855},"output":{"chips":0.5}},
{"input":{"Win":0,"Lose":0.013333333333333334,"myCurrBet":0,"step":0,"position":1,"bluff":0,"percentBets_1":0.00625,"percentBets_2":0.011363636363636364,"handValue":0.10110000000000001,"percentBets_3":0.020618556701030927},"output":{"chips":0.5}},
{"input":{"Win":0,"Lose":0.02666666666666667,"myCurrBet":0,"step":0,"position":1,"bluff":0,"percentBets_1":0.006578947368421052,"percentBets_2":0.01,"handValue":0.1015,"percentBets_3":0.021505376344086023},"output":{"chips":0.5}},
{"input":{"Win":0,"Lose":0.02666666666666667,"myCurrBet":0.006666666666666667,"step":0,"position":1,"bluff":1,"handValue":0.1015,"percentBets_1":0.05263157894736842,"percentBets_2":0.04,"percentBets_3":0.043010752688172046},"output":{"chips":0.5}},
{"input":{"Win":0,"Lose":0.02666666666666667,"myCurrBet":0.013333333333333334,"step":0.25,"position":1,"bluff":0,"handValue":0.10160000000000001,"percentBets_1":0.05263157894736842,"percentBets_2":0.04,"percentBets_3":0.053763440860215055},"output":{"chips":0.5}},
{"input":{"Win":0,"Lose":0.02666666666666667,"myCurrBet":0.02,"step":0.5,"position":1,"bluff":1,"handValue":0.1029,"percentBets_1":0.07894736842105263,"percentBets_2":0.06,"percentBets_3":0.07526881720430108},"output":{"chips":0.5}},
{"input":{"Win":0,"Lose":0.02666666666666667,"myCurrBet":0.023333333333333334,"step":0.5,"position":1,"bluff":0,"handValue":0.1029,"percentBets_1":0.10526315789473684,"percentBets_2":0.08,"percentBets_3":0.08602150537634409},"output":{"chips":0.5}},
{"input":{"Win":0,"Lose":0.02666666666666667,"myCurrBet":0.02666666666666667,"step":0.75,"position":1,"bluff":0,"handValue":0.1034,"percentBets_1":0.10526315789473684,"percentBets_2":0.08,"percentBets_3":0.08602150537634409},"output":{"chips":0.5}},
{"input":{"Win":0,"Lose":0.02666666666666667,"myCurrBet":0.016666666666666666,"step":0.25,"position":1,"bluff":0,"handValue":0.10160000000000001,"percentBets_1":0.07894736842105263,"percentBets_2":0.06,"percentBets_3":0.06451612903225806},"output":{"chips":0.5}},
{"input":{"Win":0,"Lose":0.02,"myCurrBet":0,"step":0,"position":1,"bluff":1,"percentBets_1":0.005,"percentBets_2":0.010869565217391304,"handValue":0.10120000000000001,"percentBets_3":0.023529411764705882},"output":{"chips":0.5}},
{"input":{"Win":0,"Lose":0.02,"myCurrBet":0.006666666666666667,"step":0,"position":1,"bluff":0,"handValue":0.10120000000000001,"percentBets_1":0.04,"percentBets_2":0.043478260869565216,"percentBets_3":0.047058823529411764},"output":{"chips":0.5}},
{"input":{"Win":0,"Lose":0.02,"myCurrBet":0.013333333333333334,"step":0.25,"position":1,"bluff":0,"handValue":0.30000009030499997,"percentBets_1":0.04,"percentBets_2":0.043478260869565216,"percentBets_3":0.058823529411764705},"output":{"chips":0.5}},
{"input":{"Win":0,"Lose":0.02,"myCurrBet":0.016666666666666666,"step":0.25,"position":1,"bluff":1,"handValue":0.30000009030499997,"percentBets_1":0.06,"percentBets_2":0.06521739130434782,"percentBets_3":0.07058823529411765},"output":{"chips":0.5}},
{"input":{"Win":0,"Lose":0.02,"myCurrBet":0.02,"step":0.5,"position":1,"bluff":0,"handValue":0.300000090306,"percentBets_1":0.06,"percentBets_2":0.06521739130434782,"percentBets_3":0.07058823529411765},"output":{"chips":0.5}},
{"input":{"Win":0,"Lose":0.02,"myCurrBet":0.02,"step":0.75,"position":1,"bluff":0,"handValue":0.300000090605,"percentBets_1":0.06,"percentBets_2":0.06521739130434782,"percentBets_3":0.07058823529411765},"output":{"chips":0.5}},
{"input":{"Win":0,"Lose":0.04,"myCurrBet":0,"step":0,"position":1,"bluff":0,"percentBets_1":0.00847457627118644,"percentBets_2":0.023255813953488372,"handValue":0.1017,"percentBets_3":0.05063291139240506},"output":{"chips":0.5}},
{"input":{"Win":0,"Lose":0.04,"myCurrBet":0.02666666666666667,"step":0.25,"position":1,"bluff":0,"handValue":0.1022,"percentBets_1":0.06779661016949153,"percentBets_2":0.09302325581395349,"percentBets_3":0.10126582278481013},"output":{"chips":0.5}},
{"input":{"Win":0,"Lose":0.04,"myCurrBet":0.013333333333333334,"step":0,"position":1,"bluff":0,"handValue":0.1017,"percentBets_1":0.06779661016949153,"percentBets_2":0.09302325581395349,"percentBets_3":0.10126582278481013},"output":{"chips":0.5}},
{"input":{"Win":0,"Lose":0.04,"myCurrBet":0.02666666666666667,"step":0.5,"position":1,"bluff":0,"handValue":0.10260000000000001,"percentBets_1":0.06779661016949153,"percentBets_2":0.09302325581395349,"percentBets_3":0.10126582278481013},"output":{"chips":0.5}},
{"input":{"Win":0,"Lose":0.04,"myCurrBet":0.02666666666666667,"step":0.75,"position":1,"bluff":0,"handValue":0.1034,"percentBets_1":0.06779661016949153,"percentBets_2":0.09302325581395349,"percentBets_3":0.12658227848101267},"output":{"chips":0.5}},
{"input":{"Win":0,"Lose":0.04,"myCurrBet":0.03333333333333333,"step":0.75,"position":1,"bluff":0,"handValue":0.1034,"percentBets_1":0.1016949152542373,"percentBets_2":0.13953488372093023,"percentBets_3":0.1518987341772152},"output":{"chips":0.5}},
{"input":{"Win":0,"Lose":0,"myCurrBet":0,"step":0,"position":1,"bluff":0,"percentBets_1":0.009433962264150943,"percentBets_2":0.02702702702702703,"handValue":0.1,"percentBets_3":0.017391304347826087},"output":{"chips":0.5}},
{"input":{"Win":0,"Lose":0,"myCurrBet":0.016666666666666666,"step":0.5,"position":1,"bluff":0,"handValue":0.1024,"percentBets_1":0.09433962264150944,"percentBets_2":0.13513513513513514,"percentBets_3":0.08695652173913043},"output":{"chips":0.5}},
{"input":{"Win":0,"Lose":0,"myCurrBet":0.016666666666666666,"step":0.25,"position":1,"bluff":0,"handValue":0.1018,"percentBets_1":0.09433962264150944,"percentBets_2":0.13513513513513514,"percentBets_3":0.08695652173913043},"output":{"chips":0.5}},
{"input":{"Win":0,"Lose":0,"myCurrBet":0.006666666666666667,"step":0,"position":1,"bluff":1,"handValue":0.1,"percentBets_1":0.03773584905660377,"percentBets_2":0.05405405405405406,"percentBets_3":0.034782608695652174},"output":{"chips":1}},
{"input":{"Win":0,"Lose":0,"myCurrBet":0.016666666666666666,"step":0.5,"position":1,"bluff":0,"handValue":0.1024,"percentBets_1":0.09433962264150944,"percentBets_2":0.13513513513513514,"percentBets_3":0.10434782608695652},"output":{"chips":0.5}},
