{"input":{"Win":0.015555555555555555,"Lose":0,"myCurrBet":0,"step":0,"position":1,"bluff":0,"percentBets_1":0.006666666666666667,"percentBets_2":0.013333333333333334,"handValue":0.10160000000000001,"percentBets_3":0.02666666666666667},"output":{"chips":0.5}},
{"input":{"Win":0.015555555555555555,"Lose":0,"myCurrBet":0.006666666666666667,"step":0.25,"position":1,"bluff":1,"handValue":0.10260000000000001,"percentBets_1":0,"percentBets_2":0,"percentBets_3":0.02666666666666667},"output":{"chips":0.5}},
{"input":{"Win":0.015555555555555555,"Lose":0,"myCurrBet":0.006666666666666667,"step":0.75,"position":1,"bluff":0,"handValue":0.10310000000000001,"percentBets_3":0.02666666666666667},"output":{"chips":0.5}},
{"input":{"Win":0.015555555555555555,"Lose":0,"myCurrBet":0.006666666666666667,"step":0.5,"position":1,"bluff":0,"handValue":0.1029,"percentBets_3":0.02666666666666667},"output":{"chips":0.5}},
{"input":{"Win":0,"Lose":0,"myCurrBet":0,"step":0,"position":1,"bluff":0,"percentBets_1":0.006711409395973154,"percentBets_2":0.013513513513513514,"handValue":0.600604,"percentBets_3":0.0273972602739726},"output":{"chips":1}},
{"input":{"Win":0,"Lose":0,"myCurrBet":0.02666666666666667,"step":0.5,"position":1,"bluff":1,"handValue":0.7000000006039999,"percentBets_1":0.10738255033557047,"percentBets_2":0.10810810810810811,"percentBets_3":0.1095890410958904},"output":{"chips":1}},
{"input":{"Win":0,"Lose":0,"myCurrBet":0.01,"step":0,"position":1,"bluff":0,"handValue":0.600604,"percentBets_1":0.053691275167785234,"percentBets_2":0.05405405405405406,"percentBets_3":0.1095890410958904},"output":{"chips":0.5}},
{"input":{"Win":0,"Lose":0,"myCurrBet":0.03,"step":0.5,"position":1,"bluff":0,"handValue":0.7000000006039999,"percentBets_1":0.1342281879194631,"percentBets_2":0.13513513513513514,"percentBets_3":0.1643835616438356},"output":{"chips":0}},
{"input":{"Win":0,"Lose":0,"myCurrBet":0.02666666666666667,"step":0.25,"position":1,"bluff":1,"handValue":0.7000000006039999,"percentBets_1":0.10738255033557047,"percentBets_2":0.10810810810810811,"percentBets_3":0.1095890410958904},"output":{"chips":0.5}},
{"input":{"Win":0.06772009029345373,"Lose":0,"myCurrBet":0,"step":0,"position":1,"bluff":0,"percentBets_1":0.008,"percentBets_2":0.016129032258064516,"handValue":0.601304,"percentBets_3":0.018867924528301886},"output":{"chips":1}},
{"input":{"Win":0.06772009029345373,"Lose":0,"myCurrBet":0.01,"step":0,"position":1,"bluff":0,"handValue":0.601304,"percentBets_1":0.064,"percentBets_2":0.06451612903225806,"percentBets_3":0.07547169811320754},"output":{"chips":0.5}},
{"input":{"Win":0.06772009029345373,"Lose":0,"myCurrBet":0.02666666666666667,"step":0.5,"position":1,"bluff":0,"handValue":0.1019,"percentBets_1":0.128,"percentBets_2":0.12903225806451613,"percentBets_3":0.07547169811320754},"output":{"chips":0.5}},
{"input":{"Win":0.06772009029345373,"Lose":0,"myCurrBet":0.02666666666666667,"step":0.75,"position":1,"bluff":0,"handValue":0.10250000000000001,"percentBets_1":0.128,"percentBets_2":0.12903225806451613,"percentBets_3":0.07547169811320754},"output":{"chips":0.5}},
{"input":{"Win":0.06772009029345373,"Lose":0,"myCurrBet":0.02666666666666667,"step":0.25,"position":1,"bluff":0,"handValue":0.10070000000000001,"percentBets_1":0.128,"percentBets_2":0.12903225806451613,"percentBets_3":0.07547169811320754},"output":{"chips":0.5}},
{"input":{"Win":0,"Lose":0.02666666666666667,"myCurrBet":0,"step":0,"position":1,"bluff":0,"percentBets_1":0.009174311926605505,"percentBets_2":0.018518518518518517,"handValue":0.6012029999999999,"percentBets_3":0.02040816326530612},"output":{"chips":1}},
{"input":{"Win":0,"Lose":0.02666666666666667,"myCurrBet":0.01,"step":0,"position":1,"bluff":0,"handValue":0.6012029999999999,"percentBets_1":0.07339449541284404,"percentBets_2":0.07407407407407407,"percentBets_3":0.08163265306122448},"output":{"chips":0.5}},
{"input":{"Win":0,"Lose":0.02666666666666667,"myCurrBet":0.02666666666666667,"step":0.25,"position":1,"bluff":0,"handValue":0.1022,"percentBets_1":0,"percentBets_2":0,"percentBets_3":0.08163265306122448},"output":{"chips":0.5}},
{"input":{"Win":0,"Lose":0.02666666666666667,"myCurrBet":0.02666666666666667,"step":0.5,"position":1,"bluff":0,"handValue":0.10260000000000001,"percentBets_3":0.08163265306122448},"output":{"chips":0.5}},
{"input":{"Win":0,"Lose":0.02666666666666667,"myCurrBet":0.02666666666666667,"step":0.75,"position":1,"bluff":0,"handValue":0.1034,"percentBets_3":0.08163265306122448},"output":{"chips":0.5}},
{"input":{"Win":0.016317016317016316,"Lose":0,"myCurrBet":0,"step":0,"position":1,"bluff":0,"percentBets_1":0.009900990099009901,"percentBets_2":0.02,"handValue":0.101,"percentBets_3":0.017543859649122806},"output":{"chips":0.5}},
{"input":{"Win":0.016317016317016316,"Lose":0,"myCurrBet":0.006666666666666667,"step":0.5,"position":1,"bluff":0,"handValue":0.10400000000000001,"percentBets_3":0.017543859649122806},"output":{"chips":0.5}},
{"input":{"Win":0.016317016317016316,"Lose":0,"myCurrBet":0.006666666666666667,"step":0.75,"position":1,"bluff":0,"handValue":0.1038,"percentBets_3":0.017543859649122806},"output":{"chips":0.5}},
{"input":{"Win":0.016317016317016316,"Lose":0,"myCurrBet":0.006666666666666667,"step":0.25,"position":1,"bluff":0,"handValue":0.1029,"percentBets_1":0,"percentBets_2":0,"percentBets_3":0.017543859649122806},"output":{"chips":0.5}},
{"input":{"Win":0,"Lose":0.02,"myCurrBet":0,"step":0,"position":1,"bluff":0,"percentBets_1":0.01,"percentBets_2":0.02040816326530612,"handValue":0.1018,"percentBets_3":0.017857142857142856},"output":{"chips":0.5}},
{"input":{"Win":0,"Lose":0.02,"myCurrBet":0.006666666666666667,"step":0,"position":1,"bluff":1,"handValue":0.1018,"percentBets_1":0.06,"percentBets_2":0.061224489795918366,"percentBets_3":0.05357142857142857},"output":{"chips":0.5}},
{"input":{"Win":0,"Lose":0.02,"myCurrBet":0.02,"step":0.25,"position":1,"bluff":0,"handValue":0.1034,"percentBets_1":0.12,"percentBets_2":0.12244897959183673,"percentBets_3":0.05357142857142857},"output":{"chips":0.5}},
{"input":{"Win":0,"Lose":0.02,"myCurrBet":0.02,"step":0.75,"position":1,"bluff":0,"handValue":0.1037,"percentBets_1":0.12,"percentBets_2":0.12244897959183673,"percentBets_3":0.05357142857142857},"output":{"chips":0.5}},
{"input":{"Win":0,"Lose":0.02,"myCurrBet":0.02,"step":0.5,"position":1,"bluff":0,"handValue":0.10450000000000001,"percentBets_1":0.12,"percentBets_2":0.12244897959183673,"percentBets_3":0.05357142857142857},"output":{"chips":0.5}},
{"input":{"Win":0.10138248847926268,"Lose":0,"myCurrBet":0.02,"step":0.25,"position":1,"bluff":0,"handValue":0.1015,"percentBets_1":0.08823529411764706,"percentBets_2":0.13953488372093023,"percentBets_3":0.05660377358490566},"output":{"chips":0.5}},
{"input":{"Win":0.10138248847926268,"Lose":0,"myCurrBet":0,"step":0,"position":1,"bluff":0,"percentBets_1":0.007352941176470588,"percentBets_2":0.023255813953488372,"handValue":0.1009,"percentBets_3":0.018867924528301886},"output":{"chips":0.5}},
{"input":{"Win":0.10138248847926268,"Lose":0,"myCurrBet":0.006666666666666667,"step":0,"position":1,"bluff":0,"handValue":0.1009,"percentBets_1":0.04411764705882353,"percentBets_2":0.06976744186046512,"percentBets_3":0.05660377358490566},"output":{"chips":0.5}},
{"input":{"Win":0.10138248847926268,"Lose":0,"myCurrBet":0.02,"step":0.5,"position":1,"bluff":0,"handValue":0.1023,"percentBets_1":0.08823529411764706,"percentBets_2":0.13953488372093023,"percentBets_3":0.05660377358490566},"output":{"chips":0.5}},
{"input":{"Win":0.10138248847926268,"Lose":0,"myCurrBet":0.02,"step":0.75,"position":1,"bluff":0,"handValue":0.1029,"percentBets_1":0.08823529411764706,"percentBets_2":0.13953488372093023,"percentBets_3":0.05660377358490566},"output":{"chips":0.5}},
{"input":{"Win":0.10138248847926268,"Lose":0,"myCurrBet":0.02,"step":0.75,"position":1,"bluff":0,"handValue":0.1029,"percentBets_1":0.10294117647058823,"percentBets_2":0.16279069767441862,"percentBets_3":0.07547169811320754},"output":{"chips":0.5}},
{"input":{"Win":0.09230769230769231,"Lose":0,"myCurrBet":0.02,"step":0.5,"position":1,"bluff":0,"handValue":0.1029,"percentBets_1":0.09836065573770492,"percentBets_2":0.16666666666666666,"percentBets_3":0.061224489795918366},"output":{"chips":0.5}},
{"input":{"Win":0.09230769230769231,"Lose":0,"myCurrBet":0.006666666666666667,"step":0,"position":1,"bluff":0,"handValue":0.1009,"percentBets_1":0.04918032786885246,"percentBets_2":0.08333333333333333,"percentBets_3":0.061224489795918366},"output":{"chips":0.5}},
{"input":{"Win":0.09230769230769231,"Lose":0,"myCurrBet":0,"step":0,"position":1,"bluff":0,"percentBets_1":0.00819672131147541,"percentBets_2":0.027777777777777776,"handValue":0.1009,"percentBets_3":0.02040816326530612},"output":{"chips":0.5}},
{"input":{"Win":0.09230769230769231,"Lose":0,"myCurrBet":0.02,"step":0.75,"position":1,"bluff":1,"handValue":0.1027,"percentBets_1":0.09836065573770492,"percentBets_2":0.16666666666666666,"percentBets_3":0.061224489795918366},"output":{"chips":1}},
{"input":{"Win":0.09230769230769231,"Lose":0,"myCurrBet":0.02,"step":0.25,"position":1,"bluff":0,"handValue":0.10250000000000001,"percentBets_1":0.09836065573770492,"percentBets_2":0.16666666666666666,"percentBets_3":0.061224489795918366},"output":{"chips":0.5}},
{"input":{"Win":0,"Lose":0.006666666666666667,"myCurrBet":0,"step":0,"position":1,"bluff":0,"percentBets_1":0.00909090909090909,"percentBets_2":0.03333333333333333,"handValue":0.1017,"percentBets_3":0.021739130434782608},"output":{"chips":0.5}},
{"input":{"Win":0,"Lose":0.006666666666666667,"myCurrBet":0.006666666666666667,"step":0.25,"position":1,"bluff":1,"handValue":0.1048,"percentBets_1":0.03636363636363636,"percentBets_2":0.06666666666666667,"percentBets_3":0.021739130434782608},"output":{"chips":0.5}},
{"input":{"Win":0,"Lose":0.006666666666666667,"myCurrBet":0.006666666666666667,"step":0.5,"position":1,"bluff":0,"handValue":0.10360000000000001,"percentBets_1":0.03636363636363636,"percentBets_2":0.06666666666666667,"percentBets_3":0.021739130434782608},"output":{"chips":0.5}},
{"input":{"Win":0,"Lose":0.006666666666666667,"myCurrBet":0.006666666666666667,"step":0.75,"position":1,"bluff":0,"handValue":0.1037,"percentBets_1":0.03636363636363636,"percentBets_2":0.06666666666666667,"percentBets_3":0.021739130434782608},"output":{"chips":0.5}},
{"input":{"Win":0,"Lose":0,"myCurrBet":0,"step":0,"position":1,"bluff":0,"percentBets_1":0.009433962264150943,"percentBets_2":0.027777777777777776,"handValue":0.10200000000000001,"percentBets_3":0.022222222222222223},"output":{"chips":0.5}},
{"input":{"Win":0,"Lose":0,"myCurrBet":0.023333333333333334,"step":0,"position":1,"bluff":0,"handValue":0.10200000000000001,"percentBets_1":0.1320754716981132,"percentBets_2":0.19444444444444445,"percentBets_3":0.15555555555555556},"output":{"chips":0.5}},
{"input":{"Win":0,"Lose":0,"myCurrBet":0.04666666666666667,"step":0.5,"position":1,"bluff":0,"handValue":0.30000009081199996,"percentBets_3":0.15555555555555556},"output":{"chips":0.5}},
{"input":{"Win":0,"Lose":0,"myCurrBet":0.04666666666666667,"step":0.25,"position":1,"bluff":0,"handValue":0.10210000000000001,"percentBets_1":0,"percentBets_2":0,"percentBets_3":0.15555555555555556},"output":{"chips":0.5}},
{"input":{"Win":0,"Lose":0,"myCurrBet":0.04666666666666667,"step":0.75,"position":1,"bluff":1,"handValue":0.30000009081199996,"percentBets_3":0.15555555555555556},"output":{"chips":1}},
{"input":{"Win":0,"Lose":0,"myCurrBet":0.006666666666666667,"step":0,"position":1,"bluff":1,"handValue":0.10200000000000001,"percentBets_1":0.05660377358490566,"percentBets_2":0.08333333333333333,"percentBets_3":0.06666666666666667},"output":{"chips":1}},
{"input":{"Win":0,"Lose":0,"myCurrBet":0.05,"step":0.75,"position":1,"bluff":0,"handValue":0.30000009081199996,"percentBets_3":0.17777777777777778},"output":{"chips":0}},
{"input":{"Win":0,"Lose":0.07,"myCurrBet":0.006666666666666667,"step":0,"position":1,"bluff":0,"handValue":0.10120000000000001,"percentBets_1":0.06521739130434782,"percentBets_2":0.10344827586206896,"percentBets_3":0.05042016806722689},"output":{"chips":0.5}},
{"input":{"Win":0,"Lose":0.07,"myCurrBet":0.02,"step":0.5,"position":1,"bluff":0,"handValue":0.1027,"percentBets_1":0.13043478260869565,"percentBets_2":0.20689655172413793,"percentBets_3":0.05042016806722689},"output":{"chips":0.5}},
{"input":{"Win":0,"Lose":0.07,"myCurrBet":0,"step":0,"position":1,"bluff":0,"percentBets_1":0.010869565217391304,"percentBets_2":0.034482758620689655,"handValue":0.10120000000000001,"percentBets_3":0.01680672268907563},"output":{"chips":0.5}},
{"input":{"Win":0,"Lose":0.07,"myCurrBet":0.02,"step":0.25,"position":1,"bluff":0,"handValue":0.1023,"percentBets_1":0.13043478260869565,"percentBets_2":0.20689655172413793,"percentBets_3":0.05042016806722689},"output":{"chips":0.5}},
{"input":{"Win":0,"Lose":0.07,"myCurrBet":0.02,"step":0.75,"position":1,"bluff":0,"handValue":0.10360000000000001,"percentBets_1":0.13043478260869565,"percentBets_2":0.20689655172413793,"percentBets_3":0.05042016806722689},"output":{"chips":0.5}},
{"input":{"Win":0.0175,"Lose":0,"myCurrBet":0,"step":0,"position":1,"bluff":0,"percentBets_1":0.0078125,"percentBets_2":0.043478260869565216,"handValue":0.1,"percentBets_3":0.017699115044247787},"output":{"chips":0.5}},
{"input":{"Win":0.0175,"Lose":0,"myCurrBet":0.006666666666666667,"step":0.75,"position":1,"bluff":0,"handValue":0.300000100408,"percentBets_3":0.017699115044247787},"output":{"chips":0.5}},
{"input":{"Win":0.0175,"Lose":0,"myCurrBet":0.006666666666666667,"step":0.5,"position":1,"bluff":0,"handValue":0.300000100408,"percentBets_3":0.017699115044247787},"output":{"chips":0.5}},
{"input":{"Win":0.0175,"Lose":0,"myCurrBet":0.006666666666666667,"step":0.25,"position":1,"bluff":0,"handValue":0.300000100407,"percentBets_1":0,"percentBets_2":0,"percentBets_3":0.017699115044247787},"output":{"chips":0.5}},
{"input":{"Win":0.0916030534351145,"Lose":0,"myCurrBet":0.02,"step":0.25,"position":1,"bluff":0,"handValue":0.40000011050400003,"percentBets_1":0.09448818897637795,"percentBets_2":0.2727272727272727,"percentBets_3":0.05405405405405406},"output":{"chips":0.5}},
{"input":{"Win":0.0916030534351145,"Lose":0,"myCurrBet":0.02,"step":0.5,"position":1,"bluff":0,"handValue":0.40000011080500003,"percentBets_1":0.09448818897637795,"percentBets_2":0.2727272727272727,"percentBets_3":0.05405405405405406},"output":{"chips":0.5}},
{"input":{"Win":0.0916030534351145,"Lose":0,"myCurrBet":0.006666666666666667,"step":0,"position":1,"bluff":0,"handValue":0.601104,"percentBets_1":0.047244094488188976,"percentBets_2":0.13636363636363635,"percentBets_3":0.05405405405405406},"output":{"chips":0.5}},
{"input":{"Win":0.0916030534351145,"Lose":0,"myCurrBet":0,"step":0,"position":1,"bluff":0,"percentBets_1":0.007874015748031496,"percentBets_2":0.045454545454545456,"handValue":0.601104,"percentBets_3":0.018018018018018018},"output":{"chips":0.5}},
{"input":{"Win":0.0916030534351145,"Lose":0,"myCurrBet":0.02,"step":0.75,"position":1,"bluff":1,"handValue":0.7000000011049999,"percentBets_1":0.09448818897637795,"percentBets_2":0.2727272727272727,"percentBets_3":0.05405405405405406},"output":{"chips":0.5}},
{"input":{"Win":0.0196078431372549,"Lose":0,"myCurrBet":0,"step":0,"position":1,"bluff":0,"percentBets_1":0.008695652173913044,"percentBets_2":0.0625,"handValue":0.10120000000000001,"percentBets_3":0.01904761904761905},"output":{"chips":0.5}},
{"input":{"Win":0.0196078431372549,"Lose":0,"myCurrBet":0.006666666666666667,"step":0.75,"position":1,"bluff":0,"handValue":0.30000008041299997,"percentBets_3":0.01904761904761905},"output":{"chips":0.5}},
{"input":{"Win":0.0196078431372549,"Lose":0,"myCurrBet":0.006666666666666667,"step":0.25,"position":1,"bluff":0,"handValue":0.10120000000000001,"percentBets_1":0,"percentBets_2":0,"percentBets_3":0.01904761904761905},"output":{"chips":0.5}},
{"input":{"Win":0.0196078431372549,"Lose":0,"myCurrBet":0.006666666666666667,"step":0.5,"position":1,"bluff":0,"handValue":0.30000008040299997,"percentBets_3":0.01904761904761905},"output":{"chips":0.5}},
{"input":{"Win":0,"Lose":0.02666666666666667,"myCurrBet":0.01,"step":0,"position":1,"bluff":0,"handValue":0.10210000000000001,"percentBets_1":0.07017543859649122,"percentBets_2":0.26666666666666666,"percentBets_3":0.07766990291262135},"output":{"chips":0.5}},
{"input":{"Win":0,"Lose":0.02666666666666667,"myCurrBet":0,"step":0,"position":1,"bluff":1,"percentBets_1":0.008771929824561403,"percentBets_2":0.06666666666666667,"handValue":0.10210000000000001,"percentBets_3":0.019417475728155338},"output":{"chips":1}},
{"input":{"Win":0,"Lose":0.02666666666666667,"myCurrBet":0.02666666666666667,"step":0.5,"position":1,"bluff":0,"handValue":0.1028,"percentBets_1":0.14035087719298245,"percentBets_2":0.5333333333333333,"percentBets_3":0.07766990291262135},"output":{"chips":0.5}},
{"input":{"Win":0,"Lose":0.02666666666666667,"myCurrBet":0.02666666666666667,"step":0.25,"position":1,"bluff":1,"handValue":0.1038,"percentBets_1":0.14035087719298245,"percentBets_2":0.5333333333333333,"percentBets_3":0.07766990291262135},"output":{"chips":0.5}},
{"input":{"Win":0,"Lose":0.02666666666666667,"myCurrBet":0.02666666666666667,"step":0.75,"position":1,"bluff":0,"handValue":0.1032,"percentBets_1":0.14035087719298245,"percentBets_2":0.5333333333333333,"percentBets_3":0.07766990291262135},"output":{"chips":0.5}},
{"input":{"Win":0,"Lose":0.04,"myCurrBet":0,"step":0,"position":1,"bluff":0,"percentBets_1":0.02040816326530612,"percentBets_2":0.05128205128205128,"handValue":0.1,"percentBets_3":0.042105263157894736},"output":{"chips":0.5}},
{"input":{"Win":0,"Lose":0.04,"myCurrBet":0.013333333333333334,"step":0,"position":1,"bluff":0,"handValue":0.1,"percentBets_1":0.12244897959183673,"percentBets_2":0.15384615384615385,"percentBets_3":0.12631578947368421},"output":{"chips":0.5}},
{"input":{"Win":0,"Lose":0.04,"myCurrBet":0.04,"step":0.25,"position":1,"bluff":0,"handValue":0.1027,"percentBets_1":0.24489795918367346,"percentBets_2":0.3076923076923077,"percentBets_3":0.12631578947368421},"output":{"chips":0.5}},
{"input":{"Win":0,"Lose":0.04,"myCurrBet":0.04,"step":0.5,"position":1,"bluff":0,"handValue":0.1037,"percentBets_1":0.24489795918367346,"percentBets_2":0.3076923076923077,"percentBets_3":0.12631578947368421},"output":{"chips":0.5}},
{"input":{"Win":0,"Lose":0.04,"myCurrBet":0.04,"step":0.75,"position":1,"bluff":0,"handValue":0.10400000000000001,"percentBets_1":0.24489795918367346,"percentBets_2":0.3076923076923077,"percentBets_3":0.12631578947368421},"output":{"chips":0.5}},
{"input":{"Win":0,"Lose":0.013333333333333334,"myCurrBet":0,"step":0,"position":1,"bluff":0,"percentBets_1":0.011764705882352941,"percentBets_2":0.07407407407407407,"handValue":0.1013,"percentBets_3":0.04819277108433735},"output":{"chips":0.5}},
{"input":{"Win":0,"Lose":0.013333333333333334,"myCurrBet":0.013333333333333334,"step":0.75,"position":1,"bluff":0,"handValue":0.1029,"percentBets_3":0.04819277108433735},"output":{"chips":0.5}},
{"input":{"Win":0,"Lose":0.013333333333333334,"myCurrBet":0.013333333333333334,"step":0.25,"position":1,"bluff":0,"handValue":0.10210000000000001,"percentBets_1":0,"percentBets_2":0,"percentBets_3":0.04819277108433735},"output":{"chips":0.5}},
{"input":{"Win":0,"Lose":0.013333333333333334,"myCurrBet":0.013333333333333334,"step":0.5,"position":1,"bluff":0,"handValue":0.1027,"percentBets_3":0.04819277108433735},"output":{"chips":0.5}},
{"input":{"Win":0,"Lose":0,"myCurrBet":0,"step":0,"position":1,"bluff":0,"percentBets_1":0.011904761904761904,"percentBets_2":0.08,"handValue":0.1018,"percentBets_3":0.044444444444444446},"output":{"chips":0.5}},
{"input":{"Win":0,"Lose":0,"myCurrBet":0.013333333333333334,"step":0,"position":1,"bluff":0,"handValue":0.1018,"percentBets_1":0.07142857142857142,"percentBets_2":0.24,"percentBets_3":0.13333333333333333},"output":{"chips":0.5}},
{"input":{"Win":0,"Lose":0,"myCurrBet":0.04,"step":0.5,"position":1,"bluff":0,"handValue":0.1029,"percentBets_1":0.14285714285714285,"percentBets_2":0.48,"percentBets_3":0.13333333333333333},"output":{"chips":0.5}},
{"input":{"Win":0,"Lose":0,"myCurrBet":0.04,"step":0.25,"position":1,"bluff":0,"handValue":0.1022,"percentBets_1":0.14285714285714285,"percentBets_2":0.48,"percentBets_3":0.13333333333333333},"output":{"chips":0.5}},
{"input":{"Win":0,"Lose":0,"myCurrBet":0.04,"step":0.75,"position":1,"bluff":0,"handValue":0.10350000000000001,"percentBets_1":0.16666666666666666,"percentBets_2":0.56,"percentBets_3":0.17777777777777778},"output":{"chips":0}},
{"input":{"Win":0,"Lose":0,"myCurrBet":0.04,"step":0.75,"position":1,"bluff":0,"handValue":0.10350000000000001,"percentBets_1":0.14285714285714285,"percentBets_2":0.48,"percentBets_3":0.13333333333333333},"output":{"chips":0.5}},
{"input":{"Win":0,"Lose":0.016666666666666666,"myCurrBet":0,"step":0,"position":1,"bluff":0,"percentBets_1":0.014285714285714285,"percentBets_2":0.18181818181818182,"handValue":0.1013,"percentBets_3":0.03076923076923077},"output":{"chips":0.5}},
{"input":{"Win":0,"Lose":0.016666666666666666,"myCurrBet":0.013333333333333334,"step":0.5,"position":1,"bluff":1,"handValue":0.10160000000000001,"percentBets_3":0.03076923076923077},"output":{"chips":0.5}},
{"input":{"Win":0,"Lose":0.016666666666666666,"myCurrBet":0.013333333333333334,"step":0.25,"position":1,"bluff":0,"handValue":0.1027,"percentBets_1":0,"percentBets_2":0,"percentBets_3":0.03076923076923077},"output":{"chips":0.5}},
{"input":{"Win":0,"Lose":0.016666666666666666,"myCurrBet":0.013333333333333334,"step":0.75,"position":1,"bluff":0,"handValue":0.30000011020899997,"percentBets_3":0.03076923076923077},"output":{"chips":0.5}},
{"input":{"Win":0,"Lose":0.013333333333333334,"myCurrBet":0,"step":0,"position":1,"bluff":0,"percentBets_1":0.014492753623188406,"percentBets_2":0.2222222222222222,"handValue":0.60111,"percentBets_3":0.031746031746031744},"output":{"chips":0.5}},
{"input":{"Win":0,"Lose":0.013333333333333334,"myCurrBet":0.013333333333333334,"step":0.25,"position":1,"bluff":0,"handValue":0.10450000000000001,"percentBets_1":0.057971014492753624,"percentBets_2":0.4444444444444444,"percentBets_3":0.031746031746031744},"output":{"chips":0.5}},
{"input":{"Win":0,"Lose":0.013333333333333334,"myCurrBet":0.013333333333333334,"step":0.5,"position":1,"bluff":0,"handValue":0.10490000000000001,"percentBets_1":0.057971014492753624,"percentBets_2":0.4444444444444444,"percentBets_3":0.031746031746031744},"output":{"chips":0.5}},
{"input":{"Win":0,"Lose":0.013333333333333334,"myCurrBet":0.013333333333333334,"step":0.75,"position":1,"bluff":0,"handValue":0.10540000000000001,"percentBets_1":0.057971014492753624,"percentBets_2":0.4444444444444444,"percentBets_3":0.031746031746031744},"output":{"chips":0.5}},
{"input":{"Win":0,"Lose":0.04,"myCurrBet":0,"step":0,"position":1,"bluff":0,"percentBets_1":0.015384615384615385,"percentBets_2":0.09523809523809523,"handValue":0.10210000000000001,"percentBets_3":0.03278688524590164},"output":{"chips":0.5}},
{"input":{"Win":0,"Lose":0.04,"myCurrBet":0.04,"step":0.5,"position":1,"bluff":0,"handValue":0.300000120913,"percentBets_1":0.18461538461538463,"percentBets_2":0.5714285714285714,"percentBets_3":0.09836065573770492},"output":{"chips":0.5}},
{"input":{"Win":0,"Lose":0.04,"myCurrBet":0.04,"step":0.25,"position":1,"bluff":0,"handValue":0.300000120913,"percentBets_1":0.18461538461538463,"percentBets_2":0.5714285714285714,"percentBets_3":0.09836065573770492},"output":{"chips":0.5}},
{"input":{"Win":0,"Lose":0.04,"myCurrBet":0.04,"step":0.75,"position":1,"bluff":0,"handValue":0.300000120913,"percentBets_1":0.18461538461538463,"percentBets_2":0.5714285714285714,"percentBets_3":0.09836065573770492},"output":{"chips":0}},
{"input":{"Win":0,"Lose":0.04,"myCurrBet":0.013333333333333334,"step":0,"position":1,"bluff":0,"handValue":0.10210000000000001,"percentBets_1":0.09230769230769231,"percentBets_2":0.2857142857142857,"percentBets_3":0.09836065573770492},"output":{"chips":0.5}},
{"input":{"Win":0,"Lose":0.04,"myCurrBet":0,"step":0,"position":1,"bluff":0,"percentBets_1":0.018867924528301886,"percentBets_2":0.03508771929824561,"handValue":0.1019,"percentBets_3":0.03636363636363636},"output":{"chips":0.5}},
{"input":{"Win":0,"Lose":0.04,"myCurrBet":0.013333333333333334,"step":0,"position":1,"bluff":0,"handValue":0.1019,"percentBets_1":0.11320754716981132,"percentBets_2":0.10526315789473684,"percentBets_3":0.10909090909090909},"output":{"chips":0.5}},
{"input":{"Win":0,"Lose":0.04,"myCurrBet":0.04,"step":0.25,"position":1,"bluff":0,"handValue":0.10250000000000001,"percentBets_1":0.22641509433962265,"percentBets_2":0.21052631578947367,"percentBets_3":0.10909090909090909},"output":{"chips":0.5}},
{"input":{"Win":0,"Lose":0.04,"myCurrBet":0.04,"step":0.5,"position":1,"bluff":0,"handValue":0.400000111207,"percentBets_1":0.22641509433962265,"percentBets_2":0.21052631578947367,"percentBets_3":0.10909090909090909},"output":{"chips":0}},
{"input":{"Win":0,"Lose":0.04,"myCurrBet":0.04,"step":0.5,"position":1,"bluff":0,"handValue":0.400000111207,"percentBets_1":0.22641509433962265,"percentBets_2":0.21052631578947367,"percentBets_3":0.10909090909090909},"output":{"chips":0}},
{"input":{"Win":0,"Lose":0.04,"myCurrBet":0,"step":0,"position":1,"bluff":0,"percentBets_1":0.024390243902439025,"percentBets_2":0.021505376344086023,"handValue":0.1009,"percentBets_3":0.04081632653061224},"output":{"chips":0.5}},
{"input":{"Win":0,"Lose":0.04,"myCurrBet":0.013333333333333334,"step":0,"position":1,"bluff":0,"handValue":0.1009,"percentBets_1":0.14634146341463414,"percentBets_2":0.06451612903225806,"percentBets_3":0.12244897959183673},"output":{"chips":0.5}},
{"input":{"Win":0,"Lose":0.04,"myCurrBet":0.04,"step":0.5,"position":1,"bluff":0,"handValue":0.1044,"percentBets_3":0.12244897959183673},"output":{"chips":0.5}},
{"input":{"Win":0,"Lose":0.04,"myCurrBet":0.04,"step":0.25,"position":1,"bluff":0,"handValue":0.10350000000000001,"percentBets_1":0,"percentBets_2":0,"percentBets_3":0.12244897959183673},"output":{"chips":0.5}},
{"input":{"Win":0,"Lose":0.04,"myCurrBet":0.04,"step":0.75,"position":1,"bluff":0,"handValue":0.10500000000000001,"percentBets_3":0.12244897959183673},"output":{"chips":0.5}},
{"input":{"Win":0.045081967213114756,"Lose":0,"myCurrBet":0.02,"step":0.25,"position":1,"bluff":1,"handValue":0.1015,"percentBets_3":0.06557377049180328},"output":{"chips":0.5}},
{"input":{"Win":0.045081967213114756,"Lose":0,"myCurrBet":0,"step":0,"position":1,"bluff":0,"percentBets_1":0.02857142857142857,"percentBets_2":0.022988505747126436,"handValue":0.1015,"percentBets_3":0.03278688524590164},"output":{"chips":0.5}},
{"input":{"Win":0.045081967213114756,"Lose":0,"myCurrBet":0.02666666666666667,"step":0.5,"position":1,"bluff":0,"handValue":0.10250000000000001,"percentBets_3":0.06557377049180328},"output":{"chips":0.5}},
{"input":{"Win":0.045081967213114756,"Lose":0,"myCurrBet":0.013333333333333334,"step":0.25,"position":1,"bluff":1,"handValue":0.1015,"percentBets_1":0,"percentBets_2":0,"percentBets_3":0.03278688524590164},"output":{"chips":1}},
{"input":{"Win":0.045081967213114756,"Lose":0,"myCurrBet":0.02666666666666667,"step":0.75,"position":1,"bluff":0,"handValue":0.1028,"percentBets_3":0.06557377049180328},"output":{"chips":0.5}},
{"input":{"Win":0.15450643776824036,"Lose":0,"myCurrBet":0,"step":0,"position":1,"bluff":0,"percentBets_1":0.029411764705882353,"percentBets_2":0.023529411764705882,"handValue":0.600302,"percentBets_3":0.03508771929824561},"output":{"chips":0.5}},
{"input":{"Win":0.15450643776824036,"Lose":0,"myCurrBet":0.013333333333333334,"step":0,"position":1,"bluff":0,"handValue":0.600302,"percentBets_1":0.17647058823529413,"percentBets_2":0.07058823529411765,"percentBets_3":0.10526315789473684},"output":{"chips":0.5}},
{"input":{"Win":0.15450643776824036,"Lose":0,"myCurrBet":0.04,"step":0.25,"position":1,"bluff":1,"handValue":0.7000000002029999,"percentBets_1":0.35294117647058826,"percentBets_2":0.1411764705882353,"percentBets_3":0.10526315789473684},"output":{"chips":1}},
{"input":{"Win":0,"Lose":0.04,"myCurrBet":0,"step":0,"position":1,"bluff":0,"percentBets_1":0.045454545454545456,"percentBets_2":0.0273972602739726,"handValue":0.101,"percentBets_3":0.0392156862745098},"output":{"chips":0.5}},
{"input":{"Win":0,"Lose":0.04,"myCurrBet":0.04,"step":0.25,"position":1,"bluff":0,"handValue":0.1033,"percentBets_1":0.5454545454545454,"percentBets_2":0.1643835616438356,"percentBets_3":0.11764705882352941},"output":{"chips":0.5}},
{"input":{"Win":0,"Lose":0.04,"myCurrBet":0.013333333333333334,"step":0,"position":1,"bluff":0,"handValue":0.101,"percentBets_1":0.2727272727272727,"percentBets_2":0.0821917808219178,"percentBets_3":0.11764705882352941},"output":{"chips":0.5}},
{"input":{"Win":0,"Lose":0.04,"myCurrBet":0.04,"step":0.5,"position":1,"bluff":0,"handValue":0.1028,"percentBets_1":0.5454545454545454,"percentBets_2":0.1643835616438356,"percentBets_3":0.11764705882352941},"output":{"chips":0.5}},
{"input":{"Win":0,"Lose":0.04,"myCurrBet":0.04,"step":0.75,"position":1,"bluff":0,"handValue":0.300000120509,"percentBets_1":0.5454545454545454,"percentBets_2":0.1643835616438356,"percentBets_3":0.11764705882352941},"output":{"chips":0}},
{"input":{"Win":0,"Lose":0.04,"myCurrBet":0,"step":0,"position":1,"bluff":0,"percentBets_1":0.017241379310344827,"percentBets_2":0.03278688524590164,"handValue":0.10110000000000001,"percentBets_3":0.044444444444444446},"output":{"chips":0.5}},
{"input":{"Win":0,"Lose":0.04,"myCurrBet":0.013333333333333334,"step":0,"position":1,"bluff":0,"handValue":0.10110000000000001,"percentBets_1":0.10344827586206896,"percentBets_2":0.09836065573770492,"percentBets_3":0.13333333333333333},"output":{"chips":0.5}},
{"input":{"Win":0,"Lose":0.04,"myCurrBet":0.04,"step":0.25,"position":1,"bluff":0,"handValue":0.10310000000000001,"percentBets_1":0.20689655172413793,"percentBets_2":0.19672131147540983,"percentBets_3":0.13333333333333333},"output":{"chips":0.5}},
{"input":{"Win":0,"Lose":0.04,"myCurrBet":0.04,"step":0.5,"position":1,"bluff":0,"handValue":0.1018,"percentBets_1":0.20689655172413793,"percentBets_2":0.19672131147540983,"percentBets_3":0.13333333333333333},"output":{"chips":0.5}},
{"input":{"Win":0,"Lose":0.04,"myCurrBet":0.04,"step":0.75,"position":1,"bluff":0,"handValue":0.1023,"percentBets_1":0.20689655172413793,"percentBets_2":0.19672131147540983,"percentBets_3":0.13333333333333333},"output":{"chips":0.5}},
{"input":{"Win":0.03167420814479638,"Lose":0,"myCurrBet":0,"step":0,"position":1,"bluff":0,"percentBets_1":0.010638297872340425,"percentBets_2":0.04081632653061224,"handValue":0.1023,"percentBets_3":0.05128205128205128},"output":{"chips":0.5}},
{"input":{"Win":0.03167420814479638,"Lose":0,"myCurrBet":0.013333333333333334,"step":0.25,"position":1,"bluff":0,"handValue":0.10400000000000001,"percentBets_1":0,"percentBets_2":0,"percentBets_3":0.05128205128205128},"output":{"chips":0.5}},
{"input":{"Win":0.03167420814479638,"Lose":0,"myCurrBet":0.013333333333333334,"step":0.5,"position":1,"bluff":0,"handValue":0.1047,"percentBets_3":0.05128205128205128},"output":{"chips":0.5}},
{"input":{"Win":0.03167420814479638,"Lose":0,"myCurrBet":0.013333333333333334,"step":0.75,"position":1,"bluff":0,"handValue":0.10490000000000001,"percentBets_3":0.05128205128205128},"output":{"chips":0.5}},
{"input":{"Win":0,"Lose":0.02666666666666667,"myCurrBet":0,"step":0,"position":1,"bluff":0,"percentBets_1":0.010752688172043012,"percentBets_2":0.0425531914893617,"handValue":0.1018,"percentBets_3":0.05405405405405406},"output":{"chips":0.5}},
{"input":{"Win":0,"Lose":0.02666666666666667,"myCurrBet":0.013333333333333334,"step":0.25,"position":1,"bluff":1,"handValue":0.1043,"percentBets_1":0,"percentBets_2":0,"percentBets_3":0.05405405405405406},"output":{"chips":1}},
{"input":{"Win":0,"Lose":0.02666666666666667,"myCurrBet":0.02666666666666667,"step":0.5,"position":1,"bluff":0,"handValue":0.1046,"percentBets_3":0.10810810810810811},"output":{"chips":0.5}},
{"input":{"Win":0,"Lose":0.02666666666666667,"myCurrBet":0.02,"step":0.25,"position":1,"bluff":0,"handValue":0.1043,"percentBets_3":0.10810810810810811},"output":{"chips":0.5}},
{"input":{"Win":0,"Lose":0.02666666666666667,"myCurrBet":0.02666666666666667,"step":0.75,"position":1,"bluff":0,"handValue":0.1047,"percentBets_3":0.10810810810810811},"output":{"chips":0.5}},
{"input":{"Win":0.12612612612612611,"Lose":0,"myCurrBet":0.013333333333333334,"step":0,"position":1,"bluff":0,"handValue":0.1019,"percentBets_1":0.06521739130434782,"percentBets_2":0.13333333333333333,"percentBets_3":0.1411764705882353},"output":{"chips":0.5}},
{"input":{"Win":0.12612612612612611,"Lose":0,"myCurrBet":0,"step":0,"position":1,"bluff":0,"percentBets_1":0.010869565217391304,"percentBets_2":0.044444444444444446,"handValue":0.1019,"percentBets_3":0.047058823529411764},"output":{"chips":0.5}},
{"input":{"Win":0.12612612612612611,"Lose":0,"myCurrBet":0.04,"step":0.5,"position":1,"bluff":1,"handValue":0.1043,"percentBets_3":0.1411764705882353},"output":{"chips":1}},
{"input":{"Win":0.12612612612612611,"Lose":0,"myCurrBet":0.04,"step":0.25,"position":1,"bluff":0,"handValue":0.10410000000000001,"percentBets_1":0,"percentBets_2":0,"percentBets_3":0.1411764705882353},"output":{"chips":0.5}},
{"input":{"Win":0.12612612612612611,"Lose":0,"myCurrBet":0.04666666666666667,"step":0.5,"position":1,"bluff":0,"handValue":0.1043,"percentBets_3":0.18823529411764706},"output":{"chips":0.5}},
{"input":{"Win":0.12612612612612611,"Lose":0,"myCurrBet":0.05333333333333334,"step":0.75,"position":1,"bluff":0,"handValue":0.10350000000000001,"percentBets_3":0.18823529411764706},"output":{"chips":0.5}},
{"input":{"Win":0.05412371134020619,"Lose":0,"myCurrBet":0,"step":0,"position":1,"bluff":0,"percentBets_1":0.01744186046511628,"percentBets_2":0.07692307692307693,"handValue":0.101,"percentBets_3":0.08695652173913043},"output":{"chips":0.5}},
{"input":{"Win":0.05412371134020619,"Lose":0,"myCurrBet":0.02,"step":0.25,"position":1,"bluff":0,"handValue":0.1027,"percentBets_1":0,"percentBets_2":0,"percentBets_3":0.08695652173913043},"output":{"chips":0.5}},
{"input":{"Win":0.05412371134020619,"Lose":0,"myCurrBet":0.02,"step":0.5,"position":1,"bluff":1,"handValue":0.10400000000000001,"percentBets_3":0.08695652173913043},"output":{"chips":0.5}},
{"input":{"Win":0.05412371134020619,"Lose":0,"myCurrBet":0.02,"step":0.75,"position":1,"bluff":1,"handValue":0.1042,"percentBets_3":0.08695652173913043},"output":{"chips":0.5}},
{"input":{"Win":0.05722070844686648,"Lose":0,"myCurrBet":0,"step":0,"position":1,"bluff":0,"percentBets_1":0.01775147928994083,"percentBets_2":0.08333333333333333,"handValue":0.1015,"percentBets_3":0.09523809523809523},"output":{"chips":0.5}},
{"input":{"Win":0.05722070844686648,"Lose":0,"myCurrBet":0.02,"step":0.25,"position":1,"bluff":0,"handValue":0.10350000000000001,"percentBets_1":0,"percentBets_2":0,"percentBets_3":0.09523809523809523},"output":{"chips":0.5}},
{"input":{"Win":0.05722070844686648,"Lose":0,"myCurrBet":0.02,"step":0.5,"position":1,"bluff":0,"handValue":0.10400000000000001,"percentBets_3":0.09523809523809523},"output":{"chips":0.5}},
{"input":{"Win":0.05722070844686648,"Lose":0,"myCurrBet":0.02,"step":0.75,"position":1,"bluff":0,"handValue":0.10360000000000001,"percentBets_3":0.09523809523809523},"output":{"chips":0.5}},
{"input":{"Win":0.10404624277456648,"Lose":0,"myCurrBet":0,"step":0,"position":1,"bluff":0,"percentBets_1":0.018072289156626505,"percentBets_2":0.09090909090909091,"handValue":0.1015,"percentBets_3":0.10526315789473684},"output":{"chips":0.5}},
{"input":{"Win":0.10404624277456648,"Lose":0,"myCurrBet":0.02,"step":0.25,"position":1,"bluff":1,"handValue":0.10200000000000001,"percentBets_1":0.07228915662650602,"percentBets_2":0.18181818181818182,"percentBets_3":0.10526315789473684},"output":{"chips":0.5}},
{"input":{"Win":0.10404624277456648,"Lose":0,"myCurrBet":0.02,"step":0.75,"position":1,"bluff":0,"handValue":0.1023,"percentBets_1":0.07228915662650602,"percentBets_2":0.18181818181818182,"percentBets_3":0.10526315789473684},"output":{"chips":0.5}},
{"input":{"Win":0.10404624277456648,"Lose":0,"myCurrBet":0.02,"step":0.5,"position":1,"bluff":0,"handValue":0.1022,"percentBets_1":0.07228915662650602,"percentBets_2":0.18181818181818182,"percentBets_3":0.10526315789473684},"output":{"chips":0.5}},
{"input":{"Win":0,"Lose":0.02,"myCurrBet":0.02,"step":0.75,"position":1,"bluff":0,"handValue":0.10400000000000001,"percentBets_3":0.11764705882352941},"output":{"chips":0.5}},
{"input":{"Win":0,"Lose":0.02,"myCurrBet":0,"step":0,"position":1,"bluff":0,"percentBets_1":0.01948051948051948,"percentBets_2":0.1111111111111111,"handValue":0.10060000000000001,"percentBets_3":0.11764705882352941},"output":{"chips":0.5}},
{"input":{"Win":0,"Lose":0.02,"myCurrBet":0.02,"step":0.5,"position":1,"bluff":0,"handValue":0.1032,"percentBets_3":0.11764705882352941},"output":{"chips":0.5}},
{"input":{"Win":0,"Lose":0.02,"myCurrBet":0.02,"step":0.25,"position":1,"bluff":0,"handValue":0.10210000000000001,"percentBets_1":0,"percentBets_2":0,"percentBets_3":0.11764705882352941},"output":{"chips":0.5}},
{"input":{"Win":0.11180124223602485,"Lose":0,"myCurrBet":0,"step":0,"position":1,"bluff":0,"percentBets_1":0.019867549668874173,"percentBets_2":0.125,"handValue":0.1005,"percentBets_3":0.0975609756097561},"output":{"chips":0.5}},
{"input":{"Win":0.11180124223602485,"Lose":0,"myCurrBet":0.02,"step":0.25,"position":1,"bluff":0,"handValue":0.10300000000000001,"percentBets_1":0.07947019867549669,"percentBets_2":0.25,"percentBets_3":0.0975609756097561},"output":{"chips":0.5}},
{"input":{"Win":0.11180124223602485,"Lose":0,"myCurrBet":0.02,"step":0.5,"position":1,"bluff":0,"handValue":0.1029,"percentBets_1":0.07947019867549669,"percentBets_2":0.25,"percentBets_3":0.0975609756097561},"output":{"chips":0.5}},
{"input":{"Win":0.11180124223602485,"Lose":0,"myCurrBet":0.02,"step":0.75,"position":1,"bluff":0,"handValue":0.300000040112,"percentBets_1":0.07947019867549669,"percentBets_2":0.25,"percentBets_3":0.0975609756097561},"output":{"chips":0.5}},
{"input":{"Win":0,"Lose":0,"myCurrBet":0.06,"step":0.25,"position":1,"bluff":0,"handValue":0.10360000000000001,"percentBets_1":0,"percentBets_2":0,"percentBets_3":0.32432432432432434},"output":{"chips":0.5}},
{"input":{"Win":0,"Lose":0,"myCurrBet":0.03,"step":0,"position":1,"bluff":1,"handValue":0.1009,"percentBets_1":0.12949640287769784,"percentBets_2":0.5,"percentBets_3":0.32432432432432434},"output":{"chips":0.5}},
{"input":{"Win":0,"Lose":0,"myCurrBet":0,"step":0,"position":1,"bluff":1,"percentBets_1":0.02158273381294964,"percentBets_2":0.16666666666666666,"handValue":0.1009,"percentBets_3":0.10810810810810811},"output":{"chips":1}},
{"input":{"Win":0,"Lose":0,"myCurrBet":0.06,"step":0.5,"position":1,"bluff":1,"handValue":0.1048,"percentBets_3":0.32432432432432434},"output":{"chips":1}},
{"input":{"Win":0,"Lose":0,"myCurrBet":0.07,"step":0.5,"position":1,"bluff":0,"handValue":0.1048,"percentBets_3":0.43243243243243246},"output":{"chips":0}},
{"input":{"Win":0,"Lose":0.09,"myCurrBet":0,"step":0,"position":1,"bluff":0,"percentBets_1":0.024793388429752067,"percentBets_2":0.3333333333333333,"handValue":0.1,"percentBets_3":0.06349206349206349},"output":{"chips":0.5}},
{"input":{"Win":0,"Lose":0.09,"myCurrBet":0.02,"step":0.5,"position":1,"bluff":0,"handValue":0.10300000000000001,"percentBets_1":0.09917355371900827,"percentBets_2":0.6666666666666666,"percentBets_3":0.06349206349206349},"output":{"chips":0.5}},
{"input":{"Win":0,"Lose":0.09,"myCurrBet":0.02,"step":0.25,"position":1,"bluff":0,"handValue":0.10260000000000001,"percentBets_1":0.09917355371900827,"percentBets_2":0.6666666666666666,"percentBets_3":0.06349206349206349},"output":{"chips":0.5}},
{"input":{"Win":0,"Lose":0.09,"myCurrBet":0.02,"step":0.75,"position":1,"bluff":1,"handValue":0.1037,"percentBets_1":0.09917355371900827,"percentBets_2":0.6666666666666666,"percentBets_3":0.06349206349206349},"output":{"chips":0.5}},
{"input":{"Win":0.061764705882352944,"Lose":0,"myCurrBet":0,"step":0,"position":1,"bluff":0,"percentBets_1":0.027522935779816515,"percentBets_2":1,"handValue":0.1003,"percentBets_3":0.05333333333333334},"output":{"chips":0.5}},
{"input":{"Win":0.061764705882352944,"Lose":0,"myCurrBet":0.02,"step":0.25,"position":1,"bluff":0,"handValue":0.10060000000000001,"percentBets_1":0,"percentBets_2":0,"percentBets_3":0.05333333333333334},"output":{"chips":0.5}},
{"input":{"Win":0.061764705882352944,"Lose":0,"myCurrBet":0.02,"step":0.75,"position":1,"bluff":0,"handValue":0.10210000000000001,"percentBets_3":0.05333333333333334},"output":{"chips":0.5}},
{"input":{"Win":0.061764705882352944,"Lose":0,"myCurrBet":0.02,"step":0.5,"position":1,"bluff":0,"handValue":0.101,"percentBets_3":0.05333333333333334},"output":{"chips":0.5}},
{"input":{"Win":0,"Lose":0.06,"myCurrBet":0,"step":0,"position":1,"bluff":0,"percentBets_1":0.02830188679245283,"percentBets_2":0.028169014084507043,"handValue":0.500000000009},"output":{"chips":1}},
{"input":{"Win":0,"Lose":0.06,"myCurrBet":0.06,"step":0.25,"position":1,"bluff":0,"handValue":0.10400000000000001,"percentBets_1":0.33962264150943394,"percentBets_2":0.16901408450704225},"output":{"chips":0.5}},
{"input":{"Win":0,"Lose":0.06,"myCurrBet":0.06,"step":0.5,"position":1,"bluff":0,"handValue":0.500000000013,"percentBets_1":0.33962264150943394,"percentBets_2":0.16901408450704225},"output":{"chips":0}},
{"input":{"Win":0,"Lose":0.06,"myCurrBet":0.02,"step":0,"position":1,"bluff":0,"handValue":0.500000000009,"percentBets_1":0.16981132075471697,"percentBets_2":0.16901408450704225},"output":{"chips":0.5}},
{"input":{"Win":0,"Lose":0.06,"myCurrBet":0.06,"step":0.5,"position":1,"bluff":0,"handValue":0.500000000013,"percentBets_1":0.33962264150943394,"percentBets_2":0.16901408450704225},"output":{"chips":0}},
{"input":{"Win":0.02535211267605634,"Lose":0,"myCurrBet":0,"step":0,"position":1,"bluff":1,"percentBets_1":0.016853932584269662,"percentBets_2":0.03389830508474576,"handValue":0.1018},"output":{"chips":0.5}},
{"input":{"Win":0,"Lose":0.04,"myCurrBet":0,"step":0,"position":1,"bluff":0,"percentBets_1":0.017142857142857144,"percentBets_2":0.03508771929824561,"handValue":0.1005},"output":{"chips":0.5}},
{"input":{"Win":0,"Lose":0.04,"myCurrBet":0.01,"step":0,"position":1,"bluff":0,"handValue":0.1005,"percentBets_1":0.06857142857142857,"percentBets_2":0.14035087719298245},"output":{"chips":0.5}},
{"input":{"Win":0,"Lose":0.04,"myCurrBet":0.04,"step":0.75,"position":1,"bluff":0,"handValue":0.1033,"percentBets_1":0.13714285714285715,"percentBets_2":0.14035087719298245},"output":{"chips":0.5}},
{"input":{"Win":0,"Lose":0.04,"myCurrBet":0.04,"step":0.5,"position":1,"bluff":0,"handValue":0.10210000000000001,"percentBets_1":0.13714285714285715,"percentBets_2":0.14035087719298245},"output":{"chips":0.5}},
{"input":{"Win":0,"Lose":0.04,"myCurrBet":0.04,"step":0.25,"position":1,"bluff":0,"handValue":0.101,"percentBets_1":0.13714285714285715,"percentBets_2":0.14035087719298245},"output":{"chips":0.5}},
{"input":{"Win":0.024324324324324326,"Lose":0,"myCurrBet":0,"step":0,"position":1,"bluff":0,"percentBets_1":0.019867549668874173,"percentBets_2":0.0273972602739726,"handValue":0.10160000000000001},"output":{"chips":1}},
{"input":{"Win":0.1994459833795014,"Lose":0,"myCurrBet":0,"step":0,"position":1,"bluff":0,"percentBets_1":0.02027027027027027,"percentBets_2":0.028169014084507043,"handValue":0.10160000000000001},"output":{"chips":1}},
{"input":{"Win":0.1994459833795014,"Lose":0,"myCurrBet":0.02,"step":0,"position":1,"bluff":0,"handValue":0.10160000000000001,"percentBets_1":0.12162162162162163,"percentBets_2":0.16901408450704225},"output":{"chips":0.5}},
{"input":{"Win":0.1994459833795014,"Lose":0,"myCurrBet":0.06,"step":0.25,"position":1,"bluff":0,"handValue":0.10210000000000001,"percentBets_1":0.24324324324324326,"percentBets_2":0.16901408450704225},"output":{"chips":0.5}},
{"input":{"Win":0.1994459833795014,"Lose":0,"myCurrBet":0.06,"step":0.5,"position":1,"bluff":0,"handValue":0.1032,"percentBets_1":0.24324324324324326,"percentBets_2":0.16901408450704225},"output":{"chips":0.5}},
{"input":{"Win":0.1994459833795014,"Lose":0,"myCurrBet":0.06,"step":0.75,"position":1,"bluff":0,"handValue":0.601211100503,"percentBets_1":0.24324324324324326,"percentBets_2":0.16901408450704225},"output":{"chips":0}},
{"input":{"Win":0.16608996539792387,"Lose":0,"myCurrBet":0,"step":0,"position":1,"bluff":0,"percentBets_1":0.026785714285714284,"percentBets_2":0.03389830508474576,"handValue":0.10060000000000001},"output":{"chips":0.5}},
{"input":{"Win":0.16608996539792387,"Lose":0,"myCurrBet":0.04,"step":0.25,"position":1,"bluff":0,"handValue":0.1019,"percentBets_1":0.21428571428571427,"percentBets_2":0.13559322033898305},"output":{"chips":0.5}},
{"input":{"Win":0.16608996539792387,"Lose":0,"myCurrBet":0.01,"step":0,"position":1,"bluff":0,"handValue":0.10060000000000001,"percentBets_1":0.10714285714285714,"percentBets_2":0.13559322033898305},"output":{"chips":0.5}},
{"input":{"Win":0.16608996539792387,"Lose":0,"myCurrBet":0.04,"step":0.5,"position":1,"bluff":0,"handValue":0.300000130905,"percentBets_1":0.21428571428571427,"percentBets_2":0.13559322033898305},"output":{"chips":0.5}},
{"input":{"Win":0.16608996539792387,"Lose":0,"myCurrBet":0.04,"step":0.75,"position":1,"bluff":1,"handValue":0.300000130907,"percentBets_1":0.21428571428571427,"percentBets_2":0.13559322033898305},"output":{"chips":0.5}},
{"input":{"Win":0,"Lose":0.06,"myCurrBet":0,"step":0,"position":1,"bluff":0,"percentBets_1":0.03409090909090909,"percentBets_2":0.0392156862745098,"handValue":0.1009},"output":{"chips":0.5}},
{"input":{"Win":0,"Lose":0.06,"myCurrBet":0.04,"step":0.25,"position":1,"bluff":0,"handValue":0.10360000000000001,"percentBets_1":0.3409090909090909,"percentBets_2":0.23529411764705882},"output":{"chips":0.5}},
{"input":{"Win":0,"Lose":0.06,"myCurrBet":0.01,"step":0,"position":1,"bluff":0,"handValue":0.1009,"percentBets_1":0.13636363636363635,"percentBets_2":0.1568627450980392},"output":{"chips":0.5}},
{"input":{"Win":0,"Lose":0.06,"myCurrBet":0.06,"step":0.5,"position":1,"bluff":0,"handValue":0.1048,"percentBets_1":0.4090909090909091,"percentBets_2":0.23529411764705882},"output":{"chips":0.5}},
{"input":{"Win":0,"Lose":0.06,"myCurrBet":0.04,"step":0.25,"position":1,"bluff":0,"handValue":0.10360000000000001,"percentBets_1":0.2727272727272727,"percentBets_2":0.1568627450980392},"output":{"chips":0.5}},
{"input":{"Win":0,"Lose":0.06,"myCurrBet":0.06,"step":0.75,"position":1,"bluff":0,"handValue":0.1061,"percentBets_1":0.4090909090909091,"percentBets_2":0.23529411764705882},"output":{"chips":0.5}},
{"input":{"Win":0.032490974729241874,"Lose":0,"myCurrBet":0,"step":0,"position":1,"bluff":0,"percentBets_1":0.01875,"percentBets_2":0.05128205128205128,"handValue":0.10060000000000001},"output":{"chips":0.5}},
{"input":{"Win":0,"Lose":0.04,"myCurrBet":0,"step":0,"position":1,"bluff":0,"percentBets_1":0.01910828025477707,"percentBets_2":0.05405405405405406,"handValue":0.1014},"output":{"chips":0.5}},
{"input":{"Win":0,"Lose":0.04,"myCurrBet":0.04,"step":0.5,"position":1,"bluff":0,"handValue":0.30000012041,"percentBets_1":0.15286624203821655,"percentBets_2":0.21621621621621623},"output":{"chips":0.5}},
{"input":{"Win":0,"Lose":0.04,"myCurrBet":0.01,"step":0,"position":1,"bluff":0,"handValue":0.1014,"percentBets_1":0.07643312101910828,"percentBets_2":0.21621621621621623},"output":{"chips":0.5}},
{"input":{"Win":0,"Lose":0.04,"myCurrBet":0.04,"step":0.75,"position":1,"bluff":0,"handValue":0.30000012081,"percentBets_1":0.15286624203821655,"percentBets_2":0.21621621621621623},"output":{"chips":0.5}},
{"input":{"Win":0,"Lose":0.04,"myCurrBet":0.04,"step":0.25,"position":1,"bluff":0,"handValue":0.10300000000000001,"percentBets_1":0.15286624203821655,"percentBets_2":0.21621621621621623},"output":{"chips":0.5}},
{"input":{"Win":0.030821917808219176,"Lose":0,"myCurrBet":0,"step":0,"position":1,"bluff":0,"percentBets_1":0.014634146341463415,"percentBets_2":0.06896551724137931,"handValue":0.1023},"output":{"chips":0.5}},
{"input":{"Win":0,"Lose":0.02,"myCurrBet":0,"step":0,"position":1,"bluff":0,"percentBets_1":0.01485148514851485,"percentBets_2":0.07407407407407407,"handValue":0.601104},"output":{"chips":0.5}},
{"input":{"Win":0,"Lose":0.02,"myCurrBet":0.02,"step":0.5,"position":1,"bluff":0,"handValue":0.10360000000000001,"percentBets_1":0.0594059405940594,"percentBets_2":0.14814814814814814},"output":{"chips":0.5}},
{"input":{"Win":0,"Lose":0.02,"myCurrBet":0.01,"step":0,"position":1,"bluff":0,"handValue":0.601104,"percentBets_1":0.0297029702970297,"percentBets_2":0.14814814814814814},"output":{"chips":0.5}},
{"input":{"Win":0,"Lose":0.02,"myCurrBet":0.02,"step":0.25,"position":1,"bluff":0,"handValue":0.1034,"percentBets_1":0.0594059405940594,"percentBets_2":0.14814814814814814},"output":{"chips":0.5}},
{"input":{"Win":0,"Lose":0.02,"myCurrBet":0.02,"step":0.75,"position":1,"bluff":0,"handValue":0.1042,"percentBets_1":0.0594059405940594,"percentBets_2":0.14814814814814814},"output":{"chips":0.5}},
{"input":{"Win":0.030508474576271188,"Lose":0,"myCurrBet":0,"step":0,"position":1,"bluff":0,"percentBets_1":0.015789473684210527,"percentBets_2":0.05714285714285714,"handValue":0.1014},"output":{"chips":0.5}},
{"input":{"Win":0.22377622377622378,"Lose":0,"myCurrBet":0,"step":0,"position":1,"bluff":0,"percentBets_1":0.0213903743315508,"percentBets_2":0.08080808080808081,"handValue":0.10110000000000001},"output":{"chips":0.5}},
{"input":{"Win":0.22377622377622378,"Lose":0,"myCurrBet":0.05333333333333334,"step":0.25,"position":1,"bluff":0,"handValue":0.10210000000000001,"percentBets_1":0.1711229946524064,"percentBets_2":0.32323232323232326},"output":{"chips":0.5}},
{"input":{"Win":0.22377622377622378,"Lose":0,"myCurrBet":0.013333333333333334,"step":0,"position":1,"bluff":0,"handValue":0.10110000000000001,"percentBets_1":0.0855614973262032,"percentBets_2":0.32323232323232326},"output":{"chips":0.5}},
{"input":{"Win":0.22377622377622378,"Lose":0,"myCurrBet":0.05333333333333334,"step":0.75,"position":1,"bluff":0,"handValue":0.10310000000000001,"percentBets_1":0.1711229946524064,"percentBets_2":0.32323232323232326},"output":{"chips":0.5}},
{"input":{"Win":0.22377622377622378,"Lose":0,"myCurrBet":0.05333333333333334,"step":0.5,"position":1,"bluff":0,"handValue":0.1029,"percentBets_1":0.1711229946524064,"percentBets_2":0.32323232323232326},"output":{"chips":0.5}},
{"input":{"Win":0,"Lose":0.02666666666666667,"myCurrBet":0,"step":0,"position":1,"bluff":0,"percentBets_1":0.025806451612903226,"percentBets_2":0.11940298507462686,"handValue":0.1022},"output":{"chips":0.5}},
{"input":{"Win":0,"Lose":0.02666666666666667,"myCurrBet":0.02666666666666667,"step":0.25,"position":1,"bluff":0,"handValue":0.10350000000000001,"percentBets_1":0.1032258064516129,"percentBets_2":0.23880597014925373},"output":{"chips":0.5}},
{"input":{"Win":0,"Lose":0.02666666666666667,"myCurrBet":0.013333333333333334,"step":0,"position":1,"bluff":0,"handValue":0.1022,"percentBets_1":0.05161290322580645,"percentBets_2":0.23880597014925373},"output":{"chips":0.5}},
{"input":{"Win":0,"Lose":0.02666666666666667,"myCurrBet":0.02666666666666667,"step":0.5,"position":1,"bluff":0,"handValue":0.10250000000000001,"percentBets_1":0.1032258064516129,"percentBets_2":0.23880597014925373},"output":{"chips":0.5}},
{"input":{"Win":0,"Lose":0.02666666666666667,"myCurrBet":0.02666666666666667,"step":0.75,"position":1,"bluff":1,"handValue":0.10310000000000001,"percentBets_1":0.1032258064516129,"percentBets_2":0.23880597014925373},"output":{"chips":0.5}},
{"input":{"Win":0,"Lose":0.08,"myCurrBet":0,"step":0,"position":1,"bluff":1,"percentBets_1":0.0213903743315508,"percentBets_2":0.1568627450980392,"handValue":0.10060000000000001},"output":{"chips":1}},
{"input":{"Win":0,"Lose":0.08,"myCurrBet":0.05333333333333334,"step":0.5,"position":1,"bluff":0,"handValue":0.1027,"percentBets_1":0.1711229946524064,"percentBets_2":0.6274509803921569},"output":{"chips":0.5}},
{"input":{"Win":0,"Lose":0.08,"myCurrBet":0.02666666666666667,"step":0,"position":1,"bluff":0,"handValue":0.10060000000000001,"percentBets_1":0.0855614973262032,"percentBets_2":0.6274509803921569},"output":{"chips":0.5}},
{"input":{"Win":0,"Lose":0.08,"myCurrBet":0.05333333333333334,"step":0.25,"position":1,"bluff":0,"handValue":0.1014,"percentBets_1":0.1711229946524064,"percentBets_2":0.6274509803921569},"output":{"chips":0.5}},
{"input":{"Win":0,"Lose":0.08,"myCurrBet":0.05333333333333334,"step":0.75,"position":1,"bluff":0,"handValue":0.300000130509,"percentBets_1":0.1711229946524064,"percentBets_2":0.6274509803921569},"output":{"chips":0.5}},
{"input":{"Win":0,"Lose":0.08,"myCurrBet":0.05333333333333334,"step":0.75,"position":1,"bluff":0,"handValue":0.300000130509,"percentBets_1":0.21390374331550802,"percentBets_2":0.9411764705882353},"output":{"chips":0.5}},
{"input":{"Win":0.22377622377622378,"Lose":0,"myCurrBet":0.013333333333333334,"step":0,"position":1,"bluff":0,"handValue":0.500000000011,"percentBets_1":0.10884353741496598,"percentBets_2":0.2302158273381295},"output":{"chips":0.5}},
{"input":{"Win":0.22377622377622378,"Lose":0,"myCurrBet":0.05333333333333334,"step":0.25,"position":1,"bluff":1,"handValue":0.400000091103,"percentBets_1":0.21768707482993196,"percentBets_2":0.2302158273381295},"output":{"chips":0.5}},
{"input":{"Win":0.22377622377622378,"Lose":0,"myCurrBet":0,"step":0,"position":1,"bluff":0,"percentBets_1":0.027210884353741496,"percentBets_2":0.05755395683453238,"handValue":0.500000000011},"output":{"chips":0.5}},
{"input":{"Win":0.22377622377622378,"Lose":0,"myCurrBet":0.05333333333333334,"step":0.5,"position":1,"bluff":0,"handValue":0.40000009110600004,"percentBets_1":0.21768707482993196,"percentBets_2":0.2302158273381295},"output":{"chips":0.5}},
{"input":{"Win":0.22377622377622378,"Lose":0,"myCurrBet":0.05333333333333334,"step":0.75,"position":1,"bluff":1,"handValue":0.40000009111,"percentBets_1":0.21768707482993196,"percentBets_2":0.2302158273381295},"output":{"chips":1}},
{"input":{"Win":0,"Lose":0.05333333333333334,"myCurrBet":0,"step":0,"position":1,"bluff":0,"percentBets_1":0.034782608695652174,"percentBets_2":0.07476635514018691,"handValue":0.10110000000000001},"output":{"chips":0.5}},
{"input":{"Win":0,"Lose":0.05333333333333334,"myCurrBet":0.05333333333333334,"step":0.25,"position":1,"bluff":0,"handValue":0.1022,"percentBets_1":0.2782608695652174,"percentBets_2":0.29906542056074764},"output":{"chips":0.5}},
{"input":{"Win":0,"Lose":0.05333333333333334,"myCurrBet":0.013333333333333334,"step":0,"position":1,"bluff":0,"handValue":0.10110000000000001,"percentBets_1":0.1391304347826087,"percentBets_2":0.29906542056074764},"output":{"chips":0.5}},
{"input":{"Win":0,"Lose":0.05333333333333334,"myCurrBet":0.05333333333333334,"step":0.5,"position":1,"bluff":0,"handValue":0.1034,"percentBets_1":0.2782608695652174,"percentBets_2":0.29906542056074764},"output":{"chips":0.5}},
{"input":{"Win":0,"Lose":0.05333333333333334,"myCurrBet":0.05333333333333334,"step":0.75,"position":1,"bluff":1,"handValue":0.1047,"percentBets_1":0.2782608695652174,"percentBets_2":0.29906542056074764},"output":{"chips":0.5}},
{"input":{"Win":0.1889763779527559,"Lose":0,"myCurrBet":0,"step":0,"position":1,"bluff":0,"percentBets_1":0.04819277108433735,"percentBets_2":0.04678362573099415,"handValue":0.10160000000000001},"output":{"chips":0.5}},
{"input":{"Win":0.1889763779527559,"Lose":0,"myCurrBet":0.013333333333333334,"step":0,"position":1,"bluff":0,"handValue":0.10160000000000001,"percentBets_1":0.1927710843373494,"percentBets_2":0.1871345029239766},"output":{"chips":0.5}},
{"input":{"Win":0.1889763779527559,"Lose":0,"myCurrBet":0.05333333333333334,"step":0.25,"position":1,"bluff":0,"handValue":0.300000030213,"percentBets_1":0,"percentBets_2":0.1871345029239766},"output":{"chips":0.5}},
{"input":{"Win":0.1889763779527559,"Lose":0,"myCurrBet":0.05333333333333334,"step":0.5,"position":1,"bluff":0,"handValue":0.300000030213,"percentBets_2":0.1871345029239766},"output":{"chips":0.5}},
{"input":{"Win":0.1889763779527559,"Lose":0,"myCurrBet":0.05333333333333334,"step":0.75,"position":1,"bluff":0,"handValue":0.6013110703019999,"percentBets_2":0.1871345029239766},"output":{"chips":0}},
{"input":{"Win":0.42718446601941745,"Lose":0,"myCurrBet":0.05333333333333334,"step":0.25,"position":1,"bluff":1,"handValue":0.1015,"percentBets_1":0.47761194029850745,"percentBets_2":0.2302158273381295},"output":{"chips":0.5}},
{"input":{"Win":0.42718446601941745,"Lose":0,"myCurrBet":0.013333333333333334,"step":0,"position":1,"bluff":0,"handValue":0.1013,"percentBets_1":0.23880597014925373,"percentBets_2":0.2302158273381295},"output":{"chips":0.5}},
{"input":{"Win":0.42718446601941745,"Lose":0,"myCurrBet":0.05333333333333334,"step":0.25,"position":1,"bluff":0,"handValue":0.1015,"percentBets_1":0.5970149253731343,"percentBets_2":0.34532374100719426},"output":{"chips":0.5}},
{"input":{"Win":0.42718446601941745,"Lose":0,"myCurrBet":0,"step":0,"position":1,"bluff":0,"percentBets_1":0.05970149253731343,"percentBets_2":0.05755395683453238,"handValue":0.1013},"output":{"chips":0.5}},
{"input":{"Win":0.42718446601941745,"Lose":0,"myCurrBet":0.08,"step":0.75,"position":1,"bluff":0,"handValue":0.30000005040899996,"percentBets_2":0.34532374100719426},"output":{"chips":0.5}},
{"input":{"Win":0.42718446601941745,"Lose":0,"myCurrBet":0.08,"step":0.5,"position":1,"bluff":0,"handValue":0.30000005040899996,"percentBets_1":0.47761194029850745,"percentBets_2":0.34532374100719426},"output":{"chips":0.5}},
{"input":{"Win":0,"Lose":0,"myCurrBet":0,"step":0,"position":1,"bluff":0,"percentBets_1":0.14814814814814814,"percentBets_2":0.08791208791208792,"handValue":0.1},"output":{"chips":0.5}},
{"input":{"Win":0,"Lose":0,"myCurrBet":0.013333333333333334,"step":0,"position":1,"bluff":0,"handValue":0.1,"percentBets_1":0.5925925925925926,"percentBets_2":0.3516483516483517},"output":{"chips":0.5}},
{"input":{"Win":0,"Lose":0,"myCurrBet":0.05333333333333334,"step":0,"position":1,"bluff":0,"handValue":0.1,"percentBets_1":1,"percentBets_2":0.5934065934065934},"output":{"chips":0}},
{"input":{"Win":0,"Lose":0.10666666666666667,"myCurrBet":0,"step":0,"position":1,"bluff":0,"percentBets_1":0.035398230088495575,"percentBets_2":0.21621621621621623,"handValue":0.1009},"output":{"chips":0.5}},
{"input":{"Win":0,"Lose":0.10666666666666667,"myCurrBet":0.013333333333333334,"step":0,"position":1,"bluff":0,"handValue":0.1009,"percentBets_1":0.07079646017699115,"percentBets_2":0.43243243243243246},"output":{"chips":0.5}},
{"input":{"Win":0,"Lose":0.10666666666666667,"myCurrBet":0.02666666666666667,"step":0.25,"position":1,"bluff":0,"handValue":0.10210000000000001,"percentBets_1":0.1415929203539823,"percentBets_2":0.43243243243243246},"output":{"chips":0.5}},
{"input":{"Win":0,"Lose":0.10666666666666667,"myCurrBet":0.05333333333333334,"step":0.5,"position":1,"bluff":0,"handValue":0.30000006031299997,"percentBets_1":0.1415929203539823,"percentBets_2":0.8648648648648649},"output":{"chips":0.5}},
{"input":{"Win":0,"Lose":0.10666666666666667,"myCurrBet":0.05333333333333334,"step":0.75,"position":1,"bluff":1,"handValue":0.30000006031299997,"percentBets_2":0.8648648648648649},"output":{"chips":0.5}},
{"input":{"Win":0,"Lose":0.10666666666666667,"myCurrBet":0.02666666666666667,"step":0.25,"position":1,"bluff":0,"handValue":0.10210000000000001,"percentBets_1":0.21238938053097345,"percentBets_2":0.8648648648648649},"output":{"chips":0.5}},
{"input":{"Win":0.4835164835164835,"Lose":0,"myCurrBet":0,"step":0,"position":1,"bluff":1,"percentBets_1":0.0449438202247191,"percentBets_2":0.08602150537634409,"handValue":0.6012069999999999},"output":{"chips":0.5}},
{"input":{"Win":0.4835164835164835,"Lose":0,"myCurrBet":0.013333333333333334,"step":0,"position":1,"bluff":0,"handValue":0.6012069999999999,"percentBets_1":0.1797752808988764,"percentBets_2":0.34408602150537637},"output":{"chips":0.5}},
{"input":{"Win":0.4835164835164835,"Lose":0,"myCurrBet":0.05333333333333334,"step":0.25,"position":1,"bluff":0,"handValue":0.1027,"percentBets_1":0.3595505617977528,"percentBets_2":0.34408602150537637},"output":{"chips":0.5}},
{"input":{"Win":0.4835164835164835,"Lose":0,"myCurrBet":0.05333333333333334,"step":0.5,"position":1,"bluff":0,"handValue":0.10260000000000001,"percentBets_1":0.3595505617977528,"percentBets_2":0.34408602150537637},"output":{"chips":0.5}},
{"input":{"Win":0.4835164835164835,"Lose":0,"myCurrBet":0.05333333333333334,"step":0.75,"position":1,"bluff":0,"handValue":0.1037,"percentBets_1":0.3595505617977528,"percentBets_2":0.34408602150537637},"output":{"chips":0.5}},
{"input":{"Win":0.4835164835164835,"Lose":0,"myCurrBet":0.05333333333333334,"step":0.75,"position":1,"bluff":0,"handValue":0.1037,"percentBets_1":0.449438202247191,"percentBets_2":0.5161290322580645},"output":{"chips":0.5}},
{"input":{"Win":0.3404255319148936,"Lose":0,"myCurrBet":0,"step":0,"position":1,"bluff":0,"percentBets_1":0.08163265306122448,"percentBets_2":0.17777777777777778,"handValue":0.1015},"output":{"chips":0.5}},
{"input":{"Win":0.3404255319148936,"Lose":0,"myCurrBet":0.02666666666666667,"step":0.5,"position":1,"bluff":0,"handValue":0.400000090603,"percentBets_1":0.32653061224489793,"percentBets_2":0.35555555555555557},"output":{"chips":0.5}},
{"input":{"Win":0.3404255319148936,"Lose":0,"myCurrBet":0.013333333333333334,"step":0,"position":1,"bluff":0,"handValue":0.1015,"percentBets_1":0.16326530612244897,"percentBets_2":0.35555555555555557},"output":{"chips":0.5}},
{"input":{"Win":0.3404255319148936,"Lose":0,"myCurrBet":0.02666666666666667,"step":0.25,"position":1,"bluff":1,"handValue":0.101,"percentBets_1":0.32653061224489793,"percentBets_2":0.35555555555555557},"output":{"chips":0.5}},
{"input":{"Win":0.3404255319148936,"Lose":0,"myCurrBet":0.02666666666666667,"step":0.75,"position":1,"bluff":1,"handValue":0.400000091206,"percentBets_1":0.32653061224489793,"percentBets_2":0.35555555555555557},"output":{"chips":1}},
{"input":{"Win":0,"Lose":0.02666666666666667,"myCurrBet":0,"step":0,"position":1,"bluff":0,"percentBets_1":0.12121212121212122,"percentBets_2":0.27586206896551724,"handValue":0.1003},"output":{"chips":0.5}},
{"input":{"Win":0,"Lose":0.02666666666666667,"myCurrBet":0.02666666666666667,"step":0.25,"position":1,"bluff":0,"handValue":0.10310000000000001,"percentBets_1":0.48484848484848486,"percentBets_2":0.5517241379310345},"output":{"chips":0.5}},
{"input":{"Win":0,"Lose":0.02666666666666667,"myCurrBet":0.013333333333333334,"step":0,"position":1,"bluff":0,"handValue":0.1003,"percentBets_1":0.24242424242424243,"percentBets_2":0.5517241379310345},"output":{"chips":0.5}},
{"input":{"Win":0,"Lose":0.02666666666666667,"myCurrBet":0.02666666666666667,"step":0.5,"position":1,"bluff":0,"handValue":0.10400000000000001,"percentBets_1":0.48484848484848486,"percentBets_2":0.5517241379310345},"output":{"chips":0.5}},
{"input":{"Win":0,"Lose":0.02666666666666667,"myCurrBet":0.02666666666666667,"step":0.75,"position":1,"bluff":0,"handValue":0.1044,"percentBets_1":0.48484848484848486,"percentBets_2":0.5517241379310345},"output":{"chips":0.5}},
{"input":{"Win":0,"Lose":0.02666666666666667,"myCurrBet":0.013333333333333334,"step":0,"position":1,"bluff":0,"handValue":0.10110000000000001,"percentBets_1":0.47058823529411764,"percentBets_2":0.26229508196721313},"output":{"chips":0.5}},
{"input":{"Win":0,"Lose":0.02666666666666667,"myCurrBet":0,"step":0,"position":1,"bluff":0,"percentBets_1":0.23529411764705882,"percentBets_2":0.13114754098360656,"handValue":0.10110000000000001},"output":{"chips":0.5}},
{"input":{"Win":0,"Lose":0.02666666666666667,"myCurrBet":0.02666666666666667,"step":0.5,"position":1,"bluff":0,"handValue":0.10350000000000001,"percentBets_1":0.9411764705882353,"percentBets_2":0.26229508196721313},"output":{"chips":0}},
{"input":{"Win":0,"Lose":0.02666666666666667,"myCurrBet":0.02666666666666667,"step":0.25,"position":1,"bluff":0,"handValue":0.10310000000000001,"percentBets_1":0.9411764705882353,"percentBets_2":0.26229508196721313},"output":{"chips":0.5}},
{"input":{"Win":0,"Lose":0.02666666666666667,"myCurrBet":0.02666666666666667,"step":0.5,"position":1,"bluff":0,"handValue":0.10350000000000001,"percentBets_1":0.9411764705882353,"percentBets_2":0.26229508196721313},"output":{"chips":0}},
{"input":{"Win":0,"Lose":0.02666666666666667,"myCurrBet":0,"step":0,"position":1,"bluff":0,"percentBets_1":0.08163265306122448,"percentBets_2":0.17777777777777778,"handValue":0.101},"output":{"chips":0.5}},
{"input":{"Win":0,"Lose":0.02666666666666667,"myCurrBet":0.02666666666666667,"step":0.25,"position":1,"bluff":0,"handValue":0.1034,"percentBets_1":0.32653061224489793,"percentBets_2":0.35555555555555557},"output":{"chips":0.5}},
{"input":{"Win":0,"Lose":0.02666666666666667,"myCurrBet":0.02666666666666667,"step":0.5,"position":1,"bluff":0,"handValue":0.1047,"percentBets_1":0.32653061224489793,"percentBets_2":0.35555555555555557},"output":{"chips":0.5}},
{"input":{"Win":0,"Lose":0.02666666666666667,"myCurrBet":0.013333333333333334,"step":0,"position":1,"bluff":0,"handValue":0.101,"percentBets_1":0.16326530612244897,"percentBets_2":0.35555555555555557},"output":{"chips":0.5}},
{"input":{"Win":0,"Lose":0.02666666666666667,"myCurrBet":0.02666666666666667,"step":0.75,"position":1,"bluff":0,"handValue":0.10350000000000001,"percentBets_1":0.32653061224489793,"percentBets_2":0.35555555555555557},"output":{"chips":0.5}},
{"input":{"Win":0,"Lose":0.02666666666666667,"myCurrBet":0.013333333333333334,"step":0,"position":1,"bluff":0,"handValue":0.10060000000000001,"percentBets_1":0.09876543209876543,"percentBets_2":0.5517241379310345},"output":{"chips":0.5}},
{"input":{"Win":0,"Lose":0.02666666666666667,"myCurrBet":0.02666666666666667,"step":0.25,"position":1,"bluff":0,"handValue":0.1033,"percentBets_1":0.19753086419753085,"percentBets_2":0.5517241379310345},"output":{"chips":0.5}},
{"input":{"Win":0,"Lose":0.02666666666666667,"myCurrBet":0.02666666666666667,"step":0.5,"position":1,"bluff":0,"handValue":0.10350000000000001,"percentBets_1":0.19753086419753085,"percentBets_2":0.5517241379310345},"output":{"chips":0.5}},
{"input":{"Win":0,"Lose":0.02666666666666667,"myCurrBet":0.02666666666666667,"step":0.75,"position":1,"bluff":0,"handValue":0.1038,"percentBets_1":0.19753086419753085,"percentBets_2":0.5517241379310345},"output":{"chips":0.5}},
{"input":{"Win":0,"Lose":0.02666666666666667,"myCurrBet":0,"step":0,"position":1,"bluff":0,"percentBets_1":0.04938271604938271,"percentBets_2":0.27586206896551724,"handValue":0.10060000000000001},"output":{"chips":0.5}},
{"input":{"Win":0.09523809523809523,"Lose":0,"myCurrBet":0,"step":0,"position":1,"bluff":0,"percentBets_1":0.06153846153846154,"percentBets_2":0.13114754098360656,"handValue":0.601101},"output":{"chips":0.5}},
{"input":{"Win":0,"Lose":0.02666666666666667,"myCurrBet":0,"step":0,"position":1,"bluff":0,"percentBets_1":0.06557377049180328,"percentBets_2":0.1509433962264151,"handValue":0.1005},"output":{"chips":0.5}},
{"input":{"Win":0,"Lose":0.02666666666666667,"myCurrBet":0.02666666666666667,"step":0.25,"position":1,"bluff":0,"handValue":0.1027,"percentBets_1":0.26229508196721313,"percentBets_2":0.3018867924528302},"output":{"chips":0.5}},
{"input":{"Win":0,"Lose":0.02666666666666667,"myCurrBet":0.02666666666666667,"step":0.5,"position":1,"bluff":0,"handValue":0.40000002131100004,"percentBets_1":0.26229508196721313,"percentBets_2":0.3018867924528302},"output":{"chips":0.5}},
{"input":{"Win":0,"Lose":0.02666666666666667,"myCurrBet":0.02666666666666667,"step":0.75,"position":1,"bluff":0,"handValue":0.7000000002129999,"percentBets_1":0.26229508196721313,"percentBets_2":0.3018867924528302},"output":{"chips":0}},
{"input":{"Win":0,"Lose":0.02666666666666667,"myCurrBet":0.013333333333333334,"step":0,"position":1,"bluff":0,"handValue":0.1005,"percentBets_1":0.13114754098360656,"percentBets_2":0.3018867924528302},"output":{"chips":0.5}},
{"input":{"Win":0.5923076923076923,"Lose":0,"myCurrBet":0,"step":0,"position":1,"bluff":0,"percentBets_1":0.08888888888888889,"percentBets_2":0.09411764705882353,"handValue":0.1014},"output":{"chips":0.5}},
{"input":{"Win":0.5923076923076923,"Lose":0,"myCurrBet":0.05333333333333334,"step":0.5,"position":1,"bluff":0,"handValue":0.10300000000000001,"percentBets_1":0.7111111111111111,"percentBets_2":0.3764705882352941},"output":{"chips":0.5}},
{"input":{"Win":0.5923076923076923,"Lose":0,"myCurrBet":0.05333333333333334,"step":0.75,"position":1,"bluff":0,"handValue":0.1037,"percentBets_1":0.7111111111111111,"percentBets_2":0.3764705882352941},"output":{"chips":0}},
{"input":{"Win":0.5923076923076923,"Lose":0,"myCurrBet":0.05333333333333334,"step":0.25,"position":1,"bluff":0,"handValue":0.10200000000000001,"percentBets_1":0.7111111111111111,"percentBets_2":0.3764705882352941},"output":{"chips":0.5}},
{"input":{"Win":0.5923076923076923,"Lose":0,"myCurrBet":0.013333333333333334,"step":0,"position":1,"bluff":0,"handValue":0.1014,"percentBets_1":0.35555555555555557,"percentBets_2":0.3764705882352941},"output":{"chips":0.5}},
