{"input":{"Win":0,"Lose":0.04,"myCurrBet":0.0033333333333333335,"step":0,"position":0.5,"bluff":0,"percentBets_1":0.05333333333333334,"handValue":0.500000000009,"percentBets_3":0.013333333333333334,"percentBets_4":0.02666666666666667},"output":{"chips":1}},
{"input":{"Win":0,"Lose":0.04,"myCurrBet":0.016666666666666666,"step":0,"position":0.5,"bluff":0,"handValue":0.500000000009,"percentBets_3":0.06666666666666667,"percentBets_4":0.06666666666666667,"percentBets_1":0.13333333333333333},"output":{"chips":0.5}},
{"input":{"Win":0,"Lose":0.04,"myCurrBet":0.03333333333333333,"step":0.25,"position":0.5,"bluff":0,"handValue":0.1034,"percentBets_3":0.13333333333333333,"percentBets_4":0.13333333333333333,"percentBets_1":0.13333333333333333},"output":{"chips":1}},
{"input":{"Win":0,"Lose":0.04,"myCurrBet":0.04,"step":0.5,"position":0.5,"bluff":0,"handValue":0.1038,"percentBets_3":0.16,"percentBets_4":0.16,"percentBets_1":0.16},"output":{"chips":0}},
{"input":{"Win":0,"Lose":0.04,"myCurrBet":0.03666666666666667,"step":0.25,"position":0.5,"bluff":1,"handValue":0.1034,"percentBets_3":0.14666666666666667,"percentBets_4":0.14666666666666667,"percentBets_1":0.16},"output":{"chips":0.5}},
{"input":{"Win":0,"Lose":0.04,"myCurrBet":0.04,"step":0.5,"position":0.5,"bluff":0,"handValue":0.1038,"percentBets_3":0.16,"percentBets_4":0.16,"percentBets_1":0.16},"output":{"chips":0}},
{"input":{"Win":0,"Lose":0,"myCurrBet":0.006666666666666667,"step":0.25,"position":0.5,"bluff":1,"handValue":0.7000000004079999,"percentBets_3":0.031746031746031744,"percentBets_4":0.031746031746031744,"percentBets_1":0.018018018018018018},"output":{"chips":1}},
{"input":{"Win":0,"Lose":0,"myCurrBet":0.0033333333333333335,"step":0,"position":0.5,"bluff":0,"percentBets_1":0.018018018018018018,"handValue":0.600804,"percentBets_3":0.015873015873015872,"percentBets_4":0.015873015873015872},"output":{"chips":0.5}},
{"input":{"Win":0,"Lose":0,"myCurrBet":0.006666666666666667,"step":0.25,"position":0.5,"bluff":0,"handValue":0.7000000004079999,"percentBets_3":0.031746031746031744,"percentBets_4":0.031746031746031744,"percentBets_1":0.018018018018018018},"output":{"chips":0}},
{"input":{"Win":0,"Lose":0,"myCurrBet":0.006666666666666667,"step":0.25,"position":0.5,"bluff":0,"handValue":0.7000000004079999,"percentBets_3":0.031746031746031744,"percentBets_4":0.031746031746031744,"percentBets_1":0.018018018018018018},"output":{"chips":0}},
{"input":{"Win":0,"Lose":0,"myCurrBet":0.01,"step":0.25,"position":0.5,"bluff":0,"handValue":0.7000000004079999,"percentBets_3":0.047619047619047616,"percentBets_4":0.047619047619047616,"percentBets_1":0.036036036036036036},"output":{"chips":0}},
{"input":{"Win":0,"Lose":0.023333333333333334,"myCurrBet":0.013333333333333334,"step":0.25,"position":0.5,"bluff":0,"handValue":0.1017,"percentBets_3":0.06666666666666667,"percentBets_4":0.0547945205479452,"percentBets_1":0.037383177570093455},"output":{"chips":0.5}},
{"input":{"Win":0,"Lose":0.023333333333333334,"myCurrBet":0.0033333333333333335,"step":0,"position":0.5,"bluff":1,"percentBets_1":0.037383177570093455,"handValue":0.1015,"percentBets_3":0.016666666666666666,"percentBets_4":0.0273972602739726},"output":{"chips":0.5}},
{"input":{"Win":0,"Lose":0.023333333333333334,"myCurrBet":0.013333333333333334,"step":0.5,"position":0.5,"bluff":0,"handValue":0.10210000000000001,"percentBets_3":0.06666666666666667,"percentBets_4":0.0547945205479452,"percentBets_1":0.037383177570093455},"output":{"chips":0.5}},
{"input":{"Win":0,"Lose":0.023333333333333334,"myCurrBet":0.013333333333333334,"step":0.75,"position":0.5,"bluff":0,"handValue":0.1024,"percentBets_3":0.06666666666666667,"percentBets_4":0.0547945205479452,"percentBets_1":0.037383177570093455},"output":{"chips":0}},
{"input":{"Win":0,"Lose":0.02,"myCurrBet":0.0033333333333333335,"step":0,"position":0.5,"bluff":0,"percentBets_1":0.019417475728155338,"handValue":0.1015,"percentBets_3":0.017857142857142856,"percentBets_4":0.011764705882352941},"output":{"chips":1}},
{"input":{"Win":0,"Lose":0.02,"myCurrBet":0.01,"step":0,"position":0.5,"bluff":0,"handValue":0.1015,"percentBets_3":0.05357142857142857,"percentBets_4":0.03529411764705882,"percentBets_1":0.05825242718446602},"output":{"chips":0.5}},
{"input":{"Win":0,"Lose":0.02,"myCurrBet":0.02,"step":0.25,"position":0.5,"bluff":0,"handValue":0.10400000000000001,"percentBets_3":0.10714285714285714,"percentBets_4":0.07058823529411765,"percentBets_1":0.05825242718446602},"output":{"chips":0.5}},
{"input":{"Win":0,"Lose":0.02,"myCurrBet":0.02,"step":0.5,"position":0.5,"bluff":0,"handValue":0.1047,"percentBets_3":0.10714285714285714,"percentBets_4":0.07058823529411765,"percentBets_1":0.05825242718446602},"output":{"chips":0}},
{"input":{"Win":0,"Lose":0.02,"myCurrBet":0.02,"step":0.5,"position":0.5,"bluff":0,"handValue":0.1047,"percentBets_3":0.10714285714285714,"percentBets_4":0.07058823529411765,"percentBets_1":0.05825242718446602},"output":{"chips":0}},
{"input":{"Win":0,"Lose":0.02666666666666667,"myCurrBet":0.0033333333333333335,"step":0,"position":0.5,"bluff":0,"percentBets_1":0.01652892561983471,"handValue":0.1015,"percentBets_3":0.02,"percentBets_4":0.012658227848101266},"output":{"chips":1}},
{"input":{"Win":0,"Lose":0.02666666666666667,"myCurrBet":0.02,"step":0.5,"position":0.5,"bluff":0,"handValue":0.1048,"percentBets_3":0.12,"percentBets_4":0.0759493670886076,"percentBets_1":0.049586776859504134},"output":{"chips":0}},
{"input":{"Win":0,"Lose":0.02666666666666667,"myCurrBet":0.02,"step":0.25,"position":0.5,"bluff":0,"handValue":0.10400000000000001,"percentBets_3":0.12,"percentBets_4":0.0759493670886076,"percentBets_1":0.049586776859504134},"output":{"chips":0.5}},
{"input":{"Win":0,"Lose":0.02666666666666667,"myCurrBet":0.01,"step":0,"position":0.5,"bluff":1,"handValue":0.1015,"percentBets_3":0.06,"percentBets_4":0.0379746835443038,"percentBets_1":0.049586776859504134},"output":{"chips":0.5}},
{"input":{"Win":0,"Lose":0.02666666666666667,"myCurrBet":0.02666666666666667,"step":0.75,"position":0.5,"bluff":1,"handValue":0.10400000000000001,"percentBets_3":0.16,"percentBets_4":0.10126582278481013,"percentBets_1":0.06611570247933884},"output":{"chips":0.5}},
{"input":{"Win":0,"Lose":0.02666666666666667,"myCurrBet":0.02,"step":0.5,"position":0.5,"bluff":1,"handValue":0.1048,"percentBets_3":0.12,"percentBets_4":0.08860759493670886,"percentBets_1":0.06611570247933884},"output":{"chips":0.5}},
{"input":{"Win":0,"Lose":0,"myCurrBet":0.006666666666666667,"step":0.25,"position":0.5,"bluff":0,"handValue":0.1013,"percentBets_3":0.047619047619047616,"percentBets_4":0.019417475728155338,"percentBets_1":0.017699115044247787},"output":{"chips":0.5}},
{"input":{"Win":0,"Lose":0,"myCurrBet":0.006666666666666667,"step":0.5,"position":0.5,"bluff":0,"handValue":0.10250000000000001,"percentBets_3":0.047619047619047616,"percentBets_4":0.019417475728155338,"percentBets_1":0.017699115044247787},"output":{"chips":0.5}},
{"input":{"Win":0,"Lose":0,"myCurrBet":0.006666666666666667,"step":0.75,"position":0.5,"bluff":0,"handValue":0.1033,"percentBets_3":0.047619047619047616,"percentBets_4":0.019417475728155338,"percentBets_1":0.017699115044247787},"output":{"chips":1}},
{"input":{"Win":0,"Lose":0,"myCurrBet":0.0033333333333333335,"step":0,"position":0.5,"bluff":1,"percentBets_1":0.017699115044247787,"handValue":0.1005,"percentBets_3":0.023809523809523808,"percentBets_4":0.009708737864077669},"output":{"chips":0.5}},
{"input":{"Win":0,"Lose":0,"myCurrBet":0.01,"step":0.75,"position":0.5,"bluff":0,"handValue":0.1033,"percentBets_3":0.07142857142857142,"percentBets_4":0.02912621359223301,"percentBets_1":0.035398230088495575},"output":{"chips":0}},
{"input":{"Win":0,"Lose":0.03,"myCurrBet":0.0033333333333333335,"step":0,"position":0.5,"bluff":0,"percentBets_1":0.016260162601626018,"handValue":0.1,"percentBets_3":0.02564102564102564,"percentBets_4":0.010101010101010102},"output":{"chips":1}},
{"input":{"Win":0,"Lose":0.03,"myCurrBet":0.01,"step":0,"position":0.5,"bluff":0,"handValue":0.1,"percentBets_3":0.07692307692307693,"percentBets_4":0.030303030303030304,"percentBets_1":0.04878048780487805},"output":{"chips":0.5}},
{"input":{"Win":0,"Lose":0.03,"myCurrBet":0.02,"step":0.25,"position":0.5,"bluff":1,"handValue":0.1018,"percentBets_3":0.15384615384615385,"percentBets_4":0.06060606060606061,"percentBets_1":0.04878048780487805},"output":{"chips":0.5}},
{"input":{"Win":0,"Lose":0.03,"myCurrBet":0.02,"step":0.5,"position":0.5,"bluff":0,"handValue":0.10210000000000001,"percentBets_3":0.15384615384615385,"percentBets_4":0.06060606060606061,"percentBets_1":0.04878048780487805},"output":{"chips":0}},
{"input":{"Win":0,"Lose":0.03,"myCurrBet":0.02,"step":0.5,"position":0.5,"bluff":0,"handValue":0.10210000000000001,"percentBets_3":0.15384615384615385,"percentBets_4":0.06060606060606061,"percentBets_1":0.04878048780487805},"output":{"chips":0}},
{"input":{"Win":0,"Lose":0,"myCurrBet":0.01,"step":0,"position":0.5,"bluff":0,"handValue":0.500000000011,"percentBets_3":0.09090909090909091,"percentBets_4":0.03225806451612903,"percentBets_1":0.0425531914893617},"output":{"chips":0}},
{"input":{"Win":0,"Lose":0,"myCurrBet":0.0033333333333333335,"step":0,"position":0.5,"bluff":0,"percentBets_1":0.014184397163120567,"handValue":0.500000000011,"percentBets_3":0.030303030303030304,"percentBets_4":0.010752688172043012},"output":{"chips":1}},
{"input":{"Win":0.056179775280898875,"Lose":0,"myCurrBet":0.0033333333333333335,"step":0,"position":0.5,"bluff":0,"percentBets_1":0.012422360248447204,"handValue":0.10250000000000001,"percentBets_3":0.03333333333333333,"percentBets_4":0.012658227848101266},"output":{"chips":1}},
{"input":{"Win":0.056179775280898875,"Lose":0,"myCurrBet":0.01,"step":0,"position":0.5,"bluff":0,"handValue":0.10250000000000001,"percentBets_3":0.1,"percentBets_4":0.0379746835443038,"percentBets_1":0.037267080745341616},"output":{"chips":0.5}},
{"input":{"Win":0.056179775280898875,"Lose":0,"myCurrBet":0.02,"step":0.25,"position":0.5,"bluff":0,"handValue":0.1033,"percentBets_3":0.2,"percentBets_4":0.0759493670886076,"percentBets_1":0.037267080745341616},"output":{"chips":0.5}},
{"input":{"Win":0.056179775280898875,"Lose":0,"myCurrBet":0.02,"step":0.5,"position":0.5,"bluff":1,"handValue":0.1029,"percentBets_3":0.2,"percentBets_4":0.0759493670886076,"percentBets_1":0.037267080745341616},"output":{"chips":0.5}},
{"input":{"Win":0.056179775280898875,"Lose":0,"myCurrBet":0.02,"step":0.75,"position":0.5,"bluff":0,"handValue":0.1037,"percentBets_3":0.2,"percentBets_4":0.0759493670886076,"percentBets_1":0.037267080745341616},"output":{"chips":0}},
{"input":{"Win":0,"Lose":0.02,"myCurrBet":0.0033333333333333335,"step":0,"position":0.5,"bluff":1,"percentBets_1":0.012903225806451613,"handValue":0.1,"percentBets_3":0.041666666666666664,"percentBets_4":0.0136986301369863},"output":{"chips":1}},
{"input":{"Win":0,"Lose":0.02,"myCurrBet":0.02,"step":0.25,"position":0.5,"bluff":0,"handValue":0.10200000000000001,"percentBets_3":0.25,"percentBets_4":0.0821917808219178,"percentBets_1":0.03870967741935484},"output":{"chips":0}},
{"input":{"Win":0,"Lose":0.02,"myCurrBet":0.01,"step":0,"position":0.5,"bluff":0,"handValue":0.1,"percentBets_3":0.125,"percentBets_4":0.0410958904109589,"percentBets_1":0.03870967741935484},"output":{"chips":0.5}},
{"input":{"Win":0,"Lose":0.02,"myCurrBet":0.02,"step":0.25,"position":0.5,"bluff":0,"handValue":0.10200000000000001,"percentBets_3":0.25,"percentBets_4":0.0821917808219178,"percentBets_1":0.03870967741935484},"output":{"chips":0}},
{"input":{"Win":0,"Lose":0.02,"myCurrBet":0.02,"step":0.25,"position":0.5,"bluff":0,"handValue":0.10300000000000001,"percentBets_3":0.25,"percentBets_4":0.0821917808219178,"percentBets_1":0.03870967741935484},"output":{"chips":0}},
{"input":{"Win":0,"Lose":0.02,"myCurrBet":0.0033333333333333335,"step":0,"position":0.5,"bluff":0,"percentBets_1":0.011560693641618497,"handValue":0.10160000000000001,"percentBets_3":0.05555555555555555,"percentBets_4":0.014925373134328358},"output":{"chips":1}},
{"input":{"Win":0,"Lose":0.02,"myCurrBet":0.01,"step":0,"position":0.5,"bluff":1,"handValue":0.10160000000000001,"percentBets_3":0.16666666666666666,"percentBets_4":0.04477611940298507,"percentBets_1":0.03468208092485549},"output":{"chips":0.5}},
{"input":{"Win":0,"Lose":0.02,"myCurrBet":0.02,"step":0.25,"position":0.5,"bluff":0,"handValue":0.10300000000000001,"percentBets_3":0.3333333333333333,"percentBets_4":0.08955223880597014,"percentBets_1":0.03468208092485549},"output":{"chips":0}},
{"input":{"Win":0,"Lose":0.02,"myCurrBet":0.02,"step":0.25,"position":0.5,"bluff":0,"handValue":0.10300000000000001,"percentBets_3":0.3333333333333333,"percentBets_4":0.08955223880597014,"percentBets_1":0.03468208092485549},"output":{"chips":0}},
{"input":{"Win":0,"Lose":0.02,"myCurrBet":0.02,"step":0.25,"position":0.5,"bluff":0,"handValue":0.10250000000000001,"percentBets_3":0.3333333333333333,"percentBets_4":0.08955223880597014,"percentBets_1":0.03468208092485549},"output":{"chips":0}},
{"input":{"Win":0,"Lose":0.013333333333333334,"myCurrBet":0.0033333333333333335,"step":0,"position":0.5,"bluff":0,"percentBets_1":0.011976047904191617,"handValue":0.601004,"percentBets_3":0.027777777777777776,"percentBets_4":0.01639344262295082},"output":{"chips":0.5}},
{"input":{"Win":0,"Lose":0.013333333333333334,"myCurrBet":0.006666666666666667,"step":0.25,"position":0.5,"bluff":1,"handValue":0.1037,"percentBets_3":0.05555555555555555,"percentBets_4":0.03278688524590164,"percentBets_1":0.011976047904191617},"output":{"chips":1}},
{"input":{"Win":0,"Lose":0.013333333333333334,"myCurrBet":0.013333333333333334,"step":0.5,"position":0.5,"bluff":0,"handValue":0.1046,"percentBets_3":0.1111111111111111,"percentBets_4":0.06557377049180328,"percentBets_1":0.023952095808383235},"output":{"chips":0}},
{"input":{"Win":0,"Lose":0.013333333333333334,"myCurrBet":0.013333333333333334,"step":0.5,"position":0.5,"bluff":0,"handValue":0.1046,"percentBets_3":0.1111111111111111,"percentBets_4":0.06557377049180328,"percentBets_1":0.023952095808383235},"output":{"chips":0}},
{"input":{"Win":0,"Lose":0.013333333333333334,"myCurrBet":0.01,"step":0.25,"position":0.5,"bluff":0,"handValue":0.1037,"percentBets_3":0.08333333333333333,"percentBets_4":0.04918032786885246,"percentBets_1":0.023952095808383235},"output":{"chips":0.5}},
{"input":{"Win":0,"Lose":0.006666666666666667,"myCurrBet":0.0033333333333333335,"step":0,"position":0.5,"bluff":0,"percentBets_1":0.012269938650306749,"handValue":0.60131,"percentBets_3":0.03125,"percentBets_4":0.0136986301369863},"output":{"chips":0.5}},
{"input":{"Win":0,"Lose":0.006666666666666667,"myCurrBet":0.006666666666666667,"step":0.5,"position":0.5,"bluff":1,"handValue":0.30000013120999997,"percentBets_3":0.0625,"percentBets_4":0.0273972602739726,"percentBets_1":0.012269938650306749},"output":{"chips":0.5}},
{"input":{"Win":0,"Lose":0.006666666666666667,"myCurrBet":0.006666666666666667,"step":0.25,"position":0.5,"bluff":0,"handValue":0.10260000000000001,"percentBets_3":0.0625,"percentBets_4":0.0273972602739726,"percentBets_1":0.012269938650306749},"output":{"chips":0.5}},
{"input":{"Win":0,"Lose":0.006666666666666667,"myCurrBet":0.006666666666666667,"step":0.5,"position":0.5,"bluff":0,"handValue":0.30000013120999997,"percentBets_3":0.0625,"percentBets_4":0.0273972602739726,"percentBets_1":0.012269938650306749},"output":{"chips":0}},
{"input":{"Win":0,"Lose":0,"myCurrBet":0.0033333333333333335,"step":0,"position":0.5,"bluff":0,"percentBets_1":0.012422360248447204,"handValue":0.10160000000000001,"percentBets_3":0.02631578947368421,"percentBets_4":0.014084507042253521},"output":{"chips":1}},
{"input":{"Win":0,"Lose":0,"myCurrBet":0.01,"step":0,"position":0.5,"bluff":0,"handValue":0.10160000000000001,"percentBets_3":0.07894736842105263,"percentBets_4":0.04225352112676056,"percentBets_1":0.037267080745341616},"output":{"chips":0.5}},
{"input":{"Win":0,"Lose":0,"myCurrBet":0.02,"step":0.25,"position":0.5,"bluff":0,"handValue":0.10410000000000001,"percentBets_3":0.15789473684210525,"percentBets_4":0.08450704225352113,"percentBets_1":0.037267080745341616},"output":{"chips":0.5}},
{"input":{"Win":0,"Lose":0,"myCurrBet":0.02,"step":0.5,"position":0.5,"bluff":0,"handValue":0.1042,"percentBets_3":0.15789473684210525,"percentBets_4":0.08450704225352113,"percentBets_1":0.037267080745341616},"output":{"chips":0}},
{"input":{"Win":0,"Lose":0,"myCurrBet":0.02,"step":0.5,"position":0.5,"bluff":0,"handValue":0.1042,"percentBets_3":0.15789473684210525,"percentBets_4":0.08450704225352113,"percentBets_1":0.037267080745341616},"output":{"chips":0}},
{"input":{"Win":0,"Lose":0,"myCurrBet":0.02,"step":0.5,"position":0.5,"bluff":0,"handValue":0.10550000000000001,"percentBets_3":0.15789473684210525,"percentBets_4":0.09859154929577464,"percentBets_1":0.049689440993788817},"output":{"chips":0}},
{"input":{"Win":0,"Lose":0.04,"myCurrBet":0.0033333333333333335,"step":0,"position":0.5,"bluff":0,"percentBets_1":0.011049723756906077,"handValue":0.1,"percentBets_3":0.03125,"percentBets_4":0.015873015873015872},"output":{"chips":1}},
{"input":{"Win":0,"Lose":0.04,"myCurrBet":0.01,"step":0,"position":0.5,"bluff":0,"handValue":0.1,"percentBets_3":0.09375,"percentBets_4":0.047619047619047616,"percentBets_1":0.03314917127071823},"output":{"chips":0.5}},
{"input":{"Win":0,"Lose":0.04,"myCurrBet":0.02,"step":0.25,"position":0.5,"bluff":0,"handValue":0.1028,"percentBets_3":0.1875,"percentBets_4":0.09523809523809523,"percentBets_1":0.03314917127071823},"output":{"chips":0.5}},
{"input":{"Win":0,"Lose":0.04,"myCurrBet":0.02,"step":0.5,"position":0.5,"bluff":0,"handValue":0.300000131209,"percentBets_3":0.1875,"percentBets_4":0.09523809523809523,"percentBets_1":0.03314917127071823},"output":{"chips":0}},
{"input":{"Win":0,"Lose":0.04,"myCurrBet":0.02,"step":0.5,"position":0.5,"bluff":0,"handValue":0.300000131209,"percentBets_3":0.1875,"percentBets_4":0.09523809523809523,"percentBets_1":0.03314917127071823},"output":{"chips":0}},
{"input":{"Win":0,"Lose":0.04,"myCurrBet":0.006666666666666667,"step":0,"position":0.5,"bluff":0,"percentBets_1":0.022857142857142857,"handValue":0.10120000000000001,"percentBets_3":0.04,"percentBets_4":0.03508771929824561},"output":{"chips":1}},
{"input":{"Win":0,"Lose":0.04,"myCurrBet":0.02,"step":0,"position":0.5,"bluff":1,"handValue":0.10120000000000001,"percentBets_3":0.12,"percentBets_4":0.10526315789473684,"percentBets_1":0.06857142857142857},"output":{"chips":0.5}},
{"input":{"Win":0,"Lose":0.04,"myCurrBet":0.04,"step":0.25,"position":0.5,"bluff":1,"handValue":0.1024,"percentBets_3":0.24,"percentBets_4":0.21052631578947367,"percentBets_1":0.06857142857142857},"output":{"chips":0.5}},
{"input":{"Win":0,"Lose":0.04,"myCurrBet":0.04,"step":0.25,"position":0.5,"bluff":0,"handValue":0.1024,"percentBets_3":0.24,"percentBets_4":0.21052631578947367,"percentBets_1":0.06857142857142857},"output":{"chips":0}},
{"input":{"Win":0,"Lose":0.04,"myCurrBet":0.04,"step":0.75,"position":0.5,"bluff":1,"handValue":0.300000040309,"percentBets_3":0.24,"percentBets_4":0.21052631578947367,"percentBets_1":0.06857142857142857},"output":{"chips":0.5}},
{"input":{"Win":0,"Lose":0,"myCurrBet":0.013333333333333334,"step":0.5,"position":0.5,"bluff":0,"handValue":0.1044,"percentBets_3":0.10526315789473684,"percentBets_4":0.043010752688172046,"percentBets_1":0.024539877300613498},"output":{"chips":0}},
{"input":{"Win":0,"Lose":0,"myCurrBet":0.013333333333333334,"step":0.25,"position":0.5,"bluff":0,"handValue":0.1038,"percentBets_3":0.10526315789473684,"percentBets_4":0.043010752688172046,"percentBets_1":0.024539877300613498},"output":{"chips":0.5}},
{"input":{"Win":0,"Lose":0,"myCurrBet":0.013333333333333334,"step":0.5,"position":0.5,"bluff":0,"handValue":0.1044,"percentBets_3":0.10526315789473684,"percentBets_4":0.043010752688172046,"percentBets_1":0.024539877300613498},"output":{"chips":0}},
{"input":{"Win":0,"Lose":0,"myCurrBet":0.006666666666666667,"step":0,"position":0.5,"bluff":1,"percentBets_1":0.024539877300613498,"handValue":0.1014,"percentBets_3":0.05263157894736842,"percentBets_4":0.021505376344086023},"output":{"chips":0.5}},
{"input":{"Win":0,"Lose":0,"myCurrBet":0.013333333333333334,"step":0.5,"position":0.5,"bluff":0,"handValue":0.10540000000000001,"percentBets_3":0.10526315789473684,"percentBets_4":0.06451612903225806,"percentBets_1":0.049079754601226995},"output":{"chips":0}},
{"input":{"Win":0,"Lose":0.02,"myCurrBet":0.006666666666666667,"step":0,"position":0.5,"bluff":0,"handValue":0.1013,"percentBets_3":0.058823529411764705,"percentBets_4":0.047058823529411764,"percentBets_1":0.0446927374301676},"output":{"chips":0.5}},
{"input":{"Win":0,"Lose":0.02,"myCurrBet":0.006666666666666667,"step":0,"position":0.5,"bluff":0,"percentBets_1":0.0223463687150838,"handValue":0.1013,"percentBets_3":0.058823529411764705,"percentBets_4":0.023529411764705882},"output":{"chips":1}},
{"input":{"Win":0,"Lose":0.02,"myCurrBet":0.006666666666666667,"step":0,"position":0.5,"bluff":0,"handValue":0.1013,"percentBets_3":0.058823529411764705,"percentBets_4":0.11764705882352941,"percentBets_1":0.11173184357541899},"output":{"chips":0.5}},
{"input":{"Win":0,"Lose":0.02,"myCurrBet":0.006666666666666667,"step":0,"position":0.5,"bluff":0,"handValue":0.1013,"percentBets_3":0.058823529411764705,"percentBets_4":0.23529411764705882,"percentBets_1":0.22346368715083798},"output":{"chips":0.5}},
{"input":{"Win":0,"Lose":0.02,"myCurrBet":0.006666666666666667,"step":0,"position":0.5,"bluff":0,"handValue":0.1013,"percentBets_3":0.058823529411764705,"percentBets_4":0.47058823529411764,"percentBets_1":0.44692737430167595},"output":{"chips":0.5}},
{"input":{"Win":0,"Lose":0.02,"myCurrBet":0.006666666666666667,"step":0.75,"position":0.5,"bluff":0,"handValue":0.1032,"percentBets_3":0.058823529411764705},"output":{"chips":0}},
{"input":{"Win":0,"Lose":0.02,"myCurrBet":0.006666666666666667,"step":0.5,"position":0.5,"bluff":1,"handValue":0.1028,"percentBets_3":0.058823529411764705},"output":{"chips":0.5}},
{"input":{"Win":0,"Lose":0.02,"myCurrBet":0.006666666666666667,"step":0.25,"position":0.5,"bluff":0,"handValue":0.10200000000000001,"percentBets_3":0.058823529411764705,"percentBets_4":0,"percentBets_1":0},"output":{"chips":0.5}},
