{"input":{"Win":0,"Lose":0.013333333333333334,"myCurrBet":0,"step":0,"position":1,"bluff":0,"percentBets_1":0.006666666666666667,"percentBets_2":0.013333333333333334,"handValue":0.1009,"percentBets_3":0.02666666666666667},"output":{"chips":0.5}},
{"input":{"Win":0,"Lose":0.013333333333333334,"myCurrBet":0.013333333333333334,"step":0.75,"position":1,"bluff":0,"handValue":0.1056,"percentBets_1":0.05333333333333334,"percentBets_2":0.05333333333333334,"percentBets_3":0.05333333333333334},"output":{"chips":0.5}},
{"input":{"Win":0,"Lose":0.013333333333333334,"myCurrBet":0.013333333333333334,"step":0.5,"position":1,"bluff":0,"handValue":0.1043,"percentBets_1":0.05333333333333334,"percentBets_2":0.05333333333333334,"percentBets_3":0.05333333333333334},"output":{"chips":0.5}},
{"input":{"Win":0,"Lose":0.013333333333333334,"myCurrBet":0.006666666666666667,"step":0,"position":1,"bluff":0,"handValue":0.1009,"percentBets_1":0.05333333333333334,"percentBets_2":0.05333333333333334,"percentBets_3":0.05333333333333334},"output":{"chips":0.5}},
{"input":{"Win":0,"Lose":0.013333333333333334,"myCurrBet":0.013333333333333334,"step":0.25,"position":1,"bluff":0,"handValue":0.1037,"percentBets_1":0.05333333333333334,"percentBets_2":0.05333333333333334,"percentBets_3":0.05333333333333334},"output":{"chips":0.5}},
{"input":{"Win":0.07860262008733625,"Lose":0,"myCurrBet":0,"step":0,"position":1,"bluff":0,"percentBets_1":0.007042253521126761,"percentBets_2":0.011494252873563218,"handValue":0.6012109999999999,"percentBets_3":0.028169014084507043},"output":{"chips":1}},
{"input":{"Win":0.07860262008733625,"Lose":0,"myCurrBet":0.01,"step":0,"position":1,"bluff":0,"handValue":0.6012109999999999,"percentBets_1":0.08450704225352113,"percentBets_2":0.06896551724137931,"percentBets_3":0.08450704225352113},"output":{"chips":0.5}},
{"input":{"Win":0.07860262008733625,"Lose":0,"myCurrBet":0.02,"step":0.25,"position":1,"bluff":1,"handValue":0.10350000000000001,"percentBets_1":0.08450704225352113,"percentBets_2":0.06896551724137931,"percentBets_3":0.08450704225352113},"output":{"chips":0.5}},
{"input":{"Win":0.07860262008733625,"Lose":0,"myCurrBet":0.02,"step":0.75,"position":1,"bluff":0,"handValue":0.6012110807009999,"percentBets_1":0.08450704225352113,"percentBets_2":0.06896551724137931,"percentBets_3":0.08450704225352113},"output":{"chips":0}},
{"input":{"Win":0.07860262008733625,"Lose":0,"myCurrBet":0.02,"step":0.5,"position":1,"bluff":0,"handValue":0.1042,"percentBets_1":0.08450704225352113,"percentBets_2":0.06896551724137931,"percentBets_3":0.08450704225352113},"output":{"chips":0.5}},
{"input":{"Win":0,"Lose":0.02666666666666667,"myCurrBet":0,"step":0,"position":1,"bluff":0,"percentBets_1":0.007692307692307693,"percentBets_2":0.012345679012345678,"handValue":0.600907,"percentBets_3":0.03076923076923077},"output":{"chips":1}},
{"input":{"Win":0,"Lose":0.02666666666666667,"myCurrBet":0.02,"step":0.25,"position":1,"bluff":0,"handValue":0.1037,"percentBets_1":0.09230769230769231,"percentBets_2":0.07407407407407407,"percentBets_3":0.09230769230769231},"output":{"chips":0.5}},
{"input":{"Win":0,"Lose":0.02666666666666667,"myCurrBet":0.02,"step":0.5,"position":1,"bluff":0,"handValue":0.10260000000000001,"percentBets_1":0.09230769230769231,"percentBets_2":0.07407407407407407,"percentBets_3":0.1076923076923077},"output":{"chips":0.5}},
{"input":{"Win":0,"Lose":0.02666666666666667,"myCurrBet":0.01,"step":0,"position":1,"bluff":0,"handValue":0.600907,"percentBets_1":0.09230769230769231,"percentBets_2":0.07407407407407407,"percentBets_3":0.09230769230769231},"output":{"chips":0.5}},
{"input":{"Win":0,"Lose":0.02666666666666667,"myCurrBet":0.023333333333333334,"step":0.5,"position":1,"bluff":0,"handValue":0.10260000000000001,"percentBets_1":0.12307692307692308,"percentBets_2":0.09876543209876543,"percentBets_3":0.12307692307692308},"output":{"chips":0.5}},
{"input":{"Win":0,"Lose":0.02666666666666667,"myCurrBet":0.02666666666666667,"step":0.75,"position":1,"bluff":0,"handValue":0.10310000000000001,"percentBets_1":0.12307692307692308,"percentBets_2":0.09876543209876543,"percentBets_3":0.12307692307692308},"output":{"chips":0.5}},
{"input":{"Win":0,"Lose":0,"myCurrBet":0,"step":0,"position":1,"bluff":1,"percentBets_1":0.008771929824561403,"percentBets_2":0.0136986301369863,"handValue":0.601102,"percentBets_3":0.02247191011235955},"output":{"chips":0.5}},
{"input":{"Win":0,"Lose":0,"myCurrBet":0.006666666666666667,"step":0,"position":1,"bluff":1,"handValue":0.601102,"percentBets_1":0.07017543859649122,"percentBets_2":0.0547945205479452,"percentBets_3":0.0449438202247191},"output":{"chips":1}},
{"input":{"Win":0,"Lose":0,"myCurrBet":0.016666666666666666,"step":0,"position":1,"bluff":0,"handValue":0.601102,"percentBets_1":0.17543859649122806,"percentBets_2":0.136986301369863,"percentBets_3":0},"output":{"chips":0}},
{"input":{"Win":0,"Lose":0.043333333333333335,"myCurrBet":0,"step":0,"position":1,"bluff":0,"percentBets_1":0.006578947368421052,"percentBets_2":0.015873015873015872,"handValue":0.10070000000000001,"percentBets_3":0.023529411764705882},"output":{"chips":0.5}},
{"input":{"Win":0,"Lose":0.043333333333333335,"myCurrBet":0.006666666666666667,"step":0,"position":1,"bluff":0,"handValue":0.10070000000000001,"percentBets_1":0.05263157894736842,"percentBets_2":0.06349206349206349,"percentBets_3":0.047058823529411764},"output":{"chips":0.5}},
{"input":{"Win":0,"Lose":0.043333333333333335,"myCurrBet":0.013333333333333334,"step":0.25,"position":1,"bluff":1,"handValue":0.10120000000000001,"percentBets_1":0.05263157894736842,"percentBets_2":0.06349206349206349,"percentBets_3":0.047058823529411764},"output":{"chips":1}},
{"input":{"Win":0,"Lose":0.043333333333333335,"myCurrBet":0.016666666666666666,"step":0.25,"position":1,"bluff":0,"handValue":0.10120000000000001,"percentBets_1":0.07894736842105263,"percentBets_2":0.09523809523809523,"percentBets_3":0.07058823529411765},"output":{"chips":0.5}},
{"input":{"Win":0,"Lose":0.043333333333333335,"myCurrBet":0.023333333333333334,"step":0.5,"position":1,"bluff":0,"handValue":0.1024,"percentBets_1":0.10526315789473684,"percentBets_2":0.12698412698412698,"percentBets_3":0.09411764705882353},"output":{"chips":0.5}},
{"input":{"Win":0,"Lose":0.043333333333333335,"myCurrBet":0.02666666666666667,"step":0.75,"position":1,"bluff":0,"handValue":0.1032,"percentBets_1":0.10526315789473684,"percentBets_2":0.12698412698412698,"percentBets_3":0.09411764705882353},"output":{"chips":0.5}},
{"input":{"Win":0,"Lose":0.043333333333333335,"myCurrBet":0.02,"step":0.5,"position":1,"bluff":1,"handValue":0.1024,"percentBets_1":0.07894736842105263,"percentBets_2":0.09523809523809523,"percentBets_3":0.07058823529411765},"output":{"chips":1}},
{"input":{"Win":0,"Lose":0.03333333333333333,"myCurrBet":0.006666666666666667,"step":0,"position":1,"bluff":0,"handValue":0.10110000000000001,"percentBets_1":0.04,"percentBets_2":0.07272727272727272,"percentBets_3":0.05194805194805195},"output":{"chips":0.5}},
{"input":{"Win":0,"Lose":0.03333333333333333,"myCurrBet":0,"step":0,"position":1,"bluff":0,"percentBets_1":0.005,"percentBets_2":0.01818181818181818,"handValue":0.10110000000000001,"percentBets_3":0.025974025974025976},"output":{"chips":0.5}},
{"input":{"Win":0,"Lose":0.03333333333333333,"myCurrBet":0.013333333333333334,"step":0.25,"position":1,"bluff":0,"handValue":0.1032,"percentBets_1":0.04,"percentBets_2":0.07272727272727272,"percentBets_3":0.05194805194805195},"output":{"chips":0.5}},
{"input":{"Win":0,"Lose":0.03333333333333333,"myCurrBet":0.013333333333333334,"step":0.5,"position":1,"bluff":0,"handValue":0.1028,"percentBets_1":0.04,"percentBets_2":0.07272727272727272,"percentBets_3":0.05194805194805195},"output":{"chips":0.5}},
{"input":{"Win":0,"Lose":0.03333333333333333,"myCurrBet":0.023333333333333334,"step":0.75,"position":1,"bluff":1,"handValue":0.30000011040999996,"percentBets_1":0.1,"percentBets_2":0.18181818181818182,"percentBets_3":0.05194805194805195},"output":{"chips":0.5}},
{"input":{"Win":0,"Lose":0.03333333333333333,"myCurrBet":0.013333333333333334,"step":0.75,"position":1,"bluff":0,"handValue":0.30000011040999996,"percentBets_1":0.04,"percentBets_2":0.07272727272727272,"percentBets_3":0.06493506493506493},"output":{"chips":0.5}},
{"input":{"Win":0,"Lose":0.03333333333333333,"myCurrBet":0.016666666666666666,"step":0.75,"position":1,"bluff":1,"handValue":0.30000011040999996,"percentBets_1":0.06,"percentBets_2":0.10909090909090909,"percentBets_3":0.07792207792207792},"output":{"chips":1}},
{"input":{"Win":0,"Lose":0.013333333333333334,"myCurrBet":0,"step":0,"position":1,"bluff":0,"percentBets_1":0.003968253968253968,"percentBets_2":0.022222222222222223,"handValue":0.10120000000000001,"percentBets_3":0.028169014084507043},"output":{"chips":0.5}},
{"input":{"Win":0,"Lose":0.013333333333333334,"myCurrBet":0.006666666666666667,"step":0,"position":1,"bluff":0,"handValue":0.10120000000000001,"percentBets_1":0.031746031746031744,"percentBets_2":0.08888888888888889,"percentBets_3":0.056338028169014086},"output":{"chips":0.5}},
{"input":{"Win":0,"Lose":0.013333333333333334,"myCurrBet":0.013333333333333334,"step":0.25,"position":1,"bluff":0,"handValue":0.1024,"percentBets_1":0.031746031746031744,"percentBets_2":0.08888888888888889,"percentBets_3":0.056338028169014086},"output":{"chips":0.5}},
{"input":{"Win":0,"Lose":0.013333333333333334,"myCurrBet":0.013333333333333334,"step":0.75,"position":1,"bluff":0,"handValue":0.1037,"percentBets_1":0.031746031746031744,"percentBets_2":0.08888888888888889,"percentBets_3":0.056338028169014086},"output":{"chips":0.5}},
{"input":{"Win":0,"Lose":0.013333333333333334,"myCurrBet":0.013333333333333334,"step":0.5,"position":1,"bluff":0,"handValue":0.1033,"percentBets_1":0.031746031746031744,"percentBets_2":0.08888888888888889,"percentBets_3":0.056338028169014086},"output":{"chips":0.5}},
{"input":{"Win":0.04878048780487805,"Lose":0,"myCurrBet":0,"step":0,"position":1,"bluff":0,"percentBets_1":0.004098360655737705,"percentBets_2":0.024390243902439025,"handValue":0.10110000000000001,"percentBets_3":0.024096385542168676},"output":{"chips":0.5}},
{"input":{"Win":0.04878048780487805,"Lose":0,"myCurrBet":0.013333333333333334,"step":0.25,"position":1,"bluff":0,"handValue":0.300000050308,"percentBets_1":0.03278688524590164,"percentBets_2":0.0975609756097561,"percentBets_3":0.04819277108433735},"output":{"chips":0.5}},
{"input":{"Win":0.04878048780487805,"Lose":0,"myCurrBet":0.006666666666666667,"step":0,"position":1,"bluff":0,"handValue":0.10110000000000001,"percentBets_1":0.03278688524590164,"percentBets_2":0.0975609756097561,"percentBets_3":0.04819277108433735},"output":{"chips":0.5}},
{"input":{"Win":0.04878048780487805,"Lose":0,"myCurrBet":0.013333333333333334,"step":0.5,"position":1,"bluff":0,"handValue":0.300000050308,"percentBets_1":0.03278688524590164,"percentBets_2":0.0975609756097561,"percentBets_3":0.04819277108433735},"output":{"chips":0.5}},
{"input":{"Win":0.04878048780487805,"Lose":0,"myCurrBet":0.013333333333333334,"step":0.75,"position":1,"bluff":0,"handValue":0.300000050312,"percentBets_1":0.03278688524590164,"percentBets_2":0.0975609756097561,"percentBets_3":0.04819277108433735},"output":{"chips":0.5}},
{"input":{"Win":0.05128205128205128,"Lose":0,"myCurrBet":0,"step":0,"position":1,"bluff":0,"percentBets_1":0.00423728813559322,"percentBets_2":0.02702702702702703,"handValue":0.1015,"percentBets_3":0.02531645569620253},"output":{"chips":0.5}},
{"input":{"Win":0.05128205128205128,"Lose":0,"myCurrBet":0.013333333333333334,"step":0.25,"position":1,"bluff":0,"handValue":0.1046,"percentBets_1":0.03389830508474576,"percentBets_2":0.10810810810810811,"percentBets_3":0.05063291139240506},"output":{"chips":0.5}},
{"input":{"Win":0.05128205128205128,"Lose":0,"myCurrBet":0.006666666666666667,"step":0,"position":1,"bluff":0,"handValue":0.1015,"percentBets_1":0.03389830508474576,"percentBets_2":0.10810810810810811,"percentBets_3":0.05063291139240506},"output":{"chips":0.5}},
{"input":{"Win":0.05128205128205128,"Lose":0,"myCurrBet":0.013333333333333334,"step":0.5,"position":1,"bluff":0,"handValue":0.10350000000000001,"percentBets_1":0.03389830508474576,"percentBets_2":0.10810810810810811,"percentBets_3":0.05063291139240506},"output":{"chips":0.5}},
{"input":{"Win":0.05128205128205128,"Lose":0,"myCurrBet":0.013333333333333334,"step":0.75,"position":1,"bluff":0,"handValue":0.300000110213,"percentBets_1":0.03389830508474576,"percentBets_2":0.10810810810810811,"percentBets_3":0.05063291139240506},"output":{"chips":0.5}},
{"input":{"Win":0,"Lose":0.02,"myCurrBet":0.01,"step":0,"position":1,"bluff":0,"handValue":0.1019,"percentBets_1":0.05263157894736842,"percentBets_2":0.18181818181818182,"percentBets_3":0.08},"output":{"chips":0.5}},
{"input":{"Win":0,"Lose":0.02,"myCurrBet":0,"step":0,"position":1,"bluff":1,"percentBets_1":0.0043859649122807015,"percentBets_2":0.030303030303030304,"handValue":0.1019,"percentBets_3":0.02666666666666667},"output":{"chips":1}},
{"input":{"Win":0,"Lose":0.02,"myCurrBet":0.02,"step":0.25,"position":1,"bluff":0,"handValue":0.1033,"percentBets_1":0.05263157894736842,"percentBets_2":0.18181818181818182,"percentBets_3":0.08},"output":{"chips":0.5}},
{"input":{"Win":0,"Lose":0.02,"myCurrBet":0.02,"step":0.5,"position":1,"bluff":0,"handValue":0.1034,"percentBets_1":0.05263157894736842,"percentBets_2":0.18181818181818182,"percentBets_3":0.08},"output":{"chips":0.5}},
{"input":{"Win":0,"Lose":0.02,"myCurrBet":0.02,"step":0.75,"position":1,"bluff":0,"handValue":0.1024,"percentBets_1":0.05263157894736842,"percentBets_2":0.18181818181818182,"percentBets_3":0.08},"output":{"chips":0.5}},
{"input":{"Win":0.07894736842105263,"Lose":0,"myCurrBet":0,"step":0,"position":1,"bluff":1,"percentBets_1":0.003787878787878788,"percentBets_2":0.037037037037037035,"handValue":0.601202,"percentBets_3":0.028985507246376812},"output":{"chips":1}},
{"input":{"Win":0.07894736842105263,"Lose":0,"myCurrBet":0.01,"step":0,"position":1,"bluff":1,"handValue":0.601202,"percentBets_1":0.045454545454545456,"percentBets_2":0.2222222222222222,"percentBets_3":0.08695652173913043},"output":{"chips":0.5}},
{"input":{"Win":0.07894736842105263,"Lose":0,"myCurrBet":0.02,"step":0.25,"position":1,"bluff":0,"handValue":0.1018,"percentBets_1":0.045454545454545456,"percentBets_2":0.2222222222222222,"percentBets_3":0.08695652173913043},"output":{"chips":0.5}},
{"input":{"Win":0.07894736842105263,"Lose":0,"myCurrBet":0.02,"step":0.75,"position":1,"bluff":0,"handValue":0.300000121006,"percentBets_1":0.045454545454545456,"percentBets_2":0.2222222222222222,"percentBets_3":0.08695652173913043},"output":{"chips":0.5}},
{"input":{"Win":0.07894736842105263,"Lose":0,"myCurrBet":0.02,"step":0.5,"position":1,"bluff":0,"handValue":0.1022,"percentBets_1":0.045454545454545456,"percentBets_2":0.2222222222222222,"percentBets_3":0.08695652173913043},"output":{"chips":0.5}},
{"input":{"Win":0,"Lose":0.013333333333333334,"myCurrBet":0,"step":0,"position":1,"bluff":0,"percentBets_1":0.003968253968253968,"percentBets_2":0.047619047619047616,"handValue":0.10110000000000001,"percentBets_3":0.031746031746031744},"output":{"chips":0.5}},
{"input":{"Win":0,"Lose":0.013333333333333334,"myCurrBet":0.013333333333333334,"step":0.25,"position":1,"bluff":0,"handValue":0.10300000000000001,"percentBets_1":0.031746031746031744,"percentBets_2":0.19047619047619047,"percentBets_3":0.06349206349206349},"output":{"chips":0.5}},
{"input":{"Win":0,"Lose":0.013333333333333334,"myCurrBet":0.013333333333333334,"step":0.5,"position":1,"bluff":0,"handValue":0.1042,"percentBets_1":0.031746031746031744,"percentBets_2":0.19047619047619047,"percentBets_3":0.06349206349206349},"output":{"chips":0.5}},
{"input":{"Win":0,"Lose":0.013333333333333334,"myCurrBet":0.006666666666666667,"step":0,"position":1,"bluff":0,"handValue":0.10110000000000001,"percentBets_1":0.031746031746031744,"percentBets_2":0.19047619047619047,"percentBets_3":0.06349206349206349},"output":{"chips":0.5}},
{"input":{"Win":0,"Lose":0.013333333333333334,"myCurrBet":0.013333333333333334,"step":0.75,"position":1,"bluff":0,"handValue":0.300000130512,"percentBets_1":0.031746031746031744,"percentBets_2":0.19047619047619047,"percentBets_3":0.06349206349206349},"output":{"chips":0.5}},
{"input":{"Win":0,"Lose":0.02,"myCurrBet":0,"step":0,"position":1,"bluff":0,"percentBets_1":0.004098360655737705,"percentBets_2":0.030303030303030304,"handValue":0.1017,"percentBets_3":0.03389830508474576},"output":{"chips":0.5}},
{"input":{"Win":0,"Lose":0.02,"myCurrBet":0.013333333333333334,"step":0.25,"position":1,"bluff":1,"handValue":0.1043,"percentBets_1":0.03278688524590164,"percentBets_2":0.12121212121212122,"percentBets_3":0.06779661016949153},"output":{"chips":0.5}},
{"input":{"Win":0,"Lose":0.02,"myCurrBet":0.013333333333333334,"step":0.5,"position":1,"bluff":0,"handValue":0.10400000000000001,"percentBets_1":0.03278688524590164,"percentBets_2":0.12121212121212122,"percentBets_3":0.06779661016949153},"output":{"chips":0.5}},
{"input":{"Win":0,"Lose":0.02,"myCurrBet":0.006666666666666667,"step":0,"position":1,"bluff":0,"handValue":0.1017,"percentBets_1":0.03278688524590164,"percentBets_2":0.12121212121212122,"percentBets_3":0.06779661016949153},"output":{"chips":0.5}},
{"input":{"Win":0,"Lose":0.02,"myCurrBet":0.013333333333333334,"step":0.75,"position":1,"bluff":1,"handValue":0.1042,"percentBets_1":0.03278688524590164,"percentBets_2":0.12121212121212122,"percentBets_3":0.06779661016949153},"output":{"chips":1}},
{"input":{"Win":0,"Lose":0.02,"myCurrBet":0.016666666666666666,"step":0.75,"position":1,"bluff":0,"handValue":0.1042,"percentBets_1":0.04918032786885246,"percentBets_2":0.18181818181818182,"percentBets_3":0.1016949152542373},"output":{"chips":0.5}},
{"input":{"Win":0,"Lose":0.013333333333333334,"myCurrBet":0,"step":0,"position":1,"bluff":0,"percentBets_1":0.004310344827586207,"percentBets_2":0.037037037037037035,"handValue":0.10120000000000001,"percentBets_3":0.025974025974025976},"output":{"chips":0.5}},
{"input":{"Win":0,"Lose":0.013333333333333334,"myCurrBet":0.006666666666666667,"step":0,"position":1,"bluff":0,"handValue":0.10120000000000001,"percentBets_1":0.034482758620689655,"percentBets_2":0.14814814814814814,"percentBets_3":0.05194805194805195},"output":{"chips":0.5}},
{"input":{"Win":0,"Lose":0.013333333333333334,"myCurrBet":0.013333333333333334,"step":0.5,"position":1,"bluff":0,"handValue":0.10410000000000001,"percentBets_1":0.034482758620689655,"percentBets_2":0.14814814814814814,"percentBets_3":0.05194805194805195},"output":{"chips":0.5}},
{"input":{"Win":0,"Lose":0.013333333333333334,"myCurrBet":0.013333333333333334,"step":0.25,"position":1,"bluff":0,"handValue":0.10350000000000001,"percentBets_1":0.034482758620689655,"percentBets_2":0.14814814814814814,"percentBets_3":0.05194805194805195},"output":{"chips":0.5}},
{"input":{"Win":0,"Lose":0.013333333333333334,"myCurrBet":0.013333333333333334,"step":0.75,"position":1,"bluff":0,"handValue":0.10540000000000001,"percentBets_1":0.034482758620689655,"percentBets_2":0.14814814814814814,"percentBets_3":0.05194805194805195},"output":{"chips":0.5}},
{"input":{"Win":0.08035714285714286,"Lose":0,"myCurrBet":0,"step":0,"position":1,"bluff":0,"percentBets_1":0.004464285714285714,"percentBets_2":0.02564102564102564,"handValue":0.6010059999999999,"percentBets_3":0.0273972602739726},"output":{"chips":0.5}},
{"input":{"Win":0.08035714285714286,"Lose":0,"myCurrBet":0.013333333333333334,"step":0.25,"position":1,"bluff":0,"handValue":0.1034,"percentBets_1":0.03571428571428571,"percentBets_2":0.10256410256410256,"percentBets_3":0.0547945205479452},"output":{"chips":0.5}},
{"input":{"Win":0.08035714285714286,"Lose":0,"myCurrBet":0.013333333333333334,"step":0.5,"position":1,"bluff":1,"handValue":0.1043,"percentBets_1":0.03571428571428571,"percentBets_2":0.10256410256410256,"percentBets_3":0.0547945205479452},"output":{"chips":1}},
{"input":{"Win":0.08035714285714286,"Lose":0,"myCurrBet":0.006666666666666667,"step":0,"position":1,"bluff":0,"handValue":0.6010059999999999,"percentBets_1":0.03571428571428571,"percentBets_2":0.10256410256410256,"percentBets_3":0.0547945205479452},"output":{"chips":0.5}},
{"input":{"Win":0.08035714285714286,"Lose":0,"myCurrBet":0.016666666666666666,"step":0.5,"position":1,"bluff":0,"handValue":0.1043,"percentBets_1":0.05357142857142857,"percentBets_2":0.15384615384615385,"percentBets_3":0.0821917808219178},"output":{"chips":0.5}},
{"input":{"Win":0.08035714285714286,"Lose":0,"myCurrBet":0.02,"step":0.75,"position":1,"bluff":0,"handValue":0.1056,"percentBets_1":0.05357142857142857,"percentBets_2":0.15384615384615385,"percentBets_3":0.0821917808219178},"output":{"chips":0.5}},
{"input":{"Win":0.17475728155339806,"Lose":0,"myCurrBet":0.013333333333333334,"step":0,"position":1,"bluff":0,"handValue":0.1017,"percentBets_1":0.07547169811320754,"percentBets_2":0.24242424242424243,"percentBets_3":0.11940298507462686},"output":{"chips":0.5}},
{"input":{"Win":0.17475728155339806,"Lose":0,"myCurrBet":0,"step":0,"position":1,"bluff":0,"percentBets_1":0.009433962264150943,"percentBets_2":0.06060606060606061,"handValue":0.1017,"percentBets_3":0.05970149253731343},"output":{"chips":0.5}},
{"input":{"Win":0.17475728155339806,"Lose":0,"myCurrBet":0.02666666666666667,"step":0.25,"position":1,"bluff":0,"handValue":0.1014,"percentBets_1":0.07547169811320754,"percentBets_2":0.24242424242424243,"percentBets_3":0.14925373134328357},"output":{"chips":0.5}},
{"input":{"Win":0.17475728155339806,"Lose":0,"myCurrBet":0.03333333333333333,"step":0.25,"position":1,"bluff":0,"handValue":0.1014,"percentBets_1":0.11320754716981132,"percentBets_2":0.36363636363636365,"percentBets_3":0.1791044776119403},"output":{"chips":0.5}},
{"input":{"Win":0.17475728155339806,"Lose":0,"myCurrBet":0.04,"step":0.75,"position":1,"bluff":0,"handValue":0.300000080509,"percentBets_1":0.11320754716981132,"percentBets_2":0.36363636363636365,"percentBets_3":0.1791044776119403},"output":{"chips":0}},
{"input":{"Win":0.17475728155339806,"Lose":0,"myCurrBet":0.04,"step":0.5,"position":1,"bluff":0,"handValue":0.1019,"percentBets_1":0.11320754716981132,"percentBets_2":0.36363636363636365,"percentBets_3":0.1791044776119403},"output":{"chips":0.5}},
{"input":{"Win":0,"Lose":0.02666666666666667,"myCurrBet":0.006666666666666667,"step":0,"position":1,"bluff":0,"handValue":0.500000000003,"percentBets_1":0.0425531914893617,"percentBets_2":0.19047619047619047,"percentBets_3":0.07272727272727272},"output":{"chips":0.5}},
{"input":{"Win":0,"Lose":0.02666666666666667,"myCurrBet":0,"step":0,"position":1,"bluff":0,"percentBets_1":0.010638297872340425,"percentBets_2":0.09523809523809523,"handValue":0.500000000003,"percentBets_3":0.03636363636363636},"output":{"chips":0.5}},
{"input":{"Win":0,"Lose":0.02666666666666667,"myCurrBet":0.013333333333333334,"step":0.25,"position":1,"bluff":0,"handValue":0.1032,"percentBets_1":0.0425531914893617,"percentBets_2":0.19047619047619047,"percentBets_3":0.07272727272727272},"output":{"chips":0.5}},
{"input":{"Win":0,"Lose":0.02666666666666667,"myCurrBet":0.013333333333333334,"step":0.5,"position":1,"bluff":0,"handValue":0.10310000000000001,"percentBets_1":0.0425531914893617,"percentBets_2":0.19047619047619047,"percentBets_3":0.07272727272727272},"output":{"chips":0.5}},
{"input":{"Win":0,"Lose":0.02666666666666667,"myCurrBet":0.02,"step":0.75,"position":1,"bluff":1,"handValue":0.10360000000000001,"percentBets_1":0.0851063829787234,"percentBets_2":0.38095238095238093,"percentBets_3":0.14545454545454545},"output":{"chips":0.5}},
{"input":{"Win":0,"Lose":0.02666666666666667,"myCurrBet":0.013333333333333334,"step":0.75,"position":1,"bluff":1,"handValue":0.10360000000000001,"percentBets_1":0.0425531914893617,"percentBets_2":0.19047619047619047,"percentBets_3":0.07272727272727272},"output":{"chips":1}},
{"input":{"Win":0.1348314606741573,"Lose":0,"myCurrBet":0,"step":0,"position":1,"bluff":0,"percentBets_1":0.011627906976744186,"percentBets_2":0.044444444444444446,"handValue":0.600802,"percentBets_3":0.0851063829787234},"output":{"chips":0.5}},
{"input":{"Win":0.1348314606741573,"Lose":0,"myCurrBet":0.013333333333333334,"step":0,"position":1,"bluff":0,"handValue":0.600802,"percentBets_1":0.09302325581395349,"percentBets_2":0.17777777777777778,"percentBets_3":0.1702127659574468},"output":{"chips":0.5}},
{"input":{"Win":0.1348314606741573,"Lose":0,"myCurrBet":0.02666666666666667,"step":0.25,"position":1,"bluff":0,"handValue":0.1015,"percentBets_1":0.09302325581395349,"percentBets_2":0.17777777777777778,"percentBets_3":0.1702127659574468},"output":{"chips":0.5}},
{"input":{"Win":0.1348314606741573,"Lose":0,"myCurrBet":0.02666666666666667,"step":0.5,"position":1,"bluff":0,"handValue":0.300000020108,"percentBets_1":0.09302325581395349,"percentBets_2":0.17777777777777778,"percentBets_3":0.1702127659574468},"output":{"chips":0.5}},
{"input":{"Win":0.1348314606741573,"Lose":0,"myCurrBet":0.02666666666666667,"step":0.75,"position":1,"bluff":0,"handValue":0.601008060201,"percentBets_1":0.09302325581395349,"percentBets_2":0.17777777777777778,"percentBets_3":0.1702127659574468},"output":{"chips":0}},
{"input":{"Win":0,"Lose":0.02666666666666667,"myCurrBet":0,"step":0,"position":1,"bluff":0,"percentBets_1":0.01282051282051282,"percentBets_2":0.05405405405405406,"handValue":0.1009,"percentBets_3":0.10256410256410256},"output":{"chips":0.5}},
{"input":{"Win":0,"Lose":0.02666666666666667,"myCurrBet":0.013333333333333334,"step":0,"position":1,"bluff":0,"handValue":0.1009,"percentBets_1":0.10256410256410256,"percentBets_2":0.21621621621621623,"percentBets_3":0.20512820512820512},"output":{"chips":0.5}},
{"input":{"Win":0,"Lose":0.02666666666666667,"myCurrBet":0.02666666666666667,"step":0.75,"position":1,"bluff":0,"handValue":0.10310000000000001,"percentBets_1":0.10256410256410256,"percentBets_2":0.21621621621621623,"percentBets_3":0.20512820512820512},"output":{"chips":0.5}},
{"input":{"Win":0,"Lose":0.02666666666666667,"myCurrBet":0.02666666666666667,"step":0.5,"position":1,"bluff":0,"handValue":0.10210000000000001,"percentBets_1":0.10256410256410256,"percentBets_2":0.21621621621621623,"percentBets_3":0.20512820512820512},"output":{"chips":0.5}},
{"input":{"Win":0,"Lose":0.02666666666666667,"myCurrBet":0.02666666666666667,"step":0.25,"position":1,"bluff":0,"handValue":0.1017,"percentBets_1":0.10256410256410256,"percentBets_2":0.21621621621621623,"percentBets_3":0.20512820512820512},"output":{"chips":0.5}},
{"input":{"Win":0,"Lose":0.013333333333333334,"myCurrBet":0,"step":0,"position":1,"bluff":0,"percentBets_1":0.00980392156862745,"percentBets_2":0.06896551724137931,"handValue":0.600502,"percentBets_3":0.06451612903225806},"output":{"chips":0.5}},
{"input":{"Win":0,"Lose":0.013333333333333334,"myCurrBet":0.006666666666666667,"step":0,"position":1,"bluff":0,"handValue":0.600502,"percentBets_1":0.0392156862745098,"percentBets_2":0.13793103448275862,"percentBets_3":0.12903225806451613},"output":{"chips":0.5}},
{"input":{"Win":0,"Lose":0.013333333333333334,"myCurrBet":0.013333333333333334,"step":0.25,"position":1,"bluff":0,"handValue":0.1034,"percentBets_1":0.0392156862745098,"percentBets_2":0.13793103448275862,"percentBets_3":0.12903225806451613},"output":{"chips":0.5}},
{"input":{"Win":0,"Lose":0.013333333333333334,"myCurrBet":0.013333333333333334,"step":0.5,"position":1,"bluff":1,"handValue":0.500000000011,"percentBets_1":0.0392156862745098,"percentBets_2":0.13793103448275862,"percentBets_3":0.12903225806451613},"output":{"chips":0.5}},
{"input":{"Win":0,"Lose":0.013333333333333334,"myCurrBet":0.013333333333333334,"step":0.75,"position":1,"bluff":0,"handValue":0.500000000011,"percentBets_1":0.0392156862745098,"percentBets_2":0.13793103448275862,"percentBets_3":0.12903225806451613},"output":{"chips":0}},
{"input":{"Win":0,"Lose":0,"myCurrBet":0,"step":0,"position":1,"bluff":0,"percentBets_1":0.01020408163265306,"percentBets_2":0.08,"handValue":0.600604,"percentBets_3":0.046511627906976744},"output":{"chips":0.5}},
{"input":{"Win":0,"Lose":0,"myCurrBet":0.013333333333333334,"step":0.25,"position":1,"bluff":0,"handValue":0.1033,"percentBets_1":0.04081632653061224,"percentBets_2":0.16,"percentBets_3":0.09302325581395349},"output":{"chips":0.5}},
{"input":{"Win":0,"Lose":0,"myCurrBet":0.006666666666666667,"step":0,"position":1,"bluff":0,"handValue":0.600604,"percentBets_1":0.04081632653061224,"percentBets_2":0.16,"percentBets_3":0.09302325581395349},"output":{"chips":0.5}},
{"input":{"Win":0,"Lose":0,"myCurrBet":0.013333333333333334,"step":0.5,"position":1,"bluff":0,"handValue":0.601106040301,"percentBets_1":0.04081632653061224,"percentBets_2":0.16,"percentBets_3":0.09302325581395349},"output":{"chips":0.5}},
{"input":{"Win":0,"Lose":0,"myCurrBet":0.013333333333333334,"step":0.75,"position":1,"bluff":0,"handValue":0.601106040301,"percentBets_1":0.04081632653061224,"percentBets_2":0.16,"percentBets_3":0.13953488372093023},"output":{"chips":0}},
{"input":{"Win":0,"Lose":0.02666666666666667,"myCurrBet":0,"step":0,"position":1,"bluff":0,"percentBets_1":0.010638297872340425,"percentBets_2":0.09523809523809523,"handValue":0.601309,"percentBets_3":0.03636363636363636},"output":{"chips":0.5}},
{"input":{"Win":0,"Lose":0.02666666666666667,"myCurrBet":0.006666666666666667,"step":0,"position":1,"bluff":0,"handValue":0.601309,"percentBets_1":0.0425531914893617,"percentBets_2":0.19047619047619047,"percentBets_3":0.07272727272727272},"output":{"chips":0.5}},
{"input":{"Win":0,"Lose":0.02666666666666667,"myCurrBet":0.013333333333333334,"step":0.25,"position":1,"bluff":0,"handValue":0.10250000000000001,"percentBets_1":0.0425531914893617,"percentBets_2":0.19047619047619047,"percentBets_3":0.07272727272727272},"output":{"chips":0.5}},
{"input":{"Win":0,"Lose":0.02666666666666667,"myCurrBet":0.013333333333333334,"step":0.5,"position":1,"bluff":0,"handValue":0.1029,"percentBets_1":0.0425531914893617,"percentBets_2":0.19047619047619047,"percentBets_3":0.07272727272727272},"output":{"chips":0.5}},
{"input":{"Win":0,"Lose":0.02666666666666667,"myCurrBet":0.013333333333333334,"step":0.75,"position":1,"bluff":0,"handValue":0.10360000000000001,"percentBets_1":0.0425531914893617,"percentBets_2":0.19047619047619047,"percentBets_3":0.07272727272727272},"output":{"chips":0.5}},
{"input":{"Win":0.13793103448275862,"Lose":0,"myCurrBet":0,"step":0,"position":1,"bluff":0,"percentBets_1":0.011111111111111112,"percentBets_2":0.11764705882352941,"handValue":0.1014,"percentBets_3":0.029850746268656716},"output":{"chips":0.5}},
{"input":{"Win":0.13793103448275862,"Lose":0,"myCurrBet":0.013333333333333334,"step":0.25,"position":1,"bluff":1,"handValue":0.10250000000000001,"percentBets_1":0.044444444444444446,"percentBets_2":0.23529411764705882,"percentBets_3":0.05970149253731343},"output":{"chips":0.5}},
{"input":{"Win":0.13793103448275862,"Lose":0,"myCurrBet":0.013333333333333334,"step":0.5,"position":1,"bluff":1,"handValue":0.10260000000000001,"percentBets_1":0.044444444444444446,"percentBets_2":0.23529411764705882,"percentBets_3":0.05970149253731343},"output":{"chips":1}},
{"input":{"Win":0.13793103448275862,"Lose":0,"myCurrBet":0.006666666666666667,"step":0,"position":1,"bluff":0,"handValue":0.1014,"percentBets_1":0.044444444444444446,"percentBets_2":0.23529411764705882,"percentBets_3":0.05970149253731343},"output":{"chips":0.5}},
{"input":{"Win":0.13793103448275862,"Lose":0,"myCurrBet":0.02666666666666667,"step":0.75,"position":1,"bluff":0,"handValue":0.601312090805,"percentBets_1":0.08888888888888889,"percentBets_2":0.47058823529411764,"percentBets_3":0.11940298507462686},"output":{"chips":0}},
{"input":{"Win":0.13793103448275862,"Lose":0,"myCurrBet":0.02,"step":0.5,"position":1,"bluff":0,"handValue":0.10260000000000001,"percentBets_1":0.08888888888888889,"percentBets_2":0.47058823529411764,"percentBets_3":0.11940298507462686},"output":{"chips":0.5}},
{"input":{"Win":0,"Lose":0.013333333333333334,"myCurrBet":0,"step":0,"position":1,"bluff":0,"percentBets_1":0.012195121951219513,"percentBets_2":0.2222222222222222,"handValue":0.1013,"percentBets_3":0.03389830508474576},"output":{"chips":0.5}},
{"input":{"Win":0,"Lose":0.013333333333333334,"myCurrBet":0.006666666666666667,"step":0,"position":1,"bluff":0,"handValue":0.1013,"percentBets_1":0.04878048780487805,"percentBets_2":0.4444444444444444,"percentBets_3":0.06779661016949153},"output":{"chips":0.5}},
{"input":{"Win":0,"Lose":0.013333333333333334,"myCurrBet":0.013333333333333334,"step":0.25,"position":1,"bluff":0,"handValue":0.10310000000000001,"percentBets_1":0.04878048780487805,"percentBets_2":0.4444444444444444,"percentBets_3":0.06779661016949153},"output":{"chips":0.5}},
{"input":{"Win":0,"Lose":0.013333333333333334,"myCurrBet":0.013333333333333334,"step":0.75,"position":1,"bluff":0,"handValue":0.1029,"percentBets_1":0.04878048780487805,"percentBets_2":0.4444444444444444,"percentBets_3":0.06779661016949153},"output":{"chips":0.5}},
{"input":{"Win":0,"Lose":0.013333333333333334,"myCurrBet":0.013333333333333334,"step":0.5,"position":1,"bluff":0,"handValue":0.1022,"percentBets_1":0.04878048780487805,"percentBets_2":0.4444444444444444,"percentBets_3":0.06779661016949153},"output":{"chips":0.5}},
{"input":{"Win":0,"Lose":0.013333333333333334,"myCurrBet":0.006666666666666667,"step":0,"position":1,"bluff":0,"handValue":0.10110000000000001,"percentBets_1":0.05128205128205128,"percentBets_2":0.19047619047619047,"percentBets_3":0.07272727272727272},"output":{"chips":0.5}},
{"input":{"Win":0,"Lose":0.013333333333333334,"myCurrBet":0,"step":0,"position":1,"bluff":0,"percentBets_1":0.01282051282051282,"percentBets_2":0.09523809523809523,"handValue":0.10110000000000001,"percentBets_3":0.03636363636363636},"output":{"chips":0.5}},
{"input":{"Win":0,"Lose":0.013333333333333334,"myCurrBet":0.013333333333333334,"step":0.25,"position":1,"bluff":0,"handValue":0.10300000000000001,"percentBets_1":0.05128205128205128,"percentBets_2":0.19047619047619047,"percentBets_3":0.07272727272727272},"output":{"chips":0.5}},
{"input":{"Win":0,"Lose":0.013333333333333334,"myCurrBet":0.013333333333333334,"step":0.75,"position":1,"bluff":0,"handValue":0.10400000000000001,"percentBets_1":0.05128205128205128,"percentBets_2":0.19047619047619047,"percentBets_3":0.07272727272727272},"output":{"chips":0.5}},
{"input":{"Win":0,"Lose":0.013333333333333334,"myCurrBet":0.013333333333333334,"step":0.5,"position":1,"bluff":0,"handValue":0.1042,"percentBets_1":0.05128205128205128,"percentBets_2":0.19047619047619047,"percentBets_3":0.07272727272727272},"output":{"chips":0.5}},
{"input":{"Win":0,"Lose":0.013333333333333334,"myCurrBet":0,"step":0,"position":1,"bluff":0,"percentBets_1":0.011111111111111112,"percentBets_2":0.11764705882352941,"handValue":0.1,"percentBets_3":0.0392156862745098},"output":{"chips":0.5}},
{"input":{"Win":0,"Lose":0.013333333333333334,"myCurrBet":0.013333333333333334,"step":0.5,"position":1,"bluff":0,"handValue":0.1028,"percentBets_1":0.044444444444444446,"percentBets_2":0.23529411764705882,"percentBets_3":0.0784313725490196},"output":{"chips":0.5}},
{"input":{"Win":0,"Lose":0.013333333333333334,"myCurrBet":0.013333333333333334,"step":0.25,"position":1,"bluff":0,"handValue":0.10260000000000001,"percentBets_1":0.044444444444444446,"percentBets_2":0.23529411764705882,"percentBets_3":0.0784313725490196},"output":{"chips":0.5}},
{"input":{"Win":0,"Lose":0.013333333333333334,"myCurrBet":0.006666666666666667,"step":0,"position":1,"bluff":0,"handValue":0.1,"percentBets_1":0.044444444444444446,"percentBets_2":0.23529411764705882,"percentBets_3":0.0784313725490196},"output":{"chips":0.5}},
{"input":{"Win":0,"Lose":0.013333333333333334,"myCurrBet":0.013333333333333334,"step":0.75,"position":1,"bluff":0,"handValue":0.1037,"percentBets_1":0.044444444444444446,"percentBets_2":0.23529411764705882,"percentBets_3":0.0784313725490196},"output":{"chips":0.5}},
{"input":{"Win":0,"Lose":0.013333333333333334,"myCurrBet":0.013333333333333334,"step":0.25,"position":1,"bluff":1,"handValue":0.300000050103,"percentBets_1":0.046511627906976744,"percentBets_2":0.3076923076923077,"percentBets_3":0.06349206349206349},"output":{"chips":0.5}},
{"input":{"Win":0,"Lose":0.013333333333333334,"myCurrBet":0.006666666666666667,"step":0,"position":1,"bluff":0,"handValue":0.1,"percentBets_1":0.046511627906976744,"percentBets_2":0.3076923076923077,"percentBets_3":0.06349206349206349},"output":{"chips":0.5}},
{"input":{"Win":0,"Lose":0.013333333333333334,"myCurrBet":0,"step":0,"position":1,"bluff":0,"percentBets_1":0.011627906976744186,"percentBets_2":0.15384615384615385,"handValue":0.1,"percentBets_3":0.031746031746031744},"output":{"chips":0.5}},
{"input":{"Win":0,"Lose":0.013333333333333334,"myCurrBet":0.013333333333333334,"step":0.5,"position":1,"bluff":0,"handValue":0.300000050103,"percentBets_1":0.046511627906976744,"percentBets_2":0.3076923076923077,"percentBets_3":0.06349206349206349},"output":{"chips":0.5}},
{"input":{"Win":0,"Lose":0.013333333333333334,"myCurrBet":0.013333333333333334,"step":0.75,"position":1,"bluff":0,"handValue":0.30000005010999997,"percentBets_1":0.046511627906976744,"percentBets_2":0.3076923076923077,"percentBets_3":0.06349206349206349},"output":{"chips":0.5}},
{"input":{"Win":0,"Lose":0.013333333333333334,"myCurrBet":0.006666666666666667,"step":0,"position":1,"bluff":0,"handValue":0.10110000000000001,"percentBets_1":0.04878048780487805,"percentBets_2":0.4444444444444444,"percentBets_3":0.05333333333333334},"output":{"chips":0.5}},
{"input":{"Win":0,"Lose":0.013333333333333334,"myCurrBet":0.013333333333333334,"step":0.5,"position":1,"bluff":0,"handValue":0.1024,"percentBets_1":0.04878048780487805,"percentBets_2":0.4444444444444444,"percentBets_3":0.05333333333333334},"output":{"chips":0.5}},
{"input":{"Win":0,"Lose":0.013333333333333334,"myCurrBet":0,"step":0,"position":1,"bluff":0,"percentBets_1":0.012195121951219513,"percentBets_2":0.2222222222222222,"handValue":0.10110000000000001,"percentBets_3":0.02666666666666667},"output":{"chips":0.5}},
{"input":{"Win":0,"Lose":0.013333333333333334,"myCurrBet":0.013333333333333334,"step":0.25,"position":1,"bluff":0,"handValue":0.1014,"percentBets_1":0.04878048780487805,"percentBets_2":0.4444444444444444,"percentBets_3":0.05333333333333334},"output":{"chips":0.5}},
{"input":{"Win":0,"Lose":0.013333333333333334,"myCurrBet":0.013333333333333334,"step":0.75,"position":1,"bluff":0,"handValue":0.1033,"percentBets_1":0.04878048780487805,"percentBets_2":0.4444444444444444,"percentBets_3":0.05333333333333334},"output":{"chips":0.5}},
{"input":{"Win":0,"Lose":0.05333333333333334,"myCurrBet":0.02666666666666667,"step":0.25,"position":1,"bluff":1,"handValue":0.1029,"percentBets_1":0.10256410256410256,"percentBets_2":0.38095238095238093,"percentBets_3":0.14084507042253522},"output":{"chips":1}},
{"input":{"Win":0,"Lose":0.05333333333333334,"myCurrBet":0,"step":0,"position":1,"bluff":0,"percentBets_1":0.01282051282051282,"percentBets_2":0.09523809523809523,"handValue":0.1023,"percentBets_3":0.056338028169014086},"output":{"chips":0.5}},
{"input":{"Win":0,"Lose":0.05333333333333334,"myCurrBet":0.04,"step":0.25,"position":1,"bluff":0,"handValue":0.1029,"percentBets_1":0.20512820512820512,"percentBets_2":0.7619047619047619,"percentBets_3":0.22535211267605634},"output":{"chips":0.5}},
{"input":{"Win":0,"Lose":0.05333333333333334,"myCurrBet":0.05333333333333334,"step":0.5,"position":1,"bluff":0,"handValue":0.10360000000000001,"percentBets_1":0.20512820512820512,"percentBets_2":0.7619047619047619,"percentBets_3":0.22535211267605634},"output":{"chips":0}},
{"input":{"Win":0,"Lose":0.05333333333333334,"myCurrBet":0.013333333333333334,"step":0,"position":1,"bluff":0,"handValue":0.1023,"percentBets_1":0.10256410256410256,"percentBets_2":0.38095238095238093,"percentBets_3":0.11267605633802817},"output":{"chips":0.5}},
{"input":{"Win":0,"Lose":0.05333333333333334,"myCurrBet":0.05333333333333334,"step":0.5,"position":1,"bluff":0,"handValue":0.10360000000000001,"percentBets_1":0.20512820512820512,"percentBets_2":0.7619047619047619,"percentBets_3":0.22535211267605634},"output":{"chips":0}},
{"input":{"Win":0,"Lose":0.013333333333333334,"myCurrBet":0,"step":0,"position":1,"bluff":0,"percentBets_1":0.007936507936507936,"percentBets_2":0.4,"handValue":0.10210000000000001,"percentBets_3":0.03636363636363636},"output":{"chips":0.5}},
{"input":{"Win":0,"Lose":0.013333333333333334,"myCurrBet":0.013333333333333334,"step":0.5,"position":1,"bluff":0,"handValue":0.1043,"percentBets_1":0.031746031746031744,"percentBets_2":0.8,"percentBets_3":0.07272727272727272},"output":{"chips":0.5}},
{"input":{"Win":0,"Lose":0.013333333333333334,"myCurrBet":0.013333333333333334,"step":0.25,"position":1,"bluff":1,"handValue":0.1033,"percentBets_1":0.031746031746031744,"percentBets_2":0.8,"percentBets_3":0.07272727272727272},"output":{"chips":0.5}},
{"input":{"Win":0,"Lose":0.013333333333333334,"myCurrBet":0.006666666666666667,"step":0,"position":1,"bluff":0,"handValue":0.10210000000000001,"percentBets_1":0.031746031746031744,"percentBets_2":0.8,"percentBets_3":0.07272727272727272},"output":{"chips":0.5}},
{"input":{"Win":0,"Lose":0.013333333333333334,"myCurrBet":0.013333333333333334,"step":0.75,"position":1,"bluff":0,"handValue":0.1052,"percentBets_1":0.031746031746031744,"percentBets_2":0.8,"percentBets_3":0.07272727272727272},"output":{"chips":0.5}},
{"input":{"Win":0,"Lose":0,"myCurrBet":0.01,"step":0,"position":1,"bluff":0,"handValue":0.10210000000000001,"percentBets_1":0.04316546762589928,"percentBets_2":0.17647058823529413},"output":{"chips":0.5}},
{"input":{"Win":0,"Lose":0,"myCurrBet":0,"step":0,"position":1,"bluff":1,"percentBets_1":0.01079136690647482,"percentBets_2":0.058823529411764705,"handValue":0.10210000000000001},"output":{"chips":0.5}},
{"input":{"Win":0,"Lose":0,"myCurrBet":0.03,"step":0,"position":1,"bluff":1,"handValue":0.10210000000000001,"percentBets_1":0.12949640287769784,"percentBets_2":0.35294117647058826},"output":{"chips":0.5}},
{"input":{"Win":0,"Lose":0,"myCurrBet":0.06,"step":0.25,"position":1,"bluff":0,"handValue":0.1039,"percentBets_1":0.12949640287769784,"percentBets_2":0.4117647058823529},"output":{"chips":0.5}},
{"input":{"Win":0,"Lose":0,"myCurrBet":0.08,"step":0.5,"position":1,"bluff":0,"handValue":0.1043,"percentBets_1":0.17266187050359713,"percentBets_2":0.5294117647058824},"output":{"chips":0.5}},
{"input":{"Win":0,"Lose":0,"myCurrBet":0.07,"step":0.25,"position":1,"bluff":0,"handValue":0.1039,"percentBets_1":0.17266187050359713,"percentBets_2":0.47058823529411764},"output":{"chips":0.5}},
{"input":{"Win":0,"Lose":0,"myCurrBet":0.11,"step":0.5,"position":1,"bluff":0,"handValue":0.1043,"percentBets_1":0.302158273381295,"percentBets_2":0.8235294117647058},"output":{"chips":0}},
{"input":{"Win":0,"Lose":0,"myCurrBet":0.09,"step":0.5,"position":1,"bluff":1,"handValue":0.1043,"percentBets_1":0.2158273381294964,"percentBets_2":0.5882352941176471},"output":{"chips":1}},
{"input":{"Win":0,"Lose":0.15,"myCurrBet":0,"step":0,"position":1,"bluff":0,"percentBets_1":0.015463917525773196,"percentBets_2":0.023809523809523808,"handValue":0.601104},"output":{"chips":1}},
{"input":{"Win":0,"Lose":0.15,"myCurrBet":0.02,"step":0,"position":1,"bluff":1,"handValue":0.601104,"percentBets_1":0.12371134020618557,"percentBets_2":0},"output":{"chips":0.5}},
{"input":{"Win":0,"Lose":0.15,"myCurrBet":0.04,"step":0.5,"position":1,"bluff":0,"handValue":0.1015,"percentBets_1":0.12371134020618557},"output":{"chips":0.5}},
{"input":{"Win":0,"Lose":0.15,"myCurrBet":0.04,"step":0.75,"position":1,"bluff":0,"handValue":0.10200000000000001,"percentBets_1":0.12371134020618557},"output":{"chips":0.5}},
{"input":{"Win":0,"Lose":0.15,"myCurrBet":0.04,"step":0.25,"position":1,"bluff":0,"handValue":0.10120000000000001,"percentBets_1":0.12371134020618557},"output":{"chips":0.5}},
{"input":{"Win":0,"Lose":0,"myCurrBet":0,"step":0,"position":1,"bluff":1,"percentBets_1":0.013392857142857142,"percentBets_2":0.024390243902439025,"handValue":0.1},"output":{"chips":0.5}},
{"input":{"Win":0,"Lose":0,"myCurrBet":0.03,"step":0,"position":1,"bluff":0,"handValue":0.1,"percentBets_1":0.16071428571428573,"percentBets_2":0.14634146341463414},"output":{"chips":0.5}},
{"input":{"Win":0,"Lose":0,"myCurrBet":0.01,"step":0,"position":1,"bluff":0,"handValue":0.1,"percentBets_1":0.05357142857142857,"percentBets_2":0.07317073170731707},"output":{"chips":0.5}},
{"input":{"Win":0,"Lose":0,"myCurrBet":0.06,"step":0.5,"position":1,"bluff":1,"handValue":0.1022,"percentBets_1":0.16071428571428573,"percentBets_2":0.14634146341463414},"output":{"chips":1}},
{"input":{"Win":0,"Lose":0,"myCurrBet":0.06,"step":0.25,"position":1,"bluff":1,"handValue":0.1017,"percentBets_1":0.16071428571428573,"percentBets_2":0.14634146341463414},"output":{"chips":0.5}},
{"input":{"Win":0,"Lose":0,"myCurrBet":0.07,"step":0.5,"position":1,"bluff":0,"handValue":0.1022,"percentBets_1":0.21428571428571427,"percentBets_2":0.14634146341463414},"output":{"chips":0.5}},
{"input":{"Win":0,"Lose":0,"myCurrBet":0.08,"step":0.75,"position":1,"bluff":1,"handValue":0.1033,"percentBets_1":0.21428571428571427},"output":{"chips":1}},
{"input":{"Win":0,"Lose":0,"myCurrBet":0.09,"step":0.75,"position":1,"bluff":0,"handValue":0.1033,"percentBets_1":0.26785714285714285},"output":{"chips":0}},
{"input":{"Win":0.02553191489361702,"Lose":0,"myCurrBet":0.02,"step":0.25,"position":1,"bluff":0,"handValue":0.10260000000000001,"percentBets_1":0.03821656050955414,"percentBets_2":0.05714285714285714},"output":{"chips":0.5}},
{"input":{"Win":0.02553191489361702,"Lose":0,"myCurrBet":0.01,"step":0,"position":1,"bluff":1,"handValue":0.10110000000000001,"percentBets_1":0.03821656050955414,"percentBets_2":0.05714285714285714},"output":{"chips":0.5}},
{"input":{"Win":0.02553191489361702,"Lose":0,"myCurrBet":0.02,"step":0.5,"position":1,"bluff":0,"handValue":0.1033,"percentBets_1":0.03821656050955414,"percentBets_2":0.08571428571428572},"output":{"chips":0.5}},
{"input":{"Win":0.02553191489361702,"Lose":0,"myCurrBet":0,"step":0,"position":1,"bluff":0,"percentBets_1":0.009554140127388535,"percentBets_2":0.02857142857142857,"handValue":0.10110000000000001},"output":{"chips":0.5}},
{"input":{"Win":0.02553191489361702,"Lose":0,"myCurrBet":0.03,"step":0.5,"position":1,"bluff":1,"handValue":0.1033,"percentBets_1":0.07643312101910828,"percentBets_2":0.05714285714285714},"output":{"chips":1}},
{"input":{"Win":0.02553191489361702,"Lose":0,"myCurrBet":0.08,"step":0.75,"position":1,"bluff":0,"handValue":0.1028,"percentBets_1":0.15286624203821655},"output":{"chips":0.5}},
{"input":{"Win":0.02553191489361702,"Lose":0,"myCurrBet":0.05,"step":0.5,"position":1,"bluff":0,"handValue":0.1033,"percentBets_1":0.15286624203821655},"output":{"chips":0.5}},
{"input":{"Win":0,"Lose":0.04,"myCurrBet":0,"step":0,"position":1,"bluff":1,"percentBets_1":0.011278195488721804,"percentBets_2":0.03125,"handValue":0.1014},"output":{"chips":1}},
{"input":{"Win":0,"Lose":0.04,"myCurrBet":0.02,"step":0,"position":1,"bluff":0,"handValue":0.1014,"percentBets_1":0.09022556390977443,"percentBets_2":0.125},"output":{"chips":0.5}},
{"input":{"Win":0,"Lose":0.04,"myCurrBet":0.04,"step":0.5,"position":1,"bluff":1,"handValue":0.1046,"percentBets_1":0.09022556390977443,"percentBets_2":0.125},"output":{"chips":0.5}},
{"input":{"Win":0,"Lose":0.04,"myCurrBet":0.04,"step":0.75,"position":1,"bluff":0,"handValue":0.1033,"percentBets_1":0.09022556390977443,"percentBets_2":0.125},"output":{"chips":0.5}},
{"input":{"Win":0,"Lose":0.04,"myCurrBet":0.04,"step":0.25,"position":1,"bluff":0,"handValue":0.1042,"percentBets_1":0.09022556390977443,"percentBets_2":0.125},"output":{"chips":0.5}},
{"input":{"Win":0,"Lose":0.04,"myCurrBet":0,"step":0,"position":1,"bluff":0,"percentBets_1":0.012396694214876033,"percentBets_2":0.025,"handValue":0.1013},"output":{"chips":1}},
{"input":{"Win":0,"Lose":0.04,"myCurrBet":0.04,"step":0.75,"position":1,"bluff":0,"handValue":0.300000050211,"percentBets_1":0.09917355371900827,"percentBets_2":0.1},"output":{"chips":0.5}},
{"input":{"Win":0,"Lose":0.04,"myCurrBet":0.04,"step":0.5,"position":1,"bluff":0,"handValue":0.300000050211,"percentBets_1":0.09917355371900827,"percentBets_2":0.1},"output":{"chips":0.5}},
{"input":{"Win":0,"Lose":0.04,"myCurrBet":0.02,"step":0,"position":1,"bluff":0,"handValue":0.1013,"percentBets_1":0.09917355371900827,"percentBets_2":0.1},"output":{"chips":0.5}},
{"input":{"Win":0,"Lose":0.04,"myCurrBet":0.04,"step":0.25,"position":1,"bluff":0,"handValue":0.1019,"percentBets_1":0.09917355371900827,"percentBets_2":0.1},"output":{"chips":0.5}},
{"input":{"Win":0,"Lose":0.06,"myCurrBet":0,"step":0,"position":1,"bluff":0,"percentBets_1":0.013761467889908258,"percentBets_2":0.020833333333333332,"handValue":0.1015},"output":{"chips":1}},
{"input":{"Win":0,"Lose":0.06,"myCurrBet":0.02,"step":0,"position":1,"bluff":0,"handValue":0.1015,"percentBets_1":0.11009174311926606,"percentBets_2":0.08333333333333333},"output":{"chips":0.5}},
{"input":{"Win":0,"Lose":0.06,"myCurrBet":0.05,"step":0.25,"position":1,"bluff":0,"handValue":0.10410000000000001,"percentBets_1":0.1651376146788991,"percentBets_2":0.08333333333333333},"output":{"chips":0.5}},
{"input":{"Win":0,"Lose":0.06,"myCurrBet":0.06,"step":0.5,"position":1,"bluff":0,"handValue":0.1046,"percentBets_1":0.1651376146788991},"output":{"chips":0.5}},
{"input":{"Win":0,"Lose":0.06,"myCurrBet":0.06,"step":0.75,"position":1,"bluff":0,"handValue":0.10490000000000001,"percentBets_1":0.1651376146788991},"output":{"chips":0.5}},
{"input":{"Win":0,"Lose":0.06,"myCurrBet":0.04,"step":0.25,"position":1,"bluff":0,"handValue":0.10410000000000001,"percentBets_1":0.11009174311926606,"percentBets_2":0.10416666666666667},"output":{"chips":0.5}},
{"input":{"Win":0,"Lose":0.04,"myCurrBet":0.02,"step":0,"position":1,"bluff":1,"handValue":0.601008,"percentBets_1":0.08450704225352113,"percentBets_2":0.09302325581395349},"output":{"chips":0.5}},
{"input":{"Win":0,"Lose":0.04,"myCurrBet":0.04,"step":0.25,"position":1,"bluff":0,"handValue":0.1039,"percentBets_1":0.08450704225352113,"percentBets_2":0.09302325581395349},"output":{"chips":0.5}},
{"input":{"Win":0,"Lose":0.04,"myCurrBet":0.04,"step":0.5,"position":1,"bluff":0,"handValue":0.10350000000000001,"percentBets_1":0.08450704225352113,"percentBets_2":0.09302325581395349},"output":{"chips":0.5}},
{"input":{"Win":0,"Lose":0.04,"myCurrBet":0.04,"step":0.75,"position":1,"bluff":0,"handValue":0.1047,"percentBets_1":0.08450704225352113,"percentBets_2":0.09302325581395349},"output":{"chips":0.5}},
{"input":{"Win":0,"Lose":0.04,"myCurrBet":0,"step":0,"position":1,"bluff":0,"percentBets_1":0.01056338028169014,"percentBets_2":0.023255813953488372,"handValue":0.601008},"output":{"chips":1}},
{"input":{"Win":0,"Lose":0.056666666666666664,"myCurrBet":0.04,"step":0.5,"position":1,"bluff":0,"handValue":0.1034,"percentBets_1":0.09230769230769231,"percentBets_2":0.0784313725490196},"output":{"chips":0.5}},
{"input":{"Win":0,"Lose":0.056666666666666664,"myCurrBet":0,"step":0,"position":1,"bluff":0,"percentBets_1":0.011538461538461539,"percentBets_2":0.0196078431372549,"handValue":0.60111},"output":{"chips":1}},
{"input":{"Win":0,"Lose":0.056666666666666664,"myCurrBet":0.02,"step":0,"position":1,"bluff":0,"handValue":0.60111,"percentBets_1":0.09230769230769231,"percentBets_2":0.0784313725490196},"output":{"chips":0.5}},
{"input":{"Win":0,"Lose":0.056666666666666664,"myCurrBet":0.04,"step":0.25,"position":1,"bluff":0,"handValue":0.1043,"percentBets_1":0.09230769230769231,"percentBets_2":0.0784313725490196},"output":{"chips":0.5}},
{"input":{"Win":0,"Lose":0.056666666666666664,"myCurrBet":0.04,"step":0.75,"position":1,"bluff":0,"handValue":0.1038,"percentBets_1":0.09230769230769231,"percentBets_2":0.0784313725490196},"output":{"chips":0.5}},
