{"input":{"Win":0,"Lose":0.02666666666666667,"myCurrBet":0.0016666666666666668,"step":0,"position":0.25,"bluff":0,"percentBets_2":0.013333333333333334,"handValue":0.600201,"percentBets_3":0.02666666666666667,"percentBets_4":0.02666666666666667},"output":{"chips":1}},
{"input":{"Win":0,"Lose":0.02666666666666667,"myCurrBet":0.013333333333333334,"step":0.25,"position":0.25,"bluff":0,"handValue":0.10120000000000001,"percentBets_2":0.06666666666666667,"percentBets_3":0.06666666666666667,"percentBets_4":0.06666666666666667},"output":{"chips":1}},
{"input":{"Win":0,"Lose":0.02666666666666667,"myCurrBet":0.02,"step":0.5,"position":0.25,"bluff":1,"handValue":0.30000010010899997,"percentBets_2":0.08,"percentBets_3":0.08,"percentBets_4":0.08},"output":{"chips":1}},
{"input":{"Win":0,"Lose":0.02666666666666667,"myCurrBet":0.01,"step":0,"position":0.25,"bluff":0,"handValue":0.600201,"percentBets_2":0.05333333333333334,"percentBets_3":0.05333333333333334,"percentBets_4":0.05333333333333334},"output":{"chips":0.5}},
{"input":{"Win":0,"Lose":0.02666666666666667,"myCurrBet":0.023333333333333334,"step":0.75,"position":0.25,"bluff":1,"handValue":0.300000100112,"percentBets_2":0.09333333333333334,"percentBets_3":0.09333333333333334,"percentBets_4":0.09333333333333334},"output":{"chips":1}},
{"input":{"Win":0,"Lose":0,"myCurrBet":0.0016666666666666668,"step":0,"position":0.25,"bluff":0,"percentBets_2":0.01020408163265306,"handValue":0.10120000000000001,"percentBets_3":0.029411764705882353,"percentBets_4":0.029850746268656716},"output":{"chips":1}},
{"input":{"Win":0,"Lose":0,"myCurrBet":0.01,"step":0,"position":0.25,"bluff":0,"handValue":0.10120000000000001,"percentBets_2":0.04081632653061224,"percentBets_3":0.058823529411764705,"percentBets_4":0.05970149253731343},"output":{"chips":0.5}},
{"input":{"Win":0,"Lose":0,"myCurrBet":0.013333333333333334,"step":0.25,"position":0.25,"bluff":0,"handValue":0.1042,"percentBets_2":0.05102040816326531,"percentBets_3":0.07352941176470588,"percentBets_4":0.07462686567164178},"output":{"chips":1}},
{"input":{"Win":0,"Lose":0,"myCurrBet":0.02,"step":0.5,"position":0.25,"bluff":0,"handValue":0.10300000000000001,"percentBets_2":0.061224489795918366,"percentBets_3":0.08823529411764706,"percentBets_4":0.08955223880597014},"output":{"chips":1}},
{"input":{"Win":0,"Lose":0,"myCurrBet":0.023333333333333334,"step":0.75,"position":0.25,"bluff":0,"handValue":0.10410000000000001,"percentBets_2":0.08163265306122448,"percentBets_3":0.11764705882352941,"percentBets_4":0.11940298507462686},"output":{"chips":0}},
{"input":{"Win":0,"Lose":0,"myCurrBet":0.023333333333333334,"step":0.75,"position":0.25,"bluff":0,"handValue":0.10410000000000001,"percentBets_2":0.07142857142857142,"percentBets_3":0.10294117647058823,"percentBets_4":0.1044776119402985},"output":{"chips":0.5}},
{"input":{"Win":0,"Lose":0.023333333333333334,"myCurrBet":0.023333333333333334,"step":0.25,"position":0.25,"bluff":0,"handValue":0.10300000000000001,"percentBets_2":0.07777777777777778,"percentBets_3":0.11666666666666667,"percentBets_4":0.08888888888888889},"output":{"chips":0}},
{"input":{"Win":0,"Lose":0.023333333333333334,"myCurrBet":0.01,"step":0,"position":0.25,"bluff":0,"handValue":0.1009,"percentBets_2":0.044444444444444446,"percentBets_3":0.06666666666666667,"percentBets_4":0.044444444444444446},"output":{"chips":0.5}},
{"input":{"Win":0,"Lose":0.023333333333333334,"myCurrBet":0.013333333333333334,"step":0.25,"position":0.25,"bluff":0,"handValue":0.10300000000000001,"percentBets_2":0.05555555555555555,"percentBets_3":0.1,"percentBets_4":0.06666666666666667},"output":{"chips":1}},
{"input":{"Win":0,"Lose":0.023333333333333334,"myCurrBet":0.0016666666666666668,"step":0,"position":0.25,"bluff":0,"percentBets_2":0.011111111111111112,"handValue":0.1009,"percentBets_3":0.03333333333333333,"percentBets_4":0.022222222222222223},"output":{"chips":1}},
{"input":{"Win":0,"Lose":0.023333333333333334,"myCurrBet":0.016666666666666666,"step":0.25,"position":0.25,"bluff":0,"handValue":0.10300000000000001,"percentBets_2":0.07317073170731707,"percentBets_3":0.11764705882352941,"percentBets_4":0.05263157894736842},"output":{"chips":0}},
{"input":{"Win":0,"Lose":0.023333333333333334,"myCurrBet":0.01,"step":0,"position":0.25,"bluff":0,"handValue":0.1018,"percentBets_2":0.04878048780487805,"percentBets_3":0.0784313725490196,"percentBets_4":0.03508771929824561},"output":{"chips":0.5}},
{"input":{"Win":0,"Lose":0.023333333333333334,"myCurrBet":0.0016666666666666668,"step":0,"position":0.25,"bluff":0,"percentBets_2":0.012195121951219513,"handValue":0.1018,"percentBets_3":0.0392156862745098,"percentBets_4":0.017543859649122806},"output":{"chips":1}},
{"input":{"Win":0,"Lose":0.023333333333333334,"myCurrBet":0.013333333333333334,"step":0.25,"position":0.25,"bluff":0,"handValue":0.10300000000000001,"percentBets_2":0.04878048780487805,"percentBets_3":0.0784313725490196,"percentBets_4":0.03508771929824561},"output":{"chips":1}},
{"input":{"Win":0,"Lose":0.016666666666666666,"myCurrBet":0.0016666666666666668,"step":0,"position":0.25,"bluff":0,"percentBets_2":0.013333333333333334,"handValue":0.1005,"percentBets_3":0.028169014084507043,"percentBets_4":0.018867924528301886},"output":{"chips":1}},
{"input":{"Win":0,"Lose":0.016666666666666666,"myCurrBet":0.01,"step":0,"position":0.25,"bluff":0,"handValue":0.1005,"percentBets_2":0.05333333333333334,"percentBets_3":0.056338028169014086,"percentBets_4":0.03773584905660377},"output":{"chips":0.5}},
{"input":{"Win":0,"Lose":0.016666666666666666,"myCurrBet":0.013333333333333334,"step":0.25,"position":0.25,"bluff":1,"handValue":0.10260000000000001,"percentBets_2":0.06666666666666667,"percentBets_3":0.07042253521126761,"percentBets_4":0.04716981132075472},"output":{"chips":0.5}},
{"input":{"Win":0,"Lose":0.016666666666666666,"myCurrBet":0.016666666666666666,"step":0.5,"position":0.25,"bluff":0,"handValue":0.1033,"percentBets_2":0.08,"percentBets_3":0.09859154929577464,"percentBets_4":0.0660377358490566},"output":{"chips":0}},
{"input":{"Win":0.07539682539682539,"Lose":0,"myCurrBet":0.013333333333333334,"step":0.25,"position":0.25,"bluff":0,"handValue":0.1034,"percentBets_2":0.07352941176470588,"percentBets_3":0.05555555555555555,"percentBets_4":0.050505050505050504},"output":{"chips":1}},
{"input":{"Win":0.07539682539682539,"Lose":0,"myCurrBet":0.0016666666666666668,"step":0,"position":0.25,"bluff":0,"percentBets_2":0.014705882352941176,"handValue":0.101,"percentBets_3":0.022222222222222223,"percentBets_4":0.020202020202020204},"output":{"chips":1}},
{"input":{"Win":0.07539682539682539,"Lose":0,"myCurrBet":0.01,"step":0,"position":0.25,"bluff":1,"handValue":0.101,"percentBets_2":0.058823529411764705,"percentBets_3":0.044444444444444446,"percentBets_4":0.04040404040404041},"output":{"chips":0.5}},
{"input":{"Win":0.07539682539682539,"Lose":0,"myCurrBet":0.02,"step":0.5,"position":0.25,"bluff":1,"handValue":0.10360000000000001,"percentBets_2":0.10294117647058823,"percentBets_3":0.07777777777777778,"percentBets_4":0.08080808080808081},"output":{"chips":0.5}},
{"input":{"Win":0.07539682539682539,"Lose":0,"myCurrBet":0.02666666666666667,"step":0.75,"position":0.25,"bluff":0,"handValue":0.1027,"percentBets_2":0.11764705882352941,"percentBets_3":0.08888888888888889,"percentBets_4":0.08080808080808081},"output":{"chips":0}},
{"input":{"Win":0.07539682539682539,"Lose":0,"myCurrBet":0.02,"step":0.5,"position":0.25,"bluff":0,"handValue":0.10360000000000001,"percentBets_2":0.08823529411764706,"percentBets_3":0.06666666666666667,"percentBets_4":0.06060606060606061},"output":{"chips":0}},
{"input":{"Win":0,"Lose":0,"myCurrBet":0.0016666666666666668,"step":0,"position":0.25,"bluff":0,"percentBets_2":0.016666666666666666,"handValue":0.10110000000000001,"percentBets_3":0.012195121951219513,"percentBets_4":0.01098901098901099},"output":{"chips":1}},
{"input":{"Win":0,"Lose":0,"myCurrBet":0.006666666666666667,"step":0,"position":0.25,"bluff":0,"handValue":0.10110000000000001,"percentBets_2":0.05,"percentBets_3":0.04878048780487805,"percentBets_4":0.04395604395604396},"output":{"chips":0.5}},
{"input":{"Win":0,"Lose":0,"myCurrBet":0.013333333333333334,"step":0.25,"position":0.25,"bluff":0,"handValue":0.10120000000000001,"percentBets_2":0.06666666666666667,"percentBets_3":0.04878048780487805,"percentBets_4":0.054945054945054944},"output":{"chips":1}},
{"input":{"Win":0,"Lose":0,"myCurrBet":0.02,"step":0.25,"position":0.25,"bluff":0,"handValue":0.10120000000000001,"percentBets_2":0.11666666666666667,"percentBets_3":0.08536585365853659,"percentBets_4":0.07692307692307693},"output":{"chips":0}},
{"input":{"Win":0,"Lose":0.02,"myCurrBet":0.0016666666666666668,"step":0,"position":0.25,"bluff":0,"percentBets_2":0.018867924528301886,"handValue":0.1019,"percentBets_3":0.02666666666666667,"percentBets_4":0.02702702702702703},"output":{"chips":1}},
{"input":{"Win":0,"Lose":0.02,"myCurrBet":0.016666666666666666,"step":0.25,"position":0.25,"bluff":0,"handValue":0.10200000000000001,"percentBets_2":0.11320754716981132,"percentBets_3":0.08,"percentBets_4":0.05405405405405406},"output":{"chips":0}},
{"input":{"Win":0,"Lose":0.02,"myCurrBet":0.013333333333333334,"step":0,"position":0.25,"bluff":0,"handValue":0.1019,"percentBets_2":0.09433962264150944,"percentBets_3":0.06666666666666667,"percentBets_4":0.04504504504504504},"output":{"chips":0.5}},
{"input":{"Win":0,"Lose":0.016666666666666666,"myCurrBet":0.0016666666666666668,"step":0,"position":0.25,"bluff":0,"percentBets_2":0.021739130434782608,"handValue":0.1014,"percentBets_3":0.029411764705882353,"percentBets_4":0.015384615384615385},"output":{"chips":1}},
{"input":{"Win":0,"Lose":0.016666666666666666,"myCurrBet":0.013333333333333334,"step":0.25,"position":0.25,"bluff":0,"handValue":0.1017,"percentBets_2":0.10869565217391304,"percentBets_3":0.07352941176470588,"percentBets_4":0.038461538461538464},"output":{"chips":0}},
{"input":{"Win":0,"Lose":0.016666666666666666,"myCurrBet":0.01,"step":0,"position":0.25,"bluff":1,"handValue":0.1014,"percentBets_2":0.08695652173913043,"percentBets_3":0.058823529411764705,"percentBets_4":0.03076923076923077},"output":{"chips":0.5}},
{"input":{"Win":0,"Lose":0.013333333333333334,"myCurrBet":0.01,"step":0,"position":0.25,"bluff":0,"handValue":0.6007049999999999,"percentBets_2":0.0975609756097561,"percentBets_3":0.06451612903225806,"percentBets_4":0.027586206896551724},"output":{"chips":0}},
{"input":{"Win":0,"Lose":0.013333333333333334,"myCurrBet":0.0016666666666666668,"step":0,"position":0.25,"bluff":0,"percentBets_2":0.024390243902439025,"handValue":0.6007049999999999,"percentBets_3":0.03225806451612903,"percentBets_4":0.013793103448275862},"output":{"chips":1}},
{"input":{"Win":0,"Lose":0.01,"myCurrBet":0.01,"step":0,"position":0.25,"bluff":0,"handValue":0.6012069999999999,"percentBets_2":0.10810810810810811,"percentBets_3":0.06896551724137931,"percentBets_4":0.02564102564102564},"output":{"chips":0}},
{"input":{"Win":0,"Lose":0.01,"myCurrBet":0.0016666666666666668,"step":0,"position":0.25,"bluff":1,"percentBets_2":0.02702702702702703,"handValue":0.6012069999999999,"percentBets_3":0.034482758620689655,"percentBets_4":0.01282051282051282},"output":{"chips":1}},
{"input":{"Win":0,"Lose":0.01,"myCurrBet":0.0016666666666666668,"step":0,"position":0.25,"bluff":1,"percentBets_2":0.03225806451612903,"handValue":0.1014,"percentBets_3":0.0273972602739726,"percentBets_4":0.013333333333333334},"output":{"chips":1}},
{"input":{"Win":0,"Lose":0.01,"myCurrBet":0.01,"step":0,"position":0.25,"bluff":0,"handValue":0.1014,"percentBets_2":0.12903225806451613,"percentBets_3":0.0547945205479452,"percentBets_4":0.02666666666666667},"output":{"chips":0.5}},
{"input":{"Win":0,"Lose":0.01,"myCurrBet":0.013333333333333334,"step":0.25,"position":0.25,"bluff":0,"handValue":0.10410000000000001,"percentBets_2":0.16129032258064516,"percentBets_3":0.0684931506849315,"percentBets_4":0.03333333333333333},"output":{"chips":0}},
{"input":{"Win":0,"Lose":0.013333333333333334,"myCurrBet":0.01,"step":0,"position":0.25,"bluff":1,"handValue":0.600901,"percentBets_2":0.15384615384615385,"percentBets_3":0.04597701149425287,"percentBets_4":0.027586206896551724},"output":{"chips":0.5}},
{"input":{"Win":0,"Lose":0.013333333333333334,"myCurrBet":0.0016666666666666668,"step":0,"position":0.25,"bluff":0,"percentBets_2":0.038461538461538464,"handValue":0.600901,"percentBets_3":0.022988505747126436,"percentBets_4":0.013793103448275862},"output":{"chips":1}},
{"input":{"Win":0,"Lose":0.013333333333333334,"myCurrBet":0.013333333333333334,"step":0.25,"position":0.25,"bluff":0,"handValue":0.101,"percentBets_2":0.19230769230769232,"percentBets_3":0.05747126436781609,"percentBets_4":0.034482758620689655},"output":{"chips":0}},
{"input":{"Win":0,"Lose":0.013333333333333334,"myCurrBet":0.01,"step":0,"position":0.25,"bluff":1,"handValue":0.10210000000000001,"percentBets_2":0.09523809523809523,"percentBets_3":0.04938271604938271,"percentBets_4":0.02877697841726619},"output":{"chips":0.5}},
{"input":{"Win":0,"Lose":0.013333333333333334,"myCurrBet":0.0016666666666666668,"step":0,"position":0.25,"bluff":0,"percentBets_2":0.023809523809523808,"handValue":0.10210000000000001,"percentBets_3":0.024691358024691357,"percentBets_4":0.014388489208633094},"output":{"chips":1}},
{"input":{"Win":0,"Lose":0.013333333333333334,"myCurrBet":0.013333333333333334,"step":0.25,"position":0.25,"bluff":0,"handValue":0.1039,"percentBets_2":0.11904761904761904,"percentBets_3":0.06172839506172839,"percentBets_4":0.03597122302158273},"output":{"chips":0}},
{"input":{"Win":0,"Lose":0.013333333333333334,"myCurrBet":0.0016666666666666668,"step":0,"position":0.25,"bluff":0,"percentBets_2":0.027777777777777776,"handValue":0.601312,"percentBets_3":0.02702702702702703,"percentBets_4":0.01282051282051282},"output":{"chips":1}},
{"input":{"Win":0,"Lose":0.013333333333333334,"myCurrBet":0.01,"step":0,"position":0.25,"bluff":0,"handValue":0.601312,"percentBets_2":0.1111111111111111,"percentBets_3":0.05405405405405406,"percentBets_4":0.02564102564102564},"output":{"chips":0}},
{"input":{"Win":0,"Lose":0.01,"myCurrBet":0.02666666666666667,"step":0.25,"position":0.25,"bluff":0,"handValue":0.1047,"percentBets_2":0.3125},"output":{"chips":0}},
{"input":{"Win":0,"Lose":0.01,"myCurrBet":0.02,"step":0,"position":0.25,"bluff":0,"handValue":0.10110000000000001,"percentBets_2":0.25,"percentBets_3":0,"percentBets_4":0},"output":{"chips":0.5}},
{"input":{"Win":0,"Lose":0.01,"myCurrBet":0.0033333333333333335,"step":0,"position":0.25,"bluff":0,"percentBets_2":0.0625,"handValue":0.10110000000000001,"percentBets_3":0.047058823529411764,"percentBets_4":0.02631578947368421},"output":{"chips":1}},
{"input":{"Win":0,"Lose":0.02666666666666667,"myCurrBet":0.0033333333333333335,"step":0,"position":0.25,"bluff":0,"percentBets_2":0.041666666666666664,"handValue":0.1009,"percentBets_3":0.024691358024691357,"percentBets_4":0.013513513513513514},"output":{"chips":1}},
{"input":{"Win":0,"Lose":0.02666666666666667,"myCurrBet":0.013333333333333334,"step":0,"position":0.25,"bluff":0,"handValue":0.1009,"percentBets_2":0.125,"percentBets_3":0,"percentBets_4":0},"output":{"chips":0.5}},
{"input":{"Win":0,"Lose":0.02666666666666667,"myCurrBet":0.02,"step":0.25,"position":0.25,"bluff":0,"handValue":0.1028,"percentBets_2":0.16666666666666666},"output":{"chips":0}},
{"input":{"Win":0,"Lose":0.02,"myCurrBet":0.0033333333333333335,"step":0,"position":0.25,"bluff":0,"percentBets_2":0.034482758620689655,"handValue":0.1015,"percentBets_3":0.05063291139240506,"percentBets_4":0.0273972602739726},"output":{"chips":1}},
{"input":{"Win":0,"Lose":0.02,"myCurrBet":0.02,"step":0.25,"position":0.25,"bluff":0,"handValue":0.10400000000000001,"percentBets_2":0.10344827586206896,"percentBets_3":0,"percentBets_4":0},"output":{"chips":1}},
{"input":{"Win":0,"Lose":0.02,"myCurrBet":0.02666666666666667,"step":0.25,"position":0.25,"bluff":0,"handValue":0.10400000000000001,"percentBets_2":0.1724137931034483},"output":{"chips":0}},
{"input":{"Win":0.028268551236749116,"Lose":0,"myCurrBet":0.0033333333333333335,"step":0,"position":0.25,"bluff":0,"percentBets_2":0.02702702702702703,"handValue":0.601306,"percentBets_3":0.05333333333333334,"percentBets_4":0.028169014084507043},"output":{"chips":1}},
{"input":{"Win":0.028268551236749116,"Lose":0,"myCurrBet":0.02,"step":0.25,"position":0.25,"bluff":0,"handValue":0.1034,"percentBets_2":0.08108108108108109,"percentBets_3":0,"percentBets_4":0},"output":{"chips":1}},
{"input":{"Win":0.028268551236749116,"Lose":0,"myCurrBet":0.02666666666666667,"step":0.5,"position":0.25,"bluff":0,"handValue":0.1046,"percentBets_2":0.10810810810810811},"output":{"chips":1}},
{"input":{"Win":0,"Lose":0,"myCurrBet":0.02666666666666667,"step":0.25,"position":0.25,"bluff":0,"handValue":0.10260000000000001,"percentBets_2":0.15151515151515152},"output":{"chips":0}},
{"input":{"Win":0,"Lose":0,"myCurrBet":0.0033333333333333335,"step":0,"position":0.25,"bluff":0,"percentBets_2":0.030303030303030304,"handValue":0.1017,"percentBets_3":0.056338028169014086,"percentBets_4":0.028985507246376812},"output":{"chips":1}},
{"input":{"Win":0,"Lose":0,"myCurrBet":0.02,"step":0.25,"position":0.25,"bluff":0,"handValue":0.10260000000000001,"percentBets_2":0.09090909090909091,"percentBets_3":0,"percentBets_4":0},"output":{"chips":1}},
{"input":{"Win":0,"Lose":0.06,"myCurrBet":0.0033333333333333335,"step":0,"position":0.25,"bluff":1,"percentBets_2":0.024390243902439025,"handValue":0.10200000000000001,"percentBets_3":0.05970149253731343,"percentBets_4":0.029850746268656716},"output":{"chips":0.5}},
{"input":{"Win":0,"Lose":0.06,"myCurrBet":0.013333333333333334,"step":0,"position":0.25,"bluff":1,"handValue":0.10200000000000001,"percentBets_2":0.07317073170731707,"percentBets_3":0,"percentBets_4":0},"output":{"chips":0.5}},
{"input":{"Win":0,"Lose":0.06,"myCurrBet":0.03333333333333333,"step":0.5,"position":0.25,"bluff":0,"handValue":0.10450000000000001,"percentBets_2":0.12195121951219512},"output":{"chips":0}},
{"input":{"Win":0,"Lose":0.06,"myCurrBet":0.02,"step":0.25,"position":0.25,"bluff":0,"handValue":0.1039,"percentBets_2":0.0975609756097561},"output":{"chips":1}},
{"input":{"Win":0,"Lose":0.06,"myCurrBet":0.03333333333333333,"step":0.5,"position":0.25,"bluff":1,"handValue":0.10450000000000001,"percentBets_2":0.12195121951219512},"output":{"chips":0.5}},
{"input":{"Win":0.034129692832764506,"Lose":0,"myCurrBet":0.0033333333333333335,"step":0,"position":0.25,"bluff":1,"percentBets_2":0.02,"handValue":0.10210000000000001,"percentBets_3":0.031746031746031744,"percentBets_4":0},"output":{"chips":1}},
{"input":{"Win":0.034129692832764506,"Lose":0,"myCurrBet":0.013333333333333334,"step":0.25,"position":0.25,"bluff":0,"handValue":0.1015,"percentBets_2":0.04,"percentBets_3":0.06349206349206349},"output":{"chips":1}},
{"input":{"Win":0.034129692832764506,"Lose":0,"myCurrBet":0.02,"step":0.5,"position":0.25,"bluff":0,"handValue":0.1023,"percentBets_2":0.06,"percentBets_3":0.06349206349206349},"output":{"chips":1}},
{"input":{"Win":0,"Lose":0,"myCurrBet":0.0033333333333333335,"step":0,"position":0.25,"bluff":1,"percentBets_2":0.02127659574468085,"handValue":0.1,"percentBets_3":0.06779661016949153,"percentBets_4":0.03076923076923077},"output":{"chips":1}},
{"input":{"Win":0,"Lose":0,"myCurrBet":0.02,"step":0.25,"position":0.25,"bluff":0,"handValue":0.10310000000000001,"percentBets_2":0.06382978723404255,"percentBets_3":0.1016949152542373},"output":{"chips":0}},
{"input":{"Win":0,"Lose":0,"myCurrBet":0.02,"step":0.25,"position":0.25,"bluff":0,"handValue":0.30000013120999997,"percentBets_2":0.0851063829787234,"percentBets_3":0.1694915254237288},"output":{"chips":0}},
{"input":{"Win":0,"Lose":0,"myCurrBet":0.02,"step":0.25,"position":0.25,"bluff":0,"handValue":0.10310000000000001,"percentBets_2":0.06382978723404255,"percentBets_3":0.1016949152542373,"percentBets_4":0},"output":{"chips":0}},
{"input":{"Win":0,"Lose":0.04,"myCurrBet":0.02,"step":0.25,"position":0.25,"bluff":0,"handValue":0.1018,"percentBets_2":0.05263157894736842,"percentBets_3":0.12244897959183673,"percentBets_4":0},"output":{"chips":0}},
{"input":{"Win":0,"Lose":0.04,"myCurrBet":0.0033333333333333335,"step":0,"position":0.25,"bluff":0,"percentBets_2":0.017543859649122806,"handValue":0.10120000000000001,"percentBets_3":0.08163265306122448,"percentBets_4":0.031746031746031744},"output":{"chips":1}},
{"input":{"Win":0,"Lose":0.04,"myCurrBet":0.02,"step":0.25,"position":0.25,"bluff":0,"handValue":0.1018,"percentBets_2":0.05263157894736842,"percentBets_3":0.12244897959183673},"output":{"chips":0}},
{"input":{"Win":0,"Lose":0.04,"myCurrBet":0.02,"step":0.25,"position":0.25,"bluff":0,"handValue":0.10260000000000001,"percentBets_2":0.05263157894736842,"percentBets_3":0.12244897959183673},"output":{"chips":0}},
{"input":{"Win":0.03728813559322034,"Lose":0,"myCurrBet":0.0033333333333333335,"step":0,"position":0.25,"bluff":0,"percentBets_2":0.018518518518518517,"handValue":0.10070000000000001,"percentBets_3":0.03076923076923077,"percentBets_4":0},"output":{"chips":1}},
{"input":{"Win":0.03728813559322034,"Lose":0,"myCurrBet":0.013333333333333334,"step":0.25,"position":0.25,"bluff":0,"handValue":0.10250000000000001,"percentBets_2":0.037037037037037035,"percentBets_3":0.06153846153846154},"output":{"chips":1}},
{"input":{"Win":0.03728813559322034,"Lose":0,"myCurrBet":0.016666666666666666,"step":0.5,"position":0.25,"bluff":0,"handValue":0.1034,"percentBets_2":0.037037037037037035,"percentBets_3":0.1076923076923077},"output":{"chips":1}},
{"input":{"Win":0.03728813559322034,"Lose":0,"myCurrBet":0.016666666666666666,"step":0.75,"position":0.25,"bluff":0,"handValue":0.10400000000000001,"percentBets_3":0.1076923076923077},"output":{"chips":0.5}},
{"input":{"Win":0,"Lose":0,"myCurrBet":0.02,"step":0.25,"position":0.25,"bluff":0,"handValue":0.1043,"percentBets_2":0.057692307692307696,"percentBets_3":0.10344827586206896,"percentBets_4":0},"output":{"chips":0}},
{"input":{"Win":0,"Lose":0,"myCurrBet":0.0033333333333333335,"step":0,"position":0.25,"bluff":0,"percentBets_2":0.019230769230769232,"handValue":0.600706,"percentBets_3":0.06896551724137931,"percentBets_4":0.03278688524590164},"output":{"chips":1}},
{"input":{"Win":0,"Lose":0,"myCurrBet":0.02,"step":0.25,"position":0.25,"bluff":0,"handValue":0.1043,"percentBets_2":0.057692307692307696,"percentBets_3":0.13793103448275862},"output":{"chips":0}},
{"input":{"Win":0.035211267605633804,"Lose":0,"myCurrBet":0.02,"step":0.25,"position":0.25,"bluff":0,"handValue":0.10260000000000001,"percentBets_2":0.0625,"percentBets_3":0.07894736842105263,"percentBets_4":0},"output":{"chips":1}},
{"input":{"Win":0.035211267605633804,"Lose":0,"myCurrBet":0.0033333333333333335,"step":0,"position":0.25,"bluff":0,"percentBets_2":0.020833333333333332,"handValue":0.600402,"percentBets_3":0.05263157894736842,"percentBets_4":0.03389830508474576},"output":{"chips":1}},
{"input":{"Win":0.072992700729927,"Lose":0,"myCurrBet":0.02666666666666667,"step":0.25,"position":0.25,"bluff":0,"handValue":0.10350000000000001,"percentBets_2":0.1111111111111111},"output":{"chips":1}},
{"input":{"Win":0.072992700729927,"Lose":0,"myCurrBet":0.04,"step":0.5,"position":0.25,"bluff":0,"handValue":0.10310000000000001,"percentBets_2":0.13333333333333333},"output":{"chips":0}},
{"input":{"Win":0.072992700729927,"Lose":0,"myCurrBet":0.04,"step":0.5,"position":0.25,"bluff":0,"handValue":0.10310000000000001,"percentBets_2":0.13333333333333333},"output":{"chips":0}},
{"input":{"Win":0.072992700729927,"Lose":0,"myCurrBet":0.0033333333333333335,"step":0,"position":0.25,"bluff":0,"percentBets_2":0.022222222222222223,"handValue":0.601004,"percentBets_3":0.05714285714285714,"percentBets_4":0.03508771929824561},"output":{"chips":1}},
{"input":{"Win":0.072992700729927,"Lose":0,"myCurrBet":0.02,"step":0,"position":0.25,"bluff":0,"handValue":0.601004,"percentBets_2":0.08888888888888889,"percentBets_3":0,"percentBets_4":0},"output":{"chips":0.5}},
{"input":{"Win":0,"Lose":0,"myCurrBet":0.0033333333333333335,"step":0,"position":0.25,"bluff":0,"percentBets_2":0.02564102564102564,"handValue":0.6012109999999999,"percentBets_3":0.06060606060606061,"percentBets_4":0.03636363636363636},"output":{"chips":1}},
{"input":{"Win":0,"Lose":0,"myCurrBet":0.02,"step":0,"position":0.25,"bluff":0,"handValue":0.6012109999999999,"percentBets_2":0.10256410256410256,"percentBets_3":0,"percentBets_4":0.07272727272727272},"output":{"chips":0}},
{"input":{"Win":0,"Lose":0.02,"myCurrBet":0.02,"step":0,"position":0.25,"bluff":0,"handValue":0.1,"percentBets_2":0.08163265306122448,"percentBets_3":0,"percentBets_4":0.08},"output":{"chips":0.5}},
{"input":{"Win":0,"Lose":0.02,"myCurrBet":0.0033333333333333335,"step":0,"position":0.25,"bluff":0,"percentBets_2":0.02040816326530612,"handValue":0.1,"percentBets_3":0.06451612903225806,"percentBets_4":0.04},"output":{"chips":1}},
{"input":{"Win":0,"Lose":0.02,"myCurrBet":0.02666666666666667,"step":0.25,"position":0.25,"bluff":1,"handValue":0.1014,"percentBets_2":0.10204081632653061,"percentBets_4":0.1},"output":{"chips":0.5}},
{"input":{"Win":0,"Lose":0.02,"myCurrBet":0.03333333333333333,"step":0.5,"position":0.25,"bluff":0,"handValue":0.300000080607,"percentBets_2":0.12244897959183673,"percentBets_4":0.12},"output":{"chips":0}},
{"input":{"Win":0,"Lose":0.07333333333333333,"myCurrBet":0.005,"step":0,"position":0.25,"bluff":1,"percentBets_2":0.024193548387096774,"handValue":0.1018,"percentBets_3":0.10344827586206896,"percentBets_4":0.06818181818181818},"output":{"chips":0.5}},
{"input":{"Win":0,"Lose":0.07333333333333333,"myCurrBet":0.04,"step":0.5,"position":0.25,"bluff":0,"handValue":0.30000005031099997,"percentBets_2":0.0967741935483871,"percentBets_3":0.20689655172413793,"percentBets_4":0.06818181818181818},"output":{"chips":0}},
{"input":{"Win":0,"Lose":0.07333333333333333,"myCurrBet":0.02,"step":0.25,"position":0.25,"bluff":1,"handValue":0.1023,"percentBets_2":0.04838709677419355,"percentBets_3":0.15517241379310345,"percentBets_4":0.10227272727272728},"output":{"chips":1}},
{"input":{"Win":0,"Lose":0.07333333333333333,"myCurrBet":0.04,"step":0.5,"position":0.25,"bluff":0,"handValue":0.30000005031099997,"percentBets_2":0.0967741935483871,"percentBets_3":0.20689655172413793},"output":{"chips":0}},
{"input":{"Win":0,"Lose":0.03,"myCurrBet":0.005,"step":0,"position":0.25,"bluff":0,"percentBets_2":0.026785714285714284,"handValue":0.10120000000000001,"percentBets_3":0.03296703296703297,"percentBets_4":0.0379746835443038},"output":{"chips":1}},
{"input":{"Win":0,"Lose":0.03,"myCurrBet":0.03,"step":0.5,"position":0.25,"bluff":0,"handValue":0.10200000000000001,"percentBets_2":0.08035714285714286,"percentBets_3":0.0989010989010989},"output":{"chips":0}},
{"input":{"Win":0,"Lose":0.03,"myCurrBet":0.03,"step":0.5,"position":0.25,"bluff":0,"handValue":0.10200000000000001,"percentBets_2":0.08035714285714286,"percentBets_3":0.0989010989010989},"output":{"chips":0}},
{"input":{"Win":0,"Lose":0.03,"myCurrBet":0.02,"step":0.25,"position":0.25,"bluff":0,"handValue":0.1008,"percentBets_2":0.05357142857142857,"percentBets_3":0.06593406593406594,"percentBets_4":0},"output":{"chips":1}},
{"input":{"Win":0,"Lose":0,"myCurrBet":0.03,"step":0.5,"position":0.25,"bluff":0,"handValue":0.1032,"percentBets_2":0.06766917293233082,"percentBets_3":0.10975609756097561},"output":{"chips":0}},
{"input":{"Win":0,"Lose":0,"myCurrBet":0.005,"step":0,"position":0.25,"bluff":0,"percentBets_2":0.022556390977443608,"handValue":0.1,"percentBets_3":0.07317073170731707,"percentBets_4":0.07894736842105263},"output":{"chips":1}},
{"input":{"Win":0,"Lose":0,"myCurrBet":0.03,"step":0.5,"position":0.25,"bluff":0,"handValue":0.1032,"percentBets_2":0.06766917293233082,"percentBets_3":0.10975609756097561},"output":{"chips":0}},
{"input":{"Win":0,"Lose":0,"myCurrBet":0.03,"step":0.5,"position":0.25,"bluff":0,"handValue":0.10410000000000001,"percentBets_2":0.06766917293233082,"percentBets_3":0.14634146341463414},"output":{"chips":0}},
{"input":{"Win":0,"Lose":0,"myCurrBet":0.03,"step":0.25,"position":0.25,"bluff":1,"handValue":0.1027,"percentBets_2":0.06766917293233082,"percentBets_3":0.10975609756097561,"percentBets_4":0},"output":{"chips":1}},
