{"input":{"Win":0,"Lose":0.06,"myCurrBet":0.06,"step":0.25,"position":0.25,"bluff":0,"handValue":0.10060000000000001,"percentBets_2":0.24,"percentBets_3":0,"percentBets_4":0},"output":{"chips":0}},
{"input":{"Win":0,"Lose":0.06,"myCurrBet":0.016666666666666666,"step":0,"position":0.25,"bluff":0,"handValue":0.1013,"percentBets_2":0.06666666666666667,"percentBets_3":0.10666666666666667,"percentBets_4":0.21333333333333335},"output":{"chips":1}},
{"input":{"Win":0,"Lose":0.06,"myCurrBet":0.06,"step":0.25,"position":0.25,"bluff":0,"handValue":0.1013,"percentBets_2":0.24},"output":{"chips":0}},
{"input":{"Win":0,"Lose":0.06,"myCurrBet":0.06,"step":0.25,"position":0.25,"bluff":0,"handValue":0.10060000000000001,"percentBets_2":0.24},"output":{"chips":0}},
{"input":{"Win":0,"Lose":0.06,"myCurrBet":0.0016666666666666668,"step":0,"position":0.25,"bluff":1,"percentBets_2":0.013333333333333334,"handValue":0.1013,"percentBets_3":0.02666666666666667,"percentBets_4":0.05333333333333334},"output":{"chips":1}},
{"input":{"Win":0,"Lose":0.08,"myCurrBet":0.03333333333333333,"step":0,"position":0.25,"bluff":0,"handValue":0.10210000000000001,"percentBets_2":0.08547008547008547,"percentBets_3":0.1791044776119403,"percentBets_4":0.4067796610169492},"output":{"chips":0.5}},
{"input":{"Win":0,"Lose":0.08,"myCurrBet":0.08,"step":0.5,"position":0.25,"bluff":0,"handValue":0.10300000000000001,"percentBets_2":0.20512820512820512,"percentBets_4":0.4067796610169492},"output":{"chips":0}},
{"input":{"Win":0,"Lose":0.08,"myCurrBet":0.0016666666666666668,"step":0,"position":0.25,"bluff":0,"percentBets_2":0.008547008547008548,"handValue":0.10210000000000001,"percentBets_3":0.05970149253731343,"percentBets_4":0.13559322033898305},"output":{"chips":1}},
{"input":{"Win":0,"Lose":0.08,"myCurrBet":0.08,"step":0.5,"position":0.25,"bluff":1,"handValue":0.10300000000000001,"percentBets_2":0.20512820512820512,"percentBets_4":0.4067796610169492},"output":{"chips":0.5}},
{"input":{"Win":0,"Lose":0.08,"myCurrBet":0.08,"step":0.25,"position":0.25,"bluff":0,"handValue":0.10260000000000001,"percentBets_2":0.20512820512820512,"percentBets_3":0,"percentBets_4":0.4067796610169492},"output":{"chips":0.5}},
{"input":{"Win":0.09737827715355805,"Lose":0,"myCurrBet":0.0016666666666666668,"step":0,"position":0.25,"bluff":0,"percentBets_2":0.005649717514124294,"handValue":0.1022,"percentBets_3":0.07272727272727272,"percentBets_4":0.22857142857142856},"output":{"chips":1}},
{"input":{"Win":0.09737827715355805,"Lose":0,"myCurrBet":0.03333333333333333,"step":0.25,"position":0.25,"bluff":0,"handValue":0.1039,"percentBets_2":0.05649717514124294,"percentBets_3":0,"percentBets_4":0},"output":{"chips":1}},
{"input":{"Win":0.09737827715355805,"Lose":0,"myCurrBet":0.043333333333333335,"step":0.5,"position":0.25,"bluff":0,"handValue":0.1027,"percentBets_2":0.07344632768361582},"output":{"chips":1}},
{"input":{"Win":0.09737827715355805,"Lose":0,"myCurrBet":0.04666666666666667,"step":0.75,"position":0.25,"bluff":0,"handValue":0.1038,"percentBets_2":0.07909604519774012},"output":{"chips":0}},
{"input":{"Win":0,"Lose":0,"myCurrBet":0.023333333333333334,"step":0,"position":0.25,"bluff":0,"handValue":0.10110000000000001,"percentBets_2":0.04294478527607362,"percentBets_3":0.1568627450980392,"percentBets_4":0.5925925925925926},"output":{"chips":1}},
{"input":{"Win":0,"Lose":0,"myCurrBet":0.0016666666666666668,"step":0,"position":0.25,"bluff":0,"percentBets_2":0.006134969325153374,"handValue":0.10110000000000001,"percentBets_3":0.0392156862745098,"percentBets_4":0.14814814814814814},"output":{"chips":1}},
{"input":{"Win":0,"Lose":0,"myCurrBet":0.056666666666666664,"step":0,"position":0.25,"bluff":0,"handValue":0.10110000000000001,"percentBets_2":0.10429447852760736,"percentBets_3":0.39215686274509803,"percentBets_4":0},"output":{"chips":0}},
{"input":{"Win":0,"Lose":0.006666666666666667,"myCurrBet":0.0016666666666666668,"step":0,"position":0.25,"bluff":0,"percentBets_2":0.00684931506849315,"handValue":0.600806,"percentBets_3":0.019801980198019802,"percentBets_4":0.36363636363636365},"output":{"chips":1}},
{"input":{"Win":0,"Lose":0.006666666666666667,"myCurrBet":0.03,"step":0.5,"position":0.25,"bluff":0,"handValue":0.300000080613,"percentBets_2":0.06164383561643835},"output":{"chips":0}},
{"input":{"Win":0,"Lose":0.006666666666666667,"myCurrBet":0.023333333333333334,"step":0.25,"position":0.25,"bluff":0,"handValue":0.30000008060899996,"percentBets_2":0.04794520547945205,"percentBets_3":0,"percentBets_4":0},"output":{"chips":1}},
{"input":{"Win":0,"Lose":0.006666666666666667,"myCurrBet":0.03,"step":0.5,"position":0.25,"bluff":0,"handValue":0.300000080613,"percentBets_2":0.06164383561643835},"output":{"chips":0}},
{"input":{"Win":0,"Lose":0.03666666666666667,"myCurrBet":0.02666666666666667,"step":0.25,"position":0.25,"bluff":1,"handValue":0.1008,"percentBets_2":0.058394160583941604,"percentBets_3":0,"percentBets_4":0},"output":{"chips":1}},
{"input":{"Win":0,"Lose":0.03666666666666667,"myCurrBet":0.03666666666666667,"step":0.75,"position":0.25,"bluff":0,"handValue":0.10210000000000001,"percentBets_2":0.08029197080291971},"output":{"chips":0}},
{"input":{"Win":0,"Lose":0.03666666666666667,"myCurrBet":0.0016666666666666668,"step":0,"position":0.25,"bluff":0,"percentBets_2":0.0072992700729927005,"handValue":0.6007049999999999,"percentBets_3":0.030303030303030304,"percentBets_4":0.8571428571428571},"output":{"chips":1}},
{"input":{"Win":0,"Lose":0.03666666666666667,"myCurrBet":0.03333333333333333,"step":0.5,"position":0.25,"bluff":0,"handValue":0.10120000000000001,"percentBets_2":0.072992700729927},"output":{"chips":1}},
{"input":{"Win":0,"Lose":0.043333333333333335,"myCurrBet":0.0016666666666666668,"step":0,"position":0.25,"bluff":0,"percentBets_2":0.006369426751592357,"handValue":0.10110000000000001,"percentBets_3":0.041666666666666664,"percentBets_4":0},"output":{"chips":1}},
{"input":{"Win":0,"Lose":0.043333333333333335,"myCurrBet":0.016666666666666666,"step":0,"position":0.25,"bluff":0,"handValue":0.10110000000000001,"percentBets_2":0.03184713375796178,"percentBets_3":0.07291666666666667},"output":{"chips":1}},
{"input":{"Win":0,"Lose":0.043333333333333335,"myCurrBet":0.03666666666666667,"step":0.5,"position":0.25,"bluff":0,"handValue":0.1034,"percentBets_2":0.07006369426751592,"percentBets_3":0.11458333333333333},"output":{"chips":0}},
{"input":{"Win":0,"Lose":0.043333333333333335,"myCurrBet":0.02666666666666667,"step":0.25,"position":0.25,"bluff":0,"handValue":0.10260000000000001,"percentBets_2":0.050955414012738856,"percentBets_3":0.08333333333333333},"output":{"chips":1}},
{"input":{"Win":0,"Lose":0.043333333333333335,"myCurrBet":0.03666666666666667,"step":0.5,"position":0.25,"bluff":1,"handValue":0.500000000011,"percentBets_2":0.07006369426751592,"percentBets_3":0.13541666666666666},"output":{"chips":0.5}},
{"input":{"Win":0,"Lose":0.043333333333333335,"myCurrBet":0.03666666666666667,"step":0.5,"position":0.25,"bluff":0,"handValue":0.1034,"percentBets_2":0.07006369426751592,"percentBets_3":0.11458333333333333},"output":{"chips":0}},
{"input":{"Win":0,"Lose":0.023333333333333334,"myCurrBet":0.0016666666666666668,"step":0,"position":0.25,"bluff":0,"percentBets_2":0.00546448087431694,"handValue":0.6009059999999999,"percentBets_3":0.024096385542168676,"percentBets_4":0},"output":{"chips":1}},
{"input":{"Win":0,"Lose":0.023333333333333334,"myCurrBet":0.016666666666666666,"step":0,"position":0.25,"bluff":0,"handValue":0.6009059999999999,"percentBets_2":0.0273224043715847,"percentBets_3":0.07228915662650602},"output":{"chips":1}},
{"input":{"Win":0,"Lose":0.023333333333333334,"myCurrBet":0.023333333333333334,"step":0.5,"position":0.25,"bluff":0,"handValue":0.10310000000000001,"percentBets_2":0.03825136612021858,"percentBets_3":0.08433734939759036},"output":{"chips":0}},
{"input":{"Win":0,"Lose":0.023333333333333334,"myCurrBet":0.023333333333333334,"step":0.5,"position":0.25,"bluff":0,"handValue":0.10310000000000001,"percentBets_2":0.03825136612021858,"percentBets_3":0.08433734939759036},"output":{"chips":0}},
{"input":{"Win":0,"Lose":0.023333333333333334,"myCurrBet":0.023333333333333334,"step":0.25,"position":0.25,"bluff":1,"handValue":0.1023,"percentBets_2":0.03825136612021858,"percentBets_3":0.08433734939759036},"output":{"chips":0.5}},
{"input":{"Win":0,"Lose":0.04,"myCurrBet":0.0016666666666666668,"step":0,"position":0.25,"bluff":0,"percentBets_2":0.005681818181818182,"handValue":0.1013,"percentBets_3":0.030927835051546393,"percentBets_4":0},"output":{"chips":1}},
{"input":{"Win":0,"Lose":0.04,"myCurrBet":0.016666666666666666,"step":0,"position":0.25,"bluff":0,"handValue":0.1013,"percentBets_2":0.028409090909090908,"percentBets_3":0.061855670103092786},"output":{"chips":1}},
{"input":{"Win":0,"Lose":0.04,"myCurrBet":0.04,"step":0.25,"position":0.25,"bluff":0,"handValue":0.10310000000000001,"percentBets_2":0.06818181818181818,"percentBets_3":0.12371134020618557},"output":{"chips":0}},
{"input":{"Win":0,"Lose":0.04,"myCurrBet":0.03,"step":0,"position":0.25,"bluff":0,"handValue":0.1013,"percentBets_2":0.05113636363636364,"percentBets_3":0.12371134020618557},"output":{"chips":0.5}},
{"input":{"Win":0,"Lose":0.04,"myCurrBet":0.04,"step":0.25,"position":0.25,"bluff":0,"handValue":0.10310000000000001,"percentBets_2":0.06818181818181818,"percentBets_3":0.12371134020618557},"output":{"chips":0}},
{"input":{"Win":0,"Lose":0.04,"myCurrBet":0.04,"step":0.25,"position":0.25,"bluff":0,"handValue":0.1043,"percentBets_2":0.06818181818181818,"percentBets_3":0.12371134020618557},"output":{"chips":0}},
{"input":{"Win":0,"Lose":0.03333333333333333,"myCurrBet":0.016666666666666666,"step":0,"position":0.25,"bluff":1,"handValue":0.6009019999999999,"percentBets_2":0.025,"percentBets_3":0.08235294117647059},"output":{"chips":1}},
{"input":{"Win":0,"Lose":0.03333333333333333,"myCurrBet":0.0016666666666666668,"step":0,"position":0.25,"bluff":0,"percentBets_2":0.005,"handValue":0.6009019999999999,"percentBets_3":0.03529411764705882,"percentBets_4":0},"output":{"chips":1}},
{"input":{"Win":0,"Lose":0.03333333333333333,"myCurrBet":0.03,"step":0.25,"position":0.25,"bluff":0,"handValue":0.1037,"percentBets_2":0.045,"percentBets_3":0.10588235294117647},"output":{"chips":1}},
{"input":{"Win":0,"Lose":0.03333333333333333,"myCurrBet":0.03333333333333333,"step":0.5,"position":0.25,"bluff":1,"handValue":0.10450000000000001,"percentBets_2":0.05,"percentBets_3":0.10588235294117647},"output":{"chips":0.5}},
{"input":{"Win":0,"Lose":0.03333333333333333,"myCurrBet":0.03333333333333333,"step":0.75,"position":0.25,"bluff":1,"handValue":0.1052,"percentBets_2":0.05},"output":{"chips":0.5}},
{"input":{"Win":0,"Lose":0.01,"myCurrBet":0.0016666666666666668,"step":0,"position":0.25,"bluff":1,"percentBets_2":0.0045662100456621,"handValue":0.1018,"percentBets_3":0.02631578947368421,"percentBets_4":0},"output":{"chips":1}},
{"input":{"Win":0,"Lose":0.01,"myCurrBet":0.01,"step":0.5,"position":0.25,"bluff":1,"handValue":0.10300000000000001,"percentBets_2":0.0136986301369863},"output":{"chips":0.5}},
{"input":{"Win":0,"Lose":0.01,"myCurrBet":0.01,"step":0.25,"position":0.25,"bluff":1,"handValue":0.1043,"percentBets_2":0.0136986301369863,"percentBets_3":0},"output":{"chips":0.5}},
{"input":{"Win":0,"Lose":0.01,"myCurrBet":0.01,"step":0.75,"position":0.25,"bluff":0,"handValue":0.1037,"percentBets_2":0.0136986301369863},"output":{"chips":0}},
{"input":{"Win":0,"Lose":0.0033333333333333335,"myCurrBet":0.0016666666666666668,"step":0,"position":0.25,"bluff":0,"percentBets_2":0.004464285714285714,"handValue":0.10200000000000001,"percentBets_3":0.02702702702702703,"percentBets_4":0},"output":{"chips":1}},
{"input":{"Win":0,"Lose":0.0033333333333333335,"myCurrBet":0.0033333333333333335,"step":0.75,"position":0.25,"bluff":0,"handValue":0.1032,"percentBets_2":0.004464285714285714},"output":{"chips":0}},
{"input":{"Win":0,"Lose":0.0033333333333333335,"myCurrBet":0.0033333333333333335,"step":0.5,"position":0.25,"bluff":0,"handValue":0.1044,"percentBets_2":0.004464285714285714},"output":{"chips":1}},
{"input":{"Win":0,"Lose":0.0033333333333333335,"myCurrBet":0.0033333333333333335,"step":0.25,"position":0.25,"bluff":0,"handValue":0.1033,"percentBets_2":0.004464285714285714,"percentBets_3":0},"output":{"chips":1}},
