{"input":{"Win":0,"Lose":0,"myCurrBet":0.0016666666666666668,"step":0,"position":0.25,"bluff":0,"percentBets_2":0.013333333333333334,"handValue":0.600301,"percentBets_3":0.02666666666666667,"percentBets_4":0.02666666666666667},"output":{"chips":0}},
{"input":{"Win":0,"Lose":0.041666666666666664,"myCurrBet":0.0016666666666666668,"step":0,"position":0.25,"bluff":0,"percentBets_2":0.013513513513513514,"handValue":0.10200000000000001,"percentBets_3":0.0273972602739726,"percentBets_4":0.03821656050955414},"output":{"chips":1}},
{"input":{"Win":0,"Lose":0.041666666666666664,"myCurrBet":0.013333333333333334,"step":0,"position":0.25,"bluff":0,"handValue":0.10200000000000001,"percentBets_2":0.05405405405405406,"percentBets_3":0.1095890410958904,"percentBets_4":0.10191082802547771},"output":{"chips":0.5}},
{"input":{"Win":0,"Lose":0.041666666666666664,"myCurrBet":0.02666666666666667,"step":0.25,"position":0.25,"bluff":0,"handValue":0.1024,"percentBets_2":0.10810810810810811,"percentBets_3":0.1095890410958904,"percentBets_4":0.10191082802547771},"output":{"chips":0}},
{"input":{"Win":0,"Lose":0.041666666666666664,"myCurrBet":0.02666666666666667,"step":0.25,"position":0.25,"bluff":1,"handValue":0.1024,"percentBets_2":0.10810810810810811,"percentBets_3":0.1095890410958904,"percentBets_4":0.11464968152866242},"output":{"chips":1}},
{"input":{"Win":0,"Lose":0.041666666666666664,"myCurrBet":0.04,"step":0.75,"position":0.25,"bluff":0,"handValue":0.10360000000000001,"percentBets_2":0.16216216216216217,"percentBets_3":0.1643835616438356},"output":{"chips":0}},
{"input":{"Win":0,"Lose":0.041666666666666664,"myCurrBet":0.03333333333333333,"step":0.25,"position":0.25,"bluff":1,"handValue":0.1027,"percentBets_2":0.13513513513513514,"percentBets_3":0.1643835616438356,"percentBets_4":0.10191082802547771},"output":{"chips":0.5}},
{"input":{"Win":0,"Lose":0.02666666666666667,"myCurrBet":0.013333333333333334,"step":0,"position":0.25,"bluff":0,"handValue":0.101,"percentBets_2":0.06451612903225806,"percentBets_3":0.07547169811320754,"percentBets_4":0.11510791366906475},"output":{"chips":0.5}},
{"input":{"Win":0,"Lose":0.02666666666666667,"myCurrBet":0.02666666666666667,"step":0.25,"position":0.25,"bluff":0,"handValue":0.10260000000000001,"percentBets_2":0.12903225806451613,"percentBets_3":0.07547169811320754,"percentBets_4":0.11510791366906475},"output":{"chips":0}},
{"input":{"Win":0,"Lose":0.02666666666666667,"myCurrBet":0.02666666666666667,"step":0.25,"position":0.25,"bluff":0,"handValue":0.1038,"percentBets_2":0.12903225806451613,"percentBets_3":0.07547169811320754,"percentBets_4":0.11510791366906475},"output":{"chips":0}},
{"input":{"Win":0,"Lose":0.02666666666666667,"myCurrBet":0.02666666666666667,"step":0.25,"position":0.25,"bluff":0,"handValue":0.10260000000000001,"percentBets_2":0.12903225806451613,"percentBets_3":0.07547169811320754,"percentBets_4":0.11510791366906475},"output":{"chips":0}},
{"input":{"Win":0,"Lose":0.02666666666666667,"myCurrBet":0.0016666666666666668,"step":0,"position":0.25,"bluff":0,"percentBets_2":0.016129032258064516,"handValue":0.101,"percentBets_3":0.018867924528301886,"percentBets_4":0.04316546762589928},"output":{"chips":1}},
{"input":{"Win":0,"Lose":0,"myCurrBet":0.013333333333333334,"step":0,"position":0.25,"bluff":0,"handValue":0.60111,"percentBets_2":0.07407407407407407,"percentBets_3":0.08163265306122448,"percentBets_4":0.0855614973262032},"output":{"chips":0}},
{"input":{"Win":0,"Lose":0,"myCurrBet":0.0016666666666666668,"step":0,"position":0.25,"bluff":1,"percentBets_2":0.018518518518518517,"handValue":0.60111,"percentBets_3":0.02040816326530612,"percentBets_4":0.03208556149732621},"output":{"chips":1}},
{"input":{"Win":0,"Lose":0.013333333333333334,"myCurrBet":0.0016666666666666668,"step":0,"position":0.25,"bluff":0,"percentBets_2":0.02,"handValue":0.601304,"percentBets_3":0.017543859649122806,"percentBets_4":0.023391812865497075},"output":{"chips":0}},
{"input":{"Win":0.07014028056112225,"Lose":0,"myCurrBet":0.0016666666666666668,"step":0,"position":0.25,"bluff":0,"percentBets_2":0.02040816326530612,"handValue":0.1019,"percentBets_3":0.017857142857142856,"percentBets_4":0.02247191011235955},"output":{"chips":1}},
{"input":{"Win":0.07014028056112225,"Lose":0,"myCurrBet":0.01,"step":0,"position":0.25,"bluff":0,"handValue":0.1019,"percentBets_2":0.061224489795918366,"percentBets_3":0.05357142857142857,"percentBets_4":0.06741573033707865},"output":{"chips":0.5}},
{"input":{"Win":0.07014028056112225,"Lose":0,"myCurrBet":0.02,"step":0.25,"position":0.25,"bluff":0,"handValue":0.10350000000000001,"percentBets_2":0.12244897959183673,"percentBets_3":0.05357142857142857,"percentBets_4":0.06741573033707865},"output":{"chips":0}},
{"input":{"Win":0.07014028056112225,"Lose":0,"myCurrBet":0.02,"step":0.25,"position":0.25,"bluff":0,"handValue":0.10350000000000001,"percentBets_2":0.12244897959183673,"percentBets_3":0.05357142857142857,"percentBets_4":0.06741573033707865},"output":{"chips":0}},
{"input":{"Win":0.07014028056112225,"Lose":0,"myCurrBet":0.02,"step":0.25,"position":0.25,"bluff":0,"handValue":0.1046,"percentBets_2":0.12244897959183673,"percentBets_3":0.05357142857142857,"percentBets_4":0.06741573033707865},"output":{"chips":0}},
{"input":{"Win":0,"Lose":0,"myCurrBet":0.01,"step":0,"position":0.25,"bluff":0,"handValue":0.1003,"percentBets_2":0.06976744186046512,"percentBets_3":0.05660377358490566,"percentBets_4":0.07228915662650602},"output":{"chips":0.5}},
{"input":{"Win":0,"Lose":0,"myCurrBet":0.02,"step":0.25,"position":0.25,"bluff":0,"handValue":0.10210000000000001,"percentBets_2":0.13953488372093023,"percentBets_3":0.05660377358490566,"percentBets_4":0.07228915662650602},"output":{"chips":0}},
{"input":{"Win":0,"Lose":0,"myCurrBet":0.02,"step":0.25,"position":0.25,"bluff":0,"handValue":0.10210000000000001,"percentBets_2":0.13953488372093023,"percentBets_3":0.05660377358490566,"percentBets_4":0.07228915662650602},"output":{"chips":0}},
{"input":{"Win":0,"Lose":0,"myCurrBet":0.02,"step":0.25,"position":0.25,"bluff":1,"handValue":0.1029,"percentBets_2":0.13953488372093023,"percentBets_3":0.05660377358490566,"percentBets_4":0.07228915662650602},"output":{"chips":1}},
{"input":{"Win":0,"Lose":0,"myCurrBet":0.0016666666666666668,"step":0,"position":0.25,"bluff":0,"percentBets_2":0.023255813953488372,"handValue":0.1003,"percentBets_3":0.018867924528301886,"percentBets_4":0.024096385542168676},"output":{"chips":1}},
{"input":{"Win":0,"Lose":0,"myCurrBet":0.023333333333333334,"step":0.25,"position":0.25,"bluff":0,"handValue":0.10350000000000001,"percentBets_2":0.16279069767441862,"percentBets_3":0.07547169811320754,"percentBets_4":0.0963855421686747},"output":{"chips":0}},
{"input":{"Win":0,"Lose":0.023333333333333334,"myCurrBet":0.0016666666666666668,"step":0,"position":0.25,"bluff":0,"percentBets_2":0.027777777777777776,"handValue":0.1013,"percentBets_3":0.02040816326530612,"percentBets_4":0.01904761904761905},"output":{"chips":1}},
{"input":{"Win":0,"Lose":0.023333333333333334,"myCurrBet":0.01,"step":0,"position":0.25,"bluff":0,"handValue":0.1013,"percentBets_2":0.08333333333333333,"percentBets_3":0.061224489795918366,"percentBets_4":0.05714285714285714},"output":{"chips":0.5}},
{"input":{"Win":0,"Lose":0.023333333333333334,"myCurrBet":0.02,"step":0.25,"position":0.25,"bluff":0,"handValue":0.1023,"percentBets_2":0.16666666666666666,"percentBets_3":0.061224489795918366,"percentBets_4":0.05714285714285714},"output":{"chips":0}},
{"input":{"Win":0,"Lose":0.023333333333333334,"myCurrBet":0.02,"step":0.25,"position":0.25,"bluff":0,"handValue":0.1023,"percentBets_2":0.16666666666666666,"percentBets_3":0.061224489795918366,"percentBets_4":0.05714285714285714},"output":{"chips":0}},
{"input":{"Win":0,"Lose":0.023333333333333334,"myCurrBet":0.02,"step":0.25,"position":0.25,"bluff":0,"handValue":0.1027,"percentBets_2":0.16666666666666666,"percentBets_3":0.061224489795918366,"percentBets_4":0.06666666666666667},"output":{"chips":0}},
{"input":{"Win":0,"Lose":0.02666666666666667,"myCurrBet":0.0016666666666666668,"step":0,"position":0.25,"bluff":1,"percentBets_2":0.03333333333333333,"handValue":0.500000000007,"percentBets_3":0.021739130434782608,"percentBets_4":0.016260162601626018},"output":{"chips":0.5}},
{"input":{"Win":0,"Lose":0.02666666666666667,"myCurrBet":0.006666666666666667,"step":0.5,"position":0.25,"bluff":0,"handValue":0.10310000000000001,"percentBets_2":0.06666666666666667,"percentBets_3":0.021739130434782608,"percentBets_4":0.016260162601626018},"output":{"chips":0}},
{"input":{"Win":0,"Lose":0.02666666666666667,"myCurrBet":0.006666666666666667,"step":0.25,"position":0.25,"bluff":0,"handValue":0.1043,"percentBets_2":0.06666666666666667,"percentBets_3":0.021739130434782608,"percentBets_4":0.016260162601626018},"output":{"chips":0.5}},
{"input":{"Win":0,"Lose":0.02666666666666667,"myCurrBet":0.006666666666666667,"step":0.5,"position":0.25,"bluff":0,"handValue":0.10310000000000001,"percentBets_2":0.06666666666666667,"percentBets_3":0.021739130434782608,"percentBets_4":0.016260162601626018},"output":{"chips":0}},
{"input":{"Win":0,"Lose":0,"myCurrBet":0.01,"step":0,"position":0.25,"bluff":0,"handValue":0.1014,"percentBets_2":0.08333333333333333,"percentBets_3":0.06666666666666667,"percentBets_4":0.05785123966942149},"output":{"chips":0.5}},
{"input":{"Win":0,"Lose":0,"myCurrBet":0.0016666666666666668,"step":0,"position":0.25,"bluff":0,"percentBets_2":0.027777777777777776,"handValue":0.1014,"percentBets_3":0.022222222222222223,"percentBets_4":0.01652892561983471},"output":{"chips":1}},
{"input":{"Win":0,"Lose":0,"myCurrBet":0.023333333333333334,"step":0,"position":0.25,"bluff":0,"handValue":0.1014,"percentBets_2":0.19444444444444445,"percentBets_3":0.15555555555555556,"percentBets_4":0.11570247933884298},"output":{"chips":0}},
{"input":{"Win":0.044534412955465584,"Lose":0,"myCurrBet":0.0016666666666666668,"step":0,"position":0.25,"bluff":0,"percentBets_2":0.034482758620689655,"handValue":0.10200000000000001,"percentBets_3":0.01680672268907563,"percentBets_4":0.018867924528301886},"output":{"chips":1}},
{"input":{"Win":0.044534412955465584,"Lose":0,"myCurrBet":0.02,"step":0.25,"position":0.25,"bluff":0,"handValue":0.10310000000000001,"percentBets_2":0.20689655172413793,"percentBets_3":0.05042016806722689,"percentBets_4":0.05660377358490566},"output":{"chips":0}},
{"input":{"Win":0.044534412955465584,"Lose":0,"myCurrBet":0.01,"step":0,"position":0.25,"bluff":0,"handValue":0.10200000000000001,"percentBets_2":0.10344827586206896,"percentBets_3":0.05042016806722689,"percentBets_4":0.05660377358490566},"output":{"chips":0.5}},
{"input":{"Win":0.044534412955465584,"Lose":0,"myCurrBet":0.02,"step":0.25,"position":0.25,"bluff":1,"handValue":0.10350000000000001,"percentBets_2":0.20689655172413793,"percentBets_3":0.05042016806722689,"percentBets_4":0.05660377358490566},"output":{"chips":0.5}},
{"input":{"Win":0.044534412955465584,"Lose":0,"myCurrBet":0.02,"step":0.25,"position":0.25,"bluff":0,"handValue":0.10310000000000001,"percentBets_2":0.20689655172413793,"percentBets_3":0.05042016806722689,"percentBets_4":0.05660377358490566},"output":{"chips":0}},
{"input":{"Win":0,"Lose":0,"myCurrBet":0.0016666666666666668,"step":0,"position":0.25,"bluff":0,"percentBets_2":0.043478260869565216,"handValue":0.601302,"percentBets_3":0.017699115044247787,"percentBets_4":0.02},"output":{"chips":0}},
{"input":{"Win":0,"Lose":0.021666666666666667,"myCurrBet":0.0016666666666666668,"step":0,"position":0.25,"bluff":0,"percentBets_2":0.045454545454545456,"handValue":0.10160000000000001,"percentBets_3":0.018018018018018018,"percentBets_4":0.01932367149758454},"output":{"chips":1}},
{"input":{"Win":0,"Lose":0.021666666666666667,"myCurrBet":0.01,"step":0,"position":0.25,"bluff":0,"handValue":0.10160000000000001,"percentBets_2":0.13636363636363635,"percentBets_3":0.05405405405405406,"percentBets_4":0.057971014492753624},"output":{"chips":0.5}},
{"input":{"Win":0,"Lose":0.021666666666666667,"myCurrBet":0.02,"step":0.25,"position":0.25,"bluff":0,"handValue":0.10210000000000001,"percentBets_2":0.2727272727272727,"percentBets_3":0.05405405405405406,"percentBets_4":0.057971014492753624},"output":{"chips":0}},
{"input":{"Win":0,"Lose":0.021666666666666667,"myCurrBet":0.02,"step":0.25,"position":0.25,"bluff":0,"handValue":0.1029,"percentBets_2":0.2727272727272727,"percentBets_3":0.05405405405405406,"percentBets_4":0.057971014492753624},"output":{"chips":0}},
{"input":{"Win":0,"Lose":0.021666666666666667,"myCurrBet":0.02,"step":0.25,"position":0.25,"bluff":0,"handValue":0.10210000000000001,"percentBets_2":0.2727272727272727,"percentBets_3":0.05405405405405406,"percentBets_4":0.057971014492753624},"output":{"chips":0}},
{"input":{"Win":0,"Lose":0,"myCurrBet":0.0016666666666666668,"step":0,"position":0.25,"bluff":0,"percentBets_2":0.0625,"handValue":0.600904,"percentBets_3":0.01904761904761905,"percentBets_4":0.01646090534979424},"output":{"chips":0}},
{"input":{"Win":0,"Lose":0.028333333333333332,"myCurrBet":0.013333333333333334,"step":0,"position":0.25,"bluff":0,"handValue":0.1013,"percentBets_2":0.26666666666666666,"percentBets_3":0.07766990291262135,"percentBets_4":0.064},"output":{"chips":0.5}},
{"input":{"Win":0,"Lose":0.028333333333333332,"myCurrBet":0.02666666666666667,"step":0.25,"position":0.25,"bluff":0,"handValue":0.1018,"percentBets_2":0.5333333333333333,"percentBets_3":0.07766990291262135,"percentBets_4":0.064},"output":{"chips":0}},
{"input":{"Win":0,"Lose":0.028333333333333332,"myCurrBet":0.02666666666666667,"step":0.25,"position":0.25,"bluff":0,"handValue":0.1018,"percentBets_2":0.5333333333333333,"percentBets_3":0.07766990291262135,"percentBets_4":0.064},"output":{"chips":0}},
{"input":{"Win":0,"Lose":0.028333333333333332,"myCurrBet":0.0016666666666666668,"step":0,"position":0.25,"bluff":0,"percentBets_2":0.06666666666666667,"handValue":0.1013,"percentBets_3":0.019417475728155338,"percentBets_4":0.024},"output":{"chips":1}},
{"input":{"Win":0,"Lose":0.028333333333333332,"myCurrBet":0.02666666666666667,"step":0.25,"position":0.25,"bluff":0,"handValue":0.1028,"percentBets_2":0.5333333333333333,"percentBets_3":0.07766990291262135,"percentBets_4":0.064},"output":{"chips":0}},
{"input":{"Win":0.14342629482071714,"Lose":0,"myCurrBet":0.02,"step":0,"position":0.25,"bluff":0,"handValue":0.1023,"percentBets_2":0.15384615384615385,"percentBets_3":0.12631578947368421,"percentBets_4":0.10256410256410256},"output":{"chips":0.5}},
{"input":{"Win":0.14342629482071714,"Lose":0,"myCurrBet":0.04,"step":0.25,"position":0.25,"bluff":0,"handValue":0.10500000000000001,"percentBets_2":0.3076923076923077,"percentBets_3":0.12631578947368421,"percentBets_4":0.10256410256410256},"output":{"chips":0}},
{"input":{"Win":0.14342629482071714,"Lose":0,"myCurrBet":0.04,"step":0.25,"position":0.25,"bluff":0,"handValue":0.10500000000000001,"percentBets_2":0.3076923076923077,"percentBets_3":0.12631578947368421,"percentBets_4":0.10256410256410256},"output":{"chips":0}},
{"input":{"Win":0.14342629482071714,"Lose":0,"myCurrBet":0.04,"step":0.25,"position":0.25,"bluff":0,"handValue":0.10400000000000001,"percentBets_2":0.3076923076923077,"percentBets_3":0.12631578947368421,"percentBets_4":0.10256410256410256},"output":{"chips":0}},
{"input":{"Win":0.14342629482071714,"Lose":0,"myCurrBet":0.0033333333333333335,"step":0,"position":0.25,"bluff":0,"percentBets_2":0.05128205128205128,"handValue":0.1023,"percentBets_3":0.042105263157894736,"percentBets_4":0.03418803418803419},"output":{"chips":1}},
{"input":{"Win":0,"Lose":0,"myCurrBet":0.0033333333333333335,"step":0,"position":0.25,"bluff":0,"percentBets_2":0.07407407407407407,"handValue":0.6013109999999999,"percentBets_3":0.04819277108433735,"percentBets_4":0.0380952380952381},"output":{"chips":0}},
{"input":{"Win":0,"Lose":0.0033333333333333335,"myCurrBet":0.02,"step":0,"position":0.25,"bluff":0,"handValue":0.101,"percentBets_2":0.24,"percentBets_3":0.13333333333333333,"percentBets_4":0.1188118811881188},"output":{"chips":0.5}},
{"input":{"Win":0,"Lose":0.0033333333333333335,"myCurrBet":0.0033333333333333335,"step":0,"position":0.25,"bluff":0,"percentBets_2":0.08,"handValue":0.101,"percentBets_3":0.044444444444444446,"percentBets_4":0.039603960396039604},"output":{"chips":1}},
{"input":{"Win":0,"Lose":0.0033333333333333335,"myCurrBet":0.04,"step":0.25,"position":0.25,"bluff":1,"handValue":0.10410000000000001,"percentBets_2":0.48,"percentBets_3":0.13333333333333333,"percentBets_4":0.1188118811881188},"output":{"chips":1}},
{"input":{"Win":0,"Lose":0.0033333333333333335,"myCurrBet":0.04666666666666667,"step":0.25,"position":0.25,"bluff":0,"handValue":0.10350000000000001,"percentBets_2":0.56,"percentBets_3":0.17777777777777778,"percentBets_4":0.1188118811881188},"output":{"chips":0}},
{"input":{"Win":0,"Lose":0.0033333333333333335,"myCurrBet":0.04,"step":0.25,"position":0.25,"bluff":0,"handValue":0.1034,"percentBets_2":0.48,"percentBets_3":0.13333333333333333,"percentBets_4":0.1188118811881188},"output":{"chips":0}},
{"input":{"Win":0,"Lose":0.0033333333333333335,"myCurrBet":0.04,"step":0.25,"position":0.25,"bluff":0,"handValue":0.1034,"percentBets_2":0.48,"percentBets_3":0.13333333333333333,"percentBets_4":0.1188118811881188},"output":{"chips":0}},
{"input":{"Win":0,"Lose":0.04666666666666667,"myCurrBet":0.0033333333333333335,"step":0,"position":0.25,"bluff":0,"percentBets_2":0.18181818181818182,"handValue":0.601003,"percentBets_3":0.03076923076923077,"percentBets_4":0.0449438202247191},"output":{"chips":0}},
{"input":{"Win":0,"Lose":0.016666666666666666,"myCurrBet":0.0033333333333333335,"step":0,"position":0.25,"bluff":0,"percentBets_2":0.2222222222222222,"handValue":0.1014,"percentBets_3":0.031746031746031744,"percentBets_4":0.041666666666666664},"output":{"chips":0.5}},
{"input":{"Win":0,"Lose":0.016666666666666666,"myCurrBet":0.013333333333333334,"step":0.25,"position":0.25,"bluff":0,"handValue":0.1038,"percentBets_2":0.4444444444444444,"percentBets_3":0.031746031746031744,"percentBets_4":0.041666666666666664},"output":{"chips":0}},
{"input":{"Win":0,"Lose":0.016666666666666666,"myCurrBet":0.013333333333333334,"step":0.25,"position":0.25,"bluff":0,"handValue":0.1042,"percentBets_2":0.4444444444444444,"percentBets_3":0.031746031746031744,"percentBets_4":0.041666666666666664},"output":{"chips":0}},
{"input":{"Win":0,"Lose":0.016666666666666666,"myCurrBet":0.013333333333333334,"step":0.25,"position":0.25,"bluff":0,"handValue":0.1038,"percentBets_2":0.4444444444444444,"percentBets_3":0.031746031746031744,"percentBets_4":0.041666666666666664},"output":{"chips":0}},
{"input":{"Win":0,"Lose":0.04,"myCurrBet":0.0033333333333333335,"step":0,"position":0.25,"bluff":0,"percentBets_2":0.09523809523809523,"handValue":0.1,"percentBets_3":0.03278688524590164,"percentBets_4":0.043478260869565216},"output":{"chips":1}},
{"input":{"Win":0,"Lose":0.04,"myCurrBet":0.02,"step":0,"position":0.25,"bluff":0,"handValue":0.1,"percentBets_2":0.2857142857142857,"percentBets_3":0.09836065573770492,"percentBets_4":0.13043478260869565},"output":{"chips":0.5}},
{"input":{"Win":0,"Lose":0.04,"myCurrBet":0.04,"step":0.25,"position":0.25,"bluff":0,"handValue":0.1034,"percentBets_2":0.5714285714285714,"percentBets_3":0.09836065573770492,"percentBets_4":0.13043478260869565},"output":{"chips":0}},
{"input":{"Win":0,"Lose":0.04,"myCurrBet":0.04,"step":0.25,"position":0.25,"bluff":0,"handValue":0.10350000000000001,"percentBets_2":0.5714285714285714,"percentBets_3":0.09836065573770492,"percentBets_4":0.13043478260869565},"output":{"chips":0}},
{"input":{"Win":0,"Lose":0.04,"myCurrBet":0.04,"step":0.25,"position":0.25,"bluff":0,"handValue":0.1034,"percentBets_2":0.5714285714285714,"percentBets_3":0.09836065573770492,"percentBets_4":0.13043478260869565},"output":{"chips":0}},
{"input":{"Win":0,"Lose":0.04,"myCurrBet":0.0033333333333333335,"step":0,"position":0.25,"bluff":0,"percentBets_2":0.03508771929824561,"handValue":0.1005,"percentBets_3":0.03636363636363636,"percentBets_4":0.05},"output":{"chips":1}},
{"input":{"Win":0,"Lose":0.04,"myCurrBet":0.04,"step":0.25,"position":0.25,"bluff":0,"handValue":0.10110000000000001,"percentBets_2":0.21052631578947367,"percentBets_3":0.10909090909090909,"percentBets_4":0.15},"output":{"chips":0}},
{"input":{"Win":0,"Lose":0.04,"myCurrBet":0.04,"step":0.25,"position":0.25,"bluff":0,"handValue":0.10110000000000001,"percentBets_2":0.21052631578947367,"percentBets_3":0.10909090909090909,"percentBets_4":0.15},"output":{"chips":0}},
{"input":{"Win":0,"Lose":0.04,"myCurrBet":0.02,"step":0,"position":0.25,"bluff":0,"handValue":0.1005,"percentBets_2":0.10526315789473684,"percentBets_3":0.10909090909090909,"percentBets_4":0.15},"output":{"chips":0.5}},
{"input":{"Win":0,"Lose":0.04,"myCurrBet":0.04,"step":0.25,"position":0.25,"bluff":0,"handValue":0.40000011060400004,"percentBets_2":0.21052631578947367,"percentBets_3":0.10909090909090909,"percentBets_4":0.15},"output":{"chips":0}},
{"input":{"Win":0,"Lose":0,"myCurrBet":0.0033333333333333335,"step":0,"position":0.25,"bluff":0,"percentBets_2":0.021505376344086023,"handValue":0.10210000000000001,"percentBets_3":0.04081632653061224,"percentBets_4":0.058823529411764705},"output":{"chips":1}},
{"input":{"Win":0,"Lose":0,"myCurrBet":0.02,"step":0,"position":0.25,"bluff":0,"handValue":0.10210000000000001,"percentBets_2":0.06451612903225806,"percentBets_3":0.12244897959183673,"percentBets_4":0.17647058823529413},"output":{"chips":0}},
{"input":{"Win":0,"Lose":0.02,"myCurrBet":0.0033333333333333335,"step":0,"position":0.25,"bluff":0,"percentBets_2":0.022988505747126436,"handValue":0.600704,"percentBets_3":0.03278688524590164,"percentBets_4":0.07142857142857142},"output":{"chips":0}},
{"input":{"Win":0,"Lose":0.0033333333333333335,"myCurrBet":0.0033333333333333335,"step":0,"position":0.25,"bluff":0,"percentBets_2":0.023529411764705882,"handValue":0.10110000000000001,"percentBets_3":0.03508771929824561,"percentBets_4":0.05970149253731343},"output":{"chips":1}},
{"input":{"Win":0,"Lose":0.0033333333333333335,"myCurrBet":0.04,"step":0.25,"position":0.25,"bluff":0,"handValue":0.1014,"percentBets_2":0.1411764705882353,"percentBets_3":0.10526315789473684,"percentBets_4":0.208955223880597},"output":{"chips":0}},
{"input":{"Win":0,"Lose":0.0033333333333333335,"myCurrBet":0.02,"step":0,"position":0.25,"bluff":0,"handValue":0.10110000000000001,"percentBets_2":0.07058823529411765,"percentBets_3":0.10526315789473684,"percentBets_4":0.1791044776119403},"output":{"chips":0.5}},
{"input":{"Win":0.09022556390977443,"Lose":0,"myCurrBet":0.0033333333333333335,"step":0,"position":0.25,"bluff":0,"percentBets_2":0.0273972602739726,"handValue":0.10210000000000001,"percentBets_3":0.0392156862745098,"percentBets_4":0.038834951456310676},"output":{"chips":1}},
{"input":{"Win":0.09022556390977443,"Lose":0,"myCurrBet":0.02,"step":0,"position":0.25,"bluff":0,"handValue":0.10210000000000001,"percentBets_2":0.0821917808219178,"percentBets_3":0.11764705882352941,"percentBets_4":0.11650485436893204},"output":{"chips":0.5}},
{"input":{"Win":0.09022556390977443,"Lose":0,"myCurrBet":0.04,"step":0.25,"position":0.25,"bluff":0,"handValue":0.1044,"percentBets_2":0.1643835616438356,"percentBets_3":0.11764705882352941,"percentBets_4":0.11650485436893204},"output":{"chips":0}},
{"input":{"Win":0.09022556390977443,"Lose":0,"myCurrBet":0.04,"step":0.25,"position":0.25,"bluff":0,"handValue":0.1039,"percentBets_2":0.1643835616438356,"percentBets_3":0.11764705882352941,"percentBets_4":0.11650485436893204},"output":{"chips":0}},
{"input":{"Win":0.09022556390977443,"Lose":0,"myCurrBet":0.04,"step":0.25,"position":0.25,"bluff":0,"handValue":0.1044,"percentBets_2":0.1643835616438356,"percentBets_3":0.11764705882352941,"percentBets_4":0.11650485436893204},"output":{"chips":0}},
{"input":{"Win":0.1487603305785124,"Lose":0,"myCurrBet":0.0033333333333333335,"step":0,"position":0.25,"bluff":0,"percentBets_2":0.03278688524590164,"handValue":0.101,"percentBets_3":0.044444444444444446,"percentBets_4":0.04395604395604396},"output":{"chips":1}},
{"input":{"Win":0.1487603305785124,"Lose":0,"myCurrBet":0.04,"step":0.25,"position":0.25,"bluff":0,"handValue":0.1018,"percentBets_2":0.19672131147540983,"percentBets_3":0.13333333333333333,"percentBets_4":0.13186813186813187},"output":{"chips":0}},
{"input":{"Win":0.1487603305785124,"Lose":0,"myCurrBet":0.02,"step":0,"position":0.25,"bluff":0,"handValue":0.101,"percentBets_2":0.09836065573770492,"percentBets_3":0.13333333333333333,"percentBets_4":0.13186813186813187},"output":{"chips":0.5}},
{"input":{"Win":0.1487603305785124,"Lose":0,"myCurrBet":0.04,"step":0.25,"position":0.25,"bluff":0,"handValue":0.1018,"percentBets_2":0.19672131147540983,"percentBets_3":0.13333333333333333,"percentBets_4":0.13186813186813187},"output":{"chips":0}},
{"input":{"Win":0.1487603305785124,"Lose":0,"myCurrBet":0.04,"step":0.25,"position":0.25,"bluff":0,"handValue":0.300000130604,"percentBets_2":0.19672131147540983,"percentBets_3":0.13333333333333333,"percentBets_4":0.13186813186813187},"output":{"chips":0}},
{"input":{"Win":0,"Lose":0,"myCurrBet":0.0033333333333333335,"step":0,"position":0.25,"bluff":0,"percentBets_2":0.04081632653061224,"handValue":0.600401,"percentBets_3":0.05128205128205128,"percentBets_4":0.05063291139240506},"output":{"chips":0}},
{"input":{"Win":0,"Lose":0.0033333333333333335,"myCurrBet":0.0033333333333333335,"step":0,"position":0.25,"bluff":0,"percentBets_2":0.0425531914893617,"handValue":0.500000000003,"percentBets_3":0.05405405405405406,"percentBets_4":0.046511627906976744},"output":{"chips":0}},
{"input":{"Win":0,"Lose":0.0033333333333333335,"myCurrBet":0.0033333333333333335,"step":0,"position":0.25,"bluff":0,"percentBets_2":0.044444444444444446,"handValue":0.10070000000000001,"percentBets_3":0.047058823529411764,"percentBets_4":0.05128205128205128},"output":{"chips":1}},
{"input":{"Win":0,"Lose":0.0033333333333333335,"myCurrBet":0.02,"step":0,"position":0.25,"bluff":0,"handValue":0.10070000000000001,"percentBets_2":0.13333333333333333,"percentBets_3":0.1411764705882353,"percentBets_4":0.15384615384615385},"output":{"chips":0}},
{"input":{"Win":0,"Lose":0.02,"myCurrBet":0.005,"step":0,"position":0.25,"bluff":0,"percentBets_2":0.07692307692307693,"handValue":0.601204,"percentBets_3":0.08695652173913043,"percentBets_4":0.05660377358490566},"output":{"chips":0}},
{"input":{"Win":0,"Lose":0.005,"myCurrBet":0.005,"step":0,"position":0.25,"bluff":0,"percentBets_2":0.08333333333333333,"handValue":0.600901,"percentBets_3":0.09523809523809523,"percentBets_4":0.05150214592274678},"output":{"chips":0}},
{"input":{"Win":0,"Lose":0.025,"myCurrBet":0.005,"step":0,"position":0.25,"bluff":0,"percentBets_2":0.09090909090909091,"handValue":0.10210000000000001,"percentBets_3":0.10526315789473684,"percentBets_4":0.047244094488188976},"output":{"chips":0.5}},
{"input":{"Win":0,"Lose":0.025,"myCurrBet":0.02,"step":0.25,"position":0.25,"bluff":0,"handValue":0.1034,"percentBets_2":0.18181818181818182,"percentBets_3":0.10526315789473684,"percentBets_4":0.047244094488188976},"output":{"chips":0}},
{"input":{"Win":0,"Lose":0.025,"myCurrBet":0.02,"step":0.25,"position":0.25,"bluff":0,"handValue":0.10360000000000001,"percentBets_2":0.18181818181818182,"percentBets_3":0.10526315789473684,"percentBets_4":0.047244094488188976},"output":{"chips":0}},
{"input":{"Win":0,"Lose":0.025,"myCurrBet":0.02,"step":0.25,"position":0.25,"bluff":0,"handValue":0.1034,"percentBets_2":0.18181818181818182,"percentBets_3":0.10526315789473684,"percentBets_4":0.047244094488188976},"output":{"chips":0}},
{"input":{"Win":0,"Lose":0,"myCurrBet":0.005,"step":0,"position":0.25,"bluff":0,"percentBets_2":0.1111111111111111,"handValue":0.400000000013,"percentBets_3":0.11764705882352941,"percentBets_4":0.041379310344827586},"output":{"chips":0}},
{"input":{"Win":0,"Lose":0.025,"myCurrBet":0.005,"step":0,"position":0.25,"bluff":1,"percentBets_2":0.125,"handValue":0.1014,"percentBets_3":0.0975609756097561,"percentBets_4":0.04316546762589928},"output":{"chips":0.5}},
{"input":{"Win":0,"Lose":0.025,"myCurrBet":0.02,"step":0.25,"position":0.25,"bluff":0,"handValue":0.1039,"percentBets_2":0.25,"percentBets_3":0.0975609756097561,"percentBets_4":0.04316546762589928},"output":{"chips":0}},
{"input":{"Win":0,"Lose":0.025,"myCurrBet":0.02,"step":0.25,"position":0.25,"bluff":1,"handValue":0.10400000000000001,"percentBets_2":0.25,"percentBets_3":0.0975609756097561,"percentBets_4":0.04316546762589928},"output":{"chips":0.5}},
{"input":{"Win":0,"Lose":0.025,"myCurrBet":0.02,"step":0.25,"position":0.25,"bluff":0,"handValue":0.1039,"percentBets_2":0.25,"percentBets_3":0.0975609756097561,"percentBets_4":0.04316546762589928},"output":{"chips":0}},
{"input":{"Win":0,"Lose":0,"myCurrBet":0.005,"step":0,"position":0.25,"bluff":0,"percentBets_2":0.16666666666666666,"handValue":0.10110000000000001,"percentBets_3":0.10810810810810811,"percentBets_4":0.05732484076433121},"output":{"chips":0.5}},
{"input":{"Win":0,"Lose":0,"myCurrBet":0.03,"step":0,"position":0.25,"bluff":0,"handValue":0.10110000000000001,"percentBets_2":0.5,"percentBets_3":0.32432432432432434,"percentBets_4":0.11464968152866242},"output":{"chips":0}},
{"input":{"Win":0,"Lose":0.05,"myCurrBet":0.005,"step":0,"position":0.25,"bluff":0,"percentBets_2":0.3333333333333333,"handValue":0.10060000000000001,"percentBets_3":0.06349206349206349,"percentBets_4":0.04411764705882353},"output":{"chips":0.5}},
{"input":{"Win":0,"Lose":0.05,"myCurrBet":0.02,"step":0.25,"position":0.25,"bluff":0,"handValue":0.1032,"percentBets_2":0.6666666666666666,"percentBets_3":0.06349206349206349,"percentBets_4":0.04411764705882353},"output":{"chips":0}},
{"input":{"Win":0,"Lose":0.05,"myCurrBet":0.02,"step":0.25,"position":0.25,"bluff":0,"handValue":0.1028,"percentBets_2":0.6666666666666666,"percentBets_3":0.06349206349206349,"percentBets_4":0.04411764705882353},"output":{"chips":0}},
{"input":{"Win":0,"Lose":0.05,"myCurrBet":0.02,"step":0.25,"position":0.25,"bluff":0,"handValue":0.1032,"percentBets_2":0.6666666666666666,"percentBets_3":0.06349206349206349,"percentBets_4":0.04411764705882353},"output":{"chips":0}},
{"input":{"Win":0,"Lose":0,"myCurrBet":0.005,"step":0,"position":0.25,"bluff":0,"percentBets_2":1,"handValue":0.600602,"percentBets_3":0.05333333333333334,"percentBets_4":0.046153846153846156},"output":{"chips":0}},
{"input":{"Win":0.14052953156822812,"Lose":0,"myCurrBet":0.005,"step":0,"position":0.3333333333333333,"bluff":0,"percentBets_2":0.028169014084507043,"handValue":0.10160000000000001,"percentBets_3":0.042704626334519574},"output":{"chips":1}},
{"input":{"Win":0.14052953156822812,"Lose":0,"myCurrBet":0.03,"step":0,"position":0.3333333333333333,"bluff":0,"handValue":0.10160000000000001,"percentBets_2":0.16901408450704225,"percentBets_3":0.12811387900355872},"output":{"chips":0.5}},
{"input":{"Win":0.14052953156822812,"Lose":0,"myCurrBet":0.06,"step":0.25,"position":0.3333333333333333,"bluff":0,"handValue":0.30000011050799996,"percentBets_2":0.16901408450704225,"percentBets_3":0.12811387900355872},"output":{"chips":0}},
{"input":{"Win":0.14052953156822812,"Lose":0,"myCurrBet":0.06,"step":0.25,"position":0.3333333333333333,"bluff":0,"handValue":0.30000011050799996,"percentBets_2":0.16901408450704225,"percentBets_3":0.12811387900355872},"output":{"chips":0}},
{"input":{"Win":0.14052953156822812,"Lose":0,"myCurrBet":0.06,"step":0.25,"position":0.3333333333333333,"bluff":0,"handValue":0.30000011051299996,"percentBets_2":0.16901408450704225,"percentBets_3":0.12811387900355872},"output":{"chips":0}},
{"input":{"Win":0,"Lose":0,"myCurrBet":0.005,"step":0,"position":0.3333333333333333,"bluff":0,"percentBets_2":0.03389830508474576,"handValue":0.6008049999999999,"percentBets_3":0.024489795918367346},"output":{"chips":0}},
{"input":{"Win":0,"Lose":0.045,"myCurrBet":0.005,"step":0,"position":0.3333333333333333,"bluff":0,"percentBets_2":0.03508771929824561,"handValue":0.10070000000000001,"percentBets_3":0.023622047244094488},"output":{"chips":1}},
{"input":{"Win":0,"Lose":0.045,"myCurrBet":0.02,"step":0,"position":0.3333333333333333,"bluff":0,"handValue":0.10070000000000001,"percentBets_2":0.14035087719298245,"percentBets_3":0.09448818897637795},"output":{"chips":0.5}},
{"input":{"Win":0,"Lose":0.045,"myCurrBet":0.04,"step":0.25,"position":0.3333333333333333,"bluff":0,"handValue":0.10120000000000001,"percentBets_2":0.14035087719298245,"percentBets_3":0.09448818897637795},"output":{"chips":0}},
{"input":{"Win":0,"Lose":0.045,"myCurrBet":0.04,"step":0.25,"position":0.3333333333333333,"bluff":0,"handValue":0.1023,"percentBets_2":0.14035087719298245,"percentBets_3":0.09448818897637795},"output":{"chips":0}},
{"input":{"Win":0,"Lose":0.045,"myCurrBet":0.04,"step":0.25,"position":0.3333333333333333,"bluff":0,"handValue":0.10120000000000001,"percentBets_2":0.14035087719298245,"percentBets_3":0.09448818897637795},"output":{"chips":0}},
{"input":{"Win":0,"Lose":0,"myCurrBet":0.005,"step":0,"position":0.3333333333333333,"bluff":0,"percentBets_2":0.0273972602739726,"handValue":0.601301,"percentBets_3":0.05217391304347826},"output":{"chips":0}},
{"input":{"Win":0,"Lose":0.065,"myCurrBet":0.005,"step":0,"position":0.3333333333333333,"bluff":0,"percentBets_2":0.028169014084507043,"handValue":0.10160000000000001,"percentBets_3":0.0502092050209205},"output":{"chips":1}},
{"input":{"Win":0,"Lose":0.065,"myCurrBet":0.03,"step":0,"position":0.3333333333333333,"bluff":0,"handValue":0.10160000000000001,"percentBets_2":0.16901408450704225,"percentBets_3":0.1506276150627615},"output":{"chips":0.5}},
{"input":{"Win":0,"Lose":0.065,"myCurrBet":0.06,"step":0.25,"position":0.3333333333333333,"bluff":0,"handValue":0.10210000000000001,"percentBets_2":0.16901408450704225,"percentBets_3":0.1506276150627615},"output":{"chips":0}},
{"input":{"Win":0,"Lose":0.065,"myCurrBet":0.06,"step":0.25,"position":0.3333333333333333,"bluff":0,"handValue":0.1032,"percentBets_2":0.16901408450704225,"percentBets_3":0.1506276150627615},"output":{"chips":0}},
{"input":{"Win":0,"Lose":0.065,"myCurrBet":0.06,"step":0.25,"position":0.3333333333333333,"bluff":0,"handValue":0.10210000000000001,"percentBets_2":0.16901408450704225,"percentBets_3":0.1506276150627615},"output":{"chips":0}},
{"input":{"Win":0,"Lose":0.04,"myCurrBet":0.005,"step":0,"position":0.3333333333333333,"bluff":0,"percentBets_2":0.03389830508474576,"handValue":0.1013,"percentBets_3":0.01929260450160772},"output":{"chips":1}},
{"input":{"Win":0,"Lose":0.04,"myCurrBet":0.02,"step":0,"position":0.3333333333333333,"bluff":0,"handValue":0.1013,"percentBets_2":0.13559322033898305,"percentBets_3":0.07717041800643087},"output":{"chips":0.5}},
{"input":{"Win":0,"Lose":0.04,"myCurrBet":0.04,"step":0.25,"position":0.3333333333333333,"bluff":0,"handValue":0.10260000000000001,"percentBets_2":0.13559322033898305,"percentBets_3":0.07717041800643087},"output":{"chips":0}},
{"input":{"Win":0,"Lose":0.04,"myCurrBet":0.04,"step":0.25,"position":0.3333333333333333,"bluff":0,"handValue":0.10260000000000001,"percentBets_2":0.13559322033898305,"percentBets_3":0.07717041800643087},"output":{"chips":0}},
{"input":{"Win":0,"Lose":0.04,"myCurrBet":0.04,"step":0.25,"position":0.3333333333333333,"bluff":0,"handValue":0.300000130907,"percentBets_2":0.13559322033898305,"percentBets_3":0.07717041800643087},"output":{"chips":0}},
{"input":{"Win":0.140625,"Lose":0,"myCurrBet":0.005,"step":0,"position":0.3333333333333333,"bluff":0,"percentBets_2":0.0392156862745098,"handValue":0.1,"percentBets_3":0.016713091922005572},"output":{"chips":1}},
{"input":{"Win":0.140625,"Lose":0,"myCurrBet":0.02,"step":0,"position":0.3333333333333333,"bluff":0,"handValue":0.1,"percentBets_2":0.1568627450980392,"percentBets_3":0.06685236768802229},"output":{"chips":0.5}},
{"input":{"Win":0.140625,"Lose":0,"myCurrBet":0.05,"step":0.25,"position":0.3333333333333333,"bluff":1,"handValue":0.1027,"percentBets_2":0.23529411764705882,"percentBets_3":0.10027855153203342},"output":{"chips":0.5}},
{"input":{"Win":0.140625,"Lose":0,"myCurrBet":0.04,"step":0.25,"position":0.3333333333333333,"bluff":1,"handValue":0.1027,"percentBets_2":0.1568627450980392,"percentBets_3":0.06685236768802229},"output":{"chips":1}},
{"input":{"Win":0.140625,"Lose":0,"myCurrBet":0.06,"step":0.5,"position":0.3333333333333333,"bluff":0,"handValue":0.1039,"percentBets_2":0.23529411764705882,"percentBets_3":0.10027855153203342},"output":{"chips":0}},
{"input":{"Win":0.140625,"Lose":0,"myCurrBet":0.06,"step":0.5,"position":0.3333333333333333,"bluff":0,"handValue":0.1039,"percentBets_2":0.23529411764705882,"percentBets_3":0.10027855153203342},"output":{"chips":0}},
{"input":{"Win":0,"Lose":0,"myCurrBet":0.005,"step":0,"position":0.3333333333333333,"bluff":0,"percentBets_2":0.05128205128205128,"handValue":0.6006009999999999,"percentBets_3":0.018575851393188854},"output":{"chips":0}},
{"input":{"Win":0.10227272727272728,"Lose":0,"myCurrBet":0.005,"step":0,"position":0.3333333333333333,"bluff":0,"percentBets_2":0.05405405405405406,"handValue":0.1018,"percentBets_3":0.018072289156626505},"output":{"chips":1}},
{"input":{"Win":0.10227272727272728,"Lose":0,"myCurrBet":0.02,"step":0,"position":0.3333333333333333,"bluff":0,"handValue":0.1018,"percentBets_2":0.21621621621621623,"percentBets_3":0.07228915662650602},"output":{"chips":0.5}},
{"input":{"Win":0.10227272727272728,"Lose":0,"myCurrBet":0.04,"step":0.25,"position":0.3333333333333333,"bluff":0,"handValue":0.1042,"percentBets_2":0.21621621621621623,"percentBets_3":0.07228915662650602},"output":{"chips":0}},
{"input":{"Win":0.10227272727272728,"Lose":0,"myCurrBet":0.04,"step":0.25,"position":0.3333333333333333,"bluff":1,"handValue":0.10300000000000001,"percentBets_2":0.21621621621621623,"percentBets_3":0.07228915662650602},"output":{"chips":0.5}},
{"input":{"Win":0.10227272727272728,"Lose":0,"myCurrBet":0.04,"step":0.25,"position":0.3333333333333333,"bluff":0,"handValue":0.1042,"percentBets_2":0.21621621621621623,"percentBets_3":0.07228915662650602},"output":{"chips":0}},
{"input":{"Win":0,"Lose":0,"myCurrBet":0.005,"step":0,"position":0.3333333333333333,"bluff":0,"percentBets_2":0.06896551724137931,"handValue":0.60131,"percentBets_3":0.01948051948051948},"output":{"chips":0}},
{"input":{"Win":0,"Lose":0.025,"myCurrBet":0.01,"step":0,"position":0.3333333333333333,"bluff":0,"handValue":0.1013,"percentBets_2":0.14814814814814814,"percentBets_3":0.03785488958990536},"output":{"chips":0.5}},
{"input":{"Win":0,"Lose":0.025,"myCurrBet":0.02,"step":0.25,"position":0.3333333333333333,"bluff":0,"handValue":0.1032,"percentBets_2":0.14814814814814814,"percentBets_3":0.03785488958990536},"output":{"chips":0.5}},
{"input":{"Win":0,"Lose":0.025,"myCurrBet":0.02,"step":0.5,"position":0.3333333333333333,"bluff":0,"handValue":0.1034,"percentBets_2":0.14814814814814814,"percentBets_3":0.03785488958990536},"output":{"chips":0}},
{"input":{"Win":0,"Lose":0.025,"myCurrBet":0.005,"step":0,"position":0.3333333333333333,"bluff":1,"percentBets_2":0.07407407407407407,"handValue":0.1013,"percentBets_3":0.01892744479495268},"output":{"chips":0.5}},
{"input":{"Win":0,"Lose":0.025,"myCurrBet":0.02,"step":0.5,"position":0.3333333333333333,"bluff":0,"handValue":0.1034,"percentBets_2":0.14814814814814814,"percentBets_3":0.03785488958990536},"output":{"chips":0}},
{"input":{"Win":0,"Lose":0,"myCurrBet":0.005,"step":0,"position":0.3333333333333333,"bluff":0,"percentBets_2":0.05714285714285714,"handValue":0.600901,"percentBets_3":0.019672131147540985},"output":{"chips":0}},
{"input":{"Win":0,"Lose":0.058333333333333334,"myCurrBet":0.05333333333333334,"step":0.25,"position":0.3333333333333333,"bluff":0,"handValue":0.1024,"percentBets_2":0.32323232323232326,"percentBets_3":0.10191082802547771},"output":{"chips":0}},
{"input":{"Win":0,"Lose":0.058333333333333334,"myCurrBet":0.006666666666666667,"step":0,"position":0.3333333333333333,"bluff":0,"percentBets_2":0.08080808080808081,"handValue":0.1,"percentBets_3":0.025477707006369428},"output":{"chips":1}},
{"input":{"Win":0,"Lose":0.058333333333333334,"myCurrBet":0.05333333333333334,"step":0.25,"position":0.3333333333333333,"bluff":0,"handValue":0.1024,"percentBets_2":0.32323232323232326,"percentBets_3":0.10191082802547771},"output":{"chips":0}},
{"input":{"Win":0,"Lose":0.058333333333333334,"myCurrBet":0.02666666666666667,"step":0,"position":0.3333333333333333,"bluff":0,"handValue":0.1,"percentBets_2":0.32323232323232326,"percentBets_3":0.10191082802547771},"output":{"chips":0.5}},
{"input":{"Win":0,"Lose":0.058333333333333334,"myCurrBet":0.05333333333333334,"step":0.25,"position":0.3333333333333333,"bluff":0,"handValue":0.1032,"percentBets_2":0.32323232323232326,"percentBets_3":0.10191082802547771},"output":{"chips":0}},
{"input":{"Win":0.07191011235955057,"Lose":0,"myCurrBet":0.02666666666666667,"step":0.25,"position":0.3333333333333333,"bluff":0,"handValue":0.300000090103,"percentBets_2":0.23880597014925373,"percentBets_3":0.042328042328042326},"output":{"chips":0}},
{"input":{"Win":0.07191011235955057,"Lose":0,"myCurrBet":0.006666666666666667,"step":0,"position":0.3333333333333333,"bluff":0,"percentBets_2":0.11940298507462686,"handValue":0.101,"percentBets_3":0.021164021164021163},"output":{"chips":0.5}},
{"input":{"Win":0.07191011235955057,"Lose":0,"myCurrBet":0.013333333333333334,"step":0,"position":0.3333333333333333,"bluff":0,"handValue":0.101,"percentBets_2":0.23880597014925373,"percentBets_3":0.042328042328042326},"output":{"chips":0.5}},
{"input":{"Win":0.07191011235955057,"Lose":0,"myCurrBet":0.02666666666666667,"step":0.25,"position":0.3333333333333333,"bluff":0,"handValue":0.300000090103,"percentBets_2":0.23880597014925373,"percentBets_3":0.042328042328042326},"output":{"chips":0}},
{"input":{"Win":0.07191011235955057,"Lose":0,"myCurrBet":0.02666666666666667,"step":0.25,"position":0.3333333333333333,"bluff":0,"handValue":0.30000009011,"percentBets_2":0.23880597014925373,"percentBets_3":0.042328042328042326},"output":{"chips":0}},
{"input":{"Win":0,"Lose":0,"myCurrBet":0.006666666666666667,"step":0,"position":0.3333333333333333,"bluff":0,"percentBets_2":0.1568627450980392,"handValue":0.1,"percentBets_3":0.04419889502762431},"output":{"chips":0.5}},
{"input":{"Win":0,"Lose":0,"myCurrBet":0.05333333333333334,"step":0.25,"position":0.3333333333333333,"bluff":0,"handValue":0.1018,"percentBets_2":0.6274509803921569,"percentBets_3":0.08839779005524862},"output":{"chips":0}},
{"input":{"Win":0,"Lose":0,"myCurrBet":0.02666666666666667,"step":0,"position":0.3333333333333333,"bluff":0,"handValue":0.1,"percentBets_2":0.6274509803921569,"percentBets_3":0.08839779005524862},"output":{"chips":0.5}},
{"input":{"Win":0,"Lose":0,"myCurrBet":0.05333333333333334,"step":0.25,"position":0.3333333333333333,"bluff":0,"handValue":0.1018,"percentBets_2":0.6274509803921569,"percentBets_3":0.08839779005524862},"output":{"chips":0}},
{"input":{"Win":0,"Lose":0,"myCurrBet":0.05333333333333334,"step":0.25,"position":0.3333333333333333,"bluff":1,"handValue":0.10310000000000001,"percentBets_2":0.6274509803921569,"percentBets_3":0.08839779005524862},"output":{"chips":1}},
{"input":{"Win":0,"Lose":0,"myCurrBet":0.06666666666666667,"step":0.25,"position":0.3333333333333333,"bluff":0,"handValue":0.300000131109,"percentBets_2":0.9411764705882353,"percentBets_3":0.13259668508287292},"output":{"chips":0}},
{"input":{"Win":0,"Lose":0.06666666666666667,"myCurrBet":0.02666666666666667,"step":0,"position":0.3333333333333333,"bluff":0,"handValue":0.1015,"percentBets_2":0.2302158273381295,"percentBets_3":0.10191082802547771},"output":{"chips":0.5}},
{"input":{"Win":0,"Lose":0.06666666666666667,"myCurrBet":0.05333333333333334,"step":0.25,"position":0.3333333333333333,"bluff":0,"handValue":0.1018,"percentBets_2":0.2302158273381295,"percentBets_3":0.10191082802547771},"output":{"chips":0}},
{"input":{"Win":0,"Lose":0.06666666666666667,"myCurrBet":0.05333333333333334,"step":0.25,"position":0.3333333333333333,"bluff":0,"handValue":0.1018,"percentBets_2":0.2302158273381295,"percentBets_3":0.10191082802547771},"output":{"chips":0}},
{"input":{"Win":0,"Lose":0.06666666666666667,"myCurrBet":0.006666666666666667,"step":0,"position":0.3333333333333333,"bluff":1,"percentBets_2":0.05755395683453238,"handValue":0.1015,"percentBets_3":0.025477707006369428},"output":{"chips":1}},
{"input":{"Win":0,"Lose":0.06666666666666667,"myCurrBet":0.05333333333333334,"step":0.25,"position":0.3333333333333333,"bluff":0,"handValue":0.1024,"percentBets_2":0.2302158273381295,"percentBets_3":0.12738853503184713},"output":{"chips":0}},
{"input":{"Win":0,"Lose":0.10666666666666667,"myCurrBet":0.006666666666666667,"step":0,"position":0.3333333333333333,"bluff":1,"percentBets_2":0.07476635514018691,"handValue":0.1015,"percentBets_3":0.021164021164021163},"output":{"chips":1}},
{"input":{"Win":0,"Lose":0.10666666666666667,"myCurrBet":0.05333333333333334,"step":0.25,"position":0.3333333333333333,"bluff":0,"handValue":0.10260000000000001,"percentBets_2":0.29906542056074764,"percentBets_3":0.08465608465608465},"output":{"chips":0}},
{"input":{"Win":0,"Lose":0.10666666666666667,"myCurrBet":0.05333333333333334,"step":0.25,"position":0.3333333333333333,"bluff":0,"handValue":0.10260000000000001,"percentBets_2":0.29906542056074764,"percentBets_3":0.08465608465608465},"output":{"chips":0}},
{"input":{"Win":0,"Lose":0.10666666666666667,"myCurrBet":0.05333333333333334,"step":0.25,"position":0.3333333333333333,"bluff":0,"handValue":0.1038,"percentBets_2":0.29906542056074764,"percentBets_3":0.08465608465608465},"output":{"chips":0}},
{"input":{"Win":0,"Lose":0.10666666666666667,"myCurrBet":0.02666666666666667,"step":0,"position":0.3333333333333333,"bluff":0,"handValue":0.1015,"percentBets_2":0.29906542056074764,"percentBets_3":0.08465608465608465},"output":{"chips":0.5}},
{"input":{"Win":0,"Lose":0,"myCurrBet":0.006666666666666667,"step":0,"position":0.3333333333333333,"bluff":1,"percentBets_2":0.04678362573099415,"handValue":0.6005039999999999,"percentBets_3":0.023121387283236993},"output":{"chips":1}},
{"input":{"Win":0,"Lose":0,"myCurrBet":0.02666666666666667,"step":0,"position":0.3333333333333333,"bluff":0,"handValue":0.6005039999999999,"percentBets_2":0.1871345029239766,"percentBets_3":0.09248554913294797},"output":{"chips":0}},
{"input":{"Win":0,"Lose":0.02666666666666667,"myCurrBet":0.006666666666666667,"step":0,"position":0.3333333333333333,"bluff":0,"percentBets_2":0.05755395683453238,"handValue":0.1017,"percentBets_3":0.02030456852791878},"output":{"chips":1}},
{"input":{"Win":0,"Lose":0.02666666666666667,"myCurrBet":0.06666666666666667,"step":0.25,"position":0.3333333333333333,"bluff":0,"handValue":0.1027,"percentBets_2":0.34532374100719426,"percentBets_3":0.1218274111675127},"output":{"chips":0}},
{"input":{"Win":0,"Lose":0.02666666666666667,"myCurrBet":0.02666666666666667,"step":0,"position":0.3333333333333333,"bluff":0,"handValue":0.1017,"percentBets_2":0.2302158273381295,"percentBets_3":0.08121827411167512},"output":{"chips":0.5}},
{"input":{"Win":0,"Lose":0.02666666666666667,"myCurrBet":0.05333333333333334,"step":0.25,"position":0.3333333333333333,"bluff":1,"handValue":0.1027,"percentBets_2":0.2302158273381295,"percentBets_3":0.08121827411167512},"output":{"chips":1}},
{"input":{"Win":0.08630393996247655,"Lose":0,"myCurrBet":0.02666666666666667,"step":0,"position":0.3333333333333333,"bluff":1,"handValue":0.10160000000000001,"percentBets_2":0.3516483516483517,"percentBets_3":0.06639004149377593},"output":{"chips":0.5}},
{"input":{"Win":0.08630393996247655,"Lose":0,"myCurrBet":0.006666666666666667,"step":0,"position":0.3333333333333333,"bluff":0,"percentBets_2":0.08791208791208792,"handValue":0.10160000000000001,"percentBets_3":0.016597510373443983},"output":{"chips":1}},
{"input":{"Win":0.08630393996247655,"Lose":0,"myCurrBet":0.045,"step":0.25,"position":0.3333333333333333,"bluff":0,"handValue":0.1022,"percentBets_2":0.5934065934065934,"percentBets_3":0},"output":{"chips":0.5}},
{"input":{"Win":0.08630393996247655,"Lose":0,"myCurrBet":0.045,"step":0.5,"position":0.3333333333333333,"bluff":0,"handValue":0.10300000000000001,"percentBets_2":0.5934065934065934},"output":{"chips":0}},
{"input":{"Win":0.08630393996247655,"Lose":0,"myCurrBet":0.045,"step":0.5,"position":0.3333333333333333,"bluff":0,"handValue":0.10300000000000001,"percentBets_2":0.5934065934065934},"output":{"chips":0}},
{"input":{"Win":0,"Lose":0,"myCurrBet":0.006666666666666667,"step":0,"position":0.3333333333333333,"bluff":0,"percentBets_2":0.21621621621621623,"handValue":0.1019,"percentBets_3":0.017777777777777778},"output":{"chips":0.5}},
{"input":{"Win":0,"Lose":0,"myCurrBet":0.013333333333333334,"step":0,"position":0.3333333333333333,"bluff":0,"handValue":0.1019,"percentBets_2":0.43243243243243246,"percentBets_3":0.035555555555555556},"output":{"chips":0.5}},
{"input":{"Win":0,"Lose":0,"myCurrBet":0.04,"step":0.25,"position":0.3333333333333333,"bluff":0,"handValue":0.1037,"percentBets_2":0.8648648648648649,"percentBets_3":0.07111111111111111},"output":{"chips":0}},
{"input":{"Win":0,"Lose":0,"myCurrBet":0.02666666666666667,"step":0.25,"position":0.3333333333333333,"bluff":1,"handValue":0.1037,"percentBets_2":0.43243243243243246,"percentBets_3":0.035555555555555556},"output":{"chips":1}},
{"input":{"Win":0,"Lose":0.04,"myCurrBet":0.05333333333333334,"step":0.25,"position":0.3333333333333333,"bluff":0,"handValue":0.10200000000000001,"percentBets_2":0.34408602150537637,"percentBets_3":0.07655502392344497},"output":{"chips":0}},
{"input":{"Win":0,"Lose":0.04,"myCurrBet":0.006666666666666667,"step":0,"position":0.3333333333333333,"bluff":0,"percentBets_2":0.08602150537634409,"handValue":0.10120000000000001,"percentBets_3":0.019138755980861243},"output":{"chips":1}},
{"input":{"Win":0,"Lose":0.04,"myCurrBet":0.02666666666666667,"step":0,"position":0.3333333333333333,"bluff":0,"handValue":0.10120000000000001,"percentBets_2":0.34408602150537637,"percentBets_3":0.07655502392344497},"output":{"chips":0.5}},
{"input":{"Win":0,"Lose":0.04,"myCurrBet":0.05333333333333334,"step":0.25,"position":0.3333333333333333,"bluff":0,"handValue":0.10200000000000001,"percentBets_2":0.34408602150537637,"percentBets_3":0.07655502392344497},"output":{"chips":0}},
{"input":{"Win":0,"Lose":0.04,"myCurrBet":0.06666666666666667,"step":0.25,"position":0.3333333333333333,"bluff":0,"handValue":0.10300000000000001,"percentBets_2":0.5161290322580645,"percentBets_3":0.11483253588516747},"output":{"chips":0}},
{"input":{"Win":0,"Lose":0.04,"myCurrBet":0.05333333333333334,"step":0.25,"position":0.3333333333333333,"bluff":1,"handValue":0.1019,"percentBets_2":0.34408602150537637,"percentBets_3":0.07655502392344497},"output":{"chips":1}},
{"input":{"Win":0,"Lose":0.06666666666666667,"myCurrBet":0.006666666666666667,"step":0,"position":0.3333333333333333,"bluff":0,"percentBets_2":0.17777777777777778,"handValue":0.1017,"percentBets_3":0.015810276679841896},"output":{"chips":0.5}},
{"input":{"Win":0,"Lose":0.06666666666666667,"myCurrBet":0.013333333333333334,"step":0,"position":0.3333333333333333,"bluff":0,"handValue":0.1017,"percentBets_2":0.35555555555555557,"percentBets_3":0.03162055335968379},"output":{"chips":0.5}},
{"input":{"Win":0,"Lose":0.06666666666666667,"myCurrBet":0.02666666666666667,"step":0.5,"position":0.3333333333333333,"bluff":0,"handValue":0.10210000000000001,"percentBets_2":0.35555555555555557,"percentBets_3":0.04743083003952569},"output":{"chips":0}},
{"input":{"Win":0,"Lose":0.06666666666666667,"myCurrBet":0.02666666666666667,"step":0.25,"position":0.3333333333333333,"bluff":0,"handValue":0.10300000000000001,"percentBets_2":0.35555555555555557,"percentBets_3":0.03162055335968379},"output":{"chips":0.5}},
{"input":{"Win":0,"Lose":0.06666666666666667,"myCurrBet":0.02666666666666667,"step":0.5,"position":0.3333333333333333,"bluff":0,"handValue":0.10210000000000001,"percentBets_2":0.35555555555555557,"percentBets_3":0.03162055335968379},"output":{"chips":0}},
{"input":{"Win":0,"Lose":0.05333333333333334,"myCurrBet":0.006666666666666667,"step":0,"position":0.3333333333333333,"bluff":0,"percentBets_2":0.27586206896551724,"handValue":0.1,"percentBets_3":0.01486988847583643},"output":{"chips":0.5}},
{"input":{"Win":0,"Lose":0.05333333333333334,"myCurrBet":0.013333333333333334,"step":0,"position":0.3333333333333333,"bluff":0,"handValue":0.1,"percentBets_2":0.5517241379310345,"percentBets_3":0.02973977695167286},"output":{"chips":0.5}},
{"input":{"Win":0,"Lose":0.05333333333333334,"myCurrBet":0.02666666666666667,"step":0.5,"position":0.3333333333333333,"bluff":0,"handValue":0.1037,"percentBets_2":0.5517241379310345,"percentBets_3":0.02973977695167286},"output":{"chips":0}},
{"input":{"Win":0,"Lose":0.05333333333333334,"myCurrBet":0.02666666666666667,"step":0.25,"position":0.3333333333333333,"bluff":0,"handValue":0.1028,"percentBets_2":0.5517241379310345,"percentBets_3":0.02973977695167286},"output":{"chips":0.5}},
{"input":{"Win":0,"Lose":0.05333333333333334,"myCurrBet":0.02666666666666667,"step":0.5,"position":0.3333333333333333,"bluff":0,"handValue":0.1037,"percentBets_2":0.5517241379310345,"percentBets_3":0.02973977695167286},"output":{"chips":0}},
{"input":{"Win":0.0548885077186964,"Lose":0,"myCurrBet":0.006666666666666667,"step":0,"position":0.3333333333333333,"bluff":0,"percentBets_2":0.13114754098360656,"handValue":0.1,"percentBets_3":0.01532567049808429},"output":{"chips":0.5}},
{"input":{"Win":0.0548885077186964,"Lose":0,"myCurrBet":0.02666666666666667,"step":0.25,"position":0.3333333333333333,"bluff":0,"handValue":0.400000130502,"percentBets_2":0.26229508196721313,"percentBets_3":0.03065134099616858},"output":{"chips":0}},
{"input":{"Win":0.0548885077186964,"Lose":0,"myCurrBet":0.013333333333333334,"step":0,"position":0.3333333333333333,"bluff":0,"handValue":0.1,"percentBets_2":0.26229508196721313,"percentBets_3":0.03065134099616858},"output":{"chips":0.5}},
{"input":{"Win":0.0548885077186964,"Lose":0,"myCurrBet":0.02666666666666667,"step":0.25,"position":0.3333333333333333,"bluff":0,"handValue":0.400000130502,"percentBets_2":0.26229508196721313,"percentBets_3":0.03065134099616858},"output":{"chips":0}},
{"input":{"Win":0.0548885077186964,"Lose":0,"myCurrBet":0.02666666666666667,"step":0.25,"position":0.3333333333333333,"bluff":0,"handValue":0.400000130504,"percentBets_2":0.26229508196721313,"percentBets_3":0.03065134099616858},"output":{"chips":0}},
{"input":{"Win":0.05807622504537205,"Lose":0,"myCurrBet":0.006666666666666667,"step":0,"position":0.3333333333333333,"bluff":0,"percentBets_2":0.17777777777777778,"handValue":0.1,"percentBets_3":0.015810276679841896},"output":{"chips":0.5}},
{"input":{"Win":0.05807622504537205,"Lose":0,"myCurrBet":0.02666666666666667,"step":0.5,"position":0.3333333333333333,"bluff":0,"handValue":0.1037,"percentBets_2":0.35555555555555557,"percentBets_3":0.03162055335968379},"output":{"chips":0}},
{"input":{"Win":0.05807622504537205,"Lose":0,"myCurrBet":0.02666666666666667,"step":0.25,"position":0.3333333333333333,"bluff":0,"handValue":0.1024,"percentBets_2":0.35555555555555557,"percentBets_3":0.03162055335968379},"output":{"chips":0.5}},
{"input":{"Win":0.05807622504537205,"Lose":0,"myCurrBet":0.013333333333333334,"step":0,"position":0.3333333333333333,"bluff":0,"handValue":0.1,"percentBets_2":0.35555555555555557,"percentBets_3":0.03162055335968379},"output":{"chips":0.5}},
{"input":{"Win":0.05807622504537205,"Lose":0,"myCurrBet":0.02666666666666667,"step":0.5,"position":0.3333333333333333,"bluff":0,"handValue":0.1037,"percentBets_2":0.35555555555555557,"percentBets_3":0.03162055335968379},"output":{"chips":0}},
{"input":{"Win":0,"Lose":0.02666666666666667,"myCurrBet":0.006666666666666667,"step":0,"position":0.3333333333333333,"bluff":0,"percentBets_2":0.27586206896551724,"handValue":0.10160000000000001,"percentBets_3":0.0163265306122449},"output":{"chips":0.5}},
{"input":{"Win":0,"Lose":0.02666666666666667,"myCurrBet":0.013333333333333334,"step":0,"position":0.3333333333333333,"bluff":0,"handValue":0.10160000000000001,"percentBets_2":0.5517241379310345,"percentBets_3":0.0326530612244898},"output":{"chips":0.5}},
{"input":{"Win":0,"Lose":0.02666666666666667,"myCurrBet":0.02666666666666667,"step":0.25,"position":0.3333333333333333,"bluff":0,"handValue":0.10310000000000001,"percentBets_2":0.5517241379310345,"percentBets_3":0.0326530612244898},"output":{"chips":0.5}},
{"input":{"Win":0,"Lose":0.02666666666666667,"myCurrBet":0.02666666666666667,"step":0.5,"position":0.3333333333333333,"bluff":0,"handValue":0.1033,"percentBets_2":0.5517241379310345,"percentBets_3":0.0326530612244898},"output":{"chips":0}},
{"input":{"Win":0,"Lose":0.02666666666666667,"myCurrBet":0.02666666666666667,"step":0.5,"position":0.3333333333333333,"bluff":1,"handValue":0.1033,"percentBets_2":0.5517241379310345,"percentBets_3":0.0326530612244898},"output":{"chips":0.5}},
{"input":{"Win":0,"Lose":0,"myCurrBet":0.006666666666666667,"step":0,"position":0.3333333333333333,"bluff":0,"percentBets_2":0.13114754098360656,"handValue":0.500000000003,"percentBets_3":0.016877637130801686},"output":{"chips":0}},
{"input":{"Win":0,"Lose":0.03333333333333333,"myCurrBet":0.006666666666666667,"step":0,"position":0.3333333333333333,"bluff":0,"percentBets_2":0.1509433962264151,"handValue":0.10070000000000001,"percentBets_3":0.01646090534979424},"output":{"chips":0.5}},
{"input":{"Win":0,"Lose":0.03333333333333333,"myCurrBet":0.02666666666666667,"step":0.25,"position":0.3333333333333333,"bluff":0,"handValue":0.1033,"percentBets_2":0.3018867924528302,"percentBets_3":0.03292181069958848},"output":{"chips":0.5}},
{"input":{"Win":0,"Lose":0.03333333333333333,"myCurrBet":0.013333333333333334,"step":0,"position":0.3333333333333333,"bluff":1,"handValue":0.10070000000000001,"percentBets_2":0.3018867924528302,"percentBets_3":0.03292181069958848},"output":{"chips":0.5}},
{"input":{"Win":0,"Lose":0.03333333333333333,"myCurrBet":0.02666666666666667,"step":0.5,"position":0.3333333333333333,"bluff":0,"handValue":0.10310000000000001,"percentBets_2":0.3018867924528302,"percentBets_3":0.03292181069958848},"output":{"chips":0}},
{"input":{"Win":0,"Lose":0.03333333333333333,"myCurrBet":0.02666666666666667,"step":0.5,"position":0.3333333333333333,"bluff":0,"handValue":0.10310000000000001,"percentBets_2":0.3018867924528302,"percentBets_3":0.03292181069958848},"output":{"chips":0}},
{"input":{"Win":0,"Lose":0.075,"myCurrBet":0.006666666666666667,"step":0,"position":0.3333333333333333,"bluff":0,"percentBets_2":0.09411764705882353,"handValue":0.10070000000000001,"percentBets_3":0.01702127659574468},"output":{"chips":1}},
{"input":{"Win":0,"Lose":0.075,"myCurrBet":0.05333333333333334,"step":0.25,"position":0.3333333333333333,"bluff":0,"handValue":0.10310000000000001,"percentBets_2":0.3764705882352941,"percentBets_3":0.06808510638297872},"output":{"chips":0}},
{"input":{"Win":0,"Lose":0.075,"myCurrBet":0.02666666666666667,"step":0,"position":0.3333333333333333,"bluff":0,"handValue":0.10070000000000001,"percentBets_2":0.3764705882352941,"percentBets_3":0.06808510638297872},"output":{"chips":0.5}},
{"input":{"Win":0,"Lose":0.075,"myCurrBet":0.05333333333333334,"step":0.25,"position":0.3333333333333333,"bluff":0,"handValue":0.10310000000000001,"percentBets_2":0.3764705882352941,"percentBets_3":0.06808510638297872},"output":{"chips":0}},
{"input":{"Win":0,"Lose":0.075,"myCurrBet":0.05333333333333334,"step":0.25,"position":0.3333333333333333,"bluff":0,"handValue":0.10410000000000001,"percentBets_2":0.3764705882352941,"percentBets_3":0.06808510638297872},"output":{"chips":0}},
