{"input":{"Win":0,"Lose":0.11333333333333333,"myCurrBet":0,"step":0,"position":0.75,"bluff":0,"percentBets_1":0.006666666666666667,"percentBets_2":0.013333333333333334,"handValue":0.1013},"output":{"chips":1}},
{"input":{"Win":0,"Lose":0.11333333333333333,"myCurrBet":0.11333333333333333,"step":0.25,"position":0.75,"bluff":0,"handValue":0.10260000000000001,"percentBets_4":0.4533333333333333,"percentBets_1":0.4533333333333333},"output":{"chips":0.5}},
{"input":{"Win":0,"Lose":0.11333333333333333,"myCurrBet":0.01,"step":0,"position":0.75,"bluff":0,"handValue":0.1013,"percentBets_4":0.08,"percentBets_1":0.08,"percentBets_2":0},"output":{"chips":1}},
{"input":{"Win":0,"Lose":0.11333333333333333,"myCurrBet":0.056666666666666664,"step":0,"position":0.75,"bluff":0,"handValue":0.1013,"percentBets_4":0.4533333333333333,"percentBets_1":0.4533333333333333},"output":{"chips":0.5}},
{"input":{"Win":0,"Lose":0.11333333333333333,"myCurrBet":0.023333333333333334,"step":0,"position":0.75,"bluff":1,"handValue":0.1013,"percentBets_4":0.18666666666666668,"percentBets_1":0.18666666666666668},"output":{"chips":1}},
{"input":{"Win":0,"Lose":0.11333333333333333,"myCurrBet":0.11333333333333333,"step":0.5,"position":0.75,"bluff":0,"handValue":0.1039,"percentBets_4":0.4533333333333333,"percentBets_1":0.4533333333333333},"output":{"chips":0}},
{"input":{"Win":0,"Lose":0.11333333333333333,"myCurrBet":0.11333333333333333,"step":0.5,"position":0.75,"bluff":0,"handValue":0.1039,"percentBets_4":0.4533333333333333,"percentBets_1":0.4533333333333333},"output":{"chips":0}},
{"input":{"Win":0.1891891891891892,"Lose":0,"myCurrBet":0,"step":0,"position":0.75,"bluff":0,"percentBets_1":0.003472222222222222,"percentBets_2":0.013513513513513514,"handValue":0.10110000000000001},"output":{"chips":1}},
{"input":{"Win":0.1891891891891892,"Lose":0,"myCurrBet":0.006666666666666667,"step":0,"position":0.75,"bluff":0,"handValue":0.10110000000000001,"percentBets_4":0.0975609756097561,"percentBets_1":0.027777777777777776,"percentBets_2":0.06756756756756757},"output":{"chips":1}},
{"input":{"Win":0.1891891891891892,"Lose":0,"myCurrBet":0.02666666666666667,"step":0,"position":0.75,"bluff":0,"handValue":0.10110000000000001,"percentBets_4":0.3902439024390244,"percentBets_1":0.1111111111111111,"percentBets_2":0},"output":{"chips":0.5}},
{"input":{"Win":0.1891891891891892,"Lose":0,"myCurrBet":0.05333333333333334,"step":0.25,"position":0.75,"bluff":0,"handValue":0.1022,"percentBets_4":0.3902439024390244,"percentBets_1":0.1111111111111111},"output":{"chips":1}},
{"input":{"Win":0.1891891891891892,"Lose":0,"myCurrBet":0.07333333333333333,"step":0.5,"position":0.75,"bluff":0,"handValue":0.1029,"percentBets_4":0.5365853658536586,"percentBets_1":0.1527777777777778},"output":{"chips":0.5}},
{"input":{"Win":0.1891891891891892,"Lose":0,"myCurrBet":0.07333333333333333,"step":0.75,"position":0.75,"bluff":0,"handValue":0.10410000000000001,"percentBets_4":0.5365853658536586,"percentBets_1":0.1527777777777778},"output":{"chips":0}},
{"input":{"Win":0.1891891891891892,"Lose":0,"myCurrBet":0.06333333333333334,"step":0.25,"position":0.75,"bluff":0,"handValue":0.1022,"percentBets_4":0.5365853658536586,"percentBets_1":0.1527777777777778},"output":{"chips":0.5}},
{"input":{"Win":0,"Lose":0.04,"myCurrBet":0.013333333333333334,"step":0.25,"position":0.75,"bluff":0,"handValue":0.1037,"percentBets_4":0.21052631578947367,"percentBets_1":0.03278688524590164,"percentBets_2":0.10144927536231885},"output":{"chips":0.5}},
{"input":{"Win":0,"Lose":0.04,"myCurrBet":0,"step":0,"position":0.75,"bluff":1,"percentBets_1":0.004098360655737705,"percentBets_2":0.014492753623188406,"handValue":0.10070000000000001},"output":{"chips":1}},
{"input":{"Win":0,"Lose":0.04,"myCurrBet":0.023333333333333334,"step":0.25,"position":0.75,"bluff":0,"handValue":0.1037,"percentBets_4":0.5263157894736842,"percentBets_1":0.08196721311475409,"percentBets_2":0.17391304347826086},"output":{"chips":0.5}},
{"input":{"Win":0,"Lose":0.04,"myCurrBet":0.04,"step":0.5,"position":0.75,"bluff":0,"handValue":0.10450000000000001,"percentBets_4":0.21052631578947367,"percentBets_1":0.03278688524590164,"percentBets_2":0.17391304347826086},"output":{"chips":0.5}},
{"input":{"Win":0,"Lose":0.04,"myCurrBet":0.006666666666666667,"step":0,"position":0.75,"bluff":0,"handValue":0.10070000000000001,"percentBets_4":0.21052631578947367,"percentBets_1":0.03278688524590164,"percentBets_2":0.057971014492753624},"output":{"chips":0.5}},
{"input":{"Win":0,"Lose":0.04,"myCurrBet":0.04,"step":0.75,"position":0.75,"bluff":0,"handValue":0.1048,"percentBets_2":0.17391304347826086},"output":{"chips":0.5}},
{"input":{"Win":0.06306306306306306,"Lose":0,"myCurrBet":0,"step":0,"position":0.75,"bluff":1,"percentBets_1":0.004464285714285714,"percentBets_2":0.009900990099009901,"handValue":0.1003},"output":{"chips":0.5}},
{"input":{"Win":0.06306306306306306,"Lose":0,"myCurrBet":0.006666666666666667,"step":0.25,"position":0.75,"bluff":0,"handValue":0.1027,"percentBets_4":0.2222222222222222,"percentBets_1":0.017857142857142856,"percentBets_2":0.039603960396039604},"output":{"chips":1}},
{"input":{"Win":0.06306306306306306,"Lose":0,"myCurrBet":0.023333333333333334,"step":0.25,"position":0.75,"bluff":0,"handValue":0.1027,"percentBets_4":0.2222222222222222,"percentBets_1":0.017857142857142856,"percentBets_2":0.09900990099009901},"output":{"chips":0.5}},
{"input":{"Win":0.06306306306306306,"Lose":0,"myCurrBet":0.0033333333333333335,"step":0,"position":0.75,"bluff":0,"handValue":0.1003,"percentBets_4":0.2222222222222222,"percentBets_1":0.017857142857142856,"percentBets_2":0.019801980198019802},"output":{"chips":0.5}},
{"input":{"Win":0.06306306306306306,"Lose":0,"myCurrBet":0.03333333333333333,"step":0.5,"position":0.75,"bluff":0,"handValue":0.1037,"percentBets_2":0.09900990099009901},"output":{"chips":0.5}},
{"input":{"Win":0.06306306306306306,"Lose":0,"myCurrBet":0.03333333333333333,"step":0.75,"position":0.75,"bluff":0,"handValue":0.1043,"percentBets_2":0.09900990099009901},"output":{"chips":0.5}},
{"input":{"Win":0.07692307692307693,"Lose":0,"myCurrBet":0,"step":0,"position":0.75,"bluff":0,"percentBets_1":0.004545454545454545,"percentBets_2":0.01098901098901099,"handValue":0.1018},"output":{"chips":1}},
{"input":{"Win":0.07692307692307693,"Lose":0,"myCurrBet":0.006666666666666667,"step":0,"position":0.75,"bluff":1,"handValue":0.1018,"percentBets_4":0.5714285714285714,"percentBets_1":0.03636363636363636,"percentBets_2":0.04395604395604396},"output":{"chips":1}},
{"input":{"Win":0.07692307692307693,"Lose":0,"myCurrBet":0.016666666666666666,"step":0,"position":0.75,"bluff":0,"handValue":0.1018,"percentBets_4":0,"percentBets_1":0,"percentBets_2":0.08791208791208792},"output":{"chips":0.5}},
{"input":{"Win":0.07692307692307693,"Lose":0,"myCurrBet":0.02666666666666667,"step":0.25,"position":0.75,"bluff":0,"handValue":0.1023,"percentBets_2":0.08791208791208792},"output":{"chips":0.5}},
{"input":{"Win":0.07692307692307693,"Lose":0,"myCurrBet":0.02666666666666667,"step":0.5,"position":0.75,"bluff":0,"handValue":0.10300000000000001,"percentBets_2":0.08791208791208792},"output":{"chips":0.5}},
{"input":{"Win":0.07692307692307693,"Lose":0,"myCurrBet":0.02666666666666667,"step":0.75,"position":0.75,"bluff":0,"handValue":0.300000100312,"percentBets_2":0.08791208791208792},"output":{"chips":0.5}},
{"input":{"Win":0.044270833333333336,"Lose":0,"myCurrBet":0,"step":0,"position":0.75,"bluff":0,"percentBets_1":0.0047169811320754715,"percentBets_2":0.012048192771084338,"handValue":0.1013},"output":{"chips":1}},
{"input":{"Win":0.044270833333333336,"Lose":0,"myCurrBet":0.02666666666666667,"step":0.25,"position":0.75,"bluff":0,"handValue":0.1039,"percentBets_2":0.0963855421686747},"output":{"chips":0.5}},
{"input":{"Win":0.044270833333333336,"Lose":0,"myCurrBet":0.006666666666666667,"step":0,"position":0.75,"bluff":0,"handValue":0.1013,"percentBets_4":0,"percentBets_1":0,"percentBets_2":0.060240963855421686},"output":{"chips":1}},
{"input":{"Win":0.044270833333333336,"Lose":0,"myCurrBet":0.02666666666666667,"step":0.5,"position":0.75,"bluff":0,"handValue":0.1042,"percentBets_2":0.0963855421686747},"output":{"chips":0.5}},
{"input":{"Win":0.044270833333333336,"Lose":0,"myCurrBet":0.02666666666666667,"step":0.75,"position":0.75,"bluff":0,"handValue":0.10540000000000001,"percentBets_2":0.0963855421686747},"output":{"chips":0.5}},
{"input":{"Win":0.04087193460490463,"Lose":0,"myCurrBet":0.01,"step":0,"position":0.75,"bluff":0,"handValue":0.10070000000000001,"percentBets_4":0,"percentBets_1":0,"percentBets_2":0.08},"output":{"chips":0.5}},
{"input":{"Win":0.04087193460490463,"Lose":0,"myCurrBet":0.02,"step":0.25,"position":0.75,"bluff":0,"handValue":0.1017,"percentBets_2":0.09333333333333334},"output":{"chips":0.5}},
{"input":{"Win":0.04087193460490463,"Lose":0,"myCurrBet":0,"step":0,"position":0.75,"bluff":0,"percentBets_1":0.004739336492890996,"percentBets_2":0.013333333333333334,"handValue":0.10070000000000001},"output":{"chips":1}},
{"input":{"Win":0.04087193460490463,"Lose":0,"myCurrBet":0.023333333333333334,"step":0.75,"position":0.75,"bluff":0,"handValue":0.300000100211,"percentBets_2":0.09333333333333334},"output":{"chips":0.5}},
{"input":{"Win":0.04087193460490463,"Lose":0,"myCurrBet":0.023333333333333334,"step":0.5,"position":0.75,"bluff":1,"handValue":0.1028,"percentBets_2":0.09333333333333334},"output":{"chips":0.5}},
{"input":{"Win":0.036931818181818184,"Lose":0,"myCurrBet":0.01,"step":0.25,"position":0.75,"bluff":1,"handValue":0.10260000000000001,"percentBets_2":0.08823529411764706},"output":{"chips":0.5}},
{"input":{"Win":0.036931818181818184,"Lose":0,"myCurrBet":0,"step":0,"position":0.75,"bluff":0,"percentBets_1":0.004761904761904762,"percentBets_2":0.014705882352941176,"handValue":0.10160000000000001},"output":{"chips":1}},
{"input":{"Win":0.036931818181818184,"Lose":0,"myCurrBet":0.02,"step":0.5,"position":0.75,"bluff":1,"handValue":0.1027,"percentBets_2":0.08823529411764706},"output":{"chips":1}},
{"input":{"Win":0.036931818181818184,"Lose":0,"myCurrBet":0.01,"step":0.25,"position":0.75,"bluff":0,"handValue":0.10260000000000001,"percentBets_4":0,"percentBets_1":0,"percentBets_2":0.04411764705882353},"output":{"chips":0.5}},
{"input":{"Win":0.038348082595870206,"Lose":0,"myCurrBet":0.01,"step":0,"position":0.75,"bluff":0,"handValue":0.1014,"percentBets_4":0,"percentBets_1":0,"percentBets_2":0.08064516129032258},"output":{"chips":0.5}},
{"input":{"Win":0.038348082595870206,"Lose":0,"myCurrBet":0,"step":0,"position":0.75,"bluff":0,"percentBets_1":0.004784688995215311,"percentBets_2":0.016129032258064516,"handValue":0.1014},"output":{"chips":1}},
{"input":{"Win":0.038348082595870206,"Lose":0,"myCurrBet":0.02,"step":0.5,"position":0.75,"bluff":0,"handValue":0.1039,"percentBets_2":0.0967741935483871},"output":{"chips":0.5}},
{"input":{"Win":0.038348082595870206,"Lose":0,"myCurrBet":0.02,"step":0.75,"position":0.75,"bluff":0,"handValue":0.1046,"percentBets_2":0.0967741935483871},"output":{"chips":0.5}},
{"input":{"Win":0.038348082595870206,"Lose":0,"myCurrBet":0.016666666666666666,"step":0.25,"position":0.75,"bluff":0,"handValue":0.10400000000000001,"percentBets_2":0.0967741935483871},"output":{"chips":0.5}},
{"input":{"Win":0,"Lose":0.023333333333333334,"myCurrBet":0.006666666666666667,"step":0.25,"position":0.75,"bluff":0,"handValue":0.1039,"percentBets_4":0.6666666666666666,"percentBets_1":0.019230769230769232,"percentBets_2":0.05357142857142857},"output":{"chips":1}},
{"input":{"Win":0,"Lose":0.023333333333333334,"myCurrBet":0,"step":0,"position":0.75,"bluff":1,"percentBets_1":0.004807692307692308,"percentBets_2":0.017857142857142856,"handValue":0.10200000000000001},"output":{"chips":0.5}},
{"input":{"Win":0,"Lose":0.023333333333333334,"myCurrBet":0.0033333333333333335,"step":0,"position":0.75,"bluff":0,"handValue":0.10200000000000001,"percentBets_4":0.6666666666666666,"percentBets_1":0.019230769230769232,"percentBets_2":0.03571428571428571},"output":{"chips":0.5}},
{"input":{"Win":0,"Lose":0.023333333333333334,"myCurrBet":0.016666666666666666,"step":0.25,"position":0.75,"bluff":0,"handValue":0.1039,"percentBets_4":0.6666666666666666,"percentBets_1":0.019230769230769232,"percentBets_2":0.125},"output":{"chips":0.5}},
{"input":{"Win":0,"Lose":0.023333333333333334,"myCurrBet":0.023333333333333334,"step":0.75,"position":0.75,"bluff":0,"handValue":0.300000130712,"percentBets_2":0.125},"output":{"chips":0.5}},
{"input":{"Win":0,"Lose":0.023333333333333334,"myCurrBet":0.023333333333333334,"step":0.5,"position":0.75,"bluff":0,"handValue":0.10260000000000001,"percentBets_2":0.125},"output":{"chips":0.5}},
{"input":{"Win":0,"Lose":0.023333333333333334,"myCurrBet":0.013333333333333334,"step":0,"position":0.75,"bluff":0,"handValue":0.601302,"percentBets_4":0,"percentBets_1":0,"percentBets_2":0.1044776119402985},"output":{"chips":0.5}},
{"input":{"Win":0,"Lose":0.023333333333333334,"myCurrBet":0,"step":0,"position":0.75,"bluff":0,"percentBets_1":0.004901960784313725,"percentBets_2":0.014925373134328358,"handValue":0.601302},"output":{"chips":1}},
{"input":{"Win":0,"Lose":0.023333333333333334,"myCurrBet":0.023333333333333334,"step":0.5,"position":0.75,"bluff":0,"handValue":0.1042,"percentBets_2":0.1044776119402985},"output":{"chips":0.5}},
{"input":{"Win":0,"Lose":0.023333333333333334,"myCurrBet":0.023333333333333334,"step":0.25,"position":0.75,"bluff":0,"handValue":0.1034,"percentBets_2":0.1044776119402985},"output":{"chips":0.5}},
{"input":{"Win":0,"Lose":0.023333333333333334,"myCurrBet":0.023333333333333334,"step":0.75,"position":0.75,"bluff":0,"handValue":0.10540000000000001,"percentBets_2":0.1044776119402985},"output":{"chips":0.5}},
{"input":{"Win":0,"Lose":0.03,"myCurrBet":0.03,"step":0.25,"position":0.75,"bluff":0,"handValue":0.1033,"percentBets_2":0.12080536912751678},"output":{"chips":0.5}},
{"input":{"Win":0,"Lose":0.03,"myCurrBet":0.03,"step":0.5,"position":0.75,"bluff":0,"handValue":0.10360000000000001,"percentBets_2":0.12080536912751678},"output":{"chips":0.5}},
{"input":{"Win":0,"Lose":0.03,"myCurrBet":0.03,"step":0.75,"position":0.75,"bluff":0,"handValue":0.10350000000000001,"percentBets_2":0.12080536912751678},"output":{"chips":0.5}},
{"input":{"Win":0,"Lose":0.03,"myCurrBet":0.023333333333333334,"step":0,"position":0.75,"bluff":0,"handValue":0.601108,"percentBets_2":0.12080536912751678},"output":{"chips":0.5}},
{"input":{"Win":0,"Lose":0.03,"myCurrBet":0,"step":0,"position":0.75,"bluff":0,"percentBets_1":0.0049261083743842365,"percentBets_2":0.013422818791946308,"handValue":0.601108},"output":{"chips":1}},
{"input":{"Win":0,"Lose":0.03,"myCurrBet":0.01,"step":0,"position":0.75,"bluff":0,"handValue":0.601108,"percentBets_4":0,"percentBets_1":0,"percentBets_2":0.053691275167785234},"output":{"chips":1}},
{"input":{"Win":0,"Lose":0.02,"myCurrBet":0,"step":0,"position":0.75,"bluff":0,"percentBets_1":0.0049504950495049506,"percentBets_2":0.011904761904761904,"handValue":0.10210000000000001},"output":{"chips":1}},
{"input":{"Win":0,"Lose":0.02,"myCurrBet":0.013333333333333334,"step":0,"position":0.75,"bluff":1,"handValue":0.10210000000000001,"percentBets_4":0,"percentBets_1":0,"percentBets_2":0.05952380952380952},"output":{"chips":0.5}},
{"input":{"Win":0,"Lose":0.02,"myCurrBet":0.02,"step":0.5,"position":0.75,"bluff":1,"handValue":0.1028,"percentBets_2":0.07142857142857142},"output":{"chips":0.5}},
{"input":{"Win":0,"Lose":0.02,"myCurrBet":0.016666666666666666,"step":0.25,"position":0.75,"bluff":0,"handValue":0.1037,"percentBets_2":0.07142857142857142},"output":{"chips":0.5}},
{"input":{"Win":0,"Lose":0.02,"myCurrBet":0.02,"step":0.75,"position":0.75,"bluff":0,"handValue":0.10310000000000001,"percentBets_2":0.07142857142857142},"output":{"chips":0.5}},
{"input":{"Win":0.0390625,"Lose":0,"myCurrBet":0.023333333333333334,"step":0.5,"position":0.75,"bluff":0,"handValue":0.10310000000000001,"percentBets_2":0.07734806629834254},"output":{"chips":0.5}},
{"input":{"Win":0.0390625,"Lose":0,"myCurrBet":0.013333333333333334,"step":0,"position":0.75,"bluff":0,"handValue":0.1019,"percentBets_4":0,"percentBets_1":0,"percentBets_2":0.055248618784530384},"output":{"chips":1}},
{"input":{"Win":0.0390625,"Lose":0,"myCurrBet":0.023333333333333334,"step":0.25,"position":0.75,"bluff":1,"handValue":0.10300000000000001,"percentBets_2":0.07734806629834254},"output":{"chips":0.5}},
{"input":{"Win":0.0390625,"Lose":0,"myCurrBet":0,"step":0,"position":0.75,"bluff":1,"percentBets_1":0.004975124378109453,"percentBets_2":0.011049723756906077,"handValue":0.1019},"output":{"chips":1}},
{"input":{"Win":0.0390625,"Lose":0,"myCurrBet":0.023333333333333334,"step":0.75,"position":0.75,"bluff":0,"handValue":0.1033,"percentBets_2":0.07734806629834254},"output":{"chips":0.5}},
{"input":{"Win":0,"Lose":0.023333333333333334,"myCurrBet":0.023333333333333334,"step":0.25,"position":0.75,"bluff":0,"handValue":0.1033,"percentBets_2":0.08383233532934131},"output":{"chips":0.5}},
{"input":{"Win":0,"Lose":0.023333333333333334,"myCurrBet":0.023333333333333334,"step":0.75,"position":0.75,"bluff":0,"handValue":0.1044,"percentBets_2":0.08383233532934131},"output":{"chips":0.5}},
{"input":{"Win":0,"Lose":0.023333333333333334,"myCurrBet":0.006666666666666667,"step":0,"position":0.75,"bluff":1,"handValue":0.6007009999999999,"percentBets_4":0,"percentBets_1":0,"percentBets_2":0.04790419161676647},"output":{"chips":1}},
{"input":{"Win":0,"Lose":0.023333333333333334,"myCurrBet":0.023333333333333334,"step":0.5,"position":0.75,"bluff":0,"handValue":0.10360000000000001,"percentBets_2":0.08383233532934131},"output":{"chips":0.5}},
{"input":{"Win":0,"Lose":0.023333333333333334,"myCurrBet":0,"step":0,"position":0.75,"bluff":0,"percentBets_1":0.005,"percentBets_2":0.011976047904191617,"handValue":0.6007009999999999},"output":{"chips":1}},
{"input":{"Win":0,"Lose":0.04,"myCurrBet":0.02666666666666667,"step":0,"position":0.75,"bluff":0,"handValue":0.10120000000000001,"percentBets_4":0,"percentBets_1":0,"percentBets_2":0.13186813186813187},"output":{"chips":0.5}},
{"input":{"Win":0,"Lose":0.04,"myCurrBet":0,"step":0,"position":0.75,"bluff":0,"percentBets_1":0.010050251256281407,"percentBets_2":0.02197802197802198,"handValue":0.10120000000000001},"output":{"chips":1}},
{"input":{"Win":0,"Lose":0.04,"myCurrBet":0.04,"step":0.25,"position":0.75,"bluff":0,"handValue":0.10200000000000001,"percentBets_2":0.13186813186813187},"output":{"chips":0.5}},
{"input":{"Win":0,"Lose":0.04,"myCurrBet":0.04,"step":0.5,"position":0.75,"bluff":0,"handValue":0.30000003021,"percentBets_2":0.13186813186813187},"output":{"chips":0.5}},
{"input":{"Win":0,"Lose":0.04,"myCurrBet":0.04,"step":0.75,"position":0.75,"bluff":0,"handValue":0.300000030213,"percentBets_2":0.13186813186813187},"output":{"chips":0.5}},
{"input":{"Win":0.06388206388206388,"Lose":0,"myCurrBet":0.02,"step":0,"position":0.75,"bluff":0,"handValue":0.600702,"percentBets_4":0,"percentBets_1":0,"percentBets_2":0.11538461538461539},"output":{"chips":0.5}},
{"input":{"Win":0.06388206388206388,"Lose":0,"myCurrBet":0,"step":0,"position":0.75,"bluff":0,"percentBets_1":0.01015228426395939,"percentBets_2":0.019230769230769232,"handValue":0.600702},"output":{"chips":1}},
{"input":{"Win":0.06388206388206388,"Lose":0,"myCurrBet":0.04,"step":0.75,"position":0.75,"bluff":0,"handValue":0.1051,"percentBets_2":0.11538461538461539},"output":{"chips":0.5}},
{"input":{"Win":0.06388206388206388,"Lose":0,"myCurrBet":0.04,"step":0.5,"position":0.75,"bluff":0,"handValue":0.10400000000000001,"percentBets_2":0.11538461538461539},"output":{"chips":0.5}},
{"input":{"Win":0.06388206388206388,"Lose":0,"myCurrBet":0.04,"step":0.25,"position":0.75,"bluff":0,"handValue":0.1027,"percentBets_2":0.11538461538461539},"output":{"chips":0.5}},
{"input":{"Win":0,"Lose":0.03333333333333333,"myCurrBet":0.03333333333333333,"step":0.5,"position":0.75,"bluff":1,"handValue":0.10160000000000001,"percentBets_2":0.10869565217391304},"output":{"chips":0.5}},
{"input":{"Win":0,"Lose":0.03333333333333333,"myCurrBet":0.013333333333333334,"step":0,"position":0.75,"bluff":1,"handValue":0.1014,"percentBets_4":0,"percentBets_1":0,"percentBets_2":0.10869565217391304},"output":{"chips":0.5}},
{"input":{"Win":0,"Lose":0.03333333333333333,"myCurrBet":0,"step":0,"position":0.75,"bluff":0,"percentBets_1":0.010256410256410256,"percentBets_2":0.021739130434782608,"handValue":0.1014},"output":{"chips":1}},
{"input":{"Win":0,"Lose":0.03333333333333333,"myCurrBet":0.03333333333333333,"step":0.25,"position":0.75,"bluff":0,"handValue":0.1022,"percentBets_2":0.10869565217391304},"output":{"chips":0.5}},
{"input":{"Win":0,"Lose":0.03333333333333333,"myCurrBet":0.03333333333333333,"step":0.75,"position":0.75,"bluff":0,"handValue":0.1019,"percentBets_2":0.10869565217391304},"output":{"chips":0.5}},
{"input":{"Win":0,"Lose":0.02666666666666667,"myCurrBet":0.013333333333333334,"step":0,"position":0.75,"bluff":0,"handValue":0.1013,"percentBets_4":0,"percentBets_1":0,"percentBets_2":0.05825242718446602},"output":{"chips":1}},
{"input":{"Win":0,"Lose":0.02666666666666667,"myCurrBet":0,"step":0,"position":0.75,"bluff":0,"percentBets_1":0.010362694300518135,"percentBets_2":0.019417475728155338,"handValue":0.1013},"output":{"chips":1}},
{"input":{"Win":0,"Lose":0.02666666666666667,"myCurrBet":0.02666666666666667,"step":0.25,"position":0.75,"bluff":0,"handValue":0.10350000000000001,"percentBets_2":0.07766990291262135},"output":{"chips":0.5}},
{"input":{"Win":0,"Lose":0.02666666666666667,"myCurrBet":0.02666666666666667,"step":0.75,"position":0.75,"bluff":0,"handValue":0.10400000000000001,"percentBets_2":0.07766990291262135},"output":{"chips":0.5}},
{"input":{"Win":0,"Lose":0.02666666666666667,"myCurrBet":0.02666666666666667,"step":0.5,"position":0.75,"bluff":0,"handValue":0.1037,"percentBets_2":0.07766990291262135},"output":{"chips":0.5}},
{"input":{"Win":0.06235011990407674,"Lose":0,"myCurrBet":0.013333333333333334,"step":0,"position":0.75,"bluff":0,"handValue":0.1009,"percentBets_4":0,"percentBets_1":0,"percentBets_2":0.07142857142857142},"output":{"chips":0.5}},
{"input":{"Win":0.06235011990407674,"Lose":0,"myCurrBet":0.02666666666666667,"step":0.25,"position":0.75,"bluff":0,"handValue":0.1019,"percentBets_2":0.07142857142857142},"output":{"chips":0.5}},
{"input":{"Win":0.06235011990407674,"Lose":0,"myCurrBet":0,"step":0,"position":0.75,"bluff":0,"percentBets_1":0.010471204188481676,"percentBets_2":0.017857142857142856,"handValue":0.1009},"output":{"chips":1}},
{"input":{"Win":0.06235011990407674,"Lose":0,"myCurrBet":0.02666666666666667,"step":0.5,"position":0.75,"bluff":0,"handValue":0.1024,"percentBets_2":0.07142857142857142},"output":{"chips":0.5}},
{"input":{"Win":0.06235011990407674,"Lose":0,"myCurrBet":0.02666666666666667,"step":0.75,"position":0.75,"bluff":0,"handValue":0.1032,"percentBets_2":0.10714285714285714},"output":{"chips":0.5}},
{"input":{"Win":0,"Lose":0.04666666666666667,"myCurrBet":0.02666666666666667,"step":0.25,"position":0.75,"bluff":0,"handValue":0.1032,"percentBets_2":0.08},"output":{"chips":0.5}},
{"input":{"Win":0,"Lose":0.04666666666666667,"myCurrBet":0.02666666666666667,"step":0.5,"position":0.75,"bluff":1,"handValue":0.1028,"percentBets_2":0.08},"output":{"chips":1}},
{"input":{"Win":0,"Lose":0.04666666666666667,"myCurrBet":0,"step":0,"position":0.75,"bluff":0,"percentBets_1":0.010582010582010581,"percentBets_2":0.02,"handValue":0.601008},"output":{"chips":1}},
{"input":{"Win":0,"Lose":0.04666666666666667,"myCurrBet":0.013333333333333334,"step":0,"position":0.75,"bluff":0,"handValue":0.601008,"percentBets_4":0,"percentBets_1":0,"percentBets_2":0.08},"output":{"chips":0.5}},
{"input":{"Win":0,"Lose":0.04666666666666667,"myCurrBet":0.04,"step":0.5,"position":0.75,"bluff":0,"handValue":0.1028,"percentBets_2":0.14},"output":{"chips":0.5}},
{"input":{"Win":0,"Lose":0.04666666666666667,"myCurrBet":0.04666666666666667,"step":0.75,"position":0.75,"bluff":0,"handValue":0.1039,"percentBets_2":0.14},"output":{"chips":0.5}},
{"input":{"Win":0.06205250596658711,"Lose":0,"myCurrBet":0.02,"step":0,"position":0.75,"bluff":0,"handValue":0.1009,"percentBets_4":0,"percentBets_1":0,"percentBets_2":0.10434782608695652},"output":{"chips":0.5}},
{"input":{"Win":0.06205250596658711,"Lose":0,"myCurrBet":0,"step":0,"position":0.75,"bluff":0,"percentBets_1":0.0106951871657754,"percentBets_2":0.017391304347826087,"handValue":0.1009},"output":{"chips":1}},
{"input":{"Win":0.06205250596658711,"Lose":0,"myCurrBet":0.04,"step":0.25,"position":0.75,"bluff":0,"handValue":0.1019,"percentBets_2":0.10434782608695652},"output":{"chips":0.5}},
{"input":{"Win":0.06205250596658711,"Lose":0,"myCurrBet":0.04,"step":0.5,"position":0.75,"bluff":0,"handValue":0.1023,"percentBets_2":0.10434782608695652},"output":{"chips":0.5}},
{"input":{"Win":0.06205250596658711,"Lose":0,"myCurrBet":0.04,"step":0.75,"position":0.75,"bluff":0,"handValue":0.1028,"percentBets_2":0.10434782608695652},"output":{"chips":0.5}},
{"input":{"Win":0.05597964376590331,"Lose":0,"myCurrBet":0.03333333333333333,"step":0.5,"position":0.75,"bluff":0,"handValue":0.300000110605,"percentBets_2":0.0970873786407767},"output":{"chips":0.5}},
{"input":{"Win":0.05597964376590331,"Lose":0,"myCurrBet":0,"step":0,"position":0.75,"bluff":1,"percentBets_1":0.010810810810810811,"percentBets_2":0.019417475728155338,"handValue":0.1017},"output":{"chips":1}},
{"input":{"Win":0.05597964376590331,"Lose":0,"myCurrBet":0.03333333333333333,"step":0.25,"position":0.75,"bluff":0,"handValue":0.1014,"percentBets_2":0.0970873786407767},"output":{"chips":0.5}},
{"input":{"Win":0.05597964376590331,"Lose":0,"myCurrBet":0.02,"step":0,"position":0.75,"bluff":1,"handValue":0.1017,"percentBets_4":0,"percentBets_1":0,"percentBets_2":0.0970873786407767},"output":{"chips":0.5}},
{"input":{"Win":0.05597964376590331,"Lose":0,"myCurrBet":0.03333333333333333,"step":0.75,"position":0.75,"bluff":0,"handValue":0.300000110609,"percentBets_2":0.0970873786407767},"output":{"chips":0.5}},
{"input":{"Win":0,"Lose":0.03333333333333333,"myCurrBet":0.02,"step":0.5,"position":0.75,"bluff":0,"handValue":0.1029,"percentBets_2":0.10752688172043011},"output":{"chips":0.5}},
{"input":{"Win":0,"Lose":0.03333333333333333,"myCurrBet":0.013333333333333334,"step":0,"position":0.75,"bluff":0,"handValue":0.1009,"percentBets_4":0,"percentBets_1":0,"percentBets_2":0.06451612903225806},"output":{"chips":0.5}},
{"input":{"Win":0,"Lose":0.03333333333333333,"myCurrBet":0,"step":0,"position":0.75,"bluff":0,"percentBets_1":0.01092896174863388,"percentBets_2":0.021505376344086023,"handValue":0.1009},"output":{"chips":1}},
{"input":{"Win":0,"Lose":0.03333333333333333,"myCurrBet":0.03333333333333333,"step":0.75,"position":0.75,"bluff":0,"handValue":0.1037,"percentBets_2":0.10752688172043011},"output":{"chips":0.5}},
{"input":{"Win":0,"Lose":0.03333333333333333,"myCurrBet":0.02,"step":0.25,"position":0.75,"bluff":0,"handValue":0.1042,"percentBets_2":0.06451612903225806},"output":{"chips":0.5}},
{"input":{"Win":0,"Lose":0.03333333333333333,"myCurrBet":0,"step":0,"position":0.75,"bluff":0,"percentBets_1":0.011049723756906077,"percentBets_2":0.019230769230769232,"handValue":0.6011029999999999},"output":{"chips":1}},
{"input":{"Win":0,"Lose":0.03333333333333333,"myCurrBet":0.02,"step":0,"position":0.75,"bluff":0,"handValue":0.6011029999999999,"percentBets_4":0,"percentBets_1":0,"percentBets_2":0.09615384615384616},"output":{"chips":0.5}},
{"input":{"Win":0,"Lose":0.03333333333333333,"myCurrBet":0.03333333333333333,"step":0.25,"position":0.75,"bluff":0,"handValue":0.1033,"percentBets_2":0.09615384615384616},"output":{"chips":0.5}},
{"input":{"Win":0,"Lose":0.03333333333333333,"myCurrBet":0.03333333333333333,"step":0.5,"position":0.75,"bluff":0,"handValue":0.10450000000000001,"percentBets_2":0.09615384615384616},"output":{"chips":0.5}},
{"input":{"Win":0,"Lose":0.03333333333333333,"myCurrBet":0.03333333333333333,"step":0.75,"position":0.75,"bluff":1,"handValue":0.300000130312,"percentBets_2":0.09615384615384616},"output":{"chips":0.5}},
{"input":{"Win":0,"Lose":0.03333333333333333,"myCurrBet":0.02666666666666667,"step":0.25,"position":0.75,"bluff":0,"handValue":0.1028,"percentBets_4":0,"percentBets_1":0,"percentBets_2":0.06956521739130435},"output":{"chips":0.5}},
{"input":{"Win":0,"Lose":0.03333333333333333,"myCurrBet":0.02666666666666667,"step":0.5,"position":0.75,"bluff":0,"handValue":0.1039,"percentBets_2":0.06956521739130435},"output":{"chips":0.5}},
{"input":{"Win":0,"Lose":0.03333333333333333,"myCurrBet":0,"step":0,"position":0.75,"bluff":0,"percentBets_1":0.0111731843575419,"percentBets_2":0.017391304347826087,"handValue":0.10060000000000001},"output":{"chips":1}},
{"input":{"Win":0,"Lose":0.03333333333333333,"myCurrBet":0.02666666666666667,"step":0.75,"position":0.75,"bluff":0,"handValue":0.30000013011099996,"percentBets_2":0.06956521739130435},"output":{"chips":0.5}},
{"input":{"Win":0,"Lose":0.03333333333333333,"myCurrBet":0.02666666666666667,"step":0.75,"position":0.75,"bluff":1,"handValue":0.30000013011099996,"percentBets_2":0.08695652173913043},"output":{"chips":0.5}},
{"input":{"Win":0.05104408352668213,"Lose":0,"myCurrBet":0.03333333333333333,"step":0.25,"position":0.75,"bluff":0,"handValue":0.1034,"percentBets_2":0.07936507936507936},"output":{"chips":0.5}},
{"input":{"Win":0.05104408352668213,"Lose":0,"myCurrBet":0.02,"step":0,"position":0.75,"bluff":1,"handValue":0.10160000000000001,"percentBets_4":0,"percentBets_1":0,"percentBets_2":0.07936507936507936},"output":{"chips":0.5}},
{"input":{"Win":0.05104408352668213,"Lose":0,"myCurrBet":0,"step":0,"position":0.75,"bluff":0,"percentBets_1":0.011299435028248588,"percentBets_2":0.015873015873015872,"handValue":0.10160000000000001},"output":{"chips":1}},
{"input":{"Win":0.05104408352668213,"Lose":0,"myCurrBet":0.03333333333333333,"step":0.5,"position":0.75,"bluff":0,"handValue":0.1039,"percentBets_2":0.07936507936507936},"output":{"chips":0.5}},
{"input":{"Win":0.05104408352668213,"Lose":0,"myCurrBet":0.03333333333333333,"step":0.75,"position":0.75,"bluff":0,"handValue":0.10450000000000001,"percentBets_2":0.07936507936507936},"output":{"chips":0.5}},
{"input":{"Win":0,"Lose":0.02666666666666667,"myCurrBet":0,"step":0,"position":0.75,"bluff":1,"percentBets_1":0.011428571428571429,"percentBets_2":0.017241379310344827,"handValue":0.6009019999999999},"output":{"chips":0.5}},
{"input":{"Win":0,"Lose":0.02666666666666667,"myCurrBet":0.006666666666666667,"step":0,"position":0.75,"bluff":0,"handValue":0.6009019999999999,"percentBets_4":0,"percentBets_1":0,"percentBets_2":0.034482758620689655},"output":{"chips":1}},
{"input":{"Win":0,"Lose":0.02666666666666667,"myCurrBet":0.02666666666666667,"step":0.5,"position":0.75,"bluff":0,"handValue":0.10360000000000001,"percentBets_2":0.06896551724137931},"output":{"chips":0.5}},
{"input":{"Win":0,"Lose":0.02666666666666667,"myCurrBet":0.02666666666666667,"step":0.25,"position":0.75,"bluff":0,"handValue":0.10410000000000001,"percentBets_2":0.06896551724137931},"output":{"chips":0.5}},
{"input":{"Win":0,"Lose":0.02666666666666667,"myCurrBet":0.02666666666666667,"step":0.75,"position":0.75,"bluff":0,"handValue":0.1039,"percentBets_2":0.06896551724137931},"output":{"chips":0.5}},
{"input":{"Win":0.08,"Lose":0,"myCurrBet":0,"step":0,"position":0.75,"bluff":0,"percentBets_1":0.011560693641618497,"percentBets_2":0.016,"handValue":0.1014},"output":{"chips":1}},
{"input":{"Win":0.08,"Lose":0,"myCurrBet":0.02,"step":0,"position":0.75,"bluff":1,"handValue":0.1014,"percentBets_4":0,"percentBets_1":0,"percentBets_2":0.08},"output":{"chips":1}},
{"input":{"Win":0.08,"Lose":0,"myCurrBet":0.05333333333333334,"step":0.5,"position":0.75,"bluff":0,"handValue":0.1017,"percentBets_2":0.128},"output":{"chips":0.5}},
{"input":{"Win":0.08,"Lose":0,"myCurrBet":0.05333333333333334,"step":0.25,"position":0.75,"bluff":0,"handValue":0.1015,"percentBets_2":0.128},"output":{"chips":0.5}},
{"input":{"Win":0.08,"Lose":0,"myCurrBet":0.05333333333333334,"step":0.75,"position":0.75,"bluff":0,"handValue":0.1028,"percentBets_2":0.128},"output":{"chips":0.5}},
{"input":{"Win":0,"Lose":0.04666666666666667,"myCurrBet":0,"step":0,"position":0.75,"bluff":0,"percentBets_1":0.011695906432748537,"percentBets_2":0.01834862385321101,"handValue":0.1023},"output":{"chips":1}},
{"input":{"Win":0,"Lose":0.04666666666666667,"myCurrBet":0.02666666666666667,"step":0,"position":0.75,"bluff":0,"handValue":0.1023,"percentBets_4":0,"percentBets_1":0,"percentBets_2":0.12844036697247707},"output":{"chips":0.5}},
{"input":{"Win":0,"Lose":0.04666666666666667,"myCurrBet":0.04666666666666667,"step":0.75,"position":0.75,"bluff":0,"handValue":0.300000110712,"percentBets_2":0.12844036697247707},"output":{"chips":0}},
{"input":{"Win":0,"Lose":0.04666666666666667,"myCurrBet":0.04666666666666667,"step":0.5,"position":0.75,"bluff":0,"handValue":0.1037,"percentBets_2":0.12844036697247707},"output":{"chips":0.5}},
{"input":{"Win":0,"Lose":0.04666666666666667,"myCurrBet":0.04666666666666667,"step":0.25,"position":0.75,"bluff":0,"handValue":0.1027,"percentBets_2":0.12844036697247707},"output":{"chips":0.5}},
{"input":{"Win":0,"Lose":0.04,"myCurrBet":0,"step":0,"position":0.75,"bluff":0,"percentBets_1":0.01775147928994083,"percentBets_2":0.024193548387096774,"handValue":0.1019},"output":{"chips":1}},
{"input":{"Win":0,"Lose":0.04,"myCurrBet":0.04,"step":0.25,"position":0.75,"bluff":0,"handValue":0.10260000000000001,"percentBets_4":0,"percentBets_1":0,"percentBets_2":0.0967741935483871},"output":{"chips":0.5}},
{"input":{"Win":0,"Lose":0.04,"myCurrBet":0.04,"step":0.75,"position":0.75,"bluff":0,"handValue":0.300000110813,"percentBets_2":0.0967741935483871},"output":{"chips":0.5}},
{"input":{"Win":0,"Lose":0.04,"myCurrBet":0.04,"step":0.5,"position":0.75,"bluff":0,"handValue":0.1039,"percentBets_2":0.0967741935483871},"output":{"chips":0.5}},
{"input":{"Win":0,"Lose":0.03,"myCurrBet":0.02,"step":0,"position":0.75,"bluff":0,"handValue":0.10060000000000001,"percentBets_4":0,"percentBets_1":0,"percentBets_2":0.06545454545454546},"output":{"chips":0.5}},
{"input":{"Win":0,"Lose":0.03,"myCurrBet":0.03,"step":0.5,"position":0.75,"bluff":0,"handValue":0.10120000000000001,"percentBets_2":0.06545454545454546},"output":{"chips":0.5}},
{"input":{"Win":0,"Lose":0.03,"myCurrBet":0.03,"step":0.25,"position":0.75,"bluff":0,"handValue":0.10250000000000001,"percentBets_2":0.06545454545454546},"output":{"chips":0.5}},
{"input":{"Win":0,"Lose":0.03,"myCurrBet":0,"step":0,"position":0.75,"bluff":0,"percentBets_1":0.018072289156626505,"percentBets_2":0.02181818181818182,"handValue":0.10060000000000001},"output":{"chips":1}},
{"input":{"Win":0,"Lose":0.03,"myCurrBet":0.03,"step":0.75,"position":0.75,"bluff":0,"handValue":0.300000130504,"percentBets_2":0.06545454545454546},"output":{"chips":0.5}},
{"input":{"Win":0,"Lose":0.03,"myCurrBet":0,"step":0,"position":0.75,"bluff":0,"percentBets_1":0.018404907975460124,"percentBets_2":0.02027027027027027,"handValue":0.500000000005},"output":{"chips":1}},
{"input":{"Win":0,"Lose":0.03,"myCurrBet":0.02,"step":0.75,"position":0.75,"bluff":0,"handValue":0.10300000000000001,"percentBets_2":0.04054054054054054},"output":{"chips":0.5}},
{"input":{"Win":0,"Lose":0.03,"myCurrBet":0.02,"step":0.5,"position":0.75,"bluff":0,"handValue":0.1033,"percentBets_2":0.04054054054054054},"output":{"chips":0.5}},
{"input":{"Win":0,"Lose":0.03,"myCurrBet":0.02,"step":0.25,"position":0.75,"bluff":0,"handValue":0.10310000000000001,"percentBets_4":0,"percentBets_1":0,"percentBets_2":0.04054054054054054},"output":{"chips":0.5}},
{"input":{"Win":0,"Lose":0.03,"myCurrBet":0.02,"step":0.75,"position":0.75,"bluff":0,"handValue":0.10300000000000001,"percentBets_2":0.060810810810810814},"output":{"chips":0.5}},
{"input":{"Win":0.018789144050104383,"Lose":0,"myCurrBet":0,"step":0,"position":0.75,"bluff":0,"percentBets_1":0.01875,"percentBets_2":0.01892744479495268,"handValue":0.1014},"output":{"chips":1}},
{"input":{"Win":0.0574468085106383,"Lose":0,"myCurrBet":0.04,"step":0.25,"position":0.75,"bluff":0,"handValue":0.1028,"percentBets_2":0.07717041800643087},"output":{"chips":0.5}},
{"input":{"Win":0.0574468085106383,"Lose":0,"myCurrBet":0.02,"step":0,"position":0.75,"bluff":0,"handValue":0.1009,"percentBets_4":0,"percentBets_1":0,"percentBets_2":0.07717041800643087},"output":{"chips":0.5}},
{"input":{"Win":0.0574468085106383,"Lose":0,"myCurrBet":0.04,"step":0.5,"position":0.75,"bluff":0,"handValue":0.1022,"percentBets_2":0.07717041800643087},"output":{"chips":0.5}},
{"input":{"Win":0.0574468085106383,"Lose":0,"myCurrBet":0,"step":0,"position":0.75,"bluff":0,"percentBets_1":0.01910828025477707,"percentBets_2":0.01929260450160772,"handValue":0.1009},"output":{"chips":1}},
{"input":{"Win":0.0574468085106383,"Lose":0,"myCurrBet":0.04,"step":0.75,"position":0.75,"bluff":0,"handValue":0.1027,"percentBets_2":0.07717041800643087},"output":{"chips":0.5}},
{"input":{"Win":0.08803611738148984,"Lose":0,"myCurrBet":0.03,"step":0,"position":0.75,"bluff":0,"handValue":0.6009059999999999,"percentBets_4":0,"percentBets_1":0,"percentBets_2":0.1254355400696864},"output":{"chips":0.5}},
{"input":{"Win":0.08803611738148984,"Lose":0,"myCurrBet":0.06,"step":0.5,"position":0.75,"bluff":0,"handValue":0.1033,"percentBets_2":0.1254355400696864},"output":{"chips":0.5}},
{"input":{"Win":0.08803611738148984,"Lose":0,"myCurrBet":0,"step":0,"position":0.75,"bluff":1,"percentBets_1":0.01948051948051948,"percentBets_2":0.020905923344947737,"handValue":0.6009059999999999},"output":{"chips":1}},
{"input":{"Win":0.08803611738148984,"Lose":0,"myCurrBet":0.06,"step":0.75,"position":0.75,"bluff":0,"handValue":0.6012100906019999,"percentBets_2":0.1254355400696864},"output":{"chips":0}},
{"input":{"Win":0.08803611738148984,"Lose":0,"myCurrBet":0.06,"step":0.25,"position":0.75,"bluff":0,"handValue":0.10310000000000001,"percentBets_2":0.1254355400696864},"output":{"chips":0.5}},
{"input":{"Win":0.022277227722772276,"Lose":0,"myCurrBet":0,"step":0,"position":0.75,"bluff":0,"percentBets_1":0.019867549668874173,"percentBets_2":0.02390438247011952,"handValue":0.10110000000000001},"output":{"chips":1}},
{"input":{"Win":0.06835443037974684,"Lose":0,"myCurrBet":0.04,"step":0.25,"position":0.75,"bluff":0,"handValue":0.1047,"percentBets_2":0.09795918367346938},"output":{"chips":0.5}},
{"input":{"Win":0.06835443037974684,"Lose":0,"myCurrBet":0,"step":0,"position":0.75,"bluff":1,"percentBets_1":0.02027027027027027,"percentBets_2":0.024489795918367346,"handValue":0.10200000000000001},"output":{"chips":0.5}},
{"input":{"Win":0.06835443037974684,"Lose":0,"myCurrBet":0.01,"step":0,"position":0.75,"bluff":0,"handValue":0.10200000000000001,"percentBets_4":0,"percentBets_1":0,"percentBets_2":0.09795918367346938},"output":{"chips":0.5}},
{"input":{"Win":0.06835443037974684,"Lose":0,"myCurrBet":0.04,"step":0.75,"position":0.75,"bluff":0,"handValue":0.300000131211,"percentBets_2":0.09795918367346938},"output":{"chips":0.5}},
{"input":{"Win":0.06835443037974684,"Lose":0,"myCurrBet":0.04,"step":0.5,"position":0.75,"bluff":0,"handValue":0.1034,"percentBets_2":0.09795918367346938},"output":{"chips":0.5}},
{"input":{"Win":0.08967391304347826,"Lose":0,"myCurrBet":0,"step":0,"position":0.75,"bluff":0,"percentBets_1":0.020689655172413793,"percentBets_2":0.027149321266968326,"handValue":0.10250000000000001},"output":{"chips":1}},
{"input":{"Win":0.08967391304347826,"Lose":0,"myCurrBet":0.04,"step":0,"position":0.75,"bluff":0,"handValue":0.10250000000000001,"percentBets_4":0,"percentBets_1":0,"percentBets_2":0.13574660633484162},"output":{"chips":0.5}},
{"input":{"Win":0.08967391304347826,"Lose":0,"myCurrBet":0.05,"step":0.5,"position":0.75,"bluff":0,"handValue":0.10360000000000001,"percentBets_2":0.13574660633484162},"output":{"chips":0.5}},
{"input":{"Win":0.08967391304347826,"Lose":0,"myCurrBet":0.05,"step":0.25,"position":0.75,"bluff":0,"handValue":0.10300000000000001,"percentBets_2":0.13574660633484162},"output":{"chips":0.5}},
{"input":{"Win":0.08967391304347826,"Lose":0,"myCurrBet":0.05,"step":0.75,"position":0.75,"bluff":0,"handValue":0.1037,"percentBets_2":0.13574660633484162},"output":{"chips":0.5}},
{"input":{"Win":0.11641791044776119,"Lose":0,"myCurrBet":0,"step":0,"position":0.75,"bluff":0,"percentBets_1":0.02112676056338028,"percentBets_2":0.031413612565445025,"handValue":0.1},"output":{"chips":1}},
{"input":{"Win":0.11641791044776119,"Lose":0,"myCurrBet":0.03,"step":0,"position":0.75,"bluff":0,"handValue":0.1,"percentBets_4":0,"percentBets_1":0,"percentBets_2":0.18848167539267016},"output":{"chips":0.5}},
{"input":{"Win":0.11641791044776119,"Lose":0,"myCurrBet":0.06,"step":0.5,"position":0.75,"bluff":0,"handValue":0.1037,"percentBets_2":0.18848167539267016},"output":{"chips":0.5}},
{"input":{"Win":0.11641791044776119,"Lose":0,"myCurrBet":0.06,"step":0.25,"position":0.75,"bluff":0,"handValue":0.1033,"percentBets_2":0.18848167539267016},"output":{"chips":0.5}},
{"input":{"Win":0.11641791044776119,"Lose":0,"myCurrBet":0.06,"step":0.75,"position":0.75,"bluff":0,"handValue":0.1043,"percentBets_2":0.18848167539267016},"output":{"chips":0.5}},
{"input":{"Win":0,"Lose":0.04,"myCurrBet":0,"step":0,"position":0.75,"bluff":0,"percentBets_1":0.02158273381294964,"percentBets_2":0.03870967741935484,"handValue":0.1009},"output":{"chips":1}},
{"input":{"Win":0,"Lose":0.04,"myCurrBet":0.04,"step":0.25,"position":0.75,"bluff":0,"handValue":0.1033,"percentBets_4":0,"percentBets_1":0,"percentBets_2":0.15483870967741936},"output":{"chips":0.5}},
{"input":{"Win":0,"Lose":0.04,"myCurrBet":0.04,"step":0.75,"position":0.75,"bluff":0,"handValue":0.1038,"percentBets_2":0.15483870967741936},"output":{"chips":0.5}},
{"input":{"Win":0,"Lose":0.04,"myCurrBet":0.04,"step":0.5,"position":0.75,"bluff":0,"handValue":0.1044,"percentBets_2":0.15483870967741936},"output":{"chips":0.5}},
{"input":{"Win":0,"Lose":0.05,"myCurrBet":0.04,"step":0,"position":0.75,"bluff":0,"handValue":0.1009,"percentBets_4":0,"percentBets_1":0,"percentBets_2":0.16483516483516483},"output":{"chips":0.5}},
{"input":{"Win":0,"Lose":0.05,"myCurrBet":0.05,"step":0.5,"position":0.75,"bluff":0,"handValue":0.1042,"percentBets_2":0.16483516483516483},"output":{"chips":0.5}},
{"input":{"Win":0,"Lose":0.05,"myCurrBet":0.05,"step":0.25,"position":0.75,"bluff":0,"handValue":0.10350000000000001,"percentBets_2":0.16483516483516483},"output":{"chips":0.5}},
{"input":{"Win":0,"Lose":0.05,"myCurrBet":0.05,"step":0.75,"position":0.75,"bluff":0,"handValue":0.10540000000000001,"percentBets_2":0.16483516483516483},"output":{"chips":0.5}},
{"input":{"Win":0,"Lose":0.05,"myCurrBet":0,"step":0,"position":0.75,"bluff":0,"percentBets_1":0.022058823529411766,"percentBets_2":0.03296703296703297,"handValue":0.1009},"output":{"chips":1}},
{"input":{"Win":0.07714285714285714,"Lose":0,"myCurrBet":0,"step":0,"position":0.75,"bluff":0,"percentBets_1":0.022556390977443608,"percentBets_2":0.027906976744186046,"handValue":0.1013},"output":{"chips":1}},
{"input":{"Win":0.07714285714285714,"Lose":0,"myCurrBet":0.04,"step":0.25,"position":0.75,"bluff":0,"handValue":0.10250000000000001,"percentBets_4":0,"percentBets_1":0,"percentBets_2":0.11162790697674418},"output":{"chips":0.5}},
{"input":{"Win":0.07714285714285714,"Lose":0,"myCurrBet":0.04,"step":0.5,"position":0.75,"bluff":1,"handValue":0.1017,"percentBets_2":0.11162790697674418},"output":{"chips":0.5}},
{"input":{"Win":0.07714285714285714,"Lose":0,"myCurrBet":0.04,"step":0.75,"position":0.75,"bluff":0,"handValue":0.1027,"percentBets_2":0.11162790697674418},"output":{"chips":0.5}},
{"input":{"Win":0,"Lose":0,"myCurrBet":0,"step":0,"position":0.75,"bluff":0,"percentBets_1":0.023076923076923078,"percentBets_2":0.031413612565445025,"handValue":0.601302},"output":{"chips":1}},
{"input":{"Win":0,"Lose":0,"myCurrBet":0.05,"step":0.25,"position":0.75,"bluff":0,"handValue":0.10400000000000001,"percentBets_2":0.15706806282722513},"output":{"chips":0.5}},
{"input":{"Win":0,"Lose":0,"myCurrBet":0.02,"step":0,"position":0.75,"bluff":0,"handValue":0.601302,"percentBets_4":0,"percentBets_1":0,"percentBets_2":0.15706806282722513},"output":{"chips":0.5}},
{"input":{"Win":0,"Lose":0,"myCurrBet":0.05,"step":0.5,"position":0.75,"bluff":0,"handValue":0.6013121104019999,"percentBets_2":0.2513089005235602},"output":{"chips":0}},
{"input":{"Win":0,"Lose":0.015,"myCurrBet":0.03,"step":0.75,"position":0.75,"bluff":0,"handValue":0.10410000000000001,"percentBets_2":0.08035714285714286},"output":{"chips":0.5}},
{"input":{"Win":0,"Lose":0.015,"myCurrBet":0,"step":0,"position":0.75,"bluff":0,"percentBets_1":0.023622047244094488,"percentBets_2":0.026785714285714284,"handValue":0.1015},"output":{"chips":1}},
{"input":{"Win":0,"Lose":0.015,"myCurrBet":0.03,"step":0.25,"position":0.75,"bluff":0,"handValue":0.1027,"percentBets_4":0,"percentBets_1":0,"percentBets_2":0.08035714285714286},"output":{"chips":0.5}},
{"input":{"Win":0,"Lose":0.015,"myCurrBet":0.03,"step":0.5,"position":0.75,"bluff":0,"handValue":0.10300000000000001,"percentBets_2":0.08035714285714286},"output":{"chips":0.5}},
{"input":{"Win":0.09939759036144578,"Lose":0,"myCurrBet":0.05,"step":0.5,"position":0.75,"bluff":0,"handValue":0.1022,"percentBets_2":0.14563106796116504},"output":{"chips":0.5}},
{"input":{"Win":0.09939759036144578,"Lose":0,"myCurrBet":0,"step":0,"position":0.75,"bluff":0,"percentBets_1":0.024193548387096774,"percentBets_2":0.02912621359223301,"handValue":0.1005},"output":{"chips":1}},
{"input":{"Win":0.09939759036144578,"Lose":0,"myCurrBet":0.03,"step":0,"position":0.75,"bluff":0,"handValue":0.1005,"percentBets_4":0,"percentBets_1":0,"percentBets_2":0.14563106796116504},"output":{"chips":0.5}},
{"input":{"Win":0.09939759036144578,"Lose":0,"myCurrBet":0.05,"step":0.25,"position":0.75,"bluff":0,"handValue":0.1009,"percentBets_2":0.14563106796116504},"output":{"chips":0.5}},
{"input":{"Win":0.09939759036144578,"Lose":0,"myCurrBet":0.05,"step":0.75,"position":0.75,"bluff":0,"handValue":0.10300000000000001,"percentBets_2":0.14563106796116504},"output":{"chips":0.5}},
{"input":{"Win":0,"Lose":0.04,"myCurrBet":0,"step":0,"position":0.75,"bluff":1,"percentBets_1":0.024793388429752067,"percentBets_2":0.03409090909090909,"handValue":0.1015},"output":{"chips":0.5}},
{"input":{"Win":0,"Lose":0.04,"myCurrBet":0.01,"step":0,"position":0.75,"bluff":0,"handValue":0.1015,"percentBets_4":0,"percentBets_1":0,"percentBets_2":0.06818181818181818},"output":{"chips":0.5}},
{"input":{"Win":0,"Lose":0.04,"myCurrBet":0.02,"step":0.25,"position":0.75,"bluff":0,"handValue":0.1034,"percentBets_2":0.13636363636363635},"output":{"chips":0.5}},
{"input":{"Win":0,"Lose":0.04,"myCurrBet":0.04,"step":0.75,"position":0.75,"bluff":0,"handValue":0.1028,"percentBets_2":0.13636363636363635},"output":{"chips":0.5}},
{"input":{"Win":0,"Lose":0.04,"myCurrBet":0.04,"step":0.5,"position":0.75,"bluff":0,"handValue":0.10360000000000001,"percentBets_2":0.13636363636363635},"output":{"chips":0.5}},
{"input":{"Win":0.08359133126934984,"Lose":0,"myCurrBet":0,"step":0,"position":0.75,"bluff":0,"percentBets_1":0.025423728813559324,"percentBets_2":0.029556650246305417,"handValue":0.1},"output":{"chips":1}},
{"input":{"Win":0.08359133126934984,"Lose":0,"myCurrBet":0.04,"step":0.75,"position":0.75,"bluff":0,"handValue":0.300000130308,"percentBets_2":0.11822660098522167},"output":{"chips":0.5}},
{"input":{"Win":0.08359133126934984,"Lose":0,"myCurrBet":0.04,"step":0.25,"position":0.75,"bluff":0,"handValue":0.300000130203,"percentBets_4":0,"percentBets_1":0,"percentBets_2":0.11822660098522167},"output":{"chips":0.5}},
{"input":{"Win":0.08359133126934984,"Lose":0,"myCurrBet":0.04,"step":0.5,"position":0.75,"bluff":0,"handValue":0.3000001303,"percentBets_2":0.11822660098522167},"output":{"chips":0.5}},
{"input":{"Win":0,"Lose":0.05,"myCurrBet":0.05,"step":0.25,"position":0.75,"bluff":0,"handValue":0.400000021307,"percentBets_2":0.16759776536312848},"output":{"chips":0.5}},
{"input":{"Win":0,"Lose":0.05,"myCurrBet":0.05,"step":0.5,"position":0.75,"bluff":0,"handValue":0.40000002130900003,"percentBets_2":0.16759776536312848},"output":{"chips":0.5}},
{"input":{"Win":0,"Lose":0.05,"myCurrBet":0.05,"step":0.75,"position":0.75,"bluff":0,"handValue":0.40000002131100004,"percentBets_2":0.16759776536312848},"output":{"chips":0}},
{"input":{"Win":0,"Lose":0.05,"myCurrBet":0.04,"step":0,"position":0.75,"bluff":0,"handValue":0.1015,"percentBets_4":0,"percentBets_1":0,"percentBets_2":0.16759776536312848},"output":{"chips":0.5}},
{"input":{"Win":0,"Lose":0.05,"myCurrBet":0,"step":0,"position":0.75,"bluff":0,"percentBets_1":0.02608695652173913,"percentBets_2":0.0335195530726257,"handValue":0.1015},"output":{"chips":1}},
{"input":{"Win":0.06441717791411043,"Lose":0,"myCurrBet":0,"step":0,"position":0.75,"bluff":0,"percentBets_1":0.026785714285714284,"percentBets_2":0.02830188679245283,"handValue":0.1009},"output":{"chips":1}},
{"input":{"Win":0.06441717791411043,"Lose":0,"myCurrBet":0.03,"step":0.5,"position":0.75,"bluff":0,"handValue":0.10300000000000001,"percentBets_2":0.08490566037735849},"output":{"chips":0.5}},
{"input":{"Win":0.06441717791411043,"Lose":0,"myCurrBet":0.03,"step":0.25,"position":0.75,"bluff":0,"handValue":0.1018,"percentBets_4":0,"percentBets_1":0,"percentBets_2":0.08490566037735849},"output":{"chips":0.5}},
{"input":{"Win":0.06441717791411043,"Lose":0,"myCurrBet":0.03,"step":0.75,"position":0.75,"bluff":0,"handValue":0.1032,"percentBets_2":0.08490566037735849},"output":{"chips":0.5}},
{"input":{"Win":0.14426229508196722,"Lose":0,"myCurrBet":0.02666666666666667,"step":0,"position":0.75,"bluff":0,"handValue":0.1018,"percentBets_4":0,"percentBets_1":0,"percentBets_2":0.20618556701030927},"output":{"chips":0.5}},
{"input":{"Win":0.14426229508196722,"Lose":0,"myCurrBet":0,"step":0,"position":0.75,"bluff":0,"percentBets_1":0.03669724770642202,"percentBets_2":0.041237113402061855,"handValue":0.1018},"output":{"chips":1}},
{"input":{"Win":0.14426229508196722,"Lose":0,"myCurrBet":0.06666666666666667,"step":0.25,"position":0.75,"bluff":0,"handValue":0.10410000000000001,"percentBets_2":0.20618556701030927},"output":{"chips":0.5}},
{"input":{"Win":0.14426229508196722,"Lose":0,"myCurrBet":0.06666666666666667,"step":0.5,"position":0.75,"bluff":0,"handValue":0.1053,"percentBets_2":0.20618556701030927},"output":{"chips":0.5}},
{"input":{"Win":0.14426229508196722,"Lose":0,"myCurrBet":0.06666666666666667,"step":0.75,"position":0.75,"bluff":0,"handValue":0.1048,"percentBets_2":0.20618556701030927},"output":{"chips":0.5}},
{"input":{"Win":0,"Lose":0.06666666666666667,"myCurrBet":0,"step":0,"position":0.75,"bluff":0,"percentBets_1":0.0380952380952381,"percentBets_2":0.05194805194805195,"handValue":0.1008},"output":{"chips":1}},
{"input":{"Win":0,"Lose":0.06666666666666667,"myCurrBet":0.05333333333333334,"step":0,"position":0.75,"bluff":0,"handValue":0.1008,"percentBets_4":0,"percentBets_1":0,"percentBets_2":0.2597402597402597},"output":{"chips":0.5}},
{"input":{"Win":0,"Lose":0.06666666666666667,"myCurrBet":0.06666666666666667,"step":0.25,"position":0.75,"bluff":0,"handValue":0.10260000000000001,"percentBets_2":0.2597402597402597},"output":{"chips":0.5}},
{"input":{"Win":0,"Lose":0.06666666666666667,"myCurrBet":0.06666666666666667,"step":0.5,"position":0.75,"bluff":0,"handValue":0.1034,"percentBets_2":0.2597402597402597},"output":{"chips":0.5}},
{"input":{"Win":0,"Lose":0.06666666666666667,"myCurrBet":0.06666666666666667,"step":0.75,"position":0.75,"bluff":0,"handValue":0.601108070402,"percentBets_2":0.2597402597402597},"output":{"chips":0}},
{"input":{"Win":0,"Lose":0.05333333333333334,"myCurrBet":0,"step":0,"position":0.75,"bluff":0,"percentBets_1":0.039603960396039604,"percentBets_2":0.04040404040404041,"handValue":0.500000000007},"output":{"chips":1}},
{"input":{"Win":0,"Lose":0.05333333333333334,"myCurrBet":0.05333333333333334,"step":0.25,"position":0.75,"bluff":0,"handValue":0.1014,"percentBets_2":0.16161616161616163},"output":{"chips":0.5}},
{"input":{"Win":0,"Lose":0.05333333333333334,"myCurrBet":0.05333333333333334,"step":0.5,"position":0.75,"bluff":0,"handValue":0.10200000000000001,"percentBets_2":0.16161616161616163},"output":{"chips":0.5}},
{"input":{"Win":0,"Lose":0.05333333333333334,"myCurrBet":0.02666666666666667,"step":0,"position":0.75,"bluff":0,"handValue":0.500000000007,"percentBets_4":0,"percentBets_1":0,"percentBets_2":0.16161616161616163},"output":{"chips":0.5}},
{"input":{"Win":0,"Lose":0.05333333333333334,"myCurrBet":0.05333333333333334,"step":0.75,"position":0.75,"bluff":0,"handValue":0.1024,"percentBets_2":0.16161616161616163},"output":{"chips":0.5}},
{"input":{"Win":0,"Lose":0.06666666666666667,"myCurrBet":0,"step":0,"position":0.75,"bluff":0,"percentBets_1":0.041237113402061855,"percentBets_2":0.03418803418803419,"handValue":0.1015},"output":{"chips":1}},
{"input":{"Win":0,"Lose":0.06666666666666667,"myCurrBet":0.05333333333333334,"step":0,"position":0.75,"bluff":0,"handValue":0.1015,"percentBets_4":0,"percentBets_1":0,"percentBets_2":0.17094017094017094},"output":{"chips":0.5}},
{"input":{"Win":0,"Lose":0.06666666666666667,"myCurrBet":0.06666666666666667,"step":0.25,"position":0.75,"bluff":0,"handValue":0.1018,"percentBets_2":0.17094017094017094},"output":{"chips":0.5}},
{"input":{"Win":0,"Lose":0.06666666666666667,"myCurrBet":0.06666666666666667,"step":0.75,"position":0.75,"bluff":0,"handValue":0.300000100512,"percentBets_2":0.17094017094017094},"output":{"chips":0}},
{"input":{"Win":0,"Lose":0.06666666666666667,"myCurrBet":0.06666666666666667,"step":0.5,"position":0.75,"bluff":0,"handValue":0.1022,"percentBets_2":0.17094017094017094},"output":{"chips":0.5}},
{"input":{"Win":0.13941018766756033,"Lose":0,"myCurrBet":0.04,"step":0,"position":0.75,"bluff":0,"handValue":0.6005039999999999,"percentBets_4":0,"percentBets_1":0,"percentBets_2":0.17266187050359713},"output":{"chips":0.5}},
{"input":{"Win":0.13941018766756033,"Lose":0,"myCurrBet":0,"step":0,"position":0.75,"bluff":0,"percentBets_1":0.043010752688172046,"percentBets_2":0.02877697841726619,"handValue":0.6005039999999999},"output":{"chips":1}},
{"input":{"Win":0.13941018766756033,"Lose":0,"myCurrBet":0.08,"step":0.5,"position":0.75,"bluff":0,"handValue":0.1033,"percentBets_2":0.17266187050359713},"output":{"chips":0.5}},
{"input":{"Win":0.13941018766756033,"Lose":0,"myCurrBet":0.08,"step":0.25,"position":0.75,"bluff":0,"handValue":0.1023,"percentBets_2":0.17266187050359713},"output":{"chips":0.5}},
{"input":{"Win":0.13941018766756033,"Lose":0,"myCurrBet":0.08,"step":0.75,"position":0.75,"bluff":0,"handValue":0.300000050412,"percentBets_2":0.17266187050359713},"output":{"chips":0}},
{"input":{"Win":0,"Lose":0.02666666666666667,"myCurrBet":0,"step":0,"position":0.75,"bluff":1,"percentBets_1":0.0449438202247191,"percentBets_2":0.034782608695652174,"handValue":0.1005},"output":{"chips":0.5}},
{"input":{"Win":0,"Lose":0.02666666666666667,"myCurrBet":0.02666666666666667,"step":0.5,"position":0.75,"bluff":0,"handValue":0.1018,"percentBets_2":0.06956521739130435},"output":{"chips":0.5}},
{"input":{"Win":0,"Lose":0.02666666666666667,"myCurrBet":0.013333333333333334,"step":0,"position":0.75,"bluff":0,"handValue":0.1005,"percentBets_4":0,"percentBets_1":0,"percentBets_2":0.06956521739130435},"output":{"chips":0.5}},
{"input":{"Win":0,"Lose":0.02666666666666667,"myCurrBet":0.02666666666666667,"step":0.75,"position":0.75,"bluff":0,"handValue":0.1028,"percentBets_2":0.06956521739130435},"output":{"chips":0.5}},
{"input":{"Win":0,"Lose":0.02666666666666667,"myCurrBet":0.02666666666666667,"step":0.25,"position":0.75,"bluff":1,"handValue":0.10110000000000001,"percentBets_2":0.06956521739130435},"output":{"chips":0.5}},
{"input":{"Win":0.05934718100890208,"Lose":0,"myCurrBet":0,"step":0,"position":0.75,"bluff":0,"percentBets_1":0.047058823529411764,"percentBets_2":0.032,"handValue":0.1},"output":{"chips":1}},
{"input":{"Win":0.05934718100890208,"Lose":0,"myCurrBet":0.02666666666666667,"step":0.5,"position":0.75,"bluff":0,"handValue":0.300000130612,"percentBets_2":0.064},"output":{"chips":0.5}},
{"input":{"Win":0.05934718100890208,"Lose":0,"myCurrBet":0.02666666666666667,"step":0.75,"position":0.75,"bluff":0,"handValue":0.7000000013059999,"percentBets_2":0.064},"output":{"chips":0}},
{"input":{"Win":0.05934718100890208,"Lose":0,"myCurrBet":0.02666666666666667,"step":0.25,"position":0.75,"bluff":0,"handValue":0.10260000000000001,"percentBets_4":0,"percentBets_1":0,"percentBets_2":0.064},"output":{"chips":0.5}},
{"input":{"Win":0.11356466876971609,"Lose":0,"myCurrBet":0,"step":0,"position":0.75,"bluff":0,"percentBets_1":0.04938271604938271,"percentBets_2":0.03418803418803419,"handValue":0.1017},"output":{"chips":1}},
{"input":{"Win":0.11356466876971609,"Lose":0,"myCurrBet":0.05333333333333334,"step":0.5,"position":0.75,"bluff":0,"handValue":0.1038,"percentBets_2":0.13675213675213677},"output":{"chips":0.5}},
{"input":{"Win":0.11356466876971609,"Lose":0,"myCurrBet":0.04,"step":0,"position":0.75,"bluff":0,"handValue":0.1017,"percentBets_4":0,"percentBets_1":0,"percentBets_2":0.13675213675213677},"output":{"chips":0.5}},
{"input":{"Win":0.11356466876971609,"Lose":0,"myCurrBet":0.05333333333333334,"step":0.25,"position":0.75,"bluff":0,"handValue":0.1044,"percentBets_2":0.13675213675213677},"output":{"chips":0.5}},
{"input":{"Win":0.11356466876971609,"Lose":0,"myCurrBet":0.05333333333333334,"step":0.75,"position":0.75,"bluff":0,"handValue":0.1043,"percentBets_2":0.13675213675213677},"output":{"chips":0.5}},
{"input":{"Win":0.12811387900355872,"Lose":0,"myCurrBet":0,"step":0,"position":0.75,"bluff":1,"percentBets_1":0.05194805194805195,"percentBets_2":0.039603960396039604,"handValue":0.1017},"output":{"chips":1}},
{"input":{"Win":0.12811387900355872,"Lose":0,"myCurrBet":0.02666666666666667,"step":0,"position":0.75,"bluff":0,"handValue":0.1017,"percentBets_4":0,"percentBets_1":0,"percentBets_2":0.15841584158415842},"output":{"chips":0.5}},
{"input":{"Win":0.12811387900355872,"Lose":0,"myCurrBet":0.05333333333333334,"step":0.25,"position":0.75,"bluff":1,"handValue":0.1017,"percentBets_2":0.15841584158415842},"output":{"chips":1}},
{"input":{"Win":0.1469387755102041,"Lose":0,"myCurrBet":0,"step":0,"position":0.75,"bluff":0,"percentBets_1":0.0547945205479452,"percentBets_2":0.047058823529411764,"handValue":0.1015},"output":{"chips":1}},
{"input":{"Win":0.1469387755102041,"Lose":0,"myCurrBet":0.04,"step":0.25,"position":0.75,"bluff":0,"handValue":0.10300000000000001,"percentBets_2":0.1411764705882353},"output":{"chips":0.5}},
{"input":{"Win":0.1469387755102041,"Lose":0,"myCurrBet":0.02666666666666667,"step":0,"position":0.75,"bluff":0,"handValue":0.1015,"percentBets_4":0,"percentBets_1":0,"percentBets_2":0.1411764705882353},"output":{"chips":0.5}},
{"input":{"Win":0.1469387755102041,"Lose":0,"myCurrBet":0.04,"step":0.5,"position":0.75,"bluff":0,"handValue":0.10410000000000001,"percentBets_2":0.18823529411764706},"output":{"chips":0.5}},
{"input":{"Win":0.1469387755102041,"Lose":0,"myCurrBet":0.05333333333333334,"step":0.75,"position":0.75,"bluff":0,"handValue":0.300000120313,"percentBets_2":0.18823529411764706},"output":{"chips":0}},
{"input":{"Win":0.1722488038277512,"Lose":0,"myCurrBet":0.05333333333333334,"step":0.25,"position":0.75,"bluff":0,"handValue":0.800000000401,"percentBets_2":0.2318840579710145},"output":{"chips":0}},
{"input":{"Win":0.1722488038277512,"Lose":0,"myCurrBet":0.02666666666666667,"step":0,"position":0.75,"bluff":0,"handValue":0.1005,"percentBets_4":0,"percentBets_1":0,"percentBets_2":0.2318840579710145},"output":{"chips":0.5}},
{"input":{"Win":0.1722488038277512,"Lose":0,"myCurrBet":0.05333333333333334,"step":0.25,"position":0.75,"bluff":0,"handValue":0.800000000401,"percentBets_2":0.2318840579710145},"output":{"chips":0}},
{"input":{"Win":0.1722488038277512,"Lose":0,"myCurrBet":0,"step":0,"position":0.75,"bluff":0,"percentBets_1":0.057971014492753624,"percentBets_2":0.057971014492753624,"handValue":0.1005},"output":{"chips":1}},
{"input":{"Win":0.1722488038277512,"Lose":0,"myCurrBet":0.05333333333333334,"step":0.25,"position":0.75,"bluff":1,"handValue":0.800000000409,"percentBets_2":0.2318840579710145},"output":{"chips":1}},
{"input":{"Win":0,"Lose":0.09333333333333334,"myCurrBet":0,"step":0,"position":0.75,"bluff":1,"percentBets_1":0.06153846153846154,"percentBets_2":0.07547169811320754,"handValue":0.1},"output":{"chips":1}},
{"input":{"Win":0,"Lose":0.09333333333333334,"myCurrBet":0.05333333333333334,"step":0,"position":0.75,"bluff":0,"handValue":0.1,"percentBets_4":0,"percentBets_1":0,"percentBets_2":0.5283018867924528},"output":{"chips":0.5}},
{"input":{"Win":0,"Lose":0.09333333333333334,"myCurrBet":0.09333333333333334,"step":0.5,"position":0.75,"bluff":0,"handValue":0.30000012110999996,"percentBets_2":0.5283018867924528},"output":{"chips":0.5}},
{"input":{"Win":0,"Lose":0.09333333333333334,"myCurrBet":0.09333333333333334,"step":0.25,"position":0.75,"bluff":0,"handValue":0.30000012110999996,"percentBets_2":0.5283018867924528},"output":{"chips":0.5}},
{"input":{"Win":0,"Lose":0.09333333333333334,"myCurrBet":0.09333333333333334,"step":0.75,"position":0.75,"bluff":0,"handValue":0.30000012110999996,"percentBets_2":0.5283018867924528},"output":{"chips":0}},
{"input":{"Win":0.22707423580786026,"Lose":0,"myCurrBet":0.04,"step":0,"position":0.75,"bluff":0,"handValue":0.1019,"percentBets_4":0,"percentBets_1":0,"percentBets_2":0.2891566265060241},"output":{"chips":0.5}},
{"input":{"Win":0.22707423580786026,"Lose":0,"myCurrBet":0.08,"step":0.5,"position":0.75,"bluff":0,"handValue":0.10500000000000001,"percentBets_2":0.2891566265060241},"output":{"chips":0.5}},
{"input":{"Win":0.22707423580786026,"Lose":0,"myCurrBet":0,"step":0,"position":0.75,"bluff":0,"percentBets_1":0.06557377049180328,"percentBets_2":0.04819277108433735,"handValue":0.1019},"output":{"chips":1}},
{"input":{"Win":0.22707423580786026,"Lose":0,"myCurrBet":0.08,"step":0.25,"position":0.75,"bluff":1,"handValue":0.1043,"percentBets_2":0.2891566265060241},"output":{"chips":0.5}},
{"input":{"Win":0.22707423580786026,"Lose":0,"myCurrBet":0.08,"step":0.75,"position":0.75,"bluff":0,"handValue":0.1063,"percentBets_2":0.2891566265060241},"output":{"chips":0.5}},
{"input":{"Win":0.15819209039548024,"Lose":0,"myCurrBet":0,"step":0,"position":0.75,"bluff":0,"percentBets_1":0.07017543859649122,"percentBets_2":0.06779661016949153,"handValue":0.1014},"output":{"chips":0.5}},
{"input":{"Win":0.15819209039548024,"Lose":0,"myCurrBet":0.013333333333333334,"step":0,"position":0.75,"bluff":0,"handValue":0.1014,"percentBets_4":0,"percentBets_1":0,"percentBets_2":0.13559322033898305},"output":{"chips":0.5}},
{"input":{"Win":0.15819209039548024,"Lose":0,"myCurrBet":0.02666666666666667,"step":0.25,"position":0.75,"bluff":0,"handValue":0.10410000000000001,"percentBets_2":0.2033898305084746},"output":{"chips":0.5}},
{"input":{"Win":0.15819209039548024,"Lose":0,"myCurrBet":0.04,"step":0.5,"position":0.75,"bluff":0,"handValue":0.1039,"percentBets_2":0.2033898305084746},"output":{"chips":0.5}},
{"input":{"Win":0.15819209039548024,"Lose":0,"myCurrBet":0.04,"step":0.75,"position":0.75,"bluff":0,"handValue":0.300000090213,"percentBets_2":0.2033898305084746},"output":{"chips":0}},
{"input":{"Win":0,"Lose":0.05333333333333334,"myCurrBet":0.05333333333333334,"step":0.5,"position":0.75,"bluff":0,"handValue":0.1032,"percentBets_2":0.3404255319148936},"output":{"chips":0.5}},
{"input":{"Win":0,"Lose":0.05333333333333334,"myCurrBet":0.05333333333333334,"step":0.75,"position":0.75,"bluff":0,"handValue":0.1042,"percentBets_2":0.3404255319148936},"output":{"chips":0.5}},
{"input":{"Win":0,"Lose":0.05333333333333334,"myCurrBet":0.013333333333333334,"step":0.25,"position":0.75,"bluff":1,"handValue":0.1043,"percentBets_4":0,"percentBets_1":0,"percentBets_2":0.0851063829787234},"output":{"chips":1}},
{"input":{"Win":0,"Lose":0.05333333333333334,"myCurrBet":0,"step":0,"position":0.75,"bluff":0,"percentBets_1":0.07547169811320754,"percentBets_2":0.0851063829787234,"handValue":0.6012109999999999},"output":{"chips":0.5}},
{"input":{"Win":0,"Lose":0.08,"myCurrBet":0.05333333333333334,"step":0,"position":0.75,"bluff":0,"handValue":0.600503,"percentBets_4":0,"percentBets_1":0,"percentBets_2":0.36923076923076925},"output":{"chips":0.5}},
{"input":{"Win":0,"Lose":0.08,"myCurrBet":0,"step":0,"position":0.75,"bluff":0,"percentBets_1":0.08163265306122448,"percentBets_2":0.06153846153846154,"handValue":0.600503},"output":{"chips":1}},
{"input":{"Win":0,"Lose":0.08,"myCurrBet":0.08,"step":0.25,"position":0.75,"bluff":0,"handValue":0.1034,"percentBets_2":0.36923076923076925},"output":{"chips":0.5}},
{"input":{"Win":0,"Lose":0.08,"myCurrBet":0.08,"step":0.5,"position":0.75,"bluff":0,"handValue":0.10450000000000001,"percentBets_2":0.36923076923076925},"output":{"chips":0.5}},
{"input":{"Win":0,"Lose":0.08,"myCurrBet":0.08,"step":0.75,"position":0.75,"bluff":0,"handValue":0.1032,"percentBets_2":0.36923076923076925},"output":{"chips":0.5}},
{"input":{"Win":0.19213973799126638,"Lose":0,"myCurrBet":0,"step":0,"position":0.75,"bluff":0,"percentBets_1":0.08888888888888889,"percentBets_2":0.04395604395604396,"handValue":0.10200000000000001},"output":{"chips":1}},
{"input":{"Win":0.19213973799126638,"Lose":0,"myCurrBet":0.04,"step":0,"position":0.75,"bluff":0,"handValue":0.10200000000000001,"percentBets_4":0,"percentBets_1":0,"percentBets_2":0.21978021978021978},"output":{"chips":0.5}},
{"input":{"Win":0.19213973799126638,"Lose":0,"myCurrBet":0.06666666666666667,"step":0.5,"position":0.75,"bluff":0,"handValue":0.40000008131200004,"percentBets_2":0.21978021978021978},"output":{"chips":0.5}},
{"input":{"Win":0.19213973799126638,"Lose":0,"myCurrBet":0.06666666666666667,"step":0.25,"position":0.75,"bluff":1,"handValue":0.40000008131200004,"percentBets_2":0.21978021978021978},"output":{"chips":0.5}},
{"input":{"Win":0.19213973799126638,"Lose":0,"myCurrBet":0.06666666666666667,"step":0.75,"position":0.75,"bluff":0,"handValue":0.40000008131200004,"percentBets_2":0.21978021978021978},"output":{"chips":0}},
{"input":{"Win":0,"Lose":0.05333333333333334,"myCurrBet":0.05333333333333334,"step":0.25,"position":0.75,"bluff":0,"handValue":0.300000130204,"percentBets_4":0,"percentBets_1":0,"percentBets_2":0.22535211267605634},"output":{"chips":0.5}},
{"input":{"Win":0,"Lose":0.05333333333333334,"myCurrBet":0,"step":0,"position":0.75,"bluff":0,"percentBets_1":0.0975609756097561,"percentBets_2":0.056338028169014086,"handValue":0.1015},"output":{"chips":1}},
{"input":{"Win":0,"Lose":0.05333333333333334,"myCurrBet":0.05333333333333334,"step":0.5,"position":0.75,"bluff":0,"handValue":0.7000000002129999,"percentBets_2":0.22535211267605634},"output":{"chips":0}},
{"input":{"Win":0,"Lose":0.05333333333333334,"myCurrBet":0.05333333333333334,"step":0.5,"position":0.75,"bluff":0,"handValue":0.7000000002129999,"percentBets_2":0.22535211267605634},"output":{"chips":0}},
{"input":{"Win":0,"Lose":0.10666666666666667,"myCurrBet":0.06666666666666667,"step":0.25,"position":0.75,"bluff":1,"handValue":0.1043,"percentBets_2":0.2247191011235955},"output":{"chips":0.5}},
{"input":{"Win":0,"Lose":0.10666666666666667,"myCurrBet":0.06666666666666667,"step":0.5,"position":0.75,"bluff":0,"handValue":0.1033,"percentBets_2":0.2247191011235955},"output":{"chips":0.5}},
{"input":{"Win":0,"Lose":0.10666666666666667,"myCurrBet":0,"step":0,"position":0.75,"bluff":0,"percentBets_1":0.10810810810810811,"percentBets_2":0.0449438202247191,"handValue":0.1019},"output":{"chips":1}},
{"input":{"Win":0,"Lose":0.10666666666666667,"myCurrBet":0.02666666666666667,"step":0,"position":0.75,"bluff":0,"handValue":0.1019,"percentBets_4":0,"percentBets_1":0,"percentBets_2":0.2247191011235955},"output":{"chips":0.5}},
{"input":{"Win":0,"Lose":0.10666666666666667,"myCurrBet":0.06666666666666667,"step":0.75,"position":0.75,"bluff":0,"handValue":0.1034,"percentBets_2":0.3595505617977528},"output":{"chips":0.5}},
{"input":{"Win":0.15658362989323843,"Lose":0,"myCurrBet":0,"step":0,"position":0.75,"bluff":0,"percentBets_1":0.12121212121212122,"percentBets_2":0.032520325203252036,"handValue":0.1018},"output":{"chips":1}},
{"input":{"Win":0.15658362989323843,"Lose":0,"myCurrBet":0.06666666666666667,"step":0.25,"position":0.75,"bluff":0,"handValue":0.400000081007,"percentBets_2":0.16260162601626016},"output":{"chips":0.5}},
{"input":{"Win":0.15658362989323843,"Lose":0,"myCurrBet":0.06666666666666667,"step":0.5,"position":0.75,"bluff":0,"handValue":0.40000008121,"percentBets_2":0.16260162601626016},"output":{"chips":0.5}},
{"input":{"Win":0.15658362989323843,"Lose":0,"myCurrBet":0.05333333333333334,"step":0,"position":0.75,"bluff":0,"handValue":0.1018,"percentBets_4":0,"percentBets_1":0,"percentBets_2":0.16260162601626016},"output":{"chips":0.5}},
{"input":{"Win":0.15658362989323843,"Lose":0,"myCurrBet":0.06666666666666667,"step":0.75,"position":0.75,"bluff":0,"handValue":0.40000008131200004,"percentBets_2":0.16260162601626016},"output":{"chips":0}},
{"input":{"Win":0,"Lose":0.05333333333333334,"myCurrBet":0.02666666666666667,"step":0,"position":0.75,"bluff":0,"handValue":0.601206,"percentBets_4":0,"percentBets_1":0,"percentBets_2":0.1553398058252427},"output":{"chips":0.5}},
{"input":{"Win":0,"Lose":0.05333333333333334,"myCurrBet":0,"step":0,"position":0.75,"bluff":1,"percentBets_1":0.13793103448275862,"percentBets_2":0.038834951456310676,"handValue":0.601206},"output":{"chips":1}},
{"input":{"Win":0,"Lose":0.05333333333333334,"myCurrBet":0.05333333333333334,"step":0.25,"position":0.75,"bluff":0,"handValue":0.10360000000000001,"percentBets_2":0.1553398058252427},"output":{"chips":0.5}},
{"input":{"Win":0,"Lose":0.05333333333333334,"myCurrBet":0.05333333333333334,"step":0.5,"position":0.75,"bluff":0,"handValue":0.1024,"percentBets_2":0.1553398058252427},"output":{"chips":0.5}},
{"input":{"Win":0,"Lose":0.05333333333333334,"myCurrBet":0.05333333333333334,"step":0.75,"position":0.75,"bluff":0,"handValue":0.1032,"percentBets_2":0.1553398058252427},"output":{"chips":0.5}},
{"input":{"Win":0.16356877323420074,"Lose":0,"myCurrBet":0,"step":0,"position":0.75,"bluff":0,"percentBets_1":0.16,"percentBets_2":0.03305785123966942,"handValue":0.1017},"output":{"chips":1}},
{"input":{"Win":0.16356877323420074,"Lose":0,"myCurrBet":0.06666666666666667,"step":0.25,"position":0.75,"bluff":0,"handValue":0.1014,"percentBets_2":0.1652892561983471},"output":{"chips":0.5}},
{"input":{"Win":0.16356877323420074,"Lose":0,"myCurrBet":0.02666666666666667,"step":0,"position":0.75,"bluff":0,"handValue":0.1017,"percentBets_4":0,"percentBets_1":0,"percentBets_2":0.1652892561983471},"output":{"chips":0.5}},
{"input":{"Win":0.16356877323420074,"Lose":0,"myCurrBet":0.06666666666666667,"step":0.5,"position":0.75,"bluff":0,"handValue":0.300000130704,"percentBets_2":0.1652892561983471},"output":{"chips":0.5}},
{"input":{"Win":0.16356877323420074,"Lose":0,"myCurrBet":0.06666666666666667,"step":0.75,"position":0.75,"bluff":0,"handValue":0.700000000713,"percentBets_2":0.1652892561983471},"output":{"chips":0}},
{"input":{"Win":0.12444444444444444,"Lose":0,"myCurrBet":0,"step":0,"position":0.75,"bluff":0,"percentBets_1":0.19047619047619047,"percentBets_2":0.039603960396039604,"handValue":0.1018},"output":{"chips":1}},
{"input":{"Win":0.12444444444444444,"Lose":0,"myCurrBet":0.04,"step":0.25,"position":0.75,"bluff":0,"handValue":0.1027,"percentBets_4":0,"percentBets_1":0,"percentBets_2":0.1188118811881188},"output":{"chips":0.5}},
{"input":{"Win":0.12444444444444444,"Lose":0,"myCurrBet":0.04,"step":0.5,"position":0.75,"bluff":0,"handValue":0.1032,"percentBets_2":0.1188118811881188},"output":{"chips":0.5}},
{"input":{"Win":0.12444444444444444,"Lose":0,"myCurrBet":0.04,"step":0.75,"position":0.75,"bluff":1,"handValue":0.300000121009,"percentBets_2":0.1188118811881188},"output":{"chips":1}},
{"input":{"Win":0.30456852791878175,"Lose":0,"myCurrBet":0,"step":0,"position":0.75,"bluff":0,"percentBets_1":0.23529411764705882,"percentBets_2":0.0449438202247191,"handValue":0.10210000000000001},"output":{"chips":1}},
{"input":{"Win":0.30456852791878175,"Lose":0,"myCurrBet":0.09333333333333334,"step":0.5,"position":0.75,"bluff":1,"handValue":0.10310000000000001,"percentBets_2":0.3146067415730337},"output":{"chips":0.5}},
{"input":{"Win":0.30456852791878175,"Lose":0,"myCurrBet":0.09333333333333334,"step":0.25,"position":0.75,"bluff":0,"handValue":0.1039,"percentBets_2":0.3146067415730337},"output":{"chips":0.5}},
{"input":{"Win":0.30456852791878175,"Lose":0,"myCurrBet":0.05333333333333334,"step":0,"position":0.75,"bluff":0,"handValue":0.10210000000000001,"percentBets_4":0,"percentBets_1":0,"percentBets_2":0.3146067415730337},"output":{"chips":0.5}},
{"input":{"Win":0.30456852791878175,"Lose":0,"myCurrBet":0.09333333333333334,"step":0.75,"position":0.75,"bluff":0,"handValue":0.300000080613,"percentBets_2":0.3146067415730337},"output":{"chips":0}},
{"input":{"Win":0,"Lose":0.06666666666666667,"myCurrBet":0.013333333333333334,"step":0,"position":0.75,"bluff":0,"handValue":0.601202,"percentBets_4":0,"percentBets_1":0,"percentBets_2":0.13114754098360656},"output":{"chips":0.5}},
{"input":{"Win":0,"Lose":0.06666666666666667,"myCurrBet":0.05333333333333334,"step":0.5,"position":0.75,"bluff":0,"handValue":0.1029,"percentBets_2":0.32786885245901637},"output":{"chips":0.5}},
{"input":{"Win":0,"Lose":0.06666666666666667,"myCurrBet":0.06666666666666667,"step":0.75,"position":0.75,"bluff":1,"handValue":0.1042,"percentBets_2":0.32786885245901637},"output":{"chips":0.5}},
{"input":{"Win":0,"Lose":0.06666666666666667,"myCurrBet":0,"step":0,"position":0.75,"bluff":0,"percentBets_1":0.3076923076923077,"percentBets_2":0.06557377049180328,"handValue":0.601202},"output":{"chips":0.5}},
{"input":{"Win":0,"Lose":0.06666666666666667,"myCurrBet":0.02666666666666667,"step":0.25,"position":0.75,"bluff":0,"handValue":0.10210000000000001,"percentBets_2":0.26229508196721313},"output":{"chips":0.5}},
{"input":{"Win":0.2033898305084746,"Lose":0,"myCurrBet":0,"step":0,"position":0.75,"bluff":0,"percentBets_1":0.4444444444444444,"percentBets_2":0.04819277108433735,"handValue":0.601312},"output":{"chips":0.5}},
{"input":{"Win":0.2033898305084746,"Lose":0,"myCurrBet":0.05333333333333334,"step":0.25,"position":0.75,"bluff":0,"handValue":0.10260000000000001,"percentBets_2":0.1927710843373494},"output":{"chips":0.5}},
{"input":{"Win":0.2033898305084746,"Lose":0,"myCurrBet":0.05333333333333334,"step":0.75,"position":0.75,"bluff":0,"handValue":0.1033,"percentBets_2":0.1927710843373494},"output":{"chips":0.5}},
{"input":{"Win":0.2033898305084746,"Lose":0,"myCurrBet":0.05333333333333334,"step":0.5,"position":0.75,"bluff":1,"handValue":0.10300000000000001,"percentBets_2":0.1927710843373494},"output":{"chips":0.5}},
{"input":{"Win":0.2033898305084746,"Lose":0,"myCurrBet":0.013333333333333334,"step":0,"position":0.75,"bluff":1,"handValue":0.601312,"percentBets_4":0,"percentBets_1":0,"percentBets_2":0.0963855421686747},"output":{"chips":1}},
{"input":{"Win":0,"Lose":0,"myCurrBet":0,"step":0,"position":0.75,"bluff":0,"percentBets_1":0.8,"percentBets_2":0.05970149253731343,"handValue":0.600901},"output":{"chips":0}},
{"input":{"Win":0,"Lose":0,"myCurrBet":0,"step":0,"position":0.75,"bluff":0,"percentBets_1":1,"percentBets_2":0.057971014492753624,"handValue":0.1019},"output":{"chips":0}},
{"input":{"Win":0,"Lose":0,"myCurrBet":0.013333333333333334,"step":0,"position":0.6666666666666666,"bluff":0,"percentBets_1":0.17266187050359713,"handValue":0.601206,"percentBets_3":0},"output":{"chips":1}},
{"input":{"Win":0,"Lose":0,"myCurrBet":0.12,"step":0.25,"position":0.6666666666666666,"bluff":1,"handValue":0.10310000000000001,"percentBets_1":0.5179856115107914},"output":{"chips":1}},
{"input":{"Win":0,"Lose":0,"myCurrBet":0.05333333333333334,"step":0,"position":0.6666666666666666,"bluff":1,"handValue":0.601206,"percentBets_1":0.4028776978417266},"output":{"chips":1}},
{"input":{"Win":0,"Lose":0,"myCurrBet":0.14666666666666667,"step":0.25,"position":0.6666666666666666,"bluff":0,"handValue":0.10310000000000001,"percentBets_1":0.8057553956834532},"output":{"chips":0}},
{"input":{"Win":0.2222222222222222,"Lose":0,"myCurrBet":0.016666666666666666,"step":0,"position":0.6666666666666666,"bluff":0,"percentBets_1":0.08968609865470852,"handValue":0.1014,"percentBets_3":0},"output":{"chips":1}},
{"input":{"Win":0.2222222222222222,"Lose":0,"myCurrBet":0.05,"step":0,"position":0.6666666666666666,"bluff":0,"handValue":0.1014,"percentBets_1":0.2242152466367713},"output":{"chips":0.5}},
{"input":{"Win":0.2222222222222222,"Lose":0,"myCurrBet":0.08333333333333333,"step":0.5,"position":0.6666666666666666,"bluff":0,"handValue":0.1023,"percentBets_1":0.2242152466367713},"output":{"chips":0}},
{"input":{"Win":0.2222222222222222,"Lose":0,"myCurrBet":0.08333333333333333,"step":0.5,"position":0.6666666666666666,"bluff":0,"handValue":0.1023,"percentBets_1":0.2242152466367713},"output":{"chips":0}},
{"input":{"Win":0.2222222222222222,"Lose":0,"myCurrBet":0.08333333333333333,"step":0.25,"position":0.6666666666666666,"bluff":1,"handValue":0.1018,"percentBets_1":0.2242152466367713},"output":{"chips":0.5}},
{"input":{"Win":0,"Lose":0.1,"myCurrBet":0.016666666666666666,"step":0,"position":0.6666666666666666,"bluff":0,"percentBets_1":0.23121387283236994,"handValue":0.1015,"percentBets_3":0},"output":{"chips":1}},
{"input":{"Win":0,"Lose":0.1,"myCurrBet":0.1,"step":0.5,"position":0.6666666666666666,"bluff":0,"handValue":0.10450000000000001,"percentBets_1":0.3468208092485549},"output":{"chips":0}},
{"input":{"Win":0,"Lose":0.1,"myCurrBet":0.08333333333333333,"step":0.25,"position":0.6666666666666666,"bluff":0,"handValue":0.10400000000000001,"percentBets_1":0.28901734104046245},"output":{"chips":1}},
{"input":{"Win":0,"Lose":0.1,"myCurrBet":0.1,"step":0.5,"position":0.6666666666666666,"bluff":0,"handValue":0.10450000000000001,"percentBets_1":0.3468208092485549},"output":{"chips":0}},
{"input":{"Win":0.2978723404255319,"Lose":0,"myCurrBet":0.016666666666666666,"step":0,"position":0.6666666666666666,"bluff":0,"percentBets_1":0.08583690987124463,"handValue":0.1014,"percentBets_3":0},"output":{"chips":1}},
{"input":{"Win":0.2978723404255319,"Lose":0,"myCurrBet":0.06666666666666667,"step":0.25,"position":0.6666666666666666,"bluff":0,"handValue":0.1009,"percentBets_1":0.17167381974248927},"output":{"chips":1}},
{"input":{"Win":0.2978723404255319,"Lose":0,"myCurrBet":0.1,"step":0.25,"position":0.6666666666666666,"bluff":0,"handValue":0.1009,"percentBets_1":0.30042918454935624},"output":{"chips":0.5}},
{"input":{"Win":0.2978723404255319,"Lose":0,"myCurrBet":0.11666666666666667,"step":0.5,"position":0.6666666666666666,"bluff":0,"handValue":0.10110000000000001,"percentBets_1":0.30042918454935624},"output":{"chips":0}},
{"input":{"Win":0.2978723404255319,"Lose":0,"myCurrBet":0.11666666666666667,"step":0.5,"position":0.6666666666666666,"bluff":0,"handValue":0.10110000000000001,"percentBets_1":0.30042918454935624},"output":{"chips":0}},
{"input":{"Win":0.24242424242424243,"Lose":0,"myCurrBet":0.06666666666666667,"step":0.5,"position":0.6666666666666666,"bluff":0,"handValue":0.1051,"percentBets_1":0.24539877300613497},"output":{"chips":0}},
{"input":{"Win":0.24242424242424243,"Lose":0,"myCurrBet":0.016666666666666666,"step":0,"position":0.6666666666666666,"bluff":0,"percentBets_1":0.06134969325153374,"handValue":0.1019,"percentBets_3":0},"output":{"chips":1}},
{"input":{"Win":0.24242424242424243,"Lose":0,"myCurrBet":0.06666666666666667,"step":0.25,"position":0.6666666666666666,"bluff":0,"handValue":0.10410000000000001,"percentBets_1":0.24539877300613497},"output":{"chips":0.5}},
{"input":{"Win":0.24242424242424243,"Lose":0,"myCurrBet":0.03333333333333333,"step":0,"position":0.6666666666666666,"bluff":0,"handValue":0.1019,"percentBets_1":0.24539877300613497},"output":{"chips":0.5}},
{"input":{"Win":0.24242424242424243,"Lose":0,"myCurrBet":0.06666666666666667,"step":0.5,"position":0.6666666666666666,"bluff":0,"handValue":0.1051,"percentBets_1":0.24539877300613497},"output":{"chips":0}},
{"input":{"Win":0.32,"Lose":0,"myCurrBet":0.06666666666666667,"step":0.25,"position":0.6666666666666666,"bluff":0,"handValue":0.1022,"percentBets_1":0.3252032520325203},"output":{"chips":0.5}},
{"input":{"Win":0.32,"Lose":0,"myCurrBet":0.05,"step":0,"position":0.6666666666666666,"bluff":0,"handValue":0.1,"percentBets_1":0.3252032520325203},"output":{"chips":0.5}},
{"input":{"Win":0.32,"Lose":0,"myCurrBet":0.016666666666666666,"step":0,"position":0.6666666666666666,"bluff":0,"percentBets_1":0.16260162601626016,"handValue":0.1,"percentBets_3":0},"output":{"chips":1}},
{"input":{"Win":0.32,"Lose":0,"myCurrBet":0.06666666666666667,"step":0.5,"position":0.6666666666666666,"bluff":1,"handValue":0.10350000000000001,"percentBets_1":0.3252032520325203},"output":{"chips":1}},
{"input":{"Win":0,"Lose":0,"myCurrBet":0.016666666666666666,"step":0,"position":0.6666666666666666,"bluff":0,"percentBets_1":0.4819277108433735,"handValue":0.600907,"percentBets_3":0},"output":{"chips":0}},
{"input":{"Win":0.5882352941176471,"Lose":0,"myCurrBet":0.1,"step":0.25,"position":0.6666666666666666,"bluff":0,"handValue":0.1037,"percentBets_1":0.6451612903225806},"output":{"chips":0.5}},
{"input":{"Win":0.5882352941176471,"Lose":0,"myCurrBet":0.1,"step":0.5,"position":0.6666666666666666,"bluff":0,"handValue":0.1042,"percentBets_1":0.6451612903225806},"output":{"chips":0}},
{"input":{"Win":0.5882352941176471,"Lose":0,"myCurrBet":0.016666666666666666,"step":0,"position":0.6666666666666666,"bluff":0,"percentBets_1":0.3225806451612903,"handValue":0.1023,"percentBets_3":0},"output":{"chips":1}},
{"input":{"Win":0.5882352941176471,"Lose":0,"myCurrBet":0.1,"step":0.5,"position":0.6666666666666666,"bluff":0,"handValue":0.1042,"percentBets_1":0.6451612903225806},"output":{"chips":0}},
{"input":{"Win":0,"Lose":0,"myCurrBet":0.016666666666666666,"step":0,"position":0.6666666666666666,"bluff":0,"percentBets_1":0.6060606060606061,"handValue":0.10070000000000001,"percentBets_3":0},"output":{"chips":0.5}},
{"input":{"Win":0,"Lose":0,"myCurrBet":0.03333333333333333,"step":0.25,"position":0.6666666666666666,"bluff":0,"handValue":0.1033,"percentBets_1":1},"output":{"chips":0}},
{"input":{"Win":0.9428571428571428,"Lose":0,"myCurrBet":0.06666666666666667,"step":0,"position":0.6666666666666666,"bluff":1,"handValue":0.101,"percentBets_1":1},"output":{"chips":1}},
{"input":{"Win":0.9428571428571428,"Lose":0,"myCurrBet":0.016666666666666666,"step":0,"position":0.6666666666666666,"bluff":0,"percentBets_1":0.37735849056603776,"handValue":0.101,"percentBets_3":0},"output":{"chips":1}},
{"input":{"Win":0.9428571428571428,"Lose":0,"myCurrBet":0.12166666666666667,"step":0.25,"position":0.6666666666666666,"bluff":0,"handValue":0.101,"percentBets_1":1},"output":{"chips":0}},
{"input":{"Win":0.9428571428571428,"Lose":0,"myCurrBet":0.12166666666666667,"step":0.25,"position":0.6666666666666666,"bluff":0,"handValue":0.101,"percentBets_1":1},"output":{"chips":0}},
{"input":{"Win":0.9428571428571428,"Lose":0,"myCurrBet":0.12166666666666667,"step":0.25,"position":0.6666666666666666,"bluff":0,"handValue":0.300000070306,"percentBets_1":1},"output":{"chips":0}},
