{"input":{"Win":0,"Lose":0.06666666666666667,"myCurrBet":0,"step":0,"position":0.75,"bluff":0,"percentBets_1":0.006666666666666667,"percentBets_2":0.013333333333333334,"handValue":0.1013},"output":{"chips":1}},
{"input":{"Win":0,"Lose":0.06666666666666667,"myCurrBet":0.023333333333333334,"step":0,"position":0.75,"bluff":0,"handValue":0.1013,"percentBets_4":0.18666666666666668,"percentBets_1":0.18666666666666668,"percentBets_2":0},"output":{"chips":0.5}},
{"input":{"Win":0,"Lose":0.06666666666666667,"myCurrBet":0.006666666666666667,"step":0,"position":0.75,"bluff":0,"handValue":0.1013,"percentBets_4":0.05333333333333334,"percentBets_1":0.05333333333333334,"percentBets_2":0.05333333333333334},"output":{"chips":1}},
{"input":{"Win":0,"Lose":0.06666666666666667,"myCurrBet":0.056666666666666664,"step":0.25,"position":0.75,"bluff":0,"handValue":0.10250000000000001,"percentBets_4":0.26666666666666666,"percentBets_1":0.26666666666666666},"output":{"chips":0.5}},
{"input":{"Win":0,"Lose":0.06666666666666667,"myCurrBet":0.05,"step":0.25,"position":0.75,"bluff":0,"handValue":0.10250000000000001,"percentBets_4":0.21333333333333335,"percentBets_1":0.21333333333333335},"output":{"chips":1}},
{"input":{"Win":0,"Lose":0.06666666666666667,"myCurrBet":0.04666666666666667,"step":0.25,"position":0.75,"bluff":0,"handValue":0.10250000000000001,"percentBets_4":0.18666666666666668,"percentBets_1":0.18666666666666668},"output":{"chips":1}},
{"input":{"Win":0,"Lose":0.06666666666666667,"myCurrBet":0.06666666666666667,"step":0.5,"position":0.75,"bluff":1,"handValue":0.300000100308,"percentBets_4":0.26666666666666666,"percentBets_1":0.26666666666666666},"output":{"chips":0.5}},
{"input":{"Win":0,"Lose":0.06666666666666667,"myCurrBet":0.06666666666666667,"step":0.5,"position":0.75,"bluff":0,"handValue":0.300000100308,"percentBets_4":0.26666666666666666,"percentBets_1":0.26666666666666666},"output":{"chips":0}},
{"input":{"Win":0.23265306122448978,"Lose":0,"myCurrBet":0,"step":0,"position":0.75,"bluff":0,"percentBets_1":0.00909090909090909,"percentBets_2":0.014084507042253521,"handValue":0.10110000000000001},"output":{"chips":1}},
{"input":{"Win":0.23265306122448978,"Lose":0,"myCurrBet":0.03,"step":0,"position":0.75,"bluff":1,"handValue":0.10110000000000001,"percentBets_4":0.15126050420168066,"percentBets_1":0.32727272727272727,"percentBets_2":0},"output":{"chips":0.5}},
{"input":{"Win":0.23265306122448978,"Lose":0,"myCurrBet":0.01,"step":0,"position":0.75,"bluff":1,"handValue":0.10110000000000001,"percentBets_4":0.05042016806722689,"percentBets_1":0.10909090909090909,"percentBets_2":0.1267605633802817},"output":{"chips":0.5}},
{"input":{"Win":0.23265306122448978,"Lose":0,"myCurrBet":0.06,"step":0.25,"position":0.75,"bluff":0,"handValue":0.1027,"percentBets_4":0.15126050420168066,"percentBets_1":0.32727272727272727},"output":{"chips":1}},
{"input":{"Win":0.23265306122448978,"Lose":0,"myCurrBet":0.07,"step":0.25,"position":0.75,"bluff":1,"handValue":0.1027,"percentBets_4":0.20168067226890757,"percentBets_1":0.43636363636363634},"output":{"chips":0.5}},
{"input":{"Win":0.23265306122448978,"Lose":0,"myCurrBet":0.08,"step":0.5,"position":0.75,"bluff":0,"handValue":0.1039,"percentBets_4":0.20168067226890757,"percentBets_1":0.43636363636363634},"output":{"chips":0}},
{"input":{"Win":0.23265306122448978,"Lose":0,"myCurrBet":0.08,"step":0.5,"position":0.75,"bluff":0,"handValue":0.1039,"percentBets_4":0.20168067226890757,"percentBets_1":0.43636363636363634},"output":{"chips":0}},
{"input":{"Win":0,"Lose":0,"myCurrBet":0,"step":0,"position":0.75,"bluff":0,"percentBets_1":0.016129032258064516,"percentBets_2":0.016129032258064516,"handValue":0.10160000000000001},"output":{"chips":1}},
{"input":{"Win":0,"Lose":0,"myCurrBet":0.06,"step":0.25,"position":0.75,"bluff":0,"handValue":0.1034,"percentBets_4":0.18947368421052632,"percentBets_1":0.5806451612903226},"output":{"chips":1}},
{"input":{"Win":0,"Lose":0,"myCurrBet":0.013333333333333334,"step":0,"position":0.75,"bluff":0,"handValue":0.10160000000000001,"percentBets_4":0.08421052631578947,"percentBets_1":0.25806451612903225,"percentBets_2":0.14516129032258066},"output":{"chips":0.5}},
{"input":{"Win":0,"Lose":0,"myCurrBet":0.03,"step":0,"position":0.75,"bluff":0,"handValue":0.10160000000000001,"percentBets_4":0.18947368421052632,"percentBets_1":0.5806451612903226,"percentBets_2":0},"output":{"chips":0.5}},
{"input":{"Win":0,"Lose":0,"myCurrBet":0.06333333333333334,"step":0.25,"position":0.75,"bluff":1,"handValue":0.1034,"percentBets_4":0.21052631578947367,"percentBets_1":0.6451612903225806},"output":{"chips":1}},
{"input":{"Win":0,"Lose":0,"myCurrBet":0.07666666666666666,"step":0.25,"position":0.75,"bluff":0,"handValue":0.1034,"percentBets_4":0.29473684210526313,"percentBets_1":0.9032258064516129},"output":{"chips":0}},
{"input":{"Win":0,"Lose":0.07666666666666666,"myCurrBet":0.01,"step":0,"position":0.75,"bluff":1,"handValue":0.601304,"percentBets_4":0.03870967741935484,"percentBets_1":0,"percentBets_2":0.16981132075471697},"output":{"chips":1}},
{"input":{"Win":0,"Lose":0.07666666666666666,"myCurrBet":0.08333333333333333,"step":0,"position":0.75,"bluff":0,"handValue":0.601304,"percentBets_4":0.3225806451612903,"percentBets_2":0},"output":{"chips":0.5}},
{"input":{"Win":0,"Lose":0.07666666666666666,"myCurrBet":0.03666666666666667,"step":0,"position":0.75,"bluff":0,"handValue":0.601304,"percentBets_4":0.14193548387096774,"percentBets_2":0.4716981132075472},"output":{"chips":0.5}},
{"input":{"Win":0,"Lose":0.07666666666666666,"myCurrBet":0,"step":0,"position":0.75,"bluff":0,"percentBets_1":0.16666666666666666,"percentBets_2":0.018867924528301886,"handValue":0.601304},"output":{"chips":1}},
{"input":{"Win":0,"Lose":0.07666666666666666,"myCurrBet":0.16666666666666666,"step":0.25,"position":0.75,"bluff":0,"handValue":0.10310000000000001,"percentBets_4":0.3225806451612903},"output":{"chips":0.5}},
{"input":{"Win":0,"Lose":0.07666666666666666,"myCurrBet":0.17666666666666667,"step":0.5,"position":0.75,"bluff":0,"handValue":0.1018,"percentBets_4":0.36129032258064514},"output":{"chips":1}},
{"input":{"Win":0,"Lose":0.07666666666666666,"myCurrBet":0.17,"step":0.5,"position":0.75,"bluff":0,"handValue":0.1018,"percentBets_4":0.33548387096774196},"output":{"chips":1}},
{"input":{"Win":0,"Lose":0.07666666666666666,"myCurrBet":0.16666666666666666,"step":0.5,"position":0.75,"bluff":0,"handValue":0.1018,"percentBets_4":0.3225806451612903},"output":{"chips":1}},
{"input":{"Win":0,"Lose":0.07666666666666666,"myCurrBet":0.22333333333333333,"step":0.5,"position":0.75,"bluff":0,"handValue":0.1018,"percentBets_4":0.5419354838709678},"output":{"chips":1}},
{"input":{"Win":0,"Lose":0.07666666666666666,"myCurrBet":0.19,"step":0.5,"position":0.75,"bluff":0,"handValue":0.1018,"percentBets_4":0.4129032258064516},"output":{"chips":1}},
{"input":{"Win":0,"Lose":0.07666666666666666,"myCurrBet":0.2833333333333333,"step":0.75,"position":0.75,"bluff":0,"handValue":0.1023,"percentBets_4":0.7741935483870968},"output":{"chips":1}},
