{"input":{"Win":0,"Lose":0,"myCurrBet":0.0033333333333333335,"step":0,"position":0.5,"bluff":0,"percentBets_1":0.05333333333333334,"handValue":0.1013,"percentBets_3":0.02666666666666667,"percentBets_4":0.02666666666666667},"output":{"chips":1}},
{"input":{"Win":0,"Lose":0,"myCurrBet":0.04,"step":0.5,"position":0.5,"bluff":1,"handValue":0.40000010080500004,"percentBets_3":0.16,"percentBets_4":0.16},"output":{"chips":1}},
{"input":{"Win":0,"Lose":0,"myCurrBet":0.04,"step":0.25,"position":0.5,"bluff":0,"handValue":0.10160000000000001,"percentBets_3":0.16,"percentBets_4":0.16},"output":{"chips":0.5}},
{"input":{"Win":0,"Lose":0,"myCurrBet":0.04666666666666667,"step":0.5,"position":0.5,"bluff":0,"handValue":0.40000010080500004,"percentBets_3":0.21333333333333335,"percentBets_4":0.21333333333333335},"output":{"chips":0}},
{"input":{"Win":0,"Lose":0,"myCurrBet":0.02,"step":0,"position":0.5,"bluff":0,"handValue":0.1013,"percentBets_3":0.16,"percentBets_4":0.16,"percentBets_1":0},"output":{"chips":0.5}},
{"input":{"Win":0,"Lose":0.04666666666666667,"myCurrBet":0.0033333333333333335,"step":0,"position":0.5,"bluff":0,"percentBets_1":0.07042253521126761,"handValue":0.601304,"percentBets_3":0.03389830508474576,"percentBets_4":0.01834862385321101},"output":{"chips":0.5}},
{"input":{"Win":0,"Lose":0.04666666666666667,"myCurrBet":0.016666666666666666,"step":0,"position":0.5,"bluff":0,"handValue":0.601304,"percentBets_3":0.1694915254237288,"percentBets_4":0.09174311926605505,"percentBets_1":0},"output":{"chips":0}},
{"input":{"Win":0,"Lose":0.016666666666666666,"myCurrBet":0.0033333333333333335,"step":0,"position":0.5,"bluff":0,"percentBets_1":0.07575757575757576,"handValue":0.6006049999999999,"percentBets_3":0.02531645569620253,"percentBets_4":0.020202020202020204},"output":{"chips":0.5}},
{"input":{"Win":0,"Lose":0.016666666666666666,"myCurrBet":0.016666666666666666,"step":0,"position":0.5,"bluff":1,"handValue":0.6006049999999999,"percentBets_3":0.12658227848101267,"percentBets_4":0.10101010101010101,"percentBets_1":0.19696969696969696},"output":{"chips":1}},
{"input":{"Win":0,"Lose":0.016666666666666666,"myCurrBet":0.05333333333333334,"step":0,"position":0.5,"bluff":0,"handValue":0.6006049999999999,"percentBets_3":0.4050632911392405,"percentBets_4":0.32323232323232326,"percentBets_1":0},"output":{"chips":0}},
{"input":{"Win":0,"Lose":0.08666666666666667,"myCurrBet":0.0033333333333333335,"step":0,"position":0.5,"bluff":0,"percentBets_1":0,"handValue":0.1014,"percentBets_3":0.0425531914893617,"percentBets_4":0.0125},"output":{"chips":1}},
{"input":{"Win":0,"Lose":0.08666666666666667,"myCurrBet":0.016666666666666666,"step":0,"position":0.5,"bluff":0,"handValue":0.1014,"percentBets_3":0.2127659574468085,"percentBets_4":0.0625},"output":{"chips":0.5}},
{"input":{"Win":0,"Lose":0.08666666666666667,"myCurrBet":0.03333333333333333,"step":0.25,"position":0.5,"bluff":0,"handValue":0.1008,"percentBets_3":0.2127659574468085,"percentBets_4":0.0625},"output":{"chips":0}},
{"input":{"Win":0,"Lose":0.08666666666666667,"myCurrBet":0.03333333333333333,"step":0.25,"position":0.5,"bluff":0,"handValue":0.1008,"percentBets_3":0.2127659574468085,"percentBets_4":0.0625},"output":{"chips":0}},
{"input":{"Win":0,"Lose":0.08666666666666667,"myCurrBet":0.03333333333333333,"step":0.25,"position":0.5,"bluff":0,"handValue":0.300000130105,"percentBets_3":0.2127659574468085,"percentBets_4":0.0625},"output":{"chips":0}},
{"input":{"Win":0,"Lose":0,"myCurrBet":0.01,"step":0,"position":0.5,"bluff":0,"handValue":0.6012069999999999,"percentBets_3":0.08888888888888889,"percentBets_4":0.04,"percentBets_1":0.11428571428571428},"output":{"chips":0}},
{"input":{"Win":0,"Lose":0,"myCurrBet":0.0033333333333333335,"step":0,"position":0.5,"bluff":0,"percentBets_1":0.05714285714285714,"handValue":0.6012069999999999,"percentBets_3":0.02962962962962963,"percentBets_4":0.013333333333333334},"output":{"chips":0.5}},
{"input":{"Win":0,"Lose":0.01,"myCurrBet":0.0033333333333333335,"step":0,"position":0.5,"bluff":0,"percentBets_1":0,"handValue":0.10070000000000001,"percentBets_3":0.03361344537815126,"percentBets_4":0.011904761904761904},"output":{"chips":1}},
{"input":{"Win":0,"Lose":0.01,"myCurrBet":0.01,"step":0,"position":0.5,"bluff":0,"handValue":0.10070000000000001,"percentBets_3":0.10084033613445378,"percentBets_4":0.03571428571428571},"output":{"chips":1}},
{"input":{"Win":0,"Lose":0.01,"myCurrBet":0.03,"step":0,"position":0.5,"bluff":1,"handValue":0.10070000000000001,"percentBets_3":0.3025210084033613,"percentBets_4":0.10714285714285714},"output":{"chips":0.5}},
{"input":{"Win":0,"Lose":0.01,"myCurrBet":0.06,"step":0.25,"position":0.5,"bluff":1,"handValue":0.1019,"percentBets_3":0.3025210084033613,"percentBets_4":0.10714285714285714},"output":{"chips":1}},
{"input":{"Win":0,"Lose":0.01,"myCurrBet":0.06,"step":0.25,"position":0.5,"bluff":0,"handValue":0.1019,"percentBets_3":0.3025210084033613,"percentBets_4":0.10714285714285714},"output":{"chips":0}},
{"input":{"Win":0,"Lose":0.01,"myCurrBet":0.07,"step":0.25,"position":0.5,"bluff":0,"handValue":0.10200000000000001,"percentBets_3":0.40336134453781514,"percentBets_4":0.14285714285714285},"output":{"chips":0}},
{"input":{"Win":0,"Lose":0.09,"myCurrBet":0.0033333333333333335,"step":0,"position":0.5,"bluff":0,"percentBets_1":0.044444444444444446,"handValue":0.1017,"percentBets_3":0.056338028169014086,"percentBets_4":0.00936768149882904},"output":{"chips":1}},
{"input":{"Win":0,"Lose":0.09,"myCurrBet":0.01,"step":0,"position":0.5,"bluff":0,"handValue":0.1017,"percentBets_3":0.16901408450704225,"percentBets_4":0.02810304449648712,"percentBets_1":0},"output":{"chips":0.5}},
{"input":{"Win":0,"Lose":0.09,"myCurrBet":0.02,"step":0.25,"position":0.5,"bluff":0,"handValue":0.1034,"percentBets_3":0.16901408450704225,"percentBets_4":0.02810304449648712},"output":{"chips":0.5}},
{"input":{"Win":0,"Lose":0.09,"myCurrBet":0.02,"step":0.5,"position":0.5,"bluff":1,"handValue":0.1042,"percentBets_3":0.16901408450704225,"percentBets_4":0.02810304449648712},"output":{"chips":1}},
{"input":{"Win":0,"Lose":0.09,"myCurrBet":0.02,"step":0.75,"position":0.5,"bluff":0,"handValue":0.1048,"percentBets_3":0.16901408450704225,"percentBets_4":0.02810304449648712},"output":{"chips":0}},
