{"input":{"Win":0,"Lose":0,"myCurrBet":0.0016666666666666668,"step":0,"position":0.25,"bluff":0,"percentBets_2":0.013333333333333334,"handValue":0.6005039999999999,"percentBets_3":0.02666666666666667,"percentBets_4":0.02666666666666667},"output":{"chips":0}},
{"input":{"Win":0.15777777777777777,"Lose":0,"myCurrBet":0.0016666666666666668,"step":0,"position":0.25,"bluff":1,"percentBets_2":0.013513513513513514,"handValue":0.1014,"percentBets_3":0.05555555555555555,"percentBets_4":0.050314465408805034},"output":{"chips":1}},
{"input":{"Win":0.15777777777777777,"Lose":0,"myCurrBet":0.04,"step":0.25,"position":0.25,"bluff":0,"handValue":0.40000012080200004,"percentBets_2":0.16216216216216217,"percentBets_3":0.16666666666666666,"percentBets_4":0.1509433962264151},"output":{"chips":0}},
{"input":{"Win":0.15777777777777777,"Lose":0,"myCurrBet":0.04,"step":0.25,"position":0.25,"bluff":0,"handValue":0.40000012080200004,"percentBets_2":0.16216216216216217,"percentBets_3":0.16666666666666666,"percentBets_4":0.1509433962264151},"output":{"chips":0}},
{"input":{"Win":0.15777777777777777,"Lose":0,"myCurrBet":0.02,"step":0,"position":0.25,"bluff":1,"handValue":0.1014,"percentBets_2":0.16216216216216217,"percentBets_3":0.16666666666666666,"percentBets_4":0.1509433962264151},"output":{"chips":0.5}},
{"input":{"Win":0.15777777777777777,"Lose":0,"myCurrBet":0.04,"step":0.25,"position":0.25,"bluff":0,"handValue":0.400000120806,"percentBets_2":0.16216216216216217,"percentBets_3":0.16666666666666666,"percentBets_4":0.1509433962264151},"output":{"chips":0}},
{"input":{"Win":0,"Lose":0.02666666666666667,"myCurrBet":0.0016666666666666668,"step":0,"position":0.25,"bluff":1,"percentBets_2":0.016129032258064516,"handValue":0.10160000000000001,"percentBets_3":0.06666666666666667,"percentBets_4":0.05925925925925926},"output":{"chips":0.5}},
{"input":{"Win":0,"Lose":0.02666666666666667,"myCurrBet":0.013333333333333334,"step":0,"position":0.25,"bluff":0,"handValue":0.10160000000000001,"percentBets_2":0.12903225806451613,"percentBets_3":0.13333333333333333,"percentBets_4":0.11851851851851852},"output":{"chips":0.5}},
{"input":{"Win":0,"Lose":0.02666666666666667,"myCurrBet":0.02666666666666667,"step":0.25,"position":0.25,"bluff":1,"handValue":0.10300000000000001,"percentBets_2":0.12903225806451613,"percentBets_3":0.13333333333333333,"percentBets_4":0.11851851851851852},"output":{"chips":0.5}},
{"input":{"Win":0,"Lose":0.02666666666666667,"myCurrBet":0.02666666666666667,"step":0.25,"position":0.25,"bluff":0,"handValue":0.10300000000000001,"percentBets_2":0.12903225806451613,"percentBets_3":0.13333333333333333,"percentBets_4":0.11851851851851852},"output":{"chips":0}},
{"input":{"Win":0,"Lose":0.02666666666666667,"myCurrBet":0.02666666666666667,"step":0.75,"position":0.25,"bluff":0,"handValue":0.1033,"percentBets_2":0.12903225806451613,"percentBets_3":0.13333333333333333,"percentBets_4":0.11851851851851852},"output":{"chips":0}},
{"input":{"Win":0,"Lose":0,"myCurrBet":0.0016666666666666668,"step":0,"position":0.25,"bluff":0,"percentBets_2":0.011627906976744186,"handValue":0.600401,"percentBets_3":0.057692307692307696,"percentBets_4":0.05042016806722689},"output":{"chips":0}},
{"input":{"Win":0,"Lose":0.0016666666666666668,"myCurrBet":0.0016666666666666668,"step":0,"position":0.25,"bluff":0,"percentBets_2":0.011764705882352941,"handValue":0.600706,"percentBets_3":0.043478260869565216,"percentBets_4":0.029850746268656716},"output":{"chips":0}},
{"input":{"Win":0,"Lose":0.0016666666666666668,"myCurrBet":0.01,"step":0,"position":0.25,"bluff":0,"handValue":0.10110000000000001,"percentBets_2":0.07142857142857142,"percentBets_3":0.14678899082568808,"percentBets_4":0.13333333333333333},"output":{"chips":0}},
{"input":{"Win":0,"Lose":0.0016666666666666668,"myCurrBet":0.0016666666666666668,"step":0,"position":0.25,"bluff":1,"percentBets_2":0.011904761904761904,"handValue":0.10110000000000001,"percentBets_3":0.05504587155963303,"percentBets_4":0.05},"output":{"chips":0.5}},
{"input":{"Win":0,"Lose":0.01,"myCurrBet":0.0016666666666666668,"step":0,"position":0.25,"bluff":0,"percentBets_2":0.01282051282051282,"handValue":0.1018,"percentBets_3":0.09195402298850575,"percentBets_4":0.05},"output":{"chips":1}},
{"input":{"Win":0,"Lose":0.01,"myCurrBet":0.016666666666666666,"step":0,"position":0.25,"bluff":0,"handValue":0.1018,"percentBets_2":0.1282051282051282,"percentBets_3":0.22988505747126436,"percentBets_4":0.125},"output":{"chips":0}},
{"input":{"Win":0,"Lose":0.016666666666666666,"myCurrBet":0.0016666666666666668,"step":0,"position":0.25,"bluff":1,"percentBets_2":0.015151515151515152,"handValue":0.101,"percentBets_3":0.06349206349206349,"percentBets_4":0.01834862385321101},"output":{"chips":1}},
{"input":{"Win":0,"Lose":0.016666666666666666,"myCurrBet":0.016666666666666666,"step":0,"position":0.25,"bluff":0,"handValue":0.101,"percentBets_2":0.15151515151515152,"percentBets_3":0.31746031746031744,"percentBets_4":0.09174311926605505},"output":{"chips":0}},
{"input":{"Win":0,"Lose":0.016666666666666666,"myCurrBet":0.0016666666666666668,"step":0,"position":0.25,"bluff":0,"percentBets_2":0.009708737864077669,"handValue":0.1015,"percentBets_3":0.12903225806451613,"percentBets_4":0.021505376344086023},"output":{"chips":1}},
{"input":{"Win":0,"Lose":0.016666666666666666,"myCurrBet":0.013333333333333334,"step":0,"position":0.25,"bluff":0,"handValue":0.1015,"percentBets_2":0.07766990291262135,"percentBets_3":0.5161290322580645,"percentBets_4":0.08602150537634409},"output":{"chips":0}},
{"input":{"Win":0.07565011820330969,"Lose":0,"myCurrBet":0.0016666666666666668,"step":0,"position":0.3333333333333333,"bluff":0,"percentBets_2":0.007326007326007326,"handValue":0.1013,"percentBets_3":0.012658227848101266},"output":{"chips":1}},
{"input":{"Win":0.07565011820330969,"Lose":0,"myCurrBet":0.016666666666666666,"step":0,"position":0.3333333333333333,"bluff":0,"handValue":0.1013,"percentBets_2":0.07326007326007326,"percentBets_3":0.12658227848101267},"output":{"chips":0.5}},
{"input":{"Win":0.07565011820330969,"Lose":0,"myCurrBet":0.03333333333333333,"step":0.25,"position":0.3333333333333333,"bluff":0,"handValue":0.1019,"percentBets_2":0.07326007326007326,"percentBets_3":0.12658227848101267},"output":{"chips":0}},
{"input":{"Win":0.07565011820330969,"Lose":0,"myCurrBet":0.03333333333333333,"step":0.25,"position":0.3333333333333333,"bluff":0,"handValue":0.1019,"percentBets_2":0.07326007326007326,"percentBets_3":0.12658227848101267},"output":{"chips":0}},
{"input":{"Win":0.07565011820330969,"Lose":0,"myCurrBet":0.006666666666666667,"step":0,"position":0.3333333333333333,"bluff":0,"handValue":0.1013,"percentBets_2":0.029304029304029304,"percentBets_3":0.05063291139240506},"output":{"chips":1}},
{"input":{"Win":0.07565011820330969,"Lose":0,"myCurrBet":0.03333333333333333,"step":0.25,"position":0.3333333333333333,"bluff":0,"handValue":0.1024,"percentBets_2":0.07326007326007326,"percentBets_3":0.12658227848101267},"output":{"chips":0}},
{"input":{"Win":0.061381074168797956,"Lose":0,"myCurrBet":0.0016666666666666668,"step":0,"position":0.3333333333333333,"bluff":0,"percentBets_2":0.007905138339920948,"handValue":0.1009,"percentBets_3":0.014492753623188406},"output":{"chips":1}},
{"input":{"Win":0.061381074168797956,"Lose":0,"myCurrBet":0.01,"step":0,"position":0.3333333333333333,"bluff":0,"handValue":0.1009,"percentBets_2":0.04743083003952569,"percentBets_3":0.08695652173913043},"output":{"chips":0.5}},
{"input":{"Win":0.061381074168797956,"Lose":0,"myCurrBet":0.02,"step":0.25,"position":0.3333333333333333,"bluff":0,"handValue":0.300000130603,"percentBets_2":0.04743083003952569,"percentBets_3":0.08695652173913043},"output":{"chips":0}},
{"input":{"Win":0.061381074168797956,"Lose":0,"myCurrBet":0.02,"step":0.25,"position":0.3333333333333333,"bluff":1,"handValue":0.30000013060999997,"percentBets_2":0.04743083003952569,"percentBets_3":0.08695652173913043},"output":{"chips":0.5}},
{"input":{"Win":0.061381074168797956,"Lose":0,"myCurrBet":0.02,"step":0.25,"position":0.3333333333333333,"bluff":0,"handValue":0.300000130603,"percentBets_2":0.04743083003952569,"percentBets_3":0.08695652173913043},"output":{"chips":0}},
{"input":{"Win":0,"Lose":0,"myCurrBet":0.0016666666666666668,"step":0,"position":0.3333333333333333,"bluff":1,"percentBets_2":0.008298755186721992,"handValue":0.1014,"percentBets_3":0.015873015873015872},"output":{"chips":1}},
{"input":{"Win":0,"Lose":0,"myCurrBet":0.006666666666666667,"step":0,"position":0.3333333333333333,"bluff":0,"handValue":0.1014,"percentBets_2":0.03319502074688797,"percentBets_3":0.06349206349206349},"output":{"chips":1}},
{"input":{"Win":0,"Lose":0,"myCurrBet":0.016666666666666666,"step":0,"position":0.3333333333333333,"bluff":0,"handValue":0.1014,"percentBets_2":0.08298755186721991,"percentBets_3":0.15873015873015872},"output":{"chips":0.5}},
{"input":{"Win":0,"Lose":0,"myCurrBet":0.03333333333333333,"step":0.25,"position":0.3333333333333333,"bluff":1,"handValue":0.10210000000000001,"percentBets_2":0.08298755186721991,"percentBets_3":0.15873015873015872},"output":{"chips":1}},
{"input":{"Win":0,"Lose":0,"myCurrBet":0.04,"step":0.25,"position":0.3333333333333333,"bluff":0,"handValue":0.10210000000000001,"percentBets_2":0.11618257261410789,"percentBets_3":0.2222222222222222},"output":{"chips":0}},
{"input":{"Win":0,"Lose":0.04,"myCurrBet":0.0016666666666666668,"step":0,"position":0.3333333333333333,"bluff":1,"percentBets_2":0.009389671361502348,"handValue":0.400000000013,"percentBets_3":0.011235955056179775},"output":{"chips":0.5}},
{"input":{"Win":0,"Lose":0.04,"myCurrBet":0.0033333333333333335,"step":0,"position":0.3333333333333333,"bluff":1,"handValue":0.400000000013,"percentBets_2":0.018779342723004695,"percentBets_3":0.02247191011235955},"output":{"chips":0.5}},
{"input":{"Win":0,"Lose":0.04,"myCurrBet":0.006666666666666667,"step":0.25,"position":0.3333333333333333,"bluff":1,"handValue":0.1044,"percentBets_2":0.018779342723004695,"percentBets_3":0.02247191011235955},"output":{"chips":0.5}},
{"input":{"Win":0,"Lose":0.04,"myCurrBet":0.01,"step":0.5,"position":0.3333333333333333,"bluff":0,"handValue":0.1048,"percentBets_2":0.03755868544600939,"percentBets_3":0.0449438202247191},"output":{"chips":0}},
{"input":{"Win":0,"Lose":0.04,"myCurrBet":0.006666666666666667,"step":0.5,"position":0.3333333333333333,"bluff":1,"handValue":0.1048,"percentBets_2":0.018779342723004695,"percentBets_3":0.02247191011235955},"output":{"chips":1}},
{"input":{"Win":0,"Lose":0.056666666666666664,"myCurrBet":0.0016666666666666668,"step":0,"position":0.3333333333333333,"bluff":0,"percentBets_2":0.00975609756097561,"handValue":0.10200000000000001,"percentBets_3":0.010416666666666666},"output":{"chips":1}},
{"input":{"Win":0,"Lose":0.056666666666666664,"myCurrBet":0.023333333333333334,"step":0,"position":0.3333333333333333,"bluff":0,"handValue":0.10200000000000001,"percentBets_2":0.13658536585365855,"percentBets_3":0.14583333333333334},"output":{"chips":0.5}},
{"input":{"Win":0,"Lose":0.056666666666666664,"myCurrBet":0.01,"step":0,"position":0.3333333333333333,"bluff":0,"handValue":0.10200000000000001,"percentBets_2":0.05853658536585366,"percentBets_3":0.0625},"output":{"chips":1}},
{"input":{"Win":0,"Lose":0.056666666666666664,"myCurrBet":0.04666666666666667,"step":0.25,"position":0.3333333333333333,"bluff":0,"handValue":0.1038,"percentBets_2":0.13658536585365855,"percentBets_3":0.14583333333333334},"output":{"chips":0}},
{"input":{"Win":0,"Lose":0.056666666666666664,"myCurrBet":0.04666666666666667,"step":0.25,"position":0.3333333333333333,"bluff":0,"handValue":0.1038,"percentBets_2":0.13658536585365855,"percentBets_3":0.14583333333333334},"output":{"chips":0}},
{"input":{"Win":0,"Lose":0.056666666666666664,"myCurrBet":0.04666666666666667,"step":0.25,"position":0.3333333333333333,"bluff":0,"handValue":0.1047,"percentBets_2":0.13658536585365855,"percentBets_3":0.14583333333333334},"output":{"chips":0}},
{"input":{"Win":0,"Lose":0,"myCurrBet":0.0016666666666666668,"step":0,"position":0.3333333333333333,"bluff":0,"percentBets_2":0.011299435028248588,"handValue":0.601302,"percentBets_3":0.008064516129032258},"output":{"chips":0}},
{"input":{"Win":0,"Lose":0.0016666666666666668,"myCurrBet":0.0033333333333333335,"step":0,"position":0.3333333333333333,"bluff":0,"percentBets_2":0.022857142857142857,"handValue":0.601209,"percentBets_3":0.01593625498007968},"output":{"chips":0}},
{"input":{"Win":0,"Lose":0.0033333333333333335,"myCurrBet":0.0033333333333333335,"step":0,"position":0.3333333333333333,"bluff":0,"percentBets_2":0.023391812865497075,"handValue":0.600806,"percentBets_3":0.01556420233463035},"output":{"chips":0}},
{"input":{"Win":0,"Lose":0.0033333333333333335,"myCurrBet":0.0033333333333333335,"step":0,"position":0.3333333333333333,"bluff":0,"percentBets_2":0.023952095808383235,"handValue":0.500000000009,"percentBets_3":0.015209125475285171},"output":{"chips":0.5}},
{"input":{"Win":0,"Lose":0.0033333333333333335,"myCurrBet":0.006666666666666667,"step":0,"position":0.3333333333333333,"bluff":1,"handValue":0.500000000009,"percentBets_2":0.04790419161676647,"percentBets_3":0.030418250950570342},"output":{"chips":1}},
{"input":{"Win":0,"Lose":0.0033333333333333335,"myCurrBet":0.02666666666666667,"step":0,"position":0.3333333333333333,"bluff":0,"handValue":0.500000000009,"percentBets_2":0.19161676646706588,"percentBets_3":0.12167300380228137},"output":{"chips":0}},
{"input":{"Win":0,"Lose":0.05333333333333334,"myCurrBet":0.0033333333333333335,"step":0,"position":0.3333333333333333,"bluff":0,"percentBets_2":0.018604651162790697,"handValue":0.10070000000000001,"percentBets_3":0.017316017316017316},"output":{"chips":1}},
{"input":{"Win":0,"Lose":0.05333333333333334,"myCurrBet":0.02666666666666667,"step":0.25,"position":0.3333333333333333,"bluff":0,"handValue":0.10260000000000001,"percentBets_2":0.07441860465116279,"percentBets_3":0.06926406926406926},"output":{"chips":0.5}},
{"input":{"Win":0,"Lose":0.05333333333333334,"myCurrBet":0.02666666666666667,"step":0.5,"position":0.3333333333333333,"bluff":0,"handValue":0.10360000000000001,"percentBets_2":0.07441860465116279,"percentBets_3":0.06926406926406926},"output":{"chips":0}},
{"input":{"Win":0,"Lose":0.05333333333333334,"myCurrBet":0.02666666666666667,"step":0.5,"position":0.3333333333333333,"bluff":0,"handValue":0.10360000000000001,"percentBets_2":0.07441860465116279,"percentBets_3":0.06926406926406926},"output":{"chips":0}},
{"input":{"Win":0,"Lose":0.05333333333333334,"myCurrBet":0.013333333333333334,"step":0,"position":0.3333333333333333,"bluff":0,"handValue":0.10070000000000001,"percentBets_2":0.07441860465116279,"percentBets_3":0.06926406926406926},"output":{"chips":0.5}},
{"input":{"Win":0.06926406926406926,"Lose":0,"myCurrBet":0.0033333333333333335,"step":0,"position":0.3333333333333333,"bluff":0,"percentBets_2":0.016194331983805668,"handValue":0.10160000000000001,"percentBets_3":0.018604651162790697},"output":{"chips":1}},
{"input":{"Win":0.06926406926406926,"Lose":0,"myCurrBet":0.02666666666666667,"step":0.25,"position":0.3333333333333333,"bluff":0,"handValue":0.10250000000000001,"percentBets_2":0.06477732793522267,"percentBets_3":0.07441860465116279},"output":{"chips":0}},
{"input":{"Win":0.06926406926406926,"Lose":0,"myCurrBet":0.013333333333333334,"step":0,"position":0.3333333333333333,"bluff":1,"handValue":0.10160000000000001,"percentBets_2":0.06477732793522267,"percentBets_3":0.07441860465116279},"output":{"chips":0.5}},
{"input":{"Win":0.06926406926406926,"Lose":0,"myCurrBet":0.02666666666666667,"step":0.25,"position":0.3333333333333333,"bluff":0,"handValue":0.10250000000000001,"percentBets_2":0.06477732793522267,"percentBets_3":0.07441860465116279},"output":{"chips":0}},
{"input":{"Win":0.06926406926406926,"Lose":0,"myCurrBet":0.02666666666666667,"step":0.25,"position":0.3333333333333333,"bluff":0,"handValue":0.1033,"percentBets_2":0.06477732793522267,"percentBets_3":0.07441860465116279},"output":{"chips":0}},
{"input":{"Win":0,"Lose":0.02666666666666667,"myCurrBet":0.0033333333333333335,"step":0,"position":0.3333333333333333,"bluff":0,"percentBets_2":0.017316017316017316,"handValue":0.1,"percentBets_3":0.020100502512562814},"output":{"chips":1}},
{"input":{"Win":0,"Lose":0.02666666666666667,"myCurrBet":0.013333333333333334,"step":0,"position":0.3333333333333333,"bluff":0,"handValue":0.1,"percentBets_2":0.06926406926406926,"percentBets_3":0.08040201005025126},"output":{"chips":0.5}},
{"input":{"Win":0,"Lose":0.02666666666666667,"myCurrBet":0.02666666666666667,"step":0.25,"position":0.3333333333333333,"bluff":0,"handValue":0.30000011010399996,"percentBets_2":0.06926406926406926,"percentBets_3":0.08040201005025126},"output":{"chips":0}},
{"input":{"Win":0,"Lose":0.02666666666666667,"myCurrBet":0.02666666666666667,"step":0.25,"position":0.3333333333333333,"bluff":0,"handValue":0.30000011010399996,"percentBets_2":0.06926406926406926,"percentBets_3":0.08040201005025126},"output":{"chips":0}},
{"input":{"Win":0,"Lose":0.02666666666666667,"myCurrBet":0.02666666666666667,"step":0.25,"position":0.3333333333333333,"bluff":0,"handValue":0.7000000011009999,"percentBets_2":0.06926406926406926,"percentBets_3":0.08040201005025126},"output":{"chips":0}},
{"input":{"Win":0,"Lose":0,"myCurrBet":0.013333333333333334,"step":0,"position":0.3333333333333333,"bluff":0,"handValue":0.10070000000000001,"percentBets_2":0.07441860465116279,"percentBets_3":0.06926406926406926},"output":{"chips":0.5}},
{"input":{"Win":0,"Lose":0,"myCurrBet":0.03333333333333333,"step":0.25,"position":0.3333333333333333,"bluff":0,"handValue":0.101,"percentBets_2":0.11162790697674418,"percentBets_3":0.1038961038961039},"output":{"chips":0}},
{"input":{"Win":0,"Lose":0,"myCurrBet":0.02666666666666667,"step":0.25,"position":0.3333333333333333,"bluff":1,"handValue":0.101,"percentBets_2":0.07441860465116279,"percentBets_3":0.06926406926406926},"output":{"chips":1}},
{"input":{"Win":0,"Lose":0,"myCurrBet":0.0033333333333333335,"step":0,"position":0.3333333333333333,"bluff":1,"percentBets_2":0.018604651162790697,"handValue":0.10070000000000001,"percentBets_3":0.017316017316017316},"output":{"chips":1}},
{"input":{"Win":0,"Lose":0.07333333333333333,"myCurrBet":0.0033333333333333335,"step":0,"position":0.3333333333333333,"bluff":0,"percentBets_2":0.020942408376963352,"handValue":0.10120000000000001,"percentBets_3":0.014545454545454545},"output":{"chips":1}},
{"input":{"Win":0,"Lose":0.07333333333333333,"myCurrBet":0.02,"step":0,"position":0.3333333333333333,"bluff":0,"handValue":0.10120000000000001,"percentBets_2":0.1256544502617801,"percentBets_3":0.08727272727272728},"output":{"chips":0.5}},
{"input":{"Win":0,"Lose":0.07333333333333333,"myCurrBet":0.04,"step":0.25,"position":0.3333333333333333,"bluff":0,"handValue":0.1015,"percentBets_2":0.1256544502617801,"percentBets_3":0.08727272727272728},"output":{"chips":0}},
{"input":{"Win":0,"Lose":0.07333333333333333,"myCurrBet":0.04,"step":0.25,"position":0.3333333333333333,"bluff":0,"handValue":0.1015,"percentBets_2":0.1256544502617801,"percentBets_3":0.08727272727272728},"output":{"chips":0}},
{"input":{"Win":0,"Lose":0.07333333333333333,"myCurrBet":0.04,"step":0.25,"position":0.3333333333333333,"bluff":0,"handValue":0.10210000000000001,"percentBets_2":0.1256544502617801,"percentBets_3":0.08727272727272728},"output":{"chips":0}},
{"input":{"Win":0.0653061224489796,"Lose":0,"myCurrBet":0.013333333333333334,"step":0,"position":0.3333333333333333,"bluff":0,"handValue":0.10110000000000001,"percentBets_2":0.06694560669456066,"percentBets_3":0.06374501992031872},"output":{"chips":0.5}},
{"input":{"Win":0.0653061224489796,"Lose":0,"myCurrBet":0.0033333333333333335,"step":0,"position":0.3333333333333333,"bluff":1,"percentBets_2":0.016736401673640166,"handValue":0.10110000000000001,"percentBets_3":0.01593625498007968},"output":{"chips":1}},
{"input":{"Win":0.0653061224489796,"Lose":0,"myCurrBet":0.02666666666666667,"step":0.25,"position":0.3333333333333333,"bluff":0,"handValue":0.1046,"percentBets_2":0.06694560669456066,"percentBets_3":0.06374501992031872},"output":{"chips":0.5}},
{"input":{"Win":0.0653061224489796,"Lose":0,"myCurrBet":0.02666666666666667,"step":0.5,"position":0.3333333333333333,"bluff":0,"handValue":0.10400000000000001,"percentBets_2":0.06694560669456066,"percentBets_3":0.06374501992031872},"output":{"chips":0}},
{"input":{"Win":0.0653061224489796,"Lose":0,"myCurrBet":0.02666666666666667,"step":0.5,"position":0.3333333333333333,"bluff":0,"handValue":0.10400000000000001,"percentBets_2":0.06694560669456066,"percentBets_3":0.06374501992031872},"output":{"chips":0}},
{"input":{"Win":0,"Lose":0,"myCurrBet":0.0033333333333333335,"step":0,"position":0.3333333333333333,"bluff":0,"percentBets_2":0.017937219730941704,"handValue":0.10160000000000001,"percentBets_3":0.01702127659574468},"output":{"chips":1}},
{"input":{"Win":0,"Lose":0,"myCurrBet":0.05333333333333334,"step":0,"position":0.3333333333333333,"bluff":0,"handValue":0.10160000000000001,"percentBets_2":0.28699551569506726,"percentBets_3":0.2723404255319149},"output":{"chips":0}},
{"input":{"Win":0,"Lose":0,"myCurrBet":0.02,"step":0,"position":0.3333333333333333,"bluff":1,"handValue":0.10160000000000001,"percentBets_2":0.10762331838565023,"percentBets_3":0.10212765957446808},"output":{"chips":1}},
{"input":{"Win":0,"Lose":0.10666666666666667,"myCurrBet":0.0033333333333333335,"step":0,"position":0.3333333333333333,"bluff":0,"percentBets_2":0.012539184952978056,"handValue":0.1017,"percentBets_3":0.023391812865497075},"output":{"chips":1}},
{"input":{"Win":0,"Lose":0.10666666666666667,"myCurrBet":0.02666666666666667,"step":0,"position":0.3333333333333333,"bluff":0,"handValue":0.1017,"percentBets_2":0.10031347962382445,"percentBets_3":0.1871345029239766},"output":{"chips":0.5}},
{"input":{"Win":0,"Lose":0.10666666666666667,"myCurrBet":0.05333333333333334,"step":0.25,"position":0.3333333333333333,"bluff":0,"handValue":0.1043,"percentBets_2":0.10031347962382445,"percentBets_3":0.1871345029239766},"output":{"chips":0}},
{"input":{"Win":0,"Lose":0.10666666666666667,"myCurrBet":0.05333333333333334,"step":0.25,"position":0.3333333333333333,"bluff":0,"handValue":0.1046,"percentBets_2":0.10031347962382445,"percentBets_3":0.1871345029239766},"output":{"chips":0}},
{"input":{"Win":0,"Lose":0.10666666666666667,"myCurrBet":0.05333333333333334,"step":0.25,"position":0.3333333333333333,"bluff":0,"handValue":0.1043,"percentBets_2":0.10031347962382445,"percentBets_3":0.1871345029239766},"output":{"chips":0}},
{"input":{"Win":0,"Lose":0,"myCurrBet":0.0033333333333333335,"step":0,"position":0.3333333333333333,"bluff":0,"percentBets_2":0.013937282229965157,"handValue":0.600603,"percentBets_3":0.01702127659574468},"output":{"chips":0}},
{"input":{"Win":0,"Lose":0.03,"myCurrBet":0.0033333333333333335,"step":0,"position":0.3333333333333333,"bluff":0,"percentBets_2":0.014134275618374558,"handValue":0.1013,"percentBets_3":0.016597510373443983},"output":{"chips":1}},
{"input":{"Win":0,"Lose":0.03,"myCurrBet":0.013333333333333334,"step":0,"position":0.3333333333333333,"bluff":1,"handValue":0.1013,"percentBets_2":0.05653710247349823,"percentBets_3":0.06639004149377593},"output":{"chips":0.5}},
{"input":{"Win":0,"Lose":0.03,"myCurrBet":0.02666666666666667,"step":0.25,"position":0.3333333333333333,"bluff":0,"handValue":0.1039,"percentBets_2":0.05653710247349823,"percentBets_3":0.06639004149377593},"output":{"chips":0.5}},
{"input":{"Win":0,"Lose":0.03,"myCurrBet":0.02666666666666667,"step":0.5,"position":0.3333333333333333,"bluff":0,"handValue":0.10360000000000001,"percentBets_2":0.05653710247349823,"percentBets_3":0.06639004149377593},"output":{"chips":0}},
{"input":{"Win":0,"Lose":0.03,"myCurrBet":0.02666666666666667,"step":0.5,"position":0.3333333333333333,"bluff":0,"handValue":0.10360000000000001,"percentBets_2":0.05653710247349823,"percentBets_3":0.06639004149377593},"output":{"chips":0}},
{"input":{"Win":0.14814814814814814,"Lose":0,"myCurrBet":0.0033333333333333335,"step":0,"position":0.3333333333333333,"bluff":0,"percentBets_2":0.0149812734082397,"handValue":0.1,"percentBets_3":0.014652014652014652},"output":{"chips":1}},
{"input":{"Win":0.14814814814814814,"Lose":0,"myCurrBet":0.013333333333333334,"step":0,"position":0.3333333333333333,"bluff":0,"handValue":0.1,"percentBets_2":0.0599250936329588,"percentBets_3":0.05860805860805861},"output":{"chips":1}},
{"input":{"Win":0.14814814814814814,"Lose":0,"myCurrBet":0.03333333333333333,"step":0,"position":0.3333333333333333,"bluff":1,"handValue":0.1,"percentBets_2":0.149812734082397,"percentBets_3":0.14652014652014653},"output":{"chips":0.5}},
{"input":{"Win":0.14814814814814814,"Lose":0,"myCurrBet":0.06666666666666667,"step":0.25,"position":0.3333333333333333,"bluff":1,"handValue":0.10200000000000001,"percentBets_2":0.149812734082397,"percentBets_3":0.14652014652014653},"output":{"chips":0.5}},
{"input":{"Win":0.14814814814814814,"Lose":0,"myCurrBet":0.06666666666666667,"step":0.5,"position":0.3333333333333333,"bluff":0,"handValue":0.10210000000000001,"percentBets_2":0.149812734082397,"percentBets_3":0.14652014652014653},"output":{"chips":0}},
{"input":{"Win":0.14814814814814814,"Lose":0,"myCurrBet":0.06666666666666667,"step":0.5,"position":0.3333333333333333,"bluff":0,"handValue":0.10210000000000001,"percentBets_2":0.149812734082397,"percentBets_3":0.14652014652014653},"output":{"chips":0}},
{"input":{"Win":0,"Lose":0.04,"myCurrBet":0.0033333333333333335,"step":0,"position":0.3333333333333333,"bluff":0,"percentBets_2":0.01762114537444934,"handValue":0.1019,"percentBets_3":0.017167381974248927},"output":{"chips":1}},
{"input":{"Win":0,"Lose":0.04,"myCurrBet":0.02,"step":0,"position":0.3333333333333333,"bluff":0,"handValue":0.1019,"percentBets_2":0.10572687224669604,"percentBets_3":0.10300429184549356},"output":{"chips":0.5}},
{"input":{"Win":0,"Lose":0.04,"myCurrBet":0.04,"step":0.25,"position":0.3333333333333333,"bluff":0,"handValue":0.1037,"percentBets_2":0.10572687224669604,"percentBets_3":0.10300429184549356},"output":{"chips":0}},
{"input":{"Win":0,"Lose":0.04,"myCurrBet":0.04,"step":0.25,"position":0.3333333333333333,"bluff":0,"handValue":0.1037,"percentBets_2":0.10572687224669604,"percentBets_3":0.10300429184549356},"output":{"chips":0}},
{"input":{"Win":0,"Lose":0.04,"myCurrBet":0.04,"step":0.25,"position":0.3333333333333333,"bluff":0,"handValue":0.10500000000000001,"percentBets_2":0.10572687224669604,"percentBets_3":0.10300429184549356},"output":{"chips":0}},
{"input":{"Win":0,"Lose":0.06,"myCurrBet":0.01,"step":0,"position":0.3333333333333333,"bluff":0,"handValue":0.1019,"percentBets_2":0.04363636363636364,"percentBets_3":0.05741626794258373},"output":{"chips":1}},
{"input":{"Win":0,"Lose":0.06,"myCurrBet":0.005,"step":0,"position":0.3333333333333333,"bluff":1,"percentBets_2":0.02181818181818182,"handValue":0.1019,"percentBets_3":0.028708133971291867},"output":{"chips":0.5}},
{"input":{"Win":0,"Lose":0.06,"myCurrBet":0.03,"step":0,"position":0.3333333333333333,"bluff":1,"handValue":0.1019,"percentBets_2":0.13090909090909092,"percentBets_3":0.1722488038277512},"output":{"chips":0.5}},
{"input":{"Win":0,"Lose":0.06,"myCurrBet":0.06,"step":0.25,"position":0.3333333333333333,"bluff":0,"handValue":0.1039,"percentBets_2":0.13090909090909092,"percentBets_3":0.1722488038277512},"output":{"chips":0}},
{"input":{"Win":0,"Lose":0.06,"myCurrBet":0.06,"step":0.25,"position":0.3333333333333333,"bluff":0,"handValue":0.10500000000000001,"percentBets_2":0.13090909090909092,"percentBets_3":0.1722488038277512},"output":{"chips":0}},
{"input":{"Win":0,"Lose":0.06,"myCurrBet":0.06,"step":0.25,"position":0.3333333333333333,"bluff":0,"handValue":0.1039,"percentBets_2":0.13090909090909092,"percentBets_3":0.1722488038277512},"output":{"chips":0}},
{"input":{"Win":0,"Lose":0,"myCurrBet":0.005,"step":0,"position":0.3333333333333333,"bluff":0,"percentBets_2":0.01729106628242075,"handValue":0.1015,"percentBets_3":0.03468208092485549},"output":{"chips":1}},
{"input":{"Win":0,"Lose":0,"myCurrBet":0.04,"step":0,"position":0.3333333333333333,"bluff":0,"handValue":0.1015,"percentBets_2":0.138328530259366,"percentBets_3":0.2774566473988439},"output":{"chips":0}},
{"input":{"Win":0,"Lose":0.1,"myCurrBet":0.03,"step":0,"position":0.3333333333333333,"bluff":0,"handValue":0.1013,"percentBets_2":0.12040133779264214,"percentBets_3":0.1469387755102041},"output":{"chips":0.5}},
{"input":{"Win":0,"Lose":0.1,"myCurrBet":0.005,"step":0,"position":0.3333333333333333,"bluff":0,"percentBets_2":0.020066889632107024,"handValue":0.1013,"percentBets_3":0.024489795918367346},"output":{"chips":1}},
{"input":{"Win":0,"Lose":0.1,"myCurrBet":0.06,"step":0.25,"position":0.3333333333333333,"bluff":0,"handValue":0.1027,"percentBets_2":0.12040133779264214,"percentBets_3":0.1469387755102041},"output":{"chips":0}},
{"input":{"Win":0,"Lose":0.1,"myCurrBet":0.06,"step":0.25,"position":0.3333333333333333,"bluff":0,"handValue":0.1027,"percentBets_2":0.12040133779264214,"percentBets_3":0.1469387755102041},"output":{"chips":0}},
{"input":{"Win":0,"Lose":0.1,"myCurrBet":0.06,"step":0.25,"position":0.3333333333333333,"bluff":1,"handValue":0.10310000000000001,"percentBets_2":0.12040133779264214,"percentBets_3":0.1469387755102041},"output":{"chips":0.5}},
{"input":{"Win":0,"Lose":0.03333333333333333,"myCurrBet":0.005,"step":0,"position":0.3333333333333333,"bluff":1,"percentBets_2":0.016172506738544475,"handValue":0.101,"percentBets_3":0.028708133971291867},"output":{"chips":1}},
{"input":{"Win":0,"Lose":0.03333333333333333,"myCurrBet":0.02,"step":0,"position":0.3333333333333333,"bluff":0,"handValue":0.101,"percentBets_2":0.0646900269541779,"percentBets_3":0.11483253588516747},"output":{"chips":0.5}},
{"input":{"Win":0,"Lose":0.03333333333333333,"myCurrBet":0.03333333333333333,"step":0.25,"position":0.3333333333333333,"bluff":0,"handValue":0.10410000000000001,"percentBets_2":0.1078167115902965,"percentBets_3":0.19138755980861244},"output":{"chips":0}},
{"input":{"Win":0,"Lose":0.03333333333333333,"myCurrBet":0.03333333333333333,"step":0.25,"position":0.3333333333333333,"bluff":0,"handValue":0.1029,"percentBets_2":0.1078167115902965,"percentBets_3":0.19138755980861244},"output":{"chips":0}},
{"input":{"Win":0,"Lose":0.03333333333333333,"myCurrBet":0.03333333333333333,"step":0.25,"position":0.3333333333333333,"bluff":0,"handValue":0.10410000000000001,"percentBets_2":0.1078167115902965,"percentBets_3":0.19138755980861244},"output":{"chips":0}},
