{"input":{"Win":0,"Lose":0,"myCurrBet":0.0016666666666666668,"step":0,"position":0.25,"bluff":0,"percentBets_2":0.013333333333333334,"handValue":0.10070000000000001,"percentBets_3":0.02666666666666667,"percentBets_4":0.02666666666666667},"output":{"chips":1}},
{"input":{"Win":0,"Lose":0,"myCurrBet":0.016666666666666666,"step":0,"position":0.25,"bluff":0,"handValue":0.10070000000000001,"percentBets_2":0.10666666666666667,"percentBets_3":0.21333333333333335,"percentBets_4":0.21333333333333335},"output":{"chips":0}},
{"input":{"Win":0,"Lose":0.016666666666666666,"myCurrBet":0.013333333333333334,"step":0,"position":0.25,"bluff":0,"handValue":0.10200000000000001,"percentBets_2":0.0847457627118644,"percentBets_3":0.1694915254237288,"percentBets_4":0.08928571428571429},"output":{"chips":0}},
{"input":{"Win":0,"Lose":0.016666666666666666,"myCurrBet":0.0016666666666666668,"step":0,"position":0.25,"bluff":0,"percentBets_2":0.01694915254237288,"handValue":0.10200000000000001,"percentBets_3":0.03389830508474576,"percentBets_4":0.017857142857142856},"output":{"chips":1}},
{"input":{"Win":0,"Lose":0.013333333333333334,"myCurrBet":0.01,"step":0,"position":0.25,"bluff":0,"handValue":0.10210000000000001,"percentBets_2":0.10416666666666667,"percentBets_3":0.2127659574468085,"percentBets_4":0.07194244604316546},"output":{"chips":0}},
{"input":{"Win":0,"Lose":0.013333333333333334,"myCurrBet":0.0016666666666666668,"step":0,"position":0.25,"bluff":0,"percentBets_2":0.020833333333333332,"handValue":0.10210000000000001,"percentBets_3":0.0425531914893617,"percentBets_4":0.014388489208633094},"output":{"chips":1}},
{"input":{"Win":0,"Lose":0.01,"myCurrBet":0.0016666666666666668,"step":0,"position":0.25,"bluff":0,"percentBets_2":0.02702702702702703,"handValue":0.6013069999999999,"percentBets_3":0.024096385542168676,"percentBets_4":0.017094017094017096},"output":{"chips":0}},
{"input":{"Win":0,"Lose":0.035,"myCurrBet":0.0016666666666666668,"step":0,"position":0.25,"bluff":0,"percentBets_2":0.037037037037037035,"handValue":0.10210000000000001,"percentBets_3":0.01932367149758454,"percentBets_4":0.018691588785046728},"output":{"chips":1}},
{"input":{"Win":0,"Lose":0.035,"myCurrBet":0.03333333333333333,"step":0.25,"position":0.25,"bluff":0,"handValue":0.1038,"percentBets_2":0,"percentBets_3":0.0966183574879227,"percentBets_4":0.09345794392523364},"output":{"chips":0}},
{"input":{"Win":0,"Lose":0.035,"myCurrBet":0.013333333333333334,"step":0,"position":0.25,"bluff":0,"handValue":0.10210000000000001,"percentBets_2":0.18518518518518517,"percentBets_3":0.0966183574879227,"percentBets_4":0.09345794392523364},"output":{"chips":0.5}},
{"input":{"Win":0,"Lose":0.035,"myCurrBet":0.03333333333333333,"step":0.25,"position":0.25,"bluff":0,"handValue":0.1038,"percentBets_3":0.0966183574879227,"percentBets_4":0.09345794392523364},"output":{"chips":0}},
{"input":{"Win":0,"Lose":0.035,"myCurrBet":0.03333333333333333,"step":0.25,"position":0.25,"bluff":1,"handValue":0.1042,"percentBets_3":0.0966183574879227,"percentBets_4":0.09345794392523364},"output":{"chips":0.5}},
{"input":{"Win":0,"Lose":0,"myCurrBet":0.0016666666666666668,"step":0,"position":0.25,"bluff":0,"percentBets_2":0.045454545454545456,"handValue":0.400000000013,"percentBets_3":0.01556420233463035,"percentBets_4":0.020618556701030927},"output":{"chips":0.5}},
{"input":{"Win":0,"Lose":0,"myCurrBet":0.03333333333333333,"step":0,"position":0.25,"bluff":0,"handValue":0.400000000013,"percentBets_2":0.5909090909090909,"percentBets_3":0.20233463035019456,"percentBets_4":0.26804123711340205},"output":{"chips":0}},
{"input":{"Win":0,"Lose":0,"myCurrBet":0.006666666666666667,"step":0,"position":0.25,"bluff":1,"handValue":0.400000000013,"percentBets_2":0.18181818181818182,"percentBets_3":0.0622568093385214,"percentBets_4":0.08247422680412371},"output":{"chips":1}},
{"input":{"Win":0,"Lose":0.03333333333333333,"myCurrBet":0.0016666666666666668,"step":0,"position":0.25,"bluff":0,"percentBets_2":0.1111111111111111,"handValue":0.1018,"percentBets_3":0.01951219512195122,"percentBets_4":0.0136986301369863},"output":{"chips":0.5}},
{"input":{"Win":0,"Lose":0.03333333333333333,"myCurrBet":0.02,"step":0,"position":0.25,"bluff":0,"handValue":0.1018,"percentBets_2":0.7777777777777778,"percentBets_3":0.13658536585365855,"percentBets_4":0.0958904109589041},"output":{"chips":0}},
{"input":{"Win":0,"Lose":0.03333333333333333,"myCurrBet":0.006666666666666667,"step":0,"position":0.25,"bluff":0,"handValue":0.1018,"percentBets_2":0.3333333333333333,"percentBets_3":0.05853658536585366,"percentBets_4":0.0410958904109589},"output":{"chips":0.5}},
{"input":{"Win":0,"Lose":0.02,"myCurrBet":0.0016666666666666668,"step":0,"position":0.3333333333333333,"bluff":0,"percentBets_2":0.0076045627376425855,"handValue":0.601104,"percentBets_3":0.007575757575757576},"output":{"chips":0}},
{"input":{"Win":0,"Lose":0.0016666666666666668,"myCurrBet":0.0016666666666666668,"step":0,"position":0.3333333333333333,"bluff":0,"percentBets_2":0.007662835249042145,"handValue":0.601205,"percentBets_3":0.00749063670411985},"output":{"chips":0}},
{"input":{"Win":0.10416666666666667,"Lose":0,"myCurrBet":0.0016666666666666668,"step":0,"position":0.3333333333333333,"bluff":0,"percentBets_2":0.007722007722007722,"handValue":0.1008,"percentBets_3":0.007407407407407408},"output":{"chips":1}},
{"input":{"Win":0.10416666666666667,"Lose":0,"myCurrBet":0.006666666666666667,"step":0,"position":0.3333333333333333,"bluff":0,"handValue":0.1008,"percentBets_2":0.03088803088803089,"percentBets_3":0.02962962962962963},"output":{"chips":1}},
{"input":{"Win":0.10416666666666667,"Lose":0,"myCurrBet":0.04666666666666667,"step":0.25,"position":0.3333333333333333,"bluff":0,"handValue":0.10160000000000001,"percentBets_2":0.10810810810810811,"percentBets_3":0.1037037037037037},"output":{"chips":0}},
{"input":{"Win":0.10416666666666667,"Lose":0,"myCurrBet":0.023333333333333334,"step":0,"position":0.3333333333333333,"bluff":0,"handValue":0.1008,"percentBets_2":0.10810810810810811,"percentBets_3":0.1037037037037037},"output":{"chips":0.5}},
{"input":{"Win":0.10416666666666667,"Lose":0,"myCurrBet":0.04666666666666667,"step":0.25,"position":0.3333333333333333,"bluff":0,"handValue":0.30000006021,"percentBets_2":0.10810810810810811,"percentBets_3":0.1037037037037037},"output":{"chips":0}},
{"input":{"Win":0.10416666666666667,"Lose":0,"myCurrBet":0.04666666666666667,"step":0.25,"position":0.3333333333333333,"bluff":0,"handValue":0.10160000000000001,"percentBets_2":0.10810810810810811,"percentBets_3":0.1037037037037037},"output":{"chips":0}},
{"input":{"Win":0,"Lose":0.013333333333333334,"myCurrBet":0.0016666666666666668,"step":0,"position":0.3333333333333333,"bluff":0,"percentBets_2":0.008658008658008658,"handValue":0.1019,"percentBets_3":0.008264462809917356},"output":{"chips":1}},
{"input":{"Win":0,"Lose":0.013333333333333334,"myCurrBet":0.006666666666666667,"step":0,"position":0.3333333333333333,"bluff":1,"handValue":0.1019,"percentBets_2":0.03463203463203463,"percentBets_3":0.03305785123966942},"output":{"chips":0.5}},
{"input":{"Win":0,"Lose":0.013333333333333334,"myCurrBet":0.013333333333333334,"step":0.5,"position":0.3333333333333333,"bluff":0,"handValue":0.1039,"percentBets_2":0.03463203463203463,"percentBets_3":0.03305785123966942},"output":{"chips":0}},
{"input":{"Win":0,"Lose":0.013333333333333334,"myCurrBet":0.013333333333333334,"step":0.25,"position":0.3333333333333333,"bluff":0,"handValue":0.1028,"percentBets_2":0.03463203463203463,"percentBets_3":0.03305785123966942},"output":{"chips":0.5}},
{"input":{"Win":0,"Lose":0.013333333333333334,"myCurrBet":0.013333333333333334,"step":0.5,"position":0.3333333333333333,"bluff":0,"handValue":0.1039,"percentBets_2":0.03463203463203463,"percentBets_3":0.03305785123966942},"output":{"chips":0}},
{"input":{"Win":0,"Lose":0,"myCurrBet":0.0016666666666666668,"step":0,"position":0.3333333333333333,"bluff":0,"percentBets_2":0.008097165991902834,"handValue":0.500000000007,"percentBets_3":0.008547008547008548},"output":{"chips":1}},
{"input":{"Win":0,"Lose":0,"myCurrBet":0.006666666666666667,"step":0,"position":0.3333333333333333,"bluff":0,"handValue":0.500000000007,"percentBets_2":0.032388663967611336,"percentBets_3":0.03418803418803419},"output":{"chips":0}},
{"input":{"Win":0.058212058212058215,"Lose":0,"myCurrBet":0.0016666666666666668,"step":0,"position":0.3333333333333333,"bluff":0,"percentBets_2":0.007722007722007722,"handValue":0.1018,"percentBets_3":0.008849557522123894},"output":{"chips":1}},
{"input":{"Win":0.058212058212058215,"Lose":0,"myCurrBet":0.02666666666666667,"step":0.25,"position":0.3333333333333333,"bluff":0,"handValue":0.1017,"percentBets_2":0.06177606177606178,"percentBets_3":0.07079646017699115},"output":{"chips":0}},
{"input":{"Win":0.058212058212058215,"Lose":0,"myCurrBet":0.013333333333333334,"step":0,"position":0.3333333333333333,"bluff":0,"handValue":0.1018,"percentBets_2":0.06177606177606178,"percentBets_3":0.07079646017699115},"output":{"chips":0.5}},
{"input":{"Win":0.058212058212058215,"Lose":0,"myCurrBet":0.02666666666666667,"step":0.25,"position":0.3333333333333333,"bluff":0,"handValue":0.1017,"percentBets_2":0.06177606177606178,"percentBets_3":0.07079646017699115},"output":{"chips":0}},
{"input":{"Win":0.058212058212058215,"Lose":0,"myCurrBet":0.02666666666666667,"step":0.25,"position":0.3333333333333333,"bluff":1,"handValue":0.40000013100500004,"percentBets_2":0.06177606177606178,"percentBets_3":0.07079646017699115},"output":{"chips":0.5}},
{"input":{"Win":0,"Lose":0,"myCurrBet":0.0016666666666666668,"step":0,"position":0.3333333333333333,"bluff":0,"percentBets_2":0.00823045267489712,"handValue":0.601001,"percentBets_3":0.009523809523809525},"output":{"chips":0}},
{"input":{"Win":0,"Lose":0.028333333333333332,"myCurrBet":0.0016666666666666668,"step":0,"position":0.3333333333333333,"bluff":0,"percentBets_2":0.008298755186721992,"handValue":0.1,"percentBets_3":0.009389671361502348},"output":{"chips":1}},
{"input":{"Win":0,"Lose":0.028333333333333332,"myCurrBet":0.013333333333333334,"step":0,"position":0.3333333333333333,"bluff":1,"handValue":0.1,"percentBets_2":0.06639004149377593,"percentBets_3":0.07511737089201878},"output":{"chips":0.5}},
{"input":{"Win":0,"Lose":0.028333333333333332,"myCurrBet":0.02666666666666667,"step":0.25,"position":0.3333333333333333,"bluff":0,"handValue":0.10250000000000001,"percentBets_2":0.06639004149377593,"percentBets_3":0.07511737089201878},"output":{"chips":0}},
{"input":{"Win":0,"Lose":0.028333333333333332,"myCurrBet":0.02666666666666667,"step":0.25,"position":0.3333333333333333,"bluff":0,"handValue":0.10250000000000001,"percentBets_2":0.06639004149377593,"percentBets_3":0.07511737089201878},"output":{"chips":0}},
{"input":{"Win":0,"Lose":0.028333333333333332,"myCurrBet":0.02666666666666667,"step":0.25,"position":0.3333333333333333,"bluff":1,"handValue":0.10260000000000001,"percentBets_2":0.06639004149377593,"percentBets_3":0.07511737089201878},"output":{"chips":0.5}},
{"input":{"Win":0,"Lose":0.06666666666666667,"myCurrBet":0.0033333333333333335,"step":0,"position":0.3333333333333333,"bluff":1,"percentBets_2":0.017777777777777778,"handValue":0.10110000000000001,"percentBets_3":0.0163265306122449},"output":{"chips":0.5}},
{"input":{"Win":0,"Lose":0.06666666666666667,"myCurrBet":0.006666666666666667,"step":0,"position":0.3333333333333333,"bluff":0,"handValue":0.10110000000000001,"percentBets_2":0.035555555555555556,"percentBets_3":0.0326530612244898},"output":{"chips":1}},
{"input":{"Win":0,"Lose":0.06666666666666667,"myCurrBet":0.03333333333333333,"step":0,"position":0.3333333333333333,"bluff":0,"handValue":0.10110000000000001,"percentBets_2":0.17777777777777778,"percentBets_3":0.16326530612244897},"output":{"chips":0.5}},
{"input":{"Win":0,"Lose":0.06666666666666667,"myCurrBet":0.06666666666666667,"step":0.25,"position":0.3333333333333333,"bluff":0,"handValue":0.10360000000000001,"percentBets_2":0.17777777777777778,"percentBets_3":0.16326530612244897},"output":{"chips":0}},
{"input":{"Win":0,"Lose":0.06666666666666667,"myCurrBet":0.06666666666666667,"step":0.25,"position":0.3333333333333333,"bluff":0,"handValue":0.10360000000000001,"percentBets_2":0.17777777777777778,"percentBets_3":0.16326530612244897},"output":{"chips":0}},
{"input":{"Win":0,"Lose":0.06666666666666667,"myCurrBet":0.06666666666666667,"step":0.25,"position":0.3333333333333333,"bluff":0,"handValue":0.1029,"percentBets_2":0.17777777777777778,"percentBets_3":0.16326530612244897},"output":{"chips":0}},
{"input":{"Win":0,"Lose":0.05333333333333334,"myCurrBet":0.0033333333333333335,"step":0,"position":0.3333333333333333,"bluff":1,"percentBets_2":0.013114754098360656,"handValue":0.10070000000000001,"percentBets_3":0.01951219512195122},"output":{"chips":0.5}},
{"input":{"Win":0,"Lose":0.05333333333333334,"myCurrBet":0.006666666666666667,"step":0,"position":0.3333333333333333,"bluff":0,"handValue":0.10070000000000001,"percentBets_2":0.02622950819672131,"percentBets_3":0.03902439024390244},"output":{"chips":1}},
{"input":{"Win":0,"Lose":0.05333333333333334,"myCurrBet":0.05333333333333334,"step":0.25,"position":0.3333333333333333,"bluff":0,"handValue":0.10310000000000001,"percentBets_2":0.10491803278688525,"percentBets_3":0.15609756097560976},"output":{"chips":0}},
{"input":{"Win":0,"Lose":0.05333333333333334,"myCurrBet":0.02666666666666667,"step":0,"position":0.3333333333333333,"bluff":0,"handValue":0.10070000000000001,"percentBets_2":0.10491803278688525,"percentBets_3":0.15609756097560976},"output":{"chips":0.5}},
{"input":{"Win":0,"Lose":0.05333333333333334,"myCurrBet":0.05333333333333334,"step":0.25,"position":0.3333333333333333,"bluff":0,"handValue":0.10310000000000001,"percentBets_2":0.10491803278688525,"percentBets_3":0.15609756097560976},"output":{"chips":0}},
{"input":{"Win":0,"Lose":0.05333333333333334,"myCurrBet":0.05333333333333334,"step":0.25,"position":0.3333333333333333,"bluff":0,"handValue":0.1023,"percentBets_2":0.10491803278688525,"percentBets_3":0.15609756097560976},"output":{"chips":0}},
{"input":{"Win":0,"Lose":0,"myCurrBet":0.0033333333333333335,"step":0,"position":0.3333333333333333,"bluff":1,"percentBets_2":0.01084010840108401,"handValue":0.10160000000000001,"percentBets_3":0.023121387283236993},"output":{"chips":1}},
{"input":{"Win":0,"Lose":0,"myCurrBet":0.02666666666666667,"step":0,"position":0.3333333333333333,"bluff":0,"handValue":0.10160000000000001,"percentBets_2":0.08672086720867209,"percentBets_3":0.18497109826589594},"output":{"chips":0.5}},
{"input":{"Win":0,"Lose":0,"myCurrBet":0.05333333333333334,"step":0.25,"position":0.3333333333333333,"bluff":1,"handValue":0.1042,"percentBets_2":0.08672086720867209,"percentBets_3":0.18497109826589594},"output":{"chips":1}},
{"input":{"Win":0,"Lose":0,"myCurrBet":0.07333333333333333,"step":0.25,"position":0.3333333333333333,"bluff":0,"handValue":0.1042,"percentBets_2":0.15176151761517614,"percentBets_3":0.3236994219653179},"output":{"chips":0}},
{"input":{"Win":0,"Lose":0.09666666666666666,"myCurrBet":0.0033333333333333335,"step":0,"position":0.3333333333333333,"bluff":1,"percentBets_2":0.012779552715654952,"handValue":0.6006049999999999,"percentBets_3":0.014652014652014652},"output":{"chips":1}},
{"input":{"Win":0,"Lose":0.09666666666666666,"myCurrBet":0.023333333333333334,"step":0.25,"position":0.3333333333333333,"bluff":0,"handValue":0.1027,"percentBets_2":0.08945686900958466,"percentBets_3":0.10256410256410256},"output":{"chips":0}},
{"input":{"Win":0,"Lose":0.09666666666666666,"myCurrBet":0.023333333333333334,"step":0.25,"position":0.3333333333333333,"bluff":0,"handValue":0.1022,"percentBets_2":0.08945686900958466,"percentBets_3":0.10256410256410256},"output":{"chips":0}},
{"input":{"Win":0,"Lose":0.09666666666666666,"myCurrBet":0.023333333333333334,"step":0.25,"position":0.3333333333333333,"bluff":0,"handValue":0.1027,"percentBets_2":0.08945686900958466,"percentBets_3":0.10256410256410256},"output":{"chips":0}},
