{"input":{"Win":0,"Lose":0.02,"myCurrBet":0,"step":0,"position":0.75,"bluff":0,"percentBets_1":0.006666666666666667,"percentBets_2":0.013333333333333334,"handValue":0.1018},"output":{"chips":1}},
{"input":{"Win":0,"Lose":0.02,"myCurrBet":0.006666666666666667,"step":0,"position":0.75,"bluff":0,"handValue":0.1018,"percentBets_4":0.02666666666666667,"percentBets_1":0.04,"percentBets_2":0.08},"output":{"chips":0.5}},
{"input":{"Win":0,"Lose":0.02,"myCurrBet":0.02,"step":0.25,"position":0.75,"bluff":0,"handValue":0.10360000000000001,"percentBets_4":0.08,"percentBets_1":0.08,"percentBets_2":0.08},"output":{"chips":0.5}},
{"input":{"Win":0,"Lose":0.02,"myCurrBet":0.02,"step":0.5,"position":0.75,"bluff":0,"handValue":0.10310000000000001,"percentBets_4":0.08,"percentBets_1":0.08,"percentBets_2":0.08},"output":{"chips":0.5}},
{"input":{"Win":0,"Lose":0.02,"myCurrBet":0.02,"step":0.75,"position":0.75,"bluff":0,"handValue":0.10400000000000001,"percentBets_4":0.08,"percentBets_1":0.08,"percentBets_2":0.08},"output":{"chips":0.5}},
{"input":{"Win":0,"Lose":0.03333333333333333,"myCurrBet":0,"step":0,"position":0.75,"bluff":1,"percentBets_1":0.005376344086021506,"percentBets_2":0.014492753623188406,"handValue":0.500000000009},"output":{"chips":0.5}},
{"input":{"Win":0,"Lose":0.03333333333333333,"myCurrBet":0.03333333333333333,"step":0.5,"position":0.75,"bluff":0,"handValue":0.1027,"percentBets_4":0.14492753623188406,"percentBets_2":0.14492753623188406},"output":{"chips":0.5}},
{"input":{"Win":0,"Lose":0.03333333333333333,"myCurrBet":0.016666666666666666,"step":0,"position":0.75,"bluff":0,"handValue":0.500000000009,"percentBets_4":0.07246376811594203,"percentBets_1":0.053763440860215055,"percentBets_2":0.14492753623188406},"output":{"chips":0.5}},
{"input":{"Win":0,"Lose":0.03333333333333333,"myCurrBet":0.03333333333333333,"step":0.25,"position":0.75,"bluff":1,"handValue":0.1019,"percentBets_4":0.14492753623188406,"percentBets_1":0,"percentBets_2":0.14492753623188406},"output":{"chips":0.5}},
{"input":{"Win":0,"Lose":0.03333333333333333,"myCurrBet":0.03333333333333333,"step":0.75,"position":0.75,"bluff":0,"handValue":0.500000000011,"percentBets_4":0.14492753623188406,"percentBets_2":0.14492753623188406},"output":{"chips":0}},
{"input":{"Win":0,"Lose":0.03333333333333333,"myCurrBet":0.0033333333333333335,"step":0,"position":0.75,"bluff":0,"handValue":0.500000000009,"percentBets_4":0.014492753623188406,"percentBets_1":0.021505376344086023,"percentBets_2":0.057971014492753624},"output":{"chips":1}},
{"input":{"Win":0,"Lose":0.02,"myCurrBet":0,"step":0,"position":0.75,"bluff":0,"percentBets_1":0.005681818181818182,"percentBets_2":0.010638297872340425,"handValue":0.500000000005},"output":{"chips":1}},
{"input":{"Win":0,"Lose":0.02,"myCurrBet":0.02,"step":0.25,"position":0.75,"bluff":0,"handValue":0.300000070503,"percentBets_4":0.1016949152542373,"percentBets_1":0.06818181818181818,"percentBets_2":0.06382978723404255},"output":{"chips":0.5}},
{"input":{"Win":0,"Lose":0.02,"myCurrBet":0.006666666666666667,"step":0,"position":0.75,"bluff":0,"handValue":0.500000000005,"percentBets_4":0.03389830508474576,"percentBets_1":0.03409090909090909,"percentBets_2":0.06382978723404255},"output":{"chips":0.5}},
{"input":{"Win":0,"Lose":0.02,"myCurrBet":0.02,"step":0.5,"position":0.75,"bluff":0,"handValue":0.300000070509,"percentBets_4":0.1016949152542373,"percentBets_1":0.06818181818181818,"percentBets_2":0.06382978723404255},"output":{"chips":0.5}},
{"input":{"Win":0,"Lose":0.02,"myCurrBet":0.02,"step":0.75,"position":0.75,"bluff":0,"handValue":0.300000070509,"percentBets_4":0.1016949152542373,"percentBets_1":0.06818181818181818,"percentBets_2":0.06382978723404255},"output":{"chips":0}},
{"input":{"Win":0,"Lose":0.01,"myCurrBet":0,"step":0,"position":0.75,"bluff":0,"percentBets_1":0.0047169811320754715,"percentBets_2":0.011363636363636364,"handValue":0.500000000011},"output":{"chips":1}},
{"input":{"Win":0,"Lose":0.01,"myCurrBet":0.006666666666666667,"step":0.25,"position":0.75,"bluff":0,"handValue":0.1032,"percentBets_4":0.03773584905660377,"percentBets_1":0,"percentBets_2":0},"output":{"chips":1}},
{"input":{"Win":0,"Lose":0.01,"myCurrBet":0.01,"step":0.5,"position":0.75,"bluff":0,"handValue":0.1042,"percentBets_4":0.05660377358490566},"output":{"chips":0.5}},
{"input":{"Win":0,"Lose":0.01,"myCurrBet":0.01,"step":0.75,"position":0.75,"bluff":0,"handValue":0.10550000000000001,"percentBets_4":0.05660377358490566},"output":{"chips":0.5}},
{"input":{"Win":0,"Lose":0.02,"myCurrBet":0,"step":0,"position":0.75,"bluff":0,"percentBets_1":0.004739336492890996,"percentBets_2":0.011494252873563218,"handValue":0.101},"output":{"chips":1}},
{"input":{"Win":0,"Lose":0.02,"myCurrBet":0.006666666666666667,"step":0,"position":0.75,"bluff":0,"handValue":0.101,"percentBets_4":0.034782608695652174,"percentBets_1":0.02843601895734597,"percentBets_2":0.06896551724137931},"output":{"chips":0.5}},
{"input":{"Win":0,"Lose":0.02,"myCurrBet":0.02,"step":0.25,"position":0.75,"bluff":0,"handValue":0.400000010903,"percentBets_4":0.10434782608695652,"percentBets_1":0.05687203791469194,"percentBets_2":0.06896551724137931},"output":{"chips":0.5}},
{"input":{"Win":0,"Lose":0.02,"myCurrBet":0.02,"step":0.75,"position":0.75,"bluff":1,"handValue":0.400000011009,"percentBets_4":0.10434782608695652,"percentBets_1":0.05687203791469194,"percentBets_2":0.06896551724137931},"output":{"chips":0.5}},
{"input":{"Win":0,"Lose":0.02,"myCurrBet":0.02,"step":0.5,"position":0.75,"bluff":0,"handValue":0.400000010906,"percentBets_4":0.10434782608695652,"percentBets_1":0.05687203791469194,"percentBets_2":0.06896551724137931},"output":{"chips":0.5}},
{"input":{"Win":0.08984375,"Lose":0,"myCurrBet":0,"step":0,"position":0.75,"bluff":0,"percentBets_1":0.004048582995951417,"percentBets_2":0.012345679012345678,"handValue":0.10110000000000001},"output":{"chips":1}},
{"input":{"Win":0.08984375,"Lose":0,"myCurrBet":0.006666666666666667,"step":0,"position":0.75,"bluff":0,"handValue":0.10110000000000001,"percentBets_4":0.038834951456310676,"percentBets_1":0.024291497975708502,"percentBets_2":0.07407407407407407},"output":{"chips":0.5}},
{"input":{"Win":0.08984375,"Lose":0,"myCurrBet":0.02,"step":0.25,"position":0.75,"bluff":0,"handValue":0.1038,"percentBets_4":0.11650485436893204,"percentBets_1":0.048582995951417005,"percentBets_2":0.07407407407407407},"output":{"chips":0.5}},
{"input":{"Win":0.08984375,"Lose":0,"myCurrBet":0.02,"step":0.5,"position":0.75,"bluff":0,"handValue":0.10400000000000001,"percentBets_4":0.11650485436893204,"percentBets_1":0.048582995951417005,"percentBets_2":0.07407407407407407},"output":{"chips":0.5}},
{"input":{"Win":0.08984375,"Lose":0,"myCurrBet":0.02,"step":0.5,"position":0.75,"bluff":0,"handValue":0.10400000000000001,"percentBets_4":0.11650485436893204,"percentBets_1":0.05668016194331984,"percentBets_2":0.09876543209876543},"output":{"chips":0.5}},
{"input":{"Win":0.08984375,"Lose":0,"myCurrBet":0.02666666666666667,"step":0.75,"position":0.75,"bluff":0,"handValue":0.1043,"percentBets_4":0.1553398058252427,"percentBets_1":0.048582995951417005,"percentBets_2":0.09876543209876543},"output":{"chips":0.5}},
{"input":{"Win":0,"Lose":0.02666666666666667,"myCurrBet":0,"step":0,"position":0.75,"bluff":0,"percentBets_1":0.004291845493562232,"percentBets_2":0.0136986301369863,"handValue":0.1015},"output":{"chips":1}},
{"input":{"Win":0,"Lose":0.02666666666666667,"myCurrBet":0.02,"step":0.25,"position":0.75,"bluff":1,"handValue":0.1033,"percentBets_4":0.13793103448275862,"percentBets_1":0.05150214592274678,"percentBets_2":0.0821917808219178},"output":{"chips":0.5}},
{"input":{"Win":0,"Lose":0.02666666666666667,"myCurrBet":0.006666666666666667,"step":0,"position":0.75,"bluff":0,"handValue":0.1015,"percentBets_4":0.04597701149425287,"percentBets_1":0.02575107296137339,"percentBets_2":0.0821917808219178},"output":{"chips":0.5}},
{"input":{"Win":0,"Lose":0.02666666666666667,"myCurrBet":0.02,"step":0.5,"position":0.75,"bluff":0,"handValue":0.1042,"percentBets_4":0.13793103448275862,"percentBets_1":0.05150214592274678,"percentBets_2":0.0821917808219178},"output":{"chips":0.5}},
{"input":{"Win":0,"Lose":0.02666666666666667,"myCurrBet":0.02,"step":0.5,"position":0.75,"bluff":0,"handValue":0.1042,"percentBets_4":0.13793103448275862,"percentBets_1":0.060085836909871244,"percentBets_2":0.1095890410958904},"output":{"chips":0.5}},
{"input":{"Win":0,"Lose":0.02666666666666667,"myCurrBet":0.02666666666666667,"step":0.75,"position":0.75,"bluff":0,"handValue":0.10350000000000001,"percentBets_4":0.1839080459770115,"percentBets_1":0.05150214592274678,"percentBets_2":0.1095890410958904},"output":{"chips":0.5}},
{"input":{"Win":0.01867219917012448,"Lose":0,"myCurrBet":0,"step":0,"position":0.75,"bluff":0,"percentBets_1":0.0045662100456621,"percentBets_2":0.015384615384615385,"handValue":0.500000000005},"output":{"chips":1}},
{"input":{"Win":0.01867219917012448,"Lose":0,"myCurrBet":0.006666666666666667,"step":0.25,"position":0.75,"bluff":0,"handValue":0.1023,"percentBets_4":0.03007518796992481,"percentBets_1":0,"percentBets_2":0},"output":{"chips":1}},
{"input":{"Win":0.01867219917012448,"Lose":0,"myCurrBet":0.01,"step":0.5,"position":0.75,"bluff":0,"handValue":0.1024,"percentBets_4":0.045112781954887216},"output":{"chips":0.5}},
{"input":{"Win":0.01867219917012448,"Lose":0,"myCurrBet":0.01,"step":0.75,"position":0.75,"bluff":0,"handValue":0.10350000000000001,"percentBets_4":0.045112781954887216},"output":{"chips":0.5}},
{"input":{"Win":0,"Lose":0.02,"myCurrBet":0,"step":0,"position":0.75,"bluff":0,"percentBets_1":0.0045871559633027525,"percentBets_2":0.015625,"handValue":0.101},"output":{"chips":1}},
{"input":{"Win":0,"Lose":0.02,"myCurrBet":0.02,"step":0.25,"position":0.75,"bluff":0,"handValue":0.300000130604,"percentBets_4":0.09448818897637795,"percentBets_1":0.05504587155963303,"percentBets_2":0.09375},"output":{"chips":0.5}},
{"input":{"Win":0,"Lose":0.02,"myCurrBet":0.006666666666666667,"step":0,"position":0.75,"bluff":0,"handValue":0.101,"percentBets_4":0.031496062992125984,"percentBets_1":0.027522935779816515,"percentBets_2":0.09375},"output":{"chips":0.5}},
{"input":{"Win":0,"Lose":0.02,"myCurrBet":0.02,"step":0.75,"position":0.75,"bluff":1,"handValue":0.300000130704,"percentBets_4":0.09448818897637795,"percentBets_1":0.05504587155963303,"percentBets_2":0.09375},"output":{"chips":0.5}},
{"input":{"Win":0,"Lose":0.02,"myCurrBet":0.02,"step":0.5,"position":0.75,"bluff":0,"handValue":0.300000130607,"percentBets_4":0.09448818897637795,"percentBets_1":0.05504587155963303,"percentBets_2":0.09375},"output":{"chips":0.5}},
{"input":{"Win":0,"Lose":0.02,"myCurrBet":0.02,"step":0.5,"position":0.75,"bluff":0,"handValue":0.1048,"percentBets_4":0.0736196319018405,"percentBets_1":0.05825242718446602,"percentBets_2":0.10344827586206896},"output":{"chips":0.5}},
{"input":{"Win":0,"Lose":0.02,"myCurrBet":0.02,"step":0.25,"position":0.75,"bluff":0,"handValue":0.1039,"percentBets_4":0.0736196319018405,"percentBets_1":0.05825242718446602,"percentBets_2":0.10344827586206896},"output":{"chips":0.5}},
{"input":{"Win":0,"Lose":0.02,"myCurrBet":0.006666666666666667,"step":0,"position":0.75,"bluff":0,"handValue":0.1018,"percentBets_4":0.024539877300613498,"percentBets_1":0.02912621359223301,"percentBets_2":0.10344827586206896},"output":{"chips":0.5}},
{"input":{"Win":0,"Lose":0.02,"myCurrBet":0.02,"step":0.75,"position":0.75,"bluff":0,"handValue":0.1058,"percentBets_4":0.0736196319018405,"percentBets_1":0.05825242718446602,"percentBets_2":0.10344827586206896},"output":{"chips":0.5}},
{"input":{"Win":0,"Lose":0.02,"myCurrBet":0,"step":0,"position":0.75,"bluff":1,"percentBets_1":0.0048543689320388345,"percentBets_2":0.017241379310344827,"handValue":0.1018},"output":{"chips":1}},
{"input":{"Win":0,"Lose":0.02,"myCurrBet":0,"step":0,"position":0.75,"bluff":0,"percentBets_1":0.004132231404958678,"percentBets_2":0.019230769230769232,"handValue":0.1013},"output":{"chips":1}},
{"input":{"Win":0,"Lose":0.02,"myCurrBet":0.006666666666666667,"step":0,"position":0.75,"bluff":0,"handValue":0.1013,"percentBets_4":0.026490066225165563,"percentBets_1":0.024793388429752067,"percentBets_2":0.11538461538461539},"output":{"chips":0.5}},
{"input":{"Win":0,"Lose":0.02,"myCurrBet":0.02,"step":0.5,"position":0.75,"bluff":0,"handValue":0.1052,"percentBets_4":0.07947019867549669,"percentBets_1":0.049586776859504134,"percentBets_2":0.11538461538461539},"output":{"chips":0.5}},
{"input":{"Win":0,"Lose":0.02,"myCurrBet":0.02,"step":0.25,"position":0.75,"bluff":0,"handValue":0.1046,"percentBets_4":0.07947019867549669,"percentBets_1":0.049586776859504134,"percentBets_2":0.11538461538461539},"output":{"chips":0.5}},
{"input":{"Win":0,"Lose":0.02,"myCurrBet":0.02,"step":0.75,"position":0.75,"bluff":0,"handValue":0.1043,"percentBets_4":0.07947019867549669,"percentBets_1":0.049586776859504134,"percentBets_2":0.11538461538461539},"output":{"chips":0.5}},
{"input":{"Win":0,"Lose":0.02666666666666667,"myCurrBet":0,"step":0,"position":0.75,"bluff":0,"percentBets_1":0.004347826086956522,"percentBets_2":0.021739130434782608,"handValue":0.1018},"output":{"chips":1}},
{"input":{"Win":0,"Lose":0.02666666666666667,"myCurrBet":0.006666666666666667,"step":0,"position":0.75,"bluff":0,"handValue":0.1018,"percentBets_4":0.0213903743315508,"percentBets_1":0.02608695652173913,"percentBets_2":0.13043478260869565},"output":{"chips":0.5}},
{"input":{"Win":0,"Lose":0.02666666666666667,"myCurrBet":0.02666666666666667,"step":0.5,"position":0.75,"bluff":1,"handValue":0.10350000000000001,"percentBets_4":0.0855614973262032,"percentBets_1":0.05217391304347826,"percentBets_2":0.17391304347826086},"output":{"chips":0.5}},
{"input":{"Win":0,"Lose":0.02666666666666667,"myCurrBet":0.02,"step":0.25,"position":0.75,"bluff":0,"handValue":0.1047,"percentBets_4":0.06417112299465241,"percentBets_1":0.05217391304347826,"percentBets_2":0.13043478260869565},"output":{"chips":0.5}},
{"input":{"Win":0,"Lose":0.02666666666666667,"myCurrBet":0.02,"step":0.25,"position":0.75,"bluff":0,"handValue":0.1047,"percentBets_4":0.06417112299465241,"percentBets_1":0.06086956521739131,"percentBets_2":0.17391304347826086},"output":{"chips":0.5}},
{"input":{"Win":0,"Lose":0.02666666666666667,"myCurrBet":0.02666666666666667,"step":0.75,"position":0.75,"bluff":0,"handValue":0.30000012061299997,"percentBets_4":0.0855614973262032,"percentBets_2":0.17391304347826086},"output":{"chips":0.5}},
{"input":{"Win":0,"Lose":0.02,"myCurrBet":0,"step":0,"position":0.75,"bluff":0,"percentBets_1":0.004629629629629629,"percentBets_2":0.02631578947368421,"handValue":0.1023},"output":{"chips":1}},
{"input":{"Win":0,"Lose":0.02,"myCurrBet":0.006666666666666667,"step":0,"position":0.75,"bluff":0,"handValue":0.1023,"percentBets_4":0.017167381974248927,"percentBets_1":0.027777777777777776,"percentBets_2":0.15789473684210525},"output":{"chips":0.5}},
{"input":{"Win":0,"Lose":0.02,"myCurrBet":0.02,"step":0.25,"position":0.75,"bluff":0,"handValue":0.1042,"percentBets_4":0.05150214592274678,"percentBets_1":0.05555555555555555,"percentBets_2":0.15789473684210525},"output":{"chips":0.5}},
{"input":{"Win":0,"Lose":0.02,"myCurrBet":0.02,"step":0.5,"position":0.75,"bluff":0,"handValue":0.1046,"percentBets_4":0.05150214592274678,"percentBets_1":0.05555555555555555,"percentBets_2":0.15789473684210525},"output":{"chips":0.5}},
{"input":{"Win":0,"Lose":0.02,"myCurrBet":0.02,"step":0.75,"position":0.75,"bluff":0,"handValue":0.1042,"percentBets_4":0.05150214592274678,"percentBets_1":0.05555555555555555,"percentBets_2":0.15789473684210525},"output":{"chips":0.5}},
{"input":{"Win":0.055865921787709494,"Lose":0,"myCurrBet":0,"step":0,"position":0.75,"bluff":0,"percentBets_1":0.004901960784313725,"percentBets_2":0.03125,"handValue":0.10070000000000001},"output":{"chips":1}},
{"input":{"Win":0.055865921787709494,"Lose":0,"myCurrBet":0.02,"step":0.5,"position":0.75,"bluff":0,"handValue":0.1042,"percentBets_4":0.04460966542750929,"percentBets_2":0.1875},"output":{"chips":0.5}},
{"input":{"Win":0.055865921787709494,"Lose":0,"myCurrBet":0.006666666666666667,"step":0,"position":0.75,"bluff":0,"handValue":0.10070000000000001,"percentBets_4":0.01486988847583643,"percentBets_1":0.029411764705882353,"percentBets_2":0.1875},"output":{"chips":0.5}},
{"input":{"Win":0.055865921787709494,"Lose":0,"myCurrBet":0.02,"step":0.25,"position":0.75,"bluff":0,"handValue":0.1038,"percentBets_4":0.04460966542750929,"percentBets_1":0,"percentBets_2":0.1875},"output":{"chips":0.5}},
{"input":{"Win":0.055865921787709494,"Lose":0,"myCurrBet":0.02,"step":0.75,"position":0.75,"bluff":0,"handValue":0.1044,"percentBets_4":0.04460966542750929,"percentBets_2":0.1875},"output":{"chips":0.5}},
{"input":{"Win":0.07495069033530571,"Lose":0,"myCurrBet":0,"step":0,"position":0.75,"bluff":0,"percentBets_1":0.005050505050505051,"percentBets_2":0.038461538461538464,"handValue":0.1},"output":{"chips":1}},
{"input":{"Win":0.07495069033530571,"Lose":0,"myCurrBet":0.02,"step":0.25,"position":0.75,"bluff":0,"handValue":0.1018,"percentBets_4":0.04669260700389105,"percentBets_1":0.06060606060606061,"percentBets_2":0.23076923076923078},"output":{"chips":0.5}},
{"input":{"Win":0.07495069033530571,"Lose":0,"myCurrBet":0.006666666666666667,"step":0,"position":0.75,"bluff":0,"handValue":0.1,"percentBets_4":0.01556420233463035,"percentBets_1":0.030303030303030304,"percentBets_2":0.23076923076923078},"output":{"chips":0.5}},
{"input":{"Win":0.07495069033530571,"Lose":0,"myCurrBet":0.023333333333333334,"step":0.75,"position":0.75,"bluff":0,"handValue":0.1028,"percentBets_4":0.054474708171206226,"percentBets_1":0.06060606060606061,"percentBets_2":0.23076923076923078},"output":{"chips":0.5}},
{"input":{"Win":0.07495069033530571,"Lose":0,"myCurrBet":0.02,"step":0.5,"position":0.75,"bluff":1,"handValue":0.10250000000000001,"percentBets_4":0.04669260700389105,"percentBets_1":0.06060606060606061,"percentBets_2":0.23076923076923078},"output":{"chips":1}},
{"input":{"Win":0,"Lose":0.02,"myCurrBet":0,"step":0,"position":0.75,"bluff":0,"percentBets_1":0.010752688172043012,"percentBets_2":0.1,"handValue":0.1005},"output":{"chips":0.5}},
{"input":{"Win":0,"Lose":0.02,"myCurrBet":0.006666666666666667,"step":0,"position":0.75,"bluff":0,"handValue":0.1005,"percentBets_4":0.01646090534979424,"percentBets_1":0.021505376344086023,"percentBets_2":0.2},"output":{"chips":0.5}},
{"input":{"Win":0,"Lose":0.02,"myCurrBet":0.013333333333333334,"step":0.75,"position":0.75,"bluff":1,"handValue":0.10260000000000001,"percentBets_4":0.03292181069958848,"percentBets_1":0.043010752688172046,"percentBets_2":0.2},"output":{"chips":1}},
{"input":{"Win":0,"Lose":0.02,"myCurrBet":0.013333333333333334,"step":0.25,"position":0.75,"bluff":0,"handValue":0.10110000000000001,"percentBets_4":0.03292181069958848,"percentBets_1":0.043010752688172046,"percentBets_2":0.2},"output":{"chips":0.5}},
{"input":{"Win":0,"Lose":0.02,"myCurrBet":0.013333333333333334,"step":0.5,"position":0.75,"bluff":0,"handValue":0.1014,"percentBets_4":0.03292181069958848,"percentBets_1":0.043010752688172046,"percentBets_2":0.2},"output":{"chips":0.5}},
{"input":{"Win":0,"Lose":0.02666666666666667,"myCurrBet":0,"step":0,"position":0.75,"bluff":1,"percentBets_1":0.011235955056179775,"percentBets_2":0.125,"handValue":0.10120000000000001},"output":{"chips":1}},
{"input":{"Win":0,"Lose":0.02666666666666667,"myCurrBet":0.013333333333333334,"step":0.25,"position":0.75,"bluff":1,"handValue":0.1043,"percentBets_4":0.02952029520295203,"percentBets_1":0,"percentBets_2":0},"output":{"chips":1}},
{"input":{"Win":0,"Lose":0.02666666666666667,"myCurrBet":0.02,"step":0.75,"position":0.75,"bluff":1,"handValue":0.6011100805039999,"percentBets_4":0.04428044280442804},"output":{"chips":1}},
{"input":{"Win":0,"Lose":0.02666666666666667,"myCurrBet":0.02,"step":0.5,"position":0.75,"bluff":0,"handValue":0.1047,"percentBets_4":0.04428044280442804},"output":{"chips":0.5}},
{"input":{"Win":0,"Lose":0.02,"myCurrBet":0,"step":0,"position":0.75,"bluff":0,"percentBets_1":0.011363636363636364,"percentBets_2":0.14285714285714285,"handValue":0.6010019999999999},"output":{"chips":0.5}},
{"input":{"Win":0,"Lose":0.02,"myCurrBet":0.006666666666666667,"step":0.25,"position":0.75,"bluff":0,"handValue":0.10360000000000001,"percentBets_4":0.013651877133105802,"percentBets_1":0,"percentBets_2":0},"output":{"chips":1}},
{"input":{"Win":0,"Lose":0.02,"myCurrBet":0.013333333333333334,"step":0.5,"position":0.75,"bluff":0,"handValue":0.10400000000000001,"percentBets_4":0.027303754266211604},"output":{"chips":0.5}},
{"input":{"Win":0,"Lose":0.02,"myCurrBet":0.013333333333333334,"step":0.75,"position":0.75,"bluff":1,"handValue":0.1048,"percentBets_4":0.027303754266211604},"output":{"chips":1}},
{"input":{"Win":0.11787819253438114,"Lose":0,"myCurrBet":0.04,"step":0.25,"position":0.75,"bluff":0,"handValue":0.10300000000000001,"percentBets_4":0.07717041800643087,"percentBets_1":0,"percentBets_2":1},"output":{"chips":0.5}},
{"input":{"Win":0.11787819253438114,"Lose":0,"myCurrBet":0.013333333333333334,"step":0,"position":0.75,"bluff":0,"handValue":0.1005,"percentBets_4":0.02572347266881029,"percentBets_1":0.06896551724137931,"percentBets_2":1},"output":{"chips":0.5}},
{"input":{"Win":0.11787819253438114,"Lose":0,"myCurrBet":0.04,"step":0.5,"position":0.75,"bluff":0,"handValue":0.1042,"percentBets_4":0.07717041800643087,"percentBets_2":1},"output":{"chips":0.5}},
{"input":{"Win":0.11787819253438114,"Lose":0,"myCurrBet":0,"step":0,"position":0.75,"bluff":0,"percentBets_1":0.011494252873563218,"percentBets_2":0.16666666666666666,"handValue":0.1005},"output":{"chips":0.5}},
{"input":{"Win":0.11787819253438114,"Lose":0,"myCurrBet":0.04,"step":0.75,"position":0.75,"bluff":0,"handValue":0.10500000000000001,"percentBets_4":0.07717041800643087,"percentBets_2":1},"output":{"chips":0.5}},
{"input":{"Win":0.11787819253438114,"Lose":0,"myCurrBet":0.006666666666666667,"step":0,"position":0.75,"bluff":0,"handValue":0.1005,"percentBets_4":0.012861736334405145,"percentBets_1":0.022988505747126436,"percentBets_2":0.3333333333333333},"output":{"chips":0.5}},
{"input":{"Win":0,"Lose":0.02,"myCurrBet":0.006666666666666667,"step":0,"position":0.6666666666666666,"bluff":0,"percentBets_1":0.04938271604938271,"handValue":0.500000000007,"percentBets_3":0.013937282229965157},"output":{"chips":1}},
{"input":{"Win":0,"Lose":0.02,"myCurrBet":0.02,"step":0.25,"position":0.6666666666666666,"bluff":0,"handValue":0.1022,"percentBets_3":0.041811846689895474,"percentBets_1":0.07407407407407407},"output":{"chips":0.5}},
{"input":{"Win":0,"Lose":0.02,"myCurrBet":0.02,"step":0.75,"position":0.6666666666666666,"bluff":0,"handValue":0.10250000000000001,"percentBets_3":0.041811846689895474,"percentBets_1":0.07407407407407407},"output":{"chips":0}},
{"input":{"Win":0,"Lose":0.02,"myCurrBet":0.02,"step":0.5,"position":0.6666666666666666,"bluff":0,"handValue":0.1024,"percentBets_3":0.041811846689895474,"percentBets_1":0.07407407407407407},"output":{"chips":0.5}},
{"input":{"Win":0,"Lose":0.02666666666666667,"myCurrBet":0.006666666666666667,"step":0,"position":0.6666666666666666,"bluff":0,"percentBets_1":0.043010752688172046,"handValue":0.1009,"percentBets_3":0.014545454545454545},"output":{"chips":1}},
{"input":{"Win":0,"Lose":0.02666666666666667,"myCurrBet":0.02,"step":0.25,"position":0.6666666666666666,"bluff":1,"handValue":0.1023,"percentBets_3":0.04363636363636364,"percentBets_1":0},"output":{"chips":1}},
{"input":{"Win":0,"Lose":0.02666666666666667,"myCurrBet":0.02666666666666667,"step":0.75,"position":0.6666666666666666,"bluff":0,"handValue":0.10400000000000001,"percentBets_3":0.05818181818181818},"output":{"chips":0}},
{"input":{"Win":0,"Lose":0.02666666666666667,"myCurrBet":0.02666666666666667,"step":0.5,"position":0.6666666666666666,"bluff":0,"handValue":0.10310000000000001,"percentBets_3":0.05818181818181818},"output":{"chips":0.5}},
{"input":{"Win":0,"Lose":0.02,"myCurrBet":0.02,"step":0.5,"position":0.6666666666666666,"bluff":0,"handValue":0.1024,"percentBets_3":0.04013377926421405,"percentBets_1":0.06741573033707865},"output":{"chips":0.5}},
{"input":{"Win":0,"Lose":0.02,"myCurrBet":0.006666666666666667,"step":0,"position":0.6666666666666666,"bluff":0,"percentBets_1":0.0449438202247191,"handValue":0.1009,"percentBets_3":0.013377926421404682},"output":{"chips":1}},
{"input":{"Win":0,"Lose":0.02,"myCurrBet":0.02,"step":0.25,"position":0.6666666666666666,"bluff":0,"handValue":0.1029,"percentBets_3":0.04013377926421405,"percentBets_1":0.06741573033707865},"output":{"chips":0.5}},
{"input":{"Win":0,"Lose":0.02,"myCurrBet":0.02,"step":0.75,"position":0.6666666666666666,"bluff":0,"handValue":0.30000005031099997,"percentBets_3":0.04013377926421405,"percentBets_1":0.06741573033707865},"output":{"chips":0}},
{"input":{"Win":0,"Lose":0.02,"myCurrBet":0.02,"step":0.25,"position":0.6666666666666666,"bluff":0,"handValue":0.10360000000000001,"percentBets_3":0.041811846689895474,"percentBets_1":0.0594059405940594},"output":{"chips":0.5}},
{"input":{"Win":0,"Lose":0.02,"myCurrBet":0.006666666666666667,"step":0,"position":0.6666666666666666,"bluff":0,"percentBets_1":0.039603960396039604,"handValue":0.500000000005,"percentBets_3":0.013937282229965157},"output":{"chips":1}},
{"input":{"Win":0,"Lose":0.02,"myCurrBet":0.02,"step":0.5,"position":0.6666666666666666,"bluff":0,"handValue":0.1044,"percentBets_3":0.041811846689895474,"percentBets_1":0.0594059405940594},"output":{"chips":0.5}},
{"input":{"Win":0,"Lose":0.02,"myCurrBet":0.02,"step":0.75,"position":0.6666666666666666,"bluff":0,"handValue":0.10400000000000001,"percentBets_3":0.041811846689895474,"percentBets_1":0.0594059405940594},"output":{"chips":0}},
{"input":{"Win":0,"Lose":0.02,"myCurrBet":0.006666666666666667,"step":0,"position":0.6666666666666666,"bluff":0,"percentBets_1":0.042105263157894736,"handValue":0.1014,"percentBets_3":0.012861736334405145},"output":{"chips":1}},
{"input":{"Win":0,"Lose":0.02,"myCurrBet":0.02,"step":0.5,"position":0.6666666666666666,"bluff":0,"handValue":0.1057,"percentBets_3":0.03858520900321544,"percentBets_1":0.06315789473684211},"output":{"chips":0.5}},
{"input":{"Win":0,"Lose":0.02,"myCurrBet":0.02,"step":0.25,"position":0.6666666666666666,"bluff":0,"handValue":0.1044,"percentBets_3":0.03858520900321544,"percentBets_1":0.06315789473684211},"output":{"chips":0.5}},
{"input":{"Win":0,"Lose":0.02,"myCurrBet":0.02,"step":0.75,"position":0.6666666666666666,"bluff":0,"handValue":0.10640000000000001,"percentBets_3":0.03858520900321544,"percentBets_1":0.06315789473684211},"output":{"chips":0}},
{"input":{"Win":0,"Lose":0.02666666666666667,"myCurrBet":0.006666666666666667,"step":0,"position":0.6666666666666666,"bluff":0,"percentBets_1":0.0449438202247191,"handValue":0.601202,"percentBets_3":0.011940298507462687},"output":{"chips":1}},
{"input":{"Win":0,"Lose":0.02666666666666667,"myCurrBet":0.02,"step":0.25,"position":0.6666666666666666,"bluff":0,"handValue":0.1019,"percentBets_3":0.03582089552238806,"percentBets_1":0.06741573033707865},"output":{"chips":0.5}},
{"input":{"Win":0,"Lose":0.02666666666666667,"myCurrBet":0.02666666666666667,"step":0.5,"position":0.6666666666666666,"bluff":0,"handValue":0.1024,"percentBets_3":0.04776119402985075,"percentBets_1":0.0898876404494382},"output":{"chips":0.5}},
{"input":{"Win":0,"Lose":0.02666666666666667,"myCurrBet":0.02666666666666667,"step":0.75,"position":0.6666666666666666,"bluff":0,"handValue":0.10310000000000001,"percentBets_3":0.04776119402985075,"percentBets_1":0.0898876404494382},"output":{"chips":0}},
{"input":{"Win":0,"Lose":0.02666666666666667,"myCurrBet":0.02,"step":0.25,"position":0.6666666666666666,"bluff":0,"handValue":0.1019,"percentBets_3":0.03582089552238806,"percentBets_1":0.0898876404494382},"output":{"chips":0.5}},
{"input":{"Win":0.026465028355387523,"Lose":0,"myCurrBet":0.006666666666666667,"step":0,"position":0.6666666666666666,"bluff":1,"percentBets_1":0,"handValue":0.601312,"percentBets_3":0.010899182561307902},"output":{"chips":1}},
{"input":{"Win":0.026465028355387523,"Lose":0,"myCurrBet":0.013333333333333334,"step":0.25,"position":0.6666666666666666,"bluff":0,"handValue":0.10490000000000001,"percentBets_3":0.021798365122615803},"output":{"chips":1}},
{"input":{"Win":0.026465028355387523,"Lose":0,"myCurrBet":0.02,"step":0.75,"position":0.6666666666666666,"bluff":0,"handValue":0.500000000013,"percentBets_3":0.0326975476839237},"output":{"chips":0}},
{"input":{"Win":0.026465028355387523,"Lose":0,"myCurrBet":0.02,"step":0.5,"position":0.6666666666666666,"bluff":0,"handValue":0.1056,"percentBets_3":0.0326975476839237},"output":{"chips":0.5}},
{"input":{"Win":0.04660194174757282,"Lose":0,"myCurrBet":0.006666666666666667,"step":0,"position":0.6666666666666666,"bluff":1,"percentBets_1":0.05,"handValue":0.601009,"percentBets_3":0.011267605633802818},"output":{"chips":0.5}},
{"input":{"Win":0.04660194174757282,"Lose":0,"myCurrBet":0.013333333333333334,"step":0.25,"position":0.6666666666666666,"bluff":0,"handValue":0.10160000000000001,"percentBets_3":0.022535211267605635,"percentBets_1":0.05},"output":{"chips":1}},
{"input":{"Win":0.04660194174757282,"Lose":0,"myCurrBet":0.02,"step":0.5,"position":0.6666666666666666,"bluff":0,"handValue":0.601009040301,"percentBets_3":0.03380281690140845,"percentBets_1":0.075},"output":{"chips":0}},
{"input":{"Win":0.04660194174757282,"Lose":0,"myCurrBet":0.02,"step":0.5,"position":0.6666666666666666,"bluff":0,"handValue":0.601009040301,"percentBets_3":0.03380281690140845,"percentBets_1":0.075},"output":{"chips":0}},
{"input":{"Win":0,"Lose":0.02,"myCurrBet":0.006666666666666667,"step":0,"position":0.6666666666666666,"bluff":0,"percentBets_1":0.05405405405405406,"handValue":0.1009,"percentBets_3":0.011661807580174927},"output":{"chips":1}},
{"input":{"Win":0,"Lose":0.02,"myCurrBet":0.02,"step":0.25,"position":0.6666666666666666,"bluff":0,"handValue":0.1029,"percentBets_3":0.03498542274052478,"percentBets_1":0.08108108108108109},"output":{"chips":0.5}},
{"input":{"Win":0,"Lose":0.02,"myCurrBet":0.02,"step":0.5,"position":0.6666666666666666,"bluff":0,"handValue":0.10310000000000001,"percentBets_3":0.03498542274052478,"percentBets_1":0.08108108108108109},"output":{"chips":0.5}},
{"input":{"Win":0,"Lose":0.02,"myCurrBet":0.02,"step":0.75,"position":0.6666666666666666,"bluff":0,"handValue":0.10400000000000001,"percentBets_3":0.03498542274052478,"percentBets_1":0.08108108108108109},"output":{"chips":0}},
{"input":{"Win":0,"Lose":0.02,"myCurrBet":0.013333333333333334,"step":0.25,"position":0.6666666666666666,"bluff":0,"handValue":0.1034,"percentBets_3":0.021798365122615803},"output":{"chips":1}},
{"input":{"Win":0,"Lose":0.02,"myCurrBet":0.02,"step":0.75,"position":0.6666666666666666,"bluff":0,"handValue":0.1024,"percentBets_3":0.0326975476839237},"output":{"chips":0.5}},
{"input":{"Win":0,"Lose":0.02,"myCurrBet":0.006666666666666667,"step":0,"position":0.6666666666666666,"bluff":0,"percentBets_1":0,"handValue":0.1014,"percentBets_3":0.010899182561307902},"output":{"chips":1}},
{"input":{"Win":0,"Lose":0.02,"myCurrBet":0.02,"step":0.5,"position":0.6666666666666666,"bluff":0,"handValue":0.1037,"percentBets_3":0.0326975476839237},"output":{"chips":0.5}},
{"input":{"Win":0,"Lose":0.02,"myCurrBet":0.006666666666666667,"step":0,"position":0.6666666666666666,"bluff":0,"percentBets_1":0.05970149253731343,"handValue":0.601005,"percentBets_3":0.010498687664041995},"output":{"chips":1}},
{"input":{"Win":0,"Lose":0.02,"myCurrBet":0.02,"step":0.25,"position":0.6666666666666666,"bluff":0,"handValue":0.1037,"percentBets_3":0.031496062992125984,"percentBets_1":0.08955223880597014},"output":{"chips":0.5}},
{"input":{"Win":0,"Lose":0.02,"myCurrBet":0.02,"step":0.75,"position":0.6666666666666666,"bluff":0,"handValue":0.10360000000000001,"percentBets_3":0.031496062992125984,"percentBets_1":0.08955223880597014},"output":{"chips":0}},
{"input":{"Win":0,"Lose":0.02,"myCurrBet":0.02,"step":0.5,"position":0.6666666666666666,"bluff":0,"handValue":0.10410000000000001,"percentBets_3":0.031496062992125984,"percentBets_1":0.08955223880597014},"output":{"chips":0.5}},
{"input":{"Win":0.03984819734345351,"Lose":0,"myCurrBet":0.01,"step":0,"position":0.6666666666666666,"bluff":0,"percentBets_1":0,"handValue":0.1022,"percentBets_3":0.016260162601626018},"output":{"chips":1}},
{"input":{"Win":0.03984819734345351,"Lose":0,"myCurrBet":0.02,"step":0.25,"position":0.6666666666666666,"bluff":1,"handValue":0.1023,"percentBets_3":0.032520325203252036},"output":{"chips":1}},
{"input":{"Win":0.03984819734345351,"Lose":0,"myCurrBet":0.03,"step":0.5,"position":0.6666666666666666,"bluff":0,"handValue":0.1028,"percentBets_3":0.04878048780487805},"output":{"chips":0.5}},
{"input":{"Win":0.03984819734345351,"Lose":0,"myCurrBet":0.03,"step":0.75,"position":0.6666666666666666,"bluff":0,"handValue":0.1039,"percentBets_3":0.04878048780487805},"output":{"chips":0}},
{"input":{"Win":0.09486166007905138,"Lose":0,"myCurrBet":0.01,"step":0,"position":0.6666666666666666,"bluff":0,"percentBets_1":0.07741935483870968,"handValue":0.10160000000000001,"percentBets_3":0.017094017094017096},"output":{"chips":1}},
{"input":{"Win":0.09486166007905138,"Lose":0,"myCurrBet":0.03,"step":0.25,"position":0.6666666666666666,"bluff":0,"handValue":0.10400000000000001,"percentBets_3":0.05128205128205128,"percentBets_1":0.11612903225806452},"output":{"chips":0.5}},
{"input":{"Win":0.09486166007905138,"Lose":0,"myCurrBet":0.03,"step":0.5,"position":0.6666666666666666,"bluff":0,"handValue":0.1029,"percentBets_3":0.05128205128205128,"percentBets_1":0.15483870967741936},"output":{"chips":0.5}},
{"input":{"Win":0.09486166007905138,"Lose":0,"myCurrBet":0.03,"step":0.5,"position":0.6666666666666666,"bluff":0,"handValue":0.1029,"percentBets_3":0.05128205128205128,"percentBets_1":0.11612903225806452},"output":{"chips":0.5}},
{"input":{"Win":0.09486166007905138,"Lose":0,"myCurrBet":0.04,"step":0.75,"position":0.6666666666666666,"bluff":0,"handValue":0.1033,"percentBets_3":0.06837606837606838,"percentBets_1":0.15483870967741936},"output":{"chips":0}},
{"input":{"Win":0,"Lose":0.02,"myCurrBet":0.01,"step":0,"position":0.6666666666666666,"bluff":0,"percentBets_1":0,"handValue":0.1008,"percentBets_3":0.01834862385321101},"output":{"chips":1}},
{"input":{"Win":0,"Lose":0.02,"myCurrBet":0.02,"step":0.5,"position":0.6666666666666666,"bluff":0,"handValue":0.300000070104,"percentBets_3":0.03669724770642202},"output":{"chips":0.5}},
{"input":{"Win":0,"Lose":0.02,"myCurrBet":0.02,"step":0.25,"position":0.6666666666666666,"bluff":0,"handValue":0.300000070104,"percentBets_3":0.03669724770642202},"output":{"chips":0.5}},
{"input":{"Win":0,"Lose":0.02,"myCurrBet":0.02,"step":0.75,"position":0.6666666666666666,"bluff":0,"handValue":0.300000070113,"percentBets_3":0.03669724770642202},"output":{"chips":0}},
{"input":{"Win":0,"Lose":0.03,"myCurrBet":0.01,"step":0,"position":0.6666666666666666,"bluff":0,"percentBets_1":0.09375,"handValue":0.6013109999999999,"percentBets_3":0.017543859649122806},"output":{"chips":1}},
{"input":{"Win":0,"Lose":0.03,"myCurrBet":0.03,"step":0.25,"position":0.6666666666666666,"bluff":0,"handValue":0.10350000000000001,"percentBets_3":0.05263157894736842,"percentBets_1":0.140625},"output":{"chips":0.5}},
{"input":{"Win":0,"Lose":0.03,"myCurrBet":0.03,"step":0.5,"position":0.6666666666666666,"bluff":0,"handValue":0.1042,"percentBets_3":0.05263157894736842,"percentBets_1":0.140625},"output":{"chips":0.5}},
{"input":{"Win":0,"Lose":0.03,"myCurrBet":0.03,"step":0.75,"position":0.6666666666666666,"bluff":0,"handValue":0.1043,"percentBets_3":0.05263157894736842,"percentBets_1":0.140625},"output":{"chips":0}},
{"input":{"Win":0,"Lose":0.02,"myCurrBet":0.01,"step":0,"position":0.6666666666666666,"bluff":0,"percentBets_1":0.05454545454545454,"handValue":0.1008,"percentBets_3":0.015873015873015872},"output":{"chips":1}},
{"input":{"Win":0,"Lose":0.02,"myCurrBet":0.02,"step":0.25,"position":0.6666666666666666,"bluff":0,"handValue":0.1022,"percentBets_3":0.031746031746031744,"percentBets_1":0},"output":{"chips":0.5}},
{"input":{"Win":0,"Lose":0.02,"myCurrBet":0.02,"step":0.75,"position":0.6666666666666666,"bluff":0,"handValue":0.10250000000000001,"percentBets_3":0.031746031746031744},"output":{"chips":0.5}},
{"input":{"Win":0,"Lose":0.02,"myCurrBet":0.02,"step":0.5,"position":0.6666666666666666,"bluff":0,"handValue":0.1033,"percentBets_3":0.031746031746031744},"output":{"chips":0.5}},
{"input":{"Win":0.03,"Lose":0,"myCurrBet":0.01,"step":0,"position":0.6666666666666666,"bluff":0,"percentBets_1":0,"handValue":0.10110000000000001,"percentBets_3":0.015151515151515152},"output":{"chips":1}},
{"input":{"Win":0.03,"Lose":0,"myCurrBet":0.02,"step":0.25,"position":0.6666666666666666,"bluff":0,"handValue":0.1037,"percentBets_3":0.030303030303030304},"output":{"chips":0.5}},
{"input":{"Win":0.03,"Lose":0,"myCurrBet":0.02,"step":0.75,"position":0.6666666666666666,"bluff":0,"handValue":0.1037,"percentBets_3":0.030303030303030304},"output":{"chips":0.5}},
{"input":{"Win":0.03,"Lose":0,"myCurrBet":0.02,"step":0.5,"position":0.6666666666666666,"bluff":0,"handValue":0.10400000000000001,"percentBets_3":0.030303030303030304},"output":{"chips":0.5}},
{"input":{"Win":0,"Lose":0.03,"myCurrBet":0.03,"step":0.5,"position":0.6666666666666666,"bluff":0,"handValue":0.300000070213,"percentBets_3":0.046875,"percentBets_1":0.1782178217821782},"output":{"chips":0}},
{"input":{"Win":0,"Lose":0.03,"myCurrBet":0.03,"step":0.25,"position":0.6666666666666666,"bluff":0,"handValue":0.1032,"percentBets_3":0.046875,"percentBets_1":0.1782178217821782},"output":{"chips":0.5}},
{"input":{"Win":0,"Lose":0.03,"myCurrBet":0.03,"step":0.5,"position":0.6666666666666666,"bluff":0,"handValue":0.300000070213,"percentBets_3":0.046875,"percentBets_1":0.1782178217821782},"output":{"chips":0}},
{"input":{"Win":0,"Lose":0.03,"myCurrBet":0.01,"step":0,"position":0.6666666666666666,"bluff":0,"percentBets_1":0.1188118811881188,"handValue":0.1014,"percentBets_3":0.015625},"output":{"chips":1}},
{"input":{"Win":0.07157057654075547,"Lose":0,"myCurrBet":0.01,"step":0,"position":0.6666666666666666,"bluff":0,"percentBets_1":0.14457831325301204,"handValue":0.1,"percentBets_3":0.014285714285714285},"output":{"chips":1}},
{"input":{"Win":0.07157057654075547,"Lose":0,"myCurrBet":0.03,"step":0.25,"position":0.6666666666666666,"bluff":0,"handValue":0.1018,"percentBets_3":0.04285714285714286,"percentBets_1":0.21686746987951808},"output":{"chips":0.5}},
{"input":{"Win":0.07157057654075547,"Lose":0,"myCurrBet":0.03,"step":0.5,"position":0.6666666666666666,"bluff":0,"handValue":0.1024,"percentBets_3":0.04285714285714286,"percentBets_1":0.21686746987951808},"output":{"chips":0.5}},
{"input":{"Win":0.07157057654075547,"Lose":0,"myCurrBet":0.03,"step":0.75,"position":0.6666666666666666,"bluff":0,"handValue":0.1033,"percentBets_3":0.04285714285714286,"percentBets_1":0.21686746987951808},"output":{"chips":0}},
{"input":{"Win":0,"Lose":0.03,"myCurrBet":0.01,"step":0,"position":0.6666666666666666,"bluff":0,"percentBets_1":0.18461538461538463,"handValue":0.500000000005,"percentBets_3":0.014925373134328358},"output":{"chips":1}},
{"input":{"Win":0,"Lose":0.03,"myCurrBet":0.03,"step":0.5,"position":0.6666666666666666,"bluff":0,"handValue":0.1033,"percentBets_3":0.04477611940298507,"percentBets_1":0.27692307692307694},"output":{"chips":0}},
{"input":{"Win":0,"Lose":0.03,"myCurrBet":0.03,"step":0.25,"position":0.6666666666666666,"bluff":0,"handValue":0.10250000000000001,"percentBets_3":0.04477611940298507,"percentBets_1":0.27692307692307694},"output":{"chips":0.5}},
{"input":{"Win":0,"Lose":0.03,"myCurrBet":0.03,"step":0.5,"position":0.6666666666666666,"bluff":0,"handValue":0.1033,"percentBets_3":0.04477611940298507,"percentBets_1":0.27692307692307694},"output":{"chips":0}},
{"input":{"Win":0,"Lose":0.02,"myCurrBet":0.01,"step":0,"position":0.6666666666666666,"bluff":0,"percentBets_1":0,"handValue":0.101,"percentBets_3":0.015625},"output":{"chips":1}},
{"input":{"Win":0,"Lose":0.02,"myCurrBet":0.02,"step":0.25,"position":0.6666666666666666,"bluff":0,"handValue":0.40000012060400003,"percentBets_3":0.03125},"output":{"chips":0.5}},
{"input":{"Win":0,"Lose":0.02,"myCurrBet":0.02,"step":0.5,"position":0.6666666666666666,"bluff":0,"handValue":0.400000120906,"percentBets_3":0.03125},"output":{"chips":0}},
{"input":{"Win":0,"Lose":0.02,"myCurrBet":0.02,"step":0.5,"position":0.6666666666666666,"bluff":0,"handValue":0.400000120906,"percentBets_3":0.03125},"output":{"chips":0}},
{"input":{"Win":0.07243460764587525,"Lose":0,"myCurrBet":0.01,"step":0,"position":0.6666666666666666,"bluff":0,"percentBets_1":0.12244897959183673,"handValue":0.1009,"percentBets_3":0.015037593984962405},"output":{"chips":1}},
{"input":{"Win":0.07243460764587525,"Lose":0,"myCurrBet":0.03,"step":0.25,"position":0.6666666666666666,"bluff":0,"handValue":0.300000080701,"percentBets_3":0.045112781954887216,"percentBets_1":0.1836734693877551},"output":{"chips":0.5}},
{"input":{"Win":0.07243460764587525,"Lose":0,"myCurrBet":0.03,"step":0.5,"position":0.6666666666666666,"bluff":0,"handValue":0.700000000807,"percentBets_3":0.045112781954887216,"percentBets_1":0.1836734693877551},"output":{"chips":0}},
{"input":{"Win":0.07243460764587525,"Lose":0,"myCurrBet":0.03,"step":0.5,"position":0.6666666666666666,"bluff":0,"handValue":0.700000000807,"percentBets_3":0.045112781954887216,"percentBets_1":0.1836734693877551},"output":{"chips":0}},
{"input":{"Win":0,"Lose":0.03,"myCurrBet":0.01,"step":0,"position":0.6666666666666666,"bluff":0,"percentBets_1":0.15,"handValue":0.1014,"percentBets_3":0.015748031496062992},"output":{"chips":1}},
{"input":{"Win":0,"Lose":0.03,"myCurrBet":0.03,"step":0.75,"position":0.6666666666666666,"bluff":0,"handValue":0.1027,"percentBets_3":0.047244094488188976,"percentBets_1":0.225},"output":{"chips":0}},
{"input":{"Win":0,"Lose":0.03,"myCurrBet":0.03,"step":0.5,"position":0.6666666666666666,"bluff":0,"handValue":0.10300000000000001,"percentBets_3":0.047244094488188976,"percentBets_1":0.225},"output":{"chips":0.5}},
{"input":{"Win":0,"Lose":0.03,"myCurrBet":0.03,"step":0.25,"position":0.6666666666666666,"bluff":0,"handValue":0.10250000000000001,"percentBets_3":0.047244094488188976,"percentBets_1":0.225},"output":{"chips":0.5}},
{"input":{"Win":0,"Lose":0.03,"myCurrBet":0.01,"step":0,"position":0.6666666666666666,"bluff":0,"percentBets_1":0.10344827586206896,"handValue":0.601102,"percentBets_3":0.01652892561983471},"output":{"chips":1}},
{"input":{"Win":0,"Lose":0.03,"myCurrBet":0.03,"step":0.25,"position":0.6666666666666666,"bluff":0,"handValue":0.101,"percentBets_3":0.049586776859504134,"percentBets_1":0},"output":{"chips":0.5}},
{"input":{"Win":0,"Lose":0.03,"myCurrBet":0.03,"step":0.5,"position":0.6666666666666666,"bluff":0,"handValue":0.10200000000000001,"percentBets_3":0.049586776859504134},"output":{"chips":0.5}},
{"input":{"Win":0,"Lose":0.03,"myCurrBet":0.03,"step":0.75,"position":0.6666666666666666,"bluff":0,"handValue":0.30000011011,"percentBets_3":0.049586776859504134},"output":{"chips":0}},
{"input":{"Win":0,"Lose":0.03,"myCurrBet":0.01,"step":0,"position":0.6666666666666666,"bluff":0,"percentBets_1":0.11538461538461539,"handValue":0.6007009999999999,"percentBets_3":0.015267175572519083},"output":{"chips":1}},
{"input":{"Win":0,"Lose":0.03,"myCurrBet":0.03,"step":0.75,"position":0.6666666666666666,"bluff":0,"handValue":0.1051,"percentBets_3":0.04580152671755725,"percentBets_1":0.17307692307692307},"output":{"chips":0}},
{"input":{"Win":0,"Lose":0.03,"myCurrBet":0.03,"step":0.5,"position":0.6666666666666666,"bluff":0,"handValue":0.1038,"percentBets_3":0.04580152671755725,"percentBets_1":0.17307692307692307},"output":{"chips":0.5}},
{"input":{"Win":0,"Lose":0.03,"myCurrBet":0.03,"step":0.25,"position":0.6666666666666666,"bluff":0,"handValue":0.10260000000000001,"percentBets_3":0.04580152671755725,"percentBets_1":0.17307692307692307},"output":{"chips":0.5}},
{"input":{"Win":0,"Lose":0,"myCurrBet":0.01,"step":0,"position":0.6666666666666666,"bluff":0,"percentBets_1":0.13953488372093023,"handValue":0.1,"percentBets_3":0.013986013986013986},"output":{"chips":1}},
{"input":{"Win":0,"Lose":0,"myCurrBet":0.03,"step":0.25,"position":0.6666666666666666,"bluff":0,"handValue":0.10260000000000001,"percentBets_3":0.04195804195804196,"percentBets_1":0.20930232558139536},"output":{"chips":0.5}},
{"input":{"Win":0,"Lose":0,"myCurrBet":0.03,"step":0.5,"position":0.6666666666666666,"bluff":0,"handValue":0.10360000000000001,"percentBets_3":0.04195804195804196,"percentBets_1":0.20930232558139536},"output":{"chips":0.5}},
{"input":{"Win":0,"Lose":0,"myCurrBet":0.03,"step":0.75,"position":0.6666666666666666,"bluff":0,"handValue":0.10410000000000001,"percentBets_3":0.04195804195804196,"percentBets_1":0.20930232558139536},"output":{"chips":0}},
{"input":{"Win":0,"Lose":0,"myCurrBet":0.03,"step":0.75,"position":0.6666666666666666,"bluff":0,"handValue":0.10410000000000001,"percentBets_3":0.04195804195804196,"percentBets_1":0.27906976744186046},"output":{"chips":0}},
{"input":{"Win":0,"Lose":0.06,"myCurrBet":0.03,"step":0.25,"position":0.6666666666666666,"bluff":0,"handValue":0.1037,"percentBets_3":0.043795620437956206,"percentBets_1":0.14754098360655737},"output":{"chips":0.5}},
{"input":{"Win":0,"Lose":0.06,"myCurrBet":0.03,"step":0.75,"position":0.6666666666666666,"bluff":0,"handValue":0.10310000000000001,"percentBets_3":0.043795620437956206,"percentBets_1":0.14754098360655737},"output":{"chips":0}},
{"input":{"Win":0,"Lose":0.06,"myCurrBet":0.01,"step":0,"position":0.6666666666666666,"bluff":0,"percentBets_1":0.09836065573770492,"handValue":0.500000000011,"percentBets_3":0.014598540145985401},"output":{"chips":1}},
{"input":{"Win":0,"Lose":0.06,"myCurrBet":0.03,"step":0.5,"position":0.6666666666666666,"bluff":0,"handValue":0.10260000000000001,"percentBets_3":0.043795620437956206,"percentBets_1":0.14754098360655737},"output":{"chips":0.5}},
{"input":{"Win":0,"Lose":0.02,"myCurrBet":0.01,"step":0,"position":0.6666666666666666,"bluff":0,"percentBets_1":0,"handValue":0.10200000000000001,"percentBets_3":0.013422818791946308},"output":{"chips":1}},
{"input":{"Win":0,"Lose":0.02,"myCurrBet":0.02,"step":0.5,"position":0.6666666666666666,"bluff":0,"handValue":0.1023,"percentBets_3":0.026845637583892617},"output":{"chips":0.5}},
{"input":{"Win":0,"Lose":0.02,"myCurrBet":0.02,"step":0.75,"position":0.6666666666666666,"bluff":0,"handValue":0.1032,"percentBets_3":0.026845637583892617},"output":{"chips":0.5}},
{"input":{"Win":0,"Lose":0.02,"myCurrBet":0.02,"step":0.25,"position":0.6666666666666666,"bluff":0,"handValue":0.10350000000000001,"percentBets_3":0.026845637583892617},"output":{"chips":0.5}},
{"input":{"Win":0.06394316163410302,"Lose":0,"myCurrBet":0.02,"step":0.25,"position":0.6666666666666666,"bluff":0,"handValue":0.1043,"percentBets_3":0.025974025974025976,"percentBets_1":0.1782178217821782},"output":{"chips":0.5}},
{"input":{"Win":0.06394316163410302,"Lose":0,"myCurrBet":0.02,"step":0.25,"position":0.6666666666666666,"bluff":0,"handValue":0.1043,"percentBets_3":0.025974025974025976,"percentBets_1":0.1188118811881188},"output":{"chips":0.5}},
{"input":{"Win":0.06394316163410302,"Lose":0,"myCurrBet":0.03,"step":0.75,"position":0.6666666666666666,"bluff":0,"handValue":0.300000100712,"percentBets_3":0.03896103896103896,"percentBets_1":0.1782178217821782},"output":{"chips":0}},
{"input":{"Win":0.06394316163410302,"Lose":0,"myCurrBet":0.01,"step":0,"position":0.6666666666666666,"bluff":0,"percentBets_1":0.0594059405940594,"handValue":0.1017,"percentBets_3":0.012987012987012988},"output":{"chips":1}},
{"input":{"Win":0.06394316163410302,"Lose":0,"myCurrBet":0.03,"step":0.5,"position":0.6666666666666666,"bluff":0,"handValue":0.1033,"percentBets_3":0.03896103896103896,"percentBets_1":0.1782178217821782},"output":{"chips":0.5}},
{"input":{"Win":0,"Lose":0.04,"myCurrBet":0.03,"step":0.25,"position":0.6666666666666666,"bluff":1,"handValue":0.1033,"percentBets_3":0.04054054054054054,"percentBets_1":0.21686746987951808},"output":{"chips":1}},
{"input":{"Win":0,"Lose":0.04,"myCurrBet":0.01,"step":0,"position":0.6666666666666666,"bluff":0,"percentBets_1":0.14457831325301204,"handValue":0.10110000000000001,"percentBets_3":0.013513513513513514},"output":{"chips":1}},
{"input":{"Win":0,"Lose":0.04,"myCurrBet":0.04,"step":0.5,"position":0.6666666666666666,"bluff":0,"handValue":0.10300000000000001,"percentBets_3":0.05405405405405406,"percentBets_1":0.2891566265060241},"output":{"chips":0}},
{"input":{"Win":0,"Lose":0.04,"myCurrBet":0.04,"step":0.5,"position":0.6666666666666666,"bluff":0,"handValue":0.10300000000000001,"percentBets_3":0.05405405405405406,"percentBets_1":0.2891566265060241},"output":{"chips":0}},
{"input":{"Win":0.043557168784029036,"Lose":0,"myCurrBet":0.01,"step":0,"position":0.6666666666666666,"bluff":0,"percentBets_1":0.04580152671755725,"handValue":0.6010019999999999,"percentBets_3":0.014285714285714285},"output":{"chips":1}},
{"input":{"Win":0.043557168784029036,"Lose":0,"myCurrBet":0.02,"step":0.5,"position":0.6666666666666666,"bluff":0,"handValue":0.300000100209,"percentBets_3":0.02857142857142857,"percentBets_1":0.0916030534351145},"output":{"chips":0}},
{"input":{"Win":0.043557168784029036,"Lose":0,"myCurrBet":0.02,"step":0.25,"position":0.6666666666666666,"bluff":0,"handValue":0.10200000000000001,"percentBets_3":0.02857142857142857,"percentBets_1":0.0916030534351145},"output":{"chips":0.5}},
{"input":{"Win":0.043557168784029036,"Lose":0,"myCurrBet":0.02,"step":0.5,"position":0.6666666666666666,"bluff":0,"handValue":0.300000100209,"percentBets_3":0.02857142857142857,"percentBets_1":0.0916030534351145},"output":{"chips":0}},
{"input":{"Win":0,"Lose":0.02666666666666667,"myCurrBet":0.013333333333333334,"step":0,"position":0.6666666666666666,"bluff":0,"percentBets_1":0,"handValue":0.1,"percentBets_3":0.0196078431372549},"output":{"chips":1}},
{"input":{"Win":0,"Lose":0.02666666666666667,"myCurrBet":0.02666666666666667,"step":0.25,"position":0.6666666666666666,"bluff":0,"handValue":0.10260000000000001,"percentBets_3":0.0392156862745098},"output":{"chips":0.5}},
{"input":{"Win":0,"Lose":0.02666666666666667,"myCurrBet":0.02666666666666667,"step":0.5,"position":0.6666666666666666,"bluff":0,"handValue":0.10360000000000001,"percentBets_3":0.0392156862745098},"output":{"chips":0.5}},
{"input":{"Win":0,"Lose":0.02666666666666667,"myCurrBet":0.02666666666666667,"step":0.75,"position":0.6666666666666666,"bluff":0,"handValue":0.601310060301,"percentBets_3":0.0392156862745098},"output":{"chips":0}},
{"input":{"Win":0,"Lose":0.04,"myCurrBet":0.013333333333333334,"step":0,"position":0.6666666666666666,"bluff":0,"percentBets_1":0.06956521739130435,"handValue":0.10110000000000001,"percentBets_3":0.018691588785046728},"output":{"chips":1}},
{"input":{"Win":0,"Lose":0.04,"myCurrBet":0.02666666666666667,"step":0.25,"position":0.6666666666666666,"bluff":0,"handValue":0.1027,"percentBets_3":0.037383177570093455,"percentBets_1":0.20869565217391303},"output":{"chips":0.5}},
{"input":{"Win":0,"Lose":0.04,"myCurrBet":0.02666666666666667,"step":0.25,"position":0.6666666666666666,"bluff":0,"handValue":0.1027,"percentBets_3":0.037383177570093455,"percentBets_1":0.1391304347826087},"output":{"chips":0.5}},
{"input":{"Win":0,"Lose":0.04,"myCurrBet":0.04,"step":0.75,"position":0.6666666666666666,"bluff":0,"handValue":0.1048,"percentBets_3":0.056074766355140186,"percentBets_1":0.20869565217391303},"output":{"chips":0}},
{"input":{"Win":0,"Lose":0.04,"myCurrBet":0.04,"step":0.5,"position":0.6666666666666666,"bluff":0,"handValue":0.10350000000000001,"percentBets_3":0.056074766355140186,"percentBets_1":0.20869565217391303},"output":{"chips":0.5}},
{"input":{"Win":0,"Lose":0.02666666666666667,"myCurrBet":0.013333333333333334,"step":0,"position":0.6666666666666666,"bluff":0,"percentBets_1":0.049079754601226995,"handValue":0.1013,"percentBets_3":0.019801980198019802},"output":{"chips":1}},
{"input":{"Win":0,"Lose":0.02666666666666667,"myCurrBet":0.02666666666666667,"step":0.25,"position":0.6666666666666666,"bluff":0,"handValue":0.1024,"percentBets_3":0.039603960396039604,"percentBets_1":0.09815950920245399},"output":{"chips":0.5}},
{"input":{"Win":0,"Lose":0.02666666666666667,"myCurrBet":0.02666666666666667,"step":0.5,"position":0.6666666666666666,"bluff":0,"handValue":0.400000131107,"percentBets_3":0.039603960396039604,"percentBets_1":0.09815950920245399},"output":{"chips":0}},
{"input":{"Win":0,"Lose":0.02666666666666667,"myCurrBet":0.02666666666666667,"step":0.5,"position":0.6666666666666666,"bluff":0,"handValue":0.400000131107,"percentBets_3":0.039603960396039604,"percentBets_1":0.09815950920245399},"output":{"chips":0}},
{"input":{"Win":0.0548885077186964,"Lose":0,"myCurrBet":0.02666666666666667,"step":0.25,"position":0.6666666666666666,"bluff":0,"handValue":0.1015,"percentBets_3":0.041237113402061855,"percentBets_1":0.08205128205128205},"output":{"chips":0.5}},
{"input":{"Win":0.0548885077186964,"Lose":0,"myCurrBet":0.02666666666666667,"step":0.5,"position":0.6666666666666666,"bluff":0,"handValue":0.1027,"percentBets_3":0.041237113402061855,"percentBets_1":0.08205128205128205},"output":{"chips":0.5}},
{"input":{"Win":0.0548885077186964,"Lose":0,"myCurrBet":0.02666666666666667,"step":0.75,"position":0.6666666666666666,"bluff":0,"handValue":0.1029,"percentBets_3":0.041237113402061855,"percentBets_1":0.08205128205128205},"output":{"chips":0}},
{"input":{"Win":0.0548885077186964,"Lose":0,"myCurrBet":0.013333333333333334,"step":0,"position":0.6666666666666666,"bluff":1,"percentBets_1":0.041025641025641026,"handValue":0.1017,"percentBets_3":0.020618556701030927},"output":{"chips":1}},
{"input":{"Win":0,"Lose":0.05333333333333334,"myCurrBet":0.04,"step":0.25,"position":0.6666666666666666,"bluff":1,"handValue":0.10160000000000001,"percentBets_3":0.06451612903225806,"percentBets_1":0.1340782122905028},"output":{"chips":0.5}},
{"input":{"Win":0,"Lose":0.05333333333333334,"myCurrBet":0.02666666666666667,"step":0,"position":0.6666666666666666,"bluff":0,"handValue":0.1013,"percentBets_3":0.043010752688172046,"percentBets_1":0.1340782122905028},"output":{"chips":0.5}},
{"input":{"Win":0,"Lose":0.05333333333333334,"myCurrBet":0.013333333333333334,"step":0,"position":0.6666666666666666,"bluff":0,"percentBets_1":0.0446927374301676,"handValue":0.1013,"percentBets_3":0.021505376344086023},"output":{"chips":1}},
{"input":{"Win":0,"Lose":0.05333333333333334,"myCurrBet":0.04,"step":0.5,"position":0.6666666666666666,"bluff":0,"handValue":0.1028,"percentBets_3":0.06451612903225806,"percentBets_1":0.1340782122905028},"output":{"chips":0.5}},
{"input":{"Win":0,"Lose":0.05333333333333334,"myCurrBet":0.04,"step":0.75,"position":0.6666666666666666,"bluff":1,"handValue":0.300000090312,"percentBets_3":0.06451612903225806,"percentBets_1":0.1340782122905028},"output":{"chips":1}},
{"input":{"Win":0,"Lose":0,"myCurrBet":0.02666666666666667,"step":0.5,"position":0.6666666666666666,"bluff":1,"handValue":0.10300000000000001,"percentBets_3":0.037383177570093455,"percentBets_1":0.1032258064516129},"output":{"chips":1}},
{"input":{"Win":0,"Lose":0,"myCurrBet":0.013333333333333334,"step":0,"position":0.6666666666666666,"bluff":0,"percentBets_1":0.05161290322580645,"handValue":0.600907,"percentBets_3":0.018691588785046728},"output":{"chips":1}},
{"input":{"Win":0,"Lose":0,"myCurrBet":0.02666666666666667,"step":0.25,"position":0.6666666666666666,"bluff":0,"handValue":0.10410000000000001,"percentBets_3":0.037383177570093455,"percentBets_1":0.1032258064516129},"output":{"chips":0.5}},
