{"input":{"Win":0,"Lose":0.02666666666666667,"myCurrBet":0.0033333333333333335,"step":0,"position":0.5,"bluff":0,"percentBets_1":0.04,"handValue":0.1013,"percentBets_3":0.02666666666666667,"percentBets_4":0.02666666666666667},"output":{"chips":1}},
{"input":{"Win":0,"Lose":0.02666666666666667,"myCurrBet":0.013333333333333334,"step":0.25,"position":0.5,"bluff":0,"handValue":0.1032,"percentBets_3":0.05333333333333334,"percentBets_4":0.05333333333333334,"percentBets_1":0.05333333333333334},"output":{"chips":1}},
{"input":{"Win":0,"Lose":0.02666666666666667,"myCurrBet":0.016666666666666666,"step":0.25,"position":0.5,"bluff":0,"handValue":0.1032,"percentBets_3":0.06666666666666667,"percentBets_4":0.08,"percentBets_1":0.09333333333333334},"output":{"chips":0.5}},
{"input":{"Win":0,"Lose":0.02666666666666667,"myCurrBet":0.02666666666666667,"step":0.75,"position":0.5,"bluff":1,"handValue":0.10450000000000001,"percentBets_3":0.10666666666666667,"percentBets_4":0.10666666666666667,"percentBets_1":0.09333333333333334},"output":{"chips":0.5}},
{"input":{"Win":0,"Lose":0.02666666666666667,"myCurrBet":0.023333333333333334,"step":0.5,"position":0.5,"bluff":1,"handValue":0.1038,"percentBets_3":0.09333333333333334,"percentBets_4":0.09333333333333334,"percentBets_1":0.09333333333333334},"output":{"chips":1}},
{"input":{"Win":0,"Lose":0.023333333333333334,"myCurrBet":0.0033333333333333335,"step":0,"position":0.5,"bluff":0,"percentBets_1":0.04411764705882353,"handValue":0.1009,"percentBets_3":0.02040816326530612,"percentBets_4":0.029850746268656716},"output":{"chips":1}},
{"input":{"Win":0,"Lose":0.023333333333333334,"myCurrBet":0.016666666666666666,"step":0.25,"position":0.5,"bluff":0,"handValue":0.1019,"percentBets_3":0.05102040816326531,"percentBets_4":0.07462686567164178,"percentBets_1":0.08823529411764706},"output":{"chips":0.5}},
{"input":{"Win":0,"Lose":0.023333333333333334,"myCurrBet":0.013333333333333334,"step":0.25,"position":0.5,"bluff":0,"handValue":0.1019,"percentBets_3":0.04081632653061224,"percentBets_4":0.05970149253731343,"percentBets_1":0.058823529411764705},"output":{"chips":1}},
{"input":{"Win":0,"Lose":0.023333333333333334,"myCurrBet":0.02,"step":0.5,"position":0.5,"bluff":0,"handValue":0.1024,"percentBets_3":0.061224489795918366,"percentBets_4":0.08955223880597014,"percentBets_1":0.08823529411764706},"output":{"chips":1}},
{"input":{"Win":0,"Lose":0.023333333333333334,"myCurrBet":0.023333333333333334,"step":0.75,"position":0.5,"bluff":0,"handValue":0.30000009011,"percentBets_3":0.07142857142857142,"percentBets_4":0.1044776119402985,"percentBets_1":0.08823529411764706},"output":{"chips":0.5}},
{"input":{"Win":0.09166666666666666,"Lose":0,"myCurrBet":0.0033333333333333335,"step":0,"position":0.5,"bluff":0,"percentBets_1":0.04838709677419355,"handValue":0.10120000000000001,"percentBets_3":0.02197802197802198,"percentBets_4":0.022988505747126436},"output":{"chips":1}},
{"input":{"Win":0.09166666666666666,"Lose":0,"myCurrBet":0.016666666666666666,"step":0.25,"position":0.5,"bluff":0,"handValue":0.1043,"percentBets_3":0.054945054945054944,"percentBets_4":0.05747126436781609,"percentBets_1":0.0967741935483871},"output":{"chips":0.5}},
{"input":{"Win":0.09166666666666666,"Lose":0,"myCurrBet":0.013333333333333334,"step":0.25,"position":0.5,"bluff":0,"handValue":0.1043,"percentBets_3":0.04395604395604396,"percentBets_4":0.04597701149425287,"percentBets_1":0.06451612903225806},"output":{"chips":1}},
{"input":{"Win":0.09166666666666666,"Lose":0,"myCurrBet":0.02,"step":0.5,"position":0.5,"bluff":0,"handValue":0.1032,"percentBets_3":0.06593406593406594,"percentBets_4":0.06896551724137931,"percentBets_1":0.0967741935483871},"output":{"chips":1}},
{"input":{"Win":0.09166666666666666,"Lose":0,"myCurrBet":0.023333333333333334,"step":0.75,"position":0.5,"bluff":0,"handValue":0.1037,"percentBets_3":0.07692307692307693,"percentBets_4":0.08045977011494253,"percentBets_1":0.0967741935483871},"output":{"chips":1}},
{"input":{"Win":0,"Lose":0.03,"myCurrBet":0.013333333333333334,"step":0.25,"position":0.5,"bluff":0,"handValue":0.10400000000000001,"percentBets_3":0.04819277108433735,"percentBets_4":0.05063291139240506,"percentBets_1":0.07142857142857142},"output":{"chips":1}},
{"input":{"Win":0,"Lose":0.03,"myCurrBet":0.0033333333333333335,"step":0,"position":0.5,"bluff":0,"percentBets_1":0.05357142857142857,"handValue":0.1005,"percentBets_3":0.024096385542168676,"percentBets_4":0.02531645569620253},"output":{"chips":1}},
{"input":{"Win":0,"Lose":0.03,"myCurrBet":0.02666666666666667,"step":0.5,"position":0.5,"bluff":0,"handValue":0.10360000000000001,"percentBets_3":0.10843373493975904,"percentBets_4":0.11392405063291139,"percentBets_1":0.10714285714285714},"output":{"chips":0.5}},
{"input":{"Win":0,"Lose":0.03,"myCurrBet":0.03,"step":0.75,"position":0.5,"bluff":0,"handValue":0.1043,"percentBets_3":0.10843373493975904,"percentBets_4":0.11392405063291139},"output":{"chips":0}},
{"input":{"Win":0,"Lose":0.03,"myCurrBet":0.016666666666666666,"step":0.25,"position":0.5,"bluff":0,"handValue":0.10400000000000001,"percentBets_3":0.060240963855421686,"percentBets_4":0.06329113924050633,"percentBets_1":0.10714285714285714},"output":{"chips":0.5}},
{"input":{"Win":0,"Lose":0.03,"myCurrBet":0.02,"step":0.5,"position":0.5,"bluff":0,"handValue":0.10360000000000001,"percentBets_3":0.07228915662650602,"percentBets_4":0.0759493670886076,"percentBets_1":0.125},"output":{"chips":1}},
{"input":{"Win":0,"Lose":0.02666666666666667,"myCurrBet":0.023333333333333334,"step":0.5,"position":0.5,"bluff":0,"handValue":0.1019,"percentBets_3":0.0945945945945946,"percentBets_4":0.0673076923076923,"percentBets_1":0.14285714285714285},"output":{"chips":1}},
{"input":{"Win":0,"Lose":0.02666666666666667,"myCurrBet":0.013333333333333334,"step":0.25,"position":0.5,"bluff":0,"handValue":0.1015,"percentBets_3":0.05405405405405406,"percentBets_4":0.038461538461538464,"percentBets_1":0.08163265306122448},"output":{"chips":1}},
{"input":{"Win":0,"Lose":0.02666666666666667,"myCurrBet":0.0033333333333333335,"step":0,"position":0.5,"bluff":0,"percentBets_1":0.061224489795918366,"handValue":0.500000000005,"percentBets_3":0.02702702702702703,"percentBets_4":0.019230769230769232},"output":{"chips":1}},
{"input":{"Win":0,"Lose":0.02666666666666667,"myCurrBet":0.016666666666666666,"step":0.25,"position":0.5,"bluff":0,"handValue":0.1015,"percentBets_3":0.08108108108108109,"percentBets_4":0.057692307692307696,"percentBets_1":0.14285714285714285},"output":{"chips":0.5}},
{"input":{"Win":0,"Lose":0.02666666666666667,"myCurrBet":0.02666666666666667,"step":0.75,"position":0.5,"bluff":0,"handValue":0.10200000000000001,"percentBets_3":0.10810810810810811,"percentBets_4":0.07692307692307693,"percentBets_1":0.14285714285714285},"output":{"chips":0.5}},
{"input":{"Win":0,"Lose":0.03,"myCurrBet":0.0033333333333333335,"step":0,"position":0.5,"bluff":1,"percentBets_1":0.07142857142857142,"handValue":0.601204,"percentBets_3":0.020618556701030927,"percentBets_4":0.020833333333333332},"output":{"chips":1}},
{"input":{"Win":0,"Lose":0.03,"myCurrBet":0.02666666666666667,"step":0.5,"position":0.5,"bluff":1,"handValue":0.1018,"percentBets_3":0.08247422680412371,"percentBets_4":0.08333333333333333,"percentBets_1":0.19047619047619047},"output":{"chips":1}},
{"input":{"Win":0,"Lose":0.03,"myCurrBet":0.013333333333333334,"step":0.25,"position":0.5,"bluff":0,"handValue":0.10110000000000001,"percentBets_3":0.041237113402061855,"percentBets_4":0.041666666666666664,"percentBets_1":0.09523809523809523},"output":{"chips":1}},
{"input":{"Win":0,"Lose":0.03,"myCurrBet":0.03,"step":0.75,"position":0.5,"bluff":0,"handValue":0.1028,"percentBets_3":0.09278350515463918,"percentBets_4":0.09375,"percentBets_1":0.19047619047619047},"output":{"chips":0.5}},
{"input":{"Win":0,"Lose":0.03,"myCurrBet":0.016666666666666666,"step":0.25,"position":0.5,"bluff":0,"handValue":0.10110000000000001,"percentBets_3":0.061855670103092786,"percentBets_4":0.07291666666666667,"percentBets_1":0.19047619047619047},"output":{"chips":0.5}},
{"input":{"Win":0,"Lose":0.02666666666666667,"myCurrBet":0.0033333333333333335,"step":0,"position":0.5,"bluff":0,"percentBets_1":0.11764705882352941,"handValue":0.600501,"percentBets_3":0.016260162601626018,"percentBets_4":0.034482758620689655},"output":{"chips":1}},
{"input":{"Win":0,"Lose":0.02666666666666667,"myCurrBet":0.02,"step":0.25,"position":0.5,"bluff":0,"handValue":0.10300000000000001,"percentBets_4":0.06896551724137931,"percentBets_1":0.20588235294117646},"output":{"chips":0.5}},
{"input":{"Win":0,"Lose":0.02666666666666667,"myCurrBet":0.02666666666666667,"step":0.75,"position":0.5,"bluff":0,"handValue":0.10550000000000001,"percentBets_4":0.09195402298850575,"percentBets_1":0.23529411764705882},"output":{"chips":0.5}},
{"input":{"Win":0,"Lose":0.02666666666666667,"myCurrBet":0.016666666666666666,"step":0.25,"position":0.5,"bluff":0,"handValue":0.10300000000000001,"percentBets_3":0,"percentBets_4":0.05747126436781609,"percentBets_1":0.14705882352941177},"output":{"chips":1}},
{"input":{"Win":0,"Lose":0.02666666666666667,"myCurrBet":0.023333333333333334,"step":0.5,"position":0.5,"bluff":0,"handValue":0.1043,"percentBets_4":0.08045977011494253,"percentBets_1":0.20588235294117646},"output":{"chips":1}},
{"input":{"Win":0,"Lose":0.02666666666666667,"myCurrBet":0.0033333333333333335,"step":0,"position":0.5,"bluff":0,"percentBets_1":0.11538461538461539,"handValue":0.601007,"percentBets_3":0.008264462809917356,"percentBets_4":0.01904761904761905},"output":{"chips":1}},
{"input":{"Win":0,"Lose":0.02666666666666667,"myCurrBet":0.02,"step":0.5,"position":0.5,"bluff":0,"handValue":0.500000000011,"percentBets_4":0.05714285714285714,"percentBets_1":0.2692307692307692},"output":{"chips":1}},
{"input":{"Win":0,"Lose":0.02666666666666667,"myCurrBet":0.016666666666666666,"step":0.25,"position":0.5,"bluff":0,"handValue":0.10400000000000001,"percentBets_4":0.047619047619047616,"percentBets_1":0.23076923076923078},"output":{"chips":0.5}},
{"input":{"Win":0,"Lose":0.02666666666666667,"myCurrBet":0.013333333333333334,"step":0.25,"position":0.5,"bluff":0,"handValue":0.10400000000000001,"percentBets_3":0,"percentBets_4":0.0380952380952381,"percentBets_1":0.15384615384615385},"output":{"chips":1}},
{"input":{"Win":0,"Lose":0.02666666666666667,"myCurrBet":0.02666666666666667,"step":0.75,"position":0.5,"bluff":0,"handValue":0.500000000011,"percentBets_4":0.0761904761904762,"percentBets_1":0.23076923076923078},"output":{"chips":0.5}},
{"input":{"Win":0.04230769230769231,"Lose":0,"myCurrBet":0.013333333333333334,"step":0.25,"position":0.5,"bluff":0,"handValue":0.1044,"percentBets_3":0,"percentBets_4":0.03305785123966942,"percentBets_1":0},"output":{"chips":1}},
{"input":{"Win":0.04230769230769231,"Lose":0,"myCurrBet":0.0033333333333333335,"step":0,"position":0.5,"bluff":0,"percentBets_1":0.15789473684210525,"handValue":0.1009,"percentBets_3":0.016666666666666666,"percentBets_4":0.01652892561983471},"output":{"chips":1}},
{"input":{"Win":0.04230769230769231,"Lose":0,"myCurrBet":0.016666666666666666,"step":0.75,"position":0.5,"bluff":0,"handValue":0.1051,"percentBets_4":0.04132231404958678},"output":{"chips":1}},
{"input":{"Win":0.04230769230769231,"Lose":0,"myCurrBet":0.016666666666666666,"step":0.5,"position":0.5,"bluff":0,"handValue":0.1048,"percentBets_4":0.04132231404958678},"output":{"chips":0.5}},
{"input":{"Win":0,"Lose":0.023333333333333334,"myCurrBet":0.02,"step":0.5,"position":0.5,"bluff":0,"handValue":0.1047,"percentBets_1":0.4375},"output":{"chips":0.5}},
{"input":{"Win":0,"Lose":0.023333333333333334,"myCurrBet":0.013333333333333334,"step":0,"position":0.5,"bluff":0,"handValue":0.10120000000000001,"percentBets_3":0.03389830508474576,"percentBets_4":0,"percentBets_1":0.3125},"output":{"chips":0.5}},
{"input":{"Win":0,"Lose":0.023333333333333334,"myCurrBet":0.016666666666666666,"step":0.25,"position":0.5,"bluff":1,"handValue":0.1034,"percentBets_3":0,"percentBets_1":0.375},"output":{"chips":0.5}},
{"input":{"Win":0,"Lose":0.023333333333333334,"myCurrBet":0.0033333333333333335,"step":0,"position":0.5,"bluff":0,"percentBets_1":0.1875,"handValue":0.10120000000000001,"percentBets_3":0.01694915254237288,"percentBets_4":0.02608695652173913},"output":{"chips":1}},
{"input":{"Win":0,"Lose":0.023333333333333334,"myCurrBet":0.023333333333333334,"step":0.75,"position":0.5,"bluff":1,"handValue":0.1044,"percentBets_1":0.4375},"output":{"chips":0.5}},
{"input":{"Win":0,"Lose":0.023333333333333334,"myCurrBet":0.006666666666666667,"step":0,"position":0.5,"bluff":0,"handValue":0.1,"percentBets_3":0.02631578947368421,"percentBets_4":0.026785714285714284,"percentBets_1":0.1},"output":{"chips":1}},
{"input":{"Win":0,"Lose":0.023333333333333334,"myCurrBet":0.0033333333333333335,"step":0,"position":0.5,"bluff":1,"percentBets_1":0.06666666666666667,"handValue":0.1,"percentBets_3":0.008771929824561403,"percentBets_4":0.008928571428571428},"output":{"chips":0.5}},
{"input":{"Win":0,"Lose":0.023333333333333334,"myCurrBet":0.013333333333333334,"step":0.25,"position":0.5,"bluff":0,"handValue":0.10250000000000001,"percentBets_3":0,"percentBets_4":0.03571428571428571,"percentBets_1":0.13333333333333333},"output":{"chips":1}},
{"input":{"Win":0,"Lose":0.023333333333333334,"myCurrBet":0.016666666666666666,"step":0.25,"position":0.5,"bluff":1,"handValue":0.10250000000000001,"percentBets_4":0.044642857142857144,"percentBets_1":0.2},"output":{"chips":0.5}},
{"input":{"Win":0,"Lose":0.023333333333333334,"myCurrBet":0.02,"step":0.5,"position":0.5,"bluff":0,"handValue":0.1033,"percentBets_4":0.05357142857142857,"percentBets_1":0.2},"output":{"chips":1}},
{"input":{"Win":0,"Lose":0.023333333333333334,"myCurrBet":0.023333333333333334,"step":0.75,"position":0.5,"bluff":0,"handValue":0.40000013121100003,"percentBets_4":0.0625,"percentBets_1":0.2},"output":{"chips":0.5}},
{"input":{"Win":0,"Lose":0.023333333333333334,"myCurrBet":0.013333333333333334,"step":0.25,"position":0.5,"bluff":0,"handValue":0.10400000000000001,"percentBets_3":0,"percentBets_4":0.03125,"percentBets_1":0.16666666666666666},"output":{"chips":1}},
{"input":{"Win":0,"Lose":0.023333333333333334,"myCurrBet":0.0033333333333333335,"step":0,"position":0.5,"bluff":0,"percentBets_1":0.125,"handValue":0.10200000000000001,"percentBets_3":0.018018018018018018,"percentBets_4":0.015625},"output":{"chips":1}},
{"input":{"Win":0,"Lose":0.023333333333333334,"myCurrBet":0.016666666666666666,"step":0.25,"position":0.5,"bluff":0,"handValue":0.10400000000000001,"percentBets_4":0.0390625,"percentBets_1":0.25},"output":{"chips":0.5}},
{"input":{"Win":0,"Lose":0.023333333333333334,"myCurrBet":0.02,"step":0.5,"position":0.5,"bluff":1,"handValue":0.10450000000000001,"percentBets_4":0.046875,"percentBets_1":0.25},"output":{"chips":1}},
{"input":{"Win":0,"Lose":0.023333333333333334,"myCurrBet":0.023333333333333334,"step":0.75,"position":0.5,"bluff":0,"handValue":0.1056,"percentBets_4":0.0546875,"percentBets_1":0.25},"output":{"chips":0.5}},
{"input":{"Win":0.037037037037037035,"Lose":0,"myCurrBet":0.0033333333333333335,"step":0,"position":0.5,"bluff":0,"percentBets_1":0.2222222222222222,"handValue":0.10110000000000001,"percentBets_3":0.01834862385321101,"percentBets_4":0.02097902097902098},"output":{"chips":1}},
{"input":{"Win":0.037037037037037035,"Lose":0,"myCurrBet":0.016666666666666666,"step":0.25,"position":0.5,"bluff":0,"handValue":0.1024,"percentBets_3":0,"percentBets_4":0,"percentBets_1":0.2777777777777778},"output":{"chips":1}},
{"input":{"Win":0.038461538461538464,"Lose":0,"myCurrBet":0.013333333333333334,"step":0.25,"position":0.5,"bluff":0,"handValue":0.1039,"percentBets_3":0,"percentBets_4":0,"percentBets_1":0.38461538461538464},"output":{"chips":1}},
{"input":{"Win":0.038461538461538464,"Lose":0,"myCurrBet":0.0033333333333333335,"step":0,"position":0.5,"bluff":1,"percentBets_1":0.3076923076923077,"handValue":0.10160000000000001,"percentBets_3":0.018691588785046728,"percentBets_4":0.02142857142857143},"output":{"chips":0.5}},
{"input":{"Win":0,"Lose":0,"myCurrBet":0.0033333333333333335,"step":0,"position":0.5,"bluff":0,"percentBets_1":0.5,"handValue":0.1018,"percentBets_3":0.01904761904761905,"percentBets_4":0.021897810218978103},"output":{"chips":0.5}},
{"input":{"Win":0,"Lose":0,"myCurrBet":0.013333333333333334,"step":0.25,"position":0.5,"bluff":0,"handValue":0.1038,"percentBets_3":0.0380952380952381,"percentBets_4":0,"percentBets_1":0.625},"output":{"chips":0}},
{"input":{"Win":0.048,"Lose":0,"myCurrBet":0.006666666666666667,"step":0,"position":0.5,"bluff":0,"percentBets_1":0.3157894736842105,"handValue":0.1,"percentBets_3":0.039603960396039604,"percentBets_4":0.029850746268656716},"output":{"chips":1}},
{"input":{"Win":0.048,"Lose":0,"myCurrBet":0.02666666666666667,"step":0.25,"position":0.5,"bluff":0,"handValue":0.1024,"percentBets_3":0,"percentBets_4":0,"percentBets_1":0.42105263157894735},"output":{"chips":1}},
{"input":{"Win":0.09663865546218488,"Lose":0,"myCurrBet":0.02,"step":0,"position":0.5,"bluff":0,"handValue":0.1013,"percentBets_3":0,"percentBets_4":0.06153846153846154,"percentBets_1":0.7272727272727273},"output":{"chips":0.5}},
{"input":{"Win":0.09663865546218488,"Lose":0,"myCurrBet":0.006666666666666667,"step":0,"position":0.5,"bluff":1,"percentBets_1":0.5454545454545454,"handValue":0.1013,"percentBets_3":0.041237113402061855,"percentBets_4":0.03076923076923077},"output":{"chips":0.5}},
{"input":{"Win":0.09663865546218488,"Lose":0,"myCurrBet":0.02666666666666667,"step":0.5,"position":0.5,"bluff":0,"handValue":0.300000080407,"percentBets_4":0.06153846153846154},"output":{"chips":0.5}},
{"input":{"Win":0.09663865546218488,"Lose":0,"myCurrBet":0.02666666666666667,"step":0.25,"position":0.5,"bluff":0,"handValue":0.10210000000000001,"percentBets_4":0.06153846153846154,"percentBets_1":0.7272727272727273},"output":{"chips":0.5}},
{"input":{"Win":0.09663865546218488,"Lose":0,"myCurrBet":0.02666666666666667,"step":0.75,"position":0.5,"bluff":0,"handValue":0.300000080706,"percentBets_4":0.06153846153846154},"output":{"chips":0}},
{"input":{"Win":0,"Lose":0,"myCurrBet":0.0033333333333333335,"step":0,"position":0.3333333333333333,"bluff":0,"percentBets_2":0.021505376344086023,"handValue":0.1017,"percentBets_3":0.03278688524590164},"output":{"chips":1}},
{"input":{"Win":0,"Lose":0,"myCurrBet":0.02,"step":0,"position":0.3333333333333333,"bluff":1,"handValue":0.1017,"percentBets_2":0.08602150537634409,"percentBets_3":0.06557377049180328},"output":{"chips":0.5}},
{"input":{"Win":0,"Lose":0,"myCurrBet":0.02666666666666667,"step":0.25,"position":0.3333333333333333,"bluff":0,"handValue":0.1024,"percentBets_2":0.08602150537634409,"percentBets_3":0.08196721311475409},"output":{"chips":0}},
{"input":{"Win":0,"Lose":0.05333333333333334,"myCurrBet":0.0033333333333333335,"step":0,"position":0.3333333333333333,"bluff":0,"percentBets_2":0.017699115044247787,"handValue":0.1009,"percentBets_3":0.03636363636363636},"output":{"chips":1}},
{"input":{"Win":0,"Lose":0.05333333333333334,"myCurrBet":0.02,"step":0.25,"position":0.3333333333333333,"bluff":0,"handValue":0.1022,"percentBets_2":0.05309734513274336,"percentBets_3":0.05454545454545454},"output":{"chips":1}},
{"input":{"Win":0,"Lose":0.05333333333333334,"myCurrBet":0.02666666666666667,"step":0.5,"position":0.3333333333333333,"bluff":0,"handValue":0.10310000000000001,"percentBets_2":0.07079646017699115,"percentBets_3":0.07272727272727272},"output":{"chips":0}},
{"input":{"Win":0,"Lose":0.05333333333333334,"myCurrBet":0.02666666666666667,"step":0.5,"position":0.3333333333333333,"bluff":0,"handValue":0.10310000000000001,"percentBets_2":0.07079646017699115,"percentBets_3":0.07272727272727272},"output":{"chips":0}},
{"input":{"Win":0,"Lose":0,"myCurrBet":0.0033333333333333335,"step":0,"position":0.3333333333333333,"bluff":0,"percentBets_2":0.015503875968992248,"handValue":0.1014,"percentBets_3":0.0392156862745098},"output":{"chips":1}},
{"input":{"Win":0,"Lose":0,"myCurrBet":0.02666666666666667,"step":0.25,"position":0.3333333333333333,"bluff":0,"handValue":0.1042,"percentBets_2":0.06201550387596899,"percentBets_3":0.0784313725490196},"output":{"chips":0}},
{"input":{"Win":0,"Lose":0,"myCurrBet":0.02666666666666667,"step":0.25,"position":0.3333333333333333,"bluff":0,"handValue":0.1042,"percentBets_2":0.06201550387596899,"percentBets_3":0.0784313725490196},"output":{"chips":0}},
{"input":{"Win":0,"Lose":0,"myCurrBet":0.02666666666666667,"step":0.25,"position":0.3333333333333333,"bluff":0,"handValue":0.10540000000000001,"percentBets_2":0.06201550387596899,"percentBets_3":0.09803921568627451},"output":{"chips":0}},
{"input":{"Win":0,"Lose":0,"myCurrBet":0.02,"step":0,"position":0.3333333333333333,"bluff":0,"handValue":0.1014,"percentBets_2":0.06201550387596899,"percentBets_3":0.0784313725490196},"output":{"chips":0.5}},
{"input":{"Win":0,"Lose":0.02666666666666667,"myCurrBet":0.0033333333333333335,"step":0,"position":0.3333333333333333,"bluff":0,"percentBets_2":0.01680672268907563,"handValue":0.10120000000000001,"percentBets_3":0.03333333333333333},"output":{"chips":1}},
{"input":{"Win":0,"Lose":0.02666666666666667,"myCurrBet":0.02,"step":0.25,"position":0.3333333333333333,"bluff":0,"handValue":0.1039,"percentBets_2":0.05042016806722689,"percentBets_3":0.05},"output":{"chips":1}},
{"input":{"Win":0,"Lose":0.02666666666666667,"myCurrBet":0.02666666666666667,"step":0.25,"position":0.3333333333333333,"bluff":0,"handValue":0.1039,"percentBets_2":0.06722689075630252,"percentBets_3":0.08333333333333333},"output":{"chips":0}},
{"input":{"Win":0,"Lose":0.02666666666666667,"myCurrBet":0.0033333333333333335,"step":0,"position":0.3333333333333333,"bluff":0,"percentBets_2":0.014388489208633094,"handValue":0.601302,"percentBets_3":0.037037037037037035},"output":{"chips":1}},
{"input":{"Win":0,"Lose":0.02666666666666667,"myCurrBet":0.02,"step":0,"position":0.3333333333333333,"bluff":0,"handValue":0.601302,"percentBets_2":0.05755395683453238,"percentBets_3":0},"output":{"chips":0}},
{"input":{"Win":0.04048582995951417,"Lose":0,"myCurrBet":0.0033333333333333335,"step":0,"position":0.3333333333333333,"bluff":1,"percentBets_2":0.013422818791946308,"handValue":0.10250000000000001,"percentBets_3":0.038461538461538464},"output":{"chips":1}},
{"input":{"Win":0.04048582995951417,"Lose":0,"myCurrBet":0.02,"step":0.25,"position":0.3333333333333333,"bluff":1,"handValue":0.1018,"percentBets_2":0.040268456375838924,"percentBets_3":0.057692307692307696},"output":{"chips":0.5}},
{"input":{"Win":0.04048582995951417,"Lose":0,"myCurrBet":0.02666666666666667,"step":0.5,"position":0.3333333333333333,"bluff":0,"handValue":0.10260000000000001,"percentBets_2":0.053691275167785234,"percentBets_3":0.07692307692307693},"output":{"chips":0}},
{"input":{"Win":0.04048582995951417,"Lose":0,"myCurrBet":0.02,"step":0.25,"position":0.3333333333333333,"bluff":0,"handValue":0.1018,"percentBets_2":0.053691275167785234,"percentBets_3":0.07692307692307693},"output":{"chips":0.5}},
{"input":{"Win":0.04048582995951417,"Lose":0,"myCurrBet":0.02666666666666667,"step":0.5,"position":0.3333333333333333,"bluff":0,"handValue":0.10260000000000001,"percentBets_2":0.053691275167785234,"percentBets_3":0.07692307692307693},"output":{"chips":0}},
{"input":{"Win":0.04219409282700422,"Lose":0,"myCurrBet":0.0033333333333333335,"step":0,"position":0.3333333333333333,"bluff":0,"percentBets_2":0.014184397163120567,"handValue":0.1017,"percentBets_3":0.020833333333333332},"output":{"chips":1}},
{"input":{"Win":0.04219409282700422,"Lose":0,"myCurrBet":0.013333333333333334,"step":0,"position":0.3333333333333333,"bluff":0,"handValue":0.1017,"percentBets_2":0.028368794326241134,"percentBets_3":0.0625},"output":{"chips":0.5}},
{"input":{"Win":0.04219409282700422,"Lose":0,"myCurrBet":0.02,"step":0.25,"position":0.3333333333333333,"bluff":1,"handValue":0.400000090806,"percentBets_2":0,"percentBets_3":0.0625},"output":{"chips":0.5}},
{"input":{"Win":0.04219409282700422,"Lose":0,"myCurrBet":0.02,"step":0.5,"position":0.3333333333333333,"bluff":0,"handValue":0.400000090806,"percentBets_3":0.0625},"output":{"chips":0.5}},
{"input":{"Win":0.04219409282700422,"Lose":0,"myCurrBet":0.02,"step":0.75,"position":0.3333333333333333,"bluff":0,"handValue":0.400000090806,"percentBets_3":0.0625},"output":{"chips":0.5}},
{"input":{"Win":0,"Lose":0.02666666666666667,"myCurrBet":0.02666666666666667,"step":0.25,"position":0.3333333333333333,"bluff":0,"handValue":0.10360000000000001,"percentBets_2":0.058394160583941604,"percentBets_3":0.08888888888888889},"output":{"chips":0}},
{"input":{"Win":0,"Lose":0.02666666666666667,"myCurrBet":0.02,"step":0,"position":0.3333333333333333,"bluff":0,"handValue":0.10120000000000001,"percentBets_2":0.058394160583941604,"percentBets_3":0.08888888888888889},"output":{"chips":0.5}},
{"input":{"Win":0,"Lose":0.02666666666666667,"myCurrBet":0.0033333333333333335,"step":0,"position":0.3333333333333333,"bluff":0,"percentBets_2":0.014598540145985401,"handValue":0.10120000000000001,"percentBets_3":0.044444444444444446},"output":{"chips":1}},
{"input":{"Win":0,"Lose":0.02666666666666667,"myCurrBet":0.02666666666666667,"step":0.25,"position":0.3333333333333333,"bluff":0,"handValue":0.1032,"percentBets_2":0.058394160583941604,"percentBets_3":0.08888888888888889},"output":{"chips":0}},
{"input":{"Win":0,"Lose":0.02666666666666667,"myCurrBet":0.02666666666666667,"step":0.25,"position":0.3333333333333333,"bluff":0,"handValue":0.10360000000000001,"percentBets_2":0.058394160583941604,"percentBets_3":0.08888888888888889},"output":{"chips":0}},
{"input":{"Win":0.06808510638297872,"Lose":0,"myCurrBet":0.0033333333333333335,"step":0,"position":0.3333333333333333,"bluff":0,"percentBets_2":0.013071895424836602,"handValue":0.10200000000000001,"percentBets_3":0.04878048780487805},"output":{"chips":1}},
{"input":{"Win":0.06808510638297872,"Lose":0,"myCurrBet":0.02666666666666667,"step":0.25,"position":0.3333333333333333,"bluff":0,"handValue":0.10200000000000001,"percentBets_2":0.05228758169934641,"percentBets_3":0.0975609756097561},"output":{"chips":0}},
{"input":{"Win":0.06808510638297872,"Lose":0,"myCurrBet":0.02,"step":0,"position":0.3333333333333333,"bluff":0,"handValue":0.10200000000000001,"percentBets_2":0.05228758169934641,"percentBets_3":0.0975609756097561},"output":{"chips":0.5}},
{"input":{"Win":0.06808510638297872,"Lose":0,"myCurrBet":0.02666666666666667,"step":0.25,"position":0.3333333333333333,"bluff":0,"handValue":0.10300000000000001,"percentBets_2":0.05228758169934641,"percentBets_3":0.0975609756097561},"output":{"chips":0}},
{"input":{"Win":0.06808510638297872,"Lose":0,"myCurrBet":0.02666666666666667,"step":0.25,"position":0.3333333333333333,"bluff":0,"handValue":0.10200000000000001,"percentBets_2":0.05228758169934641,"percentBets_3":0.0975609756097561},"output":{"chips":0}},
{"input":{"Win":0,"Lose":0.02666666666666667,"myCurrBet":0.0033333333333333335,"step":0,"position":0.3333333333333333,"bluff":1,"percentBets_2":0.013793103448275862,"handValue":0.1018,"percentBets_3":0.05405405405405406},"output":{"chips":1}},
{"input":{"Win":0,"Lose":0.02666666666666667,"myCurrBet":0.02,"step":0,"position":0.3333333333333333,"bluff":0,"handValue":0.1018,"percentBets_2":0.05517241379310345,"percentBets_3":0.10810810810810811},"output":{"chips":0.5}},
{"input":{"Win":0,"Lose":0.02666666666666667,"myCurrBet":0.02666666666666667,"step":0.25,"position":0.3333333333333333,"bluff":0,"handValue":0.10310000000000001,"percentBets_2":0.05517241379310345,"percentBets_3":0.10810810810810811},"output":{"chips":0}},
{"input":{"Win":0,"Lose":0.02666666666666667,"myCurrBet":0.02666666666666667,"step":0.25,"position":0.3333333333333333,"bluff":0,"handValue":0.10400000000000001,"percentBets_2":0.05517241379310345,"percentBets_3":0.10810810810810811},"output":{"chips":0}},
{"input":{"Win":0,"Lose":0.02666666666666667,"myCurrBet":0.02666666666666667,"step":0.25,"position":0.3333333333333333,"bluff":0,"handValue":0.10310000000000001,"percentBets_2":0.05517241379310345,"percentBets_3":0.10810810810810811},"output":{"chips":0}},
{"input":{"Win":0,"Lose":0.02666666666666667,"myCurrBet":0.0033333333333333335,"step":0,"position":0.3333333333333333,"bluff":1,"percentBets_2":0.014598540145985401,"handValue":0.10200000000000001,"percentBets_3":0.044444444444444446},"output":{"chips":0.5}},
{"input":{"Win":0,"Lose":0.02666666666666667,"myCurrBet":0.013333333333333334,"step":0,"position":0.3333333333333333,"bluff":0,"handValue":0.10200000000000001,"percentBets_2":0.043795620437956206,"percentBets_3":0.06666666666666667},"output":{"chips":0.5}},
{"input":{"Win":0,"Lose":0.02666666666666667,"myCurrBet":0.02,"step":0.25,"position":0.3333333333333333,"bluff":1,"handValue":0.1022,"percentBets_2":0.043795620437956206,"percentBets_3":0.06666666666666667},"output":{"chips":1}},
{"input":{"Win":0,"Lose":0.02666666666666667,"myCurrBet":0.02666666666666667,"step":0.5,"position":0.3333333333333333,"bluff":0,"handValue":0.300000120508,"percentBets_2":0.058394160583941604,"percentBets_3":0.08888888888888889},"output":{"chips":0}},
{"input":{"Win":0,"Lose":0.02666666666666667,"myCurrBet":0.02666666666666667,"step":0.5,"position":0.3333333333333333,"bluff":0,"handValue":0.300000120508,"percentBets_2":0.058394160583941604,"percentBets_3":0.08888888888888889},"output":{"chips":0}},
{"input":{"Win":0,"Lose":0.03333333333333333,"myCurrBet":0.0033333333333333335,"step":0,"position":0.3333333333333333,"bluff":0,"percentBets_2":0.013071895424836602,"handValue":0.1005,"percentBets_3":0.04878048780487805},"output":{"chips":1}},
{"input":{"Win":0,"Lose":0.03333333333333333,"myCurrBet":0.02,"step":0.25,"position":0.3333333333333333,"bluff":0,"handValue":0.1028,"percentBets_2":0.0392156862745098,"percentBets_3":0.07317073170731707},"output":{"chips":1}},
{"input":{"Win":0,"Lose":0.03333333333333333,"myCurrBet":0.02666666666666667,"step":0.5,"position":0.3333333333333333,"bluff":1,"handValue":0.10250000000000001,"percentBets_2":0.05228758169934641,"percentBets_3":0.0975609756097561},"output":{"chips":1}},
{"input":{"Win":0,"Lose":0.03333333333333333,"myCurrBet":0.02666666666666667,"step":0.5,"position":0.3333333333333333,"bluff":0,"handValue":0.10250000000000001,"percentBets_2":0.05228758169934641,"percentBets_3":0.0975609756097561},"output":{"chips":0}},
{"input":{"Win":0,"Lose":0.02666666666666667,"myCurrBet":0.02,"step":0,"position":0.3333333333333333,"bluff":1,"handValue":0.6005039999999999,"percentBets_2":0.055944055944055944,"percentBets_3":0.0784313725490196},"output":{"chips":0.5}},
{"input":{"Win":0,"Lose":0.02666666666666667,"myCurrBet":0.0033333333333333335,"step":0,"position":0.3333333333333333,"bluff":0,"percentBets_2":0.013986013986013986,"handValue":0.6005039999999999,"percentBets_3":0.0392156862745098},"output":{"chips":1}},
{"input":{"Win":0,"Lose":0.02666666666666667,"myCurrBet":0.02666666666666667,"step":0.5,"position":0.3333333333333333,"bluff":0,"handValue":0.1039,"percentBets_2":0.055944055944055944,"percentBets_3":0.0784313725490196},"output":{"chips":0}},
{"input":{"Win":0,"Lose":0.02666666666666667,"myCurrBet":0.02666666666666667,"step":0.25,"position":0.3333333333333333,"bluff":0,"handValue":0.1032,"percentBets_2":0.055944055944055944,"percentBets_3":0.0784313725490196},"output":{"chips":0.5}},
{"input":{"Win":0,"Lose":0.02666666666666667,"myCurrBet":0.02666666666666667,"step":0.5,"position":0.3333333333333333,"bluff":0,"handValue":0.1039,"percentBets_2":0.055944055944055944,"percentBets_3":0.0784313725490196},"output":{"chips":0}},
{"input":{"Win":0.04743083003952569,"Lose":0,"myCurrBet":0.005,"step":0,"position":0.3333333333333333,"bluff":1,"percentBets_2":0.018867924528301886,"handValue":0.600706,"percentBets_3":0.06382978723404255},"output":{"chips":1}},
{"input":{"Win":0.04743083003952569,"Lose":0,"myCurrBet":0.03,"step":0.25,"position":0.3333333333333333,"bluff":0,"handValue":0.40000006070300004,"percentBets_2":0,"percentBets_3":0.09574468085106383},"output":{"chips":0}},
{"input":{"Win":0.04743083003952569,"Lose":0,"myCurrBet":0.03,"step":0.75,"position":0.3333333333333333,"bluff":0,"handValue":0.7000000006029999,"percentBets_3":0.09574468085106383},"output":{"chips":0.5}},
{"input":{"Win":0.04743083003952569,"Lose":0,"myCurrBet":0.03,"step":0.25,"position":0.3333333333333333,"bluff":1,"handValue":0.40000006070300004,"percentBets_3":0.09574468085106383},"output":{"chips":0.5}},
{"input":{"Win":0.06224066390041494,"Lose":0,"myCurrBet":0.03,"step":0.25,"position":0.3333333333333333,"bluff":0,"handValue":0.40000008100900003,"percentBets_2":0,"percentBets_3":0.10588235294117647},"output":{"chips":0}},
{"input":{"Win":0.06224066390041494,"Lose":0,"myCurrBet":0.03,"step":0.25,"position":0.3333333333333333,"bluff":1,"handValue":0.40000008100900003,"percentBets_3":0.10588235294117647},"output":{"chips":1}},
{"input":{"Win":0.06224066390041494,"Lose":0,"myCurrBet":0.005,"step":0,"position":0.3333333333333333,"bluff":0,"percentBets_2":0.019230769230769232,"handValue":0.1018,"percentBets_3":0.07058823529411765},"output":{"chips":1}},
{"input":{"Win":0.06224066390041494,"Lose":0,"myCurrBet":0.04,"step":0.75,"position":0.3333333333333333,"bluff":0,"handValue":0.40000008100900003,"percentBets_3":0.1411764705882353},"output":{"chips":0.5}},
{"input":{"Win":0,"Lose":0.03,"myCurrBet":0.03,"step":0.25,"position":0.3333333333333333,"bluff":0,"handValue":0.1029,"percentBets_2":0.058823529411764705,"percentBets_3":0.1232876712328767},"output":{"chips":0}},
{"input":{"Win":0,"Lose":0.03,"myCurrBet":0.005,"step":0,"position":0.3333333333333333,"bluff":0,"percentBets_2":0.0196078431372549,"handValue":0.1013,"percentBets_3":0.0821917808219178},"output":{"chips":1}},
{"input":{"Win":0,"Lose":0.03,"myCurrBet":0.03,"step":0.75,"position":0.3333333333333333,"bluff":1,"handValue":0.400000090706,"percentBets_2":0.058823529411764705,"percentBets_3":0.1232876712328767},"output":{"chips":0.5}},
{"input":{"Win":0,"Lose":0.03,"myCurrBet":0.03,"step":0.25,"position":0.3333333333333333,"bluff":1,"handValue":0.1029,"percentBets_2":0.058823529411764705,"percentBets_3":0.1232876712328767},"output":{"chips":0.5}},
{"input":{"Win":0,"Lose":0,"myCurrBet":0.02,"step":0.25,"position":0.3333333333333333,"bluff":0,"handValue":0.300000120113,"percentBets_2":0.03508771929824561,"percentBets_3":0.140625},"output":{"chips":0}},
{"input":{"Win":0,"Lose":0,"myCurrBet":0.005,"step":0,"position":0.3333333333333333,"bluff":0,"percentBets_2":0.017543859649122806,"handValue":0.1,"percentBets_3":0.09375},"output":{"chips":0.5}},
{"input":{"Win":0,"Lose":0.02,"myCurrBet":0.005,"step":0,"position":0.3333333333333333,"bluff":0,"percentBets_2":0.018518518518518517,"handValue":0.601204,"percentBets_3":0.0759493670886076},"output":{"chips":0}},
{"input":{"Win":0.056016597510373446,"Lose":0,"myCurrBet":0.03,"step":0.25,"position":0.3333333333333333,"bluff":1,"handValue":0.30000012091,"percentBets_2":0,"percentBets_3":0.12857142857142856},"output":{"chips":1}},
{"input":{"Win":0.056016597510373446,"Lose":0,"myCurrBet":0.005,"step":0,"position":0.3333333333333333,"bluff":1,"percentBets_2":0.017391304347826087,"handValue":0.1,"percentBets_3":0.08571428571428572},"output":{"chips":1}},
{"input":{"Win":0.056016597510373446,"Lose":0,"myCurrBet":0.04,"step":0.5,"position":0.3333333333333333,"bluff":1,"handValue":0.30000012091,"percentBets_3":0.17142857142857143},"output":{"chips":0.5}},
{"input":{"Win":0.056016597510373446,"Lose":0,"myCurrBet":0.04,"step":0.75,"position":0.3333333333333333,"bluff":0,"handValue":0.300000120911,"percentBets_3":0.17142857142857143},"output":{"chips":0}},
{"input":{"Win":0,"Lose":0,"myCurrBet":0.005,"step":0,"position":0.3333333333333333,"bluff":0,"percentBets_2":0.017699115044247787,"handValue":0.1014,"percentBets_3":0.10344827586206896},"output":{"chips":0.5}},
{"input":{"Win":0,"Lose":0,"myCurrBet":0.02,"step":0.25,"position":0.3333333333333333,"bluff":0,"handValue":0.10360000000000001,"percentBets_2":0.035398230088495575,"percentBets_3":0.15517241379310345},"output":{"chips":0}},
{"input":{"Win":0,"Lose":0,"myCurrBet":0.02,"step":0.25,"position":0.3333333333333333,"bluff":0,"handValue":0.10360000000000001,"percentBets_2":0.035398230088495575,"percentBets_3":0.10344827586206896},"output":{"chips":0}},
{"input":{"Win":0,"Lose":0.05,"myCurrBet":0.005,"step":0,"position":0.3333333333333333,"bluff":0,"percentBets_2":0.016260162601626018,"handValue":0.10110000000000001,"percentBets_3":0.12244897959183673},"output":{"chips":0.5}},
{"input":{"Win":0,"Lose":0.05,"myCurrBet":0.03,"step":0.5,"position":0.3333333333333333,"bluff":0,"handValue":0.1032,"percentBets_2":0.04878048780487805,"percentBets_3":0.1836734693877551},"output":{"chips":0}},
{"input":{"Win":0,"Lose":0.05,"myCurrBet":0.03,"step":0.5,"position":0.3333333333333333,"bluff":0,"handValue":0.1032,"percentBets_2":0.04878048780487805,"percentBets_3":0.1836734693877551},"output":{"chips":0}},
{"input":{"Win":0,"Lose":0.05,"myCurrBet":0.02,"step":0.25,"position":0.3333333333333333,"bluff":1,"handValue":0.10260000000000001,"percentBets_2":0.032520325203252036,"percentBets_3":0.12244897959183673},"output":{"chips":1}},
{"input":{"Win":0,"Lose":0.07,"myCurrBet":0.005,"step":0,"position":0.3333333333333333,"bluff":0,"percentBets_2":0.017094017094017096,"handValue":0.10250000000000001,"percentBets_3":0.08955223880597014},"output":{"chips":1}},
{"input":{"Win":0,"Lose":0.07,"myCurrBet":0.03,"step":0.25,"position":0.3333333333333333,"bluff":0,"handValue":0.10490000000000001,"percentBets_2":0.05128205128205128,"percentBets_3":0},"output":{"chips":1}},
{"input":{"Win":0,"Lose":0.07,"myCurrBet":0.04,"step":0.25,"position":0.3333333333333333,"bluff":0,"handValue":0.10490000000000001,"percentBets_2":0.08547008547008547},"output":{"chips":0.5}},
{"input":{"Win":0,"Lose":0.07,"myCurrBet":0.07,"step":0.75,"position":0.3333333333333333,"bluff":0,"handValue":0.10590000000000001,"percentBets_2":0.11965811965811966},"output":{"chips":0}},
{"input":{"Win":0,"Lose":0.07,"myCurrBet":0.05,"step":0.5,"position":0.3333333333333333,"bluff":1,"handValue":0.10550000000000001,"percentBets_2":0.10256410256410256},"output":{"chips":1}},
{"input":{"Win":0.04554079696394687,"Lose":0,"myCurrBet":0.005,"step":0,"position":0.3333333333333333,"bluff":0,"percentBets_2":0.014814814814814815,"handValue":0.1013,"percentBets_3":0.09836065573770492},"output":{"chips":0.5}},
{"input":{"Win":0.04554079696394687,"Lose":0,"myCurrBet":0.02,"step":0.25,"position":0.3333333333333333,"bluff":0,"handValue":0.1028,"percentBets_2":0,"percentBets_3":0.09836065573770492},"output":{"chips":1}},
{"input":{"Win":0.04554079696394687,"Lose":0,"myCurrBet":0.03,"step":0.5,"position":0.3333333333333333,"bluff":0,"handValue":0.300000070612,"percentBets_3":0.14754098360655737},"output":{"chips":0}},
{"input":{"Win":0.04554079696394687,"Lose":0,"myCurrBet":0.03,"step":0.5,"position":0.3333333333333333,"bluff":0,"handValue":0.300000070612,"percentBets_3":0.14754098360655737},"output":{"chips":0}},
{"input":{"Win":0,"Lose":0,"myCurrBet":0.005,"step":0,"position":0.3333333333333333,"bluff":0,"percentBets_2":0.015037593984962405,"handValue":0.601106,"percentBets_3":0.11538461538461539},"output":{"chips":0}},
{"input":{"Win":0,"Lose":0.005,"myCurrBet":0.005,"step":0,"position":0.3333333333333333,"bluff":0,"percentBets_2":0.015748031496062992,"handValue":0.601102,"percentBets_3":0.096},"output":{"chips":0}},
{"input":{"Win":0.041501976284584984,"Lose":0,"myCurrBet":0.005,"step":0,"position":0.3333333333333333,"bluff":1,"percentBets_2":0.015151515151515152,"handValue":0.1017,"percentBets_3":0.10619469026548672},"output":{"chips":0.5}},
{"input":{"Win":0.041501976284584984,"Lose":0,"myCurrBet":0.02,"step":0.25,"position":0.3333333333333333,"bluff":0,"handValue":0.1032,"percentBets_2":0.030303030303030304,"percentBets_3":0.10619469026548672},"output":{"chips":0}},
{"input":{"Win":0.041501976284584984,"Lose":0,"myCurrBet":0.02,"step":0.25,"position":0.3333333333333333,"bluff":0,"handValue":0.1032,"percentBets_2":0.030303030303030304,"percentBets_3":0.10619469026548672},"output":{"chips":0}},
{"input":{"Win":0.041501976284584984,"Lose":0,"myCurrBet":0.02,"step":0.25,"position":0.3333333333333333,"bluff":0,"handValue":0.1024,"percentBets_2":0.030303030303030304,"percentBets_3":0.10619469026548672},"output":{"chips":0}},
{"input":{"Win":0,"Lose":0,"myCurrBet":0.005,"step":0,"position":0.3333333333333333,"bluff":0,"percentBets_2":0.015625,"handValue":0.1013,"percentBets_3":0.1188118811881188},"output":{"chips":0.5}},
{"input":{"Win":0,"Lose":0,"myCurrBet":0.02,"step":0.25,"position":0.3333333333333333,"bluff":0,"handValue":0.1018,"percentBets_2":0,"percentBets_3":0.1782178217821782},"output":{"chips":0}},
{"input":{"Win":0,"Lose":0.02,"myCurrBet":0.005,"step":0,"position":0.3333333333333333,"bluff":0,"percentBets_2":0.015873015873015872,"handValue":0.500000000003,"percentBets_3":0.10084033613445378},"output":{"chips":0}},
{"input":{"Win":0,"Lose":0.005,"myCurrBet":0.005,"step":0,"position":0.3333333333333333,"bluff":0,"percentBets_2":0.016666666666666666,"handValue":0.601312,"percentBets_3":0.08571428571428572},"output":{"chips":0}},
{"input":{"Win":0,"Lose":0.045,"myCurrBet":0.005,"step":0,"position":0.3333333333333333,"bluff":0,"percentBets_2":0.017241379310344827,"handValue":0.1013,"percentBets_3":0.07741935483870968},"output":{"chips":1}},
{"input":{"Win":0,"Lose":0.045,"myCurrBet":0.04,"step":0.5,"position":0.3333333333333333,"bluff":0,"handValue":0.1034,"percentBets_3":0.15483870967741936},"output":{"chips":0}},
{"input":{"Win":0,"Lose":0.045,"myCurrBet":0.03,"step":0.25,"position":0.3333333333333333,"bluff":0,"handValue":0.1044,"percentBets_2":0,"percentBets_3":0.11612903225806452},"output":{"chips":1}},
{"input":{"Win":0,"Lose":0.045,"myCurrBet":0.04,"step":0.5,"position":0.3333333333333333,"bluff":0,"handValue":0.1034,"percentBets_3":0.15483870967741936},"output":{"chips":0}},
{"input":{"Win":0,"Lose":0,"myCurrBet":0.005,"step":0,"position":0.3333333333333333,"bluff":0,"percentBets_2":0.017543859649122806,"handValue":0.601106,"percentBets_3":0.06486486486486487},"output":{"chips":0}},
{"input":{"Win":0,"Lose":0.005,"myCurrBet":0.005,"step":0,"position":0.3333333333333333,"bluff":0,"percentBets_2":0.016260162601626018,"handValue":0.60121,"percentBets_3":0.07453416149068323},"output":{"chips":0}},
{"input":{"Win":0.08490566037735849,"Lose":0,"myCurrBet":0.005,"step":0,"position":0.3333333333333333,"bluff":0,"percentBets_2":0.015384615384615385,"handValue":0.1015,"percentBets_3":0.08391608391608392},"output":{"chips":1}},
{"input":{"Win":0.08490566037735849,"Lose":0,"myCurrBet":0.03,"step":0,"position":0.3333333333333333,"bluff":0,"handValue":0.1015,"percentBets_2":0.06153846153846154,"percentBets_3":0.16783216783216784},"output":{"chips":0.5}},
{"input":{"Win":0.08490566037735849,"Lose":0,"myCurrBet":0.04,"step":0.25,"position":0.3333333333333333,"bluff":0,"handValue":0.10350000000000001,"percentBets_2":0.06153846153846154,"percentBets_3":0.16783216783216784},"output":{"chips":0}},
{"input":{"Win":0.08490566037735849,"Lose":0,"myCurrBet":0.04,"step":0.25,"position":0.3333333333333333,"bluff":0,"handValue":0.10350000000000001,"percentBets_2":0.06153846153846154,"percentBets_3":0.16783216783216784},"output":{"chips":0}},
{"input":{"Win":0.08490566037735849,"Lose":0,"myCurrBet":0.04,"step":0.25,"position":0.3333333333333333,"bluff":0,"handValue":0.10360000000000001,"percentBets_2":0.06153846153846154,"percentBets_3":0.16783216783216784},"output":{"chips":0}},
{"input":{"Win":0,"Lose":0.02666666666666667,"myCurrBet":0.02666666666666667,"step":0.25,"position":0.3333333333333333,"bluff":0,"handValue":0.1032,"percentBets_2":0.04371584699453552,"percentBets_3":0.13445378151260504},"output":{"chips":0}},
{"input":{"Win":0,"Lose":0.02666666666666667,"myCurrBet":0.02666666666666667,"step":0.25,"position":0.3333333333333333,"bluff":0,"handValue":0.10300000000000001,"percentBets_2":0.04371584699453552,"percentBets_3":0.13445378151260504},"output":{"chips":0}},
{"input":{"Win":0,"Lose":0.02666666666666667,"myCurrBet":0.02666666666666667,"step":0.25,"position":0.3333333333333333,"bluff":0,"handValue":0.10300000000000001,"percentBets_2":0.04371584699453552,"percentBets_3":0.13445378151260504},"output":{"chips":0}},
{"input":{"Win":0,"Lose":0.02666666666666667,"myCurrBet":0.006666666666666667,"step":0,"position":0.3333333333333333,"bluff":0,"percentBets_2":0.02185792349726776,"handValue":0.1013,"percentBets_3":0.13445378151260504},"output":{"chips":0.5}},
{"input":{"Win":0,"Lose":0.04,"myCurrBet":0.006666666666666667,"step":0,"position":0.3333333333333333,"bluff":0,"percentBets_2":0.022857142857142857,"handValue":0.1019,"percentBets_3":0.10596026490066225},"output":{"chips":0.5}},
{"input":{"Win":0,"Lose":0.04,"myCurrBet":0.02666666666666667,"step":0.25,"position":0.3333333333333333,"bluff":0,"handValue":0.10250000000000001,"percentBets_2":0,"percentBets_3":0.10596026490066225},"output":{"chips":1}},
{"input":{"Win":0,"Lose":0.04,"myCurrBet":0.04,"step":0.5,"position":0.3333333333333333,"bluff":0,"handValue":0.1038,"percentBets_3":0.15894039735099338},"output":{"chips":0}},
{"input":{"Win":0,"Lose":0.04,"myCurrBet":0.04,"step":0.5,"position":0.3333333333333333,"bluff":0,"handValue":0.1038,"percentBets_3":0.15894039735099338},"output":{"chips":0}},
{"input":{"Win":0,"Lose":0.06666666666666667,"myCurrBet":0.006666666666666667,"step":0,"position":0.3333333333333333,"bluff":0,"percentBets_2":0.023391812865497075,"handValue":0.101,"percentBets_3":0.08743169398907104},"output":{"chips":1}},
{"input":{"Win":0,"Lose":0.06666666666666667,"myCurrBet":0.04,"step":0,"position":0.3333333333333333,"bluff":0,"handValue":0.101,"percentBets_2":0.0935672514619883,"percentBets_3":0},"output":{"chips":0.5}},
{"input":{"Win":0,"Lose":0.06666666666666667,"myCurrBet":0.05333333333333334,"step":0.25,"position":0.3333333333333333,"bluff":0,"handValue":0.10260000000000001,"percentBets_2":0.11695906432748537},"output":{"chips":0.5}},
{"input":{"Win":0,"Lose":0.06666666666666667,"myCurrBet":0.06666666666666667,"step":0.5,"position":0.3333333333333333,"bluff":0,"handValue":0.1039,"percentBets_2":0.11695906432748537},"output":{"chips":0}},
{"input":{"Win":0,"Lose":0.06666666666666667,"myCurrBet":0.06666666666666667,"step":0.5,"position":0.3333333333333333,"bluff":0,"handValue":0.1039,"percentBets_2":0.11695906432748537},"output":{"chips":0}},
{"input":{"Win":0,"Lose":0.058333333333333334,"myCurrBet":0.006666666666666667,"step":0,"position":0.3333333333333333,"bluff":0,"percentBets_2":0.020100502512562814,"handValue":0.1015,"percentBets_3":0.04790419161676647},"output":{"chips":1}},
{"input":{"Win":0,"Lose":0.058333333333333334,"myCurrBet":0.02666666666666667,"step":0,"position":0.3333333333333333,"bluff":0,"handValue":0.1015,"percentBets_2":0.04020100502512563,"percentBets_3":0.1437125748502994},"output":{"chips":0.5}},
{"input":{"Win":0,"Lose":0.058333333333333334,"myCurrBet":0.04,"step":0.25,"position":0.3333333333333333,"bluff":0,"handValue":0.1039,"percentBets_3":0.1437125748502994},"output":{"chips":0}},
{"input":{"Win":0,"Lose":0.058333333333333334,"myCurrBet":0.04,"step":0.25,"position":0.3333333333333333,"bluff":0,"handValue":0.1039,"percentBets_2":0,"percentBets_3":0.1437125748502994},"output":{"chips":0}},
{"input":{"Win":0,"Lose":0.058333333333333334,"myCurrBet":0.04,"step":0.25,"position":0.3333333333333333,"bluff":0,"handValue":0.1051,"percentBets_3":0.1437125748502994},"output":{"chips":0}},
