{"input":{"Win":0.18666666666666668,"Lose":0,"myCurrBet":0.023333333333333334,"step":0,"position":1,"bluff":0,"handValue":0.1009,"percentBets_1":0.09333333333333334,"percentBets_2":0.18666666666666668,"percentBets_3":0.18666666666666668},"output":{"chips":0.5}},
{"input":{"Win":0.18666666666666668,"Lose":0,"myCurrBet":0.04666666666666667,"step":0.5,"position":1,"bluff":0,"handValue":0.601308070502,"percentBets_1":0.18666666666666668,"percentBets_2":0.18666666666666668,"percentBets_3":0.18666666666666668},"output":{"chips":0}},
{"input":{"Win":0.18666666666666668,"Lose":0,"myCurrBet":0.04666666666666667,"step":0.5,"position":1,"bluff":0,"handValue":0.601308070502,"percentBets_1":0.18666666666666668,"percentBets_2":0.18666666666666668,"percentBets_3":0.18666666666666668},"output":{"chips":0}},
{"input":{"Win":0.18666666666666668,"Lose":0,"myCurrBet":0,"step":0,"position":1,"bluff":0,"percentBets_1":0.006666666666666667,"percentBets_2":0.013333333333333334,"handValue":0.1009,"percentBets_3":0.04},"output":{"chips":0.5}},
{"input":{"Win":0.18666666666666668,"Lose":0,"myCurrBet":0.01,"step":0,"position":1,"bluff":1,"handValue":0.1009,"percentBets_1":0.04,"percentBets_2":0.08,"percentBets_3":0.08},"output":{"chips":1}},
{"input":{"Win":0.18666666666666668,"Lose":0,"myCurrBet":0.04666666666666667,"step":0.25,"position":1,"bluff":0,"handValue":0.10200000000000001,"percentBets_1":0.18666666666666668,"percentBets_2":0.18666666666666668,"percentBets_3":0.18666666666666668},"output":{"chips":0.5}},
{"input":{"Win":0,"Lose":0.07333333333333333,"myCurrBet":0,"step":0,"position":1,"bluff":1,"percentBets_1":0.00819672131147541,"percentBets_2":0.01639344262295082,"handValue":0.10120000000000001,"percentBets_3":0.03278688524590164},"output":{"chips":1}},
{"input":{"Win":0,"Lose":0.07333333333333333,"myCurrBet":0.07333333333333333,"step":0.25,"position":1,"bluff":0,"handValue":0.10200000000000001,"percentBets_1":0.36065573770491804,"percentBets_2":0.36065573770491804,"percentBets_3":0.36065573770491804},"output":{"chips":0}},
{"input":{"Win":0,"Lose":0.07333333333333333,"myCurrBet":0.03666666666666667,"step":0,"position":1,"bluff":0,"handValue":0.10120000000000001,"percentBets_1":0.18032786885245902,"percentBets_2":0.36065573770491804,"percentBets_3":0.36065573770491804},"output":{"chips":0.5}},
{"input":{"Win":0,"Lose":0.07333333333333333,"myCurrBet":0.016666666666666666,"step":0,"position":1,"bluff":1,"handValue":0.10120000000000001,"percentBets_1":0.08196721311475409,"percentBets_2":0.16393442622950818,"percentBets_3":0.16393442622950818},"output":{"chips":1}},
{"input":{"Win":0,"Lose":0.07333333333333333,"myCurrBet":0.07333333333333333,"step":0.25,"position":1,"bluff":0,"handValue":0.10200000000000001,"percentBets_1":0.36065573770491804,"percentBets_2":0.36065573770491804,"percentBets_3":0.36065573770491804},"output":{"chips":0}},
{"input":{"Win":0,"Lose":0.07333333333333333,"myCurrBet":0.07333333333333333,"step":0.25,"position":1,"bluff":0,"handValue":0.1023,"percentBets_1":0.36065573770491804,"percentBets_2":0.36065573770491804,"percentBets_3":0.36065573770491804},"output":{"chips":0}},
{"input":{"Win":0,"Lose":0,"myCurrBet":0.01,"step":0,"position":1,"bluff":0,"handValue":0.1014,"percentBets_1":0.07692307692307693,"percentBets_2":0.047244094488188976,"percentBets_3":0.20512820512820512},"output":{"chips":0.5}},
{"input":{"Win":0,"Lose":0,"myCurrBet":0.056666666666666664,"step":0,"position":1,"bluff":0,"handValue":0.1014,"percentBets_1":0.4358974358974359,"percentBets_2":0.2677165354330709,"percentBets_3":0.9487179487179487},"output":{"chips":0}},
{"input":{"Win":0,"Lose":0,"myCurrBet":0.02666666666666667,"step":0,"position":1,"bluff":0,"handValue":0.1014,"percentBets_1":0.20512820512820512,"percentBets_2":0.12598425196850394,"percentBets_3":0.4358974358974359},"output":{"chips":0.5}},
{"input":{"Win":0,"Lose":0,"myCurrBet":0,"step":0,"position":1,"bluff":0,"percentBets_1":0.01282051282051282,"percentBets_2":0.007874015748031496,"handValue":0.1014,"percentBets_3":0.07692307692307693},"output":{"chips":0.5}},
{"input":{"Win":0.15609756097560976,"Lose":0,"myCurrBet":0.01,"step":0,"position":1,"bluff":0,"handValue":0.1013,"percentBets_1":0.13636363636363635,"percentBets_2":0.06451612903225806,"percentBets_3":0.08411214953271028},"output":{"chips":0.5}},
{"input":{"Win":0.15609756097560976,"Lose":0,"myCurrBet":0,"step":0,"position":1,"bluff":0,"percentBets_1":0.022727272727272728,"percentBets_2":0.010752688172043012,"handValue":0.1013,"percentBets_3":0.028037383177570093},"output":{"chips":0.5}},
{"input":{"Win":0.15609756097560976,"Lose":0,"myCurrBet":0.03,"step":0,"position":1,"bluff":0,"handValue":0.1013,"percentBets_1":0.4090909090909091,"percentBets_2":0.1935483870967742,"percentBets_3":0},"output":{"chips":0.5}},
{"input":{"Win":0.15609756097560976,"Lose":0,"myCurrBet":0.06,"step":0.25,"position":1,"bluff":1,"handValue":0.10160000000000001,"percentBets_1":0.8181818181818182,"percentBets_2":0.1935483870967742},"output":{"chips":1}},
{"input":{"Win":0,"Lose":0,"myCurrBet":0.006666666666666667,"step":0,"position":1,"bluff":0,"handValue":0.1013,"percentBets_1":0.05333333333333334,"percentBets_2":0.05102040816326531},"output":{"chips":0.5}},
{"input":{"Win":0,"Lose":0,"myCurrBet":0,"step":0,"position":1,"bluff":0,"percentBets_1":0.006666666666666667,"percentBets_2":0.01020408163265306,"handValue":0.1013},"output":{"chips":1}},
{"input":{"Win":0,"Lose":0,"myCurrBet":0.04,"step":0,"position":1,"bluff":0,"handValue":0.1013,"percentBets_1":0.32,"percentBets_2":0.25510204081632654},"output":{"chips":0.5}},
{"input":{"Win":0,"Lose":0,"myCurrBet":0.08333333333333333,"step":0,"position":1,"bluff":0,"handValue":0.1013,"percentBets_1":0.6666666666666666,"percentBets_2":0},"output":{"chips":0}},
{"input":{"Win":0,"Lose":0,"myCurrBet":0.016666666666666666,"step":0,"position":1,"bluff":0,"handValue":0.1013,"percentBets_1":0.13333333333333333,"percentBets_2":0.12244897959183673},"output":{"chips":0.5}},
{"input":{"Win":0,"Lose":0.15666666666666668,"myCurrBet":0,"step":0,"position":1,"bluff":0,"percentBets_1":0.004,"percentBets_2":0.0136986301369863,"handValue":0.1009},"output":{"chips":1}},
{"input":{"Win":0,"Lose":0.15666666666666668,"myCurrBet":0.06,"step":0.25,"position":1,"bluff":0,"handValue":0.1028,"percentBets_1":0.144,"percentBets_2":0.2465753424657534},"output":{"chips":0.5}},
{"input":{"Win":0,"Lose":0.15666666666666668,"myCurrBet":0.06,"step":0.5,"position":1,"bluff":0,"handValue":0.1039,"percentBets_1":0.144,"percentBets_2":0.273972602739726},"output":{"chips":0.5}},
{"input":{"Win":0,"Lose":0.15666666666666668,"myCurrBet":0.06666666666666667,"step":0.5,"position":1,"bluff":0,"handValue":0.1039,"percentBets_1":0.176,"percentBets_2":0.2465753424657534},"output":{"chips":0.5}},
{"input":{"Win":0,"Lose":0.15666666666666668,"myCurrBet":0.013333333333333334,"step":0,"position":1,"bluff":0,"handValue":0.1009,"percentBets_1":0.064,"percentBets_2":0.1232876712328767},"output":{"chips":0.5}},
{"input":{"Win":0,"Lose":0.15666666666666668,"myCurrBet":0.03,"step":0,"position":1,"bluff":0,"handValue":0.1009,"percentBets_1":0.144,"percentBets_2":0.2465753424657534},"output":{"chips":0.5}},
{"input":{"Win":0,"Lose":0.15666666666666668,"myCurrBet":0.07333333333333333,"step":0.75,"position":1,"bluff":0,"handValue":0.10360000000000001,"percentBets_1":0.176},"output":{"chips":0.5}},
{"input":{"Win":0,"Lose":0.08666666666666667,"myCurrBet":0.06666666666666667,"step":0.25,"position":1,"bluff":0,"handValue":0.1015,"percentBets_1":0.11976047904191617,"percentBets_2":0.37735849056603776},"output":{"chips":0.5}},
{"input":{"Win":0,"Lose":0.08666666666666667,"myCurrBet":0,"step":0,"position":1,"bluff":0,"percentBets_1":0.0029940119760479044,"percentBets_2":0.018867924528301886,"handValue":0.10160000000000001},"output":{"chips":1}},
{"input":{"Win":0,"Lose":0.08666666666666667,"myCurrBet":0.06666666666666667,"step":0.5,"position":1,"bluff":0,"handValue":0.10250000000000001,"percentBets_1":0.11976047904191617,"percentBets_2":0.4339622641509434},"output":{"chips":0.5}},
{"input":{"Win":0,"Lose":0.08666666666666667,"myCurrBet":0.07666666666666666,"step":0.5,"position":1,"bluff":0,"handValue":0.10250000000000001,"percentBets_1":0.15568862275449102,"percentBets_2":0.37735849056603776},"output":{"chips":0.5}},
{"input":{"Win":0,"Lose":0.08666666666666667,"myCurrBet":0.08666666666666667,"step":0.75,"position":1,"bluff":0,"handValue":0.30000011051,"percentBets_1":0.15568862275449102},"output":{"chips":0}},
{"input":{"Win":0,"Lose":0.08666666666666667,"myCurrBet":0.03333333333333333,"step":0,"position":1,"bluff":0,"handValue":0.10160000000000001,"percentBets_1":0.11976047904191617,"percentBets_2":0.37735849056603776},"output":{"chips":0.5}},
{"input":{"Win":0,"Lose":0.08666666666666667,"myCurrBet":0.013333333333333334,"step":0,"position":1,"bluff":0,"handValue":0.10160000000000001,"percentBets_1":0.04790419161676647,"percentBets_2":0.18867924528301888},"output":{"chips":0.5}},
{"input":{"Win":0,"Lose":0.06,"myCurrBet":0.006666666666666667,"step":0,"position":1,"bluff":0,"handValue":0.1013,"percentBets_1":0.018518518518518517,"percentBets_2":0.23333333333333334},"output":{"chips":0.5}},
{"input":{"Win":0,"Lose":0.06,"myCurrBet":0.023333333333333334,"step":0,"position":1,"bluff":0,"handValue":0.1013,"percentBets_1":0.06481481481481481,"percentBets_2":0.4666666666666667},"output":{"chips":0.5}},
{"input":{"Win":0,"Lose":0.06,"myCurrBet":0.04666666666666667,"step":0.25,"position":1,"bluff":1,"handValue":0.400000110402,"percentBets_1":0.06481481481481481,"percentBets_2":0.4666666666666667},"output":{"chips":1}},
{"input":{"Win":0,"Lose":0.06,"myCurrBet":0.05333333333333334,"step":0.25,"position":1,"bluff":0,"handValue":0.400000110402,"percentBets_1":0.08333333333333333,"percentBets_2":0.4666666666666667},"output":{"chips":0.5}},
{"input":{"Win":0,"Lose":0.06,"myCurrBet":0,"step":0,"position":1,"bluff":1,"percentBets_1":0.0023148148148148147,"percentBets_2":0.03333333333333333,"handValue":0.1013},"output":{"chips":1}},
{"input":{"Win":0,"Lose":0.06,"myCurrBet":0.06,"step":0.75,"position":1,"bluff":0,"handValue":0.700000001102,"percentBets_1":0.08333333333333333},"output":{"chips":0}},
{"input":{"Win":0,"Lose":0.06,"myCurrBet":0.06,"step":0.5,"position":1,"bluff":0,"handValue":0.700000001102,"percentBets_1":0.08333333333333333},"output":{"chips":0.5}},
{"input":{"Win":0.11363636363636363,"Lose":0,"myCurrBet":0,"step":0,"position":1,"bluff":0,"percentBets_1":0.0020161290322580645,"percentBets_2":0.0625,"handValue":0.601308},"output":{"chips":0.5}},
{"input":{"Win":0.11363636363636363,"Lose":0,"myCurrBet":0.0033333333333333335,"step":0,"position":1,"bluff":0,"handValue":0.601308,"percentBets_1":0.008064516129032258,"percentBets_2":0.25},"output":{"chips":0.5}},
{"input":{"Win":0.11363636363636363,"Lose":0,"myCurrBet":0.02666666666666667,"step":0.25,"position":1,"bluff":0,"handValue":0.10300000000000001,"percentBets_1":0.03225806451612903,"percentBets_2":0.625},"output":{"chips":0.5}},
{"input":{"Win":0.11363636363636363,"Lose":0,"myCurrBet":0.013333333333333334,"step":0,"position":1,"bluff":0,"handValue":0.601308,"percentBets_1":0.03225806451612903,"percentBets_2":0.5},"output":{"chips":0.5}},
{"input":{"Win":0.11363636363636363,"Lose":0,"myCurrBet":0.04,"step":0.5,"position":1,"bluff":0,"handValue":0.10410000000000001,"percentBets_1":0.04838709677419355,"percentBets_2":0.875},"output":{"chips":0.5}},
{"input":{"Win":0.11363636363636363,"Lose":0,"myCurrBet":0.03333333333333333,"step":0.25,"position":1,"bluff":0,"handValue":0.10300000000000001,"percentBets_1":0.04838709677419355,"percentBets_2":0.75},"output":{"chips":0.5}},
{"input":{"Win":0.11363636363636363,"Lose":0,"myCurrBet":0.04666666666666667,"step":0.5,"position":1,"bluff":0,"handValue":0.10410000000000001,"percentBets_1":0.06451612903225806,"percentBets_2":0.75},"output":{"chips":0.5}},
{"input":{"Win":0.11363636363636363,"Lose":0,"myCurrBet":0.05333333333333334,"step":0.75,"position":1,"bluff":0,"handValue":0.1048,"percentBets_1":0.06451612903225806},"output":{"chips":0.5}},
{"input":{"Win":0,"Lose":0.006666666666666667,"myCurrBet":0.0033333333333333335,"step":0,"position":1,"bluff":0,"handValue":0.601001,"percentBets_1":0.008620689655172414,"percentBets_2":1},"output":{"chips":0.5}},
{"input":{"Win":0,"Lose":0.006666666666666667,"myCurrBet":0.006666666666666667,"step":0.75,"position":1,"bluff":0,"handValue":0.400000011007,"percentBets_1":0.008620689655172414,"percentBets_2":1},"output":{"chips":0.5}},
{"input":{"Win":0,"Lose":0.006666666666666667,"myCurrBet":0.006666666666666667,"step":0.25,"position":1,"bluff":0,"handValue":0.1022,"percentBets_1":0.008620689655172414,"percentBets_2":1},"output":{"chips":0.5}},
{"input":{"Win":0,"Lose":0.006666666666666667,"myCurrBet":0.006666666666666667,"step":0.5,"position":1,"bluff":0,"handValue":0.400000011007,"percentBets_1":0.008620689655172414,"percentBets_2":1},"output":{"chips":0.5}},
{"input":{"Win":0,"Lose":0.006666666666666667,"myCurrBet":0,"step":0,"position":1,"bluff":0,"percentBets_1":0.0021551724137931034,"percentBets_2":0.5,"handValue":0.601001},"output":{"chips":0.5}},
{"input":{"Win":0,"Lose":0,"myCurrBet":0.013333333333333334,"step":0,"position":1,"bluff":0,"handValue":0.1023,"percentBets_1":0.03389830508474576},"output":{"chips":1}},
{"input":{"Win":0,"Lose":0,"myCurrBet":0.0033333333333333335,"step":0,"position":1,"bluff":0,"percentBets_1":0.00847457627118644,"handValue":0.1023},"output":{"chips":1}},
{"input":{"Win":0,"Lose":0,"myCurrBet":0.03,"step":0,"position":1,"bluff":0,"handValue":0.1023,"percentBets_1":0.07627118644067797},"output":{"chips":1}},
{"input":{"Win":0,"Lose":0,"myCurrBet":0.06666666666666667,"step":0,"position":1,"bluff":0,"handValue":0.1023,"percentBets_1":0.1694915254237288},"output":{"chips":1}},
{"input":{"Win":0,"Lose":0,"myCurrBet":0.13666666666666666,"step":0,"position":1,"bluff":0,"handValue":0.1023,"percentBets_1":0.3474576271186441},"output":{"chips":0}},
