{"input":{"Win":0,"Lose":0.04,"myCurrBet":0.0033333333333333335,"step":0,"position":0.5,"bluff":0,"percentBets_1":0.05333333333333334,"handValue":0.1018,"percentBets_3":0.013333333333333334,"percentBets_4":0.02666666666666667},"output":{"chips":1}},
{"input":{"Win":0,"Lose":0.04,"myCurrBet":0.03333333333333333,"step":0.25,"position":0.5,"bluff":1,"handValue":0.1033,"percentBets_3":0.13333333333333333,"percentBets_4":0.13333333333333333,"percentBets_1":0.13333333333333333},"output":{"chips":1}},
{"input":{"Win":0,"Lose":0.04,"myCurrBet":0.016666666666666666,"step":0,"position":0.5,"bluff":0,"handValue":0.1018,"percentBets_3":0.06666666666666667,"percentBets_4":0.06666666666666667,"percentBets_1":0.13333333333333333},"output":{"chips":0.5}},
{"input":{"Win":0,"Lose":0.04,"myCurrBet":0.04,"step":0.5,"position":0.5,"bluff":1,"handValue":0.1043,"percentBets_3":0.16,"percentBets_4":0.16,"percentBets_1":0.16},"output":{"chips":0.5}},
{"input":{"Win":0,"Lose":0.04,"myCurrBet":0.03666666666666667,"step":0.25,"position":0.5,"bluff":1,"handValue":0.1033,"percentBets_3":0.14666666666666667,"percentBets_4":0.14666666666666667,"percentBets_1":0.16},"output":{"chips":0.5}},
{"input":{"Win":0,"Lose":0.04,"myCurrBet":0.04,"step":0.5,"position":0.5,"bluff":0,"handValue":0.1043,"percentBets_3":0.16,"percentBets_4":0.16,"percentBets_1":0.16},"output":{"chips":0}},
{"input":{"Win":0.10126582278481013,"Lose":0,"myCurrBet":0.0033333333333333335,"step":0,"position":0.5,"bluff":0,"percentBets_1":0.031746031746031744,"handValue":0.1,"percentBets_3":0.015873015873015872,"percentBets_4":0.009009009009009009},"output":{"chips":1}},
{"input":{"Win":0.10126582278481013,"Lose":0,"myCurrBet":0.01,"step":0,"position":0.5,"bluff":1,"handValue":0.1,"percentBets_3":0.047619047619047616,"percentBets_4":0.036036036036036036,"percentBets_1":0.12698412698412698},"output":{"chips":0.5}},
{"input":{"Win":0.10126582278481013,"Lose":0,"myCurrBet":0.02666666666666667,"step":0.25,"position":0.5,"bluff":0,"handValue":0.400000041209,"percentBets_3":0.12698412698412698,"percentBets_4":0.07207207207207207,"percentBets_1":0.12698412698412698},"output":{"chips":0}},
{"input":{"Win":0.10126582278481013,"Lose":0,"myCurrBet":0.02666666666666667,"step":0.25,"position":0.5,"bluff":0,"handValue":0.400000041209,"percentBets_3":0.12698412698412698,"percentBets_4":0.07207207207207207,"percentBets_1":0.12698412698412698},"output":{"chips":0}},
{"input":{"Win":0.10126582278481013,"Lose":0,"myCurrBet":0.02666666666666667,"step":0.25,"position":0.5,"bluff":0,"handValue":0.400000041209,"percentBets_3":0.12698412698412698,"percentBets_4":0.07207207207207207,"percentBets_1":0.12698412698412698},"output":{"chips":0}},
{"input":{"Win":0.2112676056338028,"Lose":0,"myCurrBet":0.0033333333333333335,"step":0,"position":0.5,"bluff":1,"percentBets_1":0.07272727272727272,"handValue":0.500000000009,"percentBets_3":0.01818181818181818,"percentBets_4":0.019417475728155338},"output":{"chips":1}},
{"input":{"Win":0.2112676056338028,"Lose":0,"myCurrBet":0.016666666666666666,"step":0,"position":0.5,"bluff":0,"handValue":0.500000000009,"percentBets_3":0.09090909090909091,"percentBets_4":0.04854368932038835,"percentBets_1":0.18181818181818182},"output":{"chips":0.5}},
{"input":{"Win":0.2112676056338028,"Lose":0,"myCurrBet":0.03333333333333333,"step":0.25,"position":0.5,"bluff":0,"handValue":0.1029,"percentBets_3":0.18181818181818182,"percentBets_4":0.0970873786407767,"percentBets_1":0.18181818181818182},"output":{"chips":0}},
{"input":{"Win":0.2112676056338028,"Lose":0,"myCurrBet":0.03333333333333333,"step":0.25,"position":0.5,"bluff":1,"handValue":0.1029,"percentBets_3":0.18181818181818182,"percentBets_4":0.10679611650485436,"percentBets_1":0.21818181818181817},"output":{"chips":1}},
{"input":{"Win":0.2112676056338028,"Lose":0,"myCurrBet":0.043333333333333335,"step":0.25,"position":0.5,"bluff":1,"handValue":0.1029,"percentBets_3":0.23636363636363636,"percentBets_4":0.1262135922330097,"percentBets_1":0.2909090909090909},"output":{"chips":0.5}},
{"input":{"Win":0.2112676056338028,"Lose":0,"myCurrBet":0.05333333333333334,"step":0.5,"position":0.5,"bluff":0,"handValue":0.1037,"percentBets_3":0.2909090909090909,"percentBets_4":0.0970873786407767,"percentBets_1":0.2909090909090909},"output":{"chips":0.5}},
{"input":{"Win":0.2112676056338028,"Lose":0,"myCurrBet":0.05333333333333334,"step":0.75,"position":0.5,"bluff":0,"handValue":0.10350000000000001,"percentBets_3":0.2909090909090909,"percentBets_1":0.2909090909090909},"output":{"chips":0.5}},
{"input":{"Win":0,"Lose":0.03333333333333333,"myCurrBet":0.016666666666666666,"step":0,"position":0.5,"bluff":1,"handValue":0.1018,"percentBets_3":0.1282051282051282,"percentBets_4":0.05555555555555555,"percentBets_1":0.2564102564102564},"output":{"chips":0.5}},
{"input":{"Win":0,"Lose":0.03333333333333333,"myCurrBet":0.03333333333333333,"step":0.25,"position":0.5,"bluff":0,"handValue":0.300000100805,"percentBets_3":0.2564102564102564,"percentBets_4":0.1111111111111111,"percentBets_1":0.2564102564102564},"output":{"chips":0.5}},
{"input":{"Win":0,"Lose":0.03333333333333333,"myCurrBet":0.03333333333333333,"step":0.5,"position":0.5,"bluff":1,"handValue":0.300000100805,"percentBets_3":0.2564102564102564,"percentBets_4":0.1111111111111111,"percentBets_1":0.2564102564102564},"output":{"chips":0.5}},
{"input":{"Win":0,"Lose":0.03333333333333333,"myCurrBet":0.0033333333333333335,"step":0,"position":0.5,"bluff":0,"percentBets_1":0.10256410256410256,"handValue":0.1018,"percentBets_3":0.02564102564102564,"percentBets_4":0.022222222222222223},"output":{"chips":1}},
{"input":{"Win":0,"Lose":0.03333333333333333,"myCurrBet":0.03333333333333333,"step":0.75,"position":0.5,"bluff":0,"handValue":0.300000100805,"percentBets_3":0.2564102564102564,"percentBets_4":0.1111111111111111,"percentBets_1":0.2564102564102564},"output":{"chips":0.5}},
{"input":{"Win":0.16292134831460675,"Lose":0,"myCurrBet":0.0033333333333333335,"step":0,"position":0.5,"bluff":0,"percentBets_1":0.13793103448275862,"handValue":0.500000000011,"percentBets_3":0.014492753623188406,"percentBets_4":0.025},"output":{"chips":1}},
{"input":{"Win":0.16292134831460675,"Lose":0,"myCurrBet":0.016666666666666666,"step":0,"position":0.5,"bluff":1,"handValue":0.500000000011,"percentBets_3":0.07246376811594203,"percentBets_4":0.0625,"percentBets_1":0.3448275862068966},"output":{"chips":0.5}},
{"input":{"Win":0.16292134831460675,"Lose":0,"myCurrBet":0.03666666666666667,"step":0.25,"position":0.5,"bluff":0,"handValue":0.1017,"percentBets_3":0.15942028985507245,"percentBets_1":0.41379310344827586},"output":{"chips":0.5}},
{"input":{"Win":0.16292134831460675,"Lose":0,"myCurrBet":0.04,"step":0.5,"position":0.5,"bluff":0,"handValue":0.1018,"percentBets_3":0.17391304347826086,"percentBets_1":0.41379310344827586},"output":{"chips":0.5}},
{"input":{"Win":0.16292134831460675,"Lose":0,"myCurrBet":0.04,"step":0.75,"position":0.5,"bluff":0,"handValue":0.30000011010899996,"percentBets_3":0.17391304347826086,"percentBets_1":0.41379310344827586},"output":{"chips":0.5}},
{"input":{"Win":0.16292134831460675,"Lose":0,"myCurrBet":0.03333333333333333,"step":0.25,"position":0.5,"bluff":1,"handValue":0.1017,"percentBets_3":0.14492753623188406,"percentBets_4":0,"percentBets_1":0.3448275862068966},"output":{"chips":1}},
{"input":{"Win":0,"Lose":0.016666666666666666,"myCurrBet":0.0033333333333333335,"step":0,"position":0.5,"bluff":0,"percentBets_1":0.23529411764705882,"handValue":0.10070000000000001,"percentBets_3":0.017543859649122806,"percentBets_4":0.02666666666666667},"output":{"chips":1}},
{"input":{"Win":0,"Lose":0.016666666666666666,"myCurrBet":0.016666666666666666,"step":0.25,"position":0.5,"bluff":0,"handValue":0.10250000000000001,"percentBets_3":0.08771929824561403,"percentBets_4":0,"percentBets_1":0},"output":{"chips":0.5}},
{"input":{"Win":0,"Lose":0.016666666666666666,"myCurrBet":0.016666666666666666,"step":0.5,"position":0.5,"bluff":0,"handValue":0.300000040312,"percentBets_3":0.08771929824561403},"output":{"chips":0}},
{"input":{"Win":0,"Lose":0.016666666666666666,"myCurrBet":0.016666666666666666,"step":0.5,"position":0.5,"bluff":0,"handValue":0.300000040312,"percentBets_3":0.08771929824561403},"output":{"chips":0}},
{"input":{"Win":0,"Lose":0.016666666666666666,"myCurrBet":0.0033333333333333335,"step":0,"position":0.5,"bluff":1,"percentBets_1":0.3076923076923077,"handValue":0.500000000011,"percentBets_3":0.014705882352941176,"percentBets_4":0.0273972602739726},"output":{"chips":1}},
{"input":{"Win":0,"Lose":0.016666666666666666,"myCurrBet":0.016666666666666666,"step":0.75,"position":0.5,"bluff":0,"handValue":0.10310000000000001,"percentBets_3":0.07352941176470588},"output":{"chips":0}},
{"input":{"Win":0,"Lose":0.016666666666666666,"myCurrBet":0.016666666666666666,"step":0.25,"position":0.5,"bluff":0,"handValue":0.10350000000000001,"percentBets_3":0.07352941176470588,"percentBets_4":0,"percentBets_1":0},"output":{"chips":0.5}},
{"input":{"Win":0,"Lose":0.016666666666666666,"myCurrBet":0.016666666666666666,"step":0.5,"position":0.5,"bluff":1,"handValue":0.10400000000000001,"percentBets_3":0.07352941176470588},"output":{"chips":0.5}},
{"input":{"Win":0.06289308176100629,"Lose":0,"myCurrBet":0.0033333333333333335,"step":0,"position":0.5,"bluff":0,"percentBets_1":0.4444444444444444,"handValue":0.10070000000000001,"percentBets_3":0.012658227848101266,"percentBets_4":0.028169014084507043},"output":{"chips":0.5}},
{"input":{"Win":0.06289308176100629,"Lose":0,"myCurrBet":0.013333333333333334,"step":0.75,"position":0.5,"bluff":0,"handValue":0.1019,"percentBets_3":0.05063291139240506,"percentBets_1":0.4444444444444444},"output":{"chips":0.5}},
{"input":{"Win":0.06289308176100629,"Lose":0,"myCurrBet":0.013333333333333334,"step":0.25,"position":0.5,"bluff":1,"handValue":0.10120000000000001,"percentBets_3":0.05063291139240506,"percentBets_4":0,"percentBets_1":0.4444444444444444},"output":{"chips":0.5}},
{"input":{"Win":0.06289308176100629,"Lose":0,"myCurrBet":0.013333333333333334,"step":0.5,"position":0.5,"bluff":0,"handValue":0.1015,"percentBets_3":0.05063291139240506,"percentBets_1":0.4444444444444444},"output":{"chips":0.5}},
{"input":{"Win":0,"Lose":0.013333333333333334,"myCurrBet":0.0033333333333333335,"step":0,"position":0.5,"bluff":0,"percentBets_1":0.8,"handValue":0.10120000000000001,"percentBets_3":0.013333333333333334,"percentBets_4":0.028985507246376812},"output":{"chips":0.5}},
{"input":{"Win":0,"Lose":0.013333333333333334,"myCurrBet":0.013333333333333334,"step":0.25,"position":0.5,"bluff":0,"handValue":0.10350000000000001,"percentBets_3":0.05333333333333334,"percentBets_4":0,"percentBets_1":0.8},"output":{"chips":0}},
{"input":{"Win":0,"Lose":0.013333333333333334,"myCurrBet":0.013333333333333334,"step":0.25,"position":0.5,"bluff":0,"handValue":0.10350000000000001,"percentBets_3":0.05333333333333334,"percentBets_1":0.8},"output":{"chips":0}},
{"input":{"Win":0,"Lose":0.013333333333333334,"myCurrBet":0.013333333333333334,"step":0.25,"position":0.5,"bluff":0,"handValue":0.1033,"percentBets_3":0.05333333333333334,"percentBets_1":0.8},"output":{"chips":0}},
{"input":{"Win":0,"Lose":0.02666666666666667,"myCurrBet":0.0033333333333333335,"step":0,"position":0.5,"bluff":0,"percentBets_1":0.26666666666666666,"handValue":0.60121,"percentBets_3":0.014084507042253521,"percentBets_4":0.029850746268656716},"output":{"chips":0.5}},
{"input":{"Win":0,"Lose":0.02666666666666667,"myCurrBet":0.016666666666666666,"step":0.25,"position":0.5,"bluff":0,"handValue":0.10360000000000001,"percentBets_3":0.07042253521126761,"percentBets_1":0.4},"output":{"chips":0.5}},
{"input":{"Win":0,"Lose":0.02666666666666667,"myCurrBet":0.013333333333333334,"step":0.25,"position":0.5,"bluff":0,"handValue":0.10360000000000001,"percentBets_3":0.056338028169014086,"percentBets_4":0,"percentBets_1":0.26666666666666666},"output":{"chips":1}},
{"input":{"Win":0,"Lose":0.02666666666666667,"myCurrBet":0.02,"step":0.5,"position":0.5,"bluff":0,"handValue":0.10450000000000001,"percentBets_3":0.08450704225352113,"percentBets_1":0.4},"output":{"chips":0.5}},
{"input":{"Win":0,"Lose":0.02666666666666667,"myCurrBet":0.02,"step":0.75,"position":0.5,"bluff":1,"handValue":0.1048,"percentBets_3":0.08450704225352113,"percentBets_1":0.4},"output":{"chips":1}},
{"input":{"Win":0,"Lose":0.02666666666666667,"myCurrBet":0.023333333333333334,"step":0.75,"position":0.5,"bluff":1,"handValue":0.1048,"percentBets_3":0.09859154929577464,"percentBets_1":0.5333333333333333},"output":{"chips":0.5}},
{"input":{"Win":0,"Lose":0.03333333333333333,"myCurrBet":0.0033333333333333335,"step":0,"position":0.5,"bluff":0,"percentBets_1":0.12121212121212122,"handValue":0.1019,"percentBets_3":0.015873015873015872,"percentBets_4":0.03076923076923077},"output":{"chips":1}},
{"input":{"Win":0,"Lose":0.03333333333333333,"myCurrBet":0.016666666666666666,"step":0,"position":0.5,"bluff":1,"handValue":0.1019,"percentBets_3":0.07936507936507936,"percentBets_4":0.07692307692307693,"percentBets_1":0.30303030303030304},"output":{"chips":0.5}},
{"input":{"Win":0,"Lose":0.03333333333333333,"myCurrBet":0.03333333333333333,"step":0.5,"position":0.5,"bluff":0,"handValue":0.1051,"percentBets_3":0.15873015873015872,"percentBets_1":0.30303030303030304},"output":{"chips":0.5}},
{"input":{"Win":0,"Lose":0.03333333333333333,"myCurrBet":0.03333333333333333,"step":0.25,"position":0.5,"bluff":0,"handValue":0.10450000000000001,"percentBets_3":0.15873015873015872,"percentBets_4":0,"percentBets_1":0.30303030303030304},"output":{"chips":0.5}},
{"input":{"Win":0,"Lose":0.03333333333333333,"myCurrBet":0.03333333333333333,"step":0.75,"position":0.5,"bluff":0,"handValue":0.1058,"percentBets_3":0.15873015873015872,"percentBets_1":0.30303030303030304},"output":{"chips":0.5}},
{"input":{"Win":0.14035087719298245,"Lose":0,"myCurrBet":0.0033333333333333335,"step":0,"position":0.5,"bluff":0,"percentBets_1":0.06896551724137931,"handValue":0.1013,"percentBets_3":0.018867924528301886,"percentBets_4":0.03333333333333333},"output":{"chips":0.5}},
{"input":{"Win":0.14035087719298245,"Lose":0,"myCurrBet":0.013333333333333334,"step":0.25,"position":0.5,"bluff":0,"handValue":0.10210000000000001,"percentBets_3":0.07547169811320754,"percentBets_4":0.06666666666666667,"percentBets_1":0.06896551724137931},"output":{"chips":1}},
{"input":{"Win":0.14035087719298245,"Lose":0,"myCurrBet":0.02,"step":0.5,"position":0.5,"bluff":0,"handValue":0.1027,"percentBets_3":0.11320754716981132,"percentBets_4":0.1,"percentBets_1":0.10344827586206896},"output":{"chips":1}},
{"input":{"Win":0.14035087719298245,"Lose":0,"myCurrBet":0.016666666666666666,"step":0.25,"position":0.5,"bluff":0,"handValue":0.10210000000000001,"percentBets_3":0.09433962264150944,"percentBets_4":0.08333333333333333,"percentBets_1":0.10344827586206896},"output":{"chips":0.5}},
{"input":{"Win":0.14035087719298245,"Lose":0,"myCurrBet":0.023333333333333334,"step":0.5,"position":0.5,"bluff":0,"handValue":0.1027,"percentBets_3":0.1320754716981132,"percentBets_4":0.11666666666666667,"percentBets_1":0.13793103448275862},"output":{"chips":0.5}},
{"input":{"Win":0.14035087719298245,"Lose":0,"myCurrBet":0.02666666666666667,"step":0.75,"position":0.5,"bluff":0,"handValue":0.10310000000000001,"percentBets_3":0.1509433962264151,"percentBets_4":0.13333333333333333,"percentBets_1":0.13793103448275862},"output":{"chips":0.5}},
{"input":{"Win":0,"Lose":0.03333333333333333,"myCurrBet":0.0033333333333333335,"step":0,"position":0.5,"bluff":0,"percentBets_1":0.08,"handValue":0.1017,"percentBets_3":0.022222222222222223,"percentBets_4":0.038461538461538464},"output":{"chips":1}},
{"input":{"Win":0,"Lose":0.03333333333333333,"myCurrBet":0.016666666666666666,"step":0,"position":0.5,"bluff":1,"handValue":0.1017,"percentBets_3":0.1111111111111111,"percentBets_4":0.09615384615384616,"percentBets_1":0.2},"output":{"chips":0.5}},
{"input":{"Win":0,"Lose":0.03333333333333333,"myCurrBet":0.03333333333333333,"step":0.25,"position":0.5,"bluff":0,"handValue":0.10310000000000001,"percentBets_3":0.2222222222222222,"percentBets_4":0.19230769230769232,"percentBets_1":0.2},"output":{"chips":0}},
{"input":{"Win":0,"Lose":0.03333333333333333,"myCurrBet":0.03333333333333333,"step":0.25,"position":0.5,"bluff":0,"handValue":0.10310000000000001,"percentBets_3":0.2222222222222222,"percentBets_4":0.19230769230769232,"percentBets_1":0.2},"output":{"chips":0}},
{"input":{"Win":0,"Lose":0.03333333333333333,"myCurrBet":0.03333333333333333,"step":0.25,"position":0.5,"bluff":0,"handValue":0.1033,"percentBets_3":0.2222222222222222,"percentBets_4":0.19230769230769232,"percentBets_1":0.2},"output":{"chips":0}},
{"input":{"Win":0,"Lose":0,"myCurrBet":0.0033333333333333335,"step":0,"position":0.5,"bluff":0,"percentBets_1":0.1,"handValue":0.1009,"percentBets_3":0.013333333333333334,"percentBets_4":0.047619047619047616},"output":{"chips":1}},
{"input":{"Win":0,"Lose":0,"myCurrBet":0.016666666666666666,"step":0,"position":0.5,"bluff":0,"handValue":0.1009,"percentBets_3":0.06666666666666667,"percentBets_4":0.11904761904761904,"percentBets_1":0.25},"output":{"chips":0.5}},
{"input":{"Win":0,"Lose":0,"myCurrBet":0.03333333333333333,"step":0.25,"position":0.5,"bluff":0,"handValue":0.10200000000000001,"percentBets_3":0.13333333333333333,"percentBets_4":0.23809523809523808,"percentBets_1":0.25},"output":{"chips":1}},
{"input":{"Win":0,"Lose":0,"myCurrBet":0.03666666666666667,"step":0.25,"position":0.5,"bluff":0,"handValue":0.10200000000000001,"percentBets_3":0.14666666666666667,"percentBets_4":0.2619047619047619,"percentBets_1":0.3},"output":{"chips":0}},
{"input":{"Win":0,"Lose":0.07666666666666666,"myCurrBet":0.0033333333333333335,"step":0,"position":0.5,"bluff":0,"percentBets_1":0.0547945205479452,"handValue":0.1,"percentBets_3":0.015625,"percentBets_4":0.06451612903225806},"output":{"chips":0.5}},
{"input":{"Win":0,"Lose":0.07666666666666666,"myCurrBet":0.013333333333333334,"step":0.25,"position":0.5,"bluff":1,"handValue":0.1023,"percentBets_3":0.0625,"percentBets_4":0.12903225806451613,"percentBets_1":0.0547945205479452},"output":{"chips":1}},
{"input":{"Win":0,"Lose":0.07666666666666666,"myCurrBet":0.016666666666666666,"step":0.25,"position":0.5,"bluff":0,"handValue":0.1023,"percentBets_3":0.078125,"percentBets_4":0.16129032258064516,"percentBets_1":0.0821917808219178},"output":{"chips":0.5}},
{"input":{"Win":0,"Lose":0.07666666666666666,"myCurrBet":0.02,"step":0.5,"position":0.5,"bluff":0,"handValue":0.10360000000000001,"percentBets_3":0.09375,"percentBets_4":0.1935483870967742,"percentBets_1":0.0821917808219178},"output":{"chips":1}},
{"input":{"Win":0,"Lose":0.07666666666666666,"myCurrBet":0.04,"step":0.75,"position":0.5,"bluff":0,"handValue":0.1047,"percentBets_3":0.1875,"percentBets_4":0.1935483870967742,"percentBets_1":0.1643835616438356},"output":{"chips":0.5}},
{"input":{"Win":0,"Lose":0.07666666666666666,"myCurrBet":0.02666666666666667,"step":0.5,"position":0.5,"bluff":0,"handValue":0.10360000000000001,"percentBets_3":0.125,"percentBets_4":0.2903225806451613,"percentBets_1":0.1643835616438356},"output":{"chips":0.5}},
{"input":{"Win":0,"Lose":0.07666666666666666,"myCurrBet":0.023333333333333334,"step":0.5,"position":0.5,"bluff":0,"handValue":0.10360000000000001,"percentBets_3":0.109375,"percentBets_4":0.22580645161290322,"percentBets_1":0.1095890410958904},"output":{"chips":0.5}},
{"input":{"Win":0,"Lose":0,"myCurrBet":0.006666666666666667,"step":0,"position":0.5,"bluff":0,"percentBets_1":0.03773584905660377,"handValue":0.601305,"percentBets_3":0.038461538461538464,"percentBets_4":0.09090909090909091},"output":{"chips":0}},
{"input":{"Win":0,"Lose":0.02,"myCurrBet":0.006666666666666667,"step":0,"position":0.5,"bluff":0,"percentBets_1":0.0425531914893617,"handValue":0.10070000000000001,"percentBets_3":0.04,"percentBets_4":0.05263157894736842},"output":{"chips":0.5}},
{"input":{"Win":0,"Lose":0.02,"myCurrBet":0.013333333333333334,"step":0.25,"position":0.5,"bluff":0,"handValue":0.10260000000000001,"percentBets_3":0.08,"percentBets_4":0.10526315789473684,"percentBets_1":0.0425531914893617},"output":{"chips":0.5}},
{"input":{"Win":0,"Lose":0.02,"myCurrBet":0.013333333333333334,"step":0.5,"position":0.5,"bluff":0,"handValue":0.10300000000000001,"percentBets_3":0.08,"percentBets_4":0.10526315789473684,"percentBets_1":0.0425531914893617},"output":{"chips":0.5}},
{"input":{"Win":0,"Lose":0.02,"myCurrBet":0.013333333333333334,"step":0.75,"position":0.5,"bluff":0,"handValue":0.1033,"percentBets_3":0.08,"percentBets_4":0.10526315789473684,"percentBets_1":0.0425531914893617},"output":{"chips":0}},
{"input":{"Win":0,"Lose":0.013333333333333334,"myCurrBet":0.006666666666666667,"step":0,"position":0.5,"bluff":0,"percentBets_1":0.03773584905660377,"handValue":0.10070000000000001,"percentBets_3":0.043478260869565216,"percentBets_4":0.058823529411764705},"output":{"chips":0.5}},
{"input":{"Win":0,"Lose":0.013333333333333334,"myCurrBet":0.013333333333333334,"step":0.25,"position":0.5,"bluff":0,"handValue":0.1019,"percentBets_3":0.08695652173913043,"percentBets_4":0.11764705882352941,"percentBets_1":0.03773584905660377},"output":{"chips":0.5}},
{"input":{"Win":0,"Lose":0.013333333333333334,"myCurrBet":0.013333333333333334,"step":0.5,"position":0.5,"bluff":0,"handValue":0.30000005020799997,"percentBets_3":0.08695652173913043,"percentBets_4":0.11764705882352941,"percentBets_1":0.03773584905660377},"output":{"chips":0}},
{"input":{"Win":0,"Lose":0.013333333333333334,"myCurrBet":0.013333333333333334,"step":0.5,"position":0.5,"bluff":0,"handValue":0.30000005020799997,"percentBets_3":0.08695652173913043,"percentBets_4":0.11764705882352941,"percentBets_1":0.03773584905660377},"output":{"chips":0}},
{"input":{"Win":0,"Lose":0,"myCurrBet":0.006666666666666667,"step":0,"position":0.5,"bluff":0,"percentBets_1":0.0392156862745098,"handValue":0.60131,"percentBets_3":0.034482758620689655,"percentBets_4":0.06666666666666667},"output":{"chips":0}},
{"input":{"Win":0,"Lose":0.006666666666666667,"myCurrBet":0.006666666666666667,"step":0,"position":0.5,"bluff":0,"percentBets_1":0.044444444444444446,"handValue":0.1013,"percentBets_3":0.03571428571428571,"percentBets_4":0.043478260869565216},"output":{"chips":1}},
{"input":{"Win":0,"Lose":0.006666666666666667,"myCurrBet":0.02,"step":0,"position":0.5,"bluff":0,"handValue":0.1013,"percentBets_3":0.10714285714285714,"percentBets_4":0.13043478260869565,"percentBets_1":0.13333333333333333},"output":{"chips":0.5}},
{"input":{"Win":0,"Lose":0.006666666666666667,"myCurrBet":0.04,"step":0,"position":0.5,"bluff":0,"handValue":0.1013,"percentBets_3":0.21428571428571427,"percentBets_4":0.30434782608695654,"percentBets_1":0.3111111111111111},"output":{"chips":0}},
{"input":{"Win":0,"Lose":0.05333333333333334,"myCurrBet":0.006666666666666667,"step":0,"position":0.5,"bluff":1,"percentBets_1":0.03125,"handValue":0.10110000000000001,"percentBets_3":0.045454545454545456,"percentBets_4":0.0625},"output":{"chips":0.5}},
{"input":{"Win":0,"Lose":0.05333333333333334,"myCurrBet":0.013333333333333334,"step":0.5,"position":0.5,"bluff":0,"handValue":0.10360000000000001,"percentBets_3":0.09090909090909091,"percentBets_4":0.125,"percentBets_1":0.03125},"output":{"chips":0.5}},
{"input":{"Win":0,"Lose":0.05333333333333334,"myCurrBet":0.013333333333333334,"step":0.25,"position":0.5,"bluff":0,"handValue":0.10250000000000001,"percentBets_3":0.09090909090909091,"percentBets_4":0.125,"percentBets_1":0.03125},"output":{"chips":0.5}},
{"input":{"Win":0,"Lose":0.05333333333333334,"myCurrBet":0.013333333333333334,"step":0.75,"position":0.5,"bluff":0,"handValue":0.1043,"percentBets_3":0.09090909090909091,"percentBets_4":0.125,"percentBets_1":0.03125},"output":{"chips":0}},
{"input":{"Win":0,"Lose":0,"myCurrBet":0.006666666666666667,"step":0,"position":0.5,"bluff":0,"percentBets_1":0.06451612903225806,"handValue":0.60111,"percentBets_3":0.05,"percentBets_4":0.09090909090909091},"output":{"chips":0}},
{"input":{"Win":0,"Lose":0.006666666666666667,"myCurrBet":0.006666666666666667,"step":0,"position":0.5,"bluff":1,"percentBets_1":0.03571428571428571,"handValue":0.10110000000000001,"percentBets_3":0.05263157894736842,"percentBets_4":0.03333333333333333},"output":{"chips":1}},
{"input":{"Win":0,"Lose":0.006666666666666667,"myCurrBet":0.02,"step":0,"position":0.5,"bluff":0,"handValue":0.10110000000000001,"percentBets_3":0.15789473684210525,"percentBets_4":0.1,"percentBets_1":0.10714285714285714},"output":{"chips":0}},
{"input":{"Win":0,"Lose":0.02,"myCurrBet":0.006666666666666667,"step":0,"position":0.5,"bluff":1,"percentBets_1":0.04,"handValue":0.1023,"percentBets_3":0.0625,"percentBets_4":0.023809523809523808},"output":{"chips":1}},
{"input":{"Win":0,"Lose":0.02,"myCurrBet":0.02,"step":0,"position":0.5,"bluff":0,"handValue":0.1023,"percentBets_3":0.1875,"percentBets_4":0.07142857142857142,"percentBets_1":0.12},"output":{"chips":0}},
{"input":{"Win":0,"Lose":0.02,"myCurrBet":0.006666666666666667,"step":0,"position":0.5,"bluff":0,"percentBets_1":0.047619047619047616,"handValue":0.10120000000000001,"percentBets_3":0.07692307692307693,"percentBets_4":0.017857142857142856},"output":{"chips":1}},
{"input":{"Win":0,"Lose":0.02,"myCurrBet":0.02,"step":0,"position":0.5,"bluff":0,"handValue":0.10120000000000001,"percentBets_3":0.23076923076923078,"percentBets_4":0.05357142857142857,"percentBets_1":0.14285714285714285},"output":{"chips":0}},
{"input":{"Win":0,"Lose":0.02,"myCurrBet":0.006666666666666667,"step":0,"position":0.5,"bluff":0,"percentBets_1":0.03571428571428571,"handValue":0.1009,"percentBets_3":0.1,"percentBets_4":0.020833333333333332},"output":{"chips":0.5}},
{"input":{"Win":0,"Lose":0.02,"myCurrBet":0.013333333333333334,"step":0.25,"position":0.5,"bluff":1,"handValue":0.1033,"percentBets_3":0.2,"percentBets_4":0.041666666666666664,"percentBets_1":0.03571428571428571},"output":{"chips":1}},
{"input":{"Win":0,"Lose":0.02,"myCurrBet":0.02,"step":0.25,"position":0.5,"bluff":0,"handValue":0.1033,"percentBets_3":0.3,"percentBets_4":0.08333333333333333,"percentBets_1":0.10714285714285714},"output":{"chips":0}},
{"input":{"Win":0,"Lose":0.02,"myCurrBet":0.006666666666666667,"step":0,"position":0.5,"bluff":0,"percentBets_1":0.04,"handValue":0.1014,"percentBets_3":0.14285714285714285,"percentBets_4":0.016666666666666666},"output":{"chips":0.5}},
{"input":{"Win":0,"Lose":0.02,"myCurrBet":0.013333333333333334,"step":0.25,"position":0.5,"bluff":1,"handValue":0.10490000000000001,"percentBets_3":0.2857142857142857,"percentBets_4":0.03333333333333333,"percentBets_1":0.04},"output":{"chips":1}},
{"input":{"Win":0,"Lose":0.02,"myCurrBet":0.02,"step":0.25,"position":0.5,"bluff":0,"handValue":0.10490000000000001,"percentBets_3":0.42857142857142855,"percentBets_4":0.05,"percentBets_1":0.08},"output":{"chips":0}},
{"input":{"Win":0,"Lose":0.02,"myCurrBet":0.006666666666666667,"step":0,"position":0.5,"bluff":0,"percentBets_1":0.06666666666666667,"handValue":0.601302,"percentBets_3":0.25,"percentBets_4":0.03571428571428571},"output":{"chips":0}},
{"input":{"Win":0,"Lose":0.006666666666666667,"myCurrBet":0.006666666666666667,"step":0,"position":0.5,"bluff":0,"percentBets_1":0.03571428571428571,"handValue":0.1,"percentBets_3":0.3333333333333333,"percentBets_4":0.016129032258064516},"output":{"chips":0.5}},
{"input":{"Win":0,"Lose":0.006666666666666667,"myCurrBet":0.013333333333333334,"step":0.25,"position":0.5,"bluff":1,"handValue":0.300000050304,"percentBets_3":0.6666666666666666,"percentBets_4":0.03225806451612903,"percentBets_1":0.03571428571428571},"output":{"chips":1}},
{"input":{"Win":0,"Lose":0.006666666666666667,"myCurrBet":0.02,"step":0.25,"position":0.5,"bluff":0,"handValue":0.300000050304,"percentBets_3":1,"percentBets_4":0.04838709677419355,"percentBets_1":0.07142857142857142},"output":{"chips":0}},
{"input":{"Win":0,"Lose":0.02,"myCurrBet":0.006666666666666667,"step":0,"position":0.6666666666666666,"bluff":0,"percentBets_1":0.06153846153846154,"handValue":0.1009,"percentBets_3":0.03389830508474576},"output":{"chips":1}},
{"input":{"Win":0,"Lose":0.02,"myCurrBet":0.03333333333333333,"step":0,"position":0.6666666666666666,"bluff":0,"handValue":0.1009,"percentBets_3":0.0847457627118644,"percentBets_1":0.15384615384615385},"output":{"chips":0}},
{"input":{"Win":0,"Lose":0.03333333333333333,"myCurrBet":0.01,"step":0,"position":0.6666666666666666,"bluff":0,"percentBets_1":0.036585365853658534,"handValue":0.600901,"percentBets_3":0.031914893617021274},"output":{"chips":1}},
{"input":{"Win":0,"Lose":0.03333333333333333,"myCurrBet":0.03,"step":0,"position":0.6666666666666666,"bluff":0,"handValue":0.600901,"percentBets_3":0.09574468085106383,"percentBets_1":0.10975609756097561},"output":{"chips":0}},
{"input":{"Win":0,"Lose":0.03,"myCurrBet":0.03,"step":0,"position":0.6666666666666666,"bluff":0,"handValue":0.1018,"percentBets_3":0.17307692307692307,"percentBets_1":0.08372093023255814},"output":{"chips":0.5}},
{"input":{"Win":0,"Lose":0.03,"myCurrBet":0.06,"step":0.25,"position":0.6666666666666666,"bluff":0,"handValue":0.1048,"percentBets_3":0.40384615384615385,"percentBets_1":0.11162790697674418},"output":{"chips":0}},
{"input":{"Win":0,"Lose":0.03,"myCurrBet":0.01,"step":0,"position":0.6666666666666666,"bluff":0,"percentBets_1":0.027906976744186046,"handValue":0.1018,"percentBets_3":0.057692307692307696},"output":{"chips":1}},
{"input":{"Win":0,"Lose":0.03,"myCurrBet":0.06,"step":0.25,"position":0.6666666666666666,"bluff":0,"handValue":0.1048,"percentBets_3":0.34615384615384615,"percentBets_1":0.08372093023255814},"output":{"chips":0}},
{"input":{"Win":0.02247191011235955,"Lose":0,"myCurrBet":0.01,"step":0,"position":0.6666666666666666,"bluff":0,"percentBets_1":0.023346303501945526,"handValue":0.10120000000000001,"percentBets_3":0.10714285714285714},"output":{"chips":0.5}},
{"input":{"Win":0.02247191011235955,"Lose":0,"myCurrBet":0.02,"step":0.25,"position":0.6666666666666666,"bluff":0,"handValue":0.1038,"percentBets_3":0.32142857142857145,"percentBets_1":0.04669260700389105},"output":{"chips":0.5}},
{"input":{"Win":0.02247191011235955,"Lose":0,"myCurrBet":0.02,"step":0.25,"position":0.6666666666666666,"bluff":0,"handValue":0.1038,"percentBets_3":0.21428571428571427,"percentBets_1":0.023346303501945526},"output":{"chips":0.5}},
{"input":{"Win":0.02247191011235955,"Lose":0,"myCurrBet":0.04,"step":0.5,"position":0.6666666666666666,"bluff":0,"handValue":0.10490000000000001,"percentBets_3":0.42857142857142855,"percentBets_1":0.04669260700389105},"output":{"chips":0}},
{"input":{"Win":0.02247191011235955,"Lose":0,"myCurrBet":0.04,"step":0.5,"position":0.6666666666666666,"bluff":0,"handValue":0.10490000000000001,"percentBets_3":0.42857142857142855,"percentBets_1":0.04669260700389105},"output":{"chips":0}},
{"input":{"Win":0,"Lose":0,"myCurrBet":0.01,"step":0,"position":0.6666666666666666,"bluff":0,"percentBets_1":0.024489795918367346,"handValue":0.10210000000000001,"percentBets_3":0.1875},"output":{"chips":0.5}},
{"input":{"Win":0,"Lose":0,"myCurrBet":0.02,"step":0.25,"position":0.6666666666666666,"bluff":0,"handValue":0.1027,"percentBets_3":0.375,"percentBets_1":0.024489795918367346},"output":{"chips":0.5}},
{"input":{"Win":0,"Lose":0,"myCurrBet":0.02,"step":0.5,"position":0.6666666666666666,"bluff":0,"handValue":0.1038,"percentBets_3":0.5625,"percentBets_1":0.04897959183673469},"output":{"chips":0}},
{"input":{"Win":0,"Lose":0,"myCurrBet":0.02,"step":0.5,"position":0.6666666666666666,"bluff":1,"handValue":0.1038,"percentBets_3":0.375,"percentBets_1":0.024489795918367346},"output":{"chips":0.5}},
{"input":{"Win":0,"Lose":0.02,"myCurrBet":0.07,"step":0.25,"position":0.6666666666666666,"bluff":0,"handValue":0.1017,"percentBets_3":0.6176470588235294,"percentBets_1":0.10300429184549356},"output":{"chips":0}},
{"input":{"Win":0,"Lose":0.02,"myCurrBet":0.01,"step":0,"position":0.6666666666666666,"bluff":1,"percentBets_1":0.02575107296137339,"handValue":0.10110000000000001,"percentBets_3":0.08823529411764706},"output":{"chips":1}},
{"input":{"Win":0,"Lose":0.02,"myCurrBet":0.06,"step":0.25,"position":0.6666666666666666,"bluff":1,"handValue":0.1017,"percentBets_3":0.5294117647058824,"percentBets_1":0.07725321888412018},"output":{"chips":1}},
{"input":{"Win":0,"Lose":0.02,"myCurrBet":0.03,"step":0,"position":0.6666666666666666,"bluff":0,"handValue":0.10110000000000001,"percentBets_3":0.2647058823529412,"percentBets_1":0.07725321888412018},"output":{"chips":0.5}},
{"input":{"Win":0,"Lose":0.07,"myCurrBet":0.01,"step":0,"position":0.6666666666666666,"bluff":0,"percentBets_1":0.04316546762589928,"handValue":0.10160000000000001,"percentBets_3":0.6},"output":{"chips":0}},
