{"input":{"Win":0,"Lose":0.02666666666666667,"myCurrBet":0.0016666666666666668,"step":0,"position":0.25,"bluff":0,"percentBets_2":0.013333333333333334,"handValue":0.1,"percentBets_3":0.013333333333333334,"percentBets_4":0.02666666666666667},"output":{"chips":1}},
{"input":{"Win":0,"Lose":0.02666666666666667,"myCurrBet":0.01,"step":0,"position":0.25,"bluff":1,"handValue":0.1,"percentBets_2":0.05333333333333334,"percentBets_3":0.05333333333333334,"percentBets_4":0.10666666666666667},"output":{"chips":0.5}},
{"input":{"Win":0,"Lose":0.02666666666666667,"myCurrBet":0.02666666666666667,"step":0.25,"position":0.25,"bluff":0,"handValue":0.30000008051,"percentBets_2":0.10666666666666667,"percentBets_3":0.10666666666666667,"percentBets_4":0.10666666666666667},"output":{"chips":0}},
{"input":{"Win":0,"Lose":0.02666666666666667,"myCurrBet":0.02666666666666667,"step":0.25,"position":0.25,"bluff":0,"handValue":0.30000008051,"percentBets_2":0.10666666666666667,"percentBets_3":0.10666666666666667,"percentBets_4":0.10666666666666667},"output":{"chips":0}},
{"input":{"Win":0,"Lose":0.02666666666666667,"myCurrBet":0.02666666666666667,"step":0.25,"position":0.25,"bluff":0,"handValue":0.30000008051,"percentBets_2":0.10666666666666667,"percentBets_3":0.10666666666666667,"percentBets_4":0.10666666666666667},"output":{"chips":0}},
{"input":{"Win":0,"Lose":0,"myCurrBet":0.0016666666666666668,"step":0,"position":0.25,"bluff":0,"percentBets_2":0.014925373134328358,"handValue":0.1013,"percentBets_3":0.010101010101010102,"percentBets_4":0.029850746268656716},"output":{"chips":1}},
{"input":{"Win":0,"Lose":0,"myCurrBet":0.01,"step":0,"position":0.25,"bluff":0,"handValue":0.1013,"percentBets_2":0.05970149253731343,"percentBets_3":0.04040404040404041,"percentBets_4":0.11940298507462686},"output":{"chips":0.5}},
{"input":{"Win":0,"Lose":0,"myCurrBet":0.02666666666666667,"step":0.25,"position":0.25,"bluff":0,"handValue":0.10300000000000001,"percentBets_2":0.11940298507462686,"percentBets_3":0.08080808080808081,"percentBets_4":0.11940298507462686},"output":{"chips":0}},
{"input":{"Win":0,"Lose":0,"myCurrBet":0.02666666666666667,"step":0.25,"position":0.25,"bluff":0,"handValue":0.10300000000000001,"percentBets_2":0.11940298507462686,"percentBets_3":0.08080808080808081,"percentBets_4":0.11940298507462686},"output":{"chips":0}},
{"input":{"Win":0,"Lose":0,"myCurrBet":0.02666666666666667,"step":0.25,"position":0.25,"bluff":0,"handValue":0.10350000000000001,"percentBets_2":0.11940298507462686,"percentBets_3":0.08080808080808081,"percentBets_4":0.11940298507462686},"output":{"chips":0}},
{"input":{"Win":0,"Lose":0,"myCurrBet":0.02666666666666667,"step":0.25,"position":0.25,"bluff":0,"handValue":0.1047,"percentBets_2":0.13432835820895522,"percentBets_3":0.09090909090909091,"percentBets_4":0.14925373134328357},"output":{"chips":0}},
{"input":{"Win":0,"Lose":0.05333333333333334,"myCurrBet":0.0016666666666666668,"step":0,"position":0.25,"bluff":0,"percentBets_2":0.017241379310344827,"handValue":0.1008,"percentBets_3":0.011111111111111112,"percentBets_4":0.021505376344086023},"output":{"chips":1}},
{"input":{"Win":0,"Lose":0.05333333333333334,"myCurrBet":0.02666666666666667,"step":0.25,"position":0.25,"bluff":0,"handValue":0.1029,"percentBets_2":0.13793103448275862,"percentBets_3":0.08888888888888889,"percentBets_4":0.08602150537634409},"output":{"chips":0}},
{"input":{"Win":0,"Lose":0.05333333333333334,"myCurrBet":0.01,"step":0,"position":0.25,"bluff":1,"handValue":0.1008,"percentBets_2":0.06896551724137931,"percentBets_3":0.044444444444444446,"percentBets_4":0.08602150537634409},"output":{"chips":0.5}},
{"input":{"Win":0,"Lose":0.05333333333333334,"myCurrBet":0.02666666666666667,"step":0.25,"position":0.25,"bluff":0,"handValue":0.1024,"percentBets_2":0.13793103448275862,"percentBets_3":0.08888888888888889,"percentBets_4":0.08602150537634409},"output":{"chips":0}},
{"input":{"Win":0,"Lose":0.05333333333333334,"myCurrBet":0.02666666666666667,"step":0.25,"position":0.25,"bluff":0,"handValue":0.1024,"percentBets_2":0.13793103448275862,"percentBets_3":0.08888888888888889,"percentBets_4":0.08602150537634409},"output":{"chips":0}},
{"input":{"Win":0,"Lose":0,"myCurrBet":0.0016666666666666668,"step":0,"position":0.25,"bluff":0,"percentBets_2":0.02,"handValue":0.6011029999999999,"percentBets_3":0.012195121951219513,"percentBets_4":0.017094017094017096},"output":{"chips":0}},
{"input":{"Win":0,"Lose":0.028333333333333332,"myCurrBet":0.0016666666666666668,"step":0,"position":0.25,"bluff":1,"percentBets_2":0.016,"handValue":0.1018,"percentBets_3":0.013157894736842105,"percentBets_4":0.018018018018018018},"output":{"chips":1}},
{"input":{"Win":0,"Lose":0.028333333333333332,"myCurrBet":0.02666666666666667,"step":0.5,"position":0.25,"bluff":0,"handValue":0.300000100408,"percentBets_2":0.128,"percentBets_3":0.10526315789473684,"percentBets_4":0.07207207207207207},"output":{"chips":0}},
{"input":{"Win":0,"Lose":0.028333333333333332,"myCurrBet":0.01,"step":0,"position":0.25,"bluff":0,"handValue":0.1018,"percentBets_2":0.064,"percentBets_3":0.05263157894736842,"percentBets_4":0.07207207207207207},"output":{"chips":0.5}},
{"input":{"Win":0,"Lose":0.028333333333333332,"myCurrBet":0.02666666666666667,"step":0.25,"position":0.25,"bluff":1,"handValue":0.300000100408,"percentBets_2":0.128,"percentBets_3":0.10526315789473684,"percentBets_4":0.07207207207207207},"output":{"chips":0.5}},
{"input":{"Win":0,"Lose":0.028333333333333332,"myCurrBet":0.02666666666666667,"step":0.5,"position":0.25,"bluff":0,"handValue":0.300000100408,"percentBets_2":0.128,"percentBets_3":0.10526315789473684,"percentBets_4":0.07207207207207207},"output":{"chips":0}},
{"input":{"Win":0,"Lose":0,"myCurrBet":0.0016666666666666668,"step":0,"position":0.25,"bluff":0,"percentBets_2":0.01834862385321101,"handValue":0.600706,"percentBets_3":0.01,"percentBets_4":0.019417475728155338},"output":{"chips":0}},
{"input":{"Win":0,"Lose":0.0016666666666666668,"myCurrBet":0.0016666666666666668,"step":0,"position":0.25,"bluff":0,"percentBets_2":0.014925373134328358,"handValue":0.6009019999999999,"percentBets_3":0.010638297872340425,"percentBets_4":0.020618556701030927},"output":{"chips":0}},
{"input":{"Win":0,"Lose":0.028333333333333332,"myCurrBet":0.0016666666666666668,"step":0,"position":0.25,"bluff":0,"percentBets_2":0.01639344262295082,"handValue":0.101,"percentBets_3":0.011363636363636364,"percentBets_4":0.0182648401826484},"output":{"chips":1}},
{"input":{"Win":0,"Lose":0.028333333333333332,"myCurrBet":0.02,"step":0.25,"position":0.25,"bluff":0,"handValue":0.1042,"percentBets_2":0,"percentBets_3":0,"percentBets_4":0.0547945205479452},"output":{"chips":1}},
{"input":{"Win":0,"Lose":0.028333333333333332,"myCurrBet":0.02666666666666667,"step":0.5,"position":0.25,"bluff":1,"handValue":0.1048,"percentBets_4":0.0730593607305936},"output":{"chips":0.5}},
{"input":{"Win":0,"Lose":0.028333333333333332,"myCurrBet":0.01,"step":0,"position":0.25,"bluff":0,"handValue":0.101,"percentBets_2":0.04918032786885246,"percentBets_3":0.03409090909090909,"percentBets_4":0.0547945205479452},"output":{"chips":0.5}},
{"input":{"Win":0,"Lose":0.028333333333333332,"myCurrBet":0.02666666666666667,"step":0.75,"position":0.25,"bluff":0,"handValue":0.1046,"percentBets_4":0.0730593607305936},"output":{"chips":0}},
{"input":{"Win":0,"Lose":0.028333333333333332,"myCurrBet":0.023333333333333334,"step":0.25,"position":0.25,"bluff":0,"handValue":0.1042,"percentBets_4":0.0730593607305936},"output":{"chips":0.5}},
{"input":{"Win":0.0900562851782364,"Lose":0,"myCurrBet":0.0016666666666666668,"step":0,"position":0.25,"bluff":0,"percentBets_2":0.017241379310344827,"handValue":0.1015,"percentBets_3":0.011764705882352941,"percentBets_4":0.016194331983805668},"output":{"chips":1}},
{"input":{"Win":0.0900562851782364,"Lose":0,"myCurrBet":0.02666666666666667,"step":0.25,"position":0.25,"bluff":0,"handValue":0.1023,"percentBets_2":0.13793103448275862,"percentBets_3":0.09411764705882353,"percentBets_4":0.06477732793522267},"output":{"chips":0}},
{"input":{"Win":0.0900562851782364,"Lose":0,"myCurrBet":0.02666666666666667,"step":0.25,"position":0.25,"bluff":0,"handValue":0.1017,"percentBets_2":0.13793103448275862,"percentBets_3":0.09411764705882353,"percentBets_4":0.06477732793522267},"output":{"chips":0}},
{"input":{"Win":0.0900562851782364,"Lose":0,"myCurrBet":0.02666666666666667,"step":0.25,"position":0.25,"bluff":0,"handValue":0.1017,"percentBets_2":0.13793103448275862,"percentBets_3":0.09411764705882353,"percentBets_4":0.06477732793522267},"output":{"chips":0}},
{"input":{"Win":0.0900562851782364,"Lose":0,"myCurrBet":0.01,"step":0,"position":0.25,"bluff":0,"handValue":0.1015,"percentBets_2":0.06896551724137931,"percentBets_3":0.047058823529411764,"percentBets_4":0.06477732793522267},"output":{"chips":0.5}},
{"input":{"Win":0,"Lose":0.02666666666666667,"myCurrBet":0.0016666666666666668,"step":0,"position":0.25,"bluff":0,"percentBets_2":0.02,"handValue":0.10070000000000001,"percentBets_3":0.012987012987012988,"percentBets_4":0.017316017316017316},"output":{"chips":1}},
{"input":{"Win":0,"Lose":0.02666666666666667,"myCurrBet":0.01,"step":0,"position":0.25,"bluff":1,"handValue":0.10070000000000001,"percentBets_2":0.08,"percentBets_3":0.05194805194805195,"percentBets_4":0.06926406926406926},"output":{"chips":0.5}},
{"input":{"Win":0,"Lose":0.02666666666666667,"myCurrBet":0.02666666666666667,"step":0.25,"position":0.25,"bluff":0,"handValue":0.10120000000000001,"percentBets_2":0.16,"percentBets_3":0.1038961038961039,"percentBets_4":0.06926406926406926},"output":{"chips":0}},
{"input":{"Win":0,"Lose":0.02666666666666667,"myCurrBet":0.02666666666666667,"step":0.25,"position":0.25,"bluff":0,"handValue":0.1018,"percentBets_2":0.16,"percentBets_3":0.1038961038961039,"percentBets_4":0.06926406926406926},"output":{"chips":0}},
{"input":{"Win":0,"Lose":0.02666666666666667,"myCurrBet":0.02666666666666667,"step":0.25,"position":0.25,"bluff":0,"handValue":0.10120000000000001,"percentBets_2":0.16,"percentBets_3":0.1038961038961039,"percentBets_4":0.06926406926406926},"output":{"chips":0}},
{"input":{"Win":0,"Lose":0.02666666666666667,"myCurrBet":0.0016666666666666668,"step":0,"position":0.25,"bluff":0,"percentBets_2":0.023809523809523808,"handValue":0.10210000000000001,"percentBets_3":0.009900990099009901,"percentBets_4":0.018604651162790697},"output":{"chips":1}},
{"input":{"Win":0,"Lose":0.02666666666666667,"myCurrBet":0.01,"step":0,"position":0.25,"bluff":0,"handValue":0.10210000000000001,"percentBets_2":0.09523809523809523,"percentBets_3":0.039603960396039604,"percentBets_4":0.07441860465116279},"output":{"chips":0.5}},
{"input":{"Win":0,"Lose":0.02666666666666667,"myCurrBet":0.02666666666666667,"step":0.25,"position":0.25,"bluff":0,"handValue":0.10490000000000001,"percentBets_2":0.19047619047619047,"percentBets_3":0.07920792079207921,"percentBets_4":0.07441860465116279},"output":{"chips":0}},
{"input":{"Win":0,"Lose":0.02666666666666667,"myCurrBet":0.02666666666666667,"step":0.25,"position":0.25,"bluff":0,"handValue":0.10490000000000001,"percentBets_2":0.19047619047619047,"percentBets_3":0.07920792079207921,"percentBets_4":0.07441860465116279},"output":{"chips":0}},
{"input":{"Win":0,"Lose":0.02666666666666667,"myCurrBet":0.02666666666666667,"step":0.25,"position":0.25,"bluff":0,"handValue":0.10540000000000001,"percentBets_2":0.19047619047619047,"percentBets_3":0.07920792079207921,"percentBets_4":0.07441860465116279},"output":{"chips":0}},
{"input":{"Win":0,"Lose":0,"myCurrBet":0.0016666666666666668,"step":0,"position":0.25,"bluff":0,"percentBets_2":0.029411764705882353,"handValue":0.1,"percentBets_3":0.010752688172043012,"percentBets_4":0.015209125475285171},"output":{"chips":1}},
{"input":{"Win":0,"Lose":0,"myCurrBet":0.01,"step":0,"position":0.25,"bluff":0,"handValue":0.1,"percentBets_2":0.11764705882352941,"percentBets_3":0.043010752688172046,"percentBets_4":0.060836501901140684},"output":{"chips":0.5}},
{"input":{"Win":0,"Lose":0,"myCurrBet":0.02666666666666667,"step":0.25,"position":0.25,"bluff":0,"handValue":0.1024,"percentBets_2":0.23529411764705882,"percentBets_3":0.08602150537634409,"percentBets_4":0.060836501901140684},"output":{"chips":0}},
{"input":{"Win":0,"Lose":0,"myCurrBet":0.02666666666666667,"step":0.25,"position":0.25,"bluff":0,"handValue":0.1024,"percentBets_2":0.23529411764705882,"percentBets_3":0.08602150537634409,"percentBets_4":0.060836501901140684},"output":{"chips":0}},
{"input":{"Win":0,"Lose":0,"myCurrBet":0.02666666666666667,"step":0.25,"position":0.25,"bluff":1,"handValue":0.40000002111000005,"percentBets_2":0.2647058823529412,"percentBets_3":0.0967741935483871,"percentBets_4":0.07604562737642585},"output":{"chips":1}},
{"input":{"Win":0,"Lose":0,"myCurrBet":0.02666666666666667,"step":0.25,"position":0.25,"bluff":0,"handValue":0.40000002111000005,"percentBets_2":0.23529411764705882,"percentBets_3":0.08602150537634409,"percentBets_4":0.060836501901140684},"output":{"chips":0}},
{"input":{"Win":0,"Lose":0,"myCurrBet":0.03666666666666667,"step":0.25,"position":0.25,"bluff":0,"handValue":0.40000002111000005,"percentBets_2":0.35294117647058826,"percentBets_3":0.12903225806451613,"percentBets_4":0.12167300380228137},"output":{"chips":0}},
{"input":{"Win":0,"Lose":0.03666666666666667,"myCurrBet":0.02666666666666667,"step":0.25,"position":0.25,"bluff":0,"handValue":0.10350000000000001,"percentBets_2":0.36363636363636365,"percentBets_3":0.09876543209876543,"percentBets_4":0.04804804804804805},"output":{"chips":0}},
{"input":{"Win":0,"Lose":0.03666666666666667,"myCurrBet":0.02666666666666667,"step":0.25,"position":0.25,"bluff":0,"handValue":0.10350000000000001,"percentBets_2":0.4090909090909091,"percentBets_3":0.1111111111111111,"percentBets_4":0.06006006006006006},"output":{"chips":0}},
{"input":{"Win":0,"Lose":0.03666666666666667,"myCurrBet":0.01,"step":0,"position":0.25,"bluff":1,"handValue":0.10200000000000001,"percentBets_2":0.18181818181818182,"percentBets_3":0.04938271604938271,"percentBets_4":0.04804804804804805},"output":{"chips":0.5}},
{"input":{"Win":0,"Lose":0.03666666666666667,"myCurrBet":0.0016666666666666668,"step":0,"position":0.25,"bluff":0,"percentBets_2":0.045454545454545456,"handValue":0.10200000000000001,"percentBets_3":0.012345679012345678,"percentBets_4":0.012012012012012012},"output":{"chips":1}},
{"input":{"Win":0,"Lose":0.02666666666666667,"myCurrBet":0.0016666666666666668,"step":0,"position":0.25,"bluff":0,"percentBets_2":0.07692307692307693,"handValue":0.600402,"percentBets_3":0.013888888888888888,"percentBets_4":0.01038961038961039},"output":{"chips":0}},
{"input":{"Win":0.04864864864864865,"Lose":0,"myCurrBet":0.02,"step":0.25,"position":0.25,"bluff":0,"handValue":0.10110000000000001,"percentBets_2":0,"percentBets_3":0,"percentBets_4":0.032171581769437},"output":{"chips":1}},
{"input":{"Win":0.04864864864864865,"Lose":0,"myCurrBet":0.023333333333333334,"step":0.25,"position":0.25,"bluff":0,"handValue":0.10110000000000001,"percentBets_4":0.04289544235924933},"output":{"chips":0.5}},
{"input":{"Win":0.04864864864864865,"Lose":0,"myCurrBet":0.02666666666666667,"step":0.5,"position":0.25,"bluff":0,"handValue":0.10200000000000001,"percentBets_4":0.04289544235924933},"output":{"chips":0}},
{"input":{"Win":0.04864864864864865,"Lose":0,"myCurrBet":0.01,"step":0,"position":0.25,"bluff":0,"handValue":0.10120000000000001,"percentBets_2":0.42857142857142855,"percentBets_3":0.03550295857988166,"percentBets_4":0.032171581769437},"output":{"chips":0.5}},
{"input":{"Win":0.04864864864864865,"Lose":0,"myCurrBet":0.0016666666666666668,"step":0,"position":0.25,"bluff":1,"percentBets_2":0.14285714285714285,"handValue":0.10120000000000001,"percentBets_3":0.011834319526627219,"percentBets_4":0.010723860589812333},"output":{"chips":1}},
{"input":{"Win":0.04864864864864865,"Lose":0,"myCurrBet":0.02666666666666667,"step":0.5,"position":0.25,"bluff":0,"handValue":0.10200000000000001,"percentBets_4":0.04289544235924933},"output":{"chips":0}},
{"input":{"Win":0,"Lose":0.013333333333333334,"myCurrBet":0.0033333333333333335,"step":0,"position":0.25,"bluff":0,"percentBets_2":0.5,"handValue":0.1013,"percentBets_3":0.024539877300613498,"percentBets_4":0.022408963585434174},"output":{"chips":0.5}},
{"input":{"Win":0,"Lose":0.013333333333333334,"myCurrBet":0.013333333333333334,"step":0.25,"position":0.25,"bluff":0,"handValue":0.300000120211,"percentBets_2":1,"percentBets_3":0.049079754601226995,"percentBets_4":0.022408963585434174},"output":{"chips":0}},
{"input":{"Win":0,"Lose":0.013333333333333334,"myCurrBet":0.013333333333333334,"step":0.25,"position":0.25,"bluff":0,"handValue":0.1033,"percentBets_2":1,"percentBets_3":0.049079754601226995,"percentBets_4":0.022408963585434174},"output":{"chips":0}},
{"input":{"Win":0,"Lose":0.013333333333333334,"myCurrBet":0.013333333333333334,"step":0.25,"position":0.25,"bluff":0,"handValue":0.1033,"percentBets_2":1,"percentBets_3":0.049079754601226995,"percentBets_4":0.022408963585434174},"output":{"chips":0}},
{"input":{"Win":0,"Lose":0.04,"myCurrBet":0.0033333333333333335,"step":0,"position":0.3333333333333333,"bluff":0,"percentBets_2":0.025806451612903226,"handValue":0.10160000000000001,"percentBets_3":0.02099737532808399},"output":{"chips":1}},
{"input":{"Win":0,"Lose":0.04,"myCurrBet":0.04,"step":0.25,"position":0.3333333333333333,"bluff":0,"handValue":0.10410000000000001,"percentBets_2":0.15483870967741936,"percentBets_3":0.06299212598425197},"output":{"chips":0}},
{"input":{"Win":0,"Lose":0.04,"myCurrBet":0.02,"step":0,"position":0.3333333333333333,"bluff":0,"handValue":0.10160000000000001,"percentBets_2":0.07741935483870968,"percentBets_3":0.06299212598425197},"output":{"chips":0.5}},
{"input":{"Win":0,"Lose":0.04,"myCurrBet":0.04,"step":0.25,"position":0.3333333333333333,"bluff":0,"handValue":0.10410000000000001,"percentBets_2":0.15483870967741936,"percentBets_3":0.06299212598425197},"output":{"chips":0}},
{"input":{"Win":0,"Lose":0.04,"myCurrBet":0.04,"step":0.25,"position":0.3333333333333333,"bluff":0,"handValue":0.10450000000000001,"percentBets_2":0.15483870967741936,"percentBets_3":0.06299212598425197},"output":{"chips":0}},
{"input":{"Win":0.08571428571428572,"Lose":0,"myCurrBet":0.02,"step":0,"position":0.3333333333333333,"bluff":0,"handValue":0.1,"percentBets_2":0.0916030534351145,"percentBets_3":0.055944055944055944},"output":{"chips":0.5}},
{"input":{"Win":0.08571428571428572,"Lose":0,"myCurrBet":0.0033333333333333335,"step":0,"position":0.3333333333333333,"bluff":0,"percentBets_2":0.030534351145038167,"handValue":0.1,"percentBets_3":0.018648018648018648},"output":{"chips":1}},
{"input":{"Win":0.08571428571428572,"Lose":0,"myCurrBet":0.04,"step":0.25,"position":0.3333333333333333,"bluff":0,"handValue":0.40000006070500005,"percentBets_2":0.183206106870229,"percentBets_3":0.055944055944055944},"output":{"chips":0}},
{"input":{"Win":0.08571428571428572,"Lose":0,"myCurrBet":0.04,"step":0.25,"position":0.3333333333333333,"bluff":0,"handValue":0.40000006070500005,"percentBets_2":0.183206106870229,"percentBets_3":0.055944055944055944},"output":{"chips":0}},
{"input":{"Win":0.08571428571428572,"Lose":0,"myCurrBet":0.04,"step":0.25,"position":0.3333333333333333,"bluff":0,"handValue":0.40000006070500005,"percentBets_2":0.183206106870229,"percentBets_3":0.055944055944055944},"output":{"chips":0}},
{"input":{"Win":0.09375,"Lose":0,"myCurrBet":0.0033333333333333335,"step":0,"position":0.3333333333333333,"bluff":0,"percentBets_2":0.037383177570093455,"handValue":0.1014,"percentBets_3":0.019753086419753086},"output":{"chips":1}},
{"input":{"Win":0.09375,"Lose":0,"myCurrBet":0.02,"step":0,"position":0.3333333333333333,"bluff":0,"handValue":0.1014,"percentBets_2":0.11214953271028037,"percentBets_3":0.05925925925925926},"output":{"chips":0.5}},
{"input":{"Win":0.09375,"Lose":0,"myCurrBet":0.04,"step":0.25,"position":0.3333333333333333,"bluff":0,"handValue":0.400000130201,"percentBets_2":0.22429906542056074,"percentBets_3":0.05925925925925926},"output":{"chips":0}},
{"input":{"Win":0.09375,"Lose":0,"myCurrBet":0.04,"step":0.25,"position":0.3333333333333333,"bluff":0,"handValue":0.400000130201,"percentBets_2":0.22429906542056074,"percentBets_3":0.05925925925925926},"output":{"chips":0}},
{"input":{"Win":0.09375,"Lose":0,"myCurrBet":0.04,"step":0.25,"position":0.3333333333333333,"bluff":0,"handValue":0.400000130402,"percentBets_2":0.22429906542056074,"percentBets_3":0.05925925925925926},"output":{"chips":0}},
{"input":{"Win":0,"Lose":0.013333333333333334,"myCurrBet":0.0033333333333333335,"step":0,"position":0.3333333333333333,"bluff":1,"percentBets_2":0.04819277108433735,"handValue":0.10160000000000001,"percentBets_3":0.02099737532808399},"output":{"chips":0.5}},
{"input":{"Win":0,"Lose":0.013333333333333334,"myCurrBet":0.013333333333333334,"step":0.25,"position":0.3333333333333333,"bluff":0,"handValue":0.300000100706,"percentBets_2":0.0963855421686747,"percentBets_3":0.02099737532808399},"output":{"chips":0}},
{"input":{"Win":0,"Lose":0.013333333333333334,"myCurrBet":0.013333333333333334,"step":0.25,"position":0.3333333333333333,"bluff":0,"handValue":0.300000100706,"percentBets_2":0.0963855421686747,"percentBets_3":0.02099737532808399},"output":{"chips":0}},
{"input":{"Win":0,"Lose":0.013333333333333334,"myCurrBet":0.013333333333333334,"step":0.25,"position":0.3333333333333333,"bluff":0,"handValue":0.300000100706,"percentBets_2":0.0963855421686747,"percentBets_3":0.02099737532808399},"output":{"chips":0}},
{"input":{"Win":0,"Lose":0,"myCurrBet":0.0033333333333333335,"step":0,"position":0.3333333333333333,"bluff":0,"percentBets_2":0.04040404040404041,"handValue":0.600807,"percentBets_3":0.021447721179624665},"output":{"chips":0}},
{"input":{"Win":0,"Lose":0.043333333333333335,"myCurrBet":0.0033333333333333335,"step":0,"position":0.3333333333333333,"bluff":0,"percentBets_2":0.042105263157894736,"handValue":0.1015,"percentBets_3":0.021108179419525065},"output":{"chips":1}},
{"input":{"Win":0,"Lose":0.043333333333333335,"myCurrBet":0.02,"step":0,"position":0.3333333333333333,"bluff":1,"handValue":0.1015,"percentBets_2":0.12631578947368421,"percentBets_3":0.0633245382585752},"output":{"chips":0.5}},
{"input":{"Win":0,"Lose":0.043333333333333335,"myCurrBet":0.04,"step":0.25,"position":0.3333333333333333,"bluff":0,"handValue":0.1034,"percentBets_2":0.25263157894736843,"percentBets_3":0.0633245382585752},"output":{"chips":0}},
{"input":{"Win":0,"Lose":0.043333333333333335,"myCurrBet":0.04,"step":0.25,"position":0.3333333333333333,"bluff":0,"handValue":0.1034,"percentBets_2":0.25263157894736843,"percentBets_3":0.0633245382585752},"output":{"chips":0}},
{"input":{"Win":0,"Lose":0.043333333333333335,"myCurrBet":0.04,"step":0.25,"position":0.3333333333333333,"bluff":0,"handValue":0.1028,"percentBets_2":0.25263157894736843,"percentBets_3":0.0633245382585752},"output":{"chips":0}},
{"input":{"Win":0,"Lose":0,"myCurrBet":0.0033333333333333335,"step":0,"position":0.3333333333333333,"bluff":0,"percentBets_2":0.027972027972027972,"handValue":0.1019,"percentBets_3":0.022535211267605635},"output":{"chips":1}},
{"input":{"Win":0,"Lose":0,"myCurrBet":0.04,"step":0.25,"position":0.3333333333333333,"bluff":1,"handValue":0.10200000000000001,"percentBets_2":0.16783216783216784,"percentBets_3":0.0676056338028169},"output":{"chips":0.5}},
{"input":{"Win":0,"Lose":0,"myCurrBet":0.04,"step":0.25,"position":0.3333333333333333,"bluff":0,"handValue":0.10200000000000001,"percentBets_2":0.16783216783216784,"percentBets_3":0.0676056338028169},"output":{"chips":0}},
{"input":{"Win":0,"Lose":0,"myCurrBet":0.02,"step":0,"position":0.3333333333333333,"bluff":0,"handValue":0.1019,"percentBets_2":0.08391608391608392,"percentBets_3":0.0676056338028169},"output":{"chips":0.5}},
{"input":{"Win":0,"Lose":0,"myCurrBet":0.04,"step":0.75,"position":0.3333333333333333,"bluff":1,"handValue":0.30000004011,"percentBets_2":0.16783216783216784,"percentBets_3":0.0676056338028169},"output":{"chips":1}},
{"input":{"Win":0,"Lose":0,"myCurrBet":0.04666666666666667,"step":0.75,"position":0.3333333333333333,"bluff":0,"handValue":0.30000004011,"percentBets_2":0.1958041958041958,"percentBets_3":0.09014084507042254},"output":{"chips":0}},
{"input":{"Win":0,"Lose":0.08666666666666667,"myCurrBet":0.0033333333333333335,"step":0,"position":0.3333333333333333,"bluff":0,"percentBets_2":0.034782608695652174,"handValue":0.1014,"percentBets_3":0.019464720194647202},"output":{"chips":1}},
{"input":{"Win":0,"Lose":0.08666666666666667,"myCurrBet":0.02,"step":0,"position":0.3333333333333333,"bluff":0,"handValue":0.1014,"percentBets_2":0.10434782608695652,"percentBets_3":0.058394160583941604},"output":{"chips":0.5}},
{"input":{"Win":0,"Lose":0.08666666666666667,"myCurrBet":0.04,"step":0.25,"position":0.3333333333333333,"bluff":0,"handValue":0.10410000000000001,"percentBets_2":0.20869565217391303,"percentBets_3":0.058394160583941604},"output":{"chips":0}},
{"input":{"Win":0,"Lose":0.08666666666666667,"myCurrBet":0.04,"step":0.25,"position":0.3333333333333333,"bluff":0,"handValue":0.10410000000000001,"percentBets_2":0.20869565217391303,"percentBets_3":0.058394160583941604},"output":{"chips":0}},
{"input":{"Win":0,"Lose":0.08666666666666667,"myCurrBet":0.04,"step":0.25,"position":0.3333333333333333,"bluff":0,"handValue":0.1042,"percentBets_2":0.20869565217391303,"percentBets_3":0.058394160583941604},"output":{"chips":0}},
{"input":{"Win":0.08727272727272728,"Lose":0,"myCurrBet":0.0033333333333333335,"step":0,"position":0.3333333333333333,"bluff":0,"percentBets_2":0.024539877300613498,"handValue":0.1013,"percentBets_3":0.020671834625323},"output":{"chips":1}},
{"input":{"Win":0.08727272727272728,"Lose":0,"myCurrBet":0.04,"step":0.25,"position":0.3333333333333333,"bluff":1,"handValue":0.10120000000000001,"percentBets_2":0.147239263803681,"percentBets_3":0.06201550387596899},"output":{"chips":0.5}},
{"input":{"Win":0.08727272727272728,"Lose":0,"myCurrBet":0.04,"step":0.5,"position":0.3333333333333333,"bluff":0,"handValue":0.1013,"percentBets_2":0.147239263803681,"percentBets_3":0.06201550387596899},"output":{"chips":0}},
{"input":{"Win":0.08727272727272728,"Lose":0,"myCurrBet":0.02,"step":0,"position":0.3333333333333333,"bluff":0,"handValue":0.1013,"percentBets_2":0.0736196319018405,"percentBets_3":0.06201550387596899},"output":{"chips":0.5}},
{"input":{"Win":0.08727272727272728,"Lose":0,"myCurrBet":0.04,"step":0.5,"position":0.3333333333333333,"bluff":0,"handValue":0.1013,"percentBets_2":0.147239263803681,"percentBets_3":0.06201550387596899},"output":{"chips":0}},
{"input":{"Win":0.09561752988047809,"Lose":0,"myCurrBet":0.0033333333333333335,"step":0,"position":0.3333333333333333,"bluff":0,"percentBets_2":0.02877697841726619,"handValue":0.1,"percentBets_3":0.02203856749311295},"output":{"chips":1}},
{"input":{"Win":0.09561752988047809,"Lose":0,"myCurrBet":0.04,"step":0.25,"position":0.3333333333333333,"bluff":0,"handValue":0.10070000000000001,"percentBets_2":0.17266187050359713,"percentBets_3":0.06611570247933884},"output":{"chips":0}},
{"input":{"Win":0.09561752988047809,"Lose":0,"myCurrBet":0.04,"step":0.25,"position":0.3333333333333333,"bluff":1,"handValue":0.1018,"percentBets_2":0.17266187050359713,"percentBets_3":0.06611570247933884},"output":{"chips":0.5}},
{"input":{"Win":0.09561752988047809,"Lose":0,"myCurrBet":0.04,"step":0.25,"position":0.3333333333333333,"bluff":0,"handValue":0.10070000000000001,"percentBets_2":0.17266187050359713,"percentBets_3":0.06611570247933884},"output":{"chips":0}},
{"input":{"Win":0.09561752988047809,"Lose":0,"myCurrBet":0.02,"step":0,"position":0.3333333333333333,"bluff":0,"handValue":0.1,"percentBets_2":0.08633093525179857,"percentBets_3":0.06611570247933884},"output":{"chips":0.5}},
{"input":{"Win":0,"Lose":0,"myCurrBet":0.0033333333333333335,"step":0,"position":0.3333333333333333,"bluff":0,"percentBets_2":0.034782608695652174,"handValue":0.500000000007,"percentBets_3":0.02359882005899705},"output":{"chips":0.5}},
{"input":{"Win":0,"Lose":0,"myCurrBet":0.013333333333333334,"step":0.25,"position":0.3333333333333333,"bluff":1,"handValue":0.10250000000000001,"percentBets_2":0.06956521739130435,"percentBets_3":0.02359882005899705},"output":{"chips":0.5}},
{"input":{"Win":0,"Lose":0,"myCurrBet":0.013333333333333334,"step":0.5,"position":0.3333333333333333,"bluff":0,"handValue":0.10310000000000001,"percentBets_2":0.06956521739130435,"percentBets_3":0.02359882005899705},"output":{"chips":0}},
{"input":{"Win":0,"Lose":0,"myCurrBet":0.02,"step":0.5,"position":0.3333333333333333,"bluff":0,"handValue":0.1039,"percentBets_2":0.10434782608695652,"percentBets_3":0.0471976401179941},"output":{"chips":0}},
{"input":{"Win":0,"Lose":0,"myCurrBet":0.013333333333333334,"step":0.5,"position":0.3333333333333333,"bluff":1,"handValue":0.10310000000000001,"percentBets_2":0.06956521739130435,"percentBets_3":0.02359882005899705},"output":{"chips":1}},
{"input":{"Win":0.00881057268722467,"Lose":0,"myCurrBet":0.0033333333333333335,"step":0,"position":0.3333333333333333,"bluff":0,"percentBets_2":0.038834951456310676,"handValue":0.500000000009,"percentBets_3":0.02203856749311295},"output":{"chips":0.5}},
{"input":{"Win":0.00881057268722467,"Lose":0,"myCurrBet":0.013333333333333334,"step":0.25,"position":0.3333333333333333,"bluff":0,"handValue":0.30000009070399997,"percentBets_2":0.07766990291262135,"percentBets_3":0.02203856749311295},"output":{"chips":0}},
{"input":{"Win":0.00881057268722467,"Lose":0,"myCurrBet":0.013333333333333334,"step":0.25,"position":0.3333333333333333,"bluff":0,"handValue":0.30000009070399997,"percentBets_2":0.07766990291262135,"percentBets_3":0.02203856749311295},"output":{"chips":0}},
{"input":{"Win":0.00881057268722467,"Lose":0,"myCurrBet":0.013333333333333334,"step":0.25,"position":0.3333333333333333,"bluff":0,"handValue":0.700000000907,"percentBets_2":0.07766990291262135,"percentBets_3":0.02203856749311295},"output":{"chips":0}},
{"input":{"Win":0,"Lose":0,"myCurrBet":0.0033333333333333335,"step":0,"position":0.3333333333333333,"bluff":0,"percentBets_2":0.042105263157894736,"handValue":0.601105,"percentBets_3":0.022535211267605635},"output":{"chips":0}},
{"input":{"Win":0.10222222222222223,"Lose":0,"myCurrBet":0.04,"step":0.25,"position":0.3333333333333333,"bluff":0,"handValue":0.1034,"percentBets_2":0.26373626373626374,"percentBets_3":0.0664819944598338},"output":{"chips":0}},
{"input":{"Win":0.10222222222222223,"Lose":0,"myCurrBet":0.02,"step":0,"position":0.3333333333333333,"bluff":0,"handValue":0.1017,"percentBets_2":0.13186813186813187,"percentBets_3":0.0664819944598338},"output":{"chips":0.5}},
{"input":{"Win":0.10222222222222223,"Lose":0,"myCurrBet":0.04,"step":0.25,"position":0.3333333333333333,"bluff":0,"handValue":0.1034,"percentBets_2":0.26373626373626374,"percentBets_3":0.0664819944598338},"output":{"chips":0}},
{"input":{"Win":0.10222222222222223,"Lose":0,"myCurrBet":0.0033333333333333335,"step":0,"position":0.3333333333333333,"bluff":0,"percentBets_2":0.04395604395604396,"handValue":0.1017,"percentBets_3":0.0221606648199446},"output":{"chips":1}},
{"input":{"Win":0.10222222222222223,"Lose":0,"myCurrBet":0.04,"step":0.25,"position":0.3333333333333333,"bluff":0,"handValue":0.10360000000000001,"percentBets_2":0.26373626373626374,"percentBets_3":0.0664819944598338},"output":{"chips":0}},
{"input":{"Win":0,"Lose":0,"myCurrBet":0.005,"step":0,"position":0.3333333333333333,"bluff":0,"percentBets_2":0.08955223880597014,"handValue":0.500000000009,"percentBets_3":0.03560830860534125},"output":{"chips":0}},
{"input":{"Win":0,"Lose":0.025,"myCurrBet":0.005,"step":0,"position":0.3333333333333333,"bluff":1,"percentBets_2":0.09836065573770492,"handValue":0.601209,"percentBets_3":0.03468208092485549},"output":{"chips":0.5}},
{"input":{"Win":0,"Lose":0.025,"myCurrBet":0.02,"step":0.25,"position":0.3333333333333333,"bluff":0,"handValue":0.1023,"percentBets_2":0.19672131147540983,"percentBets_3":0.03468208092485549},"output":{"chips":0.5}},
{"input":{"Win":0,"Lose":0.025,"myCurrBet":0.02,"step":0.5,"position":0.3333333333333333,"bluff":0,"handValue":0.300000120113,"percentBets_2":0.19672131147540983,"percentBets_3":0.03468208092485549},"output":{"chips":0}},
{"input":{"Win":0,"Lose":0.025,"myCurrBet":0.02,"step":0.5,"position":0.3333333333333333,"bluff":0,"handValue":0.300000120113,"percentBets_2":0.19672131147540983,"percentBets_3":0.03468208092485549},"output":{"chips":0}},
{"input":{"Win":0,"Lose":0,"myCurrBet":0.005,"step":0,"position":0.3333333333333333,"bluff":0,"percentBets_2":0.12244897959183673,"handValue":0.600807,"percentBets_3":0.032432432432432434},"output":{"chips":0}},
{"input":{"Win":0.050119331742243436,"Lose":0,"myCurrBet":0.005,"step":0,"position":0.3333333333333333,"bluff":0,"percentBets_2":0.13953488372093023,"handValue":0.1008,"percentBets_3":0.0316622691292876},"output":{"chips":0.5}},
{"input":{"Win":0.050119331742243436,"Lose":0,"myCurrBet":0.02,"step":0.25,"position":0.3333333333333333,"bluff":1,"handValue":0.1024,"percentBets_2":0.27906976744186046,"percentBets_3":0.0316622691292876},"output":{"chips":0.5}},
{"input":{"Win":0.050119331742243436,"Lose":0,"myCurrBet":0.02,"step":0.5,"position":0.3333333333333333,"bluff":0,"handValue":0.40000002100800003,"percentBets_2":0.27906976744186046,"percentBets_3":0.0316622691292876},"output":{"chips":0}},
{"input":{"Win":0.050119331742243436,"Lose":0,"myCurrBet":0.02,"step":0.5,"position":0.3333333333333333,"bluff":0,"handValue":0.40000002100800003,"percentBets_2":0.27906976744186046,"percentBets_3":0.0316622691292876},"output":{"chips":0}},
{"input":{"Win":0,"Lose":0.02,"myCurrBet":0.005,"step":0,"position":0.3333333333333333,"bluff":0,"percentBets_2":0.1935483870967742,"handValue":0.101,"percentBets_3":0.0326975476839237},"output":{"chips":0.5}},
{"input":{"Win":0,"Lose":0.02,"myCurrBet":0.02,"step":0.25,"position":0.3333333333333333,"bluff":0,"handValue":0.1022,"percentBets_2":0.3870967741935484,"percentBets_3":0.0326975476839237},"output":{"chips":0.5}},
{"input":{"Win":0,"Lose":0.02,"myCurrBet":0.02,"step":0.5,"position":0.3333333333333333,"bluff":0,"handValue":0.300000060409,"percentBets_2":0.3870967741935484,"percentBets_3":0.0326975476839237},"output":{"chips":0}},
{"input":{"Win":0,"Lose":0.02,"myCurrBet":0.02,"step":0.5,"position":0.3333333333333333,"bluff":0,"handValue":0.300000060409,"percentBets_2":0.3870967741935484,"percentBets_3":0.0326975476839237},"output":{"chips":0}},
{"input":{"Win":0.05853658536585366,"Lose":0,"myCurrBet":0.005,"step":0,"position":0.3333333333333333,"bluff":0,"percentBets_2":0.10909090909090909,"handValue":0.1017,"percentBets_3":0.03380281690140845},"output":{"chips":0.5}},
{"input":{"Win":0.05853658536585366,"Lose":0,"myCurrBet":0.02,"step":0.5,"position":0.3333333333333333,"bluff":0,"handValue":0.300000130411,"percentBets_2":0.21818181818181817,"percentBets_3":0.03380281690140845},"output":{"chips":0}},
{"input":{"Win":0.05853658536585366,"Lose":0,"myCurrBet":0.02,"step":0.25,"position":0.3333333333333333,"bluff":0,"handValue":0.10250000000000001,"percentBets_2":0.21818181818181817,"percentBets_3":0.03380281690140845},"output":{"chips":0.5}},
{"input":{"Win":0.05853658536585366,"Lose":0,"myCurrBet":0.02,"step":0.5,"position":0.3333333333333333,"bluff":0,"handValue":0.300000130411,"percentBets_2":0.21818181818181817,"percentBets_3":0.03380281690140845},"output":{"chips":0}},
{"input":{"Win":0,"Lose":0.02,"myCurrBet":0.005,"step":0,"position":0.3333333333333333,"bluff":0,"percentBets_2":0.13953488372093023,"handValue":0.1015,"percentBets_3":0.03498542274052478},"output":{"chips":0.5}},
{"input":{"Win":0,"Lose":0.02,"myCurrBet":0.02,"step":0.25,"position":0.3333333333333333,"bluff":0,"handValue":0.1032,"percentBets_2":0.27906976744186046,"percentBets_3":0.03498542274052478},"output":{"chips":0.5}},
{"input":{"Win":0,"Lose":0.02,"myCurrBet":0.02,"step":0.5,"position":0.3333333333333333,"bluff":0,"handValue":0.1042,"percentBets_2":0.27906976744186046,"percentBets_3":0.03498542274052478},"output":{"chips":0}},
{"input":{"Win":0,"Lose":0.02,"myCurrBet":0.02,"step":0.5,"position":0.3333333333333333,"bluff":0,"handValue":0.1042,"percentBets_2":0.27906976744186046,"percentBets_3":0.03498542274052478},"output":{"chips":0}},
{"input":{"Win":0,"Lose":0,"myCurrBet":0.03,"step":0,"position":0.3333333333333333,"bluff":0,"handValue":0.600503,"percentBets_2":0.26865671641791045,"percentBets_3":0.10876132930513595},"output":{"chips":0}},
{"input":{"Win":0,"Lose":0,"myCurrBet":0.005,"step":0,"position":0.3333333333333333,"bluff":1,"percentBets_2":0.08955223880597014,"handValue":0.600503,"percentBets_3":0.03625377643504532},"output":{"chips":1}},
{"input":{"Win":0,"Lose":0.05,"myCurrBet":0.02,"step":0.25,"position":0.3333333333333333,"bluff":0,"handValue":0.10120000000000001,"percentBets_2":0.24489795918367346,"percentBets_3":0.0326975476839237},"output":{"chips":0.5}},
{"input":{"Win":0,"Lose":0.05,"myCurrBet":0.02,"step":0.5,"position":0.3333333333333333,"bluff":0,"handValue":0.1022,"percentBets_2":0.24489795918367346,"percentBets_3":0.0326975476839237},"output":{"chips":0}},
{"input":{"Win":0,"Lose":0.05,"myCurrBet":0.02,"step":0.5,"position":0.3333333333333333,"bluff":0,"handValue":0.1022,"percentBets_2":0.24489795918367346,"percentBets_3":0.0326975476839237},"output":{"chips":0}},
{"input":{"Win":0,"Lose":0.05,"myCurrBet":0.005,"step":0,"position":0.3333333333333333,"bluff":0,"percentBets_2":0.12244897959183673,"handValue":0.1,"percentBets_3":0.0326975476839237},"output":{"chips":0.5}},
{"input":{"Win":0,"Lose":0,"myCurrBet":0.005,"step":0,"position":0.3333333333333333,"bluff":0,"percentBets_2":0.0821917808219178,"handValue":0.6012069999999999,"percentBets_3":0.03380281690140845},"output":{"chips":0}},
{"input":{"Win":0,"Lose":0.005,"myCurrBet":0.005,"step":0,"position":0.3333333333333333,"bluff":0,"percentBets_2":0.08955223880597014,"handValue":0.1018,"percentBets_3":0.03296703296703297},"output":{"chips":0.5}},
{"input":{"Win":0,"Lose":0.005,"myCurrBet":0.03,"step":0.25,"position":0.3333333333333333,"bluff":0,"handValue":0.10260000000000001,"percentBets_2":0.26865671641791045,"percentBets_3":0.06593406593406594},"output":{"chips":0}},
{"input":{"Win":0,"Lose":0.005,"myCurrBet":0.02,"step":0.25,"position":0.3333333333333333,"bluff":1,"handValue":0.10260000000000001,"percentBets_2":0.1791044776119403,"percentBets_3":0.03296703296703297},"output":{"chips":1}},
{"input":{"Win":0.013921113689095127,"Lose":0,"myCurrBet":0.005,"step":0,"position":0.3333333333333333,"bluff":0,"percentBets_2":0.12244897959183673,"handValue":0.1018,"percentBets_3":0.03},"output":{"chips":0.5}},
{"input":{"Win":0.013921113689095127,"Lose":0,"myCurrBet":0.02,"step":0.5,"position":0.3333333333333333,"bluff":0,"handValue":0.300000121106,"percentBets_2":0.24489795918367346,"percentBets_3":0.03},"output":{"chips":0}},
{"input":{"Win":0.013921113689095127,"Lose":0,"myCurrBet":0.02,"step":0.25,"position":0.3333333333333333,"bluff":0,"handValue":0.10200000000000001,"percentBets_2":0.24489795918367346,"percentBets_3":0.03},"output":{"chips":0.5}},
{"input":{"Win":0.013921113689095127,"Lose":0,"myCurrBet":0.02,"step":0.5,"position":0.3333333333333333,"bluff":0,"handValue":0.300000121106,"percentBets_2":0.24489795918367346,"percentBets_3":0.03},"output":{"chips":0}},
{"input":{"Win":0,"Lose":0,"myCurrBet":0.005,"step":0,"position":0.3333333333333333,"bluff":0,"percentBets_2":0.16216216216216217,"handValue":0.600804,"percentBets_3":0.030927835051546393},"output":{"chips":0}},
{"input":{"Win":0.04941176470588235,"Lose":0,"myCurrBet":0.005,"step":0,"position":0.3333333333333333,"bluff":0,"percentBets_2":0.1935483870967742,"handValue":0.10120000000000001,"percentBets_3":0.030226700251889168},"output":{"chips":0.5}},
{"input":{"Win":0.04941176470588235,"Lose":0,"myCurrBet":0.02,"step":0.25,"position":0.3333333333333333,"bluff":0,"handValue":0.1028,"percentBets_2":0.3870967741935484,"percentBets_3":0.030226700251889168},"output":{"chips":0.5}},
{"input":{"Win":0.04941176470588235,"Lose":0,"myCurrBet":0.02,"step":0.5,"position":0.3333333333333333,"bluff":0,"handValue":0.1039,"percentBets_2":0.3870967741935484,"percentBets_3":0.030226700251889168},"output":{"chips":0}},
{"input":{"Win":0.04941176470588235,"Lose":0,"myCurrBet":0.02,"step":0.5,"position":0.3333333333333333,"bluff":0,"handValue":0.1039,"percentBets_2":0.3870967741935484,"percentBets_3":0.030226700251889168},"output":{"chips":0}},
{"input":{"Win":0,"Lose":0.02,"myCurrBet":0.005,"step":0,"position":0.3333333333333333,"bluff":1,"percentBets_2":0.3157894736842105,"handValue":0.10200000000000001,"percentBets_3":0.03116883116883117},"output":{"chips":0.5}},
{"input":{"Win":0,"Lose":0.02,"myCurrBet":0.02,"step":0.25,"position":0.3333333333333333,"bluff":1,"handValue":0.10260000000000001,"percentBets_2":0.631578947368421,"percentBets_3":0.03116883116883117},"output":{"chips":0.5}},
{"input":{"Win":0,"Lose":0.02,"myCurrBet":0.02,"step":0.5,"position":0.3333333333333333,"bluff":0,"handValue":0.1037,"percentBets_2":0.631578947368421,"percentBets_3":0.03116883116883117},"output":{"chips":0}},
{"input":{"Win":0,"Lose":0.02,"myCurrBet":0.02,"step":0.5,"position":0.3333333333333333,"bluff":0,"handValue":0.1037,"percentBets_2":0.631578947368421,"percentBets_3":0.03116883116883117},"output":{"chips":0}},
{"input":{"Win":0,"Lose":0,"myCurrBet":0.005,"step":0,"position":0.3333333333333333,"bluff":0,"percentBets_2":0.8571428571428571,"handValue":0.601105,"percentBets_3":0.029339853300733496},"output":{"chips":0}},
{"input":{"Win":0,"Lose":0,"myCurrBet":0.005,"step":0,"position":0.3333333333333333,"bluff":1,"percentBets_2":1,"handValue":0.1005,"percentBets_3":0.004784688995215311},"output":{"chips":1}},
{"input":{"Win":0,"Lose":0.04,"myCurrBet":0.005,"step":0,"position":0.5,"bluff":0,"percentBets_2":0.014423076923076924,"handValue":0.600703},"output":{"chips":1}},
{"input":{"Win":0,"Lose":0.04,"myCurrBet":0.04,"step":0.75,"position":0.5,"bluff":0,"handValue":0.1022,"percentBets_2":0.057692307692307696},"output":{"chips":0}},
{"input":{"Win":0,"Lose":0.04,"myCurrBet":0.04,"step":0.5,"position":0.5,"bluff":0,"handValue":0.1017,"percentBets_2":0.057692307692307696},"output":{"chips":0.5}},
{"input":{"Win":0,"Lose":0.04,"myCurrBet":0.02,"step":0,"position":0.5,"bluff":0,"handValue":0.600703,"percentBets_2":0.057692307692307696},"output":{"chips":0.5}},
{"input":{"Win":0,"Lose":0.04,"myCurrBet":0.04,"step":0.25,"position":0.5,"bluff":0,"handValue":0.10110000000000001,"percentBets_2":0.057692307692307696},"output":{"chips":0.5}},
{"input":{"Win":0.05454545454545454,"Lose":0,"myCurrBet":0.005,"step":0,"position":0.5,"bluff":1,"percentBets_2":0.013636363636363636,"handValue":0.1},"output":{"chips":1}},
{"input":{"Win":0.05454545454545454,"Lose":0,"myCurrBet":0.02,"step":0,"position":0.5,"bluff":0,"handValue":0.1,"percentBets_2":0.05454545454545454},"output":{"chips":0.5}},
{"input":{"Win":0.05454545454545454,"Lose":0,"myCurrBet":0.04,"step":0.75,"position":0.5,"bluff":0,"handValue":0.30000003011299997,"percentBets_2":0.05454545454545454},"output":{"chips":0}},
{"input":{"Win":0.05454545454545454,"Lose":0,"myCurrBet":0.04,"step":0.25,"position":0.5,"bluff":0,"handValue":0.1028,"percentBets_2":0.05454545454545454},"output":{"chips":0.5}},
{"input":{"Win":0.05454545454545454,"Lose":0,"myCurrBet":0.04,"step":0.5,"position":0.5,"bluff":0,"handValue":0.1033,"percentBets_2":0.05454545454545454},"output":{"chips":0.5}},
{"input":{"Win":0,"Lose":0.04,"myCurrBet":0.02,"step":0,"position":0.5,"bluff":0,"handValue":0.600702,"percentBets_2":0.057692307692307696},"output":{"chips":0.5}},
{"input":{"Win":0,"Lose":0.04,"myCurrBet":0.04,"step":0.5,"position":0.5,"bluff":0,"handValue":0.10310000000000001,"percentBets_2":0.057692307692307696},"output":{"chips":0.5}},
{"input":{"Win":0,"Lose":0.04,"myCurrBet":0.005,"step":0,"position":0.5,"bluff":0,"percentBets_2":0.014423076923076924,"handValue":0.600702},"output":{"chips":1}},
{"input":{"Win":0,"Lose":0.04,"myCurrBet":0.04,"step":0.25,"position":0.5,"bluff":0,"handValue":0.10300000000000001,"percentBets_2":0.057692307692307696},"output":{"chips":0.5}},
{"input":{"Win":0,"Lose":0.04,"myCurrBet":0.04,"step":0.75,"position":0.5,"bluff":0,"handValue":0.10350000000000001,"percentBets_2":0.057692307692307696},"output":{"chips":0}},
{"input":{"Win":0.10909090909090909,"Lose":0,"myCurrBet":0.006666666666666667,"step":0,"position":0.5,"bluff":0,"percentBets_2":0.01818181818181818,"handValue":0.600905},"output":{"chips":1}},
{"input":{"Win":0.10909090909090909,"Lose":0,"myCurrBet":0.02666666666666667,"step":0,"position":0.5,"bluff":0,"handValue":0.600905,"percentBets_2":0.07272727272727272},"output":{"chips":0.5}},
{"input":{"Win":0.10909090909090909,"Lose":0,"myCurrBet":0.06666666666666667,"step":0.25,"position":0.5,"bluff":0,"handValue":0.1039,"percentBets_2":0.10909090909090909},"output":{"chips":0.5}},
{"input":{"Win":0.10909090909090909,"Lose":0,"myCurrBet":0.05333333333333334,"step":0.25,"position":0.5,"bluff":1,"handValue":0.1039,"percentBets_2":0.07272727272727272},"output":{"chips":1}},
{"input":{"Win":0.10909090909090909,"Lose":0,"myCurrBet":0.08,"step":0.5,"position":0.5,"bluff":0,"handValue":0.1052,"percentBets_2":0.10909090909090909},"output":{"chips":0}},
{"input":{"Win":0.10909090909090909,"Lose":0,"myCurrBet":0.08,"step":0.5,"position":0.5,"bluff":0,"handValue":0.1052,"percentBets_2":0.10909090909090909},"output":{"chips":0}},
{"input":{"Win":0,"Lose":0.05333333333333334,"myCurrBet":0.006666666666666667,"step":0,"position":0.5,"bluff":0,"percentBets_2":0.02040816326530612,"handValue":0.1013},"output":{"chips":1}},
{"input":{"Win":0,"Lose":0.05333333333333334,"myCurrBet":0.02666666666666667,"step":0,"position":0.5,"bluff":0,"handValue":0.1013,"percentBets_2":0.08163265306122448},"output":{"chips":0.5}},
{"input":{"Win":0,"Lose":0.05333333333333334,"myCurrBet":0.05333333333333334,"step":0.5,"position":0.5,"bluff":0,"handValue":0.10500000000000001,"percentBets_2":0.08163265306122448},"output":{"chips":0.5}},
{"input":{"Win":0,"Lose":0.05333333333333334,"myCurrBet":0.05333333333333334,"step":0.75,"position":0.5,"bluff":0,"handValue":0.1052,"percentBets_2":0.08163265306122448},"output":{"chips":0}},
{"input":{"Win":0,"Lose":0.05333333333333334,"myCurrBet":0.05333333333333334,"step":0.25,"position":0.5,"bluff":0,"handValue":0.1037,"percentBets_2":0.08163265306122448},"output":{"chips":0.5}},
{"input":{"Win":0,"Lose":0,"myCurrBet":0.006666666666666667,"step":0,"position":0.5,"bluff":1,"percentBets_2":0.018867924528301886,"handValue":0.601208},"output":{"chips":1}},
{"input":{"Win":0,"Lose":0,"myCurrBet":0.02666666666666667,"step":0,"position":0.5,"bluff":0,"handValue":0.601208,"percentBets_2":0.07547169811320754},"output":{"chips":0.5}},
{"input":{"Win":0,"Lose":0,"myCurrBet":0.05333333333333334,"step":0.5,"position":0.5,"bluff":1,"handValue":0.10540000000000001,"percentBets_2":0.07547169811320754},"output":{"chips":1}},
{"input":{"Win":0,"Lose":0,"myCurrBet":0.05333333333333334,"step":0.25,"position":0.5,"bluff":0,"handValue":0.10410000000000001,"percentBets_2":0.07547169811320754},"output":{"chips":0.5}},
{"input":{"Win":0,"Lose":0,"myCurrBet":0.09333333333333334,"step":0.75,"position":0.5,"bluff":0,"handValue":0.10410000000000001,"percentBets_2":0.1509433962264151},"output":{"chips":0}},
{"input":{"Win":0,"Lose":0,"myCurrBet":0.06666666666666667,"step":0.5,"position":0.5,"bluff":0,"handValue":0.10540000000000001,"percentBets_2":0.11320754716981132},"output":{"chips":0.5}},
{"input":{"Win":0,"Lose":0,"myCurrBet":0.08,"step":0.75,"position":0.5,"bluff":1,"handValue":0.10410000000000001,"percentBets_2":0.11320754716981132},"output":{"chips":1}},
{"input":{"Win":0,"Lose":0.14666666666666667,"myCurrBet":0.02666666666666667,"step":0,"position":0.5,"bluff":0,"handValue":0.1018,"percentBets_2":0.06666666666666667},"output":{"chips":0.5}},
{"input":{"Win":0,"Lose":0.14666666666666667,"myCurrBet":0.05333333333333334,"step":0.5,"position":0.5,"bluff":0,"handValue":0.10450000000000001,"percentBets_2":0.06666666666666667},"output":{"chips":0.5}},
{"input":{"Win":0,"Lose":0.14666666666666667,"myCurrBet":0.05333333333333334,"step":0.75,"position":0.5,"bluff":0,"handValue":0.1052,"percentBets_2":0.06666666666666667},"output":{"chips":0}},
{"input":{"Win":0,"Lose":0.14666666666666667,"myCurrBet":0.05333333333333334,"step":0.25,"position":0.5,"bluff":0,"handValue":0.1042,"percentBets_2":0.06666666666666667},"output":{"chips":0.5}},
{"input":{"Win":0,"Lose":0.14666666666666667,"myCurrBet":0.006666666666666667,"step":0,"position":0.5,"bluff":0,"percentBets_2":0.016666666666666666,"handValue":0.1018},"output":{"chips":1}},
{"input":{"Win":0,"Lose":0.05333333333333334,"myCurrBet":0.006666666666666667,"step":0,"position":0.5,"bluff":0,"percentBets_2":0.015625,"handValue":0.1015},"output":{"chips":1}},
{"input":{"Win":0,"Lose":0.05333333333333334,"myCurrBet":0.02666666666666667,"step":0,"position":0.5,"bluff":0,"handValue":0.1015,"percentBets_2":0.0625},"output":{"chips":0.5}},
{"input":{"Win":0,"Lose":0.05333333333333334,"myCurrBet":0.05333333333333334,"step":0.5,"position":0.5,"bluff":0,"handValue":0.1047,"percentBets_2":0.0625},"output":{"chips":0.5}},
{"input":{"Win":0,"Lose":0.05333333333333334,"myCurrBet":0.05333333333333334,"step":0.75,"position":0.5,"bluff":0,"handValue":0.10450000000000001,"percentBets_2":0.0625},"output":{"chips":0}},
{"input":{"Win":0,"Lose":0.05333333333333334,"myCurrBet":0.05333333333333334,"step":0.25,"position":0.5,"bluff":0,"handValue":0.10450000000000001,"percentBets_2":0.0625},"output":{"chips":0.5}},
{"input":{"Win":0,"Lose":0,"myCurrBet":0.006666666666666667,"step":0,"position":0.5,"bluff":0,"percentBets_2":0.014705882352941176,"handValue":0.1005},"output":{"chips":1}},
{"input":{"Win":0,"Lose":0,"myCurrBet":0.05333333333333334,"step":0.25,"position":0.5,"bluff":1,"handValue":0.10200000000000001,"percentBets_2":0.058823529411764705},"output":{"chips":0.5}},
{"input":{"Win":0,"Lose":0,"myCurrBet":0.02666666666666667,"step":0,"position":0.5,"bluff":0,"handValue":0.1005,"percentBets_2":0.058823529411764705},"output":{"chips":0.5}},
{"input":{"Win":0,"Lose":0,"myCurrBet":0.05333333333333334,"step":0.75,"position":0.5,"bluff":1,"handValue":0.10310000000000001,"percentBets_2":0.058823529411764705},"output":{"chips":1}},
{"input":{"Win":0,"Lose":0,"myCurrBet":0.06666666666666667,"step":0.75,"position":0.5,"bluff":0,"handValue":0.10310000000000001,"percentBets_2":0.08823529411764706},"output":{"chips":0}},
{"input":{"Win":0,"Lose":0,"myCurrBet":0.05333333333333334,"step":0.5,"position":0.5,"bluff":0,"handValue":0.1027,"percentBets_2":0.058823529411764705},"output":{"chips":0.5}},
