{"input":{"Win":0,"Lose":0.09333333333333334,"myCurrBet":0.02,"step":0,"position":0.5,"bluff":1,"handValue":0.1014,"percentBets_3":0.16,"percentBets_4":0.16,"percentBets_1":0.16},"output":{"chips":1}},
{"input":{"Win":0,"Lose":0.09333333333333334,"myCurrBet":0.04666666666666667,"step":0,"position":0.5,"bluff":0,"handValue":0.1014,"percentBets_3":0.37333333333333335,"percentBets_4":0.37333333333333335,"percentBets_1":0},"output":{"chips":0.5}},
{"input":{"Win":0,"Lose":0.09333333333333334,"myCurrBet":0.09333333333333334,"step":0.25,"position":0.5,"bluff":0,"handValue":0.300000130109,"percentBets_3":0.37333333333333335,"percentBets_4":0.37333333333333335},"output":{"chips":0}},
{"input":{"Win":0,"Lose":0.09333333333333334,"myCurrBet":0.09333333333333334,"step":0.25,"position":0.5,"bluff":0,"handValue":0.3000001309,"percentBets_3":0.37333333333333335,"percentBets_4":0.37333333333333335},"output":{"chips":0}},
{"input":{"Win":0,"Lose":0.09333333333333334,"myCurrBet":0.09333333333333334,"step":0.25,"position":0.5,"bluff":0,"handValue":0.300000130109,"percentBets_3":0.37333333333333335,"percentBets_4":0.37333333333333335},"output":{"chips":0}},
{"input":{"Win":0,"Lose":0.09333333333333334,"myCurrBet":0.0033333333333333335,"step":0,"position":0.5,"bluff":0,"percentBets_1":0.04,"handValue":0.1014,"percentBets_3":0.02666666666666667,"percentBets_4":0.02666666666666667},"output":{"chips":1}},
{"input":{"Win":0.1067193675889328,"Lose":0,"myCurrBet":0.02,"step":0,"position":0.5,"bluff":0,"handValue":0.10120000000000001,"percentBets_3":0.2553191489361702,"percentBets_4":0.08391608391608392,"percentBets_1":0},"output":{"chips":0.5}},
{"input":{"Win":0.1067193675889328,"Lose":0,"myCurrBet":0.04,"step":0.5,"position":0.5,"bluff":0,"handValue":0.1037,"percentBets_3":0.2553191489361702,"percentBets_4":0.08391608391608392},"output":{"chips":0}},
{"input":{"Win":0.1067193675889328,"Lose":0,"myCurrBet":0.0033333333333333335,"step":0,"position":0.5,"bluff":0,"percentBets_1":0.047619047619047616,"handValue":0.10120000000000001,"percentBets_3":0.0425531914893617,"percentBets_4":0.013986013986013986},"output":{"chips":1}},
{"input":{"Win":0.1067193675889328,"Lose":0,"myCurrBet":0.04,"step":0.5,"position":0.5,"bluff":0,"handValue":0.1037,"percentBets_3":0.2553191489361702,"percentBets_4":0.08391608391608392},"output":{"chips":0}},
{"input":{"Win":0.1067193675889328,"Lose":0,"myCurrBet":0.04,"step":0.25,"position":0.5,"bluff":0,"handValue":0.10450000000000001,"percentBets_3":0.2553191489361702,"percentBets_4":0.08391608391608392},"output":{"chips":0.5}},
{"input":{"Win":0,"Lose":0,"myCurrBet":0.0033333333333333335,"step":0,"position":0.5,"bluff":1,"percentBets_1":0.05,"handValue":0.10160000000000001,"percentBets_3":0.05714285714285714,"percentBets_4":0.015267175572519083},"output":{"chips":0.5}},
{"input":{"Win":0,"Lose":0,"myCurrBet":0.01,"step":0,"position":0.5,"bluff":1,"handValue":0.10160000000000001,"percentBets_3":0.17142857142857143,"percentBets_4":0.04580152671755725,"percentBets_1":0.1},"output":{"chips":1}},
{"input":{"Win":0,"Lose":0,"myCurrBet":0.02666666666666667,"step":0,"position":0.5,"bluff":0,"handValue":0.10160000000000001,"percentBets_3":0.45714285714285713,"percentBets_4":0.12213740458015267,"percentBets_1":0.26666666666666666},"output":{"chips":0}},
{"input":{"Win":0,"Lose":0.12,"myCurrBet":0.0033333333333333335,"step":0,"position":0.5,"bluff":0,"percentBets_1":0.06818181818181818,"handValue":0.101,"percentBets_3":0.02666666666666667,"percentBets_4":0.017391304347826087},"output":{"chips":1}},
{"input":{"Win":0,"Lose":0.12,"myCurrBet":0.04666666666666667,"step":0,"position":0.5,"bluff":0,"handValue":0.101,"percentBets_3":0.37333333333333335,"percentBets_4":0.24347826086956523,"percentBets_1":0},"output":{"chips":0.5}},
{"input":{"Win":0,"Lose":0.12,"myCurrBet":0.09333333333333334,"step":0.25,"position":0.5,"bluff":0,"handValue":0.10210000000000001,"percentBets_3":0.37333333333333335,"percentBets_4":0.24347826086956523},"output":{"chips":0}},
{"input":{"Win":0,"Lose":0.12,"myCurrBet":0.02,"step":0,"position":0.5,"bluff":0,"handValue":0.101,"percentBets_3":0.16,"percentBets_4":0.10434782608695652,"percentBets_1":0.3181818181818182},"output":{"chips":0.5}},
{"input":{"Win":0,"Lose":0.12,"myCurrBet":0.09333333333333334,"step":0.25,"position":0.5,"bluff":0,"handValue":0.1019,"percentBets_3":0.37333333333333335,"percentBets_4":0.24347826086956523},"output":{"chips":0}},
{"input":{"Win":0,"Lose":0.12,"myCurrBet":0.09333333333333334,"step":0.25,"position":0.5,"bluff":0,"handValue":0.1019,"percentBets_3":0.37333333333333335,"percentBets_4":0.24347826086956523},"output":{"chips":0}},
{"input":{"Win":0,"Lose":0.04,"myCurrBet":0.02,"step":0,"position":0.5,"bluff":0,"handValue":0.10250000000000001,"percentBets_3":0.2553191489361702,"percentBets_4":0.06486486486486487,"percentBets_1":0},"output":{"chips":0.5}},
{"input":{"Win":0,"Lose":0.04,"myCurrBet":0.0033333333333333335,"step":0,"position":0.5,"bluff":0,"percentBets_1":0.1,"handValue":0.10250000000000001,"percentBets_3":0.0425531914893617,"percentBets_4":0.010810810810810811},"output":{"chips":1}},
{"input":{"Win":0,"Lose":0.04,"myCurrBet":0.04,"step":0.5,"position":0.5,"bluff":0,"handValue":0.40000012130600004,"percentBets_3":0.2553191489361702,"percentBets_4":0.06486486486486487},"output":{"chips":0}},
{"input":{"Win":0,"Lose":0.04,"myCurrBet":0.04,"step":0.5,"position":0.5,"bluff":0,"handValue":0.40000012130600004,"percentBets_3":0.2553191489361702,"percentBets_4":0.06486486486486487},"output":{"chips":0}},
{"input":{"Win":0,"Lose":0.04,"myCurrBet":0.04,"step":0.25,"position":0.5,"bluff":0,"handValue":0.10210000000000001,"percentBets_3":0.2553191489361702,"percentBets_4":0.06486486486486487},"output":{"chips":0.5}},
{"input":{"Win":0,"Lose":0,"myCurrBet":0.016666666666666666,"step":0,"position":0.5,"bluff":0,"handValue":0.500000000009,"percentBets_3":0.13513513513513514,"percentBets_4":0.057803468208092484,"percentBets_1":0.37037037037037035},"output":{"chips":0}},
{"input":{"Win":0,"Lose":0,"myCurrBet":0.0033333333333333335,"step":0,"position":0.5,"bluff":0,"percentBets_1":0.1111111111111111,"handValue":0.500000000009,"percentBets_3":0.02702702702702703,"percentBets_4":0.011560693641618497},"output":{"chips":1}},
{"input":{"Win":0,"Lose":0.016666666666666666,"myCurrBet":0.0033333333333333335,"step":0,"position":0.5,"bluff":0,"percentBets_1":0.23076923076923078,"handValue":0.1013,"percentBets_3":0.034482758620689655,"percentBets_4":0.009615384615384616},"output":{"chips":1}},
{"input":{"Win":0,"Lose":0.016666666666666666,"myCurrBet":0.013333333333333334,"step":0,"position":0.5,"bluff":0,"handValue":0.1013,"percentBets_3":0.13793103448275862,"percentBets_4":0.038461538461538464,"percentBets_1":0.6153846153846154},"output":{"chips":0}},
{"input":{"Win":0,"Lose":0.013333333333333334,"myCurrBet":0.0033333333333333335,"step":0,"position":0.5,"bluff":0,"percentBets_1":0.6666666666666666,"handValue":0.1,"percentBets_3":0.023809523809523808,"percentBets_4":0.01020408163265306},"output":{"chips":0}},
{"input":{"Win":0,"Lose":0.0033333333333333335,"myCurrBet":0.01,"step":0,"position":0.3333333333333333,"bluff":0,"handValue":0.600806,"percentBets_2":0.075,"percentBets_3":0.029411764705882353},"output":{"chips":0}},
{"input":{"Win":0,"Lose":0.0033333333333333335,"myCurrBet":0.0016666666666666668,"step":0,"position":0.3333333333333333,"bluff":0,"percentBets_2":0.0125,"handValue":0.600806,"percentBets_3":0.004901960784313725},"output":{"chips":1}},
{"input":{"Win":0,"Lose":0.01,"myCurrBet":0.0016666666666666668,"step":0,"position":0.3333333333333333,"bluff":0,"percentBets_2":0.013513513513513514,"handValue":0.601312,"percentBets_3":0.004694835680751174},"output":{"chips":1}},
{"input":{"Win":0,"Lose":0.01,"myCurrBet":0.013333333333333334,"step":0,"position":0.3333333333333333,"bluff":0,"handValue":0.601312,"percentBets_2":0.10810810810810811,"percentBets_3":0.03755868544600939},"output":{"chips":0}},
{"input":{"Win":0,"Lose":0.043333333333333335,"myCurrBet":0.016666666666666666,"step":0,"position":0.3333333333333333,"bluff":0,"handValue":0.10160000000000001,"percentBets_2":0.15151515151515152,"percentBets_3":0.044444444444444446},"output":{"chips":0.5}},
{"input":{"Win":0,"Lose":0.043333333333333335,"myCurrBet":0.03,"step":0.25,"position":0.3333333333333333,"bluff":0,"handValue":0.10410000000000001,"percentBets_2":0.2727272727272727,"percentBets_3":0.08},"output":{"chips":0}},
{"input":{"Win":0,"Lose":0.043333333333333335,"myCurrBet":0.03,"step":0.25,"position":0.3333333333333333,"bluff":0,"handValue":0.10410000000000001,"percentBets_2":0.2727272727272727,"percentBets_3":0.08},"output":{"chips":0}},
{"input":{"Win":0,"Lose":0.043333333333333335,"myCurrBet":0.0016666666666666668,"step":0,"position":0.3333333333333333,"bluff":0,"percentBets_2":0.015151515151515152,"handValue":0.10160000000000001,"percentBets_3":0.0044444444444444444},"output":{"chips":1}},
{"input":{"Win":0,"Lose":0.043333333333333335,"myCurrBet":0.03,"step":0.25,"position":0.3333333333333333,"bluff":0,"handValue":0.10490000000000001,"percentBets_2":0.2727272727272727,"percentBets_3":0.08},"output":{"chips":0}},
{"input":{"Win":0,"Lose":0.043333333333333335,"myCurrBet":0.006666666666666667,"step":0,"position":0.3333333333333333,"bluff":0,"handValue":0.10160000000000001,"percentBets_2":0.06060606060606061,"percentBets_3":0.017777777777777778},"output":{"chips":1}},
