{"input":{"Win":0.4311111111111111,"Lose":0,"myCurrBet":0.0033333333333333335,"step":0,"position":0.5,"bluff":0,"percentBets_1":0.05333333333333334,"handValue":0.101,"percentBets_3":0.013333333333333334,"percentBets_4":0.02666666666666667},"output":{"chips":1}},
{"input":{"Win":0.4311111111111111,"Lose":0,"myCurrBet":0.023333333333333334,"step":0,"position":0.5,"bluff":0,"handValue":0.101,"percentBets_3":0.09333333333333334,"percentBets_4":0.18666666666666668,"percentBets_1":0.22666666666666666},"output":{"chips":1}},
{"input":{"Win":0.4311111111111111,"Lose":0,"myCurrBet":0.06666666666666667,"step":0,"position":0.5,"bluff":0,"handValue":0.101,"percentBets_3":0.26666666666666666,"percentBets_4":0.5333333333333333,"percentBets_1":0},"output":{"chips":0.5}},
{"input":{"Win":0.4311111111111111,"Lose":0,"myCurrBet":0.13333333333333333,"step":0.25,"position":0.5,"bluff":0,"handValue":0.1019,"percentBets_3":0.5333333333333333,"percentBets_4":0.5333333333333333},"output":{"chips":0}},
{"input":{"Win":0.4311111111111111,"Lose":0,"myCurrBet":0.13333333333333333,"step":0.25,"position":0.5,"bluff":1,"handValue":0.300000050408,"percentBets_3":0.5333333333333333,"percentBets_4":0.5333333333333333},"output":{"chips":0.5}},
{"input":{"Win":0.4311111111111111,"Lose":0,"myCurrBet":0.13333333333333333,"step":0.25,"position":0.5,"bluff":0,"handValue":0.1019,"percentBets_3":0.5333333333333333,"percentBets_4":0.5333333333333333},"output":{"chips":0}},
{"input":{"Win":0,"Lose":0,"myCurrBet":0.0033333333333333335,"step":0,"position":0.5,"bluff":0,"percentBets_1":0.05172413793103448,"handValue":0.10200000000000001,"percentBets_3":0.02857142857142857,"percentBets_4":0.05714285714285714},"output":{"chips":1}},
{"input":{"Win":0,"Lose":0,"myCurrBet":0.04666666666666667,"step":0,"position":0.5,"bluff":0,"handValue":0.10200000000000001,"percentBets_3":0.4,"percentBets_4":0.8,"percentBets_1":0},"output":{"chips":0}},
{"input":{"Win":0,"Lose":0,"myCurrBet":0.013333333333333334,"step":0,"position":0.5,"bluff":0,"handValue":0.10200000000000001,"percentBets_3":0.11428571428571428,"percentBets_4":0.22857142857142856,"percentBets_1":0.1896551724137931},"output":{"chips":1}},
{"input":{"Win":0,"Lose":0.04666666666666667,"myCurrBet":0.0033333333333333335,"step":0,"position":0.5,"bluff":0,"percentBets_1":0.0851063829787234,"handValue":0.500000000009,"percentBets_3":0.047619047619047616,"percentBets_4":0.02702702702702703},"output":{"chips":1}},
{"input":{"Win":0,"Lose":0.04666666666666667,"myCurrBet":0.023333333333333334,"step":0,"position":0.5,"bluff":0,"handValue":0.500000000009,"percentBets_3":0.3333333333333333,"percentBets_4":0.1891891891891892,"percentBets_1":0},"output":{"chips":0}},
{"input":{"Win":0,"Lose":0.043333333333333335,"myCurrBet":0.0033333333333333335,"step":0,"position":0.5,"bluff":0,"percentBets_1":0.046511627906976744,"handValue":0.10160000000000001,"percentBets_3":0.07142857142857142,"percentBets_4":0.021739130434782608},"output":{"chips":1}},
{"input":{"Win":0,"Lose":0.043333333333333335,"myCurrBet":0.01,"step":0,"position":0.5,"bluff":0,"handValue":0.10160000000000001,"percentBets_3":0.21428571428571427,"percentBets_4":0.06521739130434782,"percentBets_1":0},"output":{"chips":0.5}},
{"input":{"Win":0,"Lose":0.043333333333333335,"myCurrBet":0.02,"step":0.25,"position":0.5,"bluff":0,"handValue":0.10400000000000001,"percentBets_3":0.42857142857142855,"percentBets_4":0.06521739130434782},"output":{"chips":0}},
{"input":{"Win":0,"Lose":0.043333333333333335,"myCurrBet":0.02,"step":0.25,"position":0.5,"bluff":0,"handValue":0.10360000000000001,"percentBets_3":0.42857142857142855,"percentBets_4":0.06521739130434782},"output":{"chips":0}},
{"input":{"Win":0,"Lose":0.043333333333333335,"myCurrBet":0.02,"step":0.25,"position":0.5,"bluff":0,"handValue":0.10400000000000001,"percentBets_3":0.42857142857142855,"percentBets_4":0.06521739130434782},"output":{"chips":0}},
{"input":{"Win":0,"Lose":0,"myCurrBet":0.01,"step":0,"position":0.5,"bluff":0,"handValue":0.1014,"percentBets_3":0.375,"percentBets_4":0.05660377358490566,"percentBets_1":0.17073170731707318},"output":{"chips":0}},
{"input":{"Win":0,"Lose":0,"myCurrBet":0.0033333333333333335,"step":0,"position":0.5,"bluff":0,"percentBets_1":0.07317073170731707,"handValue":0.1014,"percentBets_3":0.125,"percentBets_4":0.018867924528301886},"output":{"chips":0.5}},
{"input":{"Win":0.10967741935483871,"Lose":0,"myCurrBet":0.0033333333333333335,"step":0,"position":0.5,"bluff":0,"percentBets_1":0.09433962264150944,"handValue":0.10060000000000001,"percentBets_3":0.2,"percentBets_4":0.02},"output":{"chips":0.5}},
{"input":{"Win":0.10967741935483871,"Lose":0,"myCurrBet":0.016666666666666666,"step":0,"position":0.5,"bluff":1,"handValue":0.10060000000000001,"percentBets_3":1,"percentBets_4":0.1,"percentBets_1":0},"output":{"chips":1}},
{"input":{"Win":0,"Lose":0,"myCurrBet":0.0033333333333333335,"step":0,"position":0.6666666666666666,"bluff":0,"percentBets_1":0.10416666666666667,"handValue":0.500000000007,"percentBets_3":0.022222222222222223},"output":{"chips":1}},
{"input":{"Win":0,"Lose":0,"myCurrBet":0.02666666666666667,"step":0,"position":0.6666666666666666,"bluff":0,"handValue":0.500000000007,"percentBets_3":0.17777777777777778,"percentBets_1":0.3333333333333333},"output":{"chips":0}},
{"input":{"Win":0,"Lose":0.06666666666666667,"myCurrBet":0.04,"step":0.25,"position":0.6666666666666666,"bluff":1,"handValue":0.1014,"percentBets_3":0.16216216216216217,"percentBets_1":0.16666666666666666},"output":{"chips":0.5}},
{"input":{"Win":0,"Lose":0.06666666666666667,"myCurrBet":0.02,"step":0,"position":0.6666666666666666,"bluff":0,"handValue":0.1019,"percentBets_3":0.16216216216216217,"percentBets_1":0.16666666666666666},"output":{"chips":0.5}},
{"input":{"Win":0,"Lose":0.06666666666666667,"myCurrBet":0.0033333333333333335,"step":0,"position":0.6666666666666666,"bluff":0,"percentBets_1":0.041666666666666664,"handValue":0.1019,"percentBets_3":0.02702702702702703},"output":{"chips":1}},
{"input":{"Win":0,"Lose":0.06666666666666667,"myCurrBet":0.04,"step":0.5,"position":0.6666666666666666,"bluff":0,"handValue":0.1022,"percentBets_3":0.16216216216216217,"percentBets_1":0.16666666666666666},"output":{"chips":0}},
{"input":{"Win":0,"Lose":0.06666666666666667,"myCurrBet":0.04,"step":0.5,"position":0.6666666666666666,"bluff":0,"handValue":0.1022,"percentBets_3":0.16216216216216217,"percentBets_1":0.16666666666666666},"output":{"chips":0}},
{"input":{"Win":0,"Lose":0,"myCurrBet":0.023333333333333334,"step":0,"position":0.6666666666666666,"bluff":0,"handValue":0.601108,"percentBets_3":0.22580645161290322,"percentBets_1":0.14583333333333334},"output":{"chips":0}},
{"input":{"Win":0,"Lose":0,"myCurrBet":0.0033333333333333335,"step":0,"position":0.6666666666666666,"bluff":0,"percentBets_1":0.052083333333333336,"handValue":0.601108,"percentBets_3":0.03225806451612903},"output":{"chips":1}},
{"input":{"Win":0,"Lose":0.15666666666666668,"myCurrBet":0.0033333333333333335,"step":0,"position":0.6666666666666666,"bluff":0,"percentBets_1":0.036585365853658534,"handValue":0.10210000000000001,"percentBets_3":0.024096385542168676},"output":{"chips":1}},
{"input":{"Win":0,"Lose":0.15666666666666668,"myCurrBet":0.03,"step":0,"position":0.6666666666666666,"bluff":1,"handValue":0.10210000000000001,"percentBets_3":0.21686746987951808,"percentBets_1":0.24390243902439024},"output":{"chips":0.5}},
{"input":{"Win":0,"Lose":0.15666666666666668,"myCurrBet":0.13333333333333333,"step":0.25,"position":0.6666666666666666,"bluff":0,"handValue":0.1027,"percentBets_3":0.4819277108433735},"output":{"chips":0}},
{"input":{"Win":0,"Lose":0.15666666666666668,"myCurrBet":0.06666666666666667,"step":0,"position":0.6666666666666666,"bluff":0,"handValue":0.10210000000000001,"percentBets_3":0.4819277108433735,"percentBets_1":0},"output":{"chips":0.5}},
{"input":{"Win":0,"Lose":0.15666666666666668,"myCurrBet":0.013333333333333334,"step":0,"position":0.6666666666666666,"bluff":0,"handValue":0.10210000000000001,"percentBets_3":0.0963855421686747,"percentBets_1":0.10975609756097561},"output":{"chips":0.5}},
{"input":{"Win":0,"Lose":0.15666666666666668,"myCurrBet":0.13333333333333333,"step":0.25,"position":0.6666666666666666,"bluff":0,"handValue":0.1027,"percentBets_3":0.4819277108433735},"output":{"chips":0}},
{"input":{"Win":0,"Lose":0.15666666666666668,"myCurrBet":0.13333333333333333,"step":0.25,"position":0.6666666666666666,"bluff":0,"handValue":0.1039,"percentBets_3":0.4819277108433735},"output":{"chips":0}},
{"input":{"Win":0.09268292682926829,"Lose":0,"myCurrBet":0.0033333333333333335,"step":0,"position":0.6666666666666666,"bluff":0,"percentBets_1":0.08064516129032258,"handValue":0.10210000000000001,"percentBets_3":0.013986013986013986},"output":{"chips":1}},
{"input":{"Win":0.09268292682926829,"Lose":0,"myCurrBet":0.04666666666666667,"step":0.5,"position":0.6666666666666666,"bluff":0,"handValue":0.1034,"percentBets_3":0.0979020979020979},"output":{"chips":0.5}},
{"input":{"Win":0.09268292682926829,"Lose":0,"myCurrBet":0.023333333333333334,"step":0,"position":0.6666666666666666,"bluff":0,"handValue":0.10210000000000001,"percentBets_3":0.0979020979020979,"percentBets_1":0},"output":{"chips":0.5}},
{"input":{"Win":0.09268292682926829,"Lose":0,"myCurrBet":0.04666666666666667,"step":0.25,"position":0.6666666666666666,"bluff":0,"handValue":0.1047,"percentBets_3":0.0979020979020979},"output":{"chips":0.5}},
{"input":{"Win":0.09268292682926829,"Lose":0,"myCurrBet":0.04666666666666667,"step":0.75,"position":0.6666666666666666,"bluff":1,"handValue":0.10410000000000001,"percentBets_3":0.0979020979020979},"output":{"chips":0.5}},
{"input":{"Win":0,"Lose":0,"myCurrBet":0.0033333333333333335,"step":0,"position":0.6666666666666666,"bluff":0,"percentBets_1":0.05263157894736842,"handValue":0.1,"percentBets_3":0.015503875968992248},"output":{"chips":1}},
{"input":{"Win":0,"Lose":0,"myCurrBet":0.02,"step":0,"position":0.6666666666666666,"bluff":0,"handValue":0.1,"percentBets_3":0.09302325581395349,"percentBets_1":0.21052631578947367},"output":{"chips":0.5}},
{"input":{"Win":0,"Lose":0,"myCurrBet":0.04666666666666667,"step":0.25,"position":0.6666666666666666,"bluff":0,"handValue":0.1023,"percentBets_3":0.12403100775193798,"percentBets_1":0.21052631578947367},"output":{"chips":0}},
{"input":{"Win":0,"Lose":0,"myCurrBet":0.04,"step":0.25,"position":0.6666666666666666,"bluff":0,"handValue":0.1023,"percentBets_3":0.09302325581395349,"percentBets_1":0.21052631578947367},"output":{"chips":1}},
{"input":{"Win":0,"Lose":0.04666666666666667,"myCurrBet":0.043333333333333335,"step":0,"position":0.6666666666666666,"bluff":0,"handValue":0.1015,"percentBets_3":0.16774193548387098,"percentBets_1":0.5777777777777777},"output":{"chips":0}},
{"input":{"Win":0,"Lose":0.04666666666666667,"myCurrBet":0.02,"step":0,"position":0.6666666666666666,"bluff":0,"handValue":0.1015,"percentBets_3":0.07741935483870968,"percentBets_1":0.26666666666666666},"output":{"chips":1}},
{"input":{"Win":0,"Lose":0.04666666666666667,"myCurrBet":0.0033333333333333335,"step":0,"position":0.6666666666666666,"bluff":0,"percentBets_1":0.1111111111111111,"handValue":0.1015,"percentBets_3":0.012903225806451613},"output":{"chips":1}},
{"input":{"Win":0,"Lose":0.043333333333333335,"myCurrBet":0.0033333333333333335,"step":0,"position":0.6666666666666666,"bluff":0,"percentBets_1":0.21052631578947367,"handValue":0.600807,"percentBets_3":0.010309278350515464},"output":{"chips":1}},
{"input":{"Win":0,"Lose":0.043333333333333335,"myCurrBet":0.023333333333333334,"step":0,"position":0.6666666666666666,"bluff":0,"handValue":0.600807,"percentBets_3":0.07216494845360824,"percentBets_1":0.7368421052631579},"output":{"chips":0}},
{"input":{"Win":0.09389671361502347,"Lose":0,"myCurrBet":0.0033333333333333335,"step":0,"position":0.6666666666666666,"bluff":0,"percentBets_1":0.06,"handValue":0.1018,"percentBets_3":0.011764705882352941},"output":{"chips":1}},
{"input":{"Win":0.09389671361502347,"Lose":0,"myCurrBet":0.016666666666666666,"step":0,"position":0.6666666666666666,"bluff":0,"handValue":0.1018,"percentBets_3":0.058823529411764705,"percentBets_1":0},"output":{"chips":1}},
{"input":{"Win":0.09389671361502347,"Lose":0,"myCurrBet":0.08,"step":0.25,"position":0.6666666666666666,"bluff":0,"handValue":0.1027,"percentBets_3":0.1411764705882353},"output":{"chips":0.5}},
{"input":{"Win":0.09389671361502347,"Lose":0,"myCurrBet":0.08,"step":0.5,"position":0.6666666666666666,"bluff":0,"handValue":0.10400000000000001,"percentBets_3":0.1411764705882353},"output":{"chips":0.5}},
{"input":{"Win":0.09389671361502347,"Lose":0,"myCurrBet":0.04,"step":0,"position":0.6666666666666666,"bluff":0,"handValue":0.1018,"percentBets_3":0.1411764705882353},"output":{"chips":0.5}},
{"input":{"Win":0.09389671361502347,"Lose":0,"myCurrBet":0.08,"step":0.75,"position":0.6666666666666666,"bluff":0,"handValue":0.30000013031,"percentBets_3":0.1411764705882353},"output":{"chips":0}},
{"input":{"Win":0,"Lose":0,"myCurrBet":0.03333333333333333,"step":0,"position":0.6666666666666666,"bluff":0,"handValue":0.500000000011,"percentBets_3":0.136986301369863,"percentBets_1":0.425531914893617},"output":{"chips":0}},
{"input":{"Win":0,"Lose":0,"myCurrBet":0.006666666666666667,"step":0,"position":0.6666666666666666,"bluff":1,"percentBets_1":0.2127659574468085,"handValue":0.500000000011,"percentBets_3":0.0273972602739726},"output":{"chips":0.5}},
{"input":{"Win":0,"Lose":0.11333333333333333,"myCurrBet":0.006666666666666667,"step":0,"position":0.6666666666666666,"bluff":0,"percentBets_1":0.37037037037037035,"handValue":0.1014,"percentBets_3":0.022727272727272728},"output":{"chips":1}},
{"input":{"Win":0,"Lose":0.11333333333333333,"myCurrBet":0.04,"step":0,"position":0.6666666666666666,"bluff":1,"handValue":0.1014,"percentBets_3":0.13636363636363635,"percentBets_1":0.8888888888888888},"output":{"chips":0.5}},
{"input":{"Win":0,"Lose":0.11333333333333333,"myCurrBet":0.08,"step":0.5,"position":0.6666666666666666,"bluff":0,"handValue":0.1038,"percentBets_3":0.13636363636363635,"percentBets_1":0.8888888888888888},"output":{"chips":0}},
{"input":{"Win":0,"Lose":0.11333333333333333,"myCurrBet":0.08,"step":0.25,"position":0.6666666666666666,"bluff":1,"handValue":0.1039,"percentBets_3":0.13636363636363635,"percentBets_1":0.8888888888888888},"output":{"chips":0.5}},
{"input":{"Win":0,"Lose":0.11333333333333333,"myCurrBet":0.08,"step":0.5,"position":0.6666666666666666,"bluff":0,"handValue":0.1038,"percentBets_3":0.13636363636363635,"percentBets_1":0.8888888888888888},"output":{"chips":0}},
{"input":{"Win":0.09691629955947137,"Lose":0,"myCurrBet":0.006666666666666667,"step":0,"position":0.6666666666666666,"bluff":0,"percentBets_1":0.08,"handValue":0.1009,"percentBets_3":0.02631578947368421},"output":{"chips":1}},
{"input":{"Win":0.09691629955947137,"Lose":0,"myCurrBet":0.05333333333333334,"step":0.25,"position":0.6666666666666666,"bluff":0,"handValue":0.10360000000000001,"percentBets_3":0.10526315789473684},"output":{"chips":0.5}},
{"input":{"Win":0.09691629955947137,"Lose":0,"myCurrBet":0.02666666666666667,"step":0,"position":0.6666666666666666,"bluff":0,"handValue":0.1009,"percentBets_3":0.10526315789473684,"percentBets_1":0},"output":{"chips":0.5}},
{"input":{"Win":0.09691629955947137,"Lose":0,"myCurrBet":0.05333333333333334,"step":0.75,"position":0.6666666666666666,"bluff":0,"handValue":0.10590000000000001,"percentBets_3":0.10526315789473684},"output":{"chips":0}},
{"input":{"Win":0.09691629955947137,"Lose":0,"myCurrBet":0.05333333333333334,"step":0.5,"position":0.6666666666666666,"bluff":0,"handValue":0.1048,"percentBets_3":0.10526315789473684},"output":{"chips":0.5}},
{"input":{"Win":0,"Lose":0,"myCurrBet":0.006666666666666667,"step":0,"position":0.6666666666666666,"bluff":0,"percentBets_1":0.14492753623188406,"handValue":0.1017,"percentBets_3":0.029411764705882353},"output":{"chips":1}},
{"input":{"Win":0,"Lose":0,"myCurrBet":0.05333333333333334,"step":0,"position":0.6666666666666666,"bluff":0,"handValue":0.1017,"percentBets_3":0.23529411764705882,"percentBets_1":0.463768115942029},"output":{"chips":0}},
{"input":{"Win":0,"Lose":0.05333333333333334,"myCurrBet":0.006666666666666667,"step":0,"position":0.6666666666666666,"bluff":0,"percentBets_1":0.2702702702702703,"handValue":0.1023,"percentBets_3":0.021739130434782608},"output":{"chips":1}},
{"input":{"Win":0,"Lose":0.05333333333333334,"myCurrBet":0.04,"step":0,"position":0.6666666666666666,"bluff":0,"handValue":0.1023,"percentBets_3":0.13043478260869565,"percentBets_1":0.6486486486486487},"output":{"chips":0}},
{"input":{"Win":0,"Lose":0.04,"myCurrBet":0.006666666666666667,"step":0,"position":0.6666666666666666,"bluff":0,"percentBets_1":0.46153846153846156,"handValue":0.1009,"percentBets_3":0.01818181818181818},"output":{"chips":1}},
{"input":{"Win":0,"Lose":0.04,"myCurrBet":0.02666666666666667,"step":0,"position":0.6666666666666666,"bluff":0,"handValue":0.1009,"percentBets_3":0.07272727272727272,"percentBets_1":1},"output":{"chips":0}},
{"input":{"Win":0,"Lose":0.13333333333333333,"myCurrBet":0.006666666666666667,"step":0,"position":0.6666666666666666,"bluff":0,"percentBets_1":0.2702702702702703,"handValue":0.10070000000000001,"percentBets_3":0.0196078431372549},"output":{"chips":1}},
{"input":{"Win":0,"Lose":0.13333333333333333,"myCurrBet":0.05333333333333334,"step":0,"position":0.6666666666666666,"bluff":0,"handValue":0.10070000000000001,"percentBets_3":0.1568627450980392,"percentBets_1":0},"output":{"chips":0.5}},
{"input":{"Win":0,"Lose":0.13333333333333333,"myCurrBet":0.10666666666666667,"step":0.5,"position":0.6666666666666666,"bluff":0,"handValue":0.1023,"percentBets_3":0.1568627450980392},"output":{"chips":0}},
{"input":{"Win":0,"Lose":0.13333333333333333,"myCurrBet":0.10666666666666667,"step":0.25,"position":0.6666666666666666,"bluff":0,"handValue":0.1034,"percentBets_3":0.1568627450980392},"output":{"chips":0.5}},
{"input":{"Win":0,"Lose":0.13333333333333333,"myCurrBet":0.10666666666666667,"step":0.5,"position":0.6666666666666666,"bluff":0,"handValue":0.1023,"percentBets_3":0.1568627450980392},"output":{"chips":0}},
{"input":{"Win":0,"Lose":0.09,"myCurrBet":0.006666666666666667,"step":0,"position":0.6666666666666666,"bluff":0,"percentBets_1":0.14814814814814814,"handValue":0.10160000000000001,"percentBets_3":0.016260162601626018},"output":{"chips":1}},
{"input":{"Win":0,"Lose":0.09,"myCurrBet":0.02666666666666667,"step":0,"position":0.6666666666666666,"bluff":0,"handValue":0.10160000000000001,"percentBets_3":0.06504065040650407,"percentBets_1":0},"output":{"chips":1}},
{"input":{"Win":0,"Lose":0.09,"myCurrBet":0.09,"step":0.25,"position":0.6666666666666666,"bluff":0,"handValue":0.1017,"percentBets_3":0.21951219512195122},"output":{"chips":0.5}},
{"input":{"Win":0,"Lose":0.09,"myCurrBet":0.09,"step":0.5,"position":0.6666666666666666,"bluff":0,"handValue":0.40000011080500003,"percentBets_3":0.21951219512195122},"output":{"chips":0}},
{"input":{"Win":0,"Lose":0.09,"myCurrBet":0.06,"step":0,"position":0.6666666666666666,"bluff":0,"handValue":0.10160000000000001,"percentBets_3":0.14634146341463414},"output":{"chips":0.5}},
{"input":{"Win":0,"Lose":0.09,"myCurrBet":0.09,"step":0.5,"position":0.6666666666666666,"bluff":0,"handValue":0.40000011080500003,"percentBets_3":0.21951219512195122},"output":{"chips":0}},
