{"input":{"Win":0.1511111111111111,"Lose":0,"myCurrBet":0,"step":0,"position":1,"bluff":0,"percentBets_1":0.006666666666666667,"percentBets_2":0.013333333333333334,"handValue":0.601109,"percentBets_3":0.013333333333333334},"output":{"chips":1}},
{"input":{"Win":0.1511111111111111,"Lose":0,"myCurrBet":0.03666666666666667,"step":0.25,"position":1,"bluff":0,"handValue":0.1032,"percentBets_1":0.16,"percentBets_2":0.13333333333333333,"percentBets_3":0.13333333333333333},"output":{"chips":0.5}},
{"input":{"Win":0.1511111111111111,"Lose":0,"myCurrBet":0.006666666666666667,"step":0,"position":1,"bluff":0,"handValue":0.601109,"percentBets_1":0.05333333333333334,"percentBets_2":0.06666666666666667,"percentBets_3":0.06666666666666667},"output":{"chips":0.5}},
{"input":{"Win":0.1511111111111111,"Lose":0,"myCurrBet":0.016666666666666666,"step":0,"position":1,"bluff":0,"handValue":0.601109,"percentBets_1":0.13333333333333333,"percentBets_2":0.13333333333333333,"percentBets_3":0.13333333333333333},"output":{"chips":0.5}},
{"input":{"Win":0.1511111111111111,"Lose":0,"myCurrBet":0.03333333333333333,"step":0.25,"position":1,"bluff":0,"handValue":0.1032,"percentBets_1":0.13333333333333333,"percentBets_2":0.14666666666666667,"percentBets_3":0.14666666666666667},"output":{"chips":0.5}},
{"input":{"Win":0.1511111111111111,"Lose":0,"myCurrBet":0.04,"step":0.5,"position":1,"bluff":0,"handValue":0.1039,"percentBets_1":0.16},"output":{"chips":0.5}},
{"input":{"Win":0.1511111111111111,"Lose":0,"myCurrBet":0.04,"step":0.75,"position":1,"bluff":0,"handValue":0.500000000011,"percentBets_1":0.16},"output":{"chips":0}},
{"input":{"Win":0,"Lose":0.03333333333333333,"myCurrBet":0,"step":0,"position":1,"bluff":0,"percentBets_1":0.007936507936507936,"percentBets_2":0.015625,"handValue":0.1009,"percentBets_3":0.015625},"output":{"chips":0.5}},
{"input":{"Win":0,"Lose":0.03333333333333333,"myCurrBet":0.02666666666666667,"step":0.25,"position":1,"bluff":0,"handValue":0.300000100504,"percentBets_1":0.12698412698412698,"percentBets_2":0.140625,"percentBets_3":0.140625},"output":{"chips":0.5}},
{"input":{"Win":0,"Lose":0.03333333333333333,"myCurrBet":0.0033333333333333335,"step":0,"position":1,"bluff":1,"handValue":0.1009,"percentBets_1":0.031746031746031744,"percentBets_2":0.046875,"percentBets_3":0.046875},"output":{"chips":1}},
{"input":{"Win":0,"Lose":0.03333333333333333,"myCurrBet":0.013333333333333334,"step":0,"position":1,"bluff":0,"handValue":0.1009,"percentBets_1":0.12698412698412698,"percentBets_2":0.125,"percentBets_3":0.125},"output":{"chips":0.5}},
{"input":{"Win":0,"Lose":0.03333333333333333,"myCurrBet":0.03,"step":0.25,"position":1,"bluff":0,"handValue":0.300000100504,"percentBets_1":0.15873015873015872,"percentBets_2":0.125,"percentBets_3":0.125},"output":{"chips":0.5}},
{"input":{"Win":0,"Lose":0.03333333333333333,"myCurrBet":0.03333333333333333,"step":0.75,"position":1,"bluff":0,"handValue":0.300000100506,"percentBets_1":0.15873015873015872},"output":{"chips":0.5}},
{"input":{"Win":0,"Lose":0.03333333333333333,"myCurrBet":0.03333333333333333,"step":0.5,"position":1,"bluff":0,"handValue":0.300000100506,"percentBets_1":0.15873015873015872},"output":{"chips":0.5}},
{"input":{"Win":0,"Lose":0.013333333333333334,"myCurrBet":0.006666666666666667,"step":0,"position":1,"bluff":0,"handValue":0.601304,"percentBets_1":0.04395604395604396,"percentBets_2":0.07272727272727272,"percentBets_3":0.07272727272727272},"output":{"chips":0.5}},
{"input":{"Win":0,"Lose":0.013333333333333334,"myCurrBet":0,"step":0,"position":1,"bluff":0,"percentBets_1":0.005494505494505495,"percentBets_2":0.01818181818181818,"handValue":0.601304,"percentBets_3":0.01818181818181818},"output":{"chips":1}},
{"input":{"Win":0,"Lose":0.013333333333333334,"myCurrBet":0.013333333333333334,"step":0.5,"position":1,"bluff":0,"handValue":0.1029,"percentBets_1":0.04395604395604396,"percentBets_2":0.07272727272727272,"percentBets_3":0.07272727272727272},"output":{"chips":0.5}},
{"input":{"Win":0,"Lose":0.013333333333333334,"myCurrBet":0.013333333333333334,"step":0.75,"position":1,"bluff":0,"handValue":0.10400000000000001,"percentBets_1":0.04395604395604396,"percentBets_2":0.07272727272727272,"percentBets_3":0.07272727272727272},"output":{"chips":0.5}},
{"input":{"Win":0,"Lose":0.013333333333333334,"myCurrBet":0.013333333333333334,"step":0.25,"position":1,"bluff":0,"handValue":0.1024,"percentBets_1":0.04395604395604396,"percentBets_2":0.07272727272727272,"percentBets_3":0.07272727272727272},"output":{"chips":0.5}},
{"input":{"Win":0,"Lose":0.03333333333333333,"myCurrBet":0,"step":0,"position":1,"bluff":0,"percentBets_1":0.005747126436781609,"percentBets_2":0.014925373134328358,"handValue":0.6010019999999999,"percentBets_3":0.0196078431372549},"output":{"chips":1}},
{"input":{"Win":0,"Lose":0.03333333333333333,"myCurrBet":0.006666666666666667,"step":0,"position":1,"bluff":1,"handValue":0.6010019999999999,"percentBets_1":0.04597701149425287,"percentBets_2":0.07462686567164178,"percentBets_3":0.09803921568627451},"output":{"chips":0.5}},
{"input":{"Win":0,"Lose":0.03333333333333333,"myCurrBet":0.016666666666666666,"step":0,"position":1,"bluff":0,"handValue":0.6010019999999999,"percentBets_1":0.11494252873563218,"percentBets_2":0.14925373134328357,"percentBets_3":0.19607843137254902},"output":{"chips":0.5}},
{"input":{"Win":0,"Lose":0.03333333333333333,"myCurrBet":0.03333333333333333,"step":0.25,"position":1,"bluff":0,"handValue":0.1009,"percentBets_1":0.11494252873563218,"percentBets_2":0.14925373134328357,"percentBets_3":0.19607843137254902},"output":{"chips":0.5}},
{"input":{"Win":0,"Lose":0.03333333333333333,"myCurrBet":0.03333333333333333,"step":0.75,"position":1,"bluff":0,"handValue":0.1032,"percentBets_1":0.11494252873563218,"percentBets_2":0.14925373134328357,"percentBets_3":0.19607843137254902},"output":{"chips":0.5}},
{"input":{"Win":0,"Lose":0.03333333333333333,"myCurrBet":0.03333333333333333,"step":0.5,"position":1,"bluff":0,"handValue":0.10210000000000001,"percentBets_1":0.11494252873563218,"percentBets_2":0.14925373134328357,"percentBets_3":0.19607843137254902},"output":{"chips":0.5}},
{"input":{"Win":0,"Lose":0.03333333333333333,"myCurrBet":0,"step":0,"position":1,"bluff":0,"percentBets_1":0.006493506493506494,"percentBets_2":0.017543859649122806,"handValue":0.1015,"percentBets_3":0.012345679012345678},"output":{"chips":0.5}},
{"input":{"Win":0,"Lose":0.03333333333333333,"myCurrBet":0.0033333333333333335,"step":0,"position":1,"bluff":0,"handValue":0.1015,"percentBets_1":0.025974025974025976,"percentBets_2":0.05263157894736842,"percentBets_3":0.037037037037037035},"output":{"chips":0.5}},
{"input":{"Win":0,"Lose":0.03333333333333333,"myCurrBet":0.01,"step":0,"position":1,"bluff":0,"handValue":0.1015,"percentBets_1":0.07792207792207792,"percentBets_2":0.10526315789473684,"percentBets_3":0.07407407407407407},"output":{"chips":0.5}},
{"input":{"Win":0,"Lose":0.03333333333333333,"myCurrBet":0.02,"step":0.25,"position":1,"bluff":0,"handValue":0.10300000000000001,"percentBets_1":0.07792207792207792,"percentBets_2":0.12280701754385964,"percentBets_3":0.08641975308641975},"output":{"chips":0.5}},
{"input":{"Win":0,"Lose":0.03333333333333333,"myCurrBet":0.023333333333333334,"step":0.25,"position":1,"bluff":0,"handValue":0.10300000000000001,"percentBets_1":0.1038961038961039,"percentBets_2":0.14035087719298245,"percentBets_3":0.09876543209876543},"output":{"chips":0.5}},
{"input":{"Win":0,"Lose":0.03333333333333333,"myCurrBet":0.02666666666666667,"step":0.5,"position":1,"bluff":1,"handValue":0.10360000000000001,"percentBets_1":0.1038961038961039,"percentBets_2":0.14035087719298245,"percentBets_3":0.09876543209876543},"output":{"chips":1}},
{"input":{"Win":0,"Lose":0.03333333333333333,"myCurrBet":0.03,"step":0.5,"position":1,"bluff":0,"handValue":0.10360000000000001,"percentBets_1":0.12987012987012986,"percentBets_2":0.17543859649122806,"percentBets_3":0.12345679012345678},"output":{"chips":0.5}},
{"input":{"Win":0,"Lose":0.03333333333333333,"myCurrBet":0.03333333333333333,"step":0.75,"position":1,"bluff":0,"handValue":0.300000100411,"percentBets_1":0.12987012987012986,"percentBets_2":0.17543859649122806,"percentBets_3":0.12345679012345678},"output":{"chips":0}},
{"input":{"Win":0,"Lose":0.02666666666666667,"myCurrBet":0.01,"step":0,"position":1,"bluff":0,"handValue":0.10160000000000001,"percentBets_1":0.056074766355140186,"percentBets_2":0.1276595744680851,"percentBets_3":0.08450704225352113},"output":{"chips":0.5}},
{"input":{"Win":0,"Lose":0.02666666666666667,"myCurrBet":0,"step":0,"position":1,"bluff":0,"percentBets_1":0.004672897196261682,"percentBets_2":0.02127659574468085,"handValue":0.10160000000000001,"percentBets_3":0.014084507042253521},"output":{"chips":0.5}},
{"input":{"Win":0,"Lose":0.02666666666666667,"myCurrBet":0.0033333333333333335,"step":0,"position":1,"bluff":0,"handValue":0.10160000000000001,"percentBets_1":0.018691588785046728,"percentBets_2":0.06382978723404255,"percentBets_3":0.04225352112676056},"output":{"chips":0.5}},
{"input":{"Win":0,"Lose":0.02666666666666667,"myCurrBet":0.02,"step":0.25,"position":1,"bluff":1,"handValue":0.10300000000000001,"percentBets_1":0.056074766355140186,"percentBets_2":0.1276595744680851,"percentBets_3":0.08450704225352113},"output":{"chips":1}},
{"input":{"Win":0,"Lose":0.02666666666666667,"myCurrBet":0.02666666666666667,"step":0.5,"position":1,"bluff":0,"handValue":0.10360000000000001,"percentBets_1":0.07476635514018691,"percentBets_2":0.1702127659574468,"percentBets_3":0.11267605633802817},"output":{"chips":0.5}},
{"input":{"Win":0,"Lose":0.02666666666666667,"myCurrBet":0.023333333333333334,"step":0.25,"position":1,"bluff":0,"handValue":0.10300000000000001,"percentBets_1":0.07476635514018691,"percentBets_2":0.1702127659574468,"percentBets_3":0.11267605633802817},"output":{"chips":0.5}},
{"input":{"Win":0,"Lose":0.02666666666666667,"myCurrBet":0.02666666666666667,"step":0.75,"position":1,"bluff":0,"handValue":0.10450000000000001,"percentBets_1":0.07476635514018691,"percentBets_2":0.1702127659574468,"percentBets_3":0.11267605633802817},"output":{"chips":0.5}},
{"input":{"Win":0.12875536480686695,"Lose":0,"myCurrBet":0,"step":0,"position":1,"bluff":0,"percentBets_1":0.005050505050505051,"percentBets_2":0.02564102564102564,"handValue":0.1018,"percentBets_3":0.010526315789473684},"output":{"chips":0.5}},
{"input":{"Win":0.12875536480686695,"Lose":0,"myCurrBet":0.0033333333333333335,"step":0,"position":1,"bluff":0,"handValue":0.1018,"percentBets_1":0.020202020202020204,"percentBets_2":0.07692307692307693,"percentBets_3":0.031578947368421054},"output":{"chips":0.5}},
{"input":{"Win":0.12875536480686695,"Lose":0,"myCurrBet":0.01,"step":0,"position":1,"bluff":1,"handValue":0.1018,"percentBets_1":0.06060606060606061,"percentBets_2":0.15384615384615385,"percentBets_3":0.06315789473684211},"output":{"chips":0.5}},
{"input":{"Win":0.12875536480686695,"Lose":0,"myCurrBet":0.02666666666666667,"step":0.5,"position":1,"bluff":0,"handValue":0.1038,"percentBets_1":0.08080808080808081,"percentBets_2":0.23076923076923078,"percentBets_3":0.09473684210526316},"output":{"chips":0.5}},
{"input":{"Win":0.12875536480686695,"Lose":0,"myCurrBet":0.023333333333333334,"step":0.25,"position":1,"bluff":0,"handValue":0.1043,"percentBets_1":0.08080808080808081,"percentBets_2":0.20512820512820512,"percentBets_3":0.08421052631578947},"output":{"chips":0.5}},
{"input":{"Win":0.12875536480686695,"Lose":0,"myCurrBet":0.02,"step":0.25,"position":1,"bluff":0,"handValue":0.1043,"percentBets_1":0.06060606060606061,"percentBets_2":0.1794871794871795,"percentBets_3":0.07368421052631578},"output":{"chips":0.5}},
{"input":{"Win":0.12875536480686695,"Lose":0,"myCurrBet":0.03,"step":0.5,"position":1,"bluff":0,"handValue":0.1038,"percentBets_1":0.10101010101010101,"percentBets_2":0.2564102564102564,"percentBets_3":0.10526315789473684},"output":{"chips":0.5}},
{"input":{"Win":0.12875536480686695,"Lose":0,"myCurrBet":0.03333333333333333,"step":0.75,"position":1,"bluff":0,"handValue":0.1042,"percentBets_1":0.10101010101010101,"percentBets_2":0.2564102564102564,"percentBets_3":0.10526315789473684},"output":{"chips":0.5}},
{"input":{"Win":0,"Lose":0.04,"myCurrBet":0.006666666666666667,"step":0,"position":1,"bluff":0,"handValue":0.601108,"percentBets_1":0.0449438202247191,"percentBets_2":0.1724137931034483,"percentBets_3":0.058823529411764705},"output":{"chips":0.5}},
{"input":{"Win":0,"Lose":0.04,"myCurrBet":0.016666666666666666,"step":0,"position":1,"bluff":0,"handValue":0.601108,"percentBets_1":0.11235955056179775,"percentBets_2":0.3448275862068966,"percentBets_3":0.11764705882352941},"output":{"chips":0.5}},
{"input":{"Win":0,"Lose":0.04,"myCurrBet":0.03333333333333333,"step":0.25,"position":1,"bluff":0,"handValue":0.10200000000000001,"percentBets_1":0.11235955056179775,"percentBets_2":0.3793103448275862,"percentBets_3":0.12941176470588237},"output":{"chips":0.5}},
{"input":{"Win":0,"Lose":0.04,"myCurrBet":0,"step":0,"position":1,"bluff":0,"percentBets_1":0.0056179775280898875,"percentBets_2":0.034482758620689655,"handValue":0.601108,"percentBets_3":0.011764705882352941},"output":{"chips":1}},
{"input":{"Win":0,"Lose":0.04,"myCurrBet":0.03666666666666667,"step":0.25,"position":1,"bluff":0,"handValue":0.10200000000000001,"percentBets_1":0.1348314606741573,"percentBets_2":0.41379310344827586,"percentBets_3":0.1411764705882353},"output":{"chips":0.5}},
{"input":{"Win":0,"Lose":0.04,"myCurrBet":0.04,"step":0.5,"position":1,"bluff":0,"handValue":0.1029,"percentBets_1":0.1348314606741573,"percentBets_2":0.41379310344827586,"percentBets_3":0.1411764705882353},"output":{"chips":0.5}},
{"input":{"Win":0,"Lose":0.04,"myCurrBet":0.04,"step":0.75,"position":1,"bluff":0,"handValue":0.10410000000000001,"percentBets_1":0.1348314606741573,"percentBets_2":0.41379310344827586,"percentBets_3":0.1411764705882353},"output":{"chips":0.5}},
{"input":{"Win":0,"Lose":0.02666666666666667,"myCurrBet":0,"step":0,"position":1,"bluff":0,"percentBets_1":0.004,"percentBets_2":0.058823529411764705,"handValue":0.1018,"percentBets_3":0.0136986301369863},"output":{"chips":0.5}},
{"input":{"Win":0,"Lose":0.02666666666666667,"myCurrBet":0.0033333333333333335,"step":0,"position":1,"bluff":0,"handValue":0.1018,"percentBets_1":0.016,"percentBets_2":0.17647058823529413,"percentBets_3":0.0410958904109589},"output":{"chips":0.5}},
{"input":{"Win":0,"Lose":0.02666666666666667,"myCurrBet":0.01,"step":0,"position":1,"bluff":0,"handValue":0.1018,"percentBets_1":0.048,"percentBets_2":0.35294117647058826,"percentBets_3":0.0821917808219178},"output":{"chips":0.5}},
{"input":{"Win":0,"Lose":0.02666666666666667,"myCurrBet":0.02,"step":0.5,"position":1,"bluff":0,"handValue":0.1042,"percentBets_1":0.048,"percentBets_2":0.35294117647058826,"percentBets_3":0.0821917808219178},"output":{"chips":0.5}},
{"input":{"Win":0,"Lose":0.02666666666666667,"myCurrBet":0.02,"step":0.25,"position":1,"bluff":0,"handValue":0.1037,"percentBets_1":0.048,"percentBets_2":0.35294117647058826,"percentBets_3":0.0821917808219178},"output":{"chips":0.5}},
{"input":{"Win":0,"Lose":0.02666666666666667,"myCurrBet":0.02,"step":0.75,"position":1,"bluff":0,"handValue":0.1044,"percentBets_1":0.048,"percentBets_2":0.4117647058823529,"percentBets_3":0.0958904109589041},"output":{"chips":0.5}},
{"input":{"Win":0,"Lose":0.02666666666666667,"myCurrBet":0.023333333333333334,"step":0.75,"position":1,"bluff":1,"handValue":0.1044,"percentBets_1":0.064,"percentBets_2":0.35294117647058826,"percentBets_3":0.0821917808219178},"output":{"chips":0.5}},
{"input":{"Win":0,"Lose":0.03333333333333333,"myCurrBet":0.0033333333333333335,"step":0,"position":1,"bluff":1,"handValue":0.600908,"percentBets_1":0.013605442176870748,"percentBets_2":0.3,"percentBets_3":0.045454545454545456},"output":{"chips":1}},
{"input":{"Win":0,"Lose":0.03333333333333333,"myCurrBet":0.013333333333333334,"step":0,"position":1,"bluff":0,"handValue":0.600908,"percentBets_1":0.05442176870748299,"percentBets_2":0.8,"percentBets_3":0.12121212121212122},"output":{"chips":0.5}},
{"input":{"Win":0,"Lose":0.03333333333333333,"myCurrBet":0,"step":0,"position":1,"bluff":0,"percentBets_1":0.003401360544217687,"percentBets_2":0.1,"handValue":0.600908,"percentBets_3":0.015151515151515152},"output":{"chips":0.5}},
{"input":{"Win":0,"Lose":0.03333333333333333,"myCurrBet":0.02666666666666667,"step":0.25,"position":1,"bluff":0,"handValue":0.10200000000000001,"percentBets_1":0.05442176870748299,"percentBets_2":0.8,"percentBets_3":0.12121212121212122},"output":{"chips":0.5}},
{"input":{"Win":0,"Lose":0.03333333333333333,"myCurrBet":0.02666666666666667,"step":0.5,"position":1,"bluff":0,"handValue":0.300000090111,"percentBets_1":0.05442176870748299,"percentBets_2":0.8,"percentBets_3":0.12121212121212122},"output":{"chips":0.5}},
{"input":{"Win":0,"Lose":0.03333333333333333,"myCurrBet":0.03,"step":0.75,"position":1,"bluff":1,"handValue":0.300000090811,"percentBets_1":0.06802721088435375,"percentBets_2":0.8,"percentBets_3":0.12121212121212122},"output":{"chips":0.5}},
{"input":{"Win":0,"Lose":0.03333333333333333,"myCurrBet":0.02666666666666667,"step":0.75,"position":1,"bluff":1,"handValue":0.300000090811,"percentBets_1":0.05442176870748299,"percentBets_2":0.8,"percentBets_3":0.12121212121212122},"output":{"chips":1}},
{"input":{"Win":0,"Lose":0.02,"myCurrBet":0,"step":0,"position":1,"bluff":0,"percentBets_1":0.002857142857142857,"percentBets_2":0.017241379310344827,"handValue":0.1014},"output":{"chips":1}},
{"input":{"Win":0,"Lose":0.02,"myCurrBet":0.006666666666666667,"step":0,"position":1,"bluff":0,"handValue":0.1014,"percentBets_1":0.022857142857142857,"percentBets_2":0.06896551724137931},"output":{"chips":0.5}},
{"input":{"Win":0,"Lose":0.02,"myCurrBet":0.013333333333333334,"step":0.25,"position":1,"bluff":0,"handValue":0.10450000000000001,"percentBets_1":0.022857142857142857,"percentBets_2":0.06896551724137931},"output":{"chips":0.5}},
{"input":{"Win":0,"Lose":0.02,"myCurrBet":0.013333333333333334,"step":0.5,"position":1,"bluff":0,"handValue":0.1052,"percentBets_1":0.022857142857142857,"percentBets_2":0.06896551724137931},"output":{"chips":0.5}},
{"input":{"Win":0,"Lose":0.02,"myCurrBet":0.013333333333333334,"step":0.75,"position":1,"bluff":1,"handValue":0.10450000000000001,"percentBets_1":0.022857142857142857,"percentBets_2":0.06896551724137931},"output":{"chips":1}},
{"input":{"Win":0,"Lose":0.02,"myCurrBet":0.016666666666666666,"step":0.75,"position":1,"bluff":0,"handValue":0.10450000000000001,"percentBets_1":0.03428571428571429,"percentBets_2":0.10344827586206896},"output":{"chips":0.5}},
{"input":{"Win":0.03347280334728033,"Lose":0,"myCurrBet":0,"step":0,"position":1,"bluff":0,"percentBets_1":0.0029585798816568047,"percentBets_2":0.014285714285714285,"handValue":0.601312},"output":{"chips":1}},
{"input":{"Win":0.03347280334728033,"Lose":0,"myCurrBet":0.013333333333333334,"step":0.25,"position":1,"bluff":0,"handValue":0.1034,"percentBets_1":0.023668639053254437,"percentBets_2":0.05714285714285714},"output":{"chips":0.5}},
{"input":{"Win":0.03347280334728033,"Lose":0,"myCurrBet":0.013333333333333334,"step":0.5,"position":1,"bluff":0,"handValue":0.1022,"percentBets_1":0.023668639053254437,"percentBets_2":0.05714285714285714},"output":{"chips":0.5}},
{"input":{"Win":0.03347280334728033,"Lose":0,"myCurrBet":0.013333333333333334,"step":0.75,"position":1,"bluff":0,"handValue":0.40000012130400003,"percentBets_1":0.023668639053254437,"percentBets_2":0.05714285714285714},"output":{"chips":0.5}},
{"input":{"Win":0.03347280334728033,"Lose":0,"myCurrBet":0.006666666666666667,"step":0,"position":1,"bluff":0,"handValue":0.601312,"percentBets_1":0.023668639053254437,"percentBets_2":0.05714285714285714},"output":{"chips":0.5}},
{"input":{"Win":0,"Lose":0.02666666666666667,"myCurrBet":0,"step":0,"position":1,"bluff":1,"percentBets_1":0.0030303030303030303,"percentBets_2":0.015151515151515152,"handValue":0.500000000005},"output":{"chips":0.5}},
{"input":{"Win":0,"Lose":0.02666666666666667,"myCurrBet":0.01,"step":0,"position":1,"bluff":0,"handValue":0.500000000005,"percentBets_1":0.03636363636363636,"percentBets_2":0.09090909090909091},"output":{"chips":0.5}},
{"input":{"Win":0,"Lose":0.02666666666666667,"myCurrBet":0.0033333333333333335,"step":0,"position":1,"bluff":0,"handValue":0.500000000005,"percentBets_1":0.012121212121212121,"percentBets_2":0.030303030303030304},"output":{"chips":1}},
{"input":{"Win":0,"Lose":0.02666666666666667,"myCurrBet":0.02,"step":0.25,"position":1,"bluff":0,"handValue":0.1037,"percentBets_1":0.03636363636363636,"percentBets_2":0.09090909090909091},"output":{"chips":0.5}},
{"input":{"Win":0,"Lose":0.02666666666666667,"myCurrBet":0.02,"step":0.5,"position":1,"bluff":0,"handValue":0.10410000000000001,"percentBets_1":0.03636363636363636,"percentBets_2":0.09090909090909091},"output":{"chips":0.5}},
{"input":{"Win":0,"Lose":0.02666666666666667,"myCurrBet":0.02,"step":0.75,"position":1,"bluff":1,"handValue":0.10350000000000001,"percentBets_1":0.03636363636363636,"percentBets_2":0.09090909090909091},"output":{"chips":1}},
{"input":{"Win":0,"Lose":0.02666666666666667,"myCurrBet":0.023333333333333334,"step":0.75,"position":1,"bluff":0,"handValue":0.10350000000000001,"percentBets_1":0.048484848484848485,"percentBets_2":0.12121212121212122},"output":{"chips":0.5}},
{"input":{"Win":0,"Lose":0.013333333333333334,"myCurrBet":0,"step":0,"position":1,"bluff":1,"percentBets_1":0.0031847133757961785,"percentBets_2":0.012195121951219513,"handValue":0.1014},"output":{"chips":1}},
{"input":{"Win":0,"Lose":0.013333333333333334,"myCurrBet":0.013333333333333334,"step":0.25,"position":1,"bluff":0,"handValue":0.1032,"percentBets_1":0.025477707006369428,"percentBets_2":0.04878048780487805},"output":{"chips":0.5}},
{"input":{"Win":0,"Lose":0.013333333333333334,"myCurrBet":0.006666666666666667,"step":0,"position":1,"bluff":0,"handValue":0.1014,"percentBets_1":0.025477707006369428,"percentBets_2":0.04878048780487805},"output":{"chips":0.5}},
{"input":{"Win":0,"Lose":0.013333333333333334,"myCurrBet":0.013333333333333334,"step":0.5,"position":1,"bluff":0,"handValue":0.10310000000000001,"percentBets_1":0.025477707006369428,"percentBets_2":0.04878048780487805},"output":{"chips":0.5}},
{"input":{"Win":0,"Lose":0.013333333333333334,"myCurrBet":0.013333333333333334,"step":0.75,"position":1,"bluff":0,"handValue":0.1038,"percentBets_1":0.025477707006369428,"percentBets_2":0.04878048780487805},"output":{"chips":0.5}},
{"input":{"Win":0,"Lose":0.013333333333333334,"myCurrBet":0,"step":0,"position":1,"bluff":1,"percentBets_1":0.0032679738562091504,"percentBets_2":0.011111111111111112,"handValue":0.1003},"output":{"chips":1}},
{"input":{"Win":0,"Lose":0.013333333333333334,"myCurrBet":0.013333333333333334,"step":0.25,"position":1,"bluff":0,"handValue":0.10160000000000001,"percentBets_1":0.026143790849673203,"percentBets_2":0.044444444444444446},"output":{"chips":0.5}},
{"input":{"Win":0,"Lose":0.013333333333333334,"myCurrBet":0.006666666666666667,"step":0,"position":1,"bluff":0,"handValue":0.1003,"percentBets_1":0.026143790849673203,"percentBets_2":0.044444444444444446},"output":{"chips":0.5}},
{"input":{"Win":0,"Lose":0.013333333333333334,"myCurrBet":0.013333333333333334,"step":0.5,"position":1,"bluff":0,"handValue":0.10250000000000001,"percentBets_1":0.026143790849673203,"percentBets_2":0.044444444444444446},"output":{"chips":0.5}},
{"input":{"Win":0,"Lose":0.013333333333333334,"myCurrBet":0.013333333333333334,"step":0.75,"position":1,"bluff":0,"handValue":0.10360000000000001,"percentBets_1":0.026143790849673203,"percentBets_2":0.044444444444444446},"output":{"chips":0.5}},
{"input":{"Win":0,"Lose":0.02666666666666667,"myCurrBet":0,"step":0,"position":1,"bluff":0,"percentBets_1":0.006711409395973154,"percentBets_2":0.02040816326530612,"handValue":0.600403},"output":{"chips":1}},
{"input":{"Win":0,"Lose":0.02666666666666667,"myCurrBet":0.02666666666666667,"step":0.25,"position":1,"bluff":0,"handValue":0.1024,"percentBets_1":0.053691275167785234,"percentBets_2":0.08163265306122448},"output":{"chips":0.5}},
{"input":{"Win":0,"Lose":0.02666666666666667,"myCurrBet":0.02666666666666667,"step":0.5,"position":1,"bluff":0,"handValue":0.1033,"percentBets_1":0.053691275167785234,"percentBets_2":0.08163265306122448},"output":{"chips":0.5}},
{"input":{"Win":0,"Lose":0.02666666666666667,"myCurrBet":0.02666666666666667,"step":0.75,"position":1,"bluff":0,"handValue":0.1034,"percentBets_1":0.053691275167785234,"percentBets_2":0.08163265306122448},"output":{"chips":0.5}},
{"input":{"Win":0,"Lose":0.02666666666666667,"myCurrBet":0.013333333333333334,"step":0,"position":1,"bluff":0,"handValue":0.600403,"percentBets_1":0.053691275167785234,"percentBets_2":0.08163265306122448},"output":{"chips":0.5}},
{"input":{"Win":0,"Lose":0.02666666666666667,"myCurrBet":0,"step":0,"position":1,"bluff":0,"percentBets_1":0.0070921985815602835,"percentBets_2":0.017543859649122806,"handValue":0.10110000000000001},"output":{"chips":1}},
{"input":{"Win":0,"Lose":0.02666666666666667,"myCurrBet":0.013333333333333334,"step":0,"position":1,"bluff":0,"handValue":0.10110000000000001,"percentBets_1":0.05673758865248227,"percentBets_2":0.07017543859649122},"output":{"chips":0.5}},
{"input":{"Win":0,"Lose":0.02666666666666667,"myCurrBet":0.02666666666666667,"step":0.25,"position":1,"bluff":1,"handValue":0.10300000000000001,"percentBets_1":0.05673758865248227,"percentBets_2":0.07017543859649122},"output":{"chips":0.5}},
{"input":{"Win":0,"Lose":0.02666666666666667,"myCurrBet":0.02666666666666667,"step":0.5,"position":1,"bluff":0,"handValue":0.1022,"percentBets_1":0.05673758865248227,"percentBets_2":0.07017543859649122},"output":{"chips":0.5}},
{"input":{"Win":0,"Lose":0.02666666666666667,"myCurrBet":0.02666666666666667,"step":0.75,"position":1,"bluff":0,"handValue":0.300000080507,"percentBets_1":0.05673758865248227,"percentBets_2":0.07017543859649122},"output":{"chips":0.5}},
{"input":{"Win":0.09125475285171103,"Lose":0,"myCurrBet":0,"step":0,"position":1,"bluff":0,"percentBets_1":0.007518796992481203,"percentBets_2":0.015384615384615385,"handValue":0.60121},"output":{"chips":1}},
{"input":{"Win":0.09125475285171103,"Lose":0,"myCurrBet":0.013333333333333334,"step":0,"position":1,"bluff":0,"handValue":0.60121,"percentBets_1":0.06015037593984962,"percentBets_2":0.06153846153846154},"output":{"chips":0.5}},
{"input":{"Win":0.09125475285171103,"Lose":0,"myCurrBet":0.02666666666666667,"step":0.5,"position":1,"bluff":1,"handValue":0.1057,"percentBets_1":0.06015037593984962,"percentBets_2":0.06153846153846154},"output":{"chips":1}},
{"input":{"Win":0.09125475285171103,"Lose":0,"myCurrBet":0.02666666666666667,"step":0.25,"position":1,"bluff":0,"handValue":0.10540000000000001,"percentBets_1":0.06015037593984962,"percentBets_2":0.06153846153846154},"output":{"chips":0.5}},
{"input":{"Win":0.09125475285171103,"Lose":0,"myCurrBet":0.04,"step":0.75,"position":1,"bluff":0,"handValue":0.1046,"percentBets_1":0.09022556390977443,"percentBets_2":0.09230769230769231},"output":{"chips":0.5}},
{"input":{"Win":0.09125475285171103,"Lose":0,"myCurrBet":0.03333333333333333,"step":0.5,"position":1,"bluff":0,"handValue":0.1057,"percentBets_1":0.09022556390977443,"percentBets_2":0.09230769230769231},"output":{"chips":0.5}},
{"input":{"Win":0.06694560669456066,"Lose":0,"myCurrBet":0.013333333333333334,"step":0,"position":1,"bluff":1,"handValue":0.601303,"percentBets_1":0.06611570247933884,"percentBets_2":0.06779661016949153},"output":{"chips":0.5}},
{"input":{"Win":0.06694560669456066,"Lose":0,"myCurrBet":0,"step":0,"position":1,"bluff":0,"percentBets_1":0.008264462809917356,"percentBets_2":0.01694915254237288,"handValue":0.601303},"output":{"chips":1}},
{"input":{"Win":0.06694560669456066,"Lose":0,"myCurrBet":0.02666666666666667,"step":0.5,"position":1,"bluff":0,"handValue":0.1022,"percentBets_1":0.06611570247933884,"percentBets_2":0.06779661016949153},"output":{"chips":0.5}},
{"input":{"Win":0.06694560669456066,"Lose":0,"myCurrBet":0.02666666666666667,"step":0.75,"position":1,"bluff":0,"handValue":0.10310000000000001,"percentBets_1":0.06611570247933884,"percentBets_2":0.06779661016949153},"output":{"chips":0.5}},
{"input":{"Win":0.06694560669456066,"Lose":0,"myCurrBet":0.02666666666666667,"step":0.25,"position":1,"bluff":0,"handValue":0.10350000000000001,"percentBets_1":0.06611570247933884,"percentBets_2":0.06779661016949153},"output":{"chips":0.5}},
{"input":{"Win":0,"Lose":0.02666666666666667,"myCurrBet":0,"step":0,"position":1,"bluff":0,"percentBets_1":0.008849557522123894,"percentBets_2":0.01818181818181818,"handValue":0.1017},"output":{"chips":1}},
{"input":{"Win":0,"Lose":0.02666666666666667,"myCurrBet":0.013333333333333334,"step":0,"position":1,"bluff":0,"handValue":0.1017,"percentBets_1":0.07079646017699115,"percentBets_2":0.07272727272727272},"output":{"chips":0.5}},
{"input":{"Win":0,"Lose":0.02666666666666667,"myCurrBet":0.02666666666666667,"step":0.25,"position":1,"bluff":0,"handValue":0.10210000000000001,"percentBets_1":0.07079646017699115,"percentBets_2":0.07272727272727272},"output":{"chips":0.5}},
{"input":{"Win":0,"Lose":0.02666666666666667,"myCurrBet":0.02666666666666667,"step":0.5,"position":1,"bluff":0,"handValue":0.400000021007,"percentBets_1":0.07079646017699115,"percentBets_2":0.07272727272727272},"output":{"chips":0.5}},
{"input":{"Win":0,"Lose":0.02666666666666667,"myCurrBet":0.02666666666666667,"step":0.75,"position":1,"bluff":0,"handValue":0.400000021007,"percentBets_1":0.07079646017699115,"percentBets_2":0.07272727272727272},"output":{"chips":0.5}},
{"input":{"Win":0,"Lose":0.04,"myCurrBet":0,"step":0,"position":1,"bluff":0,"percentBets_1":0.007751937984496124,"percentBets_2":0.0196078431372549,"handValue":0.10200000000000001},"output":{"chips":1}},
{"input":{"Win":0,"Lose":0.04,"myCurrBet":0.02666666666666667,"step":0.5,"position":1,"bluff":1,"handValue":0.1052,"percentBets_1":0.06201550387596899,"percentBets_2":0.0784313725490196},"output":{"chips":1}},
{"input":{"Win":0,"Lose":0.04,"myCurrBet":0.02666666666666667,"step":0.25,"position":1,"bluff":1,"handValue":0.10400000000000001,"percentBets_1":0.06201550387596899,"percentBets_2":0.0784313725490196},"output":{"chips":0.5}},
{"input":{"Win":0,"Lose":0.04,"myCurrBet":0.013333333333333334,"step":0,"position":1,"bluff":0,"handValue":0.10200000000000001,"percentBets_1":0.06201550387596899,"percentBets_2":0.0784313725490196},"output":{"chips":0.5}},
{"input":{"Win":0,"Lose":0.04,"myCurrBet":0.03333333333333333,"step":0.5,"position":1,"bluff":0,"handValue":0.1052,"percentBets_1":0.09302325581395349,"percentBets_2":0.11764705882352941},"output":{"chips":0.5}},
{"input":{"Win":0,"Lose":0.04,"myCurrBet":0.04,"step":0.75,"position":1,"bluff":0,"handValue":0.1042,"percentBets_1":0.09302325581395349,"percentBets_2":0.11764705882352941},"output":{"chips":0.5}},
{"input":{"Win":0,"Lose":0.02666666666666667,"myCurrBet":0,"step":0,"position":1,"bluff":0,"percentBets_1":0.008547008547008548,"percentBets_2":0.015873015873015872,"handValue":0.1017},"output":{"chips":1}},
{"input":{"Win":0,"Lose":0.02666666666666667,"myCurrBet":0.013333333333333334,"step":0,"position":1,"bluff":0,"handValue":0.1017,"percentBets_1":0.06837606837606838,"percentBets_2":0.06349206349206349},"output":{"chips":0.5}},
{"input":{"Win":0,"Lose":0.02666666666666667,"myCurrBet":0.02666666666666667,"step":0.5,"position":1,"bluff":0,"handValue":0.10360000000000001,"percentBets_1":0.06837606837606838,"percentBets_2":0.06349206349206349},"output":{"chips":0.5}},
{"input":{"Win":0,"Lose":0.02666666666666667,"myCurrBet":0.02666666666666667,"step":0.75,"position":1,"bluff":0,"handValue":0.1038,"percentBets_1":0.06837606837606838,"percentBets_2":0.06349206349206349},"output":{"chips":0.5}},
{"input":{"Win":0,"Lose":0.02666666666666667,"myCurrBet":0.02666666666666667,"step":0.25,"position":1,"bluff":0,"handValue":0.1029,"percentBets_1":0.06837606837606838,"percentBets_2":0.06349206349206349},"output":{"chips":0.5}},
{"input":{"Win":0,"Lose":0.02666666666666667,"myCurrBet":0,"step":0,"position":1,"bluff":0,"percentBets_1":0.007518796992481203,"percentBets_2":0.01694915254237288,"handValue":0.1008},"output":{"chips":1}},
{"input":{"Win":0,"Lose":0.02666666666666667,"myCurrBet":0.013333333333333334,"step":0,"position":1,"bluff":1,"handValue":0.1008,"percentBets_1":0.06015037593984962,"percentBets_2":0.06779661016949153},"output":{"chips":0.5}},
{"input":{"Win":0,"Lose":0.02666666666666667,"myCurrBet":0.02666666666666667,"step":0.25,"position":1,"bluff":0,"handValue":0.1032,"percentBets_1":0.06015037593984962,"percentBets_2":0.06779661016949153},"output":{"chips":0.5}},
{"input":{"Win":0,"Lose":0.02666666666666667,"myCurrBet":0.02666666666666667,"step":0.5,"position":1,"bluff":1,"handValue":0.1037,"percentBets_1":0.06015037593984962,"percentBets_2":0.06779661016949153},"output":{"chips":0.5}},
{"input":{"Win":0,"Lose":0.02666666666666667,"myCurrBet":0.02666666666666667,"step":0.75,"position":1,"bluff":0,"handValue":0.500000000011,"percentBets_1":0.06015037593984962,"percentBets_2":0.06779661016949153},"output":{"chips":0.5}},
{"input":{"Win":0.12355212355212356,"Lose":0,"myCurrBet":0,"step":0,"position":1,"bluff":1,"percentBets_1":0.008,"percentBets_2":0.014925373134328358,"handValue":0.1015},"output":{"chips":0.5}},
{"input":{"Win":0.12355212355212356,"Lose":0,"myCurrBet":0.006666666666666667,"step":0,"position":1,"bluff":0,"handValue":0.1015,"percentBets_1":0.032,"percentBets_2":0.029850746268656716},"output":{"chips":1}},
{"input":{"Win":0.12355212355212356,"Lose":0,"myCurrBet":0.02,"step":0,"position":1,"bluff":0,"handValue":0.1015,"percentBets_1":0.096,"percentBets_2":0.08955223880597014},"output":{"chips":0.5}},
{"input":{"Win":0.12355212355212356,"Lose":0,"myCurrBet":0.05333333333333334,"step":0.5,"position":1,"bluff":0,"handValue":0.10300000000000001,"percentBets_1":0.128,"percentBets_2":0.11940298507462686},"output":{"chips":0.5}},
{"input":{"Win":0.12355212355212356,"Lose":0,"myCurrBet":0.04,"step":0.25,"position":1,"bluff":1,"handValue":0.1018,"percentBets_1":0.096,"percentBets_2":0.08955223880597014},"output":{"chips":1}},
{"input":{"Win":0.12355212355212356,"Lose":0,"myCurrBet":0.04666666666666667,"step":0.25,"position":1,"bluff":0,"handValue":0.1018,"percentBets_1":0.128,"percentBets_2":0.11940298507462686},"output":{"chips":0.5}},
{"input":{"Win":0.12355212355212356,"Lose":0,"myCurrBet":0.05333333333333334,"step":0.75,"position":1,"bluff":0,"handValue":0.300000090412,"percentBets_1":0.128,"percentBets_2":0.11940298507462686},"output":{"chips":0.5}},
{"input":{"Win":0,"Lose":0.04,"myCurrBet":0,"step":0,"position":1,"bluff":0,"percentBets_1":0.009174311926605505,"percentBets_2":0.01694915254237288,"handValue":0.101},"output":{"chips":1}},
{"input":{"Win":0,"Lose":0.04,"myCurrBet":0.02666666666666667,"step":0.25,"position":1,"bluff":0,"handValue":0.10260000000000001,"percentBets_1":0.07339449541284404,"percentBets_2":0.06779661016949153},"output":{"chips":0.5}},
{"input":{"Win":0,"Lose":0.04,"myCurrBet":0.013333333333333334,"step":0,"position":1,"bluff":0,"handValue":0.101,"percentBets_1":0.07339449541284404,"percentBets_2":0.06779661016949153},"output":{"chips":0.5}},
{"input":{"Win":0,"Lose":0.04,"myCurrBet":0.02666666666666667,"step":0.5,"position":1,"bluff":0,"handValue":0.1027,"percentBets_1":0.07339449541284404,"percentBets_2":0.06779661016949153},"output":{"chips":0.5}},
{"input":{"Win":0,"Lose":0.04,"myCurrBet":0.02666666666666667,"step":0.75,"position":1,"bluff":1,"handValue":0.1038,"percentBets_1":0.07339449541284404,"percentBets_2":0.06779661016949153},"output":{"chips":1}},
{"input":{"Win":0,"Lose":0.04,"myCurrBet":0.03333333333333333,"step":0.75,"position":1,"bluff":0,"handValue":0.1038,"percentBets_1":0.11009174311926606,"percentBets_2":0.1016949152542373},"output":{"chips":0.5}},
{"input":{"Win":0,"Lose":0.02666666666666667,"myCurrBet":0,"step":0,"position":1,"bluff":0,"percentBets_1":0.007518796992481203,"percentBets_2":0.018867924528301886,"handValue":0.1017},"output":{"chips":1}},
{"input":{"Win":0,"Lose":0.02666666666666667,"myCurrBet":0.02666666666666667,"step":0.5,"position":1,"bluff":0,"handValue":0.10160000000000001,"percentBets_1":0.06015037593984962,"percentBets_2":0.07547169811320754},"output":{"chips":0.5}},
{"input":{"Win":0,"Lose":0.02666666666666667,"myCurrBet":0.02666666666666667,"step":0.25,"position":1,"bluff":0,"handValue":0.1013,"percentBets_1":0.06015037593984962,"percentBets_2":0.07547169811320754},"output":{"chips":0.5}},
{"input":{"Win":0,"Lose":0.02666666666666667,"myCurrBet":0.013333333333333334,"step":0,"position":1,"bluff":0,"handValue":0.1017,"percentBets_1":0.06015037593984962,"percentBets_2":0.07547169811320754},"output":{"chips":0.5}},
{"input":{"Win":0,"Lose":0.02666666666666667,"myCurrBet":0.02666666666666667,"step":0.75,"position":1,"bluff":0,"handValue":0.1023,"percentBets_1":0.06015037593984962,"percentBets_2":0.07547169811320754},"output":{"chips":0.5}},
{"input":{"Win":0,"Lose":0.02666666666666667,"myCurrBet":0,"step":0,"position":1,"bluff":0,"percentBets_1":0.006711409395973154,"percentBets_2":0.02040816326530612,"handValue":0.6007009999999999},"output":{"chips":1}},
{"input":{"Win":0,"Lose":0.02666666666666667,"myCurrBet":0.02666666666666667,"step":0.5,"position":1,"bluff":0,"handValue":0.30000009080699996,"percentBets_1":0.053691275167785234,"percentBets_2":0.08163265306122448},"output":{"chips":0.5}},
{"input":{"Win":0,"Lose":0.02666666666666667,"myCurrBet":0.02666666666666667,"step":0.75,"position":1,"bluff":0,"handValue":0.30000009080699996,"percentBets_1":0.053691275167785234,"percentBets_2":0.08163265306122448},"output":{"chips":0.5}},
{"input":{"Win":0,"Lose":0.02666666666666667,"myCurrBet":0.013333333333333334,"step":0,"position":1,"bluff":1,"handValue":0.6007009999999999,"percentBets_1":0.053691275167785234,"percentBets_2":0.08163265306122448},"output":{"chips":0.5}},
{"input":{"Win":0,"Lose":0.02666666666666667,"myCurrBet":0.02666666666666667,"step":0.25,"position":1,"bluff":0,"handValue":0.1017,"percentBets_1":0.053691275167785234,"percentBets_2":0.08163265306122448},"output":{"chips":0.5}},
{"input":{"Win":0,"Lose":0.02666666666666667,"myCurrBet":0,"step":0,"position":1,"bluff":0,"percentBets_1":0.006060606060606061,"percentBets_2":0.022222222222222223,"handValue":0.10210000000000001},"output":{"chips":1}},
{"input":{"Win":0,"Lose":0.02666666666666667,"myCurrBet":0.013333333333333334,"step":0,"position":1,"bluff":0,"handValue":0.10210000000000001,"percentBets_1":0.048484848484848485,"percentBets_2":0.08888888888888889},"output":{"chips":0.5}},
{"input":{"Win":0,"Lose":0.02666666666666667,"myCurrBet":0.02666666666666667,"step":0.5,"position":1,"bluff":0,"handValue":0.10310000000000001,"percentBets_1":0.048484848484848485,"percentBets_2":0.08888888888888889},"output":{"chips":0.5}},
{"input":{"Win":0,"Lose":0.02666666666666667,"myCurrBet":0.02666666666666667,"step":0.25,"position":1,"bluff":0,"handValue":0.10400000000000001,"percentBets_1":0.048484848484848485,"percentBets_2":0.08888888888888889},"output":{"chips":0.5}},
{"input":{"Win":0,"Lose":0.02666666666666667,"myCurrBet":0.02666666666666667,"step":0.75,"position":1,"bluff":0,"handValue":0.1043,"percentBets_1":0.048484848484848485,"percentBets_2":0.08888888888888889},"output":{"chips":0.5}},
{"input":{"Win":0.09125475285171103,"Lose":0,"myCurrBet":0,"step":0,"position":1,"bluff":0,"percentBets_1":0.006369426751592357,"percentBets_2":0.018867924528301886,"handValue":0.10110000000000001},"output":{"chips":1}},
{"input":{"Win":0.09125475285171103,"Lose":0,"myCurrBet":0.013333333333333334,"step":0,"position":1,"bluff":0,"handValue":0.10110000000000001,"percentBets_1":0.050955414012738856,"percentBets_2":0.07547169811320754},"output":{"chips":0.5}},
{"input":{"Win":0.09125475285171103,"Lose":0,"myCurrBet":0.03333333333333333,"step":0.25,"position":1,"bluff":0,"handValue":0.400000030908,"percentBets_1":0.07643312101910828,"percentBets_2":0.11320754716981132},"output":{"chips":0.5}},
{"input":{"Win":0.09125475285171103,"Lose":0,"myCurrBet":0.02666666666666667,"step":0.25,"position":1,"bluff":1,"handValue":0.400000030908,"percentBets_1":0.050955414012738856,"percentBets_2":0.07547169811320754},"output":{"chips":1}},
{"input":{"Win":0.09125475285171103,"Lose":0,"myCurrBet":0.04,"step":0.5,"position":1,"bluff":0,"handValue":0.400000031109,"percentBets_1":0.07643312101910828,"percentBets_2":0.11320754716981132},"output":{"chips":0.5}},
{"input":{"Win":0.09125475285171103,"Lose":0,"myCurrBet":0.04,"step":0.75,"position":1,"bluff":0,"handValue":0.400000031109,"percentBets_1":0.07643312101910828,"percentBets_2":0.11320754716981132},"output":{"chips":0.5}},
{"input":{"Win":0,"Lose":0.02666666666666667,"myCurrBet":0,"step":0,"position":1,"bluff":0,"percentBets_1":0.006896551724137931,"percentBets_2":0.02127659574468085,"handValue":0.10060000000000001},"output":{"chips":1}},
{"input":{"Win":0,"Lose":0.02666666666666667,"myCurrBet":0.013333333333333334,"step":0,"position":1,"bluff":0,"handValue":0.10060000000000001,"percentBets_1":0.05517241379310345,"percentBets_2":0.0851063829787234},"output":{"chips":0.5}},
{"input":{"Win":0,"Lose":0.02666666666666667,"myCurrBet":0.02666666666666667,"step":0.5,"position":1,"bluff":0,"handValue":0.30000010020699996,"percentBets_1":0.05517241379310345,"percentBets_2":0.0851063829787234},"output":{"chips":0.5}},
{"input":{"Win":0,"Lose":0.02666666666666667,"myCurrBet":0.02666666666666667,"step":0.75,"position":1,"bluff":0,"handValue":0.30000010021199996,"percentBets_1":0.05517241379310345,"percentBets_2":0.0851063829787234},"output":{"chips":0.5}},
{"input":{"Win":0,"Lose":0.02666666666666667,"myCurrBet":0.02666666666666667,"step":0.25,"position":1,"bluff":0,"handValue":0.10210000000000001,"percentBets_1":0.05517241379310345,"percentBets_2":0.0851063829787234},"output":{"chips":0.5}},
{"input":{"Win":0.09716599190283401,"Lose":0,"myCurrBet":0.01,"step":0,"position":1,"bluff":0,"handValue":0.1,"percentBets_1":0.037267080745341616,"percentBets_2":0.06976744186046512},"output":{"chips":0.5}},
{"input":{"Win":0.09716599190283401,"Lose":0,"myCurrBet":0.02,"step":0.25,"position":1,"bluff":1,"handValue":0.1015,"percentBets_1":0.037267080745341616,"percentBets_2":0.06976744186046512},"output":{"chips":0.5}},
{"input":{"Win":0.09716599190283401,"Lose":0,"myCurrBet":0,"step":0,"position":1,"bluff":0,"percentBets_1":0.009316770186335404,"percentBets_2":0.03488372093023256,"handValue":0.1},"output":{"chips":0.5}},
{"input":{"Win":0.09716599190283401,"Lose":0,"myCurrBet":0.02,"step":0.5,"position":1,"bluff":0,"handValue":0.10160000000000001,"percentBets_1":0.037267080745341616,"percentBets_2":0.06976744186046512},"output":{"chips":0.5}},
{"input":{"Win":0.09716599190283401,"Lose":0,"myCurrBet":0.03,"step":0.75,"position":1,"bluff":0,"handValue":0.300000120605,"percentBets_1":0.07453416149068323,"percentBets_2":0.13953488372093023},"output":{"chips":0.5}},
{"input":{"Win":0.09716599190283401,"Lose":0,"myCurrBet":0.02,"step":0.75,"position":1,"bluff":1,"handValue":0.300000120605,"percentBets_1":0.037267080745341616,"percentBets_2":0.06976744186046512},"output":{"chips":1}},
{"input":{"Win":0.053811659192825115,"Lose":0,"myCurrBet":0,"step":0,"position":1,"bluff":0,"percentBets_1":0.010067114093959731,"percentBets_2":0.04054054054054054,"handValue":0.10200000000000001},"output":{"chips":0.5}},
{"input":{"Win":0.053811659192825115,"Lose":0,"myCurrBet":0.01,"step":0,"position":1,"bluff":0,"handValue":0.10200000000000001,"percentBets_1":0.040268456375838924,"percentBets_2":0.08108108108108109},"output":{"chips":0.5}},
{"input":{"Win":0.053811659192825115,"Lose":0,"myCurrBet":0.02,"step":0.5,"position":1,"bluff":0,"handValue":0.1048,"percentBets_1":0.040268456375838924,"percentBets_2":0.08108108108108109},"output":{"chips":0.5}},
{"input":{"Win":0.053811659192825115,"Lose":0,"myCurrBet":0.02,"step":0.25,"position":1,"bluff":0,"handValue":0.10400000000000001,"percentBets_1":0.040268456375838924,"percentBets_2":0.08108108108108109},"output":{"chips":0.5}},
{"input":{"Win":0.053811659192825115,"Lose":0,"myCurrBet":0.02,"step":0.75,"position":1,"bluff":1,"handValue":0.10350000000000001,"percentBets_1":0.040268456375838924,"percentBets_2":0.08108108108108109},"output":{"chips":0.5}},
{"input":{"Win":0,"Lose":0.02,"myCurrBet":0,"step":0,"position":1,"bluff":0,"percentBets_1":0.01048951048951049,"percentBets_2":0.04411764705882353,"handValue":0.1009},"output":{"chips":0.5}},
{"input":{"Win":0,"Lose":0.02,"myCurrBet":0.02,"step":0.5,"position":1,"bluff":0,"handValue":0.1043,"percentBets_1":0.04195804195804196,"percentBets_2":0.08823529411764706},"output":{"chips":0.5}},
{"input":{"Win":0,"Lose":0.02,"myCurrBet":0.01,"step":0,"position":1,"bluff":0,"handValue":0.1009,"percentBets_1":0.04195804195804196,"percentBets_2":0.08823529411764706},"output":{"chips":0.5}},
{"input":{"Win":0,"Lose":0.02,"myCurrBet":0.02,"step":0.25,"position":1,"bluff":0,"handValue":0.1034,"percentBets_1":0.04195804195804196,"percentBets_2":0.08823529411764706},"output":{"chips":0.5}},
{"input":{"Win":0,"Lose":0.02,"myCurrBet":0.02,"step":0.75,"position":1,"bluff":0,"handValue":0.1039,"percentBets_1":0.04195804195804196,"percentBets_2":0.08823529411764706},"output":{"chips":0.5}},
{"input":{"Win":0,"Lose":0.02,"myCurrBet":0.01,"step":0,"position":1,"bluff":0,"handValue":0.1017,"percentBets_1":0.043795620437956206,"percentBets_2":0.075},"output":{"chips":0.5}},
{"input":{"Win":0,"Lose":0.02,"myCurrBet":0.02,"step":0.25,"position":1,"bluff":0,"handValue":0.1042,"percentBets_1":0.043795620437956206,"percentBets_2":0.075},"output":{"chips":0.5}},
{"input":{"Win":0,"Lose":0.02,"myCurrBet":0.02,"step":0.5,"position":1,"bluff":0,"handValue":0.10310000000000001,"percentBets_1":0.043795620437956206,"percentBets_2":0.075},"output":{"chips":0.5}},
{"input":{"Win":0,"Lose":0.02,"myCurrBet":0.02,"step":0.75,"position":1,"bluff":0,"handValue":0.10350000000000001,"percentBets_1":0.043795620437956206,"percentBets_2":0.075},"output":{"chips":0.5}},
{"input":{"Win":0,"Lose":0.02,"myCurrBet":0,"step":0,"position":1,"bluff":0,"percentBets_1":0.010948905109489052,"percentBets_2":0.0375,"handValue":0.1017},"output":{"chips":0.5}},
{"input":{"Win":0,"Lose":0.04,"myCurrBet":0,"step":0,"position":1,"bluff":0,"percentBets_1":0.011450381679389313,"percentBets_2":0.03260869565217391,"handValue":0.600704},"output":{"chips":1}},
{"input":{"Win":0,"Lose":0.04,"myCurrBet":0.02,"step":0,"position":1,"bluff":0,"handValue":0.600704,"percentBets_1":0.0916030534351145,"percentBets_2":0.13043478260869565},"output":{"chips":0.5}},
{"input":{"Win":0,"Lose":0.04,"myCurrBet":0.04,"step":0.5,"position":1,"bluff":0,"handValue":0.10350000000000001,"percentBets_1":0.0916030534351145,"percentBets_2":0.13043478260869565},"output":{"chips":0.5}},
{"input":{"Win":0,"Lose":0.04,"myCurrBet":0.04,"step":0.75,"position":1,"bluff":0,"handValue":0.1046,"percentBets_1":0.0916030534351145,"percentBets_2":0.13043478260869565},"output":{"chips":0.5}},
{"input":{"Win":0,"Lose":0.04,"myCurrBet":0.04,"step":0.25,"position":1,"bluff":0,"handValue":0.1034,"percentBets_1":0.0916030534351145,"percentBets_2":0.13043478260869565},"output":{"chips":0.5}},
{"input":{"Win":0.10212765957446808,"Lose":0,"myCurrBet":0,"step":0,"position":1,"bluff":0,"percentBets_1":0.012605042016806723,"percentBets_2":0.02586206896551724,"handValue":0.1013},"output":{"chips":1}},
{"input":{"Win":0.10212765957446808,"Lose":0,"myCurrBet":0.02,"step":0,"position":1,"bluff":0,"handValue":0.1013,"percentBets_1":0.10084033613445378,"percentBets_2":0.10344827586206896},"output":{"chips":0.5}},
{"input":{"Win":0.10212765957446808,"Lose":0,"myCurrBet":0.04,"step":0.25,"position":1,"bluff":0,"handValue":0.1014,"percentBets_1":0.10084033613445378,"percentBets_2":0.10344827586206896},"output":{"chips":0.5}},
{"input":{"Win":0.10212765957446808,"Lose":0,"myCurrBet":0.04,"step":0.5,"position":1,"bluff":0,"handValue":0.1027,"percentBets_1":0.10084033613445378,"percentBets_2":0.10344827586206896},"output":{"chips":0.5}},
{"input":{"Win":0.10212765957446808,"Lose":0,"myCurrBet":0.04,"step":0.75,"position":1,"bluff":0,"handValue":0.1034,"percentBets_1":0.10084033613445378,"percentBets_2":0.10344827586206896},"output":{"chips":0.5}},
{"input":{"Win":0,"Lose":0.04,"myCurrBet":0,"step":0,"position":1,"bluff":0,"percentBets_1":0.014018691588785047,"percentBets_2":0.028846153846153848,"handValue":0.601303},"output":{"chips":1}},
{"input":{"Win":0,"Lose":0.04,"myCurrBet":0.02,"step":0,"position":1,"bluff":0,"handValue":0.601303,"percentBets_1":0.11214953271028037,"percentBets_2":0.11538461538461539},"output":{"chips":0.5}},
{"input":{"Win":0,"Lose":0.04,"myCurrBet":0.04,"step":0.5,"position":1,"bluff":0,"handValue":0.10450000000000001,"percentBets_1":0.11214953271028037,"percentBets_2":0.11538461538461539},"output":{"chips":0.5}},
{"input":{"Win":0,"Lose":0.04,"myCurrBet":0.04,"step":0.25,"position":1,"bluff":0,"handValue":0.10400000000000001,"percentBets_1":0.11214953271028037,"percentBets_2":0.11538461538461539},"output":{"chips":0.5}},
{"input":{"Win":0,"Lose":0.04,"myCurrBet":0.04,"step":0.75,"position":1,"bluff":0,"handValue":0.1052,"percentBets_1":0.11214953271028037,"percentBets_2":0.11538461538461539},"output":{"chips":0.5}},
{"input":{"Win":0,"Lose":0.06,"myCurrBet":0,"step":0,"position":1,"bluff":1,"percentBets_1":0.011450381679389313,"percentBets_2":0.03260869565217391,"handValue":0.600903},"output":{"chips":1}},
{"input":{"Win":0,"Lose":0.06,"myCurrBet":0.02,"step":0,"position":1,"bluff":0,"handValue":0.600903,"percentBets_1":0.0916030534351145,"percentBets_2":0.13043478260869565},"output":{"chips":0.5}},
{"input":{"Win":0,"Lose":0.06,"myCurrBet":0.04,"step":0.25,"position":1,"bluff":0,"handValue":0.10260000000000001,"percentBets_1":0.0916030534351145,"percentBets_2":0.13043478260869565},"output":{"chips":0.5}},
{"input":{"Win":0,"Lose":0.06,"myCurrBet":0.04,"step":0.5,"position":1,"bluff":0,"handValue":0.10310000000000001,"percentBets_1":0.0916030534351145,"percentBets_2":0.13043478260869565},"output":{"chips":0.5}},
{"input":{"Win":0,"Lose":0.06,"myCurrBet":0.05,"step":0.75,"position":1,"bluff":0,"handValue":0.1032,"percentBets_1":0.13740458015267176,"percentBets_2":0.1956521739130435},"output":{"chips":0.5}},
{"input":{"Win":0,"Lose":0.06,"myCurrBet":0.04,"step":0.75,"position":1,"bluff":1,"handValue":0.1032,"percentBets_1":0.0916030534351145,"percentBets_2":0.13043478260869565},"output":{"chips":1}},
{"input":{"Win":0,"Lose":0.04,"myCurrBet":0,"step":0,"position":1,"bluff":0,"percentBets_1":0.01327433628318584,"percentBets_2":0.0234375,"handValue":0.101},"output":{"chips":1}},
{"input":{"Win":0,"Lose":0.04,"myCurrBet":0.02,"step":0,"position":1,"bluff":0,"handValue":0.101,"percentBets_1":0.10619469026548672,"percentBets_2":0.09375},"output":{"chips":0.5}},
{"input":{"Win":0,"Lose":0.04,"myCurrBet":0.04,"step":0.25,"position":1,"bluff":0,"handValue":0.10110000000000001,"percentBets_1":0.10619469026548672,"percentBets_2":0.09375},"output":{"chips":0.5}},
{"input":{"Win":0,"Lose":0.04,"myCurrBet":0.04,"step":0.5,"position":1,"bluff":0,"handValue":0.300000090604,"percentBets_1":0.10619469026548672,"percentBets_2":0.09375},"output":{"chips":0.5}},
{"input":{"Win":0,"Lose":0.04,"myCurrBet":0.04,"step":0.75,"position":1,"bluff":1,"handValue":0.300000090604,"percentBets_1":0.10619469026548672,"percentBets_2":0.09375},"output":{"chips":0.5}},
{"input":{"Win":0.09486166007905138,"Lose":0,"myCurrBet":0,"step":0,"position":1,"bluff":0,"percentBets_1":0.01485148514851485,"percentBets_2":0.019736842105263157,"handValue":0.1},"output":{"chips":1}},
{"input":{"Win":0.09486166007905138,"Lose":0,"myCurrBet":0.02,"step":0,"position":1,"bluff":1,"handValue":0.1,"percentBets_1":0.1188118811881188,"percentBets_2":0.07894736842105263},"output":{"chips":0.5}},
{"input":{"Win":0.09486166007905138,"Lose":0,"myCurrBet":0.04,"step":0.25,"position":1,"bluff":0,"handValue":0.1013,"percentBets_1":0.1188118811881188,"percentBets_2":0.07894736842105263},"output":{"chips":0.5}},
{"input":{"Win":0.09486166007905138,"Lose":0,"myCurrBet":0.04,"step":0.5,"position":1,"bluff":0,"handValue":0.300000120108,"percentBets_1":0.1188118811881188,"percentBets_2":0.07894736842105263},"output":{"chips":0.5}},
{"input":{"Win":0.09486166007905138,"Lose":0,"myCurrBet":0.04,"step":0.75,"position":1,"bluff":0,"handValue":0.30000012011099997,"percentBets_1":0.1188118811881188,"percentBets_2":0.07894736842105263},"output":{"chips":0.5}},
{"input":{"Win":0.10480349344978165,"Lose":0,"myCurrBet":0,"step":0,"position":1,"bluff":0,"percentBets_1":0.016853932584269662,"percentBets_2":0.02142857142857143,"handValue":0.10120000000000001},"output":{"chips":1}},
{"input":{"Win":0.10480349344978165,"Lose":0,"myCurrBet":0.02,"step":0,"position":1,"bluff":0,"handValue":0.10120000000000001,"percentBets_1":0.1348314606741573,"percentBets_2":0.08571428571428572},"output":{"chips":0.5}},
{"input":{"Win":0.10480349344978165,"Lose":0,"myCurrBet":0.04,"step":0.5,"position":1,"bluff":0,"handValue":0.30000011010899996,"percentBets_1":0.1348314606741573,"percentBets_2":0.08571428571428572},"output":{"chips":0.5}},
{"input":{"Win":0.10480349344978165,"Lose":0,"myCurrBet":0.04,"step":0.25,"position":1,"bluff":0,"handValue":0.30000011010899996,"percentBets_1":0.1348314606741573,"percentBets_2":0.08571428571428572},"output":{"chips":0.5}},
{"input":{"Win":0.10480349344978165,"Lose":0,"myCurrBet":0.04,"step":0.75,"position":1,"bluff":0,"handValue":0.300000110113,"percentBets_1":0.1348314606741573,"percentBets_2":0.08571428571428572},"output":{"chips":0.5}},
{"input":{"Win":0,"Lose":0.04,"myCurrBet":0,"step":0,"position":1,"bluff":1,"percentBets_1":0.01948051948051948,"percentBets_2":0.0234375,"handValue":0.10160000000000001},"output":{"chips":0.5}},
{"input":{"Win":0,"Lose":0.04,"myCurrBet":0.01,"step":0,"position":1,"bluff":0,"handValue":0.10160000000000001,"percentBets_1":0.07792207792207792,"percentBets_2":0.046875},"output":{"chips":0.5}},
{"input":{"Win":0,"Lose":0.04,"myCurrBet":0.03,"step":0.25,"position":1,"bluff":0,"handValue":0.10360000000000001,"percentBets_1":0.15584415584415584,"percentBets_2":0.09375},"output":{"chips":0.5}},
{"input":{"Win":0,"Lose":0.04,"myCurrBet":0.02,"step":0.25,"position":1,"bluff":1,"handValue":0.10360000000000001,"percentBets_1":0.07792207792207792,"percentBets_2":0.046875},"output":{"chips":1}},
{"input":{"Win":0,"Lose":0.04,"myCurrBet":0.04,"step":0.75,"position":1,"bluff":0,"handValue":0.300000070311,"percentBets_1":0.15584415584415584,"percentBets_2":0.09375},"output":{"chips":0.5}},
{"input":{"Win":0,"Lose":0.04,"myCurrBet":0.04,"step":0.5,"position":1,"bluff":0,"handValue":0.1033,"percentBets_1":0.15584415584415584,"percentBets_2":0.09375},"output":{"chips":0.5}},
{"input":{"Win":0,"Lose":0,"myCurrBet":0,"step":0,"position":1,"bluff":1,"percentBets_1":0.023076923076923078,"percentBets_2":0.019736842105263157,"handValue":0.10160000000000001},"output":{"chips":0.5}},
{"input":{"Win":0,"Lose":0,"myCurrBet":0.01,"step":0,"position":1,"bluff":0,"handValue":0.10160000000000001,"percentBets_1":0.09230769230769231,"percentBets_2":0.039473684210526314},"output":{"chips":1}},
{"input":{"Win":0,"Lose":0,"myCurrBet":0.03,"step":0,"position":1,"bluff":0,"handValue":0.10160000000000001,"percentBets_1":0.27692307692307694,"percentBets_2":0.11842105263157894},"output":{"chips":0}},
{"input":{"Win":0,"Lose":0.07,"myCurrBet":0,"step":0,"position":1,"bluff":0,"percentBets_1":0.016304347826086956,"percentBets_2":0.022388059701492536,"handValue":0.1},"output":{"chips":1}},
{"input":{"Win":0,"Lose":0.07,"myCurrBet":0.04,"step":0.25,"position":1,"bluff":1,"handValue":0.1017,"percentBets_1":0.13043478260869565,"percentBets_2":0.08955223880597014},"output":{"chips":0.5}},
{"input":{"Win":0,"Lose":0.07,"myCurrBet":0.02,"step":0,"position":1,"bluff":0,"handValue":0.1,"percentBets_1":0.13043478260869565,"percentBets_2":0.08955223880597014},"output":{"chips":0.5}},
{"input":{"Win":0,"Lose":0.07,"myCurrBet":0.04,"step":0.5,"position":1,"bluff":0,"handValue":0.300000100206,"percentBets_1":0.13043478260869565,"percentBets_2":0.08955223880597014},"output":{"chips":0.5}},
{"input":{"Win":0,"Lose":0.07,"myCurrBet":0.04,"step":0.75,"position":1,"bluff":0,"handValue":0.300000100209,"percentBets_1":0.13043478260869565,"percentBets_2":0.08955223880597014},"output":{"chips":0.5}},
{"input":{"Win":0,"Lose":0.04,"myCurrBet":0,"step":0,"position":1,"bluff":0,"percentBets_1":0.01293103448275862,"percentBets_2":0.02459016393442623,"handValue":0.10120000000000001},"output":{"chips":1}},
{"input":{"Win":0,"Lose":0.04,"myCurrBet":0.04,"step":0.25,"position":1,"bluff":0,"handValue":0.1019,"percentBets_1":0.10344827586206896,"percentBets_2":0.09836065573770492},"output":{"chips":0.5}},
{"input":{"Win":0,"Lose":0.04,"myCurrBet":0.04,"step":0.75,"position":1,"bluff":0,"handValue":0.30000005031099997,"percentBets_1":0.10344827586206896,"percentBets_2":0.09836065573770492},"output":{"chips":0.5}},
{"input":{"Win":0,"Lose":0.04,"myCurrBet":0.02,"step":0,"position":1,"bluff":0,"handValue":0.10120000000000001,"percentBets_1":0.10344827586206896,"percentBets_2":0.09836065573770492},"output":{"chips":0.5}},
{"input":{"Win":0,"Lose":0.04,"myCurrBet":0.04,"step":0.5,"position":1,"bluff":0,"handValue":0.1024,"percentBets_1":0.10344827586206896,"percentBets_2":0.09836065573770492},"output":{"chips":0.5}},
{"input":{"Win":0,"Lose":0.06,"myCurrBet":0,"step":0,"position":1,"bluff":0,"percentBets_1":0.014423076923076924,"percentBets_2":0.02054794520547945,"handValue":0.500000000003},"output":{"chips":1}},
{"input":{"Win":0,"Lose":0.06,"myCurrBet":0.02,"step":0,"position":1,"bluff":1,"handValue":0.500000000003,"percentBets_1":0.11538461538461539,"percentBets_2":0.0821917808219178},"output":{"chips":0.5}},
{"input":{"Win":0,"Lose":0.06,"myCurrBet":0.05,"step":0.25,"position":1,"bluff":0,"handValue":0.101,"percentBets_1":0.17307692307692307,"percentBets_2":0.1232876712328767},"output":{"chips":0.5}},
{"input":{"Win":0,"Lose":0.06,"myCurrBet":0.04,"step":0.25,"position":1,"bluff":1,"handValue":0.101,"percentBets_1":0.11538461538461539,"percentBets_2":0.0821917808219178},"output":{"chips":1}},
{"input":{"Win":0,"Lose":0.06,"myCurrBet":0.06,"step":0.5,"position":1,"bluff":0,"handValue":0.1015,"percentBets_1":0.17307692307692307,"percentBets_2":0.1232876712328767},"output":{"chips":0.5}},
{"input":{"Win":0,"Lose":0.06,"myCurrBet":0.06,"step":0.75,"position":1,"bluff":0,"handValue":0.1024,"percentBets_1":0.17307692307692307,"percentBets_2":0.1232876712328767},"output":{"chips":0.5}},
{"input":{"Win":0.13432835820895522,"Lose":0,"myCurrBet":0.05,"step":0.25,"position":1,"bluff":0,"handValue":0.1028,"percentBets_1":0.12857142857142856,"percentBets_2":0.140625},"output":{"chips":0.5}},
{"input":{"Win":0.13432835820895522,"Lose":0,"myCurrBet":0,"step":0,"position":1,"bluff":0,"percentBets_1":0.010714285714285714,"percentBets_2":0.0234375,"handValue":0.1},"output":{"chips":1}},
{"input":{"Win":0.13432835820895522,"Lose":0,"myCurrBet":0.04,"step":0.25,"position":1,"bluff":1,"handValue":0.1028,"percentBets_1":0.08571428571428572,"percentBets_2":0.09375},"output":{"chips":1}},
{"input":{"Win":0.13432835820895522,"Lose":0,"myCurrBet":0.06,"step":0.75,"position":1,"bluff":0,"handValue":0.700000000711,"percentBets_1":0.12857142857142856,"percentBets_2":0.140625},"output":{"chips":0}},
{"input":{"Win":0.13432835820895522,"Lose":0,"myCurrBet":0.06,"step":0.5,"position":1,"bluff":0,"handValue":0.40000007110900004,"percentBets_1":0.12857142857142856,"percentBets_2":0.140625},"output":{"chips":0.5}},
{"input":{"Win":0.13432835820895522,"Lose":0,"myCurrBet":0.02,"step":0,"position":1,"bluff":0,"handValue":0.1,"percentBets_1":0.08571428571428572,"percentBets_2":0.09375},"output":{"chips":0.5}},
{"input":{"Win":0,"Lose":0.02,"myCurrBet":0,"step":0,"position":1,"bluff":0,"percentBets_1":0.012295081967213115,"percentBets_2":0.02727272727272727,"handValue":0.1},"output":{"chips":0.5}},
{"input":{"Win":0,"Lose":0.02,"myCurrBet":0.01,"step":0,"position":1,"bluff":0,"handValue":0.1,"percentBets_1":0.04918032786885246,"percentBets_2":0.05454545454545454},"output":{"chips":0.5}},
{"input":{"Win":0,"Lose":0.02,"myCurrBet":0.02,"step":0.5,"position":1,"bluff":0,"handValue":0.10260000000000001,"percentBets_1":0.04918032786885246,"percentBets_2":0.05454545454545454},"output":{"chips":0.5}},
{"input":{"Win":0,"Lose":0.02,"myCurrBet":0.02,"step":0.25,"position":1,"bluff":1,"handValue":0.10160000000000001,"percentBets_1":0.04918032786885246,"percentBets_2":0.05454545454545454},"output":{"chips":0.5}},
{"input":{"Win":0,"Lose":0.02,"myCurrBet":0.02,"step":0.75,"position":1,"bluff":0,"handValue":0.30000012050999997,"percentBets_1":0.04918032786885246,"percentBets_2":0.05454545454545454},"output":{"chips":0.5}},
{"input":{"Win":0,"Lose":0.04,"myCurrBet":0,"step":0,"position":1,"bluff":0,"percentBets_1":0.01293103448275862,"percentBets_2":0.02459016393442623,"handValue":0.10120000000000001},"output":{"chips":1}},
{"input":{"Win":0,"Lose":0.04,"myCurrBet":0.04,"step":0.25,"position":1,"bluff":0,"handValue":0.10250000000000001,"percentBets_1":0.10344827586206896,"percentBets_2":0.09836065573770492},"output":{"chips":0.5}},
{"input":{"Win":0,"Lose":0.04,"myCurrBet":0.02,"step":0,"position":1,"bluff":0,"handValue":0.10120000000000001,"percentBets_1":0.10344827586206896,"percentBets_2":0.09836065573770492},"output":{"chips":0.5}},
{"input":{"Win":0,"Lose":0.04,"myCurrBet":0.04,"step":0.5,"position":1,"bluff":0,"handValue":0.10310000000000001,"percentBets_1":0.10344827586206896,"percentBets_2":0.09836065573770492},"output":{"chips":0.5}},
{"input":{"Win":0,"Lose":0.04,"myCurrBet":0.04,"step":0.75,"position":1,"bluff":0,"handValue":0.1043,"percentBets_1":0.10344827586206896,"percentBets_2":0.09836065573770492},"output":{"chips":0.5}},
{"input":{"Win":0,"Lose":0.02,"myCurrBet":0,"step":0,"position":1,"bluff":0,"percentBets_1":0.010714285714285714,"percentBets_2":0.02727272727272727,"handValue":0.1018},"output":{"chips":0.5}},
{"input":{"Win":0,"Lose":0.02,"myCurrBet":0.01,"step":0,"position":1,"bluff":0,"handValue":0.1018,"percentBets_1":0.04285714285714286,"percentBets_2":0.05454545454545454},"output":{"chips":0.5}},
{"input":{"Win":0,"Lose":0.02,"myCurrBet":0.02,"step":0.25,"position":1,"bluff":0,"handValue":0.1018,"percentBets_1":0.04285714285714286,"percentBets_2":0.05454545454545454},"output":{"chips":0.5}},
{"input":{"Win":0,"Lose":0.02,"myCurrBet":0.02,"step":0.5,"position":1,"bluff":0,"handValue":0.1027,"percentBets_1":0.04285714285714286,"percentBets_2":0.05454545454545454},"output":{"chips":0.5}},
{"input":{"Win":0,"Lose":0.02,"myCurrBet":0.02,"step":0.75,"position":1,"bluff":0,"handValue":0.10350000000000001,"percentBets_1":0.04285714285714286,"percentBets_2":0.05454545454545454},"output":{"chips":0.5}},
{"input":{"Win":0,"Lose":0.02666666666666667,"myCurrBet":0,"step":0,"position":1,"bluff":0,"percentBets_1":0.014925373134328358,"percentBets_2":0.03278688524590164,"handValue":0.1005},"output":{"chips":0.5}},
{"input":{"Win":0,"Lose":0.02666666666666667,"myCurrBet":0.02666666666666667,"step":0.5,"position":1,"bluff":0,"handValue":0.1022,"percentBets_1":0.05970149253731343,"percentBets_2":0.06557377049180328},"output":{"chips":0.5}},
{"input":{"Win":0,"Lose":0.02666666666666667,"myCurrBet":0.02666666666666667,"step":0.25,"position":1,"bluff":0,"handValue":0.10110000000000001,"percentBets_1":0.05970149253731343,"percentBets_2":0.06557377049180328},"output":{"chips":0.5}},
{"input":{"Win":0,"Lose":0.02666666666666667,"myCurrBet":0.013333333333333334,"step":0,"position":1,"bluff":0,"handValue":0.1005,"percentBets_1":0.05970149253731343,"percentBets_2":0.06557377049180328},"output":{"chips":0.5}},
{"input":{"Win":0,"Lose":0.02666666666666667,"myCurrBet":0.02666666666666667,"step":0.75,"position":1,"bluff":0,"handValue":0.300000070211,"percentBets_1":0.05970149253731343,"percentBets_2":0.06557377049180328},"output":{"chips":0.5}},
{"input":{"Win":0,"Lose":0,"myCurrBet":0,"step":0,"position":1,"bluff":0,"percentBets_1":0.013333333333333334,"percentBets_2":0.03508771929824561,"handValue":0.1},"output":{"chips":0.5}},
{"input":{"Win":0,"Lose":0,"myCurrBet":0.02666666666666667,"step":0.75,"position":1,"bluff":1,"handValue":0.70000000031,"percentBets_1":0.05333333333333334,"percentBets_2":0.07017543859649122},"output":{"chips":1}},
{"input":{"Win":0,"Lose":0,"myCurrBet":0.04,"step":0.75,"position":1,"bluff":0,"handValue":0.70000000031,"percentBets_1":0.10666666666666667,"percentBets_2":0.14035087719298245},"output":{"chips":0}},
{"input":{"Win":0,"Lose":0,"myCurrBet":0.013333333333333334,"step":0,"position":1,"bluff":1,"handValue":0.1,"percentBets_1":0.05333333333333334,"percentBets_2":0.07017543859649122},"output":{"chips":0.5}},
{"input":{"Win":0,"Lose":0,"myCurrBet":0.02666666666666667,"step":0.25,"position":1,"bluff":0,"handValue":0.1014,"percentBets_1":0.05333333333333334,"percentBets_2":0.07017543859649122},"output":{"chips":0.5}},
{"input":{"Win":0,"Lose":0,"myCurrBet":0.02666666666666667,"step":0.5,"position":1,"bluff":0,"handValue":0.300000100309,"percentBets_1":0.05333333333333334,"percentBets_2":0.07017543859649122},"output":{"chips":0.5}},
{"input":{"Win":0.07575757575757576,"Lose":0,"myCurrBet":0.05333333333333334,"step":0.25,"position":1,"bluff":0,"handValue":0.1029,"percentBets_1":0.0898876404494382,"percentBets_2":0.16326530612244897},"output":{"chips":0.5}},
{"input":{"Win":0.07575757575757576,"Lose":0,"myCurrBet":0.05333333333333334,"step":0.5,"position":1,"bluff":1,"handValue":0.10310000000000001,"percentBets_1":0.0898876404494382,"percentBets_2":0.16326530612244897},"output":{"chips":0.5}},
{"input":{"Win":0.07575757575757576,"Lose":0,"myCurrBet":0.02666666666666667,"step":0,"position":1,"bluff":0,"handValue":0.6005039999999999,"percentBets_1":0.0898876404494382,"percentBets_2":0.16326530612244897},"output":{"chips":0.5}},
{"input":{"Win":0.07575757575757576,"Lose":0,"myCurrBet":0.05333333333333334,"step":0.75,"position":1,"bluff":0,"handValue":0.1038,"percentBets_1":0.0898876404494382,"percentBets_2":0.16326530612244897},"output":{"chips":0.5}},
{"input":{"Win":0.07575757575757576,"Lose":0,"myCurrBet":0,"step":0,"position":1,"bluff":0,"percentBets_1":0.011235955056179775,"percentBets_2":0.04081632653061224,"handValue":0.6005039999999999},"output":{"chips":1}},
{"input":{"Win":0,"Lose":0.02666666666666667,"myCurrBet":0,"step":0,"position":1,"bluff":0,"percentBets_1":0.012345679012345678,"percentBets_2":0.04878048780487805,"handValue":0.1},"output":{"chips":0.5}},
{"input":{"Win":0,"Lose":0.02666666666666667,"myCurrBet":0.013333333333333334,"step":0,"position":1,"bluff":0,"handValue":0.1,"percentBets_1":0.04938271604938271,"percentBets_2":0.0975609756097561},"output":{"chips":0.5}},
{"input":{"Win":0,"Lose":0.02666666666666667,"myCurrBet":0.02666666666666667,"step":0.25,"position":1,"bluff":0,"handValue":0.1019,"percentBets_1":0.04938271604938271,"percentBets_2":0.0975609756097561},"output":{"chips":0.5}},
{"input":{"Win":0,"Lose":0.02666666666666667,"myCurrBet":0.02666666666666667,"step":0.5,"position":1,"bluff":0,"handValue":0.1028,"percentBets_1":0.04938271604938271,"percentBets_2":0.0975609756097561},"output":{"chips":0.5}},
{"input":{"Win":0,"Lose":0.02666666666666667,"myCurrBet":0.02666666666666667,"step":0.75,"position":1,"bluff":0,"handValue":0.30000003011,"percentBets_1":0.04938271604938271,"percentBets_2":0.0975609756097561},"output":{"chips":0.5}},
{"input":{"Win":0,"Lose":0.05333333333333334,"myCurrBet":0,"step":0,"position":1,"bluff":1,"percentBets_1":0.011235955056179775,"percentBets_2":0.05405405405405406,"handValue":0.1009},"output":{"chips":1}},
{"input":{"Win":0,"Lose":0.05333333333333334,"myCurrBet":0.02666666666666667,"step":0,"position":1,"bluff":0,"handValue":0.1009,"percentBets_1":0.0898876404494382,"percentBets_2":0.21621621621621623},"output":{"chips":0.5}},
{"input":{"Win":0,"Lose":0.05333333333333334,"myCurrBet":0.05333333333333334,"step":0.25,"position":1,"bluff":0,"handValue":0.1033,"percentBets_1":0.0898876404494382,"percentBets_2":0.21621621621621623},"output":{"chips":0.5}},
{"input":{"Win":0,"Lose":0.05333333333333334,"myCurrBet":0.05333333333333334,"step":0.5,"position":1,"bluff":0,"handValue":0.1023,"percentBets_1":0.0898876404494382,"percentBets_2":0.21621621621621623},"output":{"chips":0.5}},
{"input":{"Win":0,"Lose":0.05333333333333334,"myCurrBet":0.05333333333333334,"step":0.75,"position":1,"bluff":0,"handValue":0.10260000000000001,"percentBets_1":0.0898876404494382,"percentBets_2":0.21621621621621623},"output":{"chips":0.5}},
{"input":{"Win":0.05970149253731343,"Lose":0,"myCurrBet":0.02666666666666667,"step":0.25,"position":1,"bluff":0,"handValue":0.1032,"percentBets_1":0.0380952380952381,"percentBets_2":0.13793103448275862},"output":{"chips":0.5}},
{"input":{"Win":0.05970149253731343,"Lose":0,"myCurrBet":0.02666666666666667,"step":0.5,"position":1,"bluff":0,"handValue":0.1034,"percentBets_1":0.0380952380952381,"percentBets_2":0.13793103448275862},"output":{"chips":0.5}},
{"input":{"Win":0.05970149253731343,"Lose":0,"myCurrBet":0.02666666666666667,"step":0.75,"position":1,"bluff":0,"handValue":0.1029,"percentBets_1":0.0380952380952381,"percentBets_2":0.13793103448275862},"output":{"chips":0.5}},
{"input":{"Win":0.05970149253731343,"Lose":0,"myCurrBet":0,"step":0,"position":1,"bluff":0,"percentBets_1":0.009523809523809525,"percentBets_2":0.06896551724137931,"handValue":0.1009},"output":{"chips":0.5}},
{"input":{"Win":0.05970149253731343,"Lose":0,"myCurrBet":0.013333333333333334,"step":0,"position":1,"bluff":0,"handValue":0.1009,"percentBets_1":0.0380952380952381,"percentBets_2":0.13793103448275862},"output":{"chips":0.5}},
{"input":{"Win":0.06349206349206349,"Lose":0,"myCurrBet":0,"step":0,"position":1,"bluff":0,"percentBets_1":0.009900990099009901,"percentBets_2":0.08,"handValue":0.10070000000000001},"output":{"chips":0.5}},
{"input":{"Win":0.06349206349206349,"Lose":0,"myCurrBet":0.02666666666666667,"step":0.25,"position":1,"bluff":0,"handValue":0.300000060403,"percentBets_1":0.039603960396039604,"percentBets_2":0.16},"output":{"chips":0.5}},
{"input":{"Win":0.06349206349206349,"Lose":0,"myCurrBet":0.02666666666666667,"step":0.5,"position":1,"bluff":1,"handValue":0.300000060412,"percentBets_1":0.039603960396039604,"percentBets_2":0.16},"output":{"chips":0.5}},
{"input":{"Win":0.06349206349206349,"Lose":0,"myCurrBet":0.02666666666666667,"step":0.75,"position":1,"bluff":0,"handValue":0.300000060412,"percentBets_1":0.039603960396039604,"percentBets_2":0.16},"output":{"chips":0.5}},
{"input":{"Win":0.06349206349206349,"Lose":0,"myCurrBet":0.013333333333333334,"step":0,"position":1,"bluff":0,"handValue":0.10070000000000001,"percentBets_1":0.039603960396039604,"percentBets_2":0.16},"output":{"chips":0.5}},
{"input":{"Win":0.06779661016949153,"Lose":0,"myCurrBet":0,"step":0,"position":1,"bluff":0,"percentBets_1":0.010309278350515464,"percentBets_2":0.09523809523809523,"handValue":0.1015},"output":{"chips":0.5}},
{"input":{"Win":0.06779661016949153,"Lose":0,"myCurrBet":0.02666666666666667,"step":0.5,"position":1,"bluff":0,"handValue":0.300000110406,"percentBets_1":0.041237113402061855,"percentBets_2":0.19047619047619047},"output":{"chips":0.5}},
{"input":{"Win":0.06779661016949153,"Lose":0,"myCurrBet":0.02666666666666667,"step":0.25,"position":1,"bluff":0,"handValue":0.300000110406,"percentBets_1":0.041237113402061855,"percentBets_2":0.19047619047619047},"output":{"chips":0.5}},
{"input":{"Win":0.06779661016949153,"Lose":0,"myCurrBet":0.02666666666666667,"step":0.75,"position":1,"bluff":0,"handValue":0.300000110409,"percentBets_1":0.041237113402061855,"percentBets_2":0.19047619047619047},"output":{"chips":0.5}},
{"input":{"Win":0.06779661016949153,"Lose":0,"myCurrBet":0.013333333333333334,"step":0,"position":1,"bluff":0,"handValue":0.1015,"percentBets_1":0.041237113402061855,"percentBets_2":0.19047619047619047},"output":{"chips":0.5}},
{"input":{"Win":0.07272727272727272,"Lose":0,"myCurrBet":0,"step":0,"position":1,"bluff":0,"percentBets_1":0.010752688172043012,"percentBets_2":0.11764705882352941,"handValue":0.1005},"output":{"chips":0.5}},
{"input":{"Win":0.07272727272727272,"Lose":0,"myCurrBet":0.013333333333333334,"step":0,"position":1,"bluff":0,"handValue":0.1005,"percentBets_1":0.043010752688172046,"percentBets_2":0.23529411764705882},"output":{"chips":0.5}},
{"input":{"Win":0.07272727272727272,"Lose":0,"myCurrBet":0.02666666666666667,"step":0.5,"position":1,"bluff":0,"handValue":0.10200000000000001,"percentBets_1":0.043010752688172046,"percentBets_2":0.23529411764705882},"output":{"chips":0.5}},
{"input":{"Win":0.07272727272727272,"Lose":0,"myCurrBet":0.02666666666666667,"step":0.25,"position":1,"bluff":0,"handValue":0.1017,"percentBets_1":0.043010752688172046,"percentBets_2":0.23529411764705882},"output":{"chips":0.5}},
{"input":{"Win":0.07272727272727272,"Lose":0,"myCurrBet":0.02666666666666667,"step":0.75,"position":1,"bluff":0,"handValue":0.30000011040499996,"percentBets_1":0.043010752688172046,"percentBets_2":0.23529411764705882},"output":{"chips":0.5}},
{"input":{"Win":0,"Lose":0.05333333333333334,"myCurrBet":0,"step":0,"position":1,"bluff":0,"percentBets_1":0.011235955056179775,"percentBets_2":0.15384615384615385,"handValue":0.10110000000000001},"output":{"chips":0.5}},
{"input":{"Win":0,"Lose":0.05333333333333334,"myCurrBet":0.013333333333333334,"step":0,"position":1,"bluff":0,"handValue":0.10110000000000001,"percentBets_1":0.0449438202247191,"percentBets_2":0.3076923076923077},"output":{"chips":0.5}},
{"input":{"Win":0,"Lose":0.05333333333333334,"myCurrBet":0.02666666666666667,"step":0.5,"position":1,"bluff":1,"handValue":0.1034,"percentBets_1":0.0449438202247191,"percentBets_2":0.3076923076923077},"output":{"chips":1}},
{"input":{"Win":0,"Lose":0.05333333333333334,"myCurrBet":0.02666666666666667,"step":0.25,"position":1,"bluff":1,"handValue":0.1037,"percentBets_1":0.0449438202247191,"percentBets_2":0.3076923076923077},"output":{"chips":0.5}},
{"input":{"Win":0,"Lose":0.05333333333333334,"myCurrBet":0.04,"step":0.5,"position":1,"bluff":0,"handValue":0.1034,"percentBets_1":0.0898876404494382,"percentBets_2":0.6153846153846154},"output":{"chips":0.5}},
{"input":{"Win":0,"Lose":0.05333333333333334,"myCurrBet":0.05333333333333334,"step":0.75,"position":1,"bluff":0,"handValue":0.10360000000000001,"percentBets_1":0.0898876404494382,"percentBets_2":0.6153846153846154},"output":{"chips":0.5}},
{"input":{"Win":0.08181818181818182,"Lose":0,"myCurrBet":0,"step":0,"position":1,"bluff":0,"percentBets_1":0.009523809523809525,"percentBets_2":0.4,"handValue":0.10250000000000001},"output":{"chips":0.5}},
{"input":{"Win":0.08181818181818182,"Lose":0,"myCurrBet":0.013333333333333334,"step":0,"position":1,"bluff":0,"handValue":0.10250000000000001,"percentBets_1":0.0380952380952381,"percentBets_2":0.8},"output":{"chips":0.5}},
{"input":{"Win":0.08181818181818182,"Lose":0,"myCurrBet":0.02666666666666667,"step":0.75,"position":1,"bluff":0,"handValue":0.1038,"percentBets_1":0.0380952380952381,"percentBets_2":0.8},"output":{"chips":0.5}},
{"input":{"Win":0.08181818181818182,"Lose":0,"myCurrBet":0.02666666666666667,"step":0.25,"position":1,"bluff":0,"handValue":0.10210000000000001,"percentBets_1":0.0380952380952381,"percentBets_2":0.8},"output":{"chips":0.5}},
{"input":{"Win":0.08181818181818182,"Lose":0,"myCurrBet":0.02666666666666667,"step":0.5,"position":1,"bluff":0,"handValue":0.1032,"percentBets_1":0.0380952380952381,"percentBets_2":0.8},"output":{"chips":0.5}},
{"input":{"Win":0,"Lose":0.08,"myCurrBet":0.08,"step":0.25,"position":1,"bluff":0,"handValue":0.1034,"percentBets_1":0.1188118811881188},"output":{"chips":0.5}},
{"input":{"Win":0,"Lose":0.08,"myCurrBet":0.013333333333333334,"step":0,"position":1,"bluff":0,"percentBets_1":0.039603960396039604,"handValue":0.1015},"output":{"chips":1}},
{"input":{"Win":0,"Lose":0.08,"myCurrBet":0.04,"step":0,"position":1,"bluff":0,"handValue":0.1015,"percentBets_1":0.1188118811881188},"output":{"chips":0.5}},
{"input":{"Win":0,"Lose":0.08,"myCurrBet":0.08,"step":0.5,"position":1,"bluff":0,"handValue":0.1039,"percentBets_1":0.1188118811881188},"output":{"chips":0.5}},
{"input":{"Win":0,"Lose":0.08,"myCurrBet":0.08,"step":0.75,"position":1,"bluff":0,"handValue":0.1043,"percentBets_1":0.1188118811881188},"output":{"chips":0.5}},
{"input":{"Win":0.10619469026548672,"Lose":0,"myCurrBet":0.013333333333333334,"step":0,"position":1,"bluff":1,"percentBets_1":0.035398230088495575,"handValue":0.1015},"output":{"chips":1}},
{"input":{"Win":0.10619469026548672,"Lose":0,"myCurrBet":0.04,"step":0,"position":1,"bluff":1,"handValue":0.1015,"percentBets_1":0.10619469026548672},"output":{"chips":0.5}},
{"input":{"Win":0.10619469026548672,"Lose":0,"myCurrBet":0.08,"step":0.5,"position":1,"bluff":0,"handValue":0.1034,"percentBets_1":0.10619469026548672},"output":{"chips":0.5}},
{"input":{"Win":0.10619469026548672,"Lose":0,"myCurrBet":0.08,"step":0.75,"position":1,"bluff":0,"handValue":0.10360000000000001,"percentBets_1":0.10619469026548672},"output":{"chips":0.5}},
{"input":{"Win":0.10619469026548672,"Lose":0,"myCurrBet":0.08,"step":0.25,"position":1,"bluff":0,"handValue":0.1024,"percentBets_1":0.10619469026548672},"output":{"chips":0.5}},
{"input":{"Win":0,"Lose":0.08,"myCurrBet":0.04,"step":0,"position":1,"bluff":0,"handValue":0.500000000003,"percentBets_1":0.1188118811881188},"output":{"chips":0.5}},
{"input":{"Win":0,"Lose":0.08,"myCurrBet":0.013333333333333334,"step":0,"position":1,"bluff":0,"percentBets_1":0.039603960396039604,"handValue":0.500000000003},"output":{"chips":1}},
{"input":{"Win":0,"Lose":0.08,"myCurrBet":0.08,"step":0.25,"position":1,"bluff":1,"handValue":0.10160000000000001,"percentBets_1":0.1188118811881188},"output":{"chips":0.5}},
{"input":{"Win":0,"Lose":0.08,"myCurrBet":0.08,"step":0.5,"position":1,"bluff":0,"handValue":0.1024,"percentBets_1":0.1188118811881188},"output":{"chips":0.5}},
{"input":{"Win":0,"Lose":0.08,"myCurrBet":0.08,"step":0.75,"position":1,"bluff":0,"handValue":0.1034,"percentBets_1":0.1188118811881188},"output":{"chips":0.5}},
{"input":{"Win":0,"Lose":0.05333333333333334,"myCurrBet":0.013333333333333334,"step":0,"position":1,"bluff":1,"percentBets_1":0.035398230088495575,"handValue":0.601009},"output":{"chips":0.5}},
{"input":{"Win":0,"Lose":0.05333333333333334,"myCurrBet":0.02666666666666667,"step":0.25,"position":1,"bluff":0,"handValue":0.1033,"percentBets_1":0.035398230088495575},"output":{"chips":0.5}},
{"input":{"Win":0,"Lose":0.05333333333333334,"myCurrBet":0.04,"step":0.5,"position":1,"bluff":0,"handValue":0.10260000000000001,"percentBets_1":0.07079646017699115},"output":{"chips":0.5}},
{"input":{"Win":0,"Lose":0.05333333333333334,"myCurrBet":0.02666666666666667,"step":0.5,"position":1,"bluff":1,"handValue":0.10260000000000001,"percentBets_1":0.035398230088495575},"output":{"chips":1}},
{"input":{"Win":0,"Lose":0.05333333333333334,"myCurrBet":0.05333333333333334,"step":0.75,"position":1,"bluff":0,"handValue":0.1028,"percentBets_1":0.07079646017699115},"output":{"chips":0.5}},
{"input":{"Win":0,"Lose":0.08,"myCurrBet":0.013333333333333334,"step":0,"position":1,"bluff":0,"percentBets_1":0.03305785123966942,"handValue":0.10210000000000001},"output":{"chips":1}},
{"input":{"Win":0,"Lose":0.08,"myCurrBet":0.08,"step":0.5,"position":1,"bluff":0,"handValue":0.10310000000000001,"percentBets_1":0.09917355371900827},"output":{"chips":0.5}},
{"input":{"Win":0,"Lose":0.08,"myCurrBet":0.08,"step":0.75,"position":1,"bluff":1,"handValue":0.10400000000000001,"percentBets_1":0.09917355371900827},"output":{"chips":0.5}},
{"input":{"Win":0,"Lose":0.08,"myCurrBet":0.04,"step":0,"position":1,"bluff":0,"handValue":0.10210000000000001,"percentBets_1":0.09917355371900827},"output":{"chips":0.5}},
{"input":{"Win":0,"Lose":0.08,"myCurrBet":0.08,"step":0.25,"position":1,"bluff":0,"handValue":0.10410000000000001,"percentBets_1":0.09917355371900827},"output":{"chips":0.5}},
