{"input":{"Win":0,"Lose":0,"myCurrBet":0.056666666666666664,"step":0,"position":0.25,"bluff":0,"handValue":0.1014,"percentBets_2":0.26666666666666666,"percentBets_3":0.26666666666666666,"percentBets_4":0.5333333333333333},"output":{"chips":0}},
{"input":{"Win":0,"Lose":0,"myCurrBet":0.013333333333333334,"step":0,"position":0.25,"bluff":1,"handValue":0.1014,"percentBets_2":0.09333333333333334,"percentBets_3":0.09333333333333334,"percentBets_4":0.18666666666666668},"output":{"chips":1}},
{"input":{"Win":0,"Lose":0,"myCurrBet":0.0016666666666666668,"step":0,"position":0.25,"bluff":0,"percentBets_2":0.013333333333333334,"handValue":0.1014,"percentBets_3":0.013333333333333334,"percentBets_4":0.02666666666666667},"output":{"chips":1}},
{"input":{"Win":0,"Lose":0.056666666666666664,"myCurrBet":0.0016666666666666668,"step":0,"position":0.25,"bluff":0,"percentBets_2":0.005813953488372093,"handValue":0.1017,"percentBets_3":0.02857142857142857,"percentBets_4":0.05714285714285714},"output":{"chips":1}},
{"input":{"Win":0,"Lose":0.056666666666666664,"myCurrBet":0.03666666666666667,"step":0,"position":0.25,"bluff":0,"handValue":0.1017,"percentBets_2":0.08139534883720931,"percentBets_3":0.4,"percentBets_4":0.8},"output":{"chips":0}},
{"input":{"Win":0,"Lose":0.056666666666666664,"myCurrBet":0.01,"step":0,"position":0.25,"bluff":0,"handValue":0.1017,"percentBets_2":0.023255813953488372,"percentBets_3":0.11428571428571428,"percentBets_4":0.22857142857142856},"output":{"chips":1}},
{"input":{"Win":0,"Lose":0.03666666666666667,"myCurrBet":0.0016666666666666668,"step":0,"position":0.25,"bluff":0,"percentBets_2":0.006329113924050633,"handValue":0.10210000000000001,"percentBets_3":0.047619047619047616,"percentBets_4":0.02702702702702703},"output":{"chips":1}},
{"input":{"Win":0,"Lose":0.03666666666666667,"myCurrBet":0.013333333333333334,"step":0,"position":0.25,"bluff":0,"handValue":0.10210000000000001,"percentBets_2":0.04430379746835443,"percentBets_3":0.3333333333333333,"percentBets_4":0.1891891891891892},"output":{"chips":0}},
{"input":{"Win":0,"Lose":0.013333333333333334,"myCurrBet":0.0016666666666666668,"step":0,"position":0.25,"bluff":1,"percentBets_2":0.006622516556291391,"handValue":0.1003,"percentBets_3":0.07142857142857142,"percentBets_4":0.021739130434782608},"output":{"chips":0.5}},
{"input":{"Win":0,"Lose":0.013333333333333334,"myCurrBet":0.006666666666666667,"step":0,"position":0.25,"bluff":0,"handValue":0.1003,"percentBets_2":0.019867549668874173,"percentBets_3":0.21428571428571427,"percentBets_4":0.06521739130434782},"output":{"chips":0}},
{"input":{"Win":0.038910505836575876,"Lose":0,"myCurrBet":0.01,"step":0,"position":0.25,"bluff":1,"handValue":0.1,"percentBets_2":0.020689655172413793,"percentBets_3":0.375,"percentBets_4":0.05660377358490566},"output":{"chips":1}},
{"input":{"Win":0.038910505836575876,"Lose":0,"myCurrBet":0.0016666666666666668,"step":0,"position":0.25,"bluff":0,"percentBets_2":0.006896551724137931,"handValue":0.1,"percentBets_3":0.125,"percentBets_4":0.018867924528301886},"output":{"chips":1}},
{"input":{"Win":0,"Lose":0,"myCurrBet":0.0016666666666666668,"step":0,"position":0.25,"bluff":0,"percentBets_2":0.007042253521126761,"handValue":0.1019,"percentBets_3":0.2,"percentBets_4":0.02},"output":{"chips":1}},
{"input":{"Win":0,"Lose":0,"myCurrBet":0.016666666666666666,"step":0,"position":0.25,"bluff":0,"handValue":0.1019,"percentBets_2":0.035211267605633804,"percentBets_3":1,"percentBets_4":0.1},"output":{"chips":0}},
{"input":{"Win":0.07692307692307693,"Lose":0,"myCurrBet":0.0016666666666666668,"step":0,"position":0.3333333333333333,"bluff":0,"percentBets_2":0.006172839506172839,"handValue":0.10200000000000001,"percentBets_3":0.022222222222222223},"output":{"chips":1}},
{"input":{"Win":0.07692307692307693,"Lose":0,"myCurrBet":0.016666666666666666,"step":0,"position":0.3333333333333333,"bluff":0,"handValue":0.10200000000000001,"percentBets_2":0.04938271604938271,"percentBets_3":0.17777777777777778},"output":{"chips":0.5}},
{"input":{"Win":0.07692307692307693,"Lose":0,"myCurrBet":0.05333333333333334,"step":0.25,"position":0.3333333333333333,"bluff":0,"handValue":0.300000131007,"percentBets_3":0.17777777777777778},"output":{"chips":0}},
{"input":{"Win":0.07692307692307693,"Lose":0,"myCurrBet":0.05333333333333334,"step":0.25,"position":0.3333333333333333,"bluff":0,"handValue":0.700000001013,"percentBets_3":0.17777777777777778},"output":{"chips":0}},
{"input":{"Win":0.07692307692307693,"Lose":0,"myCurrBet":0.05333333333333334,"step":0.25,"position":0.3333333333333333,"bluff":0,"handValue":0.300000131007,"percentBets_2":0,"percentBets_3":0.17777777777777778},"output":{"chips":0}},
{"input":{"Win":0.10526315789473684,"Lose":0,"myCurrBet":0.0016666666666666668,"step":0,"position":0.3333333333333333,"bluff":0,"percentBets_2":0.006493506493506494,"handValue":0.1005,"percentBets_3":0.02702702702702703},"output":{"chips":1}},
{"input":{"Win":0.10526315789473684,"Lose":0,"myCurrBet":0.04,"step":0.25,"position":0.3333333333333333,"bluff":0,"handValue":0.10260000000000001,"percentBets_2":0.07792207792207792,"percentBets_3":0.16216216216216217},"output":{"chips":0}},
{"input":{"Win":0.10526315789473684,"Lose":0,"myCurrBet":0.01,"step":0,"position":0.3333333333333333,"bluff":0,"handValue":0.1005,"percentBets_2":0.03896103896103896,"percentBets_3":0.16216216216216217},"output":{"chips":0.5}},
{"input":{"Win":0.10526315789473684,"Lose":0,"myCurrBet":0.04,"step":0.25,"position":0.3333333333333333,"bluff":0,"handValue":0.1034,"percentBets_2":0.07792207792207792,"percentBets_3":0.16216216216216217},"output":{"chips":0}},
{"input":{"Win":0.10526315789473684,"Lose":0,"myCurrBet":0.04,"step":0.25,"position":0.3333333333333333,"bluff":0,"handValue":0.10260000000000001,"percentBets_2":0.07792207792207792,"percentBets_3":0.16216216216216217},"output":{"chips":0}},
{"input":{"Win":0,"Lose":0.04666666666666667,"myCurrBet":0.016666666666666666,"step":0,"position":0.3333333333333333,"bluff":0,"handValue":0.10110000000000001,"percentBets_2":0.04929577464788732,"percentBets_3":0.22580645161290322},"output":{"chips":0.5}},
{"input":{"Win":0,"Lose":0.04666666666666667,"myCurrBet":0.04666666666666667,"step":0.25,"position":0.3333333333333333,"bluff":0,"handValue":0.1017,"percentBets_2":0,"percentBets_3":0.22580645161290322},"output":{"chips":0}},
{"input":{"Win":0,"Lose":0.04666666666666667,"myCurrBet":0.04666666666666667,"step":0.25,"position":0.3333333333333333,"bluff":0,"handValue":0.1017,"percentBets_3":0.22580645161290322},"output":{"chips":0}},
{"input":{"Win":0,"Lose":0.04666666666666667,"myCurrBet":0.04666666666666667,"step":0.25,"position":0.3333333333333333,"bluff":0,"handValue":0.1022,"percentBets_3":0.22580645161290322},"output":{"chips":0}},
{"input":{"Win":0,"Lose":0.04666666666666667,"myCurrBet":0.0016666666666666668,"step":0,"position":0.3333333333333333,"bluff":0,"percentBets_2":0.007042253521126761,"handValue":0.10110000000000001,"percentBets_3":0.03225806451612903},"output":{"chips":1}},
{"input":{"Win":0,"Lose":0,"myCurrBet":0.0016666666666666668,"step":0,"position":0.3333333333333333,"bluff":0,"percentBets_2":0.007407407407407408,"handValue":0.1017,"percentBets_3":0.024096385542168676},"output":{"chips":1}},
{"input":{"Win":0,"Lose":0,"myCurrBet":0.03,"step":0,"position":0.3333333333333333,"bluff":1,"handValue":0.1017,"percentBets_2":0.06666666666666667,"percentBets_3":0.21686746987951808},"output":{"chips":1}},
{"input":{"Win":0,"Lose":0,"myCurrBet":0.06666666666666667,"step":0,"position":0.3333333333333333,"bluff":0,"handValue":0.1017,"percentBets_2":0.14814814814814814,"percentBets_3":0.4819277108433735},"output":{"chips":0}},
{"input":{"Win":0,"Lose":0,"myCurrBet":0.01,"step":0,"position":0.3333333333333333,"bluff":0,"handValue":0.1017,"percentBets_2":0.02962962962962963,"percentBets_3":0.0963855421686747},"output":{"chips":1}},
{"input":{"Win":0,"Lose":0.06666666666666667,"myCurrBet":0.0016666666666666668,"step":0,"position":0.3333333333333333,"bluff":0,"percentBets_2":0.010526315789473684,"handValue":0.500000000007,"percentBets_3":0.013986013986013986},"output":{"chips":1}},
{"input":{"Win":0,"Lose":0.06666666666666667,"myCurrBet":0.016666666666666666,"step":0,"position":0.3333333333333333,"bluff":0,"handValue":0.500000000007,"percentBets_2":0.07368421052631578,"percentBets_3":0.0979020979020979},"output":{"chips":0}},
{"input":{"Win":0,"Lose":0.016666666666666666,"myCurrBet":0.0016666666666666668,"step":0,"position":0.3333333333333333,"bluff":0,"percentBets_2":0.008771929824561403,"handValue":0.1005,"percentBets_3":0.015503875968992248},"output":{"chips":1}},
{"input":{"Win":0,"Lose":0.016666666666666666,"myCurrBet":0.04,"step":0.25,"position":0.3333333333333333,"bluff":0,"handValue":0.1028,"percentBets_2":0.10526315789473684,"percentBets_3":0.09302325581395349},"output":{"chips":0}},
{"input":{"Win":0,"Lose":0.016666666666666666,"myCurrBet":0.04,"step":0.25,"position":0.3333333333333333,"bluff":0,"handValue":0.1028,"percentBets_2":0.12280701754385964,"percentBets_3":0.12403100775193798},"output":{"chips":0}},
{"input":{"Win":0,"Lose":0.016666666666666666,"myCurrBet":0.01,"step":0,"position":0.3333333333333333,"bluff":0,"handValue":0.1005,"percentBets_2":0.05263157894736842,"percentBets_3":0.09302325581395349},"output":{"chips":0.5}},
{"input":{"Win":0,"Lose":0.12666666666666668,"myCurrBet":0.0016666666666666668,"step":0,"position":0.3333333333333333,"bluff":0,"percentBets_2":0.01,"handValue":0.10210000000000001,"percentBets_3":0.012903225806451613},"output":{"chips":1}},
{"input":{"Win":0,"Lose":0.12666666666666668,"myCurrBet":0.08666666666666667,"step":0.25,"position":0.3333333333333333,"bluff":0,"handValue":0.1039,"percentBets_3":0.16774193548387098},"output":{"chips":0}},
{"input":{"Win":0,"Lose":0.12666666666666668,"myCurrBet":0.08666666666666667,"step":0.25,"position":0.3333333333333333,"bluff":0,"handValue":0.1039,"percentBets_2":0,"percentBets_3":0.16774193548387098},"output":{"chips":0}},
{"input":{"Win":0,"Lose":0.12666666666666668,"myCurrBet":0.016666666666666666,"step":0,"position":0.3333333333333333,"bluff":0,"handValue":0.10210000000000001,"percentBets_2":0.06,"percentBets_3":0.07741935483870968},"output":{"chips":0.5}},
{"input":{"Win":0,"Lose":0.12666666666666668,"myCurrBet":0.08666666666666667,"step":0.25,"position":0.3333333333333333,"bluff":0,"handValue":0.1029,"percentBets_3":0.16774193548387098},"output":{"chips":0}},
{"input":{"Win":0,"Lose":0.12666666666666668,"myCurrBet":0.04,"step":0,"position":0.3333333333333333,"bluff":1,"handValue":0.10210000000000001,"percentBets_2":0.13,"percentBets_3":0.16774193548387098},"output":{"chips":0.5}},
{"input":{"Win":0.1103202846975089,"Lose":0,"myCurrBet":0.05,"step":0.25,"position":0.3333333333333333,"bluff":0,"handValue":0.1023,"percentBets_3":0.08247422680412371},"output":{"chips":1}},
{"input":{"Win":0.1103202846975089,"Lose":0,"myCurrBet":0.056666666666666664,"step":0.25,"position":0.3333333333333333,"bluff":0,"handValue":0.1023,"percentBets_3":0.10309278350515463},"output":{"chips":0.5}},
{"input":{"Win":0.1103202846975089,"Lose":0,"myCurrBet":0.013333333333333334,"step":0,"position":0.3333333333333333,"bluff":1,"handValue":0.600907,"percentBets_2":0.08045977011494253,"percentBets_3":0.07216494845360824},"output":{"chips":0.5}},
{"input":{"Win":0.1103202846975089,"Lose":0,"myCurrBet":0.06333333333333334,"step":0.5,"position":0.3333333333333333,"bluff":0,"handValue":0.1027,"percentBets_3":0.12371134020618557},"output":{"chips":0}},
{"input":{"Win":0.1103202846975089,"Lose":0,"myCurrBet":0.06333333333333334,"step":0.5,"position":0.3333333333333333,"bluff":0,"handValue":0.1027,"percentBets_3":0.12371134020618557},"output":{"chips":0}},
{"input":{"Win":0.1103202846975089,"Lose":0,"myCurrBet":0.0016666666666666668,"step":0,"position":0.3333333333333333,"bluff":0,"percentBets_2":0.011494252873563218,"handValue":0.600907,"percentBets_3":0.010309278350515464},"output":{"chips":1}},
{"input":{"Win":0.1103202846975089,"Lose":0,"myCurrBet":0.04666666666666667,"step":0.25,"position":0.3333333333333333,"bluff":0,"handValue":0.1023,"percentBets_2":0,"percentBets_3":0.07216494845360824},"output":{"chips":1}},
{"input":{"Win":0,"Lose":0,"myCurrBet":0.01,"step":0,"position":0.3333333333333333,"bluff":0,"handValue":0.500000000005,"percentBets_2":0.0625,"percentBets_3":0.058823529411764705},"output":{"chips":0}},
{"input":{"Win":0,"Lose":0,"myCurrBet":0.0016666666666666668,"step":0,"position":0.3333333333333333,"bluff":0,"percentBets_2":0.0125,"handValue":0.500000000005,"percentBets_3":0.011764705882352941},"output":{"chips":1}},
{"input":{"Win":0,"Lose":0.07666666666666666,"myCurrBet":0.03333333333333333,"step":0,"position":0.3333333333333333,"bluff":0,"handValue":0.1015,"percentBets_2":0.09345794392523364,"percentBets_3":0.136986301369863},"output":{"chips":0.5}},
{"input":{"Win":0,"Lose":0.07666666666666666,"myCurrBet":0.0033333333333333335,"step":0,"position":0.3333333333333333,"bluff":0,"percentBets_2":0.018691588785046728,"handValue":0.1015,"percentBets_3":0.0273972602739726},"output":{"chips":1}},
{"input":{"Win":0,"Lose":0.07666666666666666,"myCurrBet":0.06666666666666667,"step":0.25,"position":0.3333333333333333,"bluff":1,"handValue":0.1034,"percentBets_3":0.136986301369863},"output":{"chips":0.5}},
{"input":{"Win":0,"Lose":0.07666666666666666,"myCurrBet":0.06666666666666667,"step":0.25,"position":0.3333333333333333,"bluff":0,"handValue":0.1038,"percentBets_2":0,"percentBets_3":0.136986301369863},"output":{"chips":0}},
{"input":{"Win":0,"Lose":0.07666666666666666,"myCurrBet":0.06666666666666667,"step":0.25,"position":0.3333333333333333,"bluff":0,"handValue":0.1038,"percentBets_3":0.136986301369863},"output":{"chips":0}},
{"input":{"Win":0.17582417582417584,"Lose":0,"myCurrBet":0.0033333333333333335,"step":0,"position":0.3333333333333333,"bluff":1,"percentBets_2":0.020618556701030927,"handValue":0.10060000000000001,"percentBets_3":0.022727272727272728},"output":{"chips":1}},
{"input":{"Win":0.17582417582417584,"Lose":0,"myCurrBet":0.03333333333333333,"step":0,"position":0.3333333333333333,"bluff":0,"handValue":0.10060000000000001,"percentBets_2":0.12371134020618557,"percentBets_3":0.13636363636363635},"output":{"chips":0.5}},
{"input":{"Win":0.17582417582417584,"Lose":0,"myCurrBet":0.08,"step":0.25,"position":0.3333333333333333,"bluff":0,"handValue":0.1029,"percentBets_2":0.24742268041237114,"percentBets_3":0.13636363636363635},"output":{"chips":0}},
{"input":{"Win":0.17582417582417584,"Lose":0,"myCurrBet":0.08,"step":0.25,"position":0.3333333333333333,"bluff":0,"handValue":0.1029,"percentBets_2":0.24742268041237114,"percentBets_3":0.13636363636363635},"output":{"chips":0}},
{"input":{"Win":0.17582417582417584,"Lose":0,"myCurrBet":0.08,"step":0.25,"position":0.3333333333333333,"bluff":0,"handValue":0.40000001131100005,"percentBets_2":0.24742268041237114,"percentBets_3":0.13636363636363635},"output":{"chips":0}},
{"input":{"Win":0,"Lose":0,"myCurrBet":0.0033333333333333335,"step":0,"position":0.3333333333333333,"bluff":0,"percentBets_2":0.0273972602739726,"handValue":0.6009019999999999,"percentBets_3":0.02631578947368421},"output":{"chips":1}},
{"input":{"Win":0,"Lose":0,"myCurrBet":0.02,"step":0,"position":0.3333333333333333,"bluff":0,"handValue":0.6009019999999999,"percentBets_2":0.1095890410958904,"percentBets_3":0.10526315789473684},"output":{"chips":0}},
{"input":{"Win":0,"Lose":0.12666666666666668,"myCurrBet":0.0033333333333333335,"step":0,"position":0.3333333333333333,"bluff":0,"percentBets_2":0.021052631578947368,"handValue":0.1,"percentBets_3":0.029411764705882353},"output":{"chips":1}},
{"input":{"Win":0,"Lose":0.12666666666666668,"myCurrBet":0.03333333333333333,"step":0,"position":0.3333333333333333,"bluff":1,"handValue":0.1,"percentBets_2":0.16842105263157894,"percentBets_3":0.23529411764705882},"output":{"chips":0.5}},
{"input":{"Win":0,"Lose":0.12666666666666668,"myCurrBet":0.10666666666666667,"step":0.25,"position":0.3333333333333333,"bluff":0,"handValue":0.1028,"percentBets_3":0.23529411764705882},"output":{"chips":0}},
{"input":{"Win":0,"Lose":0.12666666666666668,"myCurrBet":0.10666666666666667,"step":0.25,"position":0.3333333333333333,"bluff":0,"handValue":0.1028,"percentBets_2":0,"percentBets_3":0.23529411764705882},"output":{"chips":0}},
{"input":{"Win":0,"Lose":0.12666666666666668,"myCurrBet":0.10666666666666667,"step":0.25,"position":0.3333333333333333,"bluff":0,"handValue":0.300000130509,"percentBets_3":0.23529411764705882},"output":{"chips":0}},
{"input":{"Win":0,"Lose":0.08,"myCurrBet":0.0033333333333333335,"step":0,"position":0.3333333333333333,"bluff":0,"percentBets_2":0.02531645569620253,"handValue":0.10210000000000001,"percentBets_3":0.021739130434782608},"output":{"chips":1}},
{"input":{"Win":0,"Lose":0.08,"myCurrBet":0.08,"step":0.5,"position":0.3333333333333333,"bluff":0,"handValue":0.1043,"percentBets_3":0.13043478260869565},"output":{"chips":0}},
{"input":{"Win":0,"Lose":0.08,"myCurrBet":0.08,"step":0.5,"position":0.3333333333333333,"bluff":0,"handValue":0.1043,"percentBets_3":0.13043478260869565},"output":{"chips":0}},
{"input":{"Win":0,"Lose":0.08,"myCurrBet":0.08,"step":0.25,"position":0.3333333333333333,"bluff":1,"handValue":0.1039,"percentBets_2":0,"percentBets_3":0.13043478260869565},"output":{"chips":0.5}},
{"input":{"Win":0,"Lose":0.08,"myCurrBet":0.03333333333333333,"step":0,"position":0.3333333333333333,"bluff":0,"handValue":0.10210000000000001,"percentBets_2":0.1518987341772152,"percentBets_3":0.13043478260869565},"output":{"chips":0.5}},
{"input":{"Win":0.08362369337979095,"Lose":0,"myCurrBet":0.0033333333333333335,"step":0,"position":0.3333333333333333,"bluff":0,"percentBets_2":0.029850746268656716,"handValue":0.10160000000000001,"percentBets_3":0.01818181818181818},"output":{"chips":1}},
{"input":{"Win":0.08362369337979095,"Lose":0,"myCurrBet":0.02,"step":0,"position":0.3333333333333333,"bluff":0,"handValue":0.10160000000000001,"percentBets_2":0.11940298507462686,"percentBets_3":0.07272727272727272},"output":{"chips":0.5}},
{"input":{"Win":0,"Lose":0,"myCurrBet":0.0033333333333333335,"step":0,"position":0.3333333333333333,"bluff":0,"percentBets_2":0.03389830508474576,"handValue":0.6010059999999999,"percentBets_3":0.0196078431372549},"output":{"chips":1}},
{"input":{"Win":0,"Lose":0,"myCurrBet":0.03333333333333333,"step":0,"position":0.3333333333333333,"bluff":0,"handValue":0.6010059999999999,"percentBets_2":0.2711864406779661,"percentBets_3":0.1568627450980392},"output":{"chips":0}},
{"input":{"Win":0,"Lose":0.03333333333333333,"myCurrBet":0.013333333333333334,"step":0,"position":0.3333333333333333,"bluff":0,"handValue":0.601005,"percentBets_2":0.2962962962962963,"percentBets_3":0.06504065040650407},"output":{"chips":0}},
{"input":{"Win":0,"Lose":0.03333333333333333,"myCurrBet":0.0033333333333333335,"step":0,"position":0.3333333333333333,"bluff":0,"percentBets_2":0.07407407407407407,"handValue":0.601005,"percentBets_3":0.016260162601626018},"output":{"chips":0.5}},
