{"input":{"Win":0.10222222222222223,"Lose":0,"myCurrBet":0,"step":0,"position":0.75,"bluff":0,"percentBets_1":0.006666666666666667,"percentBets_2":0.013333333333333334,"handValue":0.1018},"output":{"chips":1}},
{"input":{"Win":0.10222222222222223,"Lose":0,"myCurrBet":0.016666666666666666,"step":0.25,"position":0.75,"bluff":0,"handValue":0.1037,"percentBets_4":0.08,"percentBets_1":0.09333333333333334,"percentBets_2":0.09333333333333334},"output":{"chips":0.5}},
{"input":{"Win":0.10222222222222223,"Lose":0,"myCurrBet":0.006666666666666667,"step":0,"position":0.75,"bluff":0,"handValue":0.1018,"percentBets_4":0.02666666666666667,"percentBets_1":0.04,"percentBets_2":0.05333333333333334},"output":{"chips":0.5}},
{"input":{"Win":0.10222222222222223,"Lose":0,"myCurrBet":0.013333333333333334,"step":0.25,"position":0.75,"bluff":0,"handValue":0.1037,"percentBets_4":0.05333333333333334,"percentBets_1":0.05333333333333334,"percentBets_2":0.06666666666666667},"output":{"chips":0.5}},
{"input":{"Win":0.10222222222222223,"Lose":0,"myCurrBet":0.02666666666666667,"step":0.75,"position":0.75,"bluff":0,"handValue":0.10500000000000001,"percentBets_4":0.10666666666666667,"percentBets_1":0.09333333333333334,"percentBets_2":0.10666666666666667},"output":{"chips":0.5}},
{"input":{"Win":0.10222222222222223,"Lose":0,"myCurrBet":0.023333333333333334,"step":0.5,"position":0.75,"bluff":0,"handValue":0.1043,"percentBets_4":0.09333333333333334,"percentBets_1":0.09333333333333334,"percentBets_2":0.10666666666666667},"output":{"chips":0.5}},
{"input":{"Win":0,"Lose":0.023333333333333334,"myCurrBet":0,"step":0,"position":0.75,"bluff":0,"percentBets_1":0.007352941176470588,"percentBets_2":0.014925373134328358,"handValue":0.10110000000000001},"output":{"chips":1}},
{"input":{"Win":0,"Lose":0.023333333333333334,"myCurrBet":0.016666666666666666,"step":0.25,"position":0.75,"bluff":0,"handValue":0.400000091002,"percentBets_4":0.07462686567164178,"percentBets_1":0.08823529411764706,"percentBets_2":0.08955223880597014},"output":{"chips":0.5}},
{"input":{"Win":0,"Lose":0.023333333333333334,"myCurrBet":0.02,"step":0.5,"position":0.75,"bluff":0,"handValue":0.400000091005,"percentBets_4":0.08955223880597014,"percentBets_1":0.08823529411764706,"percentBets_2":0.1044776119402985},"output":{"chips":0.5}},
{"input":{"Win":0,"Lose":0.023333333333333334,"myCurrBet":0.006666666666666667,"step":0,"position":0.75,"bluff":0,"handValue":0.10110000000000001,"percentBets_4":0.029850746268656716,"percentBets_1":0.04411764705882353,"percentBets_2":0.05970149253731343},"output":{"chips":0.5}},
{"input":{"Win":0,"Lose":0.023333333333333334,"myCurrBet":0.013333333333333334,"step":0.25,"position":0.75,"bluff":0,"handValue":0.400000091002,"percentBets_4":0.05970149253731343,"percentBets_1":0.058823529411764705,"percentBets_2":0.07462686567164178},"output":{"chips":0.5}},
{"input":{"Win":0,"Lose":0.023333333333333334,"myCurrBet":0.023333333333333334,"step":0.75,"position":0.75,"bluff":0,"handValue":0.400000091005,"percentBets_4":0.1044776119402985,"percentBets_1":0.08823529411764706,"percentBets_2":0.1044776119402985},"output":{"chips":0}},
{"input":{"Win":0,"Lose":0.02666666666666667,"myCurrBet":0,"step":0,"position":0.75,"bluff":0,"percentBets_1":0.008064516129032258,"percentBets_2":0.016666666666666666,"handValue":0.1005},"output":{"chips":1}},
{"input":{"Win":0,"Lose":0.02666666666666667,"myCurrBet":0.006666666666666667,"step":0,"position":0.75,"bluff":0,"handValue":0.1005,"percentBets_4":0.022988505747126436,"percentBets_1":0.04838709677419355,"percentBets_2":0.06666666666666667},"output":{"chips":0.5}},
{"input":{"Win":0,"Lose":0.02666666666666667,"myCurrBet":0.016666666666666666,"step":0.25,"position":0.75,"bluff":0,"handValue":0.10360000000000001,"percentBets_4":0.05747126436781609,"percentBets_1":0.0967741935483871,"percentBets_2":0.1},"output":{"chips":0.5}},
{"input":{"Win":0,"Lose":0.02666666666666667,"myCurrBet":0.023333333333333334,"step":0.75,"position":0.75,"bluff":0,"handValue":0.10300000000000001,"percentBets_4":0.08045977011494253,"percentBets_1":0.0967741935483871,"percentBets_2":0.13333333333333333},"output":{"chips":0.5}},
{"input":{"Win":0,"Lose":0.02666666666666667,"myCurrBet":0.02,"step":0.5,"position":0.75,"bluff":0,"handValue":0.10250000000000001,"percentBets_4":0.06896551724137931,"percentBets_1":0.0967741935483871,"percentBets_2":0.11666666666666667},"output":{"chips":0.5}},
{"input":{"Win":0,"Lose":0.02666666666666667,"myCurrBet":0.013333333333333334,"step":0.25,"position":0.75,"bluff":0,"handValue":0.10360000000000001,"percentBets_4":0.04597701149425287,"percentBets_1":0.06451612903225806,"percentBets_2":0.08333333333333333},"output":{"chips":0.5}},
{"input":{"Win":0,"Lose":0.03,"myCurrBet":0,"step":0,"position":0.75,"bluff":0,"percentBets_1":0.008928571428571428,"percentBets_2":0.012195121951219513,"handValue":0.1018},"output":{"chips":1}},
{"input":{"Win":0,"Lose":0.03,"myCurrBet":0.013333333333333334,"step":0.25,"position":0.75,"bluff":0,"handValue":0.1029,"percentBets_4":0.05063291139240506,"percentBets_1":0.07142857142857142,"percentBets_2":0.06097560975609756},"output":{"chips":0.5}},
{"input":{"Win":0,"Lose":0.03,"myCurrBet":0.006666666666666667,"step":0,"position":0.75,"bluff":0,"handValue":0.1018,"percentBets_4":0.02531645569620253,"percentBets_1":0.05357142857142857,"percentBets_2":0.04878048780487805},"output":{"chips":0.5}},
{"input":{"Win":0,"Lose":0.03,"myCurrBet":0.016666666666666666,"step":0.25,"position":0.75,"bluff":0,"handValue":0.1029,"percentBets_4":0.06329113924050633,"percentBets_1":0.10714285714285714,"percentBets_2":0.07317073170731707},"output":{"chips":0.5}},
{"input":{"Win":0,"Lose":0.03,"myCurrBet":0.02,"step":0.5,"position":0.75,"bluff":1,"handValue":0.1033,"percentBets_4":0.0759493670886076,"percentBets_1":0.125,"percentBets_2":0.0975609756097561},"output":{"chips":1}},
{"input":{"Win":0,"Lose":0.03,"myCurrBet":0.03,"step":0.75,"position":0.75,"bluff":0,"handValue":0.10400000000000001,"percentBets_4":0.11392405063291139,"percentBets_1":0.10714285714285714,"percentBets_2":0.10975609756097561},"output":{"chips":0.5}},
{"input":{"Win":0.10176991150442478,"Lose":0,"myCurrBet":0.006666666666666667,"step":0,"position":0.75,"bluff":0,"handValue":0.1014,"percentBets_4":0.019230769230769232,"percentBets_1":0.061224489795918366,"percentBets_2":0.0547945205479452},"output":{"chips":0.5}},
{"input":{"Win":0.10176991150442478,"Lose":0,"myCurrBet":0,"step":0,"position":0.75,"bluff":0,"percentBets_1":0.01020408163265306,"percentBets_2":0.0136986301369863,"handValue":0.1014},"output":{"chips":1}},
{"input":{"Win":0.10176991150442478,"Lose":0,"myCurrBet":0.02,"step":0.25,"position":0.75,"bluff":0,"handValue":0.10210000000000001,"percentBets_4":0.057692307692307696,"percentBets_1":0.14285714285714285,"percentBets_2":0.0958904109589041},"output":{"chips":0.5}},
{"input":{"Win":0.10176991150442478,"Lose":0,"myCurrBet":0.013333333333333334,"step":0.25,"position":0.75,"bluff":1,"handValue":0.10210000000000001,"percentBets_4":0.038461538461538464,"percentBets_1":0.08163265306122448,"percentBets_2":0.0684931506849315},"output":{"chips":1}},
{"input":{"Win":0.10176991150442478,"Lose":0,"myCurrBet":0.023333333333333334,"step":0.5,"position":0.75,"bluff":0,"handValue":0.10250000000000001,"percentBets_4":0.0673076923076923,"percentBets_1":0.14285714285714285,"percentBets_2":0.1095890410958904},"output":{"chips":0.5}},
{"input":{"Win":0.10176991150442478,"Lose":0,"myCurrBet":0.02666666666666667,"step":0.75,"position":0.75,"bluff":0,"handValue":0.10260000000000001,"percentBets_4":0.07692307692307693,"percentBets_1":0.14285714285714285,"percentBets_2":0.1095890410958904},"output":{"chips":0}},
{"input":{"Win":0.12807881773399016,"Lose":0,"myCurrBet":0.006666666666666667,"step":0,"position":0.75,"bluff":0,"handValue":0.60131,"percentBets_4":0.020833333333333332,"percentBets_1":0.07142857142857142,"percentBets_2":0.06153846153846154},"output":{"chips":0.5}},
{"input":{"Win":0.12807881773399016,"Lose":0,"myCurrBet":0,"step":0,"position":0.75,"bluff":0,"percentBets_1":0.011904761904761904,"percentBets_2":0.015384615384615385,"handValue":0.60131},"output":{"chips":1}},
{"input":{"Win":0.12807881773399016,"Lose":0,"myCurrBet":0.013333333333333334,"step":0.25,"position":0.75,"bluff":1,"handValue":0.1042,"percentBets_4":0.041666666666666664,"percentBets_1":0.09523809523809523,"percentBets_2":0.07692307692307693},"output":{"chips":1}},
{"input":{"Win":0.12807881773399016,"Lose":0,"myCurrBet":0.02666666666666667,"step":0.5,"position":0.75,"bluff":0,"handValue":0.10490000000000001,"percentBets_4":0.08333333333333333,"percentBets_1":0.19047619047619047,"percentBets_2":0.13846153846153847},"output":{"chips":0.5}},
{"input":{"Win":0.12807881773399016,"Lose":0,"myCurrBet":0.02,"step":0.25,"position":0.75,"bluff":1,"handValue":0.1042,"percentBets_4":0.07291666666666667,"percentBets_1":0.19047619047619047,"percentBets_2":0.12307692307692308},"output":{"chips":0.5}},
{"input":{"Win":0.12807881773399016,"Lose":0,"myCurrBet":0.03,"step":0.75,"position":0.75,"bluff":0,"handValue":0.1039,"percentBets_4":0.09375,"percentBets_1":0.19047619047619047,"percentBets_2":0.13846153846153847},"output":{"chips":0}},
{"input":{"Win":0,"Lose":0,"myCurrBet":0,"step":0,"position":0.75,"bluff":1,"percentBets_1":0.014705882352941176,"percentBets_2":0.017857142857142856,"handValue":0.1023},"output":{"chips":1}},
{"input":{"Win":0,"Lose":0,"myCurrBet":0.006666666666666667,"step":0,"position":0.75,"bluff":0,"handValue":0.1023,"percentBets_4":0.034482758620689655,"percentBets_1":0.11764705882352941,"percentBets_2":0.08928571428571429},"output":{"chips":0}},
{"input":{"Win":0,"Lose":0.006666666666666667,"myCurrBet":0,"step":0,"position":0.75,"bluff":1,"percentBets_1":0.019230769230769232,"percentBets_2":0.020833333333333332,"handValue":0.1},"output":{"chips":0.5}},
{"input":{"Win":0,"Lose":0.006666666666666667,"myCurrBet":0.0033333333333333335,"step":0,"position":0.75,"bluff":0,"handValue":0.1,"percentBets_4":0.01904761904761905,"percentBets_1":0.11538461538461539,"percentBets_2":0.08333333333333333},"output":{"chips":0}},
{"input":{"Win":0,"Lose":0.0033333333333333335,"myCurrBet":0,"step":0,"position":0.75,"bluff":0,"percentBets_1":0.02631578947368421,"percentBets_2":0.025,"handValue":0.10060000000000001},"output":{"chips":1}},
{"input":{"Win":0,"Lose":0.0033333333333333335,"myCurrBet":0.006666666666666667,"step":0,"position":0.75,"bluff":0,"handValue":0.10060000000000001,"percentBets_4":0.01652892561983471,"percentBets_1":0.15789473684210525,"percentBets_2":0.1},"output":{"chips":0}},
{"input":{"Win":0,"Lose":0.006666666666666667,"myCurrBet":0,"step":0,"position":0.75,"bluff":0,"percentBets_1":0.03125,"percentBets_2":0.0196078431372549,"handValue":0.10070000000000001},"output":{"chips":1}},
{"input":{"Win":0,"Lose":0.006666666666666667,"myCurrBet":0.006666666666666667,"step":0,"position":0.75,"bluff":1,"handValue":0.10070000000000001,"percentBets_4":0.02608695652173913,"percentBets_1":0.1875,"percentBets_2":0.0784313725490196},"output":{"chips":0.5}},
{"input":{"Win":0,"Lose":0.006666666666666667,"myCurrBet":0.013333333333333334,"step":0,"position":0.75,"bluff":0,"handValue":0.10070000000000001,"percentBets_4":0,"percentBets_1":0.3125,"percentBets_2":0.09803921568627451},"output":{"chips":0}},
