{"input":{"Win":0.16,"Lose":0,"myCurrBet":0,"step":0,"position":1,"bluff":0,"percentBets_1":0.006666666666666667,"percentBets_2":0.013333333333333334,"handValue":0.500000000013,"percentBets_3":0.04},"output":{"chips":0.5}},
{"input":{"Win":0.16,"Lose":0,"myCurrBet":0.03,"step":0.25,"position":1,"bluff":0,"handValue":0.1023,"percentBets_1":0.16,"percentBets_2":0.16,"percentBets_3":0.16},"output":{"chips":0.5}},
{"input":{"Win":0.16,"Lose":0,"myCurrBet":0.01,"step":0,"position":1,"bluff":0,"handValue":0.500000000013,"percentBets_1":0.08,"percentBets_2":0.08,"percentBets_3":0.08},"output":{"chips":0.5}},
{"input":{"Win":0.16,"Lose":0,"myCurrBet":0.02,"step":0.25,"position":1,"bluff":0,"handValue":0.1023,"percentBets_1":0.08,"percentBets_2":0.08,"percentBets_3":0.12},"output":{"chips":0.5}},
{"input":{"Win":0.16,"Lose":0,"myCurrBet":0.04,"step":0.5,"position":1,"bluff":0,"handValue":0.1028,"percentBets_1":0.16,"percentBets_2":0.16,"percentBets_3":0.16},"output":{"chips":0.5}},
{"input":{"Win":0.16,"Lose":0,"myCurrBet":0.04,"step":0.75,"position":1,"bluff":0,"handValue":0.40000013110800003,"percentBets_1":0.16,"percentBets_2":0.16,"percentBets_3":0.16},"output":{"chips":0}},
{"input":{"Win":0.15873015873015872,"Lose":0,"myCurrBet":0.013333333333333334,"step":0,"position":1,"bluff":0,"handValue":0.500000000013,"percentBets_1":0.12698412698412698,"percentBets_2":0.12698412698412698,"percentBets_3":0.12698412698412698},"output":{"chips":0.5}},
{"input":{"Win":0.15873015873015872,"Lose":0,"myCurrBet":0.02666666666666667,"step":0.5,"position":1,"bluff":1,"handValue":0.300000121113,"percentBets_1":0.12698412698412698,"percentBets_2":0.12698412698412698,"percentBets_3":0.12698412698412698},"output":{"chips":1}},
{"input":{"Win":0.15873015873015872,"Lose":0,"myCurrBet":0,"step":0,"position":1,"bluff":0,"percentBets_1":0.007936507936507936,"percentBets_2":0.015873015873015872,"handValue":0.500000000013,"percentBets_3":0.015873015873015872},"output":{"chips":1}},
{"input":{"Win":0.15873015873015872,"Lose":0,"myCurrBet":0.02666666666666667,"step":0.25,"position":1,"bluff":0,"handValue":0.10250000000000001,"percentBets_1":0.12698412698412698,"percentBets_2":0.12698412698412698,"percentBets_3":0.12698412698412698},"output":{"chips":0.5}},
{"input":{"Win":0.15873015873015872,"Lose":0,"myCurrBet":0.03333333333333333,"step":0.75,"position":1,"bluff":1,"handValue":0.300000121113,"percentBets_1":0.15873015873015872,"percentBets_2":0.15873015873015872,"percentBets_3":0.15873015873015872},"output":{"chips":0.5}},
{"input":{"Win":0.15873015873015872,"Lose":0,"myCurrBet":0.03,"step":0.5,"position":1,"bluff":0,"handValue":0.300000121113,"percentBets_1":0.15873015873015872,"percentBets_2":0.15873015873015872,"percentBets_3":0.15873015873015872},"output":{"chips":0.5}},
{"input":{"Win":0,"Lose":0.04,"myCurrBet":0.02,"step":0.25,"position":1,"bluff":0,"handValue":0.10410000000000001,"percentBets_1":0.11320754716981132,"percentBets_2":0.11320754716981132,"percentBets_3":0.11320754716981132},"output":{"chips":0.5}},
{"input":{"Win":0,"Lose":0.04,"myCurrBet":0.02,"step":0.5,"position":1,"bluff":1,"handValue":0.1042,"percentBets_1":0.11320754716981132,"percentBets_2":0.11320754716981132,"percentBets_3":0.11320754716981132},"output":{"chips":1}},
{"input":{"Win":0,"Lose":0.04,"myCurrBet":0,"step":0,"position":1,"bluff":0,"percentBets_1":0.009433962264150943,"percentBets_2":0.018867924528301886,"handValue":0.601107,"percentBets_3":0.018867924528301886},"output":{"chips":1}},
{"input":{"Win":0,"Lose":0.04,"myCurrBet":0.01,"step":0,"position":1,"bluff":0,"handValue":0.601107,"percentBets_1":0.11320754716981132,"percentBets_2":0.11320754716981132,"percentBets_3":0.11320754716981132},"output":{"chips":0.5}},
{"input":{"Win":0,"Lose":0.04,"myCurrBet":0.03,"step":0.5,"position":1,"bluff":0,"handValue":0.1042,"percentBets_1":0.22641509433962265,"percentBets_2":0.22641509433962265,"percentBets_3":0.22641509433962265},"output":{"chips":0.5}},
{"input":{"Win":0,"Lose":0.04,"myCurrBet":0.04,"step":0.75,"position":1,"bluff":0,"handValue":0.1051,"percentBets_1":0.22641509433962265,"percentBets_2":0.22641509433962265,"percentBets_3":0.22641509433962265},"output":{"chips":0}},
{"input":{"Win":0,"Lose":0.02666666666666667,"myCurrBet":0.02666666666666667,"step":0.25,"position":1,"bluff":0,"handValue":0.10300000000000001,"percentBets_1":0.1951219512195122,"percentBets_2":0.0898876404494382,"percentBets_3":0.1951219512195122},"output":{"chips":0.5}},
{"input":{"Win":0,"Lose":0.02666666666666667,"myCurrBet":0,"step":0,"position":1,"bluff":0,"percentBets_1":0.012195121951219513,"percentBets_2":0.011235955056179775,"handValue":0.601107,"percentBets_3":0.0975609756097561},"output":{"chips":0.5}},
{"input":{"Win":0,"Lose":0.02666666666666667,"myCurrBet":0.013333333333333334,"step":0,"position":1,"bluff":0,"handValue":0.601107,"percentBets_1":0.1951219512195122,"percentBets_2":0.0898876404494382,"percentBets_3":0.1951219512195122},"output":{"chips":0.5}},
{"input":{"Win":0,"Lose":0.02666666666666667,"myCurrBet":0.02666666666666667,"step":0.5,"position":1,"bluff":0,"handValue":0.1032,"percentBets_1":0.1951219512195122,"percentBets_2":0.0898876404494382,"percentBets_3":0.1951219512195122},"output":{"chips":0.5}},
{"input":{"Win":0,"Lose":0.02666666666666667,"myCurrBet":0.02666666666666667,"step":0.75,"position":1,"bluff":1,"handValue":0.1044,"percentBets_1":0.1951219512195122,"percentBets_2":0.0898876404494382,"percentBets_3":0.1951219512195122},"output":{"chips":0.5}},
{"input":{"Win":0,"Lose":0.02,"myCurrBet":0,"step":0,"position":1,"bluff":0,"percentBets_1":0.007692307692307693,"percentBets_2":0.012345679012345678,"handValue":0.10120000000000001,"percentBets_3":0.09090909090909091},"output":{"chips":0.5}},
{"input":{"Win":0,"Lose":0.02,"myCurrBet":0.02,"step":0.25,"position":1,"bluff":1,"handValue":0.1032,"percentBets_1":0.09230769230769231,"percentBets_2":0.07407407407407407,"percentBets_3":0.18181818181818182},"output":{"chips":0.5}},
{"input":{"Win":0,"Lose":0.02,"myCurrBet":0.01,"step":0,"position":1,"bluff":0,"handValue":0.10120000000000001,"percentBets_1":0.09230769230769231,"percentBets_2":0.07407407407407407,"percentBets_3":0.18181818181818182},"output":{"chips":0.5}},
{"input":{"Win":0,"Lose":0.02,"myCurrBet":0.02,"step":0.5,"position":1,"bluff":0,"handValue":0.1043,"percentBets_1":0.09230769230769231,"percentBets_2":0.07407407407407407,"percentBets_3":0.18181818181818182},"output":{"chips":0.5}},
{"input":{"Win":0,"Lose":0.02,"myCurrBet":0.02,"step":0.75,"position":1,"bluff":0,"handValue":0.1044,"percentBets_1":0.09230769230769231,"percentBets_2":0.07407407407407407,"percentBets_3":0.18181818181818182},"output":{"chips":0.5}},
{"input":{"Win":0.16216216216216217,"Lose":0,"myCurrBet":0.016666666666666666,"step":0,"position":1,"bluff":0,"handValue":0.1013,"percentBets_1":0.1694915254237288,"percentBets_2":0.13333333333333333,"percentBets_3":0.19607843137254902},"output":{"chips":0.5}},
{"input":{"Win":0.16216216216216217,"Lose":0,"myCurrBet":0.006666666666666667,"step":0,"position":1,"bluff":0,"handValue":0.1013,"percentBets_1":0.06779661016949153,"percentBets_2":0.05333333333333334,"percentBets_3":0.09803921568627451},"output":{"chips":0.5}},
{"input":{"Win":0.16216216216216217,"Lose":0,"myCurrBet":0.03333333333333333,"step":0.25,"position":1,"bluff":0,"handValue":0.1024,"percentBets_1":0.1694915254237288,"percentBets_2":0.13333333333333333,"percentBets_3":0.19607843137254902},"output":{"chips":0.5}},
{"input":{"Win":0.16216216216216217,"Lose":0,"myCurrBet":0,"step":0,"position":1,"bluff":0,"percentBets_1":0.00847457627118644,"percentBets_2":0.013333333333333334,"handValue":0.1013,"percentBets_3":0.0392156862745098},"output":{"chips":0.5}},
{"input":{"Win":0.16216216216216217,"Lose":0,"myCurrBet":0.03333333333333333,"step":0.75,"position":1,"bluff":0,"handValue":0.10410000000000001,"percentBets_1":0.1694915254237288,"percentBets_2":0.13333333333333333,"percentBets_3":0.19607843137254902},"output":{"chips":0}},
{"input":{"Win":0.16216216216216217,"Lose":0,"myCurrBet":0.03333333333333333,"step":0.5,"position":1,"bluff":0,"handValue":0.1033,"percentBets_1":0.1694915254237288,"percentBets_2":0.13333333333333333,"percentBets_3":0.19607843137254902},"output":{"chips":0.5}},
{"input":{"Win":0.15483870967741936,"Lose":0,"myCurrBet":0,"step":0,"position":1,"bluff":0,"percentBets_1":0.01020408163265306,"percentBets_2":0.015384615384615385,"handValue":0.1,"percentBets_3":0.0975609756097561},"output":{"chips":0.5}},
{"input":{"Win":0.15483870967741936,"Lose":0,"myCurrBet":0.013333333333333334,"step":0,"position":1,"bluff":0,"handValue":0.1,"percentBets_1":0.16326530612244897,"percentBets_2":0.12307692307692308,"percentBets_3":0.1951219512195122},"output":{"chips":0.5}},
{"input":{"Win":0.15483870967741936,"Lose":0,"myCurrBet":0.02666666666666667,"step":0.25,"position":1,"bluff":0,"handValue":0.1024,"percentBets_1":0.16326530612244897,"percentBets_2":0.12307692307692308,"percentBets_3":0.1951219512195122},"output":{"chips":0.5}},
{"input":{"Win":0.15483870967741936,"Lose":0,"myCurrBet":0.02666666666666667,"step":0.5,"position":1,"bluff":0,"handValue":0.300000131109,"percentBets_1":0.16326530612244897,"percentBets_2":0.12307692307692308,"percentBets_3":0.1951219512195122},"output":{"chips":0.5}},
{"input":{"Win":0.15483870967741936,"Lose":0,"myCurrBet":0.02666666666666667,"step":0.75,"position":1,"bluff":0,"handValue":0.700000001113,"percentBets_1":0.16326530612244897,"percentBets_2":0.12307692307692308,"percentBets_3":0.1951219512195122},"output":{"chips":0}},
{"input":{"Win":0,"Lose":0,"myCurrBet":0,"step":0,"position":1,"bluff":0,"percentBets_1":0.012195121951219513,"percentBets_2":0.017543859649122806,"handValue":0.1009,"percentBets_3":0.12121212121212122},"output":{"chips":0.5}},
{"input":{"Win":0,"Lose":0,"myCurrBet":0.013333333333333334,"step":0,"position":1,"bluff":1,"handValue":0.1009,"percentBets_1":0.1951219512195122,"percentBets_2":0.14035087719298245,"percentBets_3":0.2727272727272727},"output":{"chips":1}},
{"input":{"Win":0,"Lose":0,"myCurrBet":0.04,"step":0,"position":1,"bluff":0,"handValue":0.1009,"percentBets_1":0.5853658536585366,"percentBets_2":0.42105263157894735,"percentBets_3":0},"output":{"chips":0}},
{"input":{"Win":0.04580152671755725,"Lose":0,"myCurrBet":0.02,"step":0.25,"position":1,"bluff":0,"handValue":0.1014,"percentBets_1":0.35294117647058826,"percentBets_2":0.058823529411764705,"percentBets_3":0.25},"output":{"chips":0.5}},
{"input":{"Win":0.04580152671755725,"Lose":0,"myCurrBet":0.02,"step":0.5,"position":1,"bluff":0,"handValue":0.300000120607,"percentBets_1":0.35294117647058826,"percentBets_2":0.058823529411764705,"percentBets_3":0.25},"output":{"chips":0}},
{"input":{"Win":0.04580152671755725,"Lose":0,"myCurrBet":0.01,"step":0,"position":1,"bluff":0,"handValue":0.1019,"percentBets_1":0.35294117647058826,"percentBets_2":0.058823529411764705,"percentBets_3":0.25},"output":{"chips":0.5}},
{"input":{"Win":0.04580152671755725,"Lose":0,"myCurrBet":0.02,"step":0.5,"position":1,"bluff":0,"handValue":0.300000120607,"percentBets_1":0.35294117647058826,"percentBets_2":0.058823529411764705,"percentBets_3":0.25},"output":{"chips":0}},
{"input":{"Win":0.04580152671755725,"Lose":0,"myCurrBet":0,"step":0,"position":1,"bluff":0,"percentBets_1":0.029411764705882353,"percentBets_2":0.00980392156862745,"handValue":0.1019,"percentBets_3":0.125},"output":{"chips":0.5}},
{"input":{"Win":0.12,"Lose":0,"myCurrBet":0.006666666666666667,"step":0,"position":1,"bluff":0,"handValue":0.101,"percentBets_1":0.36363636363636365,"percentBets_2":0.041666666666666664,"percentBets_3":0.3333333333333333},"output":{"chips":0.5}},
{"input":{"Win":0.12,"Lose":0,"myCurrBet":0.02,"step":0.25,"position":1,"bluff":1,"handValue":0.1033,"percentBets_1":0,"percentBets_2":0,"percentBets_3":0.3888888888888889},"output":{"chips":0.5}},
{"input":{"Win":0.12,"Lose":0,"myCurrBet":0,"step":0,"position":1,"bluff":0,"percentBets_1":0.045454545454545456,"percentBets_2":0.010416666666666666,"handValue":0.101,"percentBets_3":0.1111111111111111},"output":{"chips":0.5}},
{"input":{"Win":0.12,"Lose":0,"myCurrBet":0.023333333333333334,"step":0.5,"position":1,"bluff":0,"handValue":0.1037,"percentBets_3":0.3888888888888889},"output":{"chips":0.5}},
{"input":{"Win":0.12,"Lose":0,"myCurrBet":0.023333333333333334,"step":0.75,"position":1,"bluff":0,"handValue":0.10500000000000001,"percentBets_3":0.3888888888888889},"output":{"chips":0}},
{"input":{"Win":0,"Lose":0,"myCurrBet":0.006666666666666667,"step":0,"position":1,"bluff":0,"handValue":0.600603,"percentBets_1":0.5714285714285714,"percentBets_2":0.043478260869565216,"percentBets_3":0},"output":{"chips":0}},
{"input":{"Win":0,"Lose":0,"myCurrBet":0,"step":0,"position":1,"bluff":0,"percentBets_1":0.07142857142857142,"percentBets_2":0.010869565217391304,"handValue":0.600603,"percentBets_3":0.18181818181818182},"output":{"chips":0.5}},
{"input":{"Win":0,"Lose":0.02666666666666667,"myCurrBet":0,"step":0,"position":1,"bluff":1,"percentBets_1":0.03333333333333333,"percentBets_2":0.011363636363636364,"handValue":0.1017,"percentBets_3":0.1111111111111111},"output":{"chips":0.5}},
{"input":{"Win":0,"Lose":0.02666666666666667,"myCurrBet":0.02,"step":0.25,"position":1,"bluff":0,"handValue":0.10200000000000001,"percentBets_1":0.4,"percentBets_2":0.06818181818181818},"output":{"chips":0.5}},
{"input":{"Win":0,"Lose":0.02666666666666667,"myCurrBet":0.0033333333333333335,"step":0,"position":1,"bluff":0,"handValue":0.1017,"percentBets_1":0.13333333333333333,"percentBets_2":0.022727272727272728,"percentBets_3":0.3333333333333333},"output":{"chips":0.5}},
{"input":{"Win":0,"Lose":0.02666666666666667,"myCurrBet":0.01,"step":0,"position":1,"bluff":0,"handValue":0.1017,"percentBets_1":0.4,"percentBets_2":0.06818181818181818,"percentBets_3":0},"output":{"chips":0.5}},
{"input":{"Win":0,"Lose":0.02666666666666667,"myCurrBet":0.02,"step":0.5,"position":1,"bluff":0,"handValue":0.1033,"percentBets_1":0.4,"percentBets_2":0.06818181818181818},"output":{"chips":0.5}},
{"input":{"Win":0,"Lose":0.02666666666666667,"myCurrBet":0.02,"step":0.75,"position":1,"bluff":0,"handValue":0.1034,"percentBets_1":0.4,"percentBets_2":0.06818181818181818},"output":{"chips":0.5}},
{"input":{"Win":0,"Lose":0,"myCurrBet":0,"step":0,"position":1,"bluff":0,"percentBets_1":0.05555555555555555,"percentBets_2":0.009708737864077669,"handValue":0.1013,"percentBets_3":0.5},"output":{"chips":0.5}},
{"input":{"Win":0,"Lose":0,"myCurrBet":0.01,"step":0,"position":1,"bluff":0,"handValue":0.1013,"percentBets_1":0.6666666666666666,"percentBets_2":0.05825242718446602,"percentBets_3":1},"output":{"chips":0}},
{"input":{"Win":0,"Lose":0.005,"myCurrBet":0,"step":0,"position":1,"bluff":0,"percentBets_1":0.16666666666666666,"percentBets_2":0.00847457627118644,"handValue":0.1013},"output":{"chips":1}},
{"input":{"Win":0.012552301255230125,"Lose":0,"myCurrBet":0,"step":0,"position":1,"bluff":0,"percentBets_1":0.2,"percentBets_2":0.008547008547008548,"handValue":0.1005},"output":{"chips":1}},
{"input":{"Win":0.025423728813559324,"Lose":0,"myCurrBet":0,"step":0,"position":1,"bluff":0,"percentBets_1":0.5,"percentBets_2":0.017241379310344827,"handValue":0.1013},"output":{"chips":0.5}},
{"input":{"Win":0,"Lose":0,"myCurrBet":0,"step":0,"position":1,"bluff":0,"percentBets_1":1,"percentBets_2":0.017543859649122806,"handValue":0.601107},"output":{"chips":0}},
{"input":{"Win":0,"Lose":0.03333333333333333,"myCurrBet":0.013333333333333334,"step":0.25,"position":1,"bluff":0,"handValue":0.10160000000000001,"percentBets_1":0.034782608695652174},"output":{"chips":0.5}},
{"input":{"Win":0,"Lose":0.03333333333333333,"myCurrBet":0.013333333333333334,"step":0.5,"position":1,"bluff":1,"handValue":0.1019,"percentBets_1":0.034782608695652174},"output":{"chips":1}},
{"input":{"Win":0,"Lose":0.03333333333333333,"myCurrBet":0.006666666666666667,"step":0,"position":1,"bluff":0,"percentBets_1":0.017391304347826087,"handValue":0.10120000000000001},"output":{"chips":1}},
{"input":{"Win":0,"Lose":0.03333333333333333,"myCurrBet":0.03333333333333333,"step":0.75,"position":1,"bluff":0,"handValue":0.10250000000000001,"percentBets_1":0.08695652173913043},"output":{"chips":0.5}},
{"input":{"Win":0.032,"Lose":0,"myCurrBet":0.013333333333333334,"step":0.25,"position":1,"bluff":0,"handValue":0.1042,"percentBets_1":0.032},"output":{"chips":0.5}},
{"input":{"Win":0.032,"Lose":0,"myCurrBet":0.013333333333333334,"step":0.75,"position":1,"bluff":1,"handValue":0.601209080403,"percentBets_1":0.032},"output":{"chips":0.5}},
{"input":{"Win":0.032,"Lose":0,"myCurrBet":0.006666666666666667,"step":0,"position":1,"bluff":0,"percentBets_1":0.016,"handValue":0.601208},"output":{"chips":1}},
{"input":{"Win":0.032,"Lose":0,"myCurrBet":0.013333333333333334,"step":0.5,"position":1,"bluff":0,"handValue":0.601209080403,"percentBets_1":0.032},"output":{"chips":0.5}},
{"input":{"Win":0,"Lose":0.02666666666666667,"myCurrBet":0.006666666666666667,"step":0,"position":1,"bluff":0,"percentBets_1":0.01652892561983471,"handValue":0.1},"output":{"chips":1}},
{"input":{"Win":0,"Lose":0.02666666666666667,"myCurrBet":0.013333333333333334,"step":0.25,"position":1,"bluff":0,"handValue":0.1017,"percentBets_1":0.03305785123966942},"output":{"chips":0.5}},
{"input":{"Win":0,"Lose":0.02666666666666667,"myCurrBet":0.013333333333333334,"step":0.5,"position":1,"bluff":0,"handValue":0.10210000000000001,"percentBets_1":0.03305785123966942},"output":{"chips":0.5}},
{"input":{"Win":0,"Lose":0.02666666666666667,"myCurrBet":0.013333333333333334,"step":0.75,"position":1,"bluff":1,"handValue":0.10310000000000001,"percentBets_1":0.03305785123966942},"output":{"chips":1}},
{"input":{"Win":0.09302325581395349,"Lose":0,"myCurrBet":0.02666666666666667,"step":0.25,"position":1,"bluff":0,"handValue":0.1044,"percentBets_1":0.06201550387596899},"output":{"chips":0.5}},
{"input":{"Win":0.09302325581395349,"Lose":0,"myCurrBet":0.006666666666666667,"step":0,"position":1,"bluff":0,"percentBets_1":0.015503875968992248,"handValue":0.10200000000000001},"output":{"chips":1}},
{"input":{"Win":0.09302325581395349,"Lose":0,"myCurrBet":0.02666666666666667,"step":0.5,"position":1,"bluff":0,"handValue":0.10500000000000001,"percentBets_1":0.06201550387596899},"output":{"chips":0.5}},
{"input":{"Win":0.09302325581395349,"Lose":0,"myCurrBet":0.02666666666666667,"step":0.75,"position":1,"bluff":1,"handValue":0.1052,"percentBets_1":0.06201550387596899},"output":{"chips":1}},
{"input":{"Win":0.05128205128205128,"Lose":0,"myCurrBet":0.006666666666666667,"step":0,"position":1,"bluff":0,"percentBets_1":0.017094017094017096,"handValue":0.1019},"output":{"chips":1}},
{"input":{"Win":0.05128205128205128,"Lose":0,"myCurrBet":0.02,"step":0.25,"position":1,"bluff":0,"handValue":0.300000120207,"percentBets_1":0.05128205128205128},"output":{"chips":0.5}},
{"input":{"Win":0.05128205128205128,"Lose":0,"myCurrBet":0.02,"step":0.75,"position":1,"bluff":0,"handValue":0.300000120213,"percentBets_1":0.05128205128205128},"output":{"chips":0.5}},
{"input":{"Win":0.05128205128205128,"Lose":0,"myCurrBet":0.02,"step":0.5,"position":1,"bluff":0,"handValue":0.300000120207,"percentBets_1":0.05128205128205128},"output":{"chips":0.5}},
{"input":{"Win":0,"Lose":0.06,"myCurrBet":0.006666666666666667,"step":0,"position":1,"bluff":0,"percentBets_1":0.018018018018018018,"handValue":0.10160000000000001},"output":{"chips":1}},
{"input":{"Win":0,"Lose":0.06,"myCurrBet":0.02,"step":0.25,"position":1,"bluff":1,"handValue":0.1028,"percentBets_1":0.05405405405405406},"output":{"chips":1}},
{"input":{"Win":0,"Lose":0.06,"myCurrBet":0.06,"step":0.75,"position":1,"bluff":0,"handValue":0.1047,"percentBets_1":0.16216216216216217},"output":{"chips":0.5}},
{"input":{"Win":0,"Lose":0.06,"myCurrBet":0.04,"step":0.5,"position":1,"bluff":1,"handValue":0.1037,"percentBets_1":0.10810810810810811},"output":{"chips":1}},
{"input":{"Win":0.046511627906976744,"Lose":0,"myCurrBet":0.006666666666666667,"step":0,"position":1,"bluff":0,"percentBets_1":0.015503875968992248,"handValue":0.1023},"output":{"chips":1}},
{"input":{"Win":0.046511627906976744,"Lose":0,"myCurrBet":0.013333333333333334,"step":0.25,"position":1,"bluff":1,"handValue":0.10260000000000001,"percentBets_1":0.031007751937984496},"output":{"chips":1}},
{"input":{"Win":0.046511627906976744,"Lose":0,"myCurrBet":0.02,"step":0.5,"position":1,"bluff":0,"handValue":0.1038,"percentBets_1":0.046511627906976744},"output":{"chips":0.5}},
{"input":{"Win":0.046511627906976744,"Lose":0,"myCurrBet":0.02,"step":0.75,"position":1,"bluff":0,"handValue":0.30000013111199997,"percentBets_1":0.046511627906976744},"output":{"chips":0.5}},
{"input":{"Win":0.06504065040650407,"Lose":0,"myCurrBet":0.006666666666666667,"step":0,"position":1,"bluff":0,"percentBets_1":0.016260162601626018,"handValue":0.1},"output":{"chips":1}},
{"input":{"Win":0.06504065040650407,"Lose":0,"myCurrBet":0.02666666666666667,"step":0.75,"position":1,"bluff":0,"handValue":0.10300000000000001,"percentBets_1":0.06504065040650407},"output":{"chips":0.5}},
{"input":{"Win":0.06504065040650407,"Lose":0,"myCurrBet":0.02666666666666667,"step":0.5,"position":1,"bluff":0,"handValue":0.1027,"percentBets_1":0.06504065040650407},"output":{"chips":0.5}},
{"input":{"Win":0.06504065040650407,"Lose":0,"myCurrBet":0.02666666666666667,"step":0.25,"position":1,"bluff":0,"handValue":0.10200000000000001,"percentBets_1":0.06504065040650407},"output":{"chips":0.5}},
{"input":{"Win":0.06956521739130435,"Lose":0,"myCurrBet":0.006666666666666667,"step":0,"position":1,"bluff":0,"percentBets_1":0.017391304347826087,"handValue":0.1018},"output":{"chips":1}},
{"input":{"Win":0.06956521739130435,"Lose":0,"myCurrBet":0.02666666666666667,"step":0.75,"position":1,"bluff":1,"handValue":0.10360000000000001,"percentBets_1":0.06956521739130435},"output":{"chips":0.5}},
{"input":{"Win":0.06956521739130435,"Lose":0,"myCurrBet":0.02666666666666667,"step":0.5,"position":1,"bluff":0,"handValue":0.10410000000000001,"percentBets_1":0.06956521739130435},"output":{"chips":0.5}},
{"input":{"Win":0.06956521739130435,"Lose":0,"myCurrBet":0.02666666666666667,"step":0.25,"position":1,"bluff":0,"handValue":0.1038,"percentBets_1":0.06956521739130435},"output":{"chips":0.5}},
{"input":{"Win":0,"Lose":0.006666666666666667,"myCurrBet":0.006666666666666667,"step":0,"position":1,"bluff":1,"percentBets_1":0.018691588785046728,"handValue":0.1015},"output":{"chips":0.5}},
{"input":{"Win":0,"Lose":0.006666666666666667,"myCurrBet":0.006666666666666667,"step":0.25,"position":1,"bluff":0,"handValue":0.1029,"percentBets_1":0.018691588785046728},"output":{"chips":0.5}},
{"input":{"Win":0,"Lose":0.006666666666666667,"myCurrBet":0.006666666666666667,"step":0.5,"position":1,"bluff":0,"handValue":0.10310000000000001,"percentBets_1":0.018691588785046728},"output":{"chips":0.5}},
{"input":{"Win":0,"Lose":0.006666666666666667,"myCurrBet":0.006666666666666667,"step":0.75,"position":1,"bluff":1,"handValue":0.1037,"percentBets_1":0.018691588785046728},"output":{"chips":0.5}},
{"input":{"Win":0.05504587155963303,"Lose":0,"myCurrBet":0.006666666666666667,"step":0,"position":1,"bluff":0,"percentBets_1":0.01834862385321101,"handValue":0.1014},"output":{"chips":1}},
{"input":{"Win":0.05504587155963303,"Lose":0,"myCurrBet":0.02,"step":0.75,"position":1,"bluff":0,"handValue":0.10360000000000001,"percentBets_1":0.05504587155963303},"output":{"chips":0.5}},
{"input":{"Win":0.05504587155963303,"Lose":0,"myCurrBet":0.02,"step":0.5,"position":1,"bluff":0,"handValue":0.10250000000000001,"percentBets_1":0.05504587155963303},"output":{"chips":0.5}},
{"input":{"Win":0.05504587155963303,"Lose":0,"myCurrBet":0.02,"step":0.25,"position":1,"bluff":0,"handValue":0.1015,"percentBets_1":0.05504587155963303},"output":{"chips":0.5}},
{"input":{"Win":0.07766990291262135,"Lose":0,"myCurrBet":0.02666666666666667,"step":0.25,"position":1,"bluff":0,"handValue":0.1029,"percentBets_1":0.07766990291262135},"output":{"chips":0.5}},
{"input":{"Win":0.07766990291262135,"Lose":0,"myCurrBet":0.02666666666666667,"step":0.5,"position":1,"bluff":0,"handValue":0.10310000000000001,"percentBets_1":0.07766990291262135},"output":{"chips":0.5}},
{"input":{"Win":0.07766990291262135,"Lose":0,"myCurrBet":0.02666666666666667,"step":0.75,"position":1,"bluff":0,"handValue":0.10360000000000001,"percentBets_1":0.07766990291262135},"output":{"chips":0.5}},
{"input":{"Win":0.07766990291262135,"Lose":0,"myCurrBet":0.006666666666666667,"step":0,"position":1,"bluff":0,"percentBets_1":0.019417475728155338,"handValue":0.500000000003},"output":{"chips":1}},
{"input":{"Win":0.14736842105263157,"Lose":0,"myCurrBet":0.006666666666666667,"step":0,"position":1,"bluff":1,"percentBets_1":0.021052631578947368,"handValue":0.10070000000000001},"output":{"chips":1}},
{"input":{"Win":0.14736842105263157,"Lose":0,"myCurrBet":0.02666666666666667,"step":0.5,"position":1,"bluff":1,"handValue":0.10310000000000001,"percentBets_1":0.08421052631578947},"output":{"chips":1}},
{"input":{"Win":0.14736842105263157,"Lose":0,"myCurrBet":0.02666666666666667,"step":0.25,"position":1,"bluff":0,"handValue":0.10200000000000001,"percentBets_1":0.08421052631578947},"output":{"chips":0.5}},
{"input":{"Win":0.14736842105263157,"Lose":0,"myCurrBet":0.04666666666666667,"step":0.75,"position":1,"bluff":0,"handValue":0.40000003131100004,"percentBets_1":0.14736842105263157},"output":{"chips":0.5}},
{"input":{"Win":0.07407407407407407,"Lose":0,"myCurrBet":0.01,"step":0,"position":1,"bluff":0,"percentBets_1":0.037037037037037035,"handValue":0.1018},"output":{"chips":1}},
{"input":{"Win":0.07407407407407407,"Lose":0,"myCurrBet":0.02,"step":0.25,"position":1,"bluff":0,"handValue":0.1038,"percentBets_1":0.07407407407407407},"output":{"chips":0.5}},
{"input":{"Win":0.07407407407407407,"Lose":0,"myCurrBet":0.02,"step":0.5,"position":1,"bluff":0,"handValue":0.10300000000000001,"percentBets_1":0.07407407407407407},"output":{"chips":0.5}},
{"input":{"Win":0.07407407407407407,"Lose":0,"myCurrBet":0.02,"step":0.75,"position":1,"bluff":1,"handValue":0.10410000000000001,"percentBets_1":0.07407407407407407},"output":{"chips":0.5}},
{"input":{"Win":0,"Lose":0.02,"myCurrBet":0.01,"step":0,"position":1,"bluff":0,"percentBets_1":0.04,"handValue":0.10120000000000001},"output":{"chips":1}},
{"input":{"Win":0,"Lose":0.02,"myCurrBet":0.02,"step":0.25,"position":1,"bluff":0,"handValue":0.300000100213,"percentBets_1":0.08},"output":{"chips":0.5}},
{"input":{"Win":0,"Lose":0.02,"myCurrBet":0.02,"step":0.5,"position":1,"bluff":0,"handValue":0.300000100213,"percentBets_1":0.08},"output":{"chips":0.5}},
{"input":{"Win":0,"Lose":0.02,"myCurrBet":0.02,"step":0.75,"position":1,"bluff":0,"handValue":0.300000131006,"percentBets_1":0.08},"output":{"chips":0.5}},
{"input":{"Win":0,"Lose":0.02,"myCurrBet":0.01,"step":0,"position":1,"bluff":0,"percentBets_1":0.037037037037037035,"handValue":0.101},"output":{"chips":1}},
{"input":{"Win":0,"Lose":0.02,"myCurrBet":0.02,"step":0.5,"position":1,"bluff":0,"handValue":0.1028,"percentBets_1":0.07407407407407407},"output":{"chips":0.5}},
{"input":{"Win":0,"Lose":0.02,"myCurrBet":0.02,"step":0.25,"position":1,"bluff":0,"handValue":0.1018,"percentBets_1":0.07407407407407407},"output":{"chips":0.5}},
{"input":{"Win":0,"Lose":0.02,"myCurrBet":0.02,"step":0.75,"position":1,"bluff":0,"handValue":0.1033,"percentBets_1":0.07407407407407407},"output":{"chips":0.5}},
{"input":{"Win":0.034482758620689655,"Lose":0,"myCurrBet":0.01,"step":0,"position":1,"bluff":1,"percentBets_1":0.034482758620689655,"handValue":0.1017},"output":{"chips":0.5}},
{"input":{"Win":0.034482758620689655,"Lose":0,"myCurrBet":0.01,"step":0.5,"position":1,"bluff":1,"handValue":0.1038,"percentBets_1":0.034482758620689655},"output":{"chips":0.5}},
{"input":{"Win":0.034482758620689655,"Lose":0,"myCurrBet":0.01,"step":0.25,"position":1,"bluff":0,"handValue":0.1034,"percentBets_1":0.034482758620689655},"output":{"chips":0.5}},
{"input":{"Win":0.034482758620689655,"Lose":0,"myCurrBet":0.01,"step":0.75,"position":1,"bluff":0,"handValue":0.300000060413,"percentBets_1":0.034482758620689655},"output":{"chips":0.5}},
{"input":{"Win":0,"Lose":0.02,"myCurrBet":0.01,"step":0,"position":1,"bluff":0,"percentBets_1":0.03571428571428571,"handValue":0.500000000005},"output":{"chips":1}},
{"input":{"Win":0,"Lose":0.02,"myCurrBet":0.02,"step":0.25,"position":1,"bluff":0,"handValue":0.1039,"percentBets_1":0.07142857142857142},"output":{"chips":0.5}},
{"input":{"Win":0,"Lose":0.02,"myCurrBet":0.02,"step":0.5,"position":1,"bluff":0,"handValue":0.1043,"percentBets_1":0.07142857142857142},"output":{"chips":0.5}},
{"input":{"Win":0,"Lose":0.02,"myCurrBet":0.02,"step":0.75,"position":1,"bluff":0,"handValue":0.1033,"percentBets_1":0.07142857142857142},"output":{"chips":0.5}},
{"input":{"Win":0,"Lose":0.03,"myCurrBet":0.01,"step":0,"position":1,"bluff":0,"percentBets_1":0.03333333333333333,"handValue":0.1019},"output":{"chips":1}},
{"input":{"Win":0,"Lose":0.03,"myCurrBet":0.03,"step":0.25,"position":1,"bluff":0,"handValue":0.1015,"percentBets_1":0.1},"output":{"chips":0.5}},
{"input":{"Win":0,"Lose":0.03,"myCurrBet":0.03,"step":0.75,"position":1,"bluff":0,"handValue":0.300000090113,"percentBets_1":0.1},"output":{"chips":0.5}},
{"input":{"Win":0,"Lose":0.03,"myCurrBet":0.03,"step":0.5,"position":1,"bluff":0,"handValue":0.30000009011,"percentBets_1":0.1},"output":{"chips":0.5}},
{"input":{"Win":0.12121212121212122,"Lose":0,"myCurrBet":0.04,"step":0.75,"position":1,"bluff":0,"handValue":0.10300000000000001,"percentBets_1":0.12121212121212122},"output":{"chips":0.5}},
{"input":{"Win":0.12121212121212122,"Lose":0,"myCurrBet":0.04,"step":0.25,"position":1,"bluff":0,"handValue":0.1032,"percentBets_1":0.12121212121212122},"output":{"chips":0.5}},
{"input":{"Win":0.12121212121212122,"Lose":0,"myCurrBet":0.01,"step":0,"position":1,"bluff":0,"percentBets_1":0.030303030303030304,"handValue":0.1015},"output":{"chips":1}},
{"input":{"Win":0.12121212121212122,"Lose":0,"myCurrBet":0.04,"step":0.5,"position":1,"bluff":1,"handValue":0.10360000000000001,"percentBets_1":0.12121212121212122},"output":{"chips":0.5}},
{"input":{"Win":0.06896551724137931,"Lose":0,"myCurrBet":0.01,"step":0,"position":1,"bluff":0,"percentBets_1":0.034482758620689655,"handValue":0.601005},"output":{"chips":1}},
{"input":{"Win":0.06896551724137931,"Lose":0,"myCurrBet":0.02,"step":0.25,"position":1,"bluff":0,"handValue":0.10310000000000001,"percentBets_1":0.06896551724137931},"output":{"chips":0.5}},
{"input":{"Win":0.06896551724137931,"Lose":0,"myCurrBet":0.02,"step":0.5,"position":1,"bluff":0,"handValue":0.1038,"percentBets_1":0.06896551724137931},"output":{"chips":0.5}},
{"input":{"Win":0.06896551724137931,"Lose":0,"myCurrBet":0.02,"step":0.75,"position":1,"bluff":0,"handValue":0.1046,"percentBets_1":0.06896551724137931},"output":{"chips":0.5}},
{"input":{"Win":0.14814814814814814,"Lose":0,"myCurrBet":0.04,"step":0.5,"position":1,"bluff":0,"handValue":0.300000100512,"percentBets_1":0.14814814814814814},"output":{"chips":0.5}},
{"input":{"Win":0.14814814814814814,"Lose":0,"myCurrBet":0.01,"step":0,"position":1,"bluff":0,"percentBets_1":0.037037037037037035,"handValue":0.1022},"output":{"chips":1}},
{"input":{"Win":0.14814814814814814,"Lose":0,"myCurrBet":0.04,"step":0.25,"position":1,"bluff":0,"handValue":0.1023,"percentBets_1":0.14814814814814814},"output":{"chips":0.5}},
{"input":{"Win":0.14814814814814814,"Lose":0,"myCurrBet":0.04,"step":0.75,"position":1,"bluff":0,"handValue":0.30000010051299997,"percentBets_1":0.14814814814814814},"output":{"chips":0.5}},
{"input":{"Win":0,"Lose":0.04,"myCurrBet":0.01,"step":0,"position":1,"bluff":0,"percentBets_1":0.043478260869565216,"handValue":0.500000000013},"output":{"chips":1}},
{"input":{"Win":0,"Lose":0.04,"myCurrBet":0.02,"step":0.5,"position":1,"bluff":1,"handValue":0.10410000000000001,"percentBets_1":0.08695652173913043},"output":{"chips":1}},
{"input":{"Win":0,"Lose":0.04,"myCurrBet":0.02,"step":0.25,"position":1,"bluff":0,"handValue":0.10350000000000001,"percentBets_1":0.08695652173913043},"output":{"chips":0.5}},
{"input":{"Win":0,"Lose":0.04,"myCurrBet":0.04,"step":0.75,"position":1,"bluff":0,"handValue":0.10450000000000001,"percentBets_1":0.17391304347826086},"output":{"chips":0.5}},
{"input":{"Win":0,"Lose":0.03,"myCurrBet":0.01,"step":0,"position":1,"bluff":0,"percentBets_1":0.037037037037037035,"handValue":0.1014},"output":{"chips":1}},
{"input":{"Win":0,"Lose":0.03,"myCurrBet":0.03,"step":0.25,"position":1,"bluff":0,"handValue":0.10310000000000001,"percentBets_1":0.1111111111111111},"output":{"chips":0.5}},
{"input":{"Win":0,"Lose":0.03,"myCurrBet":0.03,"step":0.5,"position":1,"bluff":0,"handValue":0.10400000000000001,"percentBets_1":0.1111111111111111},"output":{"chips":0.5}},
{"input":{"Win":0,"Lose":0.03,"myCurrBet":0.03,"step":0.75,"position":1,"bluff":0,"handValue":0.1033,"percentBets_1":0.1111111111111111},"output":{"chips":0.5}},
{"input":{"Win":0.16666666666666666,"Lose":0,"myCurrBet":0.04,"step":0.25,"position":1,"bluff":1,"handValue":0.1024,"percentBets_1":0.13333333333333333},"output":{"chips":1}},
{"input":{"Win":0.16666666666666666,"Lose":0,"myCurrBet":0.01,"step":0,"position":1,"bluff":0,"percentBets_1":0.03333333333333333,"handValue":0.601108},"output":{"chips":1}},
{"input":{"Win":0.16666666666666666,"Lose":0,"myCurrBet":0.05,"step":0.5,"position":1,"bluff":0,"handValue":0.1027,"percentBets_1":0.16666666666666666},"output":{"chips":0.5}},
{"input":{"Win":0.16666666666666666,"Lose":0,"myCurrBet":0.05,"step":0.75,"position":1,"bluff":0,"handValue":0.10400000000000001,"percentBets_1":0.16666666666666666},"output":{"chips":0.5}},
{"input":{"Win":0,"Lose":0.05,"myCurrBet":0.01,"step":0,"position":1,"bluff":0,"percentBets_1":0.04,"handValue":0.1},"output":{"chips":1}},
{"input":{"Win":0,"Lose":0.05,"myCurrBet":0.03,"step":0.25,"position":1,"bluff":0,"handValue":0.10300000000000001,"percentBets_1":0.12},"output":{"chips":0.5}},
{"input":{"Win":0,"Lose":0.05,"myCurrBet":0.03,"step":0.5,"position":1,"bluff":1,"handValue":0.10350000000000001,"percentBets_1":0.12},"output":{"chips":1}},
{"input":{"Win":0,"Lose":0.05,"myCurrBet":0.05,"step":0.75,"position":1,"bluff":0,"handValue":0.10450000000000001,"percentBets_1":0.2},"output":{"chips":0.5}},
{"input":{"Win":0,"Lose":0.02,"myCurrBet":0.01,"step":0,"position":1,"bluff":0,"percentBets_1":0.03333333333333333,"handValue":0.10120000000000001},"output":{"chips":1}},
{"input":{"Win":0,"Lose":0.02,"myCurrBet":0.02,"step":0.25,"position":1,"bluff":0,"handValue":0.10310000000000001,"percentBets_1":0.06666666666666667},"output":{"chips":0.5}},
{"input":{"Win":0,"Lose":0.02,"myCurrBet":0.02,"step":0.5,"position":1,"bluff":0,"handValue":0.1038,"percentBets_1":0.06666666666666667},"output":{"chips":0.5}},
{"input":{"Win":0,"Lose":0.02,"myCurrBet":0.02,"step":0.75,"position":1,"bluff":0,"handValue":0.10360000000000001,"percentBets_1":0.06666666666666667},"output":{"chips":0.5}},
{"input":{"Win":0,"Lose":0.04,"myCurrBet":0.04,"step":0.25,"position":1,"bluff":0,"handValue":0.1033,"percentBets_1":0.125},"output":{"chips":0.5}},
{"input":{"Win":0,"Lose":0.04,"myCurrBet":0.01,"step":0,"position":1,"bluff":0,"percentBets_1":0.03125,"handValue":0.10160000000000001},"output":{"chips":1}},
{"input":{"Win":0,"Lose":0.04,"myCurrBet":0.04,"step":0.5,"position":1,"bluff":0,"handValue":0.1042,"percentBets_1":0.125},"output":{"chips":0.5}},
{"input":{"Win":0,"Lose":0.04,"myCurrBet":0.04,"step":0.75,"position":1,"bluff":0,"handValue":0.10500000000000001,"percentBets_1":0.125},"output":{"chips":0.5}},
{"input":{"Win":0.1111111111111111,"Lose":0,"myCurrBet":0.01,"step":0,"position":1,"bluff":0,"percentBets_1":0.027777777777777776,"handValue":0.1017},"output":{"chips":1}},
{"input":{"Win":0.1111111111111111,"Lose":0,"myCurrBet":0.04,"step":0.5,"position":1,"bluff":0,"handValue":0.1034,"percentBets_1":0.1111111111111111},"output":{"chips":0.5}},
{"input":{"Win":0.1111111111111111,"Lose":0,"myCurrBet":0.04,"step":0.75,"position":1,"bluff":0,"handValue":0.1038,"percentBets_1":0.1111111111111111},"output":{"chips":0.5}},
{"input":{"Win":0.1111111111111111,"Lose":0,"myCurrBet":0.03,"step":0.25,"position":1,"bluff":1,"handValue":0.1044,"percentBets_1":0.08333333333333333},"output":{"chips":1}},
{"input":{"Win":0,"Lose":0.04,"myCurrBet":0.01,"step":0,"position":1,"bluff":0,"percentBets_1":0.03125,"handValue":0.1},"output":{"chips":1}},
{"input":{"Win":0,"Lose":0.04,"myCurrBet":0.04,"step":0.75,"position":1,"bluff":0,"handValue":0.1043,"percentBets_1":0.125},"output":{"chips":0.5}},
{"input":{"Win":0,"Lose":0.04,"myCurrBet":0.04,"step":0.5,"position":1,"bluff":0,"handValue":0.1033,"percentBets_1":0.125},"output":{"chips":0.5}},
{"input":{"Win":0,"Lose":0.04,"myCurrBet":0.04,"step":0.25,"position":1,"bluff":0,"handValue":0.10210000000000001,"percentBets_1":0.125},"output":{"chips":0.5}},
{"input":{"Win":0,"Lose":0.03,"myCurrBet":0.01,"step":0,"position":1,"bluff":0,"percentBets_1":0.027777777777777776,"handValue":0.1013},"output":{"chips":1}},
{"input":{"Win":0,"Lose":0.03,"myCurrBet":0.03,"step":0.5,"position":1,"bluff":0,"handValue":0.1039,"percentBets_1":0.08333333333333333},"output":{"chips":0.5}},
{"input":{"Win":0,"Lose":0.03,"myCurrBet":0.03,"step":0.25,"position":1,"bluff":0,"handValue":0.1037,"percentBets_1":0.08333333333333333},"output":{"chips":0.5}},
{"input":{"Win":0,"Lose":0.03,"myCurrBet":0.03,"step":0.75,"position":1,"bluff":0,"handValue":0.1047,"percentBets_1":0.08333333333333333},"output":{"chips":0.5}},
{"input":{"Win":0.02564102564102564,"Lose":0,"myCurrBet":0.01,"step":0,"position":1,"bluff":1,"percentBets_1":0.02564102564102564,"handValue":0.1},"output":{"chips":0.5}},
{"input":{"Win":0.02564102564102564,"Lose":0,"myCurrBet":0.01,"step":0.5,"position":1,"bluff":1,"handValue":0.10250000000000001,"percentBets_1":0.02564102564102564},"output":{"chips":0.5}},
{"input":{"Win":0.02564102564102564,"Lose":0,"myCurrBet":0.01,"step":0.25,"position":1,"bluff":0,"handValue":0.1014,"percentBets_1":0.02564102564102564},"output":{"chips":0.5}},
{"input":{"Win":0.02564102564102564,"Lose":0,"myCurrBet":0.01,"step":0.75,"position":1,"bluff":0,"handValue":0.1029,"percentBets_1":0.02564102564102564},"output":{"chips":0.5}},
{"input":{"Win":0,"Lose":0.04,"myCurrBet":0.01,"step":0,"position":1,"bluff":1,"percentBets_1":0.02631578947368421,"handValue":0.10060000000000001},"output":{"chips":1}},
{"input":{"Win":0,"Lose":0.04,"myCurrBet":0.04,"step":0.25,"position":1,"bluff":0,"handValue":0.1028,"percentBets_1":0.10526315789473684},"output":{"chips":0.5}},
{"input":{"Win":0,"Lose":0.04,"myCurrBet":0.04,"step":0.75,"position":1,"bluff":0,"handValue":0.10500000000000001,"percentBets_1":0.10526315789473684},"output":{"chips":0.5}},
{"input":{"Win":0,"Lose":0.04,"myCurrBet":0.04,"step":0.5,"position":1,"bluff":0,"handValue":0.1037,"percentBets_1":0.10526315789473684},"output":{"chips":0.5}},
{"input":{"Win":0,"Lose":0.02666666666666667,"myCurrBet":0.013333333333333334,"step":0,"position":1,"bluff":0,"percentBets_1":0.031746031746031744,"handValue":0.1015},"output":{"chips":1}},
{"input":{"Win":0,"Lose":0.02666666666666667,"myCurrBet":0.02666666666666667,"step":0.5,"position":1,"bluff":1,"handValue":0.10500000000000001,"percentBets_1":0.06349206349206349},"output":{"chips":0.5}},
{"input":{"Win":0,"Lose":0.02666666666666667,"myCurrBet":0.02666666666666667,"step":0.25,"position":1,"bluff":0,"handValue":0.1044,"percentBets_1":0.06349206349206349},"output":{"chips":0.5}},
{"input":{"Win":0,"Lose":0.02666666666666667,"myCurrBet":0.02666666666666667,"step":0.75,"position":1,"bluff":0,"handValue":0.1051,"percentBets_1":0.06349206349206349},"output":{"chips":0.5}},
{"input":{"Win":0.11940298507462686,"Lose":0,"myCurrBet":0.013333333333333334,"step":0,"position":1,"bluff":0,"percentBets_1":0.029850746268656716,"handValue":0.601101},"output":{"chips":1}},
{"input":{"Win":0.11940298507462686,"Lose":0,"myCurrBet":0.05333333333333334,"step":0.25,"position":1,"bluff":0,"handValue":0.10400000000000001,"percentBets_1":0.11940298507462686},"output":{"chips":0.5}},
{"input":{"Win":0.11940298507462686,"Lose":0,"myCurrBet":0.05333333333333334,"step":0.5,"position":1,"bluff":0,"handValue":0.1042,"percentBets_1":0.11940298507462686},"output":{"chips":0.5}},
{"input":{"Win":0.11940298507462686,"Lose":0,"myCurrBet":0.05333333333333334,"step":0.75,"position":1,"bluff":0,"handValue":0.10540000000000001,"percentBets_1":0.11940298507462686},"output":{"chips":0.5}},
{"input":{"Win":0.1016949152542373,"Lose":0,"myCurrBet":0.013333333333333334,"step":0,"position":1,"bluff":0,"percentBets_1":0.03389830508474576,"handValue":0.600804},"output":{"chips":1}},
{"input":{"Win":0.1016949152542373,"Lose":0,"myCurrBet":0.02666666666666667,"step":0.25,"position":1,"bluff":1,"handValue":0.1037,"percentBets_1":0.06779661016949153},"output":{"chips":1}},
{"input":{"Win":0.1016949152542373,"Lose":0,"myCurrBet":0.04,"step":0.75,"position":1,"bluff":0,"handValue":0.1034,"percentBets_1":0.1016949152542373},"output":{"chips":0.5}},
{"input":{"Win":0.1016949152542373,"Lose":0,"myCurrBet":0.04,"step":0.5,"position":1,"bluff":1,"handValue":0.1042,"percentBets_1":0.1016949152542373},"output":{"chips":0.5}},
{"input":{"Win":0,"Lose":0.04,"myCurrBet":0.013333333333333334,"step":0,"position":1,"bluff":1,"percentBets_1":0.03773584905660377,"handValue":0.500000000011},"output":{"chips":1}},
{"input":{"Win":0,"Lose":0.04,"myCurrBet":0.04,"step":0.5,"position":1,"bluff":0,"handValue":0.1047,"percentBets_1":0.11320754716981132},"output":{"chips":0.5}},
{"input":{"Win":0,"Lose":0.04,"myCurrBet":0.04,"step":0.75,"position":1,"bluff":0,"handValue":0.1043,"percentBets_1":0.11320754716981132},"output":{"chips":0.5}},
{"input":{"Win":0,"Lose":0.04,"myCurrBet":0.04,"step":0.25,"position":1,"bluff":0,"handValue":0.1037,"percentBets_1":0.11320754716981132},"output":{"chips":0.5}},
{"input":{"Win":0.13559322033898305,"Lose":0,"myCurrBet":0.013333333333333334,"step":0,"position":1,"bluff":0,"percentBets_1":0.03389830508474576,"handValue":0.1003},"output":{"chips":1}},
{"input":{"Win":0.13559322033898305,"Lose":0,"myCurrBet":0.05333333333333334,"step":0.25,"position":1,"bluff":0,"handValue":0.1015,"percentBets_1":0.13559322033898305},"output":{"chips":0.5}},
{"input":{"Win":0.13559322033898305,"Lose":0,"myCurrBet":0.05333333333333334,"step":0.75,"position":1,"bluff":0,"handValue":0.10360000000000001,"percentBets_1":0.13559322033898305},"output":{"chips":0.5}},
{"input":{"Win":0.13559322033898305,"Lose":0,"myCurrBet":0.05333333333333334,"step":0.5,"position":1,"bluff":0,"handValue":0.10260000000000001,"percentBets_1":0.13559322033898305},"output":{"chips":0.5}},
{"input":{"Win":0,"Lose":0.04,"myCurrBet":0.04,"step":0.25,"position":1,"bluff":0,"handValue":0.1027,"percentBets_1":0.11764705882352941},"output":{"chips":0.5}},
{"input":{"Win":0,"Lose":0.04,"myCurrBet":0.013333333333333334,"step":0,"position":1,"bluff":0,"percentBets_1":0.0392156862745098,"handValue":0.1019},"output":{"chips":1}},
{"input":{"Win":0,"Lose":0.04,"myCurrBet":0.04,"step":0.5,"position":1,"bluff":0,"handValue":0.1023,"percentBets_1":0.11764705882352941},"output":{"chips":0.5}},
{"input":{"Win":0,"Lose":0.04,"myCurrBet":0.04,"step":0.75,"position":1,"bluff":0,"handValue":0.10350000000000001,"percentBets_1":0.11764705882352941},"output":{"chips":0.5}},
{"input":{"Win":0.3508771929824561,"Lose":0,"myCurrBet":0.013333333333333334,"step":0,"position":1,"bluff":1,"percentBets_1":0.03508771929824561,"handValue":0.1013},"output":{"chips":1}},
{"input":{"Win":0.3508771929824561,"Lose":0,"myCurrBet":0.09333333333333334,"step":0.5,"position":1,"bluff":1,"handValue":0.1047,"percentBets_1":0.24561403508771928},"output":{"chips":1}},
{"input":{"Win":0.3508771929824561,"Lose":0,"myCurrBet":0.05333333333333334,"step":0.25,"position":1,"bluff":1,"handValue":0.10360000000000001,"percentBets_1":0.14035087719298245},"output":{"chips":1}},
{"input":{"Win":0.3508771929824561,"Lose":0,"myCurrBet":0.13333333333333333,"step":0.75,"position":1,"bluff":0,"handValue":0.10550000000000001,"percentBets_1":0.3508771929824561},"output":{"chips":0.5}},
{"input":{"Win":0,"Lose":0.02666666666666667,"myCurrBet":0.013333333333333334,"step":0,"position":1,"bluff":0,"percentBets_1":0.05405405405405406,"handValue":0.10070000000000001},"output":{"chips":1}},
{"input":{"Win":0,"Lose":0.02666666666666667,"myCurrBet":0.02666666666666667,"step":0.25,"position":1,"bluff":0,"handValue":0.1022,"percentBets_1":0.10810810810810811},"output":{"chips":0.5}},
{"input":{"Win":0,"Lose":0.02666666666666667,"myCurrBet":0.02666666666666667,"step":0.75,"position":1,"bluff":0,"handValue":0.30000004010799997,"percentBets_1":0.10810810810810811},"output":{"chips":0.5}},
{"input":{"Win":0,"Lose":0.02666666666666667,"myCurrBet":0.02666666666666667,"step":0.5,"position":1,"bluff":0,"handValue":0.1018,"percentBets_1":0.10810810810810811},"output":{"chips":0.5}},
{"input":{"Win":0,"Lose":0.04,"myCurrBet":0.013333333333333334,"step":0,"position":1,"bluff":0,"percentBets_1":0.04878048780487805,"handValue":0.600702},"output":{"chips":1}},
{"input":{"Win":0,"Lose":0.04,"myCurrBet":0.04,"step":0.75,"position":1,"bluff":0,"handValue":0.10490000000000001,"percentBets_1":0.14634146341463414},"output":{"chips":0.5}},
{"input":{"Win":0,"Lose":0.04,"myCurrBet":0.04,"step":0.5,"position":1,"bluff":0,"handValue":0.1039,"percentBets_1":0.14634146341463414},"output":{"chips":0.5}},
{"input":{"Win":0,"Lose":0.04,"myCurrBet":0.04,"step":0.25,"position":1,"bluff":0,"handValue":0.1034,"percentBets_1":0.14634146341463414},"output":{"chips":0.5}},
{"input":{"Win":0.2127659574468085,"Lose":0,"myCurrBet":0.013333333333333334,"step":0,"position":1,"bluff":0,"percentBets_1":0.0425531914893617,"handValue":0.10250000000000001},"output":{"chips":1}},
{"input":{"Win":0.2127659574468085,"Lose":0,"myCurrBet":0.02666666666666667,"step":0.25,"position":1,"bluff":1,"handValue":0.1024,"percentBets_1":0.0851063829787234},"output":{"chips":1}},
{"input":{"Win":0.2127659574468085,"Lose":0,"myCurrBet":0.06666666666666667,"step":0.75,"position":1,"bluff":0,"handValue":0.10360000000000001,"percentBets_1":0.2127659574468085},"output":{"chips":0.5}},
{"input":{"Win":0.2127659574468085,"Lose":0,"myCurrBet":0.06666666666666667,"step":0.5,"position":1,"bluff":0,"handValue":0.10350000000000001,"percentBets_1":0.2127659574468085},"output":{"chips":0.5}},
{"input":{"Win":0.10810810810810811,"Lose":0,"myCurrBet":0.013333333333333334,"step":0,"position":1,"bluff":0,"percentBets_1":0.05405405405405406,"handValue":0.1019},"output":{"chips":1}},
{"input":{"Win":0.10810810810810811,"Lose":0,"myCurrBet":0.02666666666666667,"step":0.25,"position":1,"bluff":0,"handValue":0.10350000000000001,"percentBets_1":0.10810810810810811},"output":{"chips":0.5}},
{"input":{"Win":0.10810810810810811,"Lose":0,"myCurrBet":0.02666666666666667,"step":0.75,"position":1,"bluff":0,"handValue":0.1037,"percentBets_1":0.10810810810810811},"output":{"chips":0.5}},
{"input":{"Win":0.10810810810810811,"Lose":0,"myCurrBet":0.02666666666666667,"step":0.5,"position":1,"bluff":0,"handValue":0.10400000000000001,"percentBets_1":0.10810810810810811},"output":{"chips":0.5}},
{"input":{"Win":0,"Lose":0.08,"myCurrBet":0.013333333333333334,"step":0,"position":1,"bluff":0,"percentBets_1":0.06060606060606061,"handValue":0.1019},"output":{"chips":1}},
{"input":{"Win":0,"Lose":0.08,"myCurrBet":0.05333333333333334,"step":0.25,"position":1,"bluff":0,"handValue":0.1042,"percentBets_1":0.24242424242424243},"output":{"chips":0.5}},
{"input":{"Win":0,"Lose":0.08,"myCurrBet":0.05333333333333334,"step":0.75,"position":1,"bluff":1,"handValue":0.1034,"percentBets_1":0.24242424242424243},"output":{"chips":1}},
{"input":{"Win":0,"Lose":0.08,"myCurrBet":0.05333333333333334,"step":0.5,"position":1,"bluff":0,"handValue":0.1044,"percentBets_1":0.24242424242424243},"output":{"chips":0.5}},
{"input":{"Win":0,"Lose":0.04,"myCurrBet":0.013333333333333334,"step":0,"position":1,"bluff":0,"percentBets_1":0.044444444444444446,"handValue":0.101},"output":{"chips":1}},
{"input":{"Win":0,"Lose":0.04,"myCurrBet":0.04,"step":0.25,"position":1,"bluff":0,"handValue":0.1018,"percentBets_1":0.13333333333333333},"output":{"chips":0.5}},
{"input":{"Win":0,"Lose":0.04,"myCurrBet":0.04,"step":0.75,"position":1,"bluff":0,"handValue":0.10400000000000001,"percentBets_1":0.13333333333333333},"output":{"chips":0.5}},
{"input":{"Win":0,"Lose":0.04,"myCurrBet":0.04,"step":0.5,"position":1,"bluff":0,"handValue":0.10300000000000001,"percentBets_1":0.13333333333333333},"output":{"chips":0.5}},
{"input":{"Win":0.11764705882352941,"Lose":0,"myCurrBet":0.013333333333333334,"step":0,"position":1,"bluff":0,"percentBets_1":0.0392156862745098,"handValue":0.1019},"output":{"chips":1}},
{"input":{"Win":0.11764705882352941,"Lose":0,"myCurrBet":0.04,"step":0.75,"position":1,"bluff":0,"handValue":0.300000130812,"percentBets_1":0.11764705882352941},"output":{"chips":0.5}},
{"input":{"Win":0.11764705882352941,"Lose":0,"myCurrBet":0.04,"step":0.5,"position":1,"bluff":1,"handValue":0.30000013081099997,"percentBets_1":0.11764705882352941},"output":{"chips":0.5}},
{"input":{"Win":0.11764705882352941,"Lose":0,"myCurrBet":0.04,"step":0.25,"position":1,"bluff":0,"handValue":0.1033,"percentBets_1":0.11764705882352941},"output":{"chips":0.5}},
{"input":{"Win":0.13333333333333333,"Lose":0,"myCurrBet":0.013333333333333334,"step":0,"position":1,"bluff":0,"percentBets_1":0.044444444444444446,"handValue":0.1009},"output":{"chips":1}},
{"input":{"Win":0.13333333333333333,"Lose":0,"myCurrBet":0.04,"step":0.75,"position":1,"bluff":0,"handValue":0.1039,"percentBets_1":0.13333333333333333},"output":{"chips":0.5}},
{"input":{"Win":0.13333333333333333,"Lose":0,"myCurrBet":0.04,"step":0.5,"position":1,"bluff":0,"handValue":0.10310000000000001,"percentBets_1":0.13333333333333333},"output":{"chips":0.5}},
{"input":{"Win":0.13333333333333333,"Lose":0,"myCurrBet":0.04,"step":0.25,"position":1,"bluff":0,"handValue":0.1018,"percentBets_1":0.13333333333333333},"output":{"chips":0.5}},
{"input":{"Win":0.2564102564102564,"Lose":0,"myCurrBet":0.05333333333333334,"step":0.25,"position":1,"bluff":0,"handValue":0.1033,"percentBets_1":0.20512820512820512},"output":{"chips":0.5}},
{"input":{"Win":0.2564102564102564,"Lose":0,"myCurrBet":0.013333333333333334,"step":0,"position":1,"bluff":0,"percentBets_1":0.05128205128205128,"handValue":0.1019},"output":{"chips":1}},
{"input":{"Win":0.2564102564102564,"Lose":0,"myCurrBet":0.05333333333333334,"step":0.5,"position":1,"bluff":0,"handValue":0.10410000000000001,"percentBets_1":0.20512820512820512},"output":{"chips":0.5}},
{"input":{"Win":0.2564102564102564,"Lose":0,"myCurrBet":0.05333333333333334,"step":0.75,"position":1,"bluff":1,"handValue":0.1033,"percentBets_1":0.20512820512820512},"output":{"chips":1}},
{"input":{"Win":0,"Lose":0.05333333333333334,"myCurrBet":0.05333333333333334,"step":0.25,"position":1,"bluff":0,"handValue":0.10300000000000001,"percentBets_1":0.27586206896551724},"output":{"chips":0.5}},
{"input":{"Win":0,"Lose":0.05333333333333334,"myCurrBet":0.05333333333333334,"step":0.5,"position":1,"bluff":0,"handValue":0.10350000000000001,"percentBets_1":0.27586206896551724},"output":{"chips":0.5}},
{"input":{"Win":0,"Lose":0.05333333333333334,"myCurrBet":0.05333333333333334,"step":0.75,"position":1,"bluff":0,"handValue":0.1046,"percentBets_1":0.27586206896551724},"output":{"chips":0.5}},
{"input":{"Win":0,"Lose":0.05333333333333334,"myCurrBet":0.013333333333333334,"step":0,"position":1,"bluff":0,"percentBets_1":0.06896551724137931,"handValue":0.600702},"output":{"chips":1}},
{"input":{"Win":0.10810810810810811,"Lose":0,"myCurrBet":0.013333333333333334,"step":0,"position":1,"bluff":0,"percentBets_1":0.05405405405405406,"handValue":0.1},"output":{"chips":1}},
{"input":{"Win":0.10810810810810811,"Lose":0,"myCurrBet":0.02666666666666667,"step":0.25,"position":1,"bluff":0,"handValue":0.40000002131100004,"percentBets_1":0.10810810810810811},"output":{"chips":0.5}},
{"input":{"Win":0.10810810810810811,"Lose":0,"myCurrBet":0.02666666666666667,"step":0.75,"position":1,"bluff":0,"handValue":0.700000000211,"percentBets_1":0.10810810810810811},"output":{"chips":0}},
{"input":{"Win":0.10810810810810811,"Lose":0,"myCurrBet":0.02666666666666667,"step":0.5,"position":1,"bluff":0,"handValue":0.40000002131100004,"percentBets_1":0.10810810810810811},"output":{"chips":0.5}},
{"input":{"Win":0,"Lose":0.02666666666666667,"myCurrBet":0.013333333333333334,"step":0,"position":1,"bluff":0,"percentBets_1":0.06060606060606061,"handValue":0.1018},"output":{"chips":1}},
{"input":{"Win":0,"Lose":0.02666666666666667,"myCurrBet":0.02666666666666667,"step":0.25,"position":1,"bluff":0,"handValue":0.10400000000000001,"percentBets_1":0.12121212121212122},"output":{"chips":0.5}},
{"input":{"Win":0,"Lose":0.02666666666666667,"myCurrBet":0.02666666666666667,"step":0.5,"position":1,"bluff":0,"handValue":0.10450000000000001,"percentBets_1":0.12121212121212122},"output":{"chips":0.5}},
{"input":{"Win":0,"Lose":0.02666666666666667,"myCurrBet":0.02666666666666667,"step":0.75,"position":1,"bluff":0,"handValue":0.1052,"percentBets_1":0.12121212121212122},"output":{"chips":0.5}},
{"input":{"Win":0,"Lose":0.02666666666666667,"myCurrBet":0.013333333333333334,"step":0,"position":1,"bluff":0,"percentBets_1":0.05405405405405406,"handValue":0.1003},"output":{"chips":1}},
{"input":{"Win":0,"Lose":0.02666666666666667,"myCurrBet":0.02666666666666667,"step":0.75,"position":1,"bluff":0,"handValue":0.1034,"percentBets_1":0.10810810810810811},"output":{"chips":0.5}},
{"input":{"Win":0,"Lose":0.02666666666666667,"myCurrBet":0.02666666666666667,"step":0.5,"position":1,"bluff":0,"handValue":0.1023,"percentBets_1":0.10810810810810811},"output":{"chips":0.5}},
{"input":{"Win":0,"Lose":0.02666666666666667,"myCurrBet":0.02666666666666667,"step":0.25,"position":1,"bluff":0,"handValue":0.10250000000000001,"percentBets_1":0.10810810810810811},"output":{"chips":0.5}},
{"input":{"Win":0.14634146341463414,"Lose":0,"myCurrBet":0.013333333333333334,"step":0,"position":1,"bluff":0,"percentBets_1":0.04878048780487805,"handValue":0.1018},"output":{"chips":1}},
{"input":{"Win":0.14634146341463414,"Lose":0,"myCurrBet":0.04,"step":0.25,"position":1,"bluff":0,"handValue":0.1017,"percentBets_1":0.14634146341463414},"output":{"chips":0.5}},
{"input":{"Win":0.14634146341463414,"Lose":0,"myCurrBet":0.04,"step":0.5,"position":1,"bluff":0,"handValue":0.10250000000000001,"percentBets_1":0.14634146341463414},"output":{"chips":0.5}},
{"input":{"Win":0.14634146341463414,"Lose":0,"myCurrBet":0.04,"step":0.75,"position":1,"bluff":0,"handValue":0.300000110709,"percentBets_1":0.14634146341463414},"output":{"chips":0.5}},
{"input":{"Win":0,"Lose":0.04,"myCurrBet":0.013333333333333334,"step":0,"position":1,"bluff":0,"percentBets_1":0.05714285714285714,"handValue":0.10200000000000001},"output":{"chips":1}},
{"input":{"Win":0,"Lose":0.04,"myCurrBet":0.04,"step":0.5,"position":1,"bluff":0,"handValue":0.1037,"percentBets_1":0.17142857142857143},"output":{"chips":0.5}},
{"input":{"Win":0,"Lose":0.04,"myCurrBet":0.04,"step":0.25,"position":1,"bluff":0,"handValue":0.10350000000000001,"percentBets_1":0.17142857142857143},"output":{"chips":0.5}},
{"input":{"Win":0,"Lose":0.04,"myCurrBet":0.04,"step":0.75,"position":1,"bluff":0,"handValue":0.1048,"percentBets_1":0.17142857142857143},"output":{"chips":0.5}},
{"input":{"Win":0.14634146341463414,"Lose":0,"myCurrBet":0.04,"step":0.25,"position":1,"bluff":0,"handValue":0.10260000000000001,"percentBets_1":0.14634146341463414},"output":{"chips":0.5}},
{"input":{"Win":0.14634146341463414,"Lose":0,"myCurrBet":0.013333333333333334,"step":0,"position":1,"bluff":0,"percentBets_1":0.04878048780487805,"handValue":0.1009},"output":{"chips":1}},
{"input":{"Win":0.14634146341463414,"Lose":0,"myCurrBet":0.04,"step":0.75,"position":1,"bluff":0,"handValue":0.30000006050899997,"percentBets_1":0.14634146341463414},"output":{"chips":0.5}},
{"input":{"Win":0.14634146341463414,"Lose":0,"myCurrBet":0.04,"step":0.5,"position":1,"bluff":0,"handValue":0.10200000000000001,"percentBets_1":0.14634146341463414},"output":{"chips":0.5}},
{"input":{"Win":0,"Lose":0.02666666666666667,"myCurrBet":0.013333333333333334,"step":0,"position":1,"bluff":0,"percentBets_1":0.05714285714285714,"handValue":0.1009},"output":{"chips":1}},
{"input":{"Win":0,"Lose":0.02666666666666667,"myCurrBet":0.02666666666666667,"step":0.25,"position":1,"bluff":0,"handValue":0.1027,"percentBets_1":0.11428571428571428},"output":{"chips":0.5}},
{"input":{"Win":0,"Lose":0.02666666666666667,"myCurrBet":0.02666666666666667,"step":0.5,"position":1,"bluff":0,"handValue":0.10360000000000001,"percentBets_1":0.11428571428571428},"output":{"chips":0.5}},
{"input":{"Win":0,"Lose":0.02666666666666667,"myCurrBet":0.02666666666666667,"step":0.75,"position":1,"bluff":0,"handValue":0.1039,"percentBets_1":0.11428571428571428},"output":{"chips":0.5}},
{"input":{"Win":0,"Lose":0.04,"myCurrBet":0.04,"step":0.25,"position":1,"bluff":0,"handValue":0.1029,"percentBets_1":0.15384615384615385},"output":{"chips":0.5}},
{"input":{"Win":0,"Lose":0.04,"myCurrBet":0.04,"step":0.5,"position":1,"bluff":0,"handValue":0.10410000000000001,"percentBets_1":0.15384615384615385},"output":{"chips":0.5}},
{"input":{"Win":0,"Lose":0.04,"myCurrBet":0.04,"step":0.75,"position":1,"bluff":0,"handValue":0.10540000000000001,"percentBets_1":0.15384615384615385},"output":{"chips":0.5}},
{"input":{"Win":0,"Lose":0.04,"myCurrBet":0.013333333333333334,"step":0,"position":1,"bluff":0,"percentBets_1":0.05128205128205128,"handValue":0.1014},"output":{"chips":1}},
{"input":{"Win":0,"Lose":0.05333333333333334,"myCurrBet":0.05333333333333334,"step":0.5,"position":1,"bluff":0,"handValue":0.1047,"percentBets_1":0.17777777777777778},"output":{"chips":0.5}},
{"input":{"Win":0,"Lose":0.05333333333333334,"myCurrBet":0.05333333333333334,"step":0.25,"position":1,"bluff":0,"handValue":0.10400000000000001,"percentBets_1":0.17777777777777778},"output":{"chips":0.5}},
{"input":{"Win":0,"Lose":0.05333333333333334,"myCurrBet":0.05333333333333334,"step":0.75,"position":1,"bluff":1,"handValue":0.10550000000000001,"percentBets_1":0.17777777777777778},"output":{"chips":0.5}},
{"input":{"Win":0,"Lose":0.05333333333333334,"myCurrBet":0.013333333333333334,"step":0,"position":1,"bluff":0,"percentBets_1":0.044444444444444446,"handValue":0.10110000000000001},"output":{"chips":1}},
{"input":{"Win":0,"Lose":0.02666666666666667,"myCurrBet":0.013333333333333334,"step":0,"position":1,"bluff":1,"percentBets_1":0.03773584905660377,"handValue":0.1019},"output":{"chips":1}},
{"input":{"Win":0,"Lose":0.02666666666666667,"myCurrBet":0.02666666666666667,"step":0.5,"position":1,"bluff":0,"handValue":0.1034,"percentBets_1":0.07547169811320754},"output":{"chips":0.5}},
{"input":{"Win":0,"Lose":0.02666666666666667,"myCurrBet":0.02666666666666667,"step":0.25,"position":1,"bluff":0,"handValue":0.10300000000000001,"percentBets_1":0.07547169811320754},"output":{"chips":0.5}},
{"input":{"Win":0,"Lose":0.02666666666666667,"myCurrBet":0.02666666666666667,"step":0.75,"position":1,"bluff":0,"handValue":0.10360000000000001,"percentBets_1":0.07547169811320754},"output":{"chips":0.5}},
{"input":{"Win":0,"Lose":0.04,"myCurrBet":0.04,"step":0.5,"position":1,"bluff":0,"handValue":0.10490000000000001,"percentBets_1":0.10526315789473684},"output":{"chips":0.5}},
{"input":{"Win":0,"Lose":0.04,"myCurrBet":0.04,"step":0.25,"position":1,"bluff":0,"handValue":0.1037,"percentBets_1":0.10526315789473684},"output":{"chips":0.5}},
{"input":{"Win":0,"Lose":0.04,"myCurrBet":0.013333333333333334,"step":0,"position":1,"bluff":0,"percentBets_1":0.03508771929824561,"handValue":0.601301},"output":{"chips":1}},
{"input":{"Win":0,"Lose":0.04,"myCurrBet":0.04,"step":0.75,"position":1,"bluff":0,"handValue":0.10360000000000001,"percentBets_1":0.10526315789473684},"output":{"chips":0.5}},
{"input":{"Win":0,"Lose":0.05333333333333334,"myCurrBet":0.013333333333333334,"step":0,"position":1,"bluff":0,"percentBets_1":0.031746031746031744,"handValue":0.1014},"output":{"chips":1}},
{"input":{"Win":0,"Lose":0.05333333333333334,"myCurrBet":0.05333333333333334,"step":0.5,"position":1,"bluff":0,"handValue":0.10400000000000001,"percentBets_1":0.12698412698412698},"output":{"chips":0.5}},
{"input":{"Win":0,"Lose":0.05333333333333334,"myCurrBet":0.05333333333333334,"step":0.75,"position":1,"bluff":0,"handValue":0.1029,"percentBets_1":0.12698412698412698},"output":{"chips":0.5}},
{"input":{"Win":0,"Lose":0.05333333333333334,"myCurrBet":0.05333333333333334,"step":0.25,"position":1,"bluff":1,"handValue":0.1038,"percentBets_1":0.12698412698412698},"output":{"chips":0.5}},
{"input":{"Win":0.14084507042253522,"Lose":0,"myCurrBet":0.013333333333333334,"step":0,"position":1,"bluff":0,"percentBets_1":0.028169014084507043,"handValue":0.6009019999999999},"output":{"chips":1}},
{"input":{"Win":0.14084507042253522,"Lose":0,"myCurrBet":0.02666666666666667,"step":0.25,"position":1,"bluff":0,"handValue":0.1018,"percentBets_1":0.056338028169014086},"output":{"chips":0.5}},
{"input":{"Win":0.14084507042253522,"Lose":0,"myCurrBet":0.02666666666666667,"step":0.5,"position":1,"bluff":1,"handValue":0.1019,"percentBets_1":0.056338028169014086},"output":{"chips":1}},
{"input":{"Win":0.14084507042253522,"Lose":0,"myCurrBet":0.06666666666666667,"step":0.75,"position":1,"bluff":1,"handValue":0.1027,"percentBets_1":0.14084507042253522},"output":{"chips":0.5}},
{"input":{"Win":0,"Lose":0.06666666666666667,"myCurrBet":0.06666666666666667,"step":0.25,"position":1,"bluff":0,"handValue":0.30000012081099997,"percentBets_1":0.16393442622950818},"output":{"chips":0.5}},
{"input":{"Win":0,"Lose":0.06666666666666667,"myCurrBet":0.016666666666666666,"step":0,"position":1,"bluff":0,"percentBets_1":0.040983606557377046,"handValue":0.1},"output":{"chips":1}},
{"input":{"Win":0,"Lose":0.06666666666666667,"myCurrBet":0.06666666666666667,"step":0.75,"position":1,"bluff":0,"handValue":0.30000012081099997,"percentBets_1":0.16393442622950818},"output":{"chips":0.5}},
{"input":{"Win":0,"Lose":0.06666666666666667,"myCurrBet":0.06666666666666667,"step":0.5,"position":1,"bluff":0,"handValue":0.30000012081099997,"percentBets_1":0.16393442622950818},"output":{"chips":0.5}},
{"input":{"Win":0.14084507042253522,"Lose":0,"myCurrBet":0.016666666666666666,"step":0,"position":1,"bluff":0,"percentBets_1":0.035211267605633804,"handValue":0.601003},"output":{"chips":1}},
{"input":{"Win":0.14084507042253522,"Lose":0,"myCurrBet":0.06666666666666667,"step":0.75,"position":1,"bluff":0,"handValue":0.1028,"percentBets_1":0.14084507042253522},"output":{"chips":0.5}},
{"input":{"Win":0.14084507042253522,"Lose":0,"myCurrBet":0.06666666666666667,"step":0.5,"position":1,"bluff":0,"handValue":0.10160000000000001,"percentBets_1":0.14084507042253522},"output":{"chips":0.5}},
{"input":{"Win":0.14084507042253522,"Lose":0,"myCurrBet":0.06666666666666667,"step":0.25,"position":1,"bluff":0,"handValue":0.10110000000000001,"percentBets_1":0.14084507042253522},"output":{"chips":0.5}},
{"input":{"Win":0.08196721311475409,"Lose":0,"myCurrBet":0.016666666666666666,"step":0,"position":1,"bluff":0,"percentBets_1":0.040983606557377046,"handValue":0.1},"output":{"chips":1}},
{"input":{"Win":0.08196721311475409,"Lose":0,"myCurrBet":0.03333333333333333,"step":0.5,"position":1,"bluff":0,"handValue":0.300000090411,"percentBets_1":0.08196721311475409},"output":{"chips":0.5}},
{"input":{"Win":0.08196721311475409,"Lose":0,"myCurrBet":0.03333333333333333,"step":0.75,"position":1,"bluff":0,"handValue":0.300000090411,"percentBets_1":0.08196721311475409},"output":{"chips":0.5}},
{"input":{"Win":0.08196721311475409,"Lose":0,"myCurrBet":0.03333333333333333,"step":0.25,"position":1,"bluff":0,"handValue":0.300000090405,"percentBets_1":0.08196721311475409},"output":{"chips":0.5}},
{"input":{"Win":0.08928571428571429,"Lose":0,"myCurrBet":0.016666666666666666,"step":0,"position":1,"bluff":0,"percentBets_1":0.044642857142857144,"handValue":0.10110000000000001},"output":{"chips":1}},
{"input":{"Win":0.08928571428571429,"Lose":0,"myCurrBet":0.03333333333333333,"step":0.25,"position":1,"bluff":0,"handValue":0.10160000000000001,"percentBets_1":0.08928571428571429},"output":{"chips":0.5}},
{"input":{"Win":0.08928571428571429,"Lose":0,"myCurrBet":0.03333333333333333,"step":0.5,"position":1,"bluff":0,"handValue":0.1023,"percentBets_1":0.08928571428571429},"output":{"chips":0.5}},
{"input":{"Win":0.08928571428571429,"Lose":0,"myCurrBet":0.03333333333333333,"step":0.75,"position":1,"bluff":0,"handValue":0.1024,"percentBets_1":0.08928571428571429},"output":{"chips":0.5}},
{"input":{"Win":0,"Lose":0.1,"myCurrBet":0.016666666666666666,"step":0,"position":1,"bluff":0,"percentBets_1":0.049019607843137254,"handValue":0.10110000000000001},"output":{"chips":1}},
{"input":{"Win":0,"Lose":0.1,"myCurrBet":0.05,"step":0.5,"position":1,"bluff":1,"handValue":0.1039,"percentBets_1":0.14705882352941177},"output":{"chips":1}},
{"input":{"Win":0,"Lose":0.1,"myCurrBet":0.1,"step":0.75,"position":1,"bluff":0,"handValue":0.10310000000000001,"percentBets_1":0.29411764705882354},"output":{"chips":0.5}},
{"input":{"Win":0,"Lose":0.1,"myCurrBet":0.05,"step":0.25,"position":1,"bluff":1,"handValue":0.1038,"percentBets_1":0.14705882352941177},"output":{"chips":0.5}},
{"input":{"Win":0,"Lose":0.05,"myCurrBet":0.016666666666666666,"step":0,"position":1,"bluff":1,"percentBets_1":0.03787878787878788,"handValue":0.1013},"output":{"chips":1}},
{"input":{"Win":0,"Lose":0.05,"myCurrBet":0.05,"step":0.5,"position":1,"bluff":0,"handValue":0.300000070613,"percentBets_1":0.11363636363636363},"output":{"chips":0.5}},
{"input":{"Win":0,"Lose":0.05,"myCurrBet":0.05,"step":0.25,"position":1,"bluff":0,"handValue":0.10210000000000001,"percentBets_1":0.11363636363636363},"output":{"chips":0.5}},
{"input":{"Win":0,"Lose":0.05,"myCurrBet":0.05,"step":0.75,"position":1,"bluff":0,"handValue":0.300000130702,"percentBets_1":0.11363636363636363},"output":{"chips":0.5}},
{"input":{"Win":0,"Lose":0.06666666666666667,"myCurrBet":0.016666666666666666,"step":0,"position":1,"bluff":0,"percentBets_1":0.034013605442176874,"handValue":0.6013109999999999},"output":{"chips":1}},
{"input":{"Win":0,"Lose":0.06666666666666667,"myCurrBet":0.06666666666666667,"step":0.25,"position":1,"bluff":0,"handValue":0.1037,"percentBets_1":0.1360544217687075},"output":{"chips":0.5}},
{"input":{"Win":0,"Lose":0.06666666666666667,"myCurrBet":0.06666666666666667,"step":0.5,"position":1,"bluff":0,"handValue":0.1032,"percentBets_1":0.1360544217687075},"output":{"chips":0.5}},
{"input":{"Win":0,"Lose":0.06666666666666667,"myCurrBet":0.06666666666666667,"step":0.75,"position":1,"bluff":0,"handValue":0.10350000000000001,"percentBets_1":0.1360544217687075},"output":{"chips":0.5}},
{"input":{"Win":0.11976047904191617,"Lose":0,"myCurrBet":0.016666666666666666,"step":0,"position":1,"bluff":0,"percentBets_1":0.029940119760479042,"handValue":0.6013109999999999},"output":{"chips":1}},
{"input":{"Win":0.11976047904191617,"Lose":0,"myCurrBet":0.06666666666666667,"step":0.75,"position":1,"bluff":0,"handValue":0.10410000000000001,"percentBets_1":0.11976047904191617},"output":{"chips":0.5}},
{"input":{"Win":0.11976047904191617,"Lose":0,"myCurrBet":0.06666666666666667,"step":0.5,"position":1,"bluff":0,"handValue":0.10360000000000001,"percentBets_1":0.11976047904191617},"output":{"chips":0.5}},
{"input":{"Win":0.11976047904191617,"Lose":0,"myCurrBet":0.06666666666666667,"step":0.25,"position":1,"bluff":0,"handValue":0.1046,"percentBets_1":0.11976047904191617},"output":{"chips":0.5}},
{"input":{"Win":0.034013605442176874,"Lose":0,"myCurrBet":0.016666666666666666,"step":0.25,"position":1,"bluff":0,"handValue":0.10310000000000001,"percentBets_1":0.034013605442176874},"output":{"chips":0.5}},
{"input":{"Win":0.034013605442176874,"Lose":0,"myCurrBet":0.016666666666666666,"step":0.5,"position":1,"bluff":0,"handValue":0.10410000000000001,"percentBets_1":0.034013605442176874},"output":{"chips":0.5}},
{"input":{"Win":0.034013605442176874,"Lose":0,"myCurrBet":0.016666666666666666,"step":0.75,"position":1,"bluff":0,"handValue":0.10300000000000001,"percentBets_1":0.034013605442176874},"output":{"chips":0.5}},
{"input":{"Win":0.034013605442176874,"Lose":0,"myCurrBet":0.016666666666666666,"step":0,"position":1,"bluff":1,"percentBets_1":0.034013605442176874,"handValue":0.600907},"output":{"chips":0.5}},
{"input":{"Win":0,"Lose":0.05,"myCurrBet":0.016666666666666666,"step":0,"position":1,"bluff":0,"percentBets_1":0.035211267605633804,"handValue":0.10110000000000001},"output":{"chips":1}},
{"input":{"Win":0,"Lose":0.05,"myCurrBet":0.05,"step":0.25,"position":1,"bluff":0,"handValue":0.1039,"percentBets_1":0.1056338028169014},"output":{"chips":0.5}},
{"input":{"Win":0,"Lose":0.05,"myCurrBet":0.05,"step":0.75,"position":1,"bluff":0,"handValue":0.1051,"percentBets_1":0.1056338028169014},"output":{"chips":0.5}},
{"input":{"Win":0,"Lose":0.05,"myCurrBet":0.05,"step":0.5,"position":1,"bluff":0,"handValue":0.1046,"percentBets_1":0.1056338028169014},"output":{"chips":0.5}},
{"input":{"Win":0,"Lose":0.06666666666666667,"myCurrBet":0.016666666666666666,"step":0,"position":1,"bluff":0,"percentBets_1":0.03184713375796178,"handValue":0.400000000013},"output":{"chips":1}},
{"input":{"Win":0,"Lose":0.06666666666666667,"myCurrBet":0.06666666666666667,"step":0.25,"position":1,"bluff":1,"handValue":0.1051,"percentBets_1":0.12738853503184713},"output":{"chips":0.5}},
{"input":{"Win":0,"Lose":0.06666666666666667,"myCurrBet":0.06666666666666667,"step":0.75,"position":1,"bluff":0,"handValue":0.1051,"percentBets_1":0.12738853503184713},"output":{"chips":0.5}},
{"input":{"Win":0,"Lose":0.06666666666666667,"myCurrBet":0.06666666666666667,"step":0.5,"position":1,"bluff":1,"handValue":0.1053,"percentBets_1":0.12738853503184713},"output":{"chips":0.5}},
{"input":{"Win":0.11299435028248588,"Lose":0,"myCurrBet":0.016666666666666666,"step":0,"position":1,"bluff":0,"percentBets_1":0.02824858757062147,"handValue":0.10110000000000001},"output":{"chips":1}},
{"input":{"Win":0.11299435028248588,"Lose":0,"myCurrBet":0.06666666666666667,"step":0.75,"position":1,"bluff":0,"handValue":0.1037,"percentBets_1":0.11299435028248588},"output":{"chips":0.5}},
{"input":{"Win":0.11299435028248588,"Lose":0,"myCurrBet":0.06666666666666667,"step":0.25,"position":1,"bluff":0,"handValue":0.10350000000000001,"percentBets_1":0.11299435028248588},"output":{"chips":0.5}},
{"input":{"Win":0.11299435028248588,"Lose":0,"myCurrBet":0.06666666666666667,"step":0.5,"position":1,"bluff":0,"handValue":0.1027,"percentBets_1":0.11299435028248588},"output":{"chips":0.5}},
{"input":{"Win":0.09554140127388536,"Lose":0,"myCurrBet":0.016666666666666666,"step":0,"position":1,"bluff":0,"percentBets_1":0.03184713375796178,"handValue":0.1017},"output":{"chips":1}},
{"input":{"Win":0.09554140127388536,"Lose":0,"myCurrBet":0.05,"step":0.25,"position":1,"bluff":0,"handValue":0.1042,"percentBets_1":0.09554140127388536},"output":{"chips":0.5}},
{"input":{"Win":0.09554140127388536,"Lose":0,"myCurrBet":0.05,"step":0.5,"position":1,"bluff":0,"handValue":0.10450000000000001,"percentBets_1":0.09554140127388536},"output":{"chips":0.5}},
{"input":{"Win":0.09554140127388536,"Lose":0,"myCurrBet":0.05,"step":0.75,"position":1,"bluff":0,"handValue":0.1037,"percentBets_1":0.09554140127388536},"output":{"chips":0.5}},
{"input":{"Win":0.14084507042253522,"Lose":0,"myCurrBet":0.06666666666666667,"step":0.25,"position":1,"bluff":0,"handValue":0.1014,"percentBets_1":0.14084507042253522},"output":{"chips":0.5}},
{"input":{"Win":0.14084507042253522,"Lose":0,"myCurrBet":0.016666666666666666,"step":0,"position":1,"bluff":0,"percentBets_1":0.035211267605633804,"handValue":0.600807},"output":{"chips":1}},
{"input":{"Win":0.14084507042253522,"Lose":0,"myCurrBet":0.06666666666666667,"step":0.5,"position":1,"bluff":0,"handValue":0.400000070805,"percentBets_1":0.14084507042253522},"output":{"chips":0.5}},
{"input":{"Win":0.14084507042253522,"Lose":0,"myCurrBet":0.06666666666666667,"step":0.75,"position":1,"bluff":0,"handValue":0.700000000708,"percentBets_1":0.14084507042253522},"output":{"chips":0}},
{"input":{"Win":0.20491803278688525,"Lose":0,"myCurrBet":0.016666666666666666,"step":0,"position":1,"bluff":0,"percentBets_1":0.040983606557377046,"handValue":0.10160000000000001},"output":{"chips":1}},
{"input":{"Win":0.20491803278688525,"Lose":0,"myCurrBet":0.08333333333333333,"step":0.75,"position":1,"bluff":0,"handValue":0.1043,"percentBets_1":0.20491803278688525},"output":{"chips":0.5}},
{"input":{"Win":0.20491803278688525,"Lose":0,"myCurrBet":0.03333333333333333,"step":0.25,"position":1,"bluff":1,"handValue":0.10300000000000001,"percentBets_1":0.08196721311475409},"output":{"chips":1}},
{"input":{"Win":0.20491803278688525,"Lose":0,"myCurrBet":0.08333333333333333,"step":0.5,"position":1,"bluff":0,"handValue":0.1038,"percentBets_1":0.20491803278688525},"output":{"chips":0.5}},
{"input":{"Win":0.20618556701030927,"Lose":0,"myCurrBet":0.016666666666666666,"step":0,"position":1,"bluff":0,"percentBets_1":0.05154639175257732,"handValue":0.10110000000000001},"output":{"chips":1}},
{"input":{"Win":0.20618556701030927,"Lose":0,"myCurrBet":0.05,"step":0.5,"position":1,"bluff":1,"handValue":0.1027,"percentBets_1":0.15463917525773196},"output":{"chips":1}},
{"input":{"Win":0.20618556701030927,"Lose":0,"myCurrBet":0.06666666666666667,"step":0.75,"position":1,"bluff":0,"handValue":0.10400000000000001,"percentBets_1":0.20618556701030927},"output":{"chips":0.5}},
{"input":{"Win":0.20618556701030927,"Lose":0,"myCurrBet":0.05,"step":0.25,"position":1,"bluff":0,"handValue":0.1024,"percentBets_1":0.15463917525773196},"output":{"chips":0.5}},
{"input":{"Win":0,"Lose":0.03333333333333333,"myCurrBet":0.016666666666666666,"step":0,"position":1,"bluff":0,"percentBets_1":0.06493506493506493,"handValue":0.601306},"output":{"chips":1}},
{"input":{"Win":0,"Lose":0.03333333333333333,"myCurrBet":0.03333333333333333,"step":0.5,"position":1,"bluff":0,"handValue":0.400000130906,"percentBets_1":0.12987012987012986},"output":{"chips":0.5}},
{"input":{"Win":0,"Lose":0.03333333333333333,"myCurrBet":0.03333333333333333,"step":0.75,"position":1,"bluff":0,"handValue":0.400000131209,"percentBets_1":0.12987012987012986},"output":{"chips":0.5}},
{"input":{"Win":0,"Lose":0.03333333333333333,"myCurrBet":0.03333333333333333,"step":0.25,"position":1,"bluff":0,"handValue":0.400000130906,"percentBets_1":0.12987012987012986},"output":{"chips":0.5}},
{"input":{"Win":0.11494252873563218,"Lose":0,"myCurrBet":0.03333333333333333,"step":0.25,"position":1,"bluff":0,"handValue":0.1019,"percentBets_1":0.11494252873563218},"output":{"chips":0.5}},
{"input":{"Win":0.11494252873563218,"Lose":0,"myCurrBet":0.016666666666666666,"step":0,"position":1,"bluff":0,"percentBets_1":0.05747126436781609,"handValue":0.1},"output":{"chips":1}},
{"input":{"Win":0.11494252873563218,"Lose":0,"myCurrBet":0.03333333333333333,"step":0.5,"position":1,"bluff":0,"handValue":0.10310000000000001,"percentBets_1":0.11494252873563218},"output":{"chips":0.5}},
{"input":{"Win":0.11494252873563218,"Lose":0,"myCurrBet":0.03333333333333333,"step":0.75,"position":1,"bluff":0,"handValue":0.1037,"percentBets_1":0.11494252873563218},"output":{"chips":0.5}},
{"input":{"Win":0,"Lose":0.05,"myCurrBet":0.016666666666666666,"step":0,"position":1,"bluff":0,"percentBets_1":0.06493506493506493,"handValue":0.601107},"output":{"chips":1}},
{"input":{"Win":0,"Lose":0.05,"myCurrBet":0.05,"step":0.75,"position":1,"bluff":0,"handValue":0.6011090704009999,"percentBets_1":0.19480519480519481},"output":{"chips":0}},
{"input":{"Win":0,"Lose":0.05,"myCurrBet":0.03333333333333333,"step":0.25,"position":1,"bluff":0,"handValue":0.1033,"percentBets_1":0.12987012987012986},"output":{"chips":0.5}},
{"input":{"Win":0,"Lose":0.05,"myCurrBet":0.03333333333333333,"step":0.5,"position":1,"bluff":1,"handValue":0.6011090704009999,"percentBets_1":0.12987012987012986},"output":{"chips":1}},
{"input":{"Win":0.10869565217391304,"Lose":0,"myCurrBet":0.016666666666666666,"step":0,"position":1,"bluff":0,"percentBets_1":0.05434782608695652,"handValue":0.101},"output":{"chips":1}},
{"input":{"Win":0.10869565217391304,"Lose":0,"myCurrBet":0.03333333333333333,"step":0.25,"position":1,"bluff":0,"handValue":0.10210000000000001,"percentBets_1":0.10869565217391304},"output":{"chips":0.5}},
{"input":{"Win":0.10869565217391304,"Lose":0,"myCurrBet":0.03333333333333333,"step":0.75,"position":1,"bluff":0,"handValue":0.400000041108,"percentBets_1":0.10869565217391304},"output":{"chips":0.5}},
{"input":{"Win":0.10869565217391304,"Lose":0,"myCurrBet":0.03333333333333333,"step":0.5,"position":1,"bluff":1,"handValue":0.400000040807,"percentBets_1":0.10869565217391304},"output":{"chips":0.5}},
{"input":{"Win":0.12195121951219512,"Lose":0,"myCurrBet":0.016666666666666666,"step":0,"position":1,"bluff":0,"percentBets_1":0.06097560975609756,"handValue":0.10160000000000001},"output":{"chips":1}},
{"input":{"Win":0.12195121951219512,"Lose":0,"myCurrBet":0.03333333333333333,"step":0.25,"position":1,"bluff":0,"handValue":0.10250000000000001,"percentBets_1":0.12195121951219512},"output":{"chips":0.5}},
{"input":{"Win":0.12195121951219512,"Lose":0,"myCurrBet":0.03333333333333333,"step":0.75,"position":1,"bluff":1,"handValue":0.1028,"percentBets_1":0.12195121951219512},"output":{"chips":0.5}},
{"input":{"Win":0.12195121951219512,"Lose":0,"myCurrBet":0.03333333333333333,"step":0.5,"position":1,"bluff":0,"handValue":0.1033,"percentBets_1":0.12195121951219512},"output":{"chips":0.5}},
{"input":{"Win":0,"Lose":0.03333333333333333,"myCurrBet":0.016666666666666666,"step":0,"position":1,"bluff":0,"percentBets_1":0.06944444444444445,"handValue":0.1008},"output":{"chips":1}},
{"input":{"Win":0,"Lose":0.03333333333333333,"myCurrBet":0.03333333333333333,"step":0.25,"position":1,"bluff":0,"handValue":0.1039,"percentBets_1":0.1388888888888889},"output":{"chips":0.5}},
{"input":{"Win":0,"Lose":0.03333333333333333,"myCurrBet":0.03333333333333333,"step":0.5,"position":1,"bluff":0,"handValue":0.1051,"percentBets_1":0.1388888888888889},"output":{"chips":0.5}},
{"input":{"Win":0,"Lose":0.03333333333333333,"myCurrBet":0.03333333333333333,"step":0.75,"position":1,"bluff":0,"handValue":0.10550000000000001,"percentBets_1":0.1388888888888889},"output":{"chips":0.5}},
{"input":{"Win":0.24390243902439024,"Lose":0,"myCurrBet":0.016666666666666666,"step":0,"position":1,"bluff":0,"percentBets_1":0.06097560975609756,"handValue":0.10110000000000001},"output":{"chips":1}},
{"input":{"Win":0.24390243902439024,"Lose":0,"myCurrBet":0.05,"step":0.25,"position":1,"bluff":0,"handValue":0.300000090208,"percentBets_1":0.18292682926829268},"output":{"chips":0.5}},
{"input":{"Win":0.24390243902439024,"Lose":0,"myCurrBet":0.05,"step":0.5,"position":1,"bluff":0,"handValue":0.300000090208,"percentBets_1":0.18292682926829268},"output":{"chips":0.5}},
{"input":{"Win":0.24390243902439024,"Lose":0,"myCurrBet":0.05,"step":0.75,"position":1,"bluff":1,"handValue":0.30000009021199997,"percentBets_1":0.18292682926829268},"output":{"chips":1}},
{"input":{"Win":0.3225806451612903,"Lose":0,"myCurrBet":0.06666666666666667,"step":0.25,"position":1,"bluff":0,"handValue":0.1037,"percentBets_1":0.3225806451612903},"output":{"chips":0.5}},
{"input":{"Win":0.3225806451612903,"Lose":0,"myCurrBet":0.016666666666666666,"step":0,"position":1,"bluff":0,"percentBets_1":0.08064516129032258,"handValue":0.601105},"output":{"chips":1}},
{"input":{"Win":0.3225806451612903,"Lose":0,"myCurrBet":0.06666666666666667,"step":0.5,"position":1,"bluff":0,"handValue":0.1034,"percentBets_1":0.3225806451612903},"output":{"chips":0.5}},
{"input":{"Win":0.3225806451612903,"Lose":0,"myCurrBet":0.06666666666666667,"step":0.75,"position":1,"bluff":0,"handValue":0.10360000000000001,"percentBets_1":0.3225806451612903},"output":{"chips":0.5}},
{"input":{"Win":0,"Lose":0.1,"myCurrBet":0.016666666666666666,"step":0,"position":1,"bluff":0,"percentBets_1":0.11904761904761904,"handValue":0.10120000000000001},"output":{"chips":1}},
{"input":{"Win":0,"Lose":0.1,"myCurrBet":0.06666666666666667,"step":0.25,"position":1,"bluff":0,"handValue":0.1024,"percentBets_1":0.47619047619047616},"output":{"chips":0.5}},
{"input":{"Win":0,"Lose":0.1,"myCurrBet":0.1,"step":0.75,"position":1,"bluff":0,"handValue":0.30000013120999997,"percentBets_1":0.7142857142857143},"output":{"chips":0}},
{"input":{"Win":0,"Lose":0.1,"myCurrBet":0.06666666666666667,"step":0.5,"position":1,"bluff":1,"handValue":0.10250000000000001,"percentBets_1":0.47619047619047616},"output":{"chips":1}},
{"input":{"Win":0,"Lose":0.06666666666666667,"myCurrBet":0.016666666666666666,"step":0,"position":1,"bluff":0,"percentBets_1":0.06944444444444445,"handValue":0.10120000000000001},"output":{"chips":1}},
{"input":{"Win":0,"Lose":0.06666666666666667,"myCurrBet":0.06666666666666667,"step":0.25,"position":1,"bluff":0,"handValue":0.10250000000000001,"percentBets_1":0.2777777777777778},"output":{"chips":0.5}},
{"input":{"Win":0,"Lose":0.06666666666666667,"myCurrBet":0.06666666666666667,"step":0.5,"position":1,"bluff":0,"handValue":0.10310000000000001,"percentBets_1":0.2777777777777778},"output":{"chips":0.5}},
{"input":{"Win":0,"Lose":0.06666666666666667,"myCurrBet":0.06666666666666667,"step":0.75,"position":1,"bluff":0,"handValue":0.1043,"percentBets_1":0.2777777777777778},"output":{"chips":0.5}},
{"input":{"Win":0,"Lose":0.08333333333333333,"myCurrBet":0.016666666666666666,"step":0,"position":1,"bluff":1,"percentBets_1":0.05434782608695652,"handValue":0.1019},"output":{"chips":1}},
{"input":{"Win":0,"Lose":0.08333333333333333,"myCurrBet":0.03333333333333333,"step":0.25,"position":1,"bluff":1,"handValue":0.1033,"percentBets_1":0.10869565217391304},"output":{"chips":1}},
{"input":{"Win":0,"Lose":0.08333333333333333,"myCurrBet":0.08333333333333333,"step":0.5,"position":1,"bluff":0,"handValue":0.1038,"percentBets_1":0.2717391304347826},"output":{"chips":0.5}},
{"input":{"Win":0,"Lose":0.08333333333333333,"myCurrBet":0.08333333333333333,"step":0.75,"position":1,"bluff":0,"handValue":0.10400000000000001,"percentBets_1":0.2717391304347826},"output":{"chips":0.5}},
{"input":{"Win":0.1282051282051282,"Lose":0,"myCurrBet":0.016666666666666666,"step":0,"position":1,"bluff":1,"percentBets_1":0.042735042735042736,"handValue":0.600804},"output":{"chips":1}},
{"input":{"Win":0.1282051282051282,"Lose":0,"myCurrBet":0.05,"step":0.25,"position":1,"bluff":0,"handValue":0.1013,"percentBets_1":0.1282051282051282},"output":{"chips":0.5}},
{"input":{"Win":0.1282051282051282,"Lose":0,"myCurrBet":0.05,"step":0.75,"position":1,"bluff":1,"handValue":0.30000007010999996,"percentBets_1":0.1282051282051282},"output":{"chips":0.5}},
{"input":{"Win":0.1282051282051282,"Lose":0,"myCurrBet":0.05,"step":0.5,"position":1,"bluff":0,"handValue":0.1023,"percentBets_1":0.1282051282051282},"output":{"chips":0.5}},
{"input":{"Win":0.09803921568627451,"Lose":0,"myCurrBet":0.016666666666666666,"step":0,"position":1,"bluff":0,"percentBets_1":0.049019607843137254,"handValue":0.601102},"output":{"chips":1}},
{"input":{"Win":0.09803921568627451,"Lose":0,"myCurrBet":0.03333333333333333,"step":0.25,"position":1,"bluff":0,"handValue":0.1037,"percentBets_1":0.09803921568627451},"output":{"chips":0.5}},
{"input":{"Win":0.09803921568627451,"Lose":0,"myCurrBet":0.03333333333333333,"step":0.5,"position":1,"bluff":0,"handValue":0.1042,"percentBets_1":0.09803921568627451},"output":{"chips":0.5}},
{"input":{"Win":0.09803921568627451,"Lose":0,"myCurrBet":0.03333333333333333,"step":0.75,"position":1,"bluff":0,"handValue":0.1043,"percentBets_1":0.09803921568627451},"output":{"chips":0.5}},
{"input":{"Win":0.21739130434782608,"Lose":0,"myCurrBet":0.016666666666666666,"step":0,"position":1,"bluff":0,"percentBets_1":0.05434782608695652,"handValue":0.1015},"output":{"chips":1}},
{"input":{"Win":0.21739130434782608,"Lose":0,"myCurrBet":0.06666666666666667,"step":0.25,"position":1,"bluff":0,"handValue":0.10250000000000001,"percentBets_1":0.21739130434782608},"output":{"chips":0.5}},
{"input":{"Win":0.21739130434782608,"Lose":0,"myCurrBet":0.06666666666666667,"step":0.5,"position":1,"bluff":0,"handValue":0.10160000000000001,"percentBets_1":0.21739130434782608},"output":{"chips":0.5}},
{"input":{"Win":0.21739130434782608,"Lose":0,"myCurrBet":0.06666666666666667,"step":0.75,"position":1,"bluff":0,"handValue":0.10260000000000001,"percentBets_1":0.21739130434782608},"output":{"chips":0.5}},
{"input":{"Win":0.2777777777777778,"Lose":0,"myCurrBet":0.06666666666666667,"step":0.25,"position":1,"bluff":0,"handValue":0.1043,"percentBets_1":0.2777777777777778},"output":{"chips":0.5}},
{"input":{"Win":0.2777777777777778,"Lose":0,"myCurrBet":0.06666666666666667,"step":0.75,"position":1,"bluff":0,"handValue":0.10360000000000001,"percentBets_1":0.2777777777777778},"output":{"chips":0.5}},
{"input":{"Win":0.2777777777777778,"Lose":0,"myCurrBet":0.06666666666666667,"step":0.5,"position":1,"bluff":0,"handValue":0.1044,"percentBets_1":0.2777777777777778},"output":{"chips":0.5}},
{"input":{"Win":0.2777777777777778,"Lose":0,"myCurrBet":0.016666666666666666,"step":0,"position":1,"bluff":0,"percentBets_1":0.06944444444444445,"handValue":0.60131},"output":{"chips":1}},
{"input":{"Win":0.28846153846153844,"Lose":0,"myCurrBet":0.016666666666666666,"step":0,"position":1,"bluff":0,"percentBets_1":0.09615384615384616,"handValue":0.10160000000000001},"output":{"chips":1}},
{"input":{"Win":0.28846153846153844,"Lose":0,"myCurrBet":0.03333333333333333,"step":0.25,"position":1,"bluff":0,"handValue":0.1024,"percentBets_1":0.19230769230769232},"output":{"chips":0.5}},
{"input":{"Win":0.28846153846153844,"Lose":0,"myCurrBet":0.03333333333333333,"step":0.75,"position":1,"bluff":1,"handValue":0.10450000000000001,"percentBets_1":0.19230769230769232},"output":{"chips":1}},
{"input":{"Win":0.28846153846153844,"Lose":0,"myCurrBet":0.03333333333333333,"step":0.5,"position":1,"bluff":0,"handValue":0.1037,"percentBets_1":0.19230769230769232},"output":{"chips":0.5}},
{"input":{"Win":0.40540540540540543,"Lose":0,"myCurrBet":0.016666666666666666,"step":0,"position":1,"bluff":0,"percentBets_1":0.13513513513513514,"handValue":0.1},"output":{"chips":1}},
{"input":{"Win":0.40540540540540543,"Lose":0,"myCurrBet":0.05,"step":0.5,"position":1,"bluff":0,"handValue":0.300000110908,"percentBets_1":0.40540540540540543},"output":{"chips":0.5}},
{"input":{"Win":0.40540540540540543,"Lose":0,"myCurrBet":0.05,"step":0.25,"position":1,"bluff":0,"handValue":0.1018,"percentBets_1":0.40540540540540543},"output":{"chips":0.5}},
{"input":{"Win":0.40540540540540543,"Lose":0,"myCurrBet":0.05,"step":0.75,"position":1,"bluff":0,"handValue":0.300000110908,"percentBets_1":0.40540540540540543},"output":{"chips":0}},
{"input":{"Win":0,"Lose":0.03333333333333333,"myCurrBet":0.016666666666666666,"step":0,"position":1,"bluff":0,"percentBets_1":0.22727272727272727,"handValue":0.500000000013},"output":{"chips":1}},
{"input":{"Win":0,"Lose":0.03333333333333333,"myCurrBet":0.03333333333333333,"step":0.25,"position":1,"bluff":0,"handValue":0.1028,"percentBets_1":0.45454545454545453},"output":{"chips":0.5}},
{"input":{"Win":0,"Lose":0.03333333333333333,"myCurrBet":0.03333333333333333,"step":0.75,"position":1,"bluff":0,"handValue":0.10410000000000001,"percentBets_1":0.45454545454545453},"output":{"chips":0.5}},
{"input":{"Win":0,"Lose":0.03333333333333333,"myCurrBet":0.03333333333333333,"step":0.5,"position":1,"bluff":0,"handValue":0.10350000000000001,"percentBets_1":0.45454545454545453},"output":{"chips":0.5}},
{"input":{"Win":0.625,"Lose":0,"myCurrBet":0.016666666666666666,"step":0,"position":1,"bluff":0,"percentBets_1":0.15625,"handValue":0.1},"output":{"chips":1}},
{"input":{"Win":0.625,"Lose":0,"myCurrBet":0.06666666666666667,"step":0.5,"position":1,"bluff":0,"handValue":0.40000006100700003,"percentBets_1":0.625},"output":{"chips":0}},
{"input":{"Win":0.625,"Lose":0,"myCurrBet":0.06666666666666667,"step":0.5,"position":1,"bluff":0,"handValue":0.40000006100700003,"percentBets_1":0.625},"output":{"chips":0}},
{"input":{"Win":0.625,"Lose":0,"myCurrBet":0.06666666666666667,"step":0.25,"position":1,"bluff":0,"handValue":0.40000006100700003,"percentBets_1":0.625},"output":{"chips":0.5}},
{"input":{"Win":0.4166666666666667,"Lose":0,"myCurrBet":0.016666666666666666,"step":0,"position":1,"bluff":0,"percentBets_1":0.4166666666666667,"handValue":0.1019},"output":{"chips":1}},
