{"input":{"Win":0,"Lose":0,"myCurrBet":0.0016666666666666668,"step":0,"position":0.25,"bluff":0,"percentBets_2":0.013333333333333334,"handValue":0.1023,"percentBets_3":0.02666666666666667,"percentBets_4":0.02666666666666667},"output":{"chips":1}},
{"input":{"Win":0,"Lose":0,"myCurrBet":0.013333333333333334,"step":0,"position":0.25,"bluff":0,"handValue":0.1023,"percentBets_2":0.08,"percentBets_3":0.16,"percentBets_4":0.16},"output":{"chips":0}},
{"input":{"Win":0,"Lose":0.013333333333333334,"myCurrBet":0.0016666666666666668,"step":0,"position":0.25,"bluff":0,"percentBets_2":0.01639344262295082,"handValue":0.1017,"percentBets_3":0.03389830508474576,"percentBets_4":0.01834862385321101},"output":{"chips":1}},
{"input":{"Win":0,"Lose":0.013333333333333334,"myCurrBet":0.016666666666666666,"step":0,"position":0.25,"bluff":0,"handValue":0.1017,"percentBets_2":0.08196721311475409,"percentBets_3":0.1694915254237288,"percentBets_4":0.09174311926605505},"output":{"chips":0}},
{"input":{"Win":0,"Lose":0.016666666666666666,"myCurrBet":0.0016666666666666668,"step":0,"position":0.25,"bluff":0,"percentBets_2":0.017857142857142856,"handValue":0.1017,"percentBets_3":0.02531645569620253,"percentBets_4":0.020202020202020204},"output":{"chips":1}},
{"input":{"Win":0,"Lose":0.016666666666666666,"myCurrBet":0.016666666666666666,"step":0,"position":0.25,"bluff":1,"handValue":0.1017,"percentBets_2":0.08928571428571429,"percentBets_3":0.12658227848101267,"percentBets_4":0.10101010101010101},"output":{"chips":1}},
{"input":{"Win":0,"Lose":0.016666666666666666,"myCurrBet":0.043333333333333335,"step":0,"position":0.25,"bluff":0,"handValue":0.1017,"percentBets_2":0.2857142857142857,"percentBets_3":0.4050632911392405,"percentBets_4":0.32323232323232326},"output":{"chips":0}},
{"input":{"Win":0,"Lose":0.043333333333333335,"myCurrBet":0.0016666666666666668,"step":0,"position":0.25,"bluff":0,"percentBets_2":0.025,"handValue":0.500000000007,"percentBets_3":0.0425531914893617,"percentBets_4":0.0125},"output":{"chips":0}},
{"input":{"Win":0,"Lose":0.0016666666666666668,"myCurrBet":0.0016666666666666668,"step":0,"position":0.25,"bluff":0,"percentBets_2":0.03333333333333333,"handValue":0.10060000000000001,"percentBets_3":0.02962962962962963,"percentBets_4":0.013333333333333334},"output":{"chips":1}},
{"input":{"Win":0,"Lose":0.0016666666666666668,"myCurrBet":0.02,"step":0.25,"position":0.25,"bluff":0,"handValue":0.1022,"percentBets_2":0,"percentBets_3":0.08888888888888889,"percentBets_4":0.04},"output":{"chips":0}},
{"input":{"Win":0,"Lose":0.0016666666666666668,"myCurrBet":0.01,"step":0,"position":0.25,"bluff":1,"handValue":0.10060000000000001,"percentBets_2":0.1,"percentBets_3":0.08888888888888889,"percentBets_4":0.04},"output":{"chips":0.5}},
{"input":{"Win":0,"Lose":0.0016666666666666668,"myCurrBet":0.02,"step":0.25,"position":0.25,"bluff":0,"handValue":0.1022,"percentBets_3":0.08888888888888889,"percentBets_4":0.04},"output":{"chips":0}},
{"input":{"Win":0,"Lose":0.0016666666666666668,"myCurrBet":0.023333333333333334,"step":0.25,"position":0.25,"bluff":0,"handValue":0.1029,"percentBets_3":0.11851851851851852,"percentBets_4":0.05333333333333334},"output":{"chips":0}},
{"input":{"Win":0,"Lose":0.0016666666666666668,"myCurrBet":0.02,"step":0.25,"position":0.25,"bluff":1,"handValue":0.10260000000000001,"percentBets_3":0.08888888888888889,"percentBets_4":0.04},"output":{"chips":1}},
{"input":{"Win":0,"Lose":0.023333333333333334,"myCurrBet":0.0016666666666666668,"step":0,"position":0.25,"bluff":0,"percentBets_2":0.037037037037037035,"handValue":0.60111,"percentBets_3":0.03361344537815126,"percentBets_4":0.011904761904761904},"output":{"chips":0}},
{"input":{"Win":0,"Lose":0.0016666666666666668,"myCurrBet":0.0016666666666666668,"step":0,"position":0.25,"bluff":0,"percentBets_2":0.16666666666666666,"handValue":0.10120000000000001,"percentBets_3":0.056338028169014086,"percentBets_4":0.00936768149882904},"output":{"chips":0.5}},
{"input":{"Win":0,"Lose":0.0016666666666666668,"myCurrBet":0.006666666666666667,"step":0,"position":0.25,"bluff":0,"handValue":0.10120000000000001,"percentBets_2":0.5,"percentBets_3":0.16901408450704225,"percentBets_4":0.02810304449648712},"output":{"chips":0}},
{"input":{"Win":0,"Lose":0.006666666666666667,"myCurrBet":0.02,"step":0.25,"position":0.3333333333333333,"bluff":1,"handValue":0.700000001304,"percentBets_2":0.2033898305084746,"percentBets_3":0.026373626373626374},"output":{"chips":1}},
{"input":{"Win":0,"Lose":0.006666666666666667,"myCurrBet":0.0016666666666666668,"step":0,"position":0.3333333333333333,"bluff":0,"percentBets_2":0.03389830508474576,"handValue":0.1017,"percentBets_3":0.004395604395604396},"output":{"chips":1}},
{"input":{"Win":0,"Lose":0.006666666666666667,"myCurrBet":0.01,"step":0,"position":0.3333333333333333,"bluff":0,"handValue":0.1017,"percentBets_2":0.2033898305084746,"percentBets_3":0.026373626373626374},"output":{"chips":0.5}},
{"input":{"Win":0,"Lose":0.006666666666666667,"myCurrBet":0.023333333333333334,"step":0.25,"position":0.3333333333333333,"bluff":0,"handValue":0.700000001304,"percentBets_2":0.2711864406779661,"percentBets_3":0.035164835164835165},"output":{"chips":0}},
{"input":{"Win":0,"Lose":0.023333333333333334,"myCurrBet":0.01,"step":0,"position":0.3333333333333333,"bluff":0,"handValue":0.1019,"percentBets_2":0.1348314606741573,"percentBets_3":0.02733485193621868},"output":{"chips":0.5}},
{"input":{"Win":0,"Lose":0.023333333333333334,"myCurrBet":0.0016666666666666668,"step":0,"position":0.3333333333333333,"bluff":0,"percentBets_2":0.02247191011235955,"handValue":0.1019,"percentBets_3":0.004555808656036446},"output":{"chips":1}},
{"input":{"Win":0,"Lose":0.023333333333333334,"myCurrBet":0.02,"step":0.25,"position":0.3333333333333333,"bluff":0,"handValue":0.30000009041,"percentBets_2":0.1348314606741573,"percentBets_3":0.02733485193621868},"output":{"chips":0}},
{"input":{"Win":0,"Lose":0.023333333333333334,"myCurrBet":0.023333333333333334,"step":0.25,"position":0.3333333333333333,"bluff":0,"handValue":0.7000000004089999,"percentBets_2":0.1797752808988764,"percentBets_3":0.03644646924829157},"output":{"chips":0}},
{"input":{"Win":0,"Lose":0.023333333333333334,"myCurrBet":0.02,"step":0.25,"position":0.3333333333333333,"bluff":1,"handValue":0.30000009041,"percentBets_2":0.1348314606741573,"percentBets_3":0.02733485193621868},"output":{"chips":1}},
{"input":{"Win":0,"Lose":0.023333333333333334,"myCurrBet":0.02,"step":0.25,"position":0.3333333333333333,"bluff":0,"handValue":0.30000009041,"percentBets_2":0.1348314606741573,"percentBets_3":0.02733485193621868},"output":{"chips":0}},
{"input":{"Win":0,"Lose":0.05,"myCurrBet":0.0016666666666666668,"step":0,"position":0.3333333333333333,"bluff":0,"percentBets_2":0.0273972602739726,"handValue":0.1013,"percentBets_3":0.0042643923240938165},"output":{"chips":1}},
{"input":{"Win":0,"Lose":0.05,"myCurrBet":0.013333333333333334,"step":0,"position":0.3333333333333333,"bluff":0,"handValue":0.1013,"percentBets_2":0.2191780821917808,"percentBets_3":0.03411513859275053},"output":{"chips":0.5}},
{"input":{"Win":0,"Lose":0.05,"myCurrBet":0.02666666666666667,"step":0.5,"position":0.3333333333333333,"bluff":0,"handValue":0.1028,"percentBets_2":0.2191780821917808,"percentBets_3":0.03411513859275053},"output":{"chips":0}},
{"input":{"Win":0,"Lose":0.05,"myCurrBet":0.02666666666666667,"step":0.25,"position":0.3333333333333333,"bluff":0,"handValue":0.10200000000000001,"percentBets_2":0.2191780821917808,"percentBets_3":0.03411513859275053},"output":{"chips":0.5}},
{"input":{"Win":0,"Lose":0.05,"myCurrBet":0.02666666666666667,"step":0.5,"position":0.3333333333333333,"bluff":0,"handValue":0.1028,"percentBets_2":0.2191780821917808,"percentBets_3":0.03411513859275053},"output":{"chips":0}},
{"input":{"Win":0,"Lose":0,"myCurrBet":0.0016666666666666668,"step":0,"position":0.3333333333333333,"bluff":0,"percentBets_2":0.03508771929824561,"handValue":0.601007,"percentBets_3":0.003992015968063872},"output":{"chips":0}},
{"input":{"Win":0.04121863799283154,"Lose":0,"myCurrBet":0.0016666666666666668,"step":0,"position":0.3333333333333333,"bluff":0,"percentBets_2":0.03636363636363636,"handValue":0.1009,"percentBets_3":0.003968253968253968},"output":{"chips":1}},
{"input":{"Win":0.04121863799283154,"Lose":0,"myCurrBet":0.02,"step":0.5,"position":0.3333333333333333,"bluff":0,"handValue":0.1028,"percentBets_2":0.21818181818181817,"percentBets_3":0.023809523809523808},"output":{"chips":0}},
{"input":{"Win":0.04121863799283154,"Lose":0,"myCurrBet":0.01,"step":0,"position":0.3333333333333333,"bluff":0,"handValue":0.1009,"percentBets_2":0.21818181818181817,"percentBets_3":0.023809523809523808},"output":{"chips":0.5}},
{"input":{"Win":0.04121863799283154,"Lose":0,"myCurrBet":0.02,"step":0.25,"position":0.3333333333333333,"bluff":0,"handValue":0.10160000000000001,"percentBets_2":0.21818181818181817,"percentBets_3":0.023809523809523808},"output":{"chips":0.5}},
{"input":{"Win":0.04121863799283154,"Lose":0,"myCurrBet":0.02,"step":0.5,"position":0.3333333333333333,"bluff":0,"handValue":0.1028,"percentBets_2":0.21818181818181817,"percentBets_3":0.023809523809523808},"output":{"chips":0}},
{"input":{"Win":0,"Lose":0.02,"myCurrBet":0.02,"step":0.25,"position":0.3333333333333333,"bluff":0,"handValue":0.10360000000000001,"percentBets_2":0.27906976744186046,"percentBets_3":0.024390243902439025},"output":{"chips":0.5}},
{"input":{"Win":0,"Lose":0.02,"myCurrBet":0.01,"step":0,"position":0.3333333333333333,"bluff":0,"handValue":0.1015,"percentBets_2":0.27906976744186046,"percentBets_3":0.024390243902439025},"output":{"chips":0.5}},
{"input":{"Win":0,"Lose":0.02,"myCurrBet":0.02,"step":0.5,"position":0.3333333333333333,"bluff":0,"handValue":0.1046,"percentBets_2":0.27906976744186046,"percentBets_3":0.024390243902439025},"output":{"chips":0}},
{"input":{"Win":0,"Lose":0.02,"myCurrBet":0.02,"step":0.5,"position":0.3333333333333333,"bluff":0,"handValue":0.1046,"percentBets_2":0.27906976744186046,"percentBets_3":0.024390243902439025},"output":{"chips":0}},
{"input":{"Win":0,"Lose":0.02,"myCurrBet":0.0016666666666666668,"step":0,"position":0.3333333333333333,"bluff":0,"percentBets_2":0.046511627906976744,"handValue":0.1015,"percentBets_3":0.0040650406504065045},"output":{"chips":1}},
{"input":{"Win":0.043875685557586835,"Lose":0,"myCurrBet":0.01,"step":0,"position":0.3333333333333333,"bluff":0,"handValue":0.1,"percentBets_2":0.3870967741935484,"percentBets_3":0.023255813953488372},"output":{"chips":0.5}},
{"input":{"Win":0.043875685557586835,"Lose":0,"myCurrBet":0.0016666666666666668,"step":0,"position":0.3333333333333333,"bluff":0,"percentBets_2":0.06451612903225806,"handValue":0.1,"percentBets_3":0.003875968992248062},"output":{"chips":1}},
{"input":{"Win":0.043875685557586835,"Lose":0,"myCurrBet":0.02,"step":0.25,"position":0.3333333333333333,"bluff":0,"handValue":0.1015,"percentBets_2":0.3870967741935484,"percentBets_3":0.023255813953488372},"output":{"chips":0.5}},
{"input":{"Win":0.043875685557586835,"Lose":0,"myCurrBet":0.02,"step":0.5,"position":0.3333333333333333,"bluff":0,"handValue":0.10210000000000001,"percentBets_2":0.3870967741935484,"percentBets_3":0.023255813953488372},"output":{"chips":0}},
{"input":{"Win":0.043875685557586835,"Lose":0,"myCurrBet":0.02,"step":0.5,"position":0.3333333333333333,"bluff":0,"handValue":0.10210000000000001,"percentBets_2":0.3870967741935484,"percentBets_3":0.023255813953488372},"output":{"chips":0}},
{"input":{"Win":0,"Lose":0.013333333333333334,"myCurrBet":0.0016666666666666668,"step":0,"position":0.3333333333333333,"bluff":0,"percentBets_2":0.10526315789473684,"handValue":0.10110000000000001,"percentBets_3":0.003968253968253968},"output":{"chips":1}},
{"input":{"Win":0,"Lose":0.013333333333333334,"myCurrBet":0.013333333333333334,"step":0.5,"position":0.3333333333333333,"bluff":0,"handValue":0.10360000000000001,"percentBets_2":0.42105263157894735,"percentBets_3":0.015873015873015872},"output":{"chips":0}},
{"input":{"Win":0,"Lose":0.013333333333333334,"myCurrBet":0.013333333333333334,"step":0.25,"position":0.3333333333333333,"bluff":0,"handValue":0.1023,"percentBets_2":0.42105263157894735,"percentBets_3":0.015873015873015872},"output":{"chips":0.5}},
{"input":{"Win":0,"Lose":0.013333333333333334,"myCurrBet":0.006666666666666667,"step":0,"position":0.3333333333333333,"bluff":0,"handValue":0.10110000000000001,"percentBets_2":0.42105263157894735,"percentBets_3":0.015873015873015872},"output":{"chips":0.5}},
{"input":{"Win":0,"Lose":0.013333333333333334,"myCurrBet":0.013333333333333334,"step":0.5,"position":0.3333333333333333,"bluff":0,"handValue":0.10360000000000001,"percentBets_2":0.42105263157894735,"percentBets_3":0.015873015873015872},"output":{"chips":0}},
{"input":{"Win":0,"Lose":0,"myCurrBet":0.006666666666666667,"step":0,"position":0.3333333333333333,"bluff":0,"handValue":0.1008,"percentBets_2":0.22857142857142856,"percentBets_3":0.016129032258064516},"output":{"chips":0.5}},
{"input":{"Win":0,"Lose":0,"myCurrBet":0.013333333333333334,"step":0.25,"position":0.3333333333333333,"bluff":0,"handValue":0.10360000000000001,"percentBets_2":0.22857142857142856,"percentBets_3":0.016129032258064516},"output":{"chips":0.5}},
{"input":{"Win":0,"Lose":0,"myCurrBet":0.013333333333333334,"step":0.5,"position":0.3333333333333333,"bluff":0,"handValue":0.1046,"percentBets_2":0.22857142857142856,"percentBets_3":0.016129032258064516},"output":{"chips":0}},
{"input":{"Win":0,"Lose":0,"myCurrBet":0.0033333333333333335,"step":0,"position":0.3333333333333333,"bluff":0,"percentBets_2":0.11428571428571428,"handValue":0.1008,"percentBets_3":0.008064516129032258},"output":{"chips":0.5}},
{"input":{"Win":0,"Lose":0,"myCurrBet":0.013333333333333334,"step":0.5,"position":0.3333333333333333,"bluff":1,"handValue":0.1046,"percentBets_2":0.22857142857142856,"percentBets_3":0.016129032258064516},"output":{"chips":1}},
{"input":{"Win":0,"Lose":0,"myCurrBet":0.02,"step":0.5,"position":0.3333333333333333,"bluff":0,"handValue":0.1047,"percentBets_2":0.45714285714285713,"percentBets_3":0.03225806451612903},"output":{"chips":0}},
{"input":{"Win":0.06779661016949153,"Lose":0,"myCurrBet":0.0033333333333333335,"step":0,"position":0.3333333333333333,"bluff":0,"percentBets_2":0.06349206349206349,"handValue":0.10210000000000001,"percentBets_3":0.008333333333333333},"output":{"chips":1}},
{"input":{"Win":0.06779661016949153,"Lose":0,"myCurrBet":0.04,"step":0.25,"position":0.3333333333333333,"bluff":0,"handValue":0.1044,"percentBets_2":0.38095238095238093,"percentBets_3":0.05},"output":{"chips":0.5}},
{"input":{"Win":0.06779661016949153,"Lose":0,"myCurrBet":0.04,"step":0.5,"position":0.3333333333333333,"bluff":0,"handValue":0.1051,"percentBets_2":0.38095238095238093,"percentBets_3":0.05},"output":{"chips":0}},
{"input":{"Win":0.06779661016949153,"Lose":0,"myCurrBet":0.02,"step":0,"position":0.3333333333333333,"bluff":0,"handValue":0.10210000000000001,"percentBets_2":0.38095238095238093,"percentBets_3":0.05},"output":{"chips":0.5}},
{"input":{"Win":0.06779661016949153,"Lose":0,"myCurrBet":0.04,"step":0.5,"position":0.3333333333333333,"bluff":0,"handValue":0.1051,"percentBets_2":0.38095238095238093,"percentBets_3":0.05},"output":{"chips":0}},
{"input":{"Win":0.1292929292929293,"Lose":0,"myCurrBet":0.0033333333333333335,"step":0,"position":0.3333333333333333,"bluff":0,"percentBets_2":0.10256410256410256,"handValue":0.10160000000000001,"percentBets_3":0.008771929824561403},"output":{"chips":1}},
{"input":{"Win":0.1292929292929293,"Lose":0,"myCurrBet":0.02666666666666667,"step":0,"position":0.3333333333333333,"bluff":0,"handValue":0.10160000000000001,"percentBets_2":0.8205128205128205,"percentBets_3":0.07017543859649122},"output":{"chips":0.5}},
{"input":{"Win":0.1292929292929293,"Lose":0,"myCurrBet":0.05333333333333334,"step":0.25,"position":0.3333333333333333,"bluff":0,"handValue":0.1038,"percentBets_2":0.8205128205128205,"percentBets_3":0.07017543859649122},"output":{"chips":0}},
{"input":{"Win":0.1292929292929293,"Lose":0,"myCurrBet":0.05333333333333334,"step":0.25,"position":0.3333333333333333,"bluff":1,"handValue":0.1038,"percentBets_2":0.8205128205128205,"percentBets_3":0.07017543859649122},"output":{"chips":1}},
{"input":{"Win":0.018561484918793503,"Lose":0,"myCurrBet":0.0033333333333333335,"step":0,"position":0.3333333333333333,"bluff":1,"percentBets_2":0.5714285714285714,"handValue":0.601301,"percentBets_3":0.009433962264150943},"output":{"chips":1}},
{"input":{"Win":0,"Lose":0,"myCurrBet":0.0033333333333333335,"step":0,"position":0.3333333333333333,"bluff":0,"percentBets_2":1,"handValue":0.6011029999999999,"percentBets_3":0.007142857142857143},"output":{"chips":0}},
{"input":{"Win":0,"Lose":0.03666666666666667,"myCurrBet":0.0033333333333333335,"step":0,"position":0.5,"bluff":0,"percentBets_2":0.009411764705882352,"handValue":0.1},"output":{"chips":1}},
{"input":{"Win":0,"Lose":0.03666666666666667,"myCurrBet":0.013333333333333334,"step":0.25,"position":0.5,"bluff":0,"handValue":0.1015,"percentBets_2":0.018823529411764704},"output":{"chips":1}},
{"input":{"Win":0,"Lose":0.03666666666666667,"myCurrBet":0.03333333333333333,"step":0.75,"position":0.5,"bluff":0,"handValue":0.10350000000000001,"percentBets_2":0.047058823529411764},"output":{"chips":0}},
{"input":{"Win":0,"Lose":0.03666666666666667,"myCurrBet":0.02,"step":0.5,"position":0.5,"bluff":1,"handValue":0.1028,"percentBets_2":0.02823529411764706},"output":{"chips":1}},
{"input":{"Win":0.05393258426966292,"Lose":0,"myCurrBet":0.0033333333333333335,"step":0,"position":0.5,"bluff":0,"percentBets_2":0.008988764044943821,"handValue":0.6009059999999999},"output":{"chips":1}},
{"input":{"Win":0.05393258426966292,"Lose":0,"myCurrBet":0.04,"step":0.5,"position":0.5,"bluff":0,"handValue":0.1024,"percentBets_2":0.05393258426966292},"output":{"chips":0.5}},
{"input":{"Win":0.05393258426966292,"Lose":0,"myCurrBet":0.04,"step":0.75,"position":0.5,"bluff":0,"handValue":0.601009070603,"percentBets_2":0.05393258426966292},"output":{"chips":0}},
{"input":{"Win":0.05393258426966292,"Lose":0,"myCurrBet":0.02666666666666667,"step":0.25,"position":0.5,"bluff":0,"handValue":0.10210000000000001,"percentBets_2":0.035955056179775284},"output":{"chips":1}},
{"input":{"Win":0,"Lose":0.04,"myCurrBet":0.0033333333333333335,"step":0,"position":0.5,"bluff":0,"percentBets_2":0.009501187648456057,"handValue":0.1018},"output":{"chips":1}},
{"input":{"Win":0,"Lose":0.04,"myCurrBet":0.02666666666666667,"step":0.25,"position":0.5,"bluff":1,"handValue":0.1037,"percentBets_2":0.03800475059382423},"output":{"chips":1}},
{"input":{"Win":0,"Lose":0.04,"myCurrBet":0.04,"step":0.75,"position":0.5,"bluff":0,"handValue":0.1052,"percentBets_2":0.057007125890736345},"output":{"chips":0}},
{"input":{"Win":0,"Lose":0.04,"myCurrBet":0.04,"step":0.5,"position":0.5,"bluff":1,"handValue":0.10500000000000001,"percentBets_2":0.057007125890736345},"output":{"chips":0.5}},
{"input":{"Win":0,"Lose":0.04,"myCurrBet":0.0033333333333333335,"step":0,"position":0.5,"bluff":0,"percentBets_2":0.008988764044943821,"handValue":0.600503},"output":{"chips":1}},
{"input":{"Win":0,"Lose":0.04,"myCurrBet":0.04,"step":0.5,"position":0.5,"bluff":0,"handValue":0.10350000000000001,"percentBets_2":0.05393258426966292},"output":{"chips":0.5}},
{"input":{"Win":0,"Lose":0.04,"myCurrBet":0.02666666666666667,"step":0.25,"position":0.5,"bluff":0,"handValue":0.10310000000000001,"percentBets_2":0.035955056179775284},"output":{"chips":1}},
{"input":{"Win":0,"Lose":0.04,"myCurrBet":0.04,"step":0.75,"position":0.5,"bluff":0,"handValue":0.1023,"percentBets_2":0.05393258426966292},"output":{"chips":0}},
{"input":{"Win":0.03411513859275053,"Lose":0,"myCurrBet":0.0033333333333333335,"step":0,"position":0.5,"bluff":0,"percentBets_2":0.008528784648187633,"handValue":0.10160000000000001},"output":{"chips":1}},
{"input":{"Win":0.03411513859275053,"Lose":0,"myCurrBet":0.02666666666666667,"step":0.5,"position":0.5,"bluff":0,"handValue":0.1023,"percentBets_2":0.03411513859275053},"output":{"chips":0.5}},
{"input":{"Win":0.03411513859275053,"Lose":0,"myCurrBet":0.02666666666666667,"step":0.75,"position":0.5,"bluff":0,"handValue":0.10250000000000001,"percentBets_2":0.03411513859275053},"output":{"chips":0}},
{"input":{"Win":0.03411513859275053,"Lose":0,"myCurrBet":0.02,"step":0.25,"position":0.5,"bluff":0,"handValue":0.10350000000000001,"percentBets_2":0.0255863539445629},"output":{"chips":1}},
{"input":{"Win":0.03532008830022075,"Lose":0,"myCurrBet":0.0033333333333333335,"step":0,"position":0.5,"bluff":0,"percentBets_2":0.008830022075055188,"handValue":0.1017},"output":{"chips":1}},
{"input":{"Win":0.03532008830022075,"Lose":0,"myCurrBet":0.02,"step":0.25,"position":0.5,"bluff":0,"handValue":0.1032,"percentBets_2":0.026490066225165563},"output":{"chips":1}},
{"input":{"Win":0.03532008830022075,"Lose":0,"myCurrBet":0.02666666666666667,"step":0.5,"position":0.5,"bluff":0,"handValue":0.10400000000000001,"percentBets_2":0.03532008830022075},"output":{"chips":0.5}},
{"input":{"Win":0.03532008830022075,"Lose":0,"myCurrBet":0.02666666666666667,"step":0.75,"position":0.5,"bluff":0,"handValue":0.601109080504,"percentBets_2":0.03532008830022075},"output":{"chips":0}},
{"input":{"Win":0,"Lose":0.04666666666666667,"myCurrBet":0.0033333333333333335,"step":0,"position":0.5,"bluff":1,"percentBets_2":0.009153318077803204,"handValue":0.601202},"output":{"chips":1}},
{"input":{"Win":0,"Lose":0.04666666666666667,"myCurrBet":0.03333333333333333,"step":0.5,"position":0.5,"bluff":1,"handValue":0.300000070212,"percentBets_2":0.04576659038901602},"output":{"chips":1}},
{"input":{"Win":0,"Lose":0.04666666666666667,"myCurrBet":0.04666666666666667,"step":0.75,"position":0.5,"bluff":0,"handValue":0.300000070212,"percentBets_2":0.06407322654462243},"output":{"chips":0}},
{"input":{"Win":0,"Lose":0.04666666666666667,"myCurrBet":0.02,"step":0.25,"position":0.5,"bluff":0,"handValue":0.300000070212,"percentBets_2":0.02745995423340961},"output":{"chips":1}},
{"input":{"Win":0,"Lose":0.04,"myCurrBet":0.0033333333333333335,"step":0,"position":0.5,"bluff":1,"percentBets_2":0.008602150537634409,"handValue":0.1017},"output":{"chips":1}},
{"input":{"Win":0,"Lose":0.04,"myCurrBet":0.02666666666666667,"step":0.25,"position":0.5,"bluff":0,"handValue":0.1037,"percentBets_2":0.034408602150537634},"output":{"chips":1}},
{"input":{"Win":0,"Lose":0.04,"myCurrBet":0.04,"step":0.5,"position":0.5,"bluff":0,"handValue":0.1046,"percentBets_2":0.05161290322580645},"output":{"chips":0.5}},
{"input":{"Win":0,"Lose":0.04,"myCurrBet":0.04,"step":0.75,"position":0.5,"bluff":0,"handValue":0.1048,"percentBets_2":0.05161290322580645},"output":{"chips":0}},
{"input":{"Win":0,"Lose":0.02666666666666667,"myCurrBet":0.0033333333333333335,"step":0,"position":0.5,"bluff":0,"percentBets_2":0.0081799591002045,"handValue":0.600703},"output":{"chips":1}},
{"input":{"Win":0,"Lose":0.02666666666666667,"myCurrBet":0.02666666666666667,"step":0.5,"position":0.5,"bluff":0,"handValue":0.40000002070600005,"percentBets_2":0.032719836400818},"output":{"chips":0}},
{"input":{"Win":0,"Lose":0.02666666666666667,"myCurrBet":0.013333333333333334,"step":0.25,"position":0.5,"bluff":0,"handValue":0.400000020703,"percentBets_2":0.016359918200409},"output":{"chips":1}},
{"input":{"Win":0,"Lose":0.02666666666666667,"myCurrBet":0.02666666666666667,"step":0.5,"position":0.5,"bluff":1,"handValue":0.40000002070600005,"percentBets_2":0.032719836400818},"output":{"chips":0.5}},
{"input":{"Win":0,"Lose":0.04,"myCurrBet":0.02,"step":0.25,"position":0.5,"bluff":0,"handValue":0.1027,"percentBets_2":0.023762376237623763},"output":{"chips":1}},
{"input":{"Win":0,"Lose":0.04,"myCurrBet":0.0033333333333333335,"step":0,"position":0.5,"bluff":0,"percentBets_2":0.007920792079207921,"handValue":0.601104},"output":{"chips":1}},
{"input":{"Win":0,"Lose":0.04,"myCurrBet":0.04,"step":0.5,"position":0.5,"bluff":0,"handValue":0.10350000000000001,"percentBets_2":0.047524752475247525},"output":{"chips":0.5}},
{"input":{"Win":0,"Lose":0.04,"myCurrBet":0.04,"step":0.75,"position":0.5,"bluff":0,"handValue":0.10360000000000001,"percentBets_2":0.047524752475247525},"output":{"chips":0}},
{"input":{"Win":0,"Lose":0.04,"myCurrBet":0.005,"step":0,"position":0.5,"bluff":0,"percentBets_2":0.011342155009451797,"handValue":0.1019},"output":{"chips":1}},
{"input":{"Win":0,"Lose":0.04,"myCurrBet":0.03,"step":0.25,"position":0.5,"bluff":0,"handValue":0.1027,"percentBets_2":0.034026465028355386},"output":{"chips":1}},
{"input":{"Win":0,"Lose":0.04,"myCurrBet":0.04,"step":0.5,"position":0.5,"bluff":0,"handValue":0.10300000000000001,"percentBets_2":0.045368620037807186},"output":{"chips":0.5}},
{"input":{"Win":0,"Lose":0.04,"myCurrBet":0.04,"step":0.75,"position":0.5,"bluff":0,"handValue":0.1023,"percentBets_2":0.045368620037807186},"output":{"chips":0}},
{"input":{"Win":0.0325497287522604,"Lose":0,"myCurrBet":0.005,"step":0,"position":0.5,"bluff":0,"percentBets_2":0.0108499095840868,"handValue":0.1018},"output":{"chips":1}},
{"input":{"Win":0.0325497287522604,"Lose":0,"myCurrBet":0.02,"step":0.25,"position":0.5,"bluff":1,"handValue":0.10110000000000001,"percentBets_2":0.0216998191681736},"output":{"chips":1}},
{"input":{"Win":0.0325497287522604,"Lose":0,"myCurrBet":0.03,"step":0.5,"position":0.5,"bluff":1,"handValue":0.1024,"percentBets_2":0.0325497287522604},"output":{"chips":0.5}},
{"input":{"Win":0.0325497287522604,"Lose":0,"myCurrBet":0.03,"step":0.75,"position":0.5,"bluff":0,"handValue":0.1028,"percentBets_2":0.0325497287522604},"output":{"chips":0}},
{"input":{"Win":0.056074766355140186,"Lose":0,"myCurrBet":0.005,"step":0,"position":0.5,"bluff":0,"percentBets_2":0.011214953271028037,"handValue":0.1009},"output":{"chips":1}},
{"input":{"Win":0.056074766355140186,"Lose":0,"myCurrBet":0.05,"step":0.5,"position":0.5,"bluff":0,"handValue":0.1039,"percentBets_2":0.056074766355140186},"output":{"chips":0.5}},
{"input":{"Win":0.056074766355140186,"Lose":0,"myCurrBet":0.02,"step":0.25,"position":0.5,"bluff":0,"handValue":0.10260000000000001,"percentBets_2":0.022429906542056073},"output":{"chips":1}},
{"input":{"Win":0.056074766355140186,"Lose":0,"myCurrBet":0.05,"step":0.75,"position":0.5,"bluff":0,"handValue":0.1038,"percentBets_2":0.056074766355140186},"output":{"chips":0}},
{"input":{"Win":0.047524752475247525,"Lose":0,"myCurrBet":0.005,"step":0,"position":0.5,"bluff":0,"percentBets_2":0.011881188118811881,"handValue":0.500000000009},"output":{"chips":1}},
{"input":{"Win":0.047524752475247525,"Lose":0,"myCurrBet":0.04,"step":0.25,"position":0.5,"bluff":0,"handValue":0.10250000000000001,"percentBets_2":0.047524752475247525},"output":{"chips":0.5}},
{"input":{"Win":0.047524752475247525,"Lose":0,"myCurrBet":0.04,"step":0.75,"position":0.5,"bluff":1,"handValue":0.300000070209,"percentBets_2":0.047524752475247525},"output":{"chips":0.5}},
{"input":{"Win":0.047524752475247525,"Lose":0,"myCurrBet":0.04,"step":0.5,"position":0.5,"bluff":0,"handValue":0.1023,"percentBets_2":0.047524752475247525},"output":{"chips":0.5}},
{"input":{"Win":0,"Lose":0.04,"myCurrBet":0.04,"step":0.5,"position":0.5,"bluff":0,"handValue":0.300000060513,"percentBets_2":0.0498960498960499},"output":{"chips":0}},
{"input":{"Win":0,"Lose":0.04,"myCurrBet":0.005,"step":0,"position":0.5,"bluff":1,"percentBets_2":0.012474012474012475,"handValue":0.1019},"output":{"chips":0.5}},
{"input":{"Win":0,"Lose":0.04,"myCurrBet":0.04,"step":0.5,"position":0.5,"bluff":0,"handValue":0.300000060513,"percentBets_2":0.0498960498960499},"output":{"chips":0}},
{"input":{"Win":0,"Lose":0.04,"myCurrBet":0.01,"step":0.25,"position":0.5,"bluff":0,"handValue":0.1022,"percentBets_2":0.012474012474012475},"output":{"chips":1}},
{"input":{"Win":0.08316831683168317,"Lose":0,"myCurrBet":0.005,"step":0,"position":0.5,"bluff":0,"percentBets_2":0.011881188118811881,"handValue":0.601007},"output":{"chips":1}},
{"input":{"Win":0.08316831683168317,"Lose":0,"myCurrBet":0.04,"step":0.5,"position":0.5,"bluff":0,"handValue":0.1034,"percentBets_2":0.047524752475247525},"output":{"chips":0.5}},
{"input":{"Win":0.08316831683168317,"Lose":0,"myCurrBet":0.04,"step":0.25,"position":0.5,"bluff":0,"handValue":0.10210000000000001,"percentBets_2":0.047524752475247525},"output":{"chips":0.5}},
{"input":{"Win":0.08316831683168317,"Lose":0,"myCurrBet":0.04,"step":0.75,"position":0.5,"bluff":1,"handValue":0.10350000000000001,"percentBets_2":0.047524752475247525},"output":{"chips":1}},
{"input":{"Win":0,"Lose":0.04,"myCurrBet":0.005,"step":0,"position":0.5,"bluff":0,"percentBets_2":0.012958963282937365,"handValue":0.10200000000000001},"output":{"chips":1}},
{"input":{"Win":0,"Lose":0.04,"myCurrBet":0.03,"step":0.25,"position":0.5,"bluff":0,"handValue":0.10350000000000001,"percentBets_2":0.038876889848812095},"output":{"chips":1}},
{"input":{"Win":0,"Lose":0.04,"myCurrBet":0.04,"step":0.5,"position":0.5,"bluff":1,"handValue":0.1037,"percentBets_2":0.05183585313174946},"output":{"chips":0.5}},
{"input":{"Win":0,"Lose":0.04,"myCurrBet":0.04,"step":0.75,"position":0.5,"bluff":1,"handValue":0.1034,"percentBets_2":0.05183585313174946},"output":{"chips":0.5}},
{"input":{"Win":0,"Lose":0.04,"myCurrBet":0.04,"step":0.25,"position":0.5,"bluff":0,"handValue":0.1028,"percentBets_2":0.049281314168377825},"output":{"chips":0.5}},
{"input":{"Win":0,"Lose":0.04,"myCurrBet":0.005,"step":0,"position":0.5,"bluff":0,"percentBets_2":0.012320328542094456,"handValue":0.601201},"output":{"chips":1}},
{"input":{"Win":0,"Lose":0.04,"myCurrBet":0.04,"step":0.5,"position":0.5,"bluff":0,"handValue":0.1018,"percentBets_2":0.049281314168377825},"output":{"chips":0.5}},
{"input":{"Win":0,"Lose":0.04,"myCurrBet":0.04,"step":0.75,"position":0.5,"bluff":0,"handValue":0.1024,"percentBets_2":0.049281314168377825},"output":{"chips":0}},
{"input":{"Win":0,"Lose":0.03,"myCurrBet":0.005,"step":0,"position":0.5,"bluff":0,"percentBets_2":0.011741682974559686,"handValue":0.600503},"output":{"chips":1}},
{"input":{"Win":0,"Lose":0.03,"myCurrBet":0.03,"step":0.5,"position":0.5,"bluff":0,"handValue":0.10260000000000001,"percentBets_2":0.03522504892367906},"output":{"chips":0.5}},
{"input":{"Win":0,"Lose":0.03,"myCurrBet":0.03,"step":0.75,"position":0.5,"bluff":0,"handValue":0.1037,"percentBets_2":0.03522504892367906},"output":{"chips":0}},
{"input":{"Win":0,"Lose":0.03,"myCurrBet":0.02,"step":0.25,"position":0.5,"bluff":0,"handValue":0.10310000000000001,"percentBets_2":0.023483365949119372},"output":{"chips":1}},
{"input":{"Win":0,"Lose":0.09,"myCurrBet":0.005,"step":0,"position":0.5,"bluff":0,"percentBets_2":0.011342155009451797,"handValue":0.1},"output":{"chips":1}},
{"input":{"Win":0,"Lose":0.09,"myCurrBet":0.03,"step":0.25,"position":0.5,"bluff":0,"handValue":0.300000130609,"percentBets_2":0.034026465028355386},"output":{"chips":1}},
{"input":{"Win":0,"Lose":0.09,"myCurrBet":0.07,"step":0.75,"position":0.5,"bluff":0,"handValue":0.7000000006129999,"percentBets_2":0.07939508506616257},"output":{"chips":1}},
{"input":{"Win":0,"Lose":0.09,"myCurrBet":0.05,"step":0.5,"position":0.5,"bluff":1,"handValue":0.300000130609,"percentBets_2":0.05671077504725898},"output":{"chips":1}},
