{"input":{"Win":0.16,"Lose":0,"myCurrBet":0,"step":0,"position":1,"bluff":0,"percentBets_1":0.006666666666666667,"percentBets_2":0.013333333333333334,"handValue":0.10200000000000001,"percentBets_3":0.013333333333333334},"output":{"chips":1}},
{"input":{"Win":0.16,"Lose":0,"myCurrBet":0.016666666666666666,"step":0,"position":1,"bluff":0,"handValue":0.10200000000000001,"percentBets_1":0.13333333333333333,"percentBets_2":0.13333333333333333,"percentBets_3":0.13333333333333333},"output":{"chips":0.5}},
{"input":{"Win":0.16,"Lose":0,"myCurrBet":0.006666666666666667,"step":0,"position":1,"bluff":0,"handValue":0.10200000000000001,"percentBets_1":0.05333333333333334,"percentBets_2":0.06666666666666667,"percentBets_3":0.06666666666666667},"output":{"chips":0.5}},
{"input":{"Win":0.16,"Lose":0,"myCurrBet":0.03666666666666667,"step":0.25,"position":1,"bluff":0,"handValue":0.10350000000000001,"percentBets_1":0.16,"percentBets_2":0.16,"percentBets_3":0.16},"output":{"chips":0.5}},
{"input":{"Win":0.16,"Lose":0,"myCurrBet":0.04,"step":0.5,"position":1,"bluff":0,"handValue":0.10450000000000001,"percentBets_1":0.16,"percentBets_2":0.16,"percentBets_3":0.16},"output":{"chips":0.5}},
{"input":{"Win":0.16,"Lose":0,"myCurrBet":0.04,"step":0.75,"position":1,"bluff":0,"handValue":0.1033,"percentBets_1":0.16,"percentBets_2":0.16,"percentBets_3":0.16},"output":{"chips":0.5}},
{"input":{"Win":0.16,"Lose":0,"myCurrBet":0.03333333333333333,"step":0.25,"position":1,"bluff":0,"handValue":0.10350000000000001,"percentBets_1":0.13333333333333333,"percentBets_2":0.14666666666666667,"percentBets_3":0.14666666666666667},"output":{"chips":0.5}},
{"input":{"Win":0,"Lose":0.02666666666666667,"myCurrBet":0,"step":0,"position":1,"bluff":0,"percentBets_1":0.007936507936507936,"percentBets_2":0.015873015873015872,"handValue":0.1015,"percentBets_3":0.015873015873015872},"output":{"chips":0.5}},
{"input":{"Win":0,"Lose":0.02666666666666667,"myCurrBet":0.02666666666666667,"step":0.25,"position":1,"bluff":0,"handValue":0.10400000000000001,"percentBets_1":0.12698412698412698,"percentBets_2":0.12698412698412698,"percentBets_3":0.12698412698412698},"output":{"chips":0.5}},
{"input":{"Win":0,"Lose":0.02666666666666667,"myCurrBet":0.013333333333333334,"step":0,"position":1,"bluff":0,"handValue":0.1015,"percentBets_1":0.12698412698412698,"percentBets_2":0.12698412698412698,"percentBets_3":0.12698412698412698},"output":{"chips":0.5}},
{"input":{"Win":0,"Lose":0.02666666666666667,"myCurrBet":0.0033333333333333335,"step":0,"position":1,"bluff":1,"handValue":0.1015,"percentBets_1":0.031746031746031744,"percentBets_2":0.047619047619047616,"percentBets_3":0.047619047619047616},"output":{"chips":1}},
{"input":{"Win":0,"Lose":0.02666666666666667,"myCurrBet":0.02666666666666667,"step":0.75,"position":1,"bluff":0,"handValue":0.10410000000000001,"percentBets_1":0.12698412698412698,"percentBets_2":0.12698412698412698,"percentBets_3":0.12698412698412698},"output":{"chips":0.5}},
{"input":{"Win":0,"Lose":0.02666666666666667,"myCurrBet":0.02666666666666667,"step":0.5,"position":1,"bluff":1,"handValue":0.10450000000000001,"percentBets_1":0.12698412698412698,"percentBets_2":0.12698412698412698,"percentBets_3":0.12698412698412698},"output":{"chips":0.5}},
{"input":{"Win":0,"Lose":0,"myCurrBet":0,"step":0,"position":1,"bluff":0,"percentBets_1":0.00909090909090909,"percentBets_2":0.011494252873563218,"handValue":0.1009,"percentBets_3":0.01818181818181818},"output":{"chips":1}},
{"input":{"Win":0,"Lose":0,"myCurrBet":0.006666666666666667,"step":0,"position":1,"bluff":0,"handValue":0.1009,"percentBets_1":0.07272727272727272,"percentBets_2":0.05747126436781609,"percentBets_3":0.09090909090909091},"output":{"chips":0.5}},
{"input":{"Win":0,"Lose":0,"myCurrBet":0.03333333333333333,"step":0.25,"position":1,"bluff":1,"handValue":0.101,"percentBets_1":0.18181818181818182,"percentBets_2":0.11494252873563218,"percentBets_3":0.18181818181818182},"output":{"chips":1}},
{"input":{"Win":0,"Lose":0,"myCurrBet":0.016666666666666666,"step":0,"position":1,"bluff":1,"handValue":0.1009,"percentBets_1":0.18181818181818182,"percentBets_2":0.11494252873563218,"percentBets_3":0.18181818181818182},"output":{"chips":0.5}},
{"input":{"Win":0,"Lose":0,"myCurrBet":0.03666666666666667,"step":0.25,"position":1,"bluff":1,"handValue":0.101,"percentBets_1":0.21818181818181817,"percentBets_2":0.14942528735632185,"percentBets_3":0.23636363636363636},"output":{"chips":0.5}},
{"input":{"Win":0,"Lose":0,"myCurrBet":0.043333333333333335,"step":0.25,"position":1,"bluff":0,"handValue":0.101,"percentBets_1":0.2909090909090909,"percentBets_2":0.1839080459770115,"percentBets_3":0.2909090909090909},"output":{"chips":0}},
{"input":{"Win":0,"Lose":0.07666666666666666,"myCurrBet":0,"step":0,"position":1,"bluff":0,"percentBets_1":0.01282051282051282,"percentBets_2":0.007575757575757576,"handValue":0.10160000000000001,"percentBets_3":0.02564102564102564},"output":{"chips":1}},
{"input":{"Win":0,"Lose":0.07666666666666666,"myCurrBet":0.006666666666666667,"step":0,"position":1,"bluff":0,"handValue":0.10160000000000001,"percentBets_1":0.10256410256410256,"percentBets_2":0.03787878787878788,"percentBets_3":0.1282051282051282},"output":{"chips":0.5}},
{"input":{"Win":0,"Lose":0.07666666666666666,"myCurrBet":0.016666666666666666,"step":0,"position":1,"bluff":0,"handValue":0.10160000000000001,"percentBets_1":0.2564102564102564,"percentBets_2":0.07575757575757576,"percentBets_3":0.2564102564102564},"output":{"chips":0.5}},
{"input":{"Win":0,"Lose":0.07666666666666666,"myCurrBet":0.03333333333333333,"step":0.25,"position":1,"bluff":0,"handValue":0.1019,"percentBets_1":0.2564102564102564,"percentBets_2":0.07575757575757576,"percentBets_3":0.2564102564102564},"output":{"chips":0.5}},
{"input":{"Win":0,"Lose":0.07666666666666666,"myCurrBet":0.03333333333333333,"step":0.5,"position":1,"bluff":0,"handValue":0.1022,"percentBets_1":0.2564102564102564,"percentBets_2":0.07575757575757576,"percentBets_3":0.2564102564102564},"output":{"chips":0}},
{"input":{"Win":0,"Lose":0.07666666666666666,"myCurrBet":0.03333333333333333,"step":0.5,"position":1,"bluff":0,"handValue":0.1022,"percentBets_1":0.2564102564102564,"percentBets_2":0.07575757575757576,"percentBets_3":0.2564102564102564},"output":{"chips":0}},
{"input":{"Win":0,"Lose":0,"myCurrBet":0,"step":0,"position":1,"bluff":0,"percentBets_1":0.017241379310344827,"percentBets_2":0.00819672131147541,"handValue":0.10160000000000001,"percentBets_3":0.014492753623188406},"output":{"chips":1}},
{"input":{"Win":0,"Lose":0,"myCurrBet":0.016666666666666666,"step":0,"position":1,"bluff":0,"handValue":0.10160000000000001,"percentBets_1":0.3448275862068966,"percentBets_2":0.08196721311475409,"percentBets_3":0.14492753623188406},"output":{"chips":0}},
{"input":{"Win":0,"Lose":0,"myCurrBet":0.006666666666666667,"step":0,"position":1,"bluff":0,"handValue":0.10160000000000001,"percentBets_1":0.13793103448275862,"percentBets_2":0.040983606557377046,"percentBets_3":0.07246376811594203},"output":{"chips":0.5}},
{"input":{"Win":0,"Lose":0.016666666666666666,"myCurrBet":0.006666666666666667,"step":0,"position":1,"bluff":0,"handValue":0.1008,"percentBets_1":0.23529411764705882,"percentBets_2":0.033112582781456956,"percentBets_3":0.08771929824561403},"output":{"chips":0}},
{"input":{"Win":0,"Lose":0.016666666666666666,"myCurrBet":0,"step":0,"position":1,"bluff":0,"percentBets_1":0.029411764705882353,"percentBets_2":0.006622516556291391,"handValue":0.1008,"percentBets_3":0.017543859649122806},"output":{"chips":1}},
{"input":{"Win":0,"Lose":0.006666666666666667,"myCurrBet":0,"step":0,"position":1,"bluff":0,"percentBets_1":0.038461538461538464,"percentBets_2":0.00684931506849315,"handValue":0.6012069999999999,"percentBets_3":0.014705882352941176},"output":{"chips":1}},
{"input":{"Win":0,"Lose":0.006666666666666667,"myCurrBet":0.006666666666666667,"step":0,"position":1,"bluff":0,"handValue":0.6012069999999999,"percentBets_1":0.3076923076923077,"percentBets_2":0.03424657534246575,"percentBets_3":0.07352941176470588},"output":{"chips":0}},
{"input":{"Win":0,"Lose":0.006666666666666667,"myCurrBet":0,"step":0,"position":1,"bluff":0,"percentBets_1":0.05555555555555555,"percentBets_2":0.0070921985815602835,"handValue":0.601004,"percentBets_3":0.012658227848101266},"output":{"chips":1}},
{"input":{"Win":0,"Lose":0.006666666666666667,"myCurrBet":0.006666666666666667,"step":0,"position":1,"bluff":0,"handValue":0.601004,"percentBets_1":0.4444444444444444,"percentBets_2":0.028368794326241134,"percentBets_3":0.05063291139240506},"output":{"chips":0}},
{"input":{"Win":0,"Lose":0.006666666666666667,"myCurrBet":0.006666666666666667,"step":0,"position":1,"bluff":0,"handValue":0.1018,"percentBets_1":0.8,"percentBets_2":0.026490066225165563,"percentBets_3":0.05333333333333334},"output":{"chips":0}},
{"input":{"Win":0,"Lose":0.006666666666666667,"myCurrBet":0,"step":0,"position":1,"bluff":0,"percentBets_1":0.1,"percentBets_2":0.006622516556291391,"handValue":0.1018,"percentBets_3":0.013333333333333334},"output":{"chips":1}},
{"input":{"Win":0,"Lose":0.006666666666666667,"myCurrBet":0.006666666666666667,"step":0,"position":1,"bluff":0,"handValue":0.500000000005,"percentBets_1":0.26666666666666666,"percentBets_2":0.027210884353741496,"percentBets_3":0.056338028169014086},"output":{"chips":0}},
{"input":{"Win":0,"Lose":0.006666666666666667,"myCurrBet":0,"step":0,"position":1,"bluff":0,"percentBets_1":0.03333333333333333,"percentBets_2":0.006802721088435374,"handValue":0.500000000005,"percentBets_3":0.014084507042253521},"output":{"chips":1}},
{"input":{"Win":0,"Lose":0.006666666666666667,"myCurrBet":0.006666666666666667,"step":0,"position":1,"bluff":0,"handValue":0.1014,"percentBets_1":0.12121212121212122,"percentBets_2":0.03597122302158273,"percentBets_3":0.07936507936507936},"output":{"chips":0.5}},
{"input":{"Win":0,"Lose":0.006666666666666667,"myCurrBet":0,"step":0,"position":1,"bluff":0,"percentBets_1":0.015151515151515152,"percentBets_2":0.007194244604316547,"handValue":0.1014,"percentBets_3":0.015873015873015872},"output":{"chips":1}},
{"input":{"Win":0,"Lose":0.006666666666666667,"myCurrBet":0.016666666666666666,"step":0,"position":1,"bluff":0,"handValue":0.1014,"percentBets_1":0.30303030303030304,"percentBets_2":0.07194244604316546,"percentBets_3":0.15873015873015872},"output":{"chips":0}},
{"input":{"Win":0,"Lose":0.043333333333333335,"myCurrBet":0.013333333333333334,"step":0.25,"position":1,"bluff":0,"handValue":0.1039,"percentBets_1":0.06896551724137931,"percentBets_2":0.03875968992248062,"percentBets_3":0.09433962264150944},"output":{"chips":0.5}},
{"input":{"Win":0,"Lose":0.043333333333333335,"myCurrBet":0.006666666666666667,"step":0,"position":1,"bluff":1,"handValue":0.10250000000000001,"percentBets_1":0.06896551724137931,"percentBets_2":0.031007751937984496,"percentBets_3":0.07547169811320754},"output":{"chips":0.5}},
{"input":{"Win":0,"Lose":0.043333333333333335,"myCurrBet":0,"step":0,"position":1,"bluff":0,"percentBets_1":0.008620689655172414,"percentBets_2":0.007751937984496124,"handValue":0.10250000000000001,"percentBets_3":0.018867924528301886},"output":{"chips":1}},
{"input":{"Win":0,"Lose":0.043333333333333335,"myCurrBet":0.016666666666666666,"step":0.25,"position":1,"bluff":1,"handValue":0.1039,"percentBets_1":0.10344827586206896,"percentBets_2":0.046511627906976744,"percentBets_3":0.11320754716981132},"output":{"chips":0.5}},
{"input":{"Win":0,"Lose":0.043333333333333335,"myCurrBet":0.02,"step":0.5,"position":1,"bluff":0,"handValue":0.10450000000000001,"percentBets_1":0.10344827586206896,"percentBets_2":0.05426356589147287,"percentBets_3":0.1320754716981132},"output":{"chips":0.5}},
{"input":{"Win":0,"Lose":0.043333333333333335,"myCurrBet":0.02666666666666667,"step":0.75,"position":1,"bluff":0,"handValue":0.10490000000000001,"percentBets_1":0.13793103448275862,"percentBets_2":0.06201550387596899,"percentBets_3":0.1509433962264151},"output":{"chips":0.5}},
{"input":{"Win":0,"Lose":0.043333333333333335,"myCurrBet":0.023333333333333334,"step":0.5,"position":1,"bluff":0,"handValue":0.10450000000000001,"percentBets_1":0.13793103448275862,"percentBets_2":0.06201550387596899,"percentBets_3":0.1509433962264151},"output":{"chips":0.5}},
{"input":{"Win":0,"Lose":0.03333333333333333,"myCurrBet":0,"step":0,"position":1,"bluff":0,"percentBets_1":0.01,"percentBets_2":0.006535947712418301,"handValue":0.10160000000000001,"percentBets_3":0.022222222222222223},"output":{"chips":1}},
{"input":{"Win":0,"Lose":0.03333333333333333,"myCurrBet":0.006666666666666667,"step":0,"position":1,"bluff":1,"handValue":0.10160000000000001,"percentBets_1":0.08,"percentBets_2":0.032679738562091505,"percentBets_3":0.1111111111111111},"output":{"chips":0.5}},
{"input":{"Win":0,"Lose":0.03333333333333333,"myCurrBet":0.03333333333333333,"step":0.25,"position":1,"bluff":0,"handValue":0.10300000000000001,"percentBets_1":0.2,"percentBets_2":0.06535947712418301,"percentBets_3":0.2222222222222222},"output":{"chips":0.5}},
{"input":{"Win":0,"Lose":0.03333333333333333,"myCurrBet":0.016666666666666666,"step":0,"position":1,"bluff":0,"handValue":0.10160000000000001,"percentBets_1":0.2,"percentBets_2":0.06535947712418301,"percentBets_3":0.2222222222222222},"output":{"chips":0.5}},
{"input":{"Win":0,"Lose":0.03333333333333333,"myCurrBet":0.03333333333333333,"step":0.75,"position":1,"bluff":0,"handValue":0.10410000000000001,"percentBets_1":0.2,"percentBets_2":0.06535947712418301,"percentBets_3":0.2222222222222222},"output":{"chips":0}},
{"input":{"Win":0,"Lose":0.03333333333333333,"myCurrBet":0.03333333333333333,"step":0.5,"position":1,"bluff":1,"handValue":0.1032,"percentBets_1":0.2,"percentBets_2":0.06535947712418301,"percentBets_3":0.2222222222222222},"output":{"chips":0.5}},
{"input":{"Win":0,"Lose":0,"myCurrBet":0,"step":0,"position":1,"bluff":0,"percentBets_1":0.0125,"percentBets_2":0.006993006993006993,"handValue":0.1018,"percentBets_3":0.013333333333333334},"output":{"chips":1}},
{"input":{"Win":0,"Lose":0,"myCurrBet":0.016666666666666666,"step":0,"position":1,"bluff":1,"handValue":0.1018,"percentBets_1":0.25,"percentBets_2":0.06993006993006994,"percentBets_3":0.13333333333333333},"output":{"chips":0.5}},
{"input":{"Win":0,"Lose":0,"myCurrBet":0.03333333333333333,"step":0.25,"position":1,"bluff":0,"handValue":0.300000121107,"percentBets_1":0.25,"percentBets_2":0.07692307692307693,"percentBets_3":0.14666666666666667},"output":{"chips":0.5}},
{"input":{"Win":0,"Lose":0,"myCurrBet":0.006666666666666667,"step":0,"position":1,"bluff":0,"handValue":0.1018,"percentBets_1":0.1,"percentBets_2":0.03496503496503497,"percentBets_3":0.06666666666666667},"output":{"chips":0.5}},
{"input":{"Win":0,"Lose":0,"myCurrBet":0.03666666666666667,"step":0.25,"position":1,"bluff":0,"handValue":0.300000121107,"percentBets_1":0.3,"percentBets_2":0.06993006993006994,"percentBets_3":0.13333333333333333},"output":{"chips":0}},
{"input":{"Win":0,"Lose":0.03666666666666667,"myCurrBet":0.006666666666666667,"step":0,"position":1,"bluff":1,"handValue":0.10110000000000001,"percentBets_1":0.0547945205479452,"percentBets_2":0.030303030303030304,"percentBets_3":0.0625},"output":{"chips":0.5}},
{"input":{"Win":0,"Lose":0.03666666666666667,"myCurrBet":0.013333333333333334,"step":0.25,"position":1,"bluff":0,"handValue":0.300000060512,"percentBets_1":0.0547945205479452,"percentBets_2":0.03787878787878788,"percentBets_3":0.078125},"output":{"chips":0.5}},
{"input":{"Win":0,"Lose":0.03666666666666667,"myCurrBet":0,"step":0,"position":1,"bluff":0,"percentBets_1":0.00684931506849315,"percentBets_2":0.007575757575757576,"handValue":0.10110000000000001,"percentBets_3":0.015625},"output":{"chips":1}},
{"input":{"Win":0,"Lose":0.03666666666666667,"myCurrBet":0.016666666666666666,"step":0.25,"position":1,"bluff":0,"handValue":0.300000060512,"percentBets_1":0.0821917808219178,"percentBets_2":0.045454545454545456,"percentBets_3":0.09375},"output":{"chips":0.5}},
{"input":{"Win":0,"Lose":0.03666666666666667,"myCurrBet":0.02,"step":0.5,"position":1,"bluff":0,"handValue":0.300000060513,"percentBets_1":0.0821917808219178,"percentBets_2":0.05303030303030303,"percentBets_3":0.109375},"output":{"chips":0.5}},
{"input":{"Win":0,"Lose":0.03666666666666667,"myCurrBet":0.023333333333333334,"step":0.5,"position":1,"bluff":1,"handValue":0.300000060513,"percentBets_1":0.1095890410958904,"percentBets_2":0.06060606060606061,"percentBets_3":0.125},"output":{"chips":1}},
{"input":{"Win":0,"Lose":0.03666666666666667,"myCurrBet":0.03,"step":0.5,"position":1,"bluff":0,"handValue":0.300000060513,"percentBets_1":0.1643835616438356,"percentBets_2":0.09090909090909091,"percentBets_3":0.1875},"output":{"chips":0}},
{"input":{"Win":0.026022304832713755,"Lose":0,"myCurrBet":0,"step":0,"position":1,"bluff":0,"percentBets_1":0.009433962264150943,"percentBets_2":0.016666666666666666,"handValue":0.1014,"percentBets_3":0.038461538461538464},"output":{"chips":0.5}},
{"input":{"Win":0.026022304832713755,"Lose":0,"myCurrBet":0.006666666666666667,"step":0,"position":1,"bluff":0,"handValue":0.1014,"percentBets_1":0.03773584905660377,"percentBets_2":0,"percentBets_3":0},"output":{"chips":1}},
{"input":{"Win":0.026022304832713755,"Lose":0,"myCurrBet":0.04,"step":0.25,"position":1,"bluff":0,"handValue":0.10250000000000001,"percentBets_1":0.11320754716981132},"output":{"chips":0.5}},
{"input":{"Win":0.026022304832713755,"Lose":0,"myCurrBet":0.04,"step":0.75,"position":1,"bluff":1,"handValue":0.10260000000000001,"percentBets_1":0.11320754716981132},"output":{"chips":0.5}},
{"input":{"Win":0.026022304832713755,"Lose":0,"myCurrBet":0.02,"step":0,"position":1,"bluff":0,"handValue":0.1014,"percentBets_1":0.11320754716981132},"output":{"chips":0.5}},
{"input":{"Win":0.026022304832713755,"Lose":0,"myCurrBet":0.04,"step":0.5,"position":1,"bluff":0,"handValue":0.1017,"percentBets_1":0.11320754716981132},"output":{"chips":0.5}},
{"input":{"Win":0,"Lose":0.013333333333333334,"myCurrBet":0,"step":0,"position":1,"bluff":0,"percentBets_1":0.010638297872340425,"percentBets_2":0.01694915254237288,"handValue":0.10070000000000001,"percentBets_3":0.04},"output":{"chips":0.5}},
{"input":{"Win":0,"Lose":0.013333333333333334,"myCurrBet":0.006666666666666667,"step":0,"position":1,"bluff":0,"handValue":0.10070000000000001,"percentBets_1":0.0425531914893617,"percentBets_2":0.03389830508474576,"percentBets_3":0.08},"output":{"chips":0.5}},
{"input":{"Win":0,"Lose":0.013333333333333334,"myCurrBet":0.013333333333333334,"step":0.25,"position":1,"bluff":0,"handValue":0.1022,"percentBets_1":0.0425531914893617,"percentBets_2":0.03389830508474576,"percentBets_3":0.08},"output":{"chips":0.5}},
{"input":{"Win":0,"Lose":0.013333333333333334,"myCurrBet":0.013333333333333334,"step":0.5,"position":1,"bluff":0,"handValue":0.10260000000000001,"percentBets_1":0.0425531914893617,"percentBets_2":0.03389830508474576,"percentBets_3":0.08},"output":{"chips":0.5}},
{"input":{"Win":0,"Lose":0.013333333333333334,"myCurrBet":0.013333333333333334,"step":0.75,"position":1,"bluff":0,"handValue":0.1029,"percentBets_1":0.0425531914893617,"percentBets_2":0.03389830508474576,"percentBets_3":0.08},"output":{"chips":0.5}},
{"input":{"Win":0,"Lose":0.013333333333333334,"myCurrBet":0,"step":0,"position":1,"bluff":1,"percentBets_1":0.009433962264150943,"percentBets_2":0.017543859649122806,"handValue":0.1008,"percentBets_3":0.043478260869565216},"output":{"chips":0.5}},
{"input":{"Win":0,"Lose":0.013333333333333334,"myCurrBet":0.013333333333333334,"step":0.5,"position":1,"bluff":1,"handValue":0.1029,"percentBets_1":0.03773584905660377,"percentBets_2":0.03508771929824561,"percentBets_3":0.08695652173913043},"output":{"chips":0.5}},
{"input":{"Win":0,"Lose":0.013333333333333334,"myCurrBet":0.006666666666666667,"step":0,"position":1,"bluff":0,"handValue":0.1008,"percentBets_1":0.03773584905660377,"percentBets_2":0.03508771929824561,"percentBets_3":0.08695652173913043},"output":{"chips":0.5}},
{"input":{"Win":0,"Lose":0.013333333333333334,"myCurrBet":0.013333333333333334,"step":0.75,"position":1,"bluff":0,"handValue":0.10410000000000001,"percentBets_1":0.03773584905660377,"percentBets_2":0.03508771929824561,"percentBets_3":0.08695652173913043},"output":{"chips":0.5}},
{"input":{"Win":0,"Lose":0.013333333333333334,"myCurrBet":0.013333333333333334,"step":0.25,"position":1,"bluff":0,"handValue":0.1024,"percentBets_1":0.03773584905660377,"percentBets_2":0.03508771929824561,"percentBets_3":0.08695652173913043},"output":{"chips":0.5}},
{"input":{"Win":0.05925925925925926,"Lose":0,"myCurrBet":0,"step":0,"position":1,"bluff":0,"percentBets_1":0.00980392156862745,"percentBets_2":0.01818181818181818,"handValue":0.500000000011,"percentBets_3":0.034482758620689655},"output":{"chips":0.5}},
{"input":{"Win":0.05925925925925926,"Lose":0,"myCurrBet":0.006666666666666667,"step":0,"position":1,"bluff":0,"handValue":0.500000000011,"percentBets_1":0.0392156862745098,"percentBets_2":0,"percentBets_3":0},"output":{"chips":1}},
{"input":{"Win":0.05925925925925926,"Lose":0,"myCurrBet":0.04,"step":0.25,"position":1,"bluff":0,"handValue":0.1037,"percentBets_1":0.11764705882352941},"output":{"chips":0.5}},
{"input":{"Win":0.05925925925925926,"Lose":0,"myCurrBet":0.02,"step":0,"position":1,"bluff":0,"handValue":0.500000000011,"percentBets_1":0.11764705882352941},"output":{"chips":0.5}},
{"input":{"Win":0.05925925925925926,"Lose":0,"myCurrBet":0.04,"step":0.5,"position":1,"bluff":0,"handValue":0.1028,"percentBets_1":0.11764705882352941},"output":{"chips":0.5}},
{"input":{"Win":0.05925925925925926,"Lose":0,"myCurrBet":0.04,"step":0.75,"position":1,"bluff":0,"handValue":0.10350000000000001,"percentBets_1":0.11764705882352941},"output":{"chips":0.5}},
{"input":{"Win":0,"Lose":0,"myCurrBet":0,"step":0,"position":1,"bluff":0,"percentBets_1":0.011111111111111112,"percentBets_2":0.018518518518518517,"handValue":0.600901,"percentBets_3":0.03571428571428571},"output":{"chips":0.5}},
{"input":{"Win":0,"Lose":0,"myCurrBet":0.02,"step":0,"position":1,"bluff":1,"handValue":0.600901,"percentBets_1":0.13333333333333333,"percentBets_2":0.1111111111111111,"percentBets_3":0.21428571428571427},"output":{"chips":1}},
{"input":{"Win":0,"Lose":0,"myCurrBet":0.006666666666666667,"step":0,"position":1,"bluff":0,"handValue":0.600901,"percentBets_1":0.044444444444444446,"percentBets_2":0.05555555555555555,"percentBets_3":0.10714285714285714},"output":{"chips":0.5}},
{"input":{"Win":0,"Lose":0,"myCurrBet":0.04666666666666667,"step":0,"position":1,"bluff":0,"handValue":0.600901,"percentBets_1":0.3111111111111111,"percentBets_2":0,"percentBets_3":0},"output":{"chips":0}},
{"input":{"Win":0,"Lose":0.006666666666666667,"myCurrBet":0.006666666666666667,"step":0,"position":1,"bluff":0,"handValue":0.601312,"percentBets_1":0.03125,"percentBets_2":0.041666666666666664,"percentBets_3":0.09090909090909091},"output":{"chips":0.5}},
{"input":{"Win":0,"Lose":0.006666666666666667,"myCurrBet":0.013333333333333334,"step":0.25,"position":1,"bluff":0,"handValue":0.1039,"percentBets_1":0.03125,"percentBets_2":0.041666666666666664,"percentBets_3":0.09090909090909091},"output":{"chips":0.5}},
{"input":{"Win":0,"Lose":0.006666666666666667,"myCurrBet":0.013333333333333334,"step":0.5,"position":1,"bluff":0,"handValue":0.10500000000000001,"percentBets_1":0.03125,"percentBets_2":0.041666666666666664,"percentBets_3":0.09090909090909091},"output":{"chips":0.5}},
{"input":{"Win":0,"Lose":0.006666666666666667,"myCurrBet":0,"step":0,"position":1,"bluff":0,"percentBets_1":0.0078125,"percentBets_2":0.020833333333333332,"handValue":0.601312,"percentBets_3":0.045454545454545456},"output":{"chips":0.5}},
{"input":{"Win":0,"Lose":0.006666666666666667,"myCurrBet":0.013333333333333334,"step":0.75,"position":1,"bluff":0,"handValue":0.601312110701,"percentBets_1":0.03125,"percentBets_2":0.041666666666666664,"percentBets_3":0.09090909090909091},"output":{"chips":0}},
{"input":{"Win":0.0625,"Lose":0,"myCurrBet":0,"step":0,"position":1,"bluff":1,"percentBets_1":0.008064516129032258,"percentBets_2":0.021739130434782608,"handValue":0.6013069999999999,"percentBets_3":0.05},"output":{"chips":1}},
{"input":{"Win":0.0625,"Lose":0,"myCurrBet":0.02666666666666667,"step":0.5,"position":1,"bluff":1,"handValue":0.10210000000000001,"percentBets_1":0.06451612903225806},"output":{"chips":1}},
{"input":{"Win":0.0625,"Lose":0,"myCurrBet":0.02666666666666667,"step":0.25,"position":1,"bluff":0,"handValue":0.1017,"percentBets_1":0.06451612903225806},"output":{"chips":0.5}},
{"input":{"Win":0.0625,"Lose":0,"myCurrBet":0.013333333333333334,"step":0,"position":1,"bluff":0,"handValue":0.6013069999999999,"percentBets_1":0.06451612903225806,"percentBets_2":0,"percentBets_3":0},"output":{"chips":0.5}},
{"input":{"Win":0.0625,"Lose":0,"myCurrBet":0.03333333333333333,"step":0.5,"position":1,"bluff":1,"handValue":0.10210000000000001,"percentBets_1":0.0967741935483871},"output":{"chips":0.5}},
{"input":{"Win":0.0625,"Lose":0,"myCurrBet":0.04,"step":0.75,"position":1,"bluff":0,"handValue":0.1033,"percentBets_1":0.0967741935483871},"output":{"chips":0.5}},
{"input":{"Win":0.1,"Lose":0,"myCurrBet":0,"step":0,"position":1,"bluff":0,"percentBets_1":0.008928571428571428,"percentBets_2":0.022222222222222223,"handValue":0.500000000013,"percentBets_3":0.05263157894736842},"output":{"chips":0.5}},
{"input":{"Win":0.1,"Lose":0,"myCurrBet":0.02,"step":0,"position":1,"bluff":0,"handValue":0.500000000013,"percentBets_1":0.10714285714285714,"percentBets_2":0,"percentBets_3":0},"output":{"chips":0.5}},
{"input":{"Win":0.1,"Lose":0,"myCurrBet":0.006666666666666667,"step":0,"position":1,"bluff":0,"handValue":0.500000000013,"percentBets_1":0.03571428571428571,"percentBets_2":0.06666666666666667,"percentBets_3":0.15789473684210525},"output":{"chips":0.5}},
{"input":{"Win":0.1,"Lose":0,"myCurrBet":0.04,"step":0.5,"position":1,"bluff":0,"handValue":0.1058,"percentBets_1":0.10714285714285714},"output":{"chips":0.5}},
{"input":{"Win":0.1,"Lose":0,"myCurrBet":0.04,"step":0.25,"position":1,"bluff":1,"handValue":0.1046,"percentBets_1":0.10714285714285714},"output":{"chips":0.5}},
{"input":{"Win":0.1,"Lose":0,"myCurrBet":0.04,"step":0.75,"position":1,"bluff":0,"handValue":0.1053,"percentBets_1":0.10714285714285714},"output":{"chips":0.5}},
{"input":{"Win":0.12962962962962962,"Lose":0,"myCurrBet":0,"step":0,"position":1,"bluff":0,"percentBets_1":0.01,"percentBets_2":0.023809523809523808,"handValue":0.500000000009,"percentBets_3":0.0625},"output":{"chips":0.5}},
{"input":{"Win":0.12962962962962962,"Lose":0,"myCurrBet":0.04,"step":0.25,"position":1,"bluff":0,"handValue":0.1038,"percentBets_1":0.12},"output":{"chips":0.5}},
{"input":{"Win":0.12962962962962962,"Lose":0,"myCurrBet":0.02,"step":0,"position":1,"bluff":1,"handValue":0.500000000009,"percentBets_1":0.12,"percentBets_2":0,"percentBets_3":0},"output":{"chips":0.5}},
{"input":{"Win":0.12962962962962962,"Lose":0,"myCurrBet":0.04,"step":0.75,"position":1,"bluff":1,"handValue":0.10540000000000001,"percentBets_1":0.12},"output":{"chips":1}},
{"input":{"Win":0.12962962962962962,"Lose":0,"myCurrBet":0.04666666666666667,"step":0.75,"position":1,"bluff":0,"handValue":0.10540000000000001,"percentBets_1":0.16},"output":{"chips":0.5}},
{"input":{"Win":0.12962962962962962,"Lose":0,"myCurrBet":0.006666666666666667,"step":0,"position":1,"bluff":0,"handValue":0.500000000009,"percentBets_1":0.04,"percentBets_2":0.07142857142857142,"percentBets_3":0.1875},"output":{"chips":0.5}},
{"input":{"Win":0.12962962962962962,"Lose":0,"myCurrBet":0.04,"step":0.5,"position":1,"bluff":0,"handValue":0.1042,"percentBets_1":0.12},"output":{"chips":0.5}},
{"input":{"Win":0,"Lose":0.05333333333333334,"myCurrBet":0,"step":0,"position":1,"bluff":0,"percentBets_1":0.011904761904761904,"percentBets_2":0.02564102564102564,"handValue":0.1015,"percentBets_3":0.07692307692307693},"output":{"chips":0.5}},
{"input":{"Win":0,"Lose":0.05333333333333334,"myCurrBet":0.006666666666666667,"step":0,"position":1,"bluff":0,"handValue":0.1015,"percentBets_1":0.047619047619047616,"percentBets_2":0.07692307692307693,"percentBets_3":0.23076923076923078},"output":{"chips":0.5}},
{"input":{"Win":0,"Lose":0.05333333333333334,"myCurrBet":0.04,"step":0.5,"position":1,"bluff":1,"handValue":0.300000110708,"percentBets_1":0.14285714285714285},"output":{"chips":1}},
{"input":{"Win":0,"Lose":0.05333333333333334,"myCurrBet":0.04,"step":0.25,"position":1,"bluff":0,"handValue":0.10200000000000001,"percentBets_1":0.14285714285714285},"output":{"chips":0.5}},
{"input":{"Win":0,"Lose":0.05333333333333334,"myCurrBet":0.04666666666666667,"step":0.5,"position":1,"bluff":0,"handValue":0.300000110708,"percentBets_1":0.19047619047619047},"output":{"chips":0.5}},
{"input":{"Win":0,"Lose":0.05333333333333334,"myCurrBet":0.02,"step":0,"position":1,"bluff":0,"handValue":0.1015,"percentBets_1":0.14285714285714285,"percentBets_2":0,"percentBets_3":0},"output":{"chips":0.5}},
{"input":{"Win":0,"Lose":0.05333333333333334,"myCurrBet":0.05333333333333334,"step":0.75,"position":1,"bluff":0,"handValue":0.300000110708,"percentBets_1":0.19047619047619047},"output":{"chips":0}},
{"input":{"Win":0.11764705882352941,"Lose":0,"myCurrBet":0,"step":0,"position":1,"bluff":0,"percentBets_1":0.008928571428571428,"percentBets_2":0.027777777777777776,"handValue":0.1005,"percentBets_3":0.1},"output":{"chips":0.5}},
{"input":{"Win":0.11764705882352941,"Lose":0,"myCurrBet":0.006666666666666667,"step":0,"position":1,"bluff":0,"handValue":0.1005,"percentBets_1":0.03571428571428571,"percentBets_2":0.05555555555555555,"percentBets_3":0.2},"output":{"chips":0.5}},
{"input":{"Win":0.11764705882352941,"Lose":0,"myCurrBet":0.013333333333333334,"step":0.25,"position":1,"bluff":1,"handValue":0.1029,"percentBets_1":0.03571428571428571,"percentBets_2":0.08333333333333333,"percentBets_3":0.3},"output":{"chips":1}},
{"input":{"Win":0.11764705882352941,"Lose":0,"myCurrBet":0.02666666666666667,"step":0.25,"position":1,"bluff":0,"handValue":0.1029,"percentBets_1":0.10714285714285714,"percentBets_2":0.05555555555555555,"percentBets_3":0.2},"output":{"chips":0.5}},
{"input":{"Win":0.11764705882352941,"Lose":0,"myCurrBet":0.04,"step":0.5,"position":1,"bluff":0,"handValue":0.10410000000000001,"percentBets_1":0.10714285714285714},"output":{"chips":0.5}},
{"input":{"Win":0.11764705882352941,"Lose":0,"myCurrBet":0.04,"step":0.75,"position":1,"bluff":1,"handValue":0.1034,"percentBets_1":0.10714285714285714},"output":{"chips":0.5}},
{"input":{"Win":0,"Lose":0.02666666666666667,"myCurrBet":0,"step":0,"position":1,"bluff":0,"percentBets_1":0.01,"percentBets_2":0.030303030303030304,"handValue":0.10060000000000001,"percentBets_3":0.14285714285714285},"output":{"chips":0.5}},
{"input":{"Win":0,"Lose":0.02666666666666667,"myCurrBet":0.006666666666666667,"step":0,"position":1,"bluff":0,"handValue":0.10060000000000001,"percentBets_1":0.04,"percentBets_2":0.06060606060606061,"percentBets_3":0.2857142857142857},"output":{"chips":0.5}},
{"input":{"Win":0,"Lose":0.02666666666666667,"myCurrBet":0.013333333333333334,"step":0.25,"position":1,"bluff":0,"handValue":0.10410000000000001,"percentBets_1":0.04,"percentBets_2":0.09090909090909091,"percentBets_3":0.42857142857142855},"output":{"chips":0.5}},
{"input":{"Win":0,"Lose":0.02666666666666667,"myCurrBet":0.02,"step":0.25,"position":1,"bluff":0,"handValue":0.10410000000000001,"percentBets_1":0.08,"percentBets_2":0.06060606060606061,"percentBets_3":0.2857142857142857},"output":{"chips":0.5}},
{"input":{"Win":0,"Lose":0.02666666666666667,"myCurrBet":0.02666666666666667,"step":0.5,"position":1,"bluff":0,"handValue":0.1044,"percentBets_1":0.08},"output":{"chips":0.5}},
{"input":{"Win":0,"Lose":0.02666666666666667,"myCurrBet":0.02666666666666667,"step":0.75,"position":1,"bluff":0,"handValue":0.1034,"percentBets_1":0.08},"output":{"chips":0.5}},
{"input":{"Win":0.06382978723404255,"Lose":0,"myCurrBet":0,"step":0,"position":1,"bluff":1,"percentBets_1":0.008333333333333333,"percentBets_2":0.03333333333333333,"handValue":0.500000000003,"percentBets_3":0.25},"output":{"chips":1}},
{"input":{"Win":0.06382978723404255,"Lose":0,"myCurrBet":0.013333333333333334,"step":0,"position":1,"bluff":1,"handValue":0.500000000003,"percentBets_1":0.06666666666666667,"percentBets_2":0,"percentBets_3":0},"output":{"chips":0.5}},
{"input":{"Win":0.06382978723404255,"Lose":0,"myCurrBet":0.02666666666666667,"step":0.75,"position":1,"bluff":0,"handValue":0.10500000000000001,"percentBets_1":0.06666666666666667},"output":{"chips":0.5}},
{"input":{"Win":0.06382978723404255,"Lose":0,"myCurrBet":0.02666666666666667,"step":0.5,"position":1,"bluff":0,"handValue":0.1037,"percentBets_1":0.06666666666666667},"output":{"chips":0.5}},
{"input":{"Win":0.06382978723404255,"Lose":0,"myCurrBet":0.02666666666666667,"step":0.25,"position":1,"bluff":0,"handValue":0.10250000000000001,"percentBets_1":0.06666666666666667},"output":{"chips":0.5}},
{"input":{"Win":0,"Lose":0,"myCurrBet":0,"step":0,"position":1,"bluff":0,"percentBets_1":0.008928571428571428,"percentBets_2":0.034482758620689655,"handValue":0.10060000000000001,"percentBets_3":0.3333333333333333},"output":{"chips":0.5}},
{"input":{"Win":0,"Lose":0,"myCurrBet":0.006666666666666667,"step":0,"position":1,"bluff":0,"handValue":0.10060000000000001,"percentBets_1":0.03571428571428571,"percentBets_2":0.06896551724137931,"percentBets_3":0.6666666666666666},"output":{"chips":0.5}},
{"input":{"Win":0,"Lose":0,"myCurrBet":0.02,"step":0.25,"position":1,"bluff":0,"handValue":0.300000050402,"percentBets_1":0.07142857142857142,"percentBets_2":0.06896551724137931,"percentBets_3":0.6666666666666666},"output":{"chips":0}},
{"input":{"Win":0,"Lose":0,"myCurrBet":0.013333333333333334,"step":0.25,"position":1,"bluff":1,"handValue":0.300000050402,"percentBets_1":0.03571428571428571,"percentBets_2":0.10344827586206896,"percentBets_3":1},"output":{"chips":0.5}},
{"input":{"Win":0,"Lose":0.1,"myCurrBet":0.013333333333333334,"step":0,"position":1,"bluff":1,"handValue":0.600904,"percentBets_1":0.06153846153846154,"percentBets_2":0.19230769230769232},"output":{"chips":0.5}},
{"input":{"Win":0,"Lose":0.1,"myCurrBet":0.03333333333333333,"step":0,"position":1,"bluff":1,"handValue":0.600904,"percentBets_1":0.15384615384615385,"percentBets_2":0},"output":{"chips":0.5}},
{"input":{"Win":0,"Lose":0.1,"myCurrBet":0,"step":0,"position":1,"bluff":0,"percentBets_1":0.007692307692307693,"percentBets_2":0.038461538461538464,"handValue":0.600904},"output":{"chips":1}},
{"input":{"Win":0,"Lose":0.1,"myCurrBet":0.06666666666666667,"step":0.25,"position":1,"bluff":1,"handValue":0.1015,"percentBets_1":0.15384615384615385},"output":{"chips":0.5}},
{"input":{"Win":0,"Lose":0.1,"myCurrBet":0.06666666666666667,"step":0.75,"position":1,"bluff":1,"handValue":0.1034,"percentBets_1":0.15384615384615385},"output":{"chips":1}},
{"input":{"Win":0,"Lose":0.1,"myCurrBet":0.06666666666666667,"step":0.5,"position":1,"bluff":0,"handValue":0.1028,"percentBets_1":0.15384615384615385},"output":{"chips":0.5}},
{"input":{"Win":0,"Lose":0.1,"myCurrBet":0.07333333333333333,"step":0.75,"position":1,"bluff":0,"handValue":0.1034,"percentBets_1":0.18461538461538463},"output":{"chips":0.5}},
{"input":{"Win":0,"Lose":0.14,"myCurrBet":0,"step":0,"position":1,"bluff":0,"percentBets_1":0.009146341463414634,"percentBets_2":0.07142857142857142,"handValue":0.1018},"output":{"chips":0.5}},
{"input":{"Win":0,"Lose":0.14,"myCurrBet":0.03,"step":0,"position":1,"bluff":0,"handValue":0.1018,"percentBets_1":0.10975609756097561,"percentBets_2":0},"output":{"chips":1}},
{"input":{"Win":0,"Lose":0.14,"myCurrBet":0.07,"step":0,"position":1,"bluff":1,"handValue":0.1018,"percentBets_1":0.25609756097560976},"output":{"chips":0.5}},
{"input":{"Win":0,"Lose":0.14,"myCurrBet":0.01,"step":0,"position":1,"bluff":0,"handValue":0.1018,"percentBets_1":0.036585365853658534,"percentBets_2":0.21428571428571427},"output":{"chips":0.5}},
{"input":{"Win":0,"Lose":0.14,"myCurrBet":0.14,"step":0.25,"position":1,"bluff":0,"handValue":0.1029,"percentBets_1":0.25609756097560976},"output":{"chips":0.5}},
{"input":{"Win":0,"Lose":0.14,"myCurrBet":0.14,"step":0.5,"position":1,"bluff":0,"handValue":0.10310000000000001,"percentBets_1":0.25609756097560976},"output":{"chips":0.5}},
{"input":{"Win":0,"Lose":0.14,"myCurrBet":0.14,"step":0.75,"position":1,"bluff":1,"handValue":0.1037,"percentBets_1":0.25609756097560976},"output":{"chips":0.5}},
{"input":{"Win":0,"Lose":0.08,"myCurrBet":0,"step":0,"position":1,"bluff":0,"percentBets_1":0.0069767441860465115,"percentBets_2":0.09090909090909091,"handValue":0.600703},"output":{"chips":0.5}},
{"input":{"Win":0,"Lose":0.08,"myCurrBet":0.01,"step":0,"position":1,"bluff":0,"handValue":0.600703,"percentBets_1":0.027906976744186046,"percentBets_2":0.2727272727272727},"output":{"chips":0.5}},
{"input":{"Win":0,"Lose":0.08,"myCurrBet":0.03,"step":0,"position":1,"bluff":0,"handValue":0.600703,"percentBets_1":0.08372093023255814,"percentBets_2":0.5454545454545454},"output":{"chips":0.5}},
{"input":{"Win":0,"Lose":0.08,"myCurrBet":0.06,"step":0.25,"position":1,"bluff":1,"handValue":0.10400000000000001,"percentBets_1":0.08372093023255814,"percentBets_2":0.5454545454545454},"output":{"chips":1}},
{"input":{"Win":0,"Lose":0.08,"myCurrBet":0.08,"step":0.5,"position":1,"bluff":0,"handValue":0.1048,"percentBets_1":0.11162790697674418},"output":{"chips":0.5}},
{"input":{"Win":0,"Lose":0.08,"myCurrBet":0.07,"step":0.25,"position":1,"bluff":0,"handValue":0.10400000000000001,"percentBets_1":0.11162790697674418,"percentBets_2":0.5454545454545454},"output":{"chips":0.5}},
{"input":{"Win":0,"Lose":0.08,"myCurrBet":0.08,"step":0.75,"position":1,"bluff":0,"handValue":0.10450000000000001,"percentBets_1":0.11162790697674418},"output":{"chips":0.5}},
{"input":{"Win":0,"Lose":0.04,"myCurrBet":0,"step":0,"position":1,"bluff":0,"percentBets_1":0.005836575875486381,"percentBets_2":0.2,"handValue":0.500000000013},"output":{"chips":0.5}},
{"input":{"Win":0,"Lose":0.04,"myCurrBet":0.03,"step":0.25,"position":1,"bluff":0,"handValue":0.10500000000000001,"percentBets_1":0.04669260700389105,"percentBets_2":0.8},"output":{"chips":0.5}},
{"input":{"Win":0,"Lose":0.04,"myCurrBet":0.02,"step":0.25,"position":1,"bluff":1,"handValue":0.10500000000000001,"percentBets_1":0.023346303501945526,"percentBets_2":0.4},"output":{"chips":1}},
{"input":{"Win":0,"Lose":0.04,"myCurrBet":0.01,"step":0,"position":1,"bluff":0,"handValue":0.500000000013,"percentBets_1":0.023346303501945526,"percentBets_2":0.4},"output":{"chips":0.5}},
{"input":{"Win":0,"Lose":0.04,"myCurrBet":0.04,"step":0.75,"position":1,"bluff":0,"handValue":0.30000013111199997,"percentBets_1":0.04669260700389105,"percentBets_2":0.8},"output":{"chips":0.5}},
{"input":{"Win":0,"Lose":0.04,"myCurrBet":0.04,"step":0.5,"position":1,"bluff":0,"handValue":0.1039,"percentBets_1":0.04669260700389105,"percentBets_2":0.8},"output":{"chips":0.5}},
{"input":{"Win":0.06338028169014084,"Lose":0,"myCurrBet":0.01,"step":0,"position":1,"bluff":0,"handValue":0.1005,"percentBets_1":0.024489795918367346,"percentBets_2":0.15384615384615385},"output":{"chips":0.5}},
{"input":{"Win":0.06338028169014084,"Lose":0,"myCurrBet":0.02,"step":0.5,"position":1,"bluff":1,"handValue":0.10400000000000001,"percentBets_1":0.024489795918367346,"percentBets_2":0.15384615384615385},"output":{"chips":1}},
{"input":{"Win":0.06338028169014084,"Lose":0,"myCurrBet":0,"step":0,"position":1,"bluff":0,"percentBets_1":0.006122448979591836,"percentBets_2":0.07692307692307693,"handValue":0.1005},"output":{"chips":0.5}},
{"input":{"Win":0.06338028169014084,"Lose":0,"myCurrBet":0.02,"step":0.25,"position":1,"bluff":0,"handValue":0.1029,"percentBets_1":0.024489795918367346,"percentBets_2":0.15384615384615385},"output":{"chips":0.5}},
{"input":{"Win":0.06338028169014084,"Lose":0,"myCurrBet":0.03,"step":0.5,"position":1,"bluff":1,"handValue":0.10400000000000001,"percentBets_1":0.04897959183673469,"percentBets_2":0.15384615384615385},"output":{"chips":0.5}},
{"input":{"Win":0.06338028169014084,"Lose":0,"myCurrBet":0.04,"step":0.75,"position":1,"bluff":0,"handValue":0.1042,"percentBets_1":0.04897959183673469},"output":{"chips":0.5}},
{"input":{"Win":0,"Lose":0.08,"myCurrBet":0,"step":0,"position":1,"bluff":0,"percentBets_1":0.006437768240343348,"percentBets_2":0.09090909090909091,"handValue":0.10110000000000001},"output":{"chips":0.5}},
{"input":{"Win":0,"Lose":0.08,"myCurrBet":0.01,"step":0,"position":1,"bluff":0,"handValue":0.10110000000000001,"percentBets_1":0.02575107296137339,"percentBets_2":0.2727272727272727},"output":{"chips":0.5}},
{"input":{"Win":0,"Lose":0.08,"myCurrBet":0.03,"step":0,"position":1,"bluff":0,"handValue":0.10110000000000001,"percentBets_1":0.07725321888412018,"percentBets_2":0.5454545454545454},"output":{"chips":0.5}},
{"input":{"Win":0,"Lose":0.08,"myCurrBet":0.06,"step":0.25,"position":1,"bluff":0,"handValue":0.1033,"percentBets_1":0.07725321888412018,"percentBets_2":0.6363636363636364},"output":{"chips":0.5}},
{"input":{"Win":0,"Lose":0.08,"myCurrBet":0.07,"step":0.25,"position":1,"bluff":0,"handValue":0.1033,"percentBets_1":0.10300429184549356,"percentBets_2":0.5454545454545454},"output":{"chips":0.5}},
{"input":{"Win":0,"Lose":0.08,"myCurrBet":0.08,"step":0.5,"position":1,"bluff":0,"handValue":0.10350000000000001,"percentBets_1":0.10300429184549356},"output":{"chips":0.5}},
{"input":{"Win":0,"Lose":0.08,"myCurrBet":0.08,"step":0.75,"position":1,"bluff":1,"handValue":0.10450000000000001,"percentBets_1":0.10300429184549356},"output":{"chips":0.5}},
{"input":{"Win":0,"Lose":0.03333333333333333,"myCurrBet":0,"step":0,"position":1,"bluff":1,"percentBets_1":0.00539568345323741,"percentBets_2":0.25,"handValue":0.1015},"output":{"chips":1}},
{"input":{"Win":0,"Lose":0.03333333333333333,"myCurrBet":0.02,"step":0,"position":1,"bluff":0,"handValue":0.1015,"percentBets_1":0.04316546762589928,"percentBets_2":0},"output":{"chips":0.5}},
{"input":{"Win":0,"Lose":0.03333333333333333,"myCurrBet":0.03333333333333333,"step":0.25,"position":1,"bluff":1,"handValue":0.1018,"percentBets_1":0.07194244604316546},"output":{"chips":0.5}},
{"input":{"Win":0,"Lose":0.03333333333333333,"myCurrBet":0.03333333333333333,"step":0.5,"position":1,"bluff":0,"handValue":0.1019,"percentBets_1":0.07194244604316546},"output":{"chips":0.5}},
{"input":{"Win":0,"Lose":0.03333333333333333,"myCurrBet":0.03333333333333333,"step":0.75,"position":1,"bluff":0,"handValue":0.1022,"percentBets_1":0.07194244604316546},"output":{"chips":0.5}},
