{"input":{"Win":0,"Lose":0,"myCurrBet":0.0016666666666666668,"step":0,"position":0.25,"bluff":0,"percentBets_2":0.013333333333333334,"handValue":0.400000000013,"percentBets_3":0.02666666666666667,"percentBets_4":0.02666666666666667},"output":{"chips":1}},
{"input":{"Win":0,"Lose":0,"myCurrBet":0.01,"step":0,"position":0.25,"bluff":0,"handValue":0.400000000013,"percentBets_2":0.05333333333333334,"percentBets_3":0.10666666666666667,"percentBets_4":0.10666666666666667},"output":{"chips":0}},
{"input":{"Win":0,"Lose":0.01,"myCurrBet":0.02666666666666667,"step":0.25,"position":0.25,"bluff":0,"handValue":0.1043,"percentBets_2":0.0851063829787234,"percentBets_3":0.11940298507462686,"percentBets_4":0.11940298507462686},"output":{"chips":0}},
{"input":{"Win":0,"Lose":0.01,"myCurrBet":0.02666666666666667,"step":0.25,"position":0.25,"bluff":0,"handValue":0.1043,"percentBets_2":0.09574468085106383,"percentBets_3":0.14925373134328357,"percentBets_4":0.14925373134328357},"output":{"chips":0}},
{"input":{"Win":0,"Lose":0.01,"myCurrBet":0.01,"step":0,"position":0.25,"bluff":0,"handValue":0.10120000000000001,"percentBets_2":0.0425531914893617,"percentBets_3":0.11940298507462686,"percentBets_4":0.11940298507462686},"output":{"chips":0.5}},
{"input":{"Win":0,"Lose":0.01,"myCurrBet":0.0016666666666666668,"step":0,"position":0.25,"bluff":0,"percentBets_2":0.010638297872340425,"handValue":0.10120000000000001,"percentBets_3":0.029850746268656716,"percentBets_4":0.029850746268656716},"output":{"chips":1}},
{"input":{"Win":0,"Lose":0.02666666666666667,"myCurrBet":0.0016666666666666668,"step":0,"position":0.25,"bluff":0,"percentBets_2":0.011904761904761904,"handValue":0.601309,"percentBets_3":0.03508771929824561,"percentBets_4":0.021052631578947368},"output":{"chips":1}},
{"input":{"Win":0,"Lose":0.02666666666666667,"myCurrBet":0.01,"step":0,"position":0.25,"bluff":0,"handValue":0.601309,"percentBets_2":0.047619047619047616,"percentBets_3":0.14035087719298245,"percentBets_4":0.08421052631578947},"output":{"chips":0}},
{"input":{"Win":0,"Lose":0.01,"myCurrBet":0.0016666666666666668,"step":0,"position":0.25,"bluff":0,"percentBets_2":0.009708737864077669,"handValue":0.6012029999999999,"percentBets_3":0.04081632653061224,"percentBets_4":0.022988505747126436},"output":{"chips":1}},
{"input":{"Win":0,"Lose":0.01,"myCurrBet":0.01,"step":0,"position":0.25,"bluff":0,"handValue":0.6012029999999999,"percentBets_2":0.038834951456310676,"percentBets_3":0.16326530612244897,"percentBets_4":0.09195402298850575},"output":{"chips":0}},
{"input":{"Win":0,"Lose":0.01,"myCurrBet":0.0016666666666666668,"step":0,"position":0.25,"bluff":0,"percentBets_2":0.010526315789473684,"handValue":0.600302,"percentBets_3":0.029411764705882353,"percentBets_4":0.02531645569620253},"output":{"chips":1}},
{"input":{"Win":0,"Lose":0.01,"myCurrBet":0.02666666666666667,"step":0.25,"position":0.25,"bluff":0,"handValue":0.1022,"percentBets_2":0.08421052631578947,"percentBets_3":0.11764705882352941,"percentBets_4":0.10126582278481013},"output":{"chips":0}},
{"input":{"Win":0,"Lose":0.01,"myCurrBet":0.02666666666666667,"step":0.25,"position":0.25,"bluff":0,"handValue":0.1022,"percentBets_2":0.09473684210526316,"percentBets_3":0.14705882352941177,"percentBets_4":0.12658227848101267},"output":{"chips":0}},
{"input":{"Win":0,"Lose":0.01,"myCurrBet":0.01,"step":0,"position":0.25,"bluff":1,"handValue":0.600302,"percentBets_2":0.042105263157894736,"percentBets_3":0.11764705882352941,"percentBets_4":0.10126582278481013},"output":{"chips":0.5}},
{"input":{"Win":0,"Lose":0.02666666666666667,"myCurrBet":0.0016666666666666668,"step":0,"position":0.25,"bluff":0,"percentBets_2":0.011627906976744186,"handValue":0.1008,"percentBets_3":0.034482758620689655,"percentBets_4":0.018867924528301886},"output":{"chips":1}},
{"input":{"Win":0,"Lose":0.02666666666666667,"myCurrBet":0.01,"step":0,"position":0.25,"bluff":0,"handValue":0.1008,"percentBets_2":0.046511627906976744,"percentBets_3":0.13793103448275862,"percentBets_4":0.07547169811320754},"output":{"chips":0.5}},
{"input":{"Win":0,"Lose":0.02666666666666667,"myCurrBet":0.02666666666666667,"step":0.25,"position":0.25,"bluff":0,"handValue":0.10310000000000001,"percentBets_2":0.10465116279069768,"percentBets_3":0.1724137931034483,"percentBets_4":0.09433962264150944},"output":{"chips":0}},
{"input":{"Win":0,"Lose":0.02666666666666667,"myCurrBet":0.02666666666666667,"step":0.25,"position":0.25,"bluff":0,"handValue":0.10310000000000001,"percentBets_2":0.09302325581395349,"percentBets_3":0.13793103448275862,"percentBets_4":0.07547169811320754},"output":{"chips":0}},
{"input":{"Win":0,"Lose":0.05333333333333334,"myCurrBet":0.02666666666666667,"step":0.25,"position":0.25,"bluff":0,"handValue":0.10300000000000001,"percentBets_2":0.1038961038961039,"percentBets_3":0.16666666666666666,"percentBets_4":0.06015037593984962},"output":{"chips":0}},
{"input":{"Win":0,"Lose":0.05333333333333334,"myCurrBet":0.01,"step":0,"position":0.25,"bluff":0,"handValue":0.1013,"percentBets_2":0.05194805194805195,"percentBets_3":0.16666666666666666,"percentBets_4":0.06015037593984962},"output":{"chips":0.5}},
{"input":{"Win":0,"Lose":0.05333333333333334,"myCurrBet":0.02666666666666667,"step":0.25,"position":0.25,"bluff":0,"handValue":0.10300000000000001,"percentBets_2":0.1038961038961039,"percentBets_3":0.16666666666666666,"percentBets_4":0.06015037593984962},"output":{"chips":0}},
{"input":{"Win":0,"Lose":0.05333333333333334,"myCurrBet":0.0016666666666666668,"step":0,"position":0.25,"bluff":0,"percentBets_2":0.012987012987012988,"handValue":0.1013,"percentBets_3":0.041666666666666664,"percentBets_4":0.015037593984962405},"output":{"chips":1}},
{"input":{"Win":0,"Lose":0.05333333333333334,"myCurrBet":0.02666666666666667,"step":0.25,"position":0.25,"bluff":0,"handValue":0.1037,"percentBets_2":0.1038961038961039,"percentBets_3":0.16666666666666666,"percentBets_4":0.06015037593984962},"output":{"chips":0}},
{"input":{"Win":0,"Lose":0,"myCurrBet":0.0016666666666666668,"step":0,"position":0.25,"bluff":0,"percentBets_2":0.009900990099009901,"handValue":0.1018,"percentBets_3":0.05,"percentBets_4":0.016},"output":{"chips":1}},
{"input":{"Win":0,"Lose":0,"myCurrBet":0.01,"step":0,"position":0.25,"bluff":0,"handValue":0.1018,"percentBets_2":0.0297029702970297,"percentBets_3":0.15,"percentBets_4":0.048},"output":{"chips":0.5}},
{"input":{"Win":0,"Lose":0,"myCurrBet":0.02,"step":0.25,"position":0.25,"bluff":0,"handValue":0.10250000000000001,"percentBets_2":0.06930693069306931,"percentBets_3":0.2,"percentBets_4":0.064},"output":{"chips":0}},
{"input":{"Win":0,"Lose":0,"myCurrBet":0.02,"step":0.25,"position":0.25,"bluff":0,"handValue":0.10250000000000001,"percentBets_2":0.0594059405940594,"percentBets_3":0.15,"percentBets_4":0.048},"output":{"chips":0}},
{"input":{"Win":0,"Lose":0.02,"myCurrBet":0.0016666666666666668,"step":0,"position":0.25,"bluff":0,"percentBets_2":0.010638297872340425,"handValue":0.400000000013,"percentBets_3":0.03278688524590164,"percentBets_4":0.017094017094017096},"output":{"chips":1}},
{"input":{"Win":0,"Lose":0.02,"myCurrBet":0.01,"step":0,"position":0.25,"bluff":0,"handValue":0.400000000013,"percentBets_2":0.0425531914893617,"percentBets_3":0.13114754098360656,"percentBets_4":0.06837606837606838},"output":{"chips":0}},
{"input":{"Win":0,"Lose":0.01,"myCurrBet":0.0016666666666666668,"step":0,"position":0.25,"bluff":0,"percentBets_2":0.011627906976744186,"handValue":0.601101,"percentBets_3":0.03773584905660377,"percentBets_4":0.014705882352941176},"output":{"chips":1}},
{"input":{"Win":0,"Lose":0.01,"myCurrBet":0.01,"step":0,"position":0.25,"bluff":0,"handValue":0.601101,"percentBets_2":0.046511627906976744,"percentBets_3":0.1509433962264151,"percentBets_4":0.058823529411764705},"output":{"chips":0}},
{"input":{"Win":0,"Lose":0.01,"myCurrBet":0.0016666666666666668,"step":0,"position":0.25,"bluff":1,"percentBets_2":0.01282051282051282,"handValue":0.10210000000000001,"percentBets_3":0.027777777777777776,"percentBets_4":0.015625},"output":{"chips":0.5}},
{"input":{"Win":0,"Lose":0.01,"myCurrBet":0.006666666666666667,"step":0,"position":0.25,"bluff":0,"handValue":0.10210000000000001,"percentBets_2":0.038461538461538464,"percentBets_3":0.08333333333333333,"percentBets_4":0.046875},"output":{"chips":1}},
{"input":{"Win":0,"Lose":0.01,"myCurrBet":0.023333333333333334,"step":0,"position":0.25,"bluff":0,"handValue":0.10210000000000001,"percentBets_2":0.08974358974358974,"percentBets_3":0.19444444444444445,"percentBets_4":0.109375},"output":{"chips":0}},
{"input":{"Win":0,"Lose":0.023333333333333334,"myCurrBet":0.0016666666666666668,"step":0,"position":0.25,"bluff":0,"percentBets_2":0.015625,"handValue":0.10160000000000001,"percentBets_3":0.018691588785046728,"percentBets_4":0.017543859649122806},"output":{"chips":1}},
{"input":{"Win":0,"Lose":0.023333333333333334,"myCurrBet":0.01,"step":0,"position":0.25,"bluff":0,"handValue":0.10160000000000001,"percentBets_2":0.046875,"percentBets_3":0.056074766355140186,"percentBets_4":0.05263157894736842},"output":{"chips":0.5}},
{"input":{"Win":0,"Lose":0.023333333333333334,"myCurrBet":0.023333333333333334,"step":0.25,"position":0.25,"bluff":0,"handValue":0.30000011050299996,"percentBets_2":0.109375,"percentBets_3":0.07476635514018691,"percentBets_4":0.07017543859649122},"output":{"chips":0}},
{"input":{"Win":0,"Lose":0.023333333333333334,"myCurrBet":0.02,"step":0.25,"position":0.25,"bluff":1,"handValue":0.30000011050299996,"percentBets_2":0.09375,"percentBets_3":0.056074766355140186,"percentBets_4":0.05263157894736842},"output":{"chips":1}},
{"input":{"Win":0,"Lose":0.023333333333333334,"myCurrBet":0.01,"step":0,"position":0.25,"bluff":0,"handValue":0.600201,"percentBets_2":0.034482758620689655,"percentBets_3":0.06060606060606061,"percentBets_4":0.05660377358490566},"output":{"chips":0.5}},
{"input":{"Win":0,"Lose":0.023333333333333334,"myCurrBet":0.0016666666666666668,"step":0,"position":0.25,"bluff":0,"percentBets_2":0.011494252873563218,"handValue":0.600201,"percentBets_3":0.020202020202020204,"percentBets_4":0.018867924528301886},"output":{"chips":1}},
{"input":{"Win":0,"Lose":0.023333333333333334,"myCurrBet":0.02,"step":0.25,"position":0.25,"bluff":0,"handValue":0.1024,"percentBets_2":0.06896551724137931,"percentBets_3":0.06060606060606061,"percentBets_4":0.05660377358490566},"output":{"chips":1}},
