{"input":{"Win":0,"Lose":0,"myCurrBet":0.02,"step":0,"position":0.5,"bluff":0,"handValue":0.10200000000000001,"percentBets_3":0.08,"percentBets_4":0.16,"percentBets_1":0.2},"output":{"chips":1}},
{"input":{"Win":0,"Lose":0,"myCurrBet":0.0033333333333333335,"step":0,"position":0.5,"bluff":1,"percentBets_1":0.04,"handValue":0.10200000000000001,"percentBets_3":0.013333333333333334,"percentBets_4":0.02666666666666667},"output":{"chips":1}},
{"input":{"Win":0,"Lose":0,"myCurrBet":0.05333333333333334,"step":0,"position":0.5,"bluff":0,"handValue":0.10200000000000001,"percentBets_3":0.21333333333333335,"percentBets_4":0.4266666666666667,"percentBets_1":0.4266666666666667},"output":{"chips":0}},
{"input":{"Win":0,"Lose":0.03333333333333333,"myCurrBet":0.0033333333333333335,"step":0,"position":0.6666666666666666,"bluff":0,"percentBets_1":0.01098901098901099,"handValue":0.6005039999999999,"percentBets_3":0.01694915254237288},"output":{"chips":1}},
{"input":{"Win":0,"Lose":0.03333333333333333,"myCurrBet":0.013333333333333334,"step":0.5,"position":0.6666666666666666,"bluff":0,"handValue":0.1023,"percentBets_3":0.06779661016949153},"output":{"chips":0.5}},
{"input":{"Win":0,"Lose":0.03333333333333333,"myCurrBet":0.013333333333333334,"step":0.25,"position":0.6666666666666666,"bluff":1,"handValue":0.1024,"percentBets_3":0.06779661016949153,"percentBets_1":0},"output":{"chips":0.5}},
{"input":{"Win":0,"Lose":0.03333333333333333,"myCurrBet":0.013333333333333334,"step":0.75,"position":0.6666666666666666,"bluff":0,"handValue":0.10360000000000001,"percentBets_3":0.06779661016949153},"output":{"chips":0.5}},
{"input":{"Win":0,"Lose":0.02,"myCurrBet":0.013333333333333334,"step":0.25,"position":0.6666666666666666,"bluff":0,"handValue":0.1024,"percentBets_3":0.07272727272727272,"percentBets_1":0.022222222222222223},"output":{"chips":0.5}},
{"input":{"Win":0,"Lose":0.02,"myCurrBet":0.013333333333333334,"step":0.25,"position":0.6666666666666666,"bluff":0,"handValue":0.1024,"percentBets_3":0.07272727272727272,"percentBets_1":0.03333333333333333},"output":{"chips":0.5}},
{"input":{"Win":0,"Lose":0.02,"myCurrBet":0.0033333333333333335,"step":0,"position":0.6666666666666666,"bluff":0,"percentBets_1":0.011111111111111112,"handValue":0.1,"percentBets_3":0.01818181818181818},"output":{"chips":1}},
{"input":{"Win":0,"Lose":0.02,"myCurrBet":0.02,"step":0.5,"position":0.6666666666666666,"bluff":1,"handValue":0.30000013110699997,"percentBets_3":0.10909090909090909,"percentBets_1":0.03333333333333333},"output":{"chips":0.5}},
{"input":{"Win":0,"Lose":0.02,"myCurrBet":0.02,"step":0.5,"position":0.6666666666666666,"bluff":0,"handValue":0.30000013110699997,"percentBets_3":0.10909090909090909,"percentBets_1":0.03333333333333333},"output":{"chips":0}},
{"input":{"Win":0,"Lose":0.013333333333333334,"myCurrBet":0.0033333333333333335,"step":0,"position":0.6666666666666666,"bluff":0,"percentBets_1":0.010416666666666666,"handValue":0.6010019999999999,"percentBets_3":0.02040816326530612},"output":{"chips":1}},
{"input":{"Win":0,"Lose":0.013333333333333334,"myCurrBet":0.013333333333333334,"step":0.25,"position":0.6666666666666666,"bluff":0,"handValue":0.10410000000000001,"percentBets_3":0.08163265306122448,"percentBets_1":0.020833333333333332},"output":{"chips":0.5}},
{"input":{"Win":0,"Lose":0.013333333333333334,"myCurrBet":0.013333333333333334,"step":0.75,"position":0.6666666666666666,"bluff":0,"handValue":0.1043,"percentBets_3":0.08163265306122448,"percentBets_1":0.020833333333333332},"output":{"chips":0.5}},
{"input":{"Win":0,"Lose":0.013333333333333334,"myCurrBet":0.013333333333333334,"step":0.5,"position":0.6666666666666666,"bluff":0,"handValue":0.1053,"percentBets_3":0.08163265306122448,"percentBets_1":0.020833333333333332},"output":{"chips":0.5}},
{"input":{"Win":0,"Lose":0.016666666666666666,"myCurrBet":0.016666666666666666,"step":0.25,"position":0.6666666666666666,"bluff":0,"handValue":0.10260000000000001,"percentBets_3":0.08771929824561403,"percentBets_1":0.026595744680851064},"output":{"chips":0.5}},
{"input":{"Win":0,"Lose":0.016666666666666666,"myCurrBet":0.0033333333333333335,"step":0,"position":0.6666666666666666,"bluff":0,"percentBets_1":0.010638297872340425,"handValue":0.1,"percentBets_3":0.017543859649122806},"output":{"chips":1}},
{"input":{"Win":0,"Lose":0.016666666666666666,"myCurrBet":0.016666666666666666,"step":0.5,"position":0.6666666666666666,"bluff":0,"handValue":0.10350000000000001,"percentBets_3":0.08771929824561403,"percentBets_1":0.026595744680851064},"output":{"chips":0.5}},
{"input":{"Win":0,"Lose":0.016666666666666666,"myCurrBet":0.016666666666666666,"step":0.75,"position":0.6666666666666666,"bluff":0,"handValue":0.300000100613,"percentBets_3":0.08771929824561403,"percentBets_1":0.026595744680851064},"output":{"chips":0}},
{"input":{"Win":0,"Lose":0.016666666666666666,"myCurrBet":0.01,"step":0,"position":0.6666666666666666,"bluff":0,"handValue":0.1,"percentBets_3":0.05263157894736842,"percentBets_1":0.02127659574468085},"output":{"chips":1}},
{"input":{"Win":0,"Lose":0.02,"myCurrBet":0.016666666666666666,"step":0.25,"position":0.6666666666666666,"bluff":0,"handValue":0.10300000000000001,"percentBets_3":0.07462686567164178,"percentBets_1":0.0273224043715847},"output":{"chips":0.5}},
{"input":{"Win":0,"Lose":0.02,"myCurrBet":0.02,"step":0.75,"position":0.6666666666666666,"bluff":0,"handValue":0.10400000000000001,"percentBets_3":0.08955223880597014,"percentBets_1":0.0273224043715847},"output":{"chips":0}},
{"input":{"Win":0,"Lose":0.02,"myCurrBet":0.0033333333333333335,"step":0,"position":0.6666666666666666,"bluff":0,"percentBets_1":0.01639344262295082,"handValue":0.10120000000000001,"percentBets_3":0.014925373134328358},"output":{"chips":1}},
{"input":{"Win":0,"Lose":0.02,"myCurrBet":0.016666666666666666,"step":0.5,"position":0.6666666666666666,"bluff":1,"handValue":0.1038,"percentBets_3":0.07462686567164178,"percentBets_1":0.0273224043715847},"output":{"chips":1}},
{"input":{"Win":0,"Lose":0.016666666666666666,"myCurrBet":0.016666666666666666,"step":0.25,"position":0.6666666666666666,"bluff":0,"handValue":0.1037,"percentBets_3":0.0641025641025641,"percentBets_1":0.028089887640449437},"output":{"chips":0.5}},
{"input":{"Win":0,"Lose":0.016666666666666666,"myCurrBet":0.016666666666666666,"step":0.75,"position":0.6666666666666666,"bluff":0,"handValue":0.10550000000000001,"percentBets_3":0.0641025641025641,"percentBets_1":0.028089887640449437},"output":{"chips":0.5}},
{"input":{"Win":0,"Lose":0.016666666666666666,"myCurrBet":0.016666666666666666,"step":0.5,"position":0.6666666666666666,"bluff":1,"handValue":0.10450000000000001,"percentBets_3":0.0641025641025641,"percentBets_1":0.028089887640449437},"output":{"chips":0.5}},
{"input":{"Win":0,"Lose":0.016666666666666666,"myCurrBet":0.0033333333333333335,"step":0,"position":0.6666666666666666,"bluff":0,"percentBets_1":0.016853932584269662,"handValue":0.10200000000000001,"percentBets_3":0.01282051282051282},"output":{"chips":1}},
{"input":{"Win":0,"Lose":0.02,"myCurrBet":0.0033333333333333335,"step":0,"position":0.6666666666666666,"bluff":0,"percentBets_1":0.02127659574468085,"handValue":0.1017,"percentBets_3":0.0136986301369863},"output":{"chips":1}},
{"input":{"Win":0,"Lose":0.02,"myCurrBet":0.02,"step":0.25,"position":0.6666666666666666,"bluff":0,"handValue":0.1028,"percentBets_3":0.0821917808219178,"percentBets_1":0.031914893617021274},"output":{"chips":0.5}},
{"input":{"Win":0,"Lose":0.02,"myCurrBet":0.02,"step":0.5,"position":0.6666666666666666,"bluff":0,"handValue":0.1038,"percentBets_3":0.0821917808219178,"percentBets_1":0.031914893617021274},"output":{"chips":0.5}},
{"input":{"Win":0,"Lose":0.02,"myCurrBet":0.02,"step":0.75,"position":0.6666666666666666,"bluff":0,"handValue":0.1034,"percentBets_3":0.0821917808219178,"percentBets_1":0.031914893617021274},"output":{"chips":0}},
{"input":{"Win":0,"Lose":0.016666666666666666,"myCurrBet":0.016666666666666666,"step":0.75,"position":0.6666666666666666,"bluff":1,"handValue":0.1033,"percentBets_3":0.058823529411764705,"percentBets_1":0.027472527472527472},"output":{"chips":0.5}},
{"input":{"Win":0,"Lose":0.016666666666666666,"myCurrBet":0.0033333333333333335,"step":0,"position":0.6666666666666666,"bluff":0,"percentBets_1":0.016483516483516484,"handValue":0.500000000007,"percentBets_3":0.011764705882352941},"output":{"chips":1}},
{"input":{"Win":0,"Lose":0.016666666666666666,"myCurrBet":0.016666666666666666,"step":0.5,"position":0.6666666666666666,"bluff":0,"handValue":0.1027,"percentBets_3":0.058823529411764705,"percentBets_1":0.027472527472527472},"output":{"chips":0.5}},
{"input":{"Win":0,"Lose":0.016666666666666666,"myCurrBet":0.016666666666666666,"step":0.25,"position":0.6666666666666666,"bluff":0,"handValue":0.10260000000000001,"percentBets_3":0.058823529411764705,"percentBets_1":0.027472527472527472},"output":{"chips":0.5}},
{"input":{"Win":0.022058823529411766,"Lose":0,"myCurrBet":0.0033333333333333335,"step":0,"position":0.6666666666666666,"bluff":0,"percentBets_1":0.011299435028248588,"handValue":0.601102,"percentBets_3":0.010526315789473684},"output":{"chips":1}},
{"input":{"Win":0.022058823529411766,"Lose":0,"myCurrBet":0.013333333333333334,"step":0.25,"position":0.6666666666666666,"bluff":0,"handValue":0.1017,"percentBets_3":0.042105263157894736,"percentBets_1":0},"output":{"chips":0.5}},
{"input":{"Win":0.022058823529411766,"Lose":0,"myCurrBet":0.013333333333333334,"step":0.5,"position":0.6666666666666666,"bluff":0,"handValue":0.1024,"percentBets_3":0.042105263157894736},"output":{"chips":0.5}},
{"input":{"Win":0.022058823529411766,"Lose":0,"myCurrBet":0.013333333333333334,"step":0.75,"position":0.6666666666666666,"bluff":0,"handValue":0.10360000000000001,"percentBets_3":0.042105263157894736},"output":{"chips":0.5}},
{"input":{"Win":0.06015037593984962,"Lose":0,"myCurrBet":0.016666666666666666,"step":0,"position":0.6666666666666666,"bluff":0,"handValue":0.500000000013,"percentBets_3":0.054945054945054944,"percentBets_1":0.03428571428571429},"output":{"chips":1}},
{"input":{"Win":0.06015037593984962,"Lose":0,"myCurrBet":0.02666666666666667,"step":0.25,"position":0.6666666666666666,"bluff":0,"handValue":0.10550000000000001,"percentBets_3":0.08791208791208792,"percentBets_1":0.045714285714285714},"output":{"chips":0.5}},
{"input":{"Win":0.06015037593984962,"Lose":0,"myCurrBet":0.02666666666666667,"step":0.5,"position":0.6666666666666666,"bluff":0,"handValue":0.1057,"percentBets_3":0.08791208791208792,"percentBets_1":0.045714285714285714},"output":{"chips":0.5}},
{"input":{"Win":0.06015037593984962,"Lose":0,"myCurrBet":0.0033333333333333335,"step":0,"position":0.6666666666666666,"bluff":0,"percentBets_1":0.017142857142857144,"handValue":0.500000000013,"percentBets_3":0.01098901098901099},"output":{"chips":1}},
{"input":{"Win":0.06015037593984962,"Lose":0,"myCurrBet":0.02666666666666667,"step":0.75,"position":0.6666666666666666,"bluff":0,"handValue":0.10450000000000001,"percentBets_3":0.08791208791208792,"percentBets_1":0.045714285714285714},"output":{"chips":0}},
{"input":{"Win":0.052,"Lose":0,"myCurrBet":0.0033333333333333335,"step":0,"position":0.6666666666666666,"bluff":0,"percentBets_1":0.017964071856287425,"handValue":0.10110000000000001,"percentBets_3":0.012048192771084338},"output":{"chips":1}},
{"input":{"Win":0.052,"Lose":0,"myCurrBet":0.02,"step":0.5,"position":0.6666666666666666,"bluff":0,"handValue":0.1046,"percentBets_3":0.07228915662650602,"percentBets_1":0.03592814371257485},"output":{"chips":0.5}},
{"input":{"Win":0.052,"Lose":0,"myCurrBet":0.02,"step":0.75,"position":0.6666666666666666,"bluff":1,"handValue":0.10490000000000001,"percentBets_3":0.07228915662650602,"percentBets_1":0.03592814371257485},"output":{"chips":1}},
{"input":{"Win":0.052,"Lose":0,"myCurrBet":0.02,"step":0.25,"position":0.6666666666666666,"bluff":0,"handValue":0.1033,"percentBets_3":0.07228915662650602,"percentBets_1":0.03592814371257485},"output":{"chips":0.5}},
{"input":{"Win":0.04219409282700422,"Lose":0,"myCurrBet":0.0033333333333333335,"step":0,"position":0.6666666666666666,"bluff":0,"percentBets_1":0.024844720496894408,"handValue":0.601306,"percentBets_3":0.013157894736842105},"output":{"chips":1}},
{"input":{"Win":0.04219409282700422,"Lose":0,"myCurrBet":0.02,"step":0.5,"position":0.6666666666666666,"bluff":0,"handValue":0.30000006021299996,"percentBets_3":0.07894736842105263},"output":{"chips":0.5}},
{"input":{"Win":0.04219409282700422,"Lose":0,"myCurrBet":0.02,"step":0.25,"position":0.6666666666666666,"bluff":0,"handValue":0.1024,"percentBets_3":0.07894736842105263,"percentBets_1":0},"output":{"chips":0.5}},
{"input":{"Win":0.04219409282700422,"Lose":0,"myCurrBet":0.02,"step":0.75,"position":0.6666666666666666,"bluff":0,"handValue":0.30000006021299996,"percentBets_3":0.07894736842105263},"output":{"chips":0}},
{"input":{"Win":0,"Lose":0.02,"myCurrBet":0.0033333333333333335,"step":0,"position":0.6666666666666666,"bluff":0,"percentBets_1":0.01910828025477707,"handValue":0.1015,"percentBets_3":0.014285714285714285},"output":{"chips":1}},
{"input":{"Win":0,"Lose":0.02,"myCurrBet":0.02,"step":0.75,"position":0.6666666666666666,"bluff":0,"handValue":0.1038,"percentBets_3":0.08571428571428572},"output":{"chips":0.5}},
{"input":{"Win":0,"Lose":0.02,"myCurrBet":0.02,"step":0.25,"position":0.6666666666666666,"bluff":0,"handValue":0.1023,"percentBets_3":0.08571428571428572,"percentBets_1":0},"output":{"chips":0.5}},
{"input":{"Win":0,"Lose":0.02,"myCurrBet":0.02,"step":0.5,"position":0.6666666666666666,"bluff":0,"handValue":0.1029,"percentBets_3":0.08571428571428572},"output":{"chips":0.5}},
{"input":{"Win":0,"Lose":0.02,"myCurrBet":0.02,"step":0.25,"position":0.6666666666666666,"bluff":0,"handValue":0.10250000000000001,"percentBets_3":0.0759493670886076,"percentBets_1":0},"output":{"chips":0.5}},
{"input":{"Win":0,"Lose":0.02,"myCurrBet":0.0033333333333333335,"step":0,"position":0.6666666666666666,"bluff":0,"percentBets_1":0.025974025974025976,"handValue":0.601204,"percentBets_3":0.012658227848101266},"output":{"chips":1}},
{"input":{"Win":0,"Lose":0.02,"myCurrBet":0.02,"step":0.5,"position":0.6666666666666666,"bluff":0,"handValue":0.10260000000000001,"percentBets_3":0.0759493670886076},"output":{"chips":0.5}},
{"input":{"Win":0,"Lose":0.02,"myCurrBet":0.02,"step":0.75,"position":0.6666666666666666,"bluff":0,"handValue":0.300000050112,"percentBets_3":0.0759493670886076},"output":{"chips":0}},
{"input":{"Win":0.07531380753138076,"Lose":0,"myCurrBet":0.006666666666666667,"step":0,"position":0.6666666666666666,"bluff":1,"percentBets_1":0.05333333333333334,"handValue":0.601003,"percentBets_3":0.02247191011235955},"output":{"chips":0.5}},
{"input":{"Win":0.07531380753138076,"Lose":0,"myCurrBet":0.02666666666666667,"step":0.25,"position":0.6666666666666666,"bluff":1,"handValue":0.1034,"percentBets_3":0.0898876404494382,"percentBets_1":0.05333333333333334},"output":{"chips":0.5}},
{"input":{"Win":0.07531380753138076,"Lose":0,"myCurrBet":0.02666666666666667,"step":0.75,"position":0.6666666666666666,"bluff":1,"handValue":0.1052,"percentBets_3":0.0898876404494382,"percentBets_1":0.05333333333333334},"output":{"chips":1}},
{"input":{"Win":0.07531380753138076,"Lose":0,"myCurrBet":0.02666666666666667,"step":0.5,"position":0.6666666666666666,"bluff":0,"handValue":0.10400000000000001,"percentBets_3":0.0898876404494382,"percentBets_1":0.05333333333333334},"output":{"chips":0.5}},
{"input":{"Win":0.09049773755656108,"Lose":0,"myCurrBet":0.006666666666666667,"step":0,"position":0.6666666666666666,"bluff":0,"percentBets_1":0.04225352112676056,"handValue":0.1017,"percentBets_3":0.02531645569620253},"output":{"chips":1}},
{"input":{"Win":0.09049773755656108,"Lose":0,"myCurrBet":0.03333333333333333,"step":0.5,"position":0.6666666666666666,"bluff":0,"handValue":0.10310000000000001,"percentBets_3":0.12658227848101267,"percentBets_1":0.07042253521126761},"output":{"chips":0.5}},
{"input":{"Win":0.09049773755656108,"Lose":0,"myCurrBet":0.03333333333333333,"step":0.25,"position":0.6666666666666666,"bluff":0,"handValue":0.1023,"percentBets_3":0.12658227848101267,"percentBets_1":0.07042253521126761},"output":{"chips":0.5}},
{"input":{"Win":0.09049773755656108,"Lose":0,"myCurrBet":0.03333333333333333,"step":0.75,"position":0.6666666666666666,"bluff":1,"handValue":0.300000121108,"percentBets_3":0.12658227848101267,"percentBets_1":0.07042253521126761},"output":{"chips":0.5}},
{"input":{"Win":0,"Lose":0.03333333333333333,"myCurrBet":0.03333333333333333,"step":0.25,"position":0.6666666666666666,"bluff":0,"handValue":0.1029,"percentBets_3":0.14492753623188406,"percentBets_1":0.07575757575757576},"output":{"chips":0.5}},
{"input":{"Win":0,"Lose":0.03333333333333333,"myCurrBet":0.006666666666666667,"step":0,"position":0.6666666666666666,"bluff":0,"percentBets_1":0.06060606060606061,"handValue":0.10120000000000001,"percentBets_3":0.028985507246376812},"output":{"chips":1}},
{"input":{"Win":0,"Lose":0.03333333333333333,"myCurrBet":0.03333333333333333,"step":0.5,"position":0.6666666666666666,"bluff":0,"handValue":0.1027,"percentBets_3":0.14492753623188406,"percentBets_1":0.07575757575757576},"output":{"chips":0}},
{"input":{"Win":0,"Lose":0.03333333333333333,"myCurrBet":0.03333333333333333,"step":0.5,"position":0.6666666666666666,"bluff":0,"handValue":0.1027,"percentBets_3":0.14492753623188406,"percentBets_1":0.07575757575757576},"output":{"chips":0}},
{"input":{"Win":0.08530805687203792,"Lose":0,"myCurrBet":0.006666666666666667,"step":0,"position":0.6666666666666666,"bluff":0,"percentBets_1":0.05263157894736842,"handValue":0.1013,"percentBets_3":0.03389830508474576},"output":{"chips":1}},
{"input":{"Win":0.08530805687203792,"Lose":0,"myCurrBet":0.03333333333333333,"step":0.25,"position":0.6666666666666666,"bluff":0,"handValue":0.1017,"percentBets_3":0.1694915254237288,"percentBets_1":0},"output":{"chips":0.5}},
{"input":{"Win":0.08530805687203792,"Lose":0,"myCurrBet":0.03333333333333333,"step":0.5,"position":0.6666666666666666,"bluff":0,"handValue":0.1022,"percentBets_3":0.1694915254237288},"output":{"chips":0.5}},
{"input":{"Win":0.08530805687203792,"Lose":0,"myCurrBet":0.03333333333333333,"step":0.75,"position":0.6666666666666666,"bluff":0,"handValue":0.1032,"percentBets_3":0.1694915254237288},"output":{"chips":0}},
{"input":{"Win":0,"Lose":0.02,"myCurrBet":0.006666666666666667,"step":0,"position":0.6666666666666666,"bluff":0,"percentBets_1":0.027777777777777776,"handValue":0.1015,"percentBets_3":0.04081632653061224},"output":{"chips":1}},
{"input":{"Win":0,"Lose":0.02,"myCurrBet":0.02,"step":0.25,"position":0.6666666666666666,"bluff":0,"handValue":0.10400000000000001,"percentBets_3":0.12244897959183673,"percentBets_1":0.041666666666666664},"output":{"chips":0.5}},
{"input":{"Win":0,"Lose":0.02,"myCurrBet":0.02,"step":0.5,"position":0.6666666666666666,"bluff":0,"handValue":0.1038,"percentBets_3":0.12244897959183673,"percentBets_1":0.041666666666666664},"output":{"chips":0.5}},
{"input":{"Win":0,"Lose":0.02,"myCurrBet":0.02,"step":0.75,"position":0.6666666666666666,"bluff":0,"handValue":0.300000120213,"percentBets_3":0.12244897959183673,"percentBets_1":0.041666666666666664},"output":{"chips":0}},
{"input":{"Win":0.10050251256281408,"Lose":0,"myCurrBet":0.03333333333333333,"step":0.5,"position":0.6666666666666666,"bluff":0,"handValue":0.1039,"percentBets_3":0.16393442622950818,"percentBets_1":0.07246376811594203},"output":{"chips":0}},
{"input":{"Win":0.10050251256281408,"Lose":0,"myCurrBet":0.006666666666666667,"step":0,"position":0.6666666666666666,"bluff":0,"percentBets_1":0.043478260869565216,"handValue":0.10120000000000001,"percentBets_3":0.03278688524590164},"output":{"chips":1}},
{"input":{"Win":0.10050251256281408,"Lose":0,"myCurrBet":0.03333333333333333,"step":0.25,"position":0.6666666666666666,"bluff":0,"handValue":0.10400000000000001,"percentBets_3":0.16393442622950818,"percentBets_1":0.07246376811594203},"output":{"chips":0.5}},
{"input":{"Win":0.10050251256281408,"Lose":0,"myCurrBet":0.03333333333333333,"step":0.5,"position":0.6666666666666666,"bluff":0,"handValue":0.1039,"percentBets_3":0.16393442622950818,"percentBets_1":0.07246376811594203},"output":{"chips":0}},
{"input":{"Win":0,"Lose":0.04,"myCurrBet":0.006666666666666667,"step":0,"position":0.6666666666666666,"bluff":0,"percentBets_1":0.046875,"handValue":0.1018,"percentBets_3":0.0392156862745098},"output":{"chips":1}},
{"input":{"Win":0,"Lose":0.04,"myCurrBet":0.04,"step":0.25,"position":0.6666666666666666,"bluff":0,"handValue":0.10200000000000001,"percentBets_3":0.23529411764705882,"percentBets_1":0},"output":{"chips":0.5}},
{"input":{"Win":0,"Lose":0.04,"myCurrBet":0.04,"step":0.5,"position":0.6666666666666666,"bluff":0,"handValue":0.10250000000000001,"percentBets_3":0.23529411764705882},"output":{"chips":0}},
{"input":{"Win":0,"Lose":0.04,"myCurrBet":0.04,"step":0.5,"position":0.6666666666666666,"bluff":0,"handValue":0.10250000000000001,"percentBets_3":0.23529411764705882},"output":{"chips":0}},
{"input":{"Win":0,"Lose":0.02666666666666667,"myCurrBet":0.006666666666666667,"step":0,"position":0.6666666666666666,"bluff":1,"percentBets_1":0.06557377049180328,"handValue":0.10110000000000001,"percentBets_3":0.028985507246376812},"output":{"chips":0.5}},
{"input":{"Win":0,"Lose":0.02666666666666667,"myCurrBet":0.02666666666666667,"step":0.75,"position":0.6666666666666666,"bluff":1,"handValue":0.10490000000000001,"percentBets_3":0.11594202898550725,"percentBets_1":0.06557377049180328},"output":{"chips":0.5}},
{"input":{"Win":0,"Lose":0.02666666666666667,"myCurrBet":0.02666666666666667,"step":0.5,"position":0.6666666666666666,"bluff":0,"handValue":0.10410000000000001,"percentBets_3":0.11594202898550725,"percentBets_1":0.06557377049180328},"output":{"chips":0.5}},
{"input":{"Win":0,"Lose":0.02666666666666667,"myCurrBet":0.02666666666666667,"step":0.25,"position":0.6666666666666666,"bluff":0,"handValue":0.1029,"percentBets_3":0.11594202898550725,"percentBets_1":0.06557377049180328},"output":{"chips":0.5}},
{"input":{"Win":0.06030150753768844,"Lose":0,"myCurrBet":0.006666666666666667,"step":0,"position":0.6666666666666666,"bluff":0,"percentBets_1":0.017543859649122806,"handValue":0.601108,"percentBets_3":0.023529411764705882},"output":{"chips":1}},
{"input":{"Win":0.06030150753768844,"Lose":0,"myCurrBet":0.02,"step":0.5,"position":0.6666666666666666,"bluff":0,"handValue":0.10400000000000001,"percentBets_3":0.07058823529411765,"percentBets_1":0.05263157894736842},"output":{"chips":0.5}},
{"input":{"Win":0.06030150753768844,"Lose":0,"myCurrBet":0.02,"step":0.25,"position":0.6666666666666666,"bluff":1,"handValue":0.1039,"percentBets_3":0.07058823529411765,"percentBets_1":0.05263157894736842},"output":{"chips":0.5}},
{"input":{"Win":0.06030150753768844,"Lose":0,"myCurrBet":0.02,"step":0.75,"position":0.6666666666666666,"bluff":0,"handValue":0.1043,"percentBets_3":0.07058823529411765,"percentBets_1":0.05263157894736842},"output":{"chips":0}},
{"input":{"Win":0,"Lose":0.04,"myCurrBet":0.006666666666666667,"step":0,"position":0.6666666666666666,"bluff":0,"percentBets_1":0.05555555555555555,"handValue":0.6006049999999999,"percentBets_3":0.02531645569620253},"output":{"chips":1}},
{"input":{"Win":0,"Lose":0.04,"myCurrBet":0.04,"step":0.25,"position":0.6666666666666666,"bluff":0,"handValue":0.1044,"percentBets_3":0.1518987341772152,"percentBets_1":0.1111111111111111},"output":{"chips":0.5}},
{"input":{"Win":0,"Lose":0.04,"myCurrBet":0.04,"step":0.5,"position":0.6666666666666666,"bluff":0,"handValue":0.10360000000000001,"percentBets_3":0.1518987341772152,"percentBets_1":0.1111111111111111},"output":{"chips":0}},
{"input":{"Win":0,"Lose":0.04,"myCurrBet":0.04,"step":0.5,"position":0.6666666666666666,"bluff":0,"handValue":0.10360000000000001,"percentBets_3":0.1518987341772152,"percentBets_1":0.1111111111111111},"output":{"chips":0}},
{"input":{"Win":0,"Lose":0.04,"myCurrBet":0.006666666666666667,"step":0,"position":0.6666666666666666,"bluff":0,"percentBets_1":0.0625,"handValue":0.1015,"percentBets_3":0.019417475728155338},"output":{"chips":1}},
{"input":{"Win":0,"Lose":0.04,"myCurrBet":0.04,"step":0.25,"position":0.6666666666666666,"bluff":0,"handValue":0.10360000000000001,"percentBets_3":0.11650485436893204,"percentBets_1":0},"output":{"chips":0.5}},
{"input":{"Win":0,"Lose":0.04,"myCurrBet":0.04,"step":0.75,"position":0.6666666666666666,"bluff":0,"handValue":0.601110070602,"percentBets_3":0.11650485436893204},"output":{"chips":0}},
{"input":{"Win":0,"Lose":0.04,"myCurrBet":0.04,"step":0.5,"position":0.6666666666666666,"bluff":0,"handValue":0.1047,"percentBets_3":0.11650485436893204},"output":{"chips":0.5}},
{"input":{"Win":0,"Lose":0.02,"myCurrBet":0.02,"step":0.25,"position":0.6666666666666666,"bluff":0,"handValue":0.10360000000000001,"percentBets_3":0.049586776859504134,"percentBets_1":0},"output":{"chips":0.5}},
{"input":{"Win":0,"Lose":0.02,"myCurrBet":0.02,"step":0.5,"position":0.6666666666666666,"bluff":0,"handValue":0.1047,"percentBets_3":0.049586776859504134},"output":{"chips":0.5}},
{"input":{"Win":0,"Lose":0.02,"myCurrBet":0.02,"step":0.75,"position":0.6666666666666666,"bluff":1,"handValue":0.10360000000000001,"percentBets_3":0.049586776859504134},"output":{"chips":0.5}},
{"input":{"Win":0,"Lose":0.02,"myCurrBet":0.006666666666666667,"step":0,"position":0.6666666666666666,"bluff":0,"percentBets_1":0.044444444444444446,"handValue":0.10200000000000001,"percentBets_3":0.01652892561983471},"output":{"chips":1}},
{"input":{"Win":0.12903225806451613,"Lose":0,"myCurrBet":0.04666666666666667,"step":0.25,"position":0.6666666666666666,"bluff":0,"handValue":0.1019,"percentBets_3":0.10687022900763359,"percentBets_1":0.16279069767441862},"output":{"chips":0.5}},
{"input":{"Win":0.12903225806451613,"Lose":0,"myCurrBet":0.04666666666666667,"step":0.5,"position":0.6666666666666666,"bluff":0,"handValue":0.10310000000000001,"percentBets_3":0.10687022900763359,"percentBets_1":0.16279069767441862},"output":{"chips":0}},
{"input":{"Win":0.12903225806451613,"Lose":0,"myCurrBet":0.04,"step":0,"position":0.6666666666666666,"bluff":0,"handValue":0.10200000000000001,"percentBets_3":0.0916030534351145,"percentBets_1":0.16279069767441862},"output":{"chips":0.5}},
{"input":{"Win":0.12903225806451613,"Lose":0,"myCurrBet":0.04666666666666667,"step":0.5,"position":0.6666666666666666,"bluff":0,"handValue":0.10310000000000001,"percentBets_3":0.10687022900763359,"percentBets_1":0.16279069767441862},"output":{"chips":0}},
{"input":{"Win":0.12903225806451613,"Lose":0,"myCurrBet":0.006666666666666667,"step":0,"position":0.6666666666666666,"bluff":0,"percentBets_1":0.06976744186046512,"handValue":0.10200000000000001,"percentBets_3":0.015267175572519083},"output":{"chips":1}},
{"input":{"Win":0,"Lose":0.02666666666666667,"myCurrBet":0.02666666666666667,"step":0.5,"position":0.6666666666666666,"bluff":0,"handValue":0.300000100708,"percentBets_3":0.06837606837606838,"percentBets_1":0.1111111111111111},"output":{"chips":0}},
{"input":{"Win":0,"Lose":0.02666666666666667,"myCurrBet":0.02666666666666667,"step":0.25,"position":0.6666666666666666,"bluff":0,"handValue":0.10200000000000001,"percentBets_3":0.06837606837606838,"percentBets_1":0.1111111111111111},"output":{"chips":0.5}},
{"input":{"Win":0,"Lose":0.02666666666666667,"myCurrBet":0.006666666666666667,"step":0,"position":0.6666666666666666,"bluff":0,"percentBets_1":0.08333333333333333,"handValue":0.1017,"percentBets_3":0.017094017094017096},"output":{"chips":1}},
{"input":{"Win":0,"Lose":0.02666666666666667,"myCurrBet":0.02666666666666667,"step":0.5,"position":0.6666666666666666,"bluff":0,"handValue":0.300000100708,"percentBets_3":0.06837606837606838,"percentBets_1":0.1111111111111111},"output":{"chips":0}},
{"input":{"Win":0,"Lose":0,"myCurrBet":0.006666666666666667,"step":0,"position":0.6666666666666666,"bluff":1,"percentBets_1":0.09090909090909091,"handValue":0.1019,"percentBets_3":0.01834862385321101},"output":{"chips":0.5}},
{"input":{"Win":0,"Lose":0,"myCurrBet":0.02666666666666667,"step":0.25,"position":0.6666666666666666,"bluff":0,"handValue":0.10300000000000001,"percentBets_3":0.07339449541284404,"percentBets_1":0.09090909090909091},"output":{"chips":0.5}},
{"input":{"Win":0,"Lose":0,"myCurrBet":0.02666666666666667,"step":0.5,"position":0.6666666666666666,"bluff":0,"handValue":0.10310000000000001,"percentBets_3":0.07339449541284404,"percentBets_1":0.1590909090909091},"output":{"chips":0}},
{"input":{"Win":0,"Lose":0.07666666666666666,"myCurrBet":0.01,"step":0,"position":0.6666666666666666,"bluff":0,"percentBets_1":0.057692307692307696,"handValue":0.1013,"percentBets_3":0.0297029702970297},"output":{"chips":1}},
{"input":{"Win":0,"Lose":0.07666666666666666,"myCurrBet":0.05,"step":0.25,"position":0.6666666666666666,"bluff":0,"handValue":0.10360000000000001,"percentBets_3":0.1485148514851485,"percentBets_1":0.14423076923076922},"output":{"chips":0.5}},
{"input":{"Win":0,"Lose":0.07666666666666666,"myCurrBet":0.05,"step":0.75,"position":0.6666666666666666,"bluff":0,"handValue":0.10260000000000001,"percentBets_3":0.1485148514851485,"percentBets_1":0.14423076923076922},"output":{"chips":0}},
{"input":{"Win":0,"Lose":0.07666666666666666,"myCurrBet":0.05,"step":0.5,"position":0.6666666666666666,"bluff":1,"handValue":0.1024,"percentBets_3":0.1485148514851485,"percentBets_1":0.14423076923076922},"output":{"chips":0.5}},
{"input":{"Win":0.12272727272727273,"Lose":0,"myCurrBet":0.03,"step":0.25,"position":0.6666666666666666,"bluff":0,"handValue":0.1028,"percentBets_3":0.06870229007633588,"percentBets_1":0.10112359550561797},"output":{"chips":0.5}},
{"input":{"Win":0.12272727272727273,"Lose":0,"myCurrBet":0.03,"step":0.5,"position":0.6666666666666666,"bluff":1,"handValue":0.1017,"percentBets_3":0.06870229007633588,"percentBets_1":0.10112359550561797},"output":{"chips":1}},
{"input":{"Win":0.12272727272727273,"Lose":0,"myCurrBet":0.01,"step":0,"position":0.6666666666666666,"bluff":0,"percentBets_1":0.06741573033707865,"handValue":0.1009,"percentBets_3":0.022900763358778626},"output":{"chips":1}},
{"input":{"Win":0.12272727272727273,"Lose":0,"myCurrBet":0.06,"step":0.75,"position":0.6666666666666666,"bluff":0,"handValue":0.1022,"percentBets_3":0.13740458015267176,"percentBets_1":0.10112359550561797},"output":{"chips":0}},
{"input":{"Win":0.07772020725388601,"Lose":0,"myCurrBet":0.03,"step":0.75,"position":0.6666666666666666,"bluff":0,"handValue":0.10500000000000001,"percentBets_3":0.07964601769911504},"output":{"chips":0.5}},
{"input":{"Win":0.07772020725388601,"Lose":0,"myCurrBet":0.03,"step":0.25,"position":0.6666666666666666,"bluff":0,"handValue":0.10310000000000001,"percentBets_3":0.07964601769911504,"percentBets_1":0},"output":{"chips":0.5}},
{"input":{"Win":0.07772020725388601,"Lose":0,"myCurrBet":0.03,"step":0.5,"position":0.6666666666666666,"bluff":0,"handValue":0.1038,"percentBets_3":0.07964601769911504},"output":{"chips":0.5}},
{"input":{"Win":0.07772020725388601,"Lose":0,"myCurrBet":0.01,"step":0,"position":0.6666666666666666,"bluff":0,"percentBets_1":0.075,"handValue":0.10120000000000001,"percentBets_3":0.02654867256637168},"output":{"chips":1}},
{"input":{"Win":0,"Lose":0.04,"myCurrBet":0.01,"step":0,"position":0.6666666666666666,"bluff":0,"percentBets_1":0.08108108108108109,"handValue":0.1,"percentBets_3":0.028846153846153848},"output":{"chips":1}},
{"input":{"Win":0,"Lose":0.04,"myCurrBet":0.04,"step":0.75,"position":0.6666666666666666,"bluff":0,"handValue":0.1028,"percentBets_3":0.11538461538461539},"output":{"chips":0}},
{"input":{"Win":0,"Lose":0.04,"myCurrBet":0.04,"step":0.5,"position":0.6666666666666666,"bluff":0,"handValue":0.1024,"percentBets_3":0.11538461538461539},"output":{"chips":0.5}},
{"input":{"Win":0,"Lose":0.04,"myCurrBet":0.03,"step":0.25,"position":0.6666666666666666,"bluff":1,"handValue":0.1022,"percentBets_3":0.08653846153846154,"percentBets_1":0},"output":{"chips":1}},
{"input":{"Win":0,"Lose":0.03,"myCurrBet":0.03,"step":0.75,"position":0.6666666666666666,"bluff":0,"handValue":0.10410000000000001,"percentBets_3":0.07377049180327869},"output":{"chips":0.5}},
{"input":{"Win":0,"Lose":0.03,"myCurrBet":0.01,"step":0,"position":0.6666666666666666,"bluff":0,"percentBets_1":0.08823529411764706,"handValue":0.601305,"percentBets_3":0.02459016393442623},"output":{"chips":1}},
{"input":{"Win":0,"Lose":0.03,"myCurrBet":0.03,"step":0.25,"position":0.6666666666666666,"bluff":0,"handValue":0.1043,"percentBets_3":0.07377049180327869,"percentBets_1":0},"output":{"chips":0.5}},
{"input":{"Win":0,"Lose":0.03,"myCurrBet":0.03,"step":0.5,"position":0.6666666666666666,"bluff":1,"handValue":0.1037,"percentBets_3":0.07377049180327869},"output":{"chips":0.5}},
{"input":{"Win":0,"Lose":0.03,"myCurrBet":0.01,"step":0,"position":0.6666666666666666,"bluff":1,"percentBets_1":0.14516129032258066,"handValue":0.1008,"percentBets_3":0.021897810218978103},"output":{"chips":0.5}},
{"input":{"Win":0,"Lose":0.03,"myCurrBet":0.03,"step":0.25,"position":0.6666666666666666,"bluff":0,"handValue":0.10360000000000001,"percentBets_3":0.06569343065693431,"percentBets_1":0.14516129032258066},"output":{"chips":0.5}},
{"input":{"Win":0,"Lose":0.03,"myCurrBet":0.03,"step":0.5,"position":0.6666666666666666,"bluff":0,"handValue":0.1043,"percentBets_3":0.06569343065693431,"percentBets_1":0.14516129032258066},"output":{"chips":0}},
{"input":{"Win":0,"Lose":0.03,"myCurrBet":0.03,"step":0.5,"position":0.6666666666666666,"bluff":0,"handValue":0.1043,"percentBets_3":0.06569343065693431,"percentBets_1":0.14516129032258066},"output":{"chips":0}},
{"input":{"Win":0.15865384615384615,"Lose":0,"myCurrBet":0.01,"step":0,"position":0.6666666666666666,"bluff":1,"percentBets_1":0.22641509433962265,"handValue":0.1015,"percentBets_3":0.01935483870967742},"output":{"chips":0.5}},
{"input":{"Win":0.15865384615384615,"Lose":0,"myCurrBet":0.04,"step":0.25,"position":0.6666666666666666,"bluff":0,"handValue":0.10300000000000001,"percentBets_3":0.07741935483870968,"percentBets_1":0.22641509433962265},"output":{"chips":1}},
{"input":{"Win":0.15865384615384615,"Lose":0,"myCurrBet":0.07,"step":0.5,"position":0.6666666666666666,"bluff":0,"handValue":0.1043,"percentBets_3":0.13548387096774195},"output":{"chips":0.5}},
{"input":{"Win":0.15865384615384615,"Lose":0,"myCurrBet":0.07,"step":0.5,"position":0.6666666666666666,"bluff":0,"handValue":0.1043,"percentBets_3":0.13548387096774195,"percentBets_1":0.22641509433962265},"output":{"chips":0}},
{"input":{"Win":0,"Lose":0,"myCurrBet":0.01,"step":0,"position":0.6666666666666666,"bluff":0,"percentBets_1":0.21951219512195122,"handValue":0.1017,"percentBets_3":0.022388059701492536},"output":{"chips":1}},
{"input":{"Win":0,"Lose":0,"myCurrBet":0.06,"step":0,"position":0.6666666666666666,"bluff":0,"handValue":0.1017,"percentBets_3":0.13432835820895522,"percentBets_1":0.5853658536585366},"output":{"chips":0}},
{"input":{"Win":0,"Lose":0.11,"myCurrBet":0.01,"step":0,"position":0.6666666666666666,"bluff":0,"percentBets_1":0.11688311688311688,"handValue":0.10110000000000001,"percentBets_3":0.02586206896551724},"output":{"chips":1}},
{"input":{"Win":0,"Lose":0.11,"myCurrBet":0.05,"step":0.25,"position":0.6666666666666666,"bluff":0,"handValue":0.1015,"percentBets_3":0.12931034482758622,"percentBets_1":0},"output":{"chips":0.5}},
{"input":{"Win":0,"Lose":0.11,"myCurrBet":0.05,"step":0.5,"position":0.6666666666666666,"bluff":0,"handValue":0.300000110308,"percentBets_3":0.12931034482758622},"output":{"chips":0}},
{"input":{"Win":0,"Lose":0.11,"myCurrBet":0.05,"step":0.5,"position":0.6666666666666666,"bluff":0,"handValue":0.300000110308,"percentBets_3":0.12931034482758622},"output":{"chips":0}},
{"input":{"Win":0,"Lose":0.06,"myCurrBet":0.01,"step":0,"position":0.6666666666666666,"bluff":0,"percentBets_1":0.17647058823529413,"handValue":0.1017,"percentBets_3":0.02142857142857143},"output":{"chips":1}},
{"input":{"Win":0,"Lose":0.06,"myCurrBet":0.06,"step":0.5,"position":0.6666666666666666,"bluff":0,"handValue":0.1047,"percentBets_3":0.12857142857142856,"percentBets_1":0.2647058823529412},"output":{"chips":0}},
{"input":{"Win":0,"Lose":0.06,"myCurrBet":0.06,"step":0.25,"position":0.6666666666666666,"bluff":1,"handValue":0.1042,"percentBets_3":0.12857142857142856,"percentBets_1":0.2647058823529412},"output":{"chips":0.5}},
{"input":{"Win":0,"Lose":0.06,"myCurrBet":0.06,"step":0.5,"position":0.6666666666666666,"bluff":0,"handValue":0.1047,"percentBets_3":0.12857142857142856,"percentBets_1":0.2647058823529412},"output":{"chips":0}},
{"input":{"Win":0.13274336283185842,"Lose":0,"myCurrBet":0.01,"step":0,"position":0.6666666666666666,"bluff":0,"percentBets_1":0.057692307692307696,"handValue":0.10160000000000001,"percentBets_3":0.02459016393442623},"output":{"chips":1}},
{"input":{"Win":0.13274336283185842,"Lose":0,"myCurrBet":0.05,"step":0.5,"position":0.6666666666666666,"bluff":0,"handValue":0.10310000000000001,"percentBets_3":0.12295081967213115,"percentBets_1":0.14423076923076922},"output":{"chips":0}},
{"input":{"Win":0.13274336283185842,"Lose":0,"myCurrBet":0.05,"step":0.25,"position":0.6666666666666666,"bluff":0,"handValue":0.1023,"percentBets_3":0.12295081967213115,"percentBets_1":0.14423076923076922},"output":{"chips":0.5}},
{"input":{"Win":0.13274336283185842,"Lose":0,"myCurrBet":0.05,"step":0.5,"position":0.6666666666666666,"bluff":0,"handValue":0.10310000000000001,"percentBets_3":0.12295081967213115,"percentBets_1":0.14423076923076922},"output":{"chips":0}},
{"input":{"Win":0.1683673469387755,"Lose":0,"myCurrBet":0.01,"step":0,"position":0.6666666666666666,"bluff":0,"percentBets_1":0.1348314606741573,"handValue":0.500000000005,"percentBets_3":0.028037383177570093},"output":{"chips":1}},
{"input":{"Win":0.1683673469387755,"Lose":0,"myCurrBet":0.07,"step":0.5,"position":0.6666666666666666,"bluff":0,"handValue":0.10410000000000001,"percentBets_3":0.19626168224299065},"output":{"chips":0}},
{"input":{"Win":0.1683673469387755,"Lose":0,"myCurrBet":0.07,"step":0.25,"position":0.6666666666666666,"bluff":0,"handValue":0.1028,"percentBets_3":0.19626168224299065,"percentBets_1":0},"output":{"chips":0.5}},
{"input":{"Win":0.1683673469387755,"Lose":0,"myCurrBet":0.07,"step":0.5,"position":0.6666666666666666,"bluff":0,"handValue":0.10410000000000001,"percentBets_3":0.19626168224299065},"output":{"chips":0}},
{"input":{"Win":0,"Lose":0.07,"myCurrBet":0.04,"step":0.5,"position":0.6666666666666666,"bluff":0,"handValue":0.10360000000000001,"percentBets_3":0.13953488372093023,"percentBets_1":0.15584415584415584},"output":{"chips":0}},
{"input":{"Win":0,"Lose":0.07,"myCurrBet":0.01,"step":0,"position":0.6666666666666666,"bluff":1,"percentBets_1":0.07792207792207792,"handValue":0.6006049999999999,"percentBets_3":0.03488372093023256},"output":{"chips":0.5}},
{"input":{"Win":0,"Lose":0.07,"myCurrBet":0.02,"step":0.25,"position":0.6666666666666666,"bluff":0,"handValue":0.1027,"percentBets_3":0.06976744186046512,"percentBets_1":0.15584415584415584},"output":{"chips":0.5}},
{"input":{"Win":0,"Lose":0.07,"myCurrBet":0.04,"step":0.5,"position":0.6666666666666666,"bluff":1,"handValue":0.10360000000000001,"percentBets_3":0.13953488372093023,"percentBets_1":0.19480519480519481},"output":{"chips":1}},
{"input":{"Win":0,"Lose":0.04,"myCurrBet":0.01,"step":0,"position":0.6666666666666666,"bluff":0,"percentBets_1":0.0967741935483871,"handValue":0.10200000000000001,"percentBets_3":0.02459016393442623},"output":{"chips":1}},
{"input":{"Win":0,"Lose":0.04,"myCurrBet":0.04,"step":0.5,"position":0.6666666666666666,"bluff":0,"handValue":0.10400000000000001,"percentBets_3":0.09836065573770492},"output":{"chips":0.5}},
{"input":{"Win":0,"Lose":0.04,"myCurrBet":0.04,"step":0.25,"position":0.6666666666666666,"bluff":0,"handValue":0.1028,"percentBets_3":0.09836065573770492,"percentBets_1":0},"output":{"chips":0.5}},
{"input":{"Win":0,"Lose":0.04,"myCurrBet":0.04,"step":0.75,"position":0.6666666666666666,"bluff":0,"handValue":0.30000013111199997,"percentBets_3":0.09836065573770492},"output":{"chips":0}},
{"input":{"Win":0,"Lose":0.07,"myCurrBet":0.01,"step":0,"position":0.6666666666666666,"bluff":0,"percentBets_1":0.21428571428571427,"handValue":0.6006009999999999,"percentBets_3":0.02142857142857143},"output":{"chips":1}},
{"input":{"Win":0,"Lose":0.07,"myCurrBet":0.07,"step":0.5,"position":0.6666666666666666,"bluff":0,"handValue":0.601110060201,"percentBets_3":0.15},"output":{"chips":0}},
{"input":{"Win":0,"Lose":0.07,"myCurrBet":0.07,"step":0.25,"position":0.6666666666666666,"bluff":0,"handValue":0.1017,"percentBets_3":0.15,"percentBets_1":0},"output":{"chips":0.5}},
{"input":{"Win":0,"Lose":0.07,"myCurrBet":0.07,"step":0.5,"position":0.6666666666666666,"bluff":0,"handValue":0.601110060201,"percentBets_3":0.15},"output":{"chips":0}},
{"input":{"Win":0,"Lose":0.05,"myCurrBet":0.01,"step":0,"position":0.6666666666666666,"bluff":0,"percentBets_1":0.20454545454545456,"handValue":0.1013,"percentBets_3":0.017341040462427744},"output":{"chips":1}},
{"input":{"Win":0,"Lose":0.05,"myCurrBet":0.05,"step":0.25,"position":0.6666666666666666,"bluff":1,"handValue":0.1019,"percentBets_3":0.08670520231213873,"percentBets_1":0.3409090909090909},"output":{"chips":0.5}},
{"input":{"Win":0,"Lose":0.05,"myCurrBet":0.05,"step":0.5,"position":0.6666666666666666,"bluff":0,"handValue":0.10300000000000001,"percentBets_3":0.08670520231213873,"percentBets_1":0.3409090909090909},"output":{"chips":0}},
{"input":{"Win":0,"Lose":0.05,"myCurrBet":0.05,"step":0.5,"position":0.6666666666666666,"bluff":0,"handValue":0.10300000000000001,"percentBets_3":0.08670520231213873,"percentBets_1":0.3409090909090909},"output":{"chips":0}},
{"input":{"Win":0,"Lose":0,"myCurrBet":0.01,"step":0,"position":0.6666666666666666,"bluff":0,"percentBets_1":0.41379310344827586,"handValue":0.600901,"percentBets_3":0.014778325123152709},"output":{"chips":0}},
{"input":{"Win":0,"Lose":0.01,"myCurrBet":0.01,"step":0,"position":0.6666666666666666,"bluff":0,"percentBets_1":0.34285714285714286,"handValue":0.601008,"percentBets_3":0.015},"output":{"chips":0}},
{"input":{"Win":0,"Lose":0.07,"myCurrBet":0.01,"step":0,"position":0.6666666666666666,"bluff":0,"percentBets_1":0.14634146341463414,"handValue":0.600503,"percentBets_3":0.015228426395939087},"output":{"chips":1}},
{"input":{"Win":0,"Lose":0.07,"myCurrBet":0.03,"step":0.25,"position":0.6666666666666666,"bluff":0,"handValue":0.1015,"percentBets_3":0.04568527918781726,"percentBets_1":0.21951219512195122},"output":{"chips":1}},
{"input":{"Win":0,"Lose":0.07,"myCurrBet":0.06,"step":0.75,"position":0.6666666666666666,"bluff":0,"handValue":0.10360000000000001,"percentBets_3":0.09137055837563451},"output":{"chips":0}},
{"input":{"Win":0,"Lose":0.07,"myCurrBet":0.05,"step":0.5,"position":0.6666666666666666,"bluff":1,"handValue":0.10250000000000001,"percentBets_3":0.07614213197969544,"percentBets_1":0.21951219512195122},"output":{"chips":1}},
{"input":{"Win":0,"Lose":0.06,"myCurrBet":0.06,"step":0.5,"position":0.6666666666666666,"bluff":0,"handValue":0.40000007121000003,"percentBets_3":0.08035714285714286},"output":{"chips":0}},
{"input":{"Win":0,"Lose":0.06,"myCurrBet":0.06,"step":0.25,"position":0.6666666666666666,"bluff":0,"handValue":0.400000071203,"percentBets_3":0.08035714285714286,"percentBets_1":0},"output":{"chips":0.5}},
{"input":{"Win":0,"Lose":0.06,"myCurrBet":0.01,"step":0,"position":0.6666666666666666,"bluff":0,"percentBets_1":0.375,"handValue":0.101,"percentBets_3":0.013392857142857142},"output":{"chips":1}},
{"input":{"Win":0,"Lose":0.06,"myCurrBet":0.06,"step":0.5,"position":0.6666666666666666,"bluff":0,"handValue":0.40000007121000003,"percentBets_3":0.08035714285714286},"output":{"chips":0}},
{"input":{"Win":0,"Lose":0.05333333333333334,"myCurrBet":0.013333333333333334,"step":0,"position":0.6666666666666666,"bluff":0,"percentBets_1":0.2,"handValue":0.1018,"percentBets_3":0.015748031496062992},"output":{"chips":1}},
{"input":{"Win":0,"Lose":0.05333333333333334,"myCurrBet":0.05333333333333334,"step":0.25,"position":0.6666666666666666,"bluff":0,"handValue":0.10260000000000001,"percentBets_3":0.06299212598425197,"percentBets_1":0.8},"output":{"chips":0}},
{"input":{"Win":0,"Lose":0.05333333333333334,"myCurrBet":0.05333333333333334,"step":0.25,"position":0.6666666666666666,"bluff":0,"handValue":0.10260000000000001,"percentBets_3":0.06299212598425197,"percentBets_1":0.8},"output":{"chips":0}},
{"input":{"Win":0,"Lose":0.05333333333333334,"myCurrBet":0.05333333333333334,"step":0.25,"position":0.6666666666666666,"bluff":0,"handValue":0.1033,"percentBets_3":0.06299212598425197,"percentBets_1":0.8},"output":{"chips":0}},
{"input":{"Win":0,"Lose":0,"myCurrBet":0.013333333333333334,"step":0,"position":0.6666666666666666,"bluff":0,"percentBets_1":1,"handValue":0.1008,"percentBets_3":0.013986013986013986},"output":{"chips":0}},
{"input":{"Win":0,"Lose":0.013333333333333334,"myCurrBet":0.013333333333333334,"step":0,"position":0.6666666666666666,"bluff":0,"percentBets_1":1,"handValue":0.10120000000000001,"percentBets_3":0.014184397163120567},"output":{"chips":0}},
{"input":{"Win":0,"Lose":0.02,"myCurrBet":0.006666666666666667,"step":0,"position":0.6666666666666666,"bluff":0,"percentBets_1":0,"handValue":0.10250000000000001,"percentBets_3":0.007194244604316547},"output":{"chips":1}},
{"input":{"Win":0,"Lose":0.02,"myCurrBet":0.006666666666666667,"step":0.5,"position":0.6666666666666666,"bluff":0,"handValue":0.1037,"percentBets_3":0.007194244604316547},"output":{"chips":0.5}},
{"input":{"Win":0,"Lose":0.02,"myCurrBet":0.006666666666666667,"step":0.25,"position":0.6666666666666666,"bluff":0,"handValue":0.1039,"percentBets_3":0.007194244604316547},"output":{"chips":1}},
{"input":{"Win":0,"Lose":0.02,"myCurrBet":0.006666666666666667,"step":0.75,"position":0.6666666666666666,"bluff":1,"handValue":0.300000130212,"percentBets_3":0.007194244604316547},"output":{"chips":1}},
