{"input":{"Win":0,"Lose":0,"myCurrBet":0.01,"step":0,"position":0.75,"bluff":0,"handValue":0.1,"percentBets_4":0.08,"percentBets_1":0.08,"percentBets_2":0.12},"output":{"chips":0.5}},
{"input":{"Win":0,"Lose":0,"myCurrBet":0,"step":0,"position":0.75,"bluff":0,"percentBets_1":0.006666666666666667,"percentBets_2":0.013333333333333334,"handValue":0.1},"output":{"chips":1}},
{"input":{"Win":0,"Lose":0,"myCurrBet":0.03,"step":0,"position":0.75,"bluff":0,"handValue":0.1,"percentBets_4":0.24,"percentBets_1":0.24,"percentBets_2":0.24},"output":{"chips":0}},
{"input":{"Win":0,"Lose":0.03,"myCurrBet":0,"step":0,"position":0.75,"bluff":0,"percentBets_1":0.009433962264150943,"percentBets_2":0.01818181818181818,"handValue":0.1015},"output":{"chips":1}},
{"input":{"Win":0,"Lose":0.03,"myCurrBet":0.07333333333333333,"step":0.25,"position":0.75,"bluff":0,"handValue":0.1038,"percentBets_4":0.1746031746031746,"percentBets_1":0.41509433962264153},"output":{"chips":1}},
{"input":{"Win":0,"Lose":0.03,"myCurrBet":0.03666666666666667,"step":0,"position":0.75,"bluff":0,"handValue":0.1015,"percentBets_4":0.1746031746031746,"percentBets_1":0.41509433962264153,"percentBets_2":0},"output":{"chips":0.5}},
{"input":{"Win":0,"Lose":0.03,"myCurrBet":0.08,"step":0.25,"position":0.75,"bluff":0,"handValue":0.1038,"percentBets_4":0.20634920634920634,"percentBets_1":0.49056603773584906},"output":{"chips":0}},
{"input":{"Win":0,"Lose":0.03,"myCurrBet":0.013333333333333334,"step":0,"position":0.75,"bluff":0,"handValue":0.1015,"percentBets_4":0.06349206349206349,"percentBets_1":0.1509433962264151,"percentBets_2":0.2},"output":{"chips":0.5}},
{"input":{"Win":0,"Lose":0.16666666666666666,"myCurrBet":0.013333333333333334,"step":0,"position":0.75,"bluff":0,"handValue":0.601302,"percentBets_4":0.08,"percentBets_1":0.07017543859649122,"percentBets_2":0.20454545454545456},"output":{"chips":0.5}},
{"input":{"Win":0,"Lose":0.16666666666666666,"myCurrBet":0.06,"step":0.25,"position":0.75,"bluff":0,"handValue":0.10160000000000001,"percentBets_4":0.18,"percentBets_1":0.15789473684210525},"output":{"chips":1}},
{"input":{"Win":0,"Lose":0.16666666666666666,"myCurrBet":0,"step":0,"position":0.75,"bluff":0,"percentBets_1":0.0043859649122807015,"percentBets_2":0.022727272727272728,"handValue":0.601302},"output":{"chips":1}},
{"input":{"Win":0,"Lose":0.16666666666666666,"myCurrBet":0.06666666666666667,"step":0.5,"position":0.75,"bluff":1,"handValue":0.10260000000000001,"percentBets_4":0.2,"percentBets_1":0.17543859649122806},"output":{"chips":1}},
{"input":{"Win":0,"Lose":0.16666666666666666,"myCurrBet":0.07666666666666666,"step":0.5,"position":0.75,"bluff":0,"handValue":0.10260000000000001,"percentBets_4":0.26,"percentBets_1":0.22807017543859648},"output":{"chips":0.5}},
{"input":{"Win":0,"Lose":0.16666666666666666,"myCurrBet":0.06333333333333334,"step":0.25,"position":0.75,"bluff":0,"handValue":0.10160000000000001,"percentBets_4":0.2,"percentBets_1":0.17543859649122806},"output":{"chips":0.5}},
{"input":{"Win":0,"Lose":0.16666666666666666,"myCurrBet":0.08666666666666667,"step":0.75,"position":0.75,"bluff":0,"handValue":0.300000130311,"percentBets_4":0.26,"percentBets_1":0.22807017543859648},"output":{"chips":0}},
{"input":{"Win":0,"Lose":0.16666666666666666,"myCurrBet":0.03,"step":0,"position":0.75,"bluff":0,"handValue":0.601302,"percentBets_4":0.18,"percentBets_1":0.15789473684210525,"percentBets_2":0},"output":{"chips":0.5}},
{"input":{"Win":0,"Lose":0.02666666666666667,"myCurrBet":0.02666666666666667,"step":0.5,"position":0.75,"bluff":0,"handValue":0.10300000000000001,"percentBets_4":0.049689440993788817,"percentBets_1":0.09090909090909091,"percentBets_2":0.22857142857142856},"output":{"chips":0.5}},
{"input":{"Win":0,"Lose":0.02666666666666667,"myCurrBet":0.02666666666666667,"step":0.25,"position":0.75,"bluff":0,"handValue":0.10260000000000001,"percentBets_4":0.049689440993788817,"percentBets_1":0.09090909090909091,"percentBets_2":0.22857142857142856},"output":{"chips":0.5}},
{"input":{"Win":0,"Lose":0.02666666666666667,"myCurrBet":0.013333333333333334,"step":0,"position":0.75,"bluff":0,"handValue":0.10120000000000001,"percentBets_4":0.049689440993788817,"percentBets_1":0.09090909090909091,"percentBets_2":0.22857142857142856},"output":{"chips":0.5}},
{"input":{"Win":0,"Lose":0.02666666666666667,"myCurrBet":0,"step":0,"position":0.75,"bluff":0,"percentBets_1":0.005681818181818182,"percentBets_2":0.02857142857142857,"handValue":0.10120000000000001},"output":{"chips":1}},
{"input":{"Win":0,"Lose":0.02666666666666667,"myCurrBet":0.02666666666666667,"step":0.75,"position":0.75,"bluff":0,"handValue":0.10410000000000001,"percentBets_4":0.049689440993788817,"percentBets_1":0.09090909090909091,"percentBets_2":0.22857142857142856},"output":{"chips":0.5}},
{"input":{"Win":0.05821917808219178,"Lose":0,"myCurrBet":0.013333333333333334,"step":0,"position":0.75,"bluff":0,"handValue":0.1015,"percentBets_4":0.043243243243243246,"percentBets_1":0.1,"percentBets_2":0},"output":{"chips":1}},
{"input":{"Win":0.05821917808219178,"Lose":0,"myCurrBet":0.02666666666666667,"step":0.25,"position":0.75,"bluff":1,"handValue":0.1032,"percentBets_4":0.043243243243243246,"percentBets_1":0.1},"output":{"chips":0.5}},
{"input":{"Win":0.05821917808219178,"Lose":0,"myCurrBet":0,"step":0,"position":0.75,"bluff":0,"percentBets_1":0.00625,"percentBets_2":0.037037037037037035,"handValue":0.1015},"output":{"chips":1}},
{"input":{"Win":0.05821917808219178,"Lose":0,"myCurrBet":0.02666666666666667,"step":0.75,"position":0.75,"bluff":0,"handValue":0.1032,"percentBets_4":0.043243243243243246,"percentBets_1":0.1},"output":{"chips":0.5}},
{"input":{"Win":0.05821917808219178,"Lose":0,"myCurrBet":0.02666666666666667,"step":0.5,"position":0.75,"bluff":0,"handValue":0.1037,"percentBets_4":0.043243243243243246,"percentBets_1":0.1},"output":{"chips":0.5}},
{"input":{"Win":0,"Lose":0,"myCurrBet":0,"step":0,"position":0.75,"bluff":0,"percentBets_1":0.006944444444444444,"percentBets_2":0.038461538461538464,"handValue":0.6012069999999999},"output":{"chips":1}},
{"input":{"Win":0,"Lose":0,"myCurrBet":0.013333333333333334,"step":0,"position":0.75,"bluff":1,"handValue":0.6012069999999999,"percentBets_4":0.04519774011299435,"percentBets_1":0.1111111111111111,"percentBets_2":0.3076923076923077},"output":{"chips":1}},
{"input":{"Win":0,"Lose":0,"myCurrBet":0.03,"step":0,"position":0.75,"bluff":0,"handValue":0.6012069999999999,"percentBets_4":0.1016949152542373,"percentBets_1":0.25,"percentBets_2":0.6923076923076923},"output":{"chips":0}},
{"input":{"Win":0,"Lose":0.03666666666666667,"myCurrBet":0,"step":0,"position":0.75,"bluff":0,"percentBets_1":0.009615384615384616,"percentBets_2":0.16666666666666666,"handValue":0.1014},"output":{"chips":0.5}},
{"input":{"Win":0,"Lose":0.03666666666666667,"myCurrBet":0.006666666666666667,"step":0.25,"position":0.75,"bluff":0,"handValue":0.1037,"percentBets_4":0.008849557522123894,"percentBets_1":0.038461538461538464,"percentBets_2":0.3333333333333333},"output":{"chips":0.5}},
{"input":{"Win":0,"Lose":0.03666666666666667,"myCurrBet":0.006666666666666667,"step":0.5,"position":0.75,"bluff":0,"handValue":0.1048,"percentBets_4":0.008849557522123894,"percentBets_1":0.038461538461538464,"percentBets_2":0.3333333333333333},"output":{"chips":0.5}},
{"input":{"Win":0,"Lose":0.03666666666666667,"myCurrBet":0.0033333333333333335,"step":0,"position":0.75,"bluff":0,"handValue":0.1014,"percentBets_4":0.008849557522123894,"percentBets_1":0.038461538461538464,"percentBets_2":0.3333333333333333},"output":{"chips":0.5}},
{"input":{"Win":0,"Lose":0.03666666666666667,"myCurrBet":0.006666666666666667,"step":0.75,"position":0.75,"bluff":0,"handValue":0.1044,"percentBets_4":0.008849557522123894,"percentBets_1":0.038461538461538464,"percentBets_2":0.3333333333333333},"output":{"chips":0.5}},
{"input":{"Win":0.11888111888111888,"Lose":0,"myCurrBet":0,"step":0,"position":0.75,"bluff":0,"percentBets_1":0.01,"percentBets_2":0.08333333333333333,"handValue":0.6010059999999999},"output":{"chips":0.5}},
{"input":{"Win":0.11888111888111888,"Lose":0,"myCurrBet":0.023333333333333334,"step":0,"position":0.75,"bluff":0,"handValue":0.6010059999999999,"percentBets_4":0.0625,"percentBets_1":0.28,"percentBets_2":0},"output":{"chips":0.5}},
{"input":{"Win":0.11888111888111888,"Lose":0,"myCurrBet":0.0033333333333333335,"step":0,"position":0.75,"bluff":1,"handValue":0.6010059999999999,"percentBets_4":0.008928571428571428,"percentBets_1":0.04,"percentBets_2":0.25},"output":{"chips":0.5}},
{"input":{"Win":0.11888111888111888,"Lose":0,"myCurrBet":0.01,"step":0,"position":0.75,"bluff":1,"handValue":0.6010059999999999,"percentBets_4":0.026785714285714284,"percentBets_1":0.12,"percentBets_2":0.5},"output":{"chips":1}},
{"input":{"Win":0.11888111888111888,"Lose":0,"myCurrBet":0.04666666666666667,"step":0.5,"position":0.75,"bluff":0,"handValue":0.1051,"percentBets_4":0.0625,"percentBets_1":0.28},"output":{"chips":0.5}},
{"input":{"Win":0.11888111888111888,"Lose":0,"myCurrBet":0.04666666666666667,"step":0.25,"position":0.75,"bluff":0,"handValue":0.10490000000000001,"percentBets_4":0.0625,"percentBets_1":0.28},"output":{"chips":1}},
{"input":{"Win":0.11888111888111888,"Lose":0,"myCurrBet":0.04666666666666667,"step":0.75,"position":0.75,"bluff":0,"handValue":0.10450000000000001,"percentBets_4":0.0625,"percentBets_1":0.28},"output":{"chips":0}},
{"input":{"Win":0,"Lose":0.02666666666666667,"myCurrBet":0,"step":0,"position":0.75,"bluff":0,"percentBets_1":0.013888888888888888,"percentBets_2":0.16666666666666666,"handValue":0.1022},"output":{"chips":0.5}},
{"input":{"Win":0,"Lose":0.02666666666666667,"myCurrBet":0.006666666666666667,"step":0.25,"position":0.75,"bluff":0,"handValue":0.40000012100300003,"percentBets_4":0.009523809523809525,"percentBets_1":0.05555555555555555,"percentBets_2":0.8333333333333334},"output":{"chips":0.5}},
{"input":{"Win":0,"Lose":0.02666666666666667,"myCurrBet":0.016666666666666666,"step":0.25,"position":0.75,"bluff":0,"handValue":0.40000012100300003,"percentBets_4":0.0380952380952381,"percentBets_1":0.2222222222222222,"percentBets_2":0.3333333333333333},"output":{"chips":0.5}},
{"input":{"Win":0,"Lose":0.02666666666666667,"myCurrBet":0.02666666666666667,"step":0.5,"position":0.75,"bluff":0,"handValue":0.70000000121,"percentBets_4":0.0380952380952381,"percentBets_1":0.2222222222222222},"output":{"chips":0}},
{"input":{"Win":0,"Lose":0.02666666666666667,"myCurrBet":0.0033333333333333335,"step":0,"position":0.75,"bluff":0,"handValue":0.1022,"percentBets_4":0.009523809523809525,"percentBets_1":0.05555555555555555,"percentBets_2":0.3333333333333333},"output":{"chips":0.5}},
{"input":{"Win":0,"Lose":0.02666666666666667,"myCurrBet":0.02666666666666667,"step":0.5,"position":0.75,"bluff":0,"handValue":0.70000000121,"percentBets_4":0.0380952380952381,"percentBets_1":0.2222222222222222},"output":{"chips":0}},
{"input":{"Win":0,"Lose":0.006666666666666667,"myCurrBet":0,"step":0,"position":0.75,"bluff":0,"percentBets_1":0.017857142857142856,"percentBets_2":1,"handValue":0.6006009999999999},"output":{"chips":0.5}},
{"input":{"Win":0,"Lose":0.006666666666666667,"myCurrBet":0.006666666666666667,"step":0.5,"position":0.75,"bluff":0,"handValue":0.1027,"percentBets_4":0.008658008658008658,"percentBets_1":0.07142857142857142,"percentBets_2":1},"output":{"chips":0.5}},
{"input":{"Win":0,"Lose":0.006666666666666667,"myCurrBet":0.0033333333333333335,"step":0,"position":0.75,"bluff":0,"handValue":0.6006009999999999,"percentBets_4":0.008658008658008658,"percentBets_1":0.07142857142857142,"percentBets_2":1},"output":{"chips":0.5}},
{"input":{"Win":0,"Lose":0.006666666666666667,"myCurrBet":0.006666666666666667,"step":0.25,"position":0.75,"bluff":1,"handValue":0.10200000000000001,"percentBets_4":0.008658008658008658,"percentBets_1":0.07142857142857142,"percentBets_2":1},"output":{"chips":0.5}},
{"input":{"Win":0,"Lose":0.006666666666666667,"myCurrBet":0.006666666666666667,"step":0.75,"position":0.75,"bluff":0,"handValue":0.30000007031299997,"percentBets_4":0.008658008658008658,"percentBets_1":0.07142857142857142,"percentBets_2":1},"output":{"chips":0}},
{"input":{"Win":0,"Lose":0.02666666666666667,"myCurrBet":0.013333333333333334,"step":0,"position":0.6666666666666666,"bluff":0,"handValue":0.600901,"percentBets_3":0.03389830508474576,"percentBets_1":0.3076923076923077},"output":{"chips":0.5}},
{"input":{"Win":0,"Lose":0.02666666666666667,"myCurrBet":0.02666666666666667,"step":0.5,"position":0.6666666666666666,"bluff":0,"handValue":0.1037,"percentBets_3":0.03389830508474576,"percentBets_1":0.3076923076923077},"output":{"chips":0}},
{"input":{"Win":0,"Lose":0.02666666666666667,"myCurrBet":0.02666666666666667,"step":0.25,"position":0.6666666666666666,"bluff":0,"handValue":0.1029,"percentBets_3":0.03389830508474576,"percentBets_1":0.3076923076923077},"output":{"chips":0.5}},
{"input":{"Win":0,"Lose":0.02666666666666667,"myCurrBet":0.0033333333333333335,"step":0,"position":0.6666666666666666,"bluff":0,"percentBets_1":0.07692307692307693,"handValue":0.600901,"percentBets_3":0.00847457627118644},"output":{"chips":1}},
{"input":{"Win":0,"Lose":0.02666666666666667,"myCurrBet":0.02666666666666667,"step":0.5,"position":0.6666666666666666,"bluff":0,"handValue":0.1037,"percentBets_3":0.03389830508474576,"percentBets_1":0.3076923076923077},"output":{"chips":0}},
{"input":{"Win":0,"Lose":0.04666666666666667,"myCurrBet":0.0033333333333333335,"step":0,"position":0.6666666666666666,"bluff":0,"percentBets_1":0.1111111111111111,"handValue":0.1014,"percentBets_3":0.007936507936507936},"output":{"chips":1}},
{"input":{"Win":0,"Lose":0.04666666666666667,"myCurrBet":0.01,"step":0,"position":0.6666666666666666,"bluff":0,"handValue":0.1014,"percentBets_3":0.023809523809523808,"percentBets_1":0.3333333333333333},"output":{"chips":1}},
{"input":{"Win":0,"Lose":0.04666666666666667,"myCurrBet":0.023333333333333334,"step":0,"position":0.6666666666666666,"bluff":0,"handValue":0.1014,"percentBets_3":0.05555555555555555,"percentBets_1":0.7777777777777778},"output":{"chips":0.5}},
{"input":{"Win":0,"Lose":0.04666666666666667,"myCurrBet":0.04666666666666667,"step":0.25,"position":0.6666666666666666,"bluff":0,"handValue":0.1039,"percentBets_3":0.05555555555555555,"percentBets_1":0.7777777777777778},"output":{"chips":0}},
{"input":{"Win":0,"Lose":0.04666666666666667,"myCurrBet":0.04666666666666667,"step":0.25,"position":0.6666666666666666,"bluff":0,"handValue":0.1039,"percentBets_3":0.05555555555555555,"percentBets_1":0.7777777777777778},"output":{"chips":0}},
{"input":{"Win":0,"Lose":0.04666666666666667,"myCurrBet":0.04666666666666667,"step":0.25,"position":0.6666666666666666,"bluff":0,"handValue":0.1052,"percentBets_3":0.05555555555555555,"percentBets_1":0.7777777777777778},"output":{"chips":0}},
