{"input":{"Win":0,"Lose":0.04,"myCurrBet":0,"step":0,"position":1,"bluff":0,"percentBets_1":0.006666666666666667,"percentBets_2":0.013333333333333334,"handValue":0.600704,"percentBets_3":0.013333333333333334},"output":{"chips":1}},
{"input":{"Win":0,"Lose":0.04,"myCurrBet":0.03333333333333333,"step":0.25,"position":1,"bluff":0,"handValue":0.1029,"percentBets_1":0.13333333333333333,"percentBets_2":0.14666666666666667,"percentBets_3":0.14666666666666667},"output":{"chips":0.5}},
{"input":{"Win":0,"Lose":0.04,"myCurrBet":0.006666666666666667,"step":0,"position":1,"bluff":1,"handValue":0.600704,"percentBets_1":0.05333333333333334,"percentBets_2":0.06666666666666667,"percentBets_3":0.06666666666666667},"output":{"chips":0.5}},
{"input":{"Win":0,"Lose":0.04,"myCurrBet":0.016666666666666666,"step":0,"position":1,"bluff":0,"handValue":0.600704,"percentBets_1":0.13333333333333333,"percentBets_2":0.13333333333333333,"percentBets_3":0.13333333333333333},"output":{"chips":0.5}},
{"input":{"Win":0,"Lose":0.04,"myCurrBet":0.03666666666666667,"step":0.25,"position":1,"bluff":0,"handValue":0.1029,"percentBets_1":0.16,"percentBets_2":0.16,"percentBets_3":0.16},"output":{"chips":0.5}},
{"input":{"Win":0,"Lose":0.04,"myCurrBet":0.04,"step":0.75,"position":1,"bluff":1,"handValue":0.10350000000000001,"percentBets_1":0.16,"percentBets_2":0.16,"percentBets_3":0.16},"output":{"chips":0.5}},
{"input":{"Win":0,"Lose":0.04,"myCurrBet":0.04,"step":0.5,"position":1,"bluff":0,"handValue":0.10250000000000001,"percentBets_1":0.16,"percentBets_2":0.16,"percentBets_3":0.16},"output":{"chips":0.5}},
{"input":{"Win":0.04219409282700422,"Lose":0,"myCurrBet":0,"step":0,"position":1,"bluff":0,"percentBets_1":0.0045045045045045045,"percentBets_2":0.015873015873015872,"handValue":0.1014,"percentBets_3":0.015873015873015872},"output":{"chips":0.5}},
{"input":{"Win":0.04219409282700422,"Lose":0,"myCurrBet":0.006666666666666667,"step":0.5,"position":1,"bluff":0,"handValue":0.1027,"percentBets_1":0.018018018018018018,"percentBets_2":0.031746031746031744,"percentBets_3":0.031746031746031744},"output":{"chips":0.5}},
{"input":{"Win":0.04219409282700422,"Lose":0,"myCurrBet":0.006666666666666667,"step":0.25,"position":1,"bluff":0,"handValue":0.1022,"percentBets_1":0.018018018018018018,"percentBets_2":0.031746031746031744,"percentBets_3":0.031746031746031744},"output":{"chips":0.5}},
{"input":{"Win":0.04219409282700422,"Lose":0,"myCurrBet":0.0033333333333333335,"step":0,"position":1,"bluff":0,"handValue":0.1014,"percentBets_1":0.018018018018018018,"percentBets_2":0.031746031746031744,"percentBets_3":0.031746031746031744},"output":{"chips":0.5}},
{"input":{"Win":0.04219409282700422,"Lose":0,"myCurrBet":0.006666666666666667,"step":0.75,"position":1,"bluff":0,"handValue":0.1039,"percentBets_1":0.018018018018018018,"percentBets_2":0.047619047619047616,"percentBets_3":0.047619047619047616},"output":{"chips":0.5}},
{"input":{"Win":0.04219409282700422,"Lose":0,"myCurrBet":0.01,"step":0.75,"position":1,"bluff":0,"handValue":0.1039,"percentBets_1":0.036036036036036036,"percentBets_2":0.031746031746031744,"percentBets_3":0.031746031746031744},"output":{"chips":0.5}},
{"input":{"Win":0.05286343612334802,"Lose":0,"myCurrBet":0,"step":0,"position":1,"bluff":0,"percentBets_1":0.004672897196261682,"percentBets_2":0.016666666666666666,"handValue":0.600807,"percentBets_3":0.016666666666666666},"output":{"chips":1}},
{"input":{"Win":0.05286343612334802,"Lose":0,"myCurrBet":0.006666666666666667,"step":0,"position":1,"bluff":0,"handValue":0.600807,"percentBets_1":0.037383177570093455,"percentBets_2":0.06666666666666667,"percentBets_3":0.06666666666666667},"output":{"chips":0.5}},
{"input":{"Win":0.05286343612334802,"Lose":0,"myCurrBet":0.013333333333333334,"step":0.5,"position":1,"bluff":0,"handValue":0.10210000000000001,"percentBets_1":0.037383177570093455,"percentBets_2":0.06666666666666667,"percentBets_3":0.06666666666666667},"output":{"chips":0.5}},
{"input":{"Win":0.05286343612334802,"Lose":0,"myCurrBet":0.013333333333333334,"step":0.25,"position":1,"bluff":1,"handValue":0.1017,"percentBets_1":0.037383177570093455,"percentBets_2":0.06666666666666667,"percentBets_3":0.06666666666666667},"output":{"chips":0.5}},
{"input":{"Win":0.05286343612334802,"Lose":0,"myCurrBet":0.013333333333333334,"step":0.75,"position":1,"bluff":0,"handValue":0.601108070403,"percentBets_1":0.037383177570093455,"percentBets_2":0.06666666666666667,"percentBets_3":0.06666666666666667},"output":{"chips":0}},
{"input":{"Win":0,"Lose":0.02,"myCurrBet":0,"step":0,"position":1,"bluff":0,"percentBets_1":0.0048543689320388345,"percentBets_2":0.017857142857142856,"handValue":0.10120000000000001,"percentBets_3":0.017857142857142856},"output":{"chips":0.5}},
{"input":{"Win":0,"Lose":0.02,"myCurrBet":0.0033333333333333335,"step":0,"position":1,"bluff":0,"handValue":0.10120000000000001,"percentBets_1":0.019417475728155338,"percentBets_2":0.05357142857142857,"percentBets_3":0.05357142857142857},"output":{"chips":0.5}},
{"input":{"Win":0,"Lose":0.02,"myCurrBet":0.02,"step":0.25,"position":1,"bluff":0,"handValue":0.30000008041299997,"percentBets_1":0.05825242718446602,"percentBets_2":0.10714285714285714,"percentBets_3":0.10714285714285714},"output":{"chips":0.5}},
{"input":{"Win":0,"Lose":0.02,"myCurrBet":0.02,"step":0.5,"position":1,"bluff":0,"handValue":0.30000008041299997,"percentBets_1":0.05825242718446602,"percentBets_2":0.10714285714285714,"percentBets_3":0.10714285714285714},"output":{"chips":0.5}},
{"input":{"Win":0,"Lose":0.02,"myCurrBet":0.02,"step":0.75,"position":1,"bluff":0,"handValue":0.300000130807,"percentBets_1":0.05825242718446602,"percentBets_2":0.10714285714285714,"percentBets_3":0.10714285714285714},"output":{"chips":0.5}},
{"input":{"Win":0,"Lose":0.02,"myCurrBet":0.01,"step":0,"position":1,"bluff":0,"handValue":0.10120000000000001,"percentBets_1":0.05825242718446602,"percentBets_2":0.10714285714285714,"percentBets_3":0.10714285714285714},"output":{"chips":0.5}},
{"input":{"Win":0.1085972850678733,"Lose":0,"myCurrBet":0,"step":0,"position":1,"bluff":0,"percentBets_1":0.004132231404958678,"percentBets_2":0.02,"handValue":0.10210000000000001,"percentBets_3":0.02},"output":{"chips":0.5}},
{"input":{"Win":0.1085972850678733,"Lose":0,"myCurrBet":0.02,"step":0.25,"position":1,"bluff":0,"handValue":0.1028,"percentBets_1":0.049586776859504134,"percentBets_2":0.12,"percentBets_3":0.12},"output":{"chips":0.5}},
{"input":{"Win":0.1085972850678733,"Lose":0,"myCurrBet":0.0033333333333333335,"step":0,"position":1,"bluff":0,"handValue":0.10210000000000001,"percentBets_1":0.01652892561983471,"percentBets_2":0.06,"percentBets_3":0.06},"output":{"chips":0.5}},
{"input":{"Win":0.1085972850678733,"Lose":0,"myCurrBet":0.01,"step":0,"position":1,"bluff":0,"handValue":0.10210000000000001,"percentBets_1":0.049586776859504134,"percentBets_2":0.12,"percentBets_3":0.12},"output":{"chips":0.5}},
{"input":{"Win":0.1085972850678733,"Lose":0,"myCurrBet":0.02,"step":0.5,"position":1,"bluff":1,"handValue":0.10360000000000001,"percentBets_1":0.049586776859504134,"percentBets_2":0.12,"percentBets_3":0.12},"output":{"chips":1}},
{"input":{"Win":0.1085972850678733,"Lose":0,"myCurrBet":0.02666666666666667,"step":0.75,"position":1,"bluff":0,"handValue":0.300000090813,"percentBets_1":0.06611570247933884,"percentBets_2":0.16,"percentBets_3":0.16},"output":{"chips":0.5}},
{"input":{"Win":0.1085972850678733,"Lose":0,"myCurrBet":0.023333333333333334,"step":0.5,"position":1,"bluff":0,"handValue":0.10360000000000001,"percentBets_1":0.06611570247933884,"percentBets_2":0.16,"percentBets_3":0.16},"output":{"chips":0.5}},
{"input":{"Win":0,"Lose":0.013333333333333334,"myCurrBet":0,"step":0,"position":1,"bluff":0,"percentBets_1":0.004424778761061947,"percentBets_2":0.023809523809523808,"handValue":0.1014,"percentBets_3":0.023809523809523808},"output":{"chips":0.5}},
{"input":{"Win":0,"Lose":0.013333333333333334,"myCurrBet":0.0033333333333333335,"step":0,"position":1,"bluff":1,"handValue":0.1014,"percentBets_1":0.017699115044247787,"percentBets_2":0.047619047619047616,"percentBets_3":0.047619047619047616},"output":{"chips":0.5}},
{"input":{"Win":0,"Lose":0.013333333333333334,"myCurrBet":0.006666666666666667,"step":0.5,"position":1,"bluff":0,"handValue":0.10400000000000001,"percentBets_1":0.017699115044247787,"percentBets_2":0.047619047619047616,"percentBets_3":0.047619047619047616},"output":{"chips":0.5}},
{"input":{"Win":0,"Lose":0.013333333333333334,"myCurrBet":0.006666666666666667,"step":0.25,"position":1,"bluff":1,"handValue":0.1028,"percentBets_1":0.017699115044247787,"percentBets_2":0.047619047619047616,"percentBets_3":0.047619047619047616},"output":{"chips":0.5}},
{"input":{"Win":0,"Lose":0.013333333333333334,"myCurrBet":0.006666666666666667,"step":0.75,"position":1,"bluff":0,"handValue":0.1048,"percentBets_1":0.017699115044247787,"percentBets_2":0.07142857142857142,"percentBets_3":0.07142857142857142},"output":{"chips":0.5}},
{"input":{"Win":0,"Lose":0.013333333333333334,"myCurrBet":0.01,"step":0.75,"position":1,"bluff":0,"handValue":0.1048,"percentBets_1":0.035398230088495575,"percentBets_2":0.047619047619047616,"percentBets_3":0.047619047619047616},"output":{"chips":0.5}},
{"input":{"Win":0,"Lose":0.02,"myCurrBet":0,"step":0,"position":1,"bluff":0,"percentBets_1":0.0040650406504065045,"percentBets_2":0.02564102564102564,"handValue":0.601303,"percentBets_3":0.02564102564102564},"output":{"chips":0.5}},
{"input":{"Win":0,"Lose":0.02,"myCurrBet":0.0033333333333333335,"step":0,"position":1,"bluff":0,"handValue":0.601303,"percentBets_1":0.016260162601626018,"percentBets_2":0.07692307692307693,"percentBets_3":0.07692307692307693},"output":{"chips":0.5}},
{"input":{"Win":0,"Lose":0.02,"myCurrBet":0.01,"step":0,"position":1,"bluff":1,"handValue":0.601303,"percentBets_1":0.04878048780487805,"percentBets_2":0.15384615384615385,"percentBets_3":0.15384615384615385},"output":{"chips":0.5}},
{"input":{"Win":0,"Lose":0.02,"myCurrBet":0.02,"step":0.5,"position":1,"bluff":0,"handValue":0.10310000000000001,"percentBets_1":0.04878048780487805,"percentBets_2":0.15384615384615385,"percentBets_3":0.15384615384615385},"output":{"chips":0.5}},
{"input":{"Win":0,"Lose":0.02,"myCurrBet":0.02,"step":0.25,"position":1,"bluff":1,"handValue":0.1034,"percentBets_1":0.04878048780487805,"percentBets_2":0.15384615384615385,"percentBets_3":0.15384615384615385},"output":{"chips":0.5}},
{"input":{"Win":0,"Lose":0.02,"myCurrBet":0.02,"step":0.75,"position":1,"bluff":0,"handValue":0.1039,"percentBets_1":0.04878048780487805,"percentBets_2":0.15384615384615385,"percentBets_3":0.15384615384615385},"output":{"chips":0.5}},
{"input":{"Win":0,"Lose":0.04666666666666667,"myCurrBet":0,"step":0,"position":1,"bluff":0,"percentBets_1":0.0035460992907801418,"percentBets_2":0.030303030303030304,"handValue":0.1022,"percentBets_3":0.030303030303030304},"output":{"chips":0.5}},
{"input":{"Win":0,"Lose":0.04666666666666667,"myCurrBet":0.0033333333333333335,"step":0,"position":1,"bluff":0,"handValue":0.1022,"percentBets_1":0.014184397163120567,"percentBets_2":0.09090909090909091,"percentBets_3":0.09090909090909091},"output":{"chips":0.5}},
{"input":{"Win":0,"Lose":0.04666666666666667,"myCurrBet":0.01,"step":0,"position":1,"bluff":0,"handValue":0.1022,"percentBets_1":0.0425531914893617,"percentBets_2":0,"percentBets_3":0},"output":{"chips":1}},
{"input":{"Win":0,"Lose":0.04666666666666667,"myCurrBet":0.023333333333333334,"step":0,"position":1,"bluff":0,"handValue":0.1022,"percentBets_1":0.09929078014184398},"output":{"chips":0.5}},
{"input":{"Win":0,"Lose":0.04666666666666667,"myCurrBet":0.04666666666666667,"step":0.25,"position":1,"bluff":0,"handValue":0.10310000000000001,"percentBets_1":0.09929078014184398},"output":{"chips":0.5}},
{"input":{"Win":0,"Lose":0.04666666666666667,"myCurrBet":0.04666666666666667,"step":0.5,"position":1,"bluff":0,"handValue":0.1034,"percentBets_1":0.09929078014184398},"output":{"chips":0.5}},
{"input":{"Win":0,"Lose":0.04666666666666667,"myCurrBet":0.04666666666666667,"step":0.75,"position":1,"bluff":0,"handValue":0.10350000000000001,"percentBets_1":0.09929078014184398},"output":{"chips":0.5}},
{"input":{"Win":0,"Lose":0.02,"myCurrBet":0,"step":0,"position":1,"bluff":0,"percentBets_1":0.003105590062111801,"percentBets_2":0.03333333333333333,"handValue":0.1022,"percentBets_3":0.03333333333333333},"output":{"chips":0.5}},
{"input":{"Win":0,"Lose":0.02,"myCurrBet":0.02,"step":0.25,"position":1,"bluff":0,"handValue":0.10300000000000001,"percentBets_1":0.037267080745341616,"percentBets_2":0.2,"percentBets_3":0.2},"output":{"chips":0.5}},
{"input":{"Win":0,"Lose":0.02,"myCurrBet":0.0033333333333333335,"step":0,"position":1,"bluff":0,"handValue":0.1022,"percentBets_1":0.012422360248447204,"percentBets_2":0.1,"percentBets_3":0.1},"output":{"chips":0.5}},
{"input":{"Win":0,"Lose":0.02,"myCurrBet":0.01,"step":0,"position":1,"bluff":0,"handValue":0.1022,"percentBets_1":0.037267080745341616,"percentBets_2":0.2,"percentBets_3":0.2},"output":{"chips":0.5}},
{"input":{"Win":0,"Lose":0.02,"myCurrBet":0.02,"step":0.5,"position":1,"bluff":0,"handValue":0.10260000000000001,"percentBets_1":0.037267080745341616,"percentBets_2":0.2,"percentBets_3":0.2},"output":{"chips":0.5}},
{"input":{"Win":0,"Lose":0.02,"myCurrBet":0.02,"step":0.75,"position":1,"bluff":1,"handValue":0.1034,"percentBets_1":0.037267080745341616,"percentBets_2":0.2,"percentBets_3":0.2},"output":{"chips":0.5}},
{"input":{"Win":0,"Lose":0.02,"myCurrBet":0,"step":0,"position":1,"bluff":0,"percentBets_1":0.0032258064516129032,"percentBets_2":0.020833333333333332,"handValue":0.600604,"percentBets_3":0.041666666666666664},"output":{"chips":0.5}},
{"input":{"Win":0,"Lose":0.02,"myCurrBet":0.02,"step":0.25,"position":1,"bluff":0,"handValue":0.1018,"percentBets_1":0.03870967741935484,"percentBets_2":0.125,"percentBets_3":0.25},"output":{"chips":0.5}},
{"input":{"Win":0,"Lose":0.02,"myCurrBet":0.02,"step":0.5,"position":1,"bluff":0,"handValue":0.1028,"percentBets_1":0.03870967741935484,"percentBets_2":0.125,"percentBets_3":0.25},"output":{"chips":0.5}},
{"input":{"Win":0,"Lose":0.02,"myCurrBet":0.02,"step":0.75,"position":1,"bluff":0,"handValue":0.10410000000000001,"percentBets_1":0.03870967741935484,"percentBets_2":0.125,"percentBets_3":0.25},"output":{"chips":0.5}},
{"input":{"Win":0,"Lose":0.02,"myCurrBet":0.0033333333333333335,"step":0,"position":1,"bluff":0,"handValue":0.600604,"percentBets_1":0.012903225806451613,"percentBets_2":0.0625,"percentBets_3":0.125},"output":{"chips":0.5}},
{"input":{"Win":0,"Lose":0.02,"myCurrBet":0.01,"step":0,"position":1,"bluff":1,"handValue":0.600604,"percentBets_1":0.03870967741935484,"percentBets_2":0.125,"percentBets_3":0.25},"output":{"chips":0.5}},
{"input":{"Win":0,"Lose":0.02,"myCurrBet":0,"step":0,"position":1,"bluff":0,"percentBets_1":0.002890173410404624,"percentBets_2":0.023809523809523808,"handValue":0.6013069999999999,"percentBets_3":0.05555555555555555},"output":{"chips":0.5}},
{"input":{"Win":0,"Lose":0.02,"myCurrBet":0.0033333333333333335,"step":0,"position":1,"bluff":0,"handValue":0.6013069999999999,"percentBets_1":0.011560693641618497,"percentBets_2":0.07142857142857142,"percentBets_3":0.16666666666666666},"output":{"chips":0.5}},
{"input":{"Win":0,"Lose":0.02,"myCurrBet":0.02,"step":0.25,"position":1,"bluff":0,"handValue":0.10200000000000001,"percentBets_1":0.03468208092485549,"percentBets_2":0.14285714285714285,"percentBets_3":0.3333333333333333},"output":{"chips":0.5}},
{"input":{"Win":0,"Lose":0.02,"myCurrBet":0.01,"step":0,"position":1,"bluff":0,"handValue":0.6013069999999999,"percentBets_1":0.03468208092485549,"percentBets_2":0.14285714285714285,"percentBets_3":0.3333333333333333},"output":{"chips":0.5}},
{"input":{"Win":0,"Lose":0.02,"myCurrBet":0.02,"step":0.5,"position":1,"bluff":0,"handValue":0.10250000000000001,"percentBets_1":0.03468208092485549,"percentBets_2":0.14285714285714285,"percentBets_3":0.3333333333333333},"output":{"chips":0.5}},
{"input":{"Win":0,"Lose":0.02,"myCurrBet":0.02,"step":0.75,"position":1,"bluff":0,"handValue":0.1037,"percentBets_1":0.03468208092485549,"percentBets_2":0.14285714285714285,"percentBets_3":0.3333333333333333},"output":{"chips":0.5}},
{"input":{"Win":0.0502092050209205,"Lose":0,"myCurrBet":0,"step":0,"position":1,"bluff":0,"percentBets_1":0.0029940119760479044,"percentBets_2":0.027777777777777776,"handValue":0.10160000000000001,"percentBets_3":0.027777777777777776},"output":{"chips":0.5}},
{"input":{"Win":0.0502092050209205,"Lose":0,"myCurrBet":0.0033333333333333335,"step":0,"position":1,"bluff":0,"handValue":0.10160000000000001,"percentBets_1":0.011976047904191617,"percentBets_2":0.05555555555555555,"percentBets_3":0.05555555555555555},"output":{"chips":0.5}},
{"input":{"Win":0.0502092050209205,"Lose":0,"myCurrBet":0.006666666666666667,"step":0.25,"position":1,"bluff":0,"handValue":0.1039,"percentBets_1":0.011976047904191617,"percentBets_2":0.08333333333333333,"percentBets_3":0.08333333333333333},"output":{"chips":0.5}},
{"input":{"Win":0.0502092050209205,"Lose":0,"myCurrBet":0.013333333333333334,"step":0.5,"position":1,"bluff":0,"handValue":0.601312090703,"percentBets_1":0.023952095808383235,"percentBets_2":0.1111111111111111,"percentBets_3":0.1111111111111111},"output":{"chips":0.5}},
{"input":{"Win":0.0502092050209205,"Lose":0,"myCurrBet":0.01,"step":0.25,"position":1,"bluff":0,"handValue":0.1039,"percentBets_1":0.023952095808383235,"percentBets_2":0.1111111111111111,"percentBets_3":0.1111111111111111},"output":{"chips":0.5}},
{"input":{"Win":0.0502092050209205,"Lose":0,"myCurrBet":0.013333333333333334,"step":0.75,"position":1,"bluff":1,"handValue":0.6013121009069999,"percentBets_1":0.023952095808383235,"percentBets_2":0.1111111111111111,"percentBets_3":0.1111111111111111},"output":{"chips":0.5}},
{"input":{"Win":0,"Lose":0.006666666666666667,"myCurrBet":0,"step":0,"position":1,"bluff":0,"percentBets_1":0.003067484662576687,"percentBets_2":0.03125,"handValue":0.1009,"percentBets_3":0.03125},"output":{"chips":0.5}},
{"input":{"Win":0,"Lose":0.006666666666666667,"myCurrBet":0.0033333333333333335,"step":0,"position":1,"bluff":0,"handValue":0.1009,"percentBets_1":0.012269938650306749,"percentBets_2":0.0625,"percentBets_3":0.0625},"output":{"chips":0.5}},
{"input":{"Win":0,"Lose":0.006666666666666667,"myCurrBet":0.006666666666666667,"step":0.25,"position":1,"bluff":0,"handValue":0.1038,"percentBets_1":0.012269938650306749,"percentBets_2":0.0625,"percentBets_3":0.0625},"output":{"chips":0.5}},
{"input":{"Win":0,"Lose":0.006666666666666667,"myCurrBet":0.006666666666666667,"step":0.5,"position":1,"bluff":0,"handValue":0.10260000000000001,"percentBets_1":0.012269938650306749,"percentBets_2":0.0625,"percentBets_3":0.0625},"output":{"chips":0.5}},
{"input":{"Win":0,"Lose":0.006666666666666667,"myCurrBet":0.006666666666666667,"step":0.75,"position":1,"bluff":0,"handValue":0.1029,"percentBets_1":0.012269938650306749,"percentBets_2":0.0625,"percentBets_3":0.0625},"output":{"chips":0.5}},
{"input":{"Win":0,"Lose":0.02666666666666667,"myCurrBet":0,"step":0,"position":1,"bluff":0,"percentBets_1":0.003105590062111801,"percentBets_2":0.03333333333333333,"handValue":0.1,"percentBets_3":0.02631578947368421},"output":{"chips":0.5}},
{"input":{"Win":0,"Lose":0.02666666666666667,"myCurrBet":0.0033333333333333335,"step":0,"position":1,"bluff":0,"handValue":0.1,"percentBets_1":0.012422360248447204,"percentBets_2":0.1,"percentBets_3":0.07894736842105263},"output":{"chips":0.5}},
{"input":{"Win":0,"Lose":0.02666666666666667,"myCurrBet":0.02,"step":0.25,"position":1,"bluff":0,"handValue":0.10250000000000001,"percentBets_1":0.037267080745341616,"percentBets_2":0.2,"percentBets_3":0.15789473684210525},"output":{"chips":0.5}},
{"input":{"Win":0,"Lose":0.02666666666666667,"myCurrBet":0.01,"step":0,"position":1,"bluff":0,"handValue":0.1,"percentBets_1":0.037267080745341616,"percentBets_2":0.2,"percentBets_3":0.15789473684210525},"output":{"chips":0.5}},
{"input":{"Win":0,"Lose":0.02666666666666667,"myCurrBet":0.02,"step":0.5,"position":1,"bluff":0,"handValue":0.10260000000000001,"percentBets_1":0.037267080745341616,"percentBets_2":0.2,"percentBets_3":0.15789473684210525},"output":{"chips":0.5}},
{"input":{"Win":0,"Lose":0.02666666666666667,"myCurrBet":0.023333333333333334,"step":0.75,"position":1,"bluff":0,"handValue":0.1039,"percentBets_1":0.049689440993788817,"percentBets_2":0.2,"percentBets_3":0.15789473684210525},"output":{"chips":0.5}},
{"input":{"Win":0,"Lose":0.02666666666666667,"myCurrBet":0.02,"step":0.75,"position":1,"bluff":1,"handValue":0.1039,"percentBets_1":0.037267080745341616,"percentBets_2":0.2,"percentBets_3":0.15789473684210525},"output":{"chips":1}},
{"input":{"Win":0,"Lose":0.02,"myCurrBet":0.0033333333333333335,"step":0,"position":1,"bluff":0,"handValue":0.101,"percentBets_1":0.011049723756906077,"percentBets_2":0.125,"percentBets_3":0.09375},"output":{"chips":0.5}},
{"input":{"Win":0,"Lose":0.02,"myCurrBet":0,"step":0,"position":1,"bluff":0,"percentBets_1":0.0027624309392265192,"percentBets_2":0.041666666666666664,"handValue":0.101,"percentBets_3":0.03125},"output":{"chips":0.5}},
{"input":{"Win":0,"Lose":0.02,"myCurrBet":0.01,"step":0,"position":1,"bluff":0,"handValue":0.101,"percentBets_1":0.03314917127071823,"percentBets_2":0.25,"percentBets_3":0.1875},"output":{"chips":0.5}},
{"input":{"Win":0,"Lose":0.02,"myCurrBet":0.02,"step":0.25,"position":1,"bluff":0,"handValue":0.1038,"percentBets_1":0.03314917127071823,"percentBets_2":0.25,"percentBets_3":0.1875},"output":{"chips":0.5}},
{"input":{"Win":0,"Lose":0.02,"myCurrBet":0.02,"step":0.75,"position":1,"bluff":0,"handValue":0.10360000000000001,"percentBets_1":0.03314917127071823,"percentBets_2":0.25,"percentBets_3":0.1875},"output":{"chips":0.5}},
{"input":{"Win":0,"Lose":0.02,"myCurrBet":0.02,"step":0.5,"position":1,"bluff":0,"handValue":0.10260000000000001,"percentBets_1":0.03314917127071823,"percentBets_2":0.25,"percentBets_3":0.1875},"output":{"chips":0.5}},
{"input":{"Win":0.14814814814814814,"Lose":0,"myCurrBet":0,"step":0,"position":1,"bluff":0,"percentBets_1":0.005714285714285714,"percentBets_2":0.1111111111111111,"handValue":0.6008049999999999,"percentBets_3":0.04},"output":{"chips":0.5}},
{"input":{"Win":0.14814814814814814,"Lose":0,"myCurrBet":0.02,"step":0,"position":1,"bluff":0,"handValue":0.6008049999999999,"percentBets_1":0.06857142857142857,"percentBets_2":0.6666666666666666,"percentBets_3":0.24},"output":{"chips":0.5}},
{"input":{"Win":0.14814814814814814,"Lose":0,"myCurrBet":0.04,"step":0.25,"position":1,"bluff":1,"handValue":0.10250000000000001,"percentBets_1":0.06857142857142857,"percentBets_2":0.6666666666666666,"percentBets_3":0.24},"output":{"chips":0.5}},
{"input":{"Win":0.14814814814814814,"Lose":0,"myCurrBet":0.04,"step":0.75,"position":1,"bluff":0,"handValue":0.1024,"percentBets_1":0.06857142857142857,"percentBets_2":0.6666666666666666,"percentBets_3":0.24},"output":{"chips":0.5}},
{"input":{"Win":0.14814814814814814,"Lose":0,"myCurrBet":0.006666666666666667,"step":0,"position":1,"bluff":1,"handValue":0.6008049999999999,"percentBets_1":0.022857142857142857,"percentBets_2":0.3333333333333333,"percentBets_3":0.12},"output":{"chips":0.5}},
{"input":{"Win":0.14814814814814814,"Lose":0,"myCurrBet":0.04,"step":0.5,"position":1,"bluff":0,"handValue":0.1028,"percentBets_1":0.06857142857142857,"percentBets_2":0.6666666666666666,"percentBets_3":0.24},"output":{"chips":0.5}},
{"input":{"Win":0,"Lose":0.02666666666666667,"myCurrBet":0,"step":0,"position":1,"bluff":0,"percentBets_1":0.006134969325153374,"percentBets_2":0.3333333333333333,"handValue":0.1014,"percentBets_3":0.05263157894736842},"output":{"chips":0.5}},
{"input":{"Win":0,"Lose":0.02666666666666667,"myCurrBet":0.006666666666666667,"step":0,"position":1,"bluff":1,"handValue":0.1014,"percentBets_1":0.024539877300613498,"percentBets_2":0.6666666666666666,"percentBets_3":0.10526315789473684},"output":{"chips":0.5}},
{"input":{"Win":0,"Lose":0.02666666666666667,"myCurrBet":0.013333333333333334,"step":0.25,"position":1,"bluff":0,"handValue":0.1014,"percentBets_1":0.024539877300613498,"percentBets_2":0.6666666666666666,"percentBets_3":0.10526315789473684},"output":{"chips":0.5}},
{"input":{"Win":0,"Lose":0.02666666666666667,"myCurrBet":0.013333333333333334,"step":0.5,"position":1,"bluff":0,"handValue":0.10200000000000001,"percentBets_1":0.024539877300613498,"percentBets_2":0.6666666666666666,"percentBets_3":0.10526315789473684},"output":{"chips":0.5}},
{"input":{"Win":0,"Lose":0.02666666666666667,"myCurrBet":0.013333333333333334,"step":0.75,"position":1,"bluff":1,"handValue":0.10300000000000001,"percentBets_1":0.024539877300613498,"percentBets_2":0.6666666666666666,"percentBets_3":0.10526315789473684},"output":{"chips":1}},
{"input":{"Win":0,"Lose":0.02666666666666667,"myCurrBet":0.02,"step":0.75,"position":1,"bluff":0,"handValue":0.10300000000000001,"percentBets_1":0.049079754601226995,"percentBets_2":0.6666666666666666,"percentBets_3":0.10526315789473684},"output":{"chips":0.5}},
{"input":{"Win":0,"Lose":0,"myCurrBet":0,"step":0,"position":1,"bluff":0,"percentBets_1":0.00558659217877095,"percentBets_2":1,"handValue":0.10070000000000001,"percentBets_3":0.058823529411764705},"output":{"chips":0.5}},
{"input":{"Win":0,"Lose":0,"myCurrBet":0.006666666666666667,"step":0,"position":1,"bluff":0,"handValue":0.10070000000000001,"percentBets_1":0.0223463687150838,"percentBets_2":1,"percentBets_3":0.058823529411764705},"output":{"chips":0.5}},
{"input":{"Win":0,"Lose":0,"myCurrBet":0.03333333333333333,"step":0,"position":1,"bluff":0,"handValue":0.10070000000000001,"percentBets_1":0.11173184357541899,"percentBets_2":1,"percentBets_3":0.058823529411764705},"output":{"chips":0.5}},
{"input":{"Win":0,"Lose":0,"myCurrBet":0.013333333333333334,"step":0,"position":1,"bluff":1,"handValue":0.10070000000000001,"percentBets_1":0.0446927374301676,"percentBets_2":1,"percentBets_3":0.058823529411764705},"output":{"chips":1}},
{"input":{"Win":0,"Lose":0,"myCurrBet":0.13333333333333333,"step":0,"position":1,"bluff":0,"handValue":0.10070000000000001,"percentBets_1":0.44692737430167595,"percentBets_2":1,"percentBets_3":0.058823529411764705},"output":{"chips":0}},
{"input":{"Win":0,"Lose":0,"myCurrBet":0.06666666666666667,"step":0,"position":1,"bluff":1,"handValue":0.10070000000000001,"percentBets_1":0.22346368715083798,"percentBets_2":1,"percentBets_3":0.058823529411764705},"output":{"chips":0.5}},
{"input":{"Win":0,"Lose":0.16,"myCurrBet":0.013333333333333334,"step":0,"position":1,"bluff":0,"handValue":0.10120000000000001,"percentBets_1":0.08080808080808081,"percentBets_2":0.05128205128205128},"output":{"chips":0.5}},
{"input":{"Win":0,"Lose":0.16,"myCurrBet":0.02666666666666667,"step":0.25,"position":1,"bluff":0,"handValue":0.1037,"percentBets_1":0.08080808080808081,"percentBets_2":0.05128205128205128},"output":{"chips":0.5}},
{"input":{"Win":0,"Lose":0.16,"myCurrBet":0,"step":0,"position":1,"bluff":0,"percentBets_1":0.010101010101010102,"percentBets_2":0.01282051282051282,"handValue":0.10120000000000001},"output":{"chips":1}},
{"input":{"Win":0,"Lose":0.16,"myCurrBet":0.02666666666666667,"step":0.75,"position":1,"bluff":0,"handValue":0.10490000000000001,"percentBets_1":0.08080808080808081,"percentBets_2":0.05128205128205128},"output":{"chips":0.5}},
{"input":{"Win":0,"Lose":0.16,"myCurrBet":0.02666666666666667,"step":0.5,"position":1,"bluff":0,"handValue":0.1039,"percentBets_1":0.08080808080808081,"percentBets_2":0.05128205128205128},"output":{"chips":0.5}},
{"input":{"Win":0,"Lose":0.02666666666666667,"myCurrBet":0,"step":0,"position":1,"bluff":0,"percentBets_1":0.008695652173913044,"percentBets_2":0.013513513513513514,"handValue":0.600907},"output":{"chips":1}},
{"input":{"Win":0,"Lose":0.02666666666666667,"myCurrBet":0.02666666666666667,"step":0.25,"position":1,"bluff":0,"handValue":0.1018,"percentBets_1":0.06956521739130435,"percentBets_2":0.05405405405405406},"output":{"chips":0.5}},
{"input":{"Win":0,"Lose":0.02666666666666667,"myCurrBet":0.013333333333333334,"step":0,"position":1,"bluff":1,"handValue":0.600907,"percentBets_1":0.06956521739130435,"percentBets_2":0.05405405405405406},"output":{"chips":0.5}},
{"input":{"Win":0,"Lose":0.02666666666666667,"myCurrBet":0.02666666666666667,"step":0.5,"position":1,"bluff":0,"handValue":0.300000130209,"percentBets_1":0.06956521739130435,"percentBets_2":0.05405405405405406},"output":{"chips":0.5}},
{"input":{"Win":0,"Lose":0.02666666666666667,"myCurrBet":0.02666666666666667,"step":0.75,"position":1,"bluff":0,"handValue":0.300000130209,"percentBets_1":0.06956521739130435,"percentBets_2":0.05405405405405406},"output":{"chips":0.5}},
{"input":{"Win":0,"Lose":0.02666666666666667,"myCurrBet":0.013333333333333334,"step":0,"position":1,"bluff":0,"handValue":0.500000000011,"percentBets_1":0.061068702290076333,"percentBets_2":0.05714285714285714},"output":{"chips":0.5}},
{"input":{"Win":0,"Lose":0.02666666666666667,"myCurrBet":0.02666666666666667,"step":0.5,"position":1,"bluff":0,"handValue":0.30000011091199996,"percentBets_1":0.061068702290076333,"percentBets_2":0.05714285714285714},"output":{"chips":0.5}},
{"input":{"Win":0,"Lose":0.02666666666666667,"myCurrBet":0.02666666666666667,"step":0.25,"position":1,"bluff":0,"handValue":0.10260000000000001,"percentBets_1":0.061068702290076333,"percentBets_2":0.05714285714285714},"output":{"chips":0.5}},
{"input":{"Win":0,"Lose":0.02666666666666667,"myCurrBet":0,"step":0,"position":1,"bluff":0,"percentBets_1":0.007633587786259542,"percentBets_2":0.014285714285714285,"handValue":0.500000000011},"output":{"chips":1}},
{"input":{"Win":0,"Lose":0.02666666666666667,"myCurrBet":0.02666666666666667,"step":0.75,"position":1,"bluff":0,"handValue":0.30000011091199996,"percentBets_1":0.061068702290076333,"percentBets_2":0.05714285714285714},"output":{"chips":0.5}},
{"input":{"Win":0,"Lose":0.02666666666666667,"myCurrBet":0,"step":0,"position":1,"bluff":1,"percentBets_1":0.008130081300813009,"percentBets_2":0.01282051282051282,"handValue":0.10070000000000001},"output":{"chips":1}},
{"input":{"Win":0,"Lose":0.02666666666666667,"myCurrBet":0.02666666666666667,"step":0.5,"position":1,"bluff":0,"handValue":0.1027,"percentBets_1":0.06504065040650407,"percentBets_2":0.05128205128205128},"output":{"chips":0.5}},
{"input":{"Win":0,"Lose":0.02666666666666667,"myCurrBet":0.02666666666666667,"step":0.25,"position":1,"bluff":0,"handValue":0.1014,"percentBets_1":0.06504065040650407,"percentBets_2":0.05128205128205128},"output":{"chips":0.5}},
{"input":{"Win":0,"Lose":0.02666666666666667,"myCurrBet":0.013333333333333334,"step":0,"position":1,"bluff":0,"handValue":0.10070000000000001,"percentBets_1":0.06504065040650407,"percentBets_2":0.05128205128205128},"output":{"chips":0.5}},
{"input":{"Win":0,"Lose":0.02666666666666667,"myCurrBet":0.02666666666666667,"step":0.75,"position":1,"bluff":0,"handValue":0.30000010051299997,"percentBets_1":0.06504065040650407,"percentBets_2":0.05128205128205128},"output":{"chips":0.5}},
{"input":{"Win":0.08362369337979095,"Lose":0,"myCurrBet":0.013333333333333334,"step":0,"position":1,"bluff":0,"handValue":0.500000000009,"percentBets_1":0.06956521739130435,"percentBets_2":0.046511627906976744},"output":{"chips":0.5}},
{"input":{"Win":0.08362369337979095,"Lose":0,"myCurrBet":0,"step":0,"position":1,"bluff":0,"percentBets_1":0.008695652173913044,"percentBets_2":0.011627906976744186,"handValue":0.500000000009},"output":{"chips":1}},
{"input":{"Win":0.08362369337979095,"Lose":0,"myCurrBet":0.02666666666666667,"step":0.25,"position":1,"bluff":1,"handValue":0.1037,"percentBets_1":0.06956521739130435,"percentBets_2":0.046511627906976744},"output":{"chips":1}},
{"input":{"Win":0.08362369337979095,"Lose":0,"myCurrBet":0.04,"step":0.5,"position":1,"bluff":0,"handValue":0.1042,"percentBets_1":0.10434782608695652,"percentBets_2":0.06976744186046512},"output":{"chips":0.5}},
{"input":{"Win":0.08362369337979095,"Lose":0,"myCurrBet":0.03333333333333333,"step":0.25,"position":1,"bluff":0,"handValue":0.1037,"percentBets_1":0.10434782608695652,"percentBets_2":0.06976744186046512},"output":{"chips":0.5}},
{"input":{"Win":0.08362369337979095,"Lose":0,"myCurrBet":0.04,"step":0.75,"position":1,"bluff":0,"handValue":0.1033,"percentBets_1":0.10434782608695652,"percentBets_2":0.06976744186046512},"output":{"chips":0.5}},
{"input":{"Win":0,"Lose":0.02666666666666667,"myCurrBet":0,"step":0,"position":1,"bluff":1,"percentBets_1":0.009708737864077669,"percentBets_2":0.0125,"handValue":0.1005},"output":{"chips":1}},
{"input":{"Win":0,"Lose":0.02666666666666667,"myCurrBet":0.013333333333333334,"step":0,"position":1,"bluff":0,"handValue":0.1005,"percentBets_1":0.07766990291262135,"percentBets_2":0.05},"output":{"chips":0.5}},
{"input":{"Win":0,"Lose":0.02666666666666667,"myCurrBet":0.02666666666666667,"step":0.5,"position":1,"bluff":0,"handValue":0.1028,"percentBets_1":0.07766990291262135,"percentBets_2":0.05},"output":{"chips":0.5}},
{"input":{"Win":0,"Lose":0.02666666666666667,"myCurrBet":0.02666666666666667,"step":0.75,"position":1,"bluff":0,"handValue":0.1039,"percentBets_1":0.07766990291262135,"percentBets_2":0.05},"output":{"chips":0.5}},
{"input":{"Win":0,"Lose":0.02666666666666667,"myCurrBet":0.02666666666666667,"step":0.25,"position":1,"bluff":0,"handValue":0.1019,"percentBets_1":0.07766990291262135,"percentBets_2":0.05},"output":{"chips":0.5}},
{"input":{"Win":0,"Lose":0.02666666666666667,"myCurrBet":0,"step":0,"position":1,"bluff":0,"percentBets_1":0.010526315789473684,"percentBets_2":0.011363636363636364,"handValue":0.500000000011},"output":{"chips":1}},
{"input":{"Win":0,"Lose":0.02666666666666667,"myCurrBet":0.013333333333333334,"step":0,"position":1,"bluff":0,"handValue":0.500000000011,"percentBets_1":0.08421052631578947,"percentBets_2":0.045454545454545456},"output":{"chips":0.5}},
{"input":{"Win":0,"Lose":0.02666666666666667,"myCurrBet":0.02666666666666667,"step":0.25,"position":1,"bluff":0,"handValue":0.1037,"percentBets_1":0.08421052631578947,"percentBets_2":0.045454545454545456},"output":{"chips":0.5}},
{"input":{"Win":0,"Lose":0.02666666666666667,"myCurrBet":0.02666666666666667,"step":0.5,"position":1,"bluff":0,"handValue":0.10500000000000001,"percentBets_1":0.08421052631578947,"percentBets_2":0.045454545454545456},"output":{"chips":0.5}},
{"input":{"Win":0,"Lose":0.02666666666666667,"myCurrBet":0.02666666666666667,"step":0.75,"position":1,"bluff":0,"handValue":0.1047,"percentBets_1":0.08421052631578947,"percentBets_2":0.045454545454545456},"output":{"chips":0.5}},
{"input":{"Win":0,"Lose":0.04,"myCurrBet":0.013333333333333334,"step":0,"position":1,"bluff":0,"handValue":0.10200000000000001,"percentBets_1":0.09195402298850575,"percentBets_2":0.041666666666666664},"output":{"chips":0.5}},
{"input":{"Win":0,"Lose":0.04,"myCurrBet":0,"step":0,"position":1,"bluff":0,"percentBets_1":0.011494252873563218,"percentBets_2":0.010416666666666666,"handValue":0.10200000000000001},"output":{"chips":1}},
{"input":{"Win":0,"Lose":0.04,"myCurrBet":0.02666666666666667,"step":0.25,"position":1,"bluff":0,"handValue":0.1042,"percentBets_1":0.09195402298850575,"percentBets_2":0.041666666666666664},"output":{"chips":0.5}},
{"input":{"Win":0,"Lose":0.04,"myCurrBet":0.02666666666666667,"step":0.5,"position":1,"bluff":0,"handValue":0.1044,"percentBets_1":0.09195402298850575,"percentBets_2":0.041666666666666664},"output":{"chips":0.5}},
{"input":{"Win":0,"Lose":0.04,"myCurrBet":0.02666666666666667,"step":0.75,"position":1,"bluff":1,"handValue":0.1033,"percentBets_1":0.09195402298850575,"percentBets_2":0.041666666666666664},"output":{"chips":1}},
{"input":{"Win":0,"Lose":0.04,"myCurrBet":0.03333333333333333,"step":0.75,"position":1,"bluff":1,"handValue":0.1033,"percentBets_1":0.13793103448275862,"percentBets_2":0.0625},"output":{"chips":0.5}},
{"input":{"Win":0,"Lose":0,"myCurrBet":0,"step":0,"position":1,"bluff":0,"percentBets_1":0.013333333333333334,"percentBets_2":0.009259259259259259,"handValue":0.10110000000000001},"output":{"chips":1}},
{"input":{"Win":0,"Lose":0,"myCurrBet":0.02666666666666667,"step":0.25,"position":1,"bluff":1,"handValue":0.10360000000000001,"percentBets_1":0.10666666666666667,"percentBets_2":0.037037037037037035},"output":{"chips":1}},
{"input":{"Win":0,"Lose":0,"myCurrBet":0.013333333333333334,"step":0,"position":1,"bluff":0,"handValue":0.10110000000000001,"percentBets_1":0.10666666666666667,"percentBets_2":0.037037037037037035},"output":{"chips":0.5}},
