{"input":{"Win":0.47555555555555556,"Lose":0,"myCurrBet":0.0016666666666666668,"step":0,"position":0.25,"bluff":0,"percentBets_2":0.013333333333333334,"handValue":0.1,"percentBets_3":0.013333333333333334,"percentBets_4":0.02666666666666667},"output":{"chips":1}},
{"input":{"Win":0.47555555555555556,"Lose":0,"myCurrBet":0.10666666666666667,"step":0.25,"position":0.25,"bluff":0,"handValue":0.1022,"percentBets_2":0,"percentBets_3":0,"percentBets_4":0.4266666666666667},"output":{"chips":1}},
{"input":{"Win":0.47555555555555556,"Lose":0,"myCurrBet":0.11666666666666667,"step":0.25,"position":0.25,"bluff":0,"handValue":0.1022,"percentBets_4":0.5066666666666667},"output":{"chips":1}},
{"input":{"Win":0.47555555555555556,"Lose":0,"myCurrBet":0.13333333333333333,"step":0.25,"position":0.25,"bluff":0,"handValue":0.1022,"percentBets_4":0.64},"output":{"chips":1}},
{"input":{"Win":0.47555555555555556,"Lose":0,"myCurrBet":0.01,"step":0,"position":0.25,"bluff":0,"handValue":0.1,"percentBets_2":0.08,"percentBets_3":0.08,"percentBets_4":0.16},"output":{"chips":1}},
{"input":{"Win":0.47555555555555556,"Lose":0,"myCurrBet":0.05,"step":0,"position":0.25,"bluff":0,"handValue":0.1,"percentBets_2":0.21333333333333335,"percentBets_3":0.21333333333333335,"percentBets_4":0.4266666666666667},"output":{"chips":0.5}},
{"input":{"Win":0.47555555555555556,"Lose":0,"myCurrBet":0.17,"step":0.25,"position":0.25,"bluff":0,"handValue":0.1022,"percentBets_4":0.9333333333333333},"output":{"chips":1}},
{"input":{"Win":0,"Lose":0,"myCurrBet":0.0016666666666666668,"step":0,"position":0.3333333333333333,"bluff":0,"percentBets_2":0.01694915254237288,"handValue":0.601008,"percentBets_3":0.01694915254237288},"output":{"chips":1}},
{"input":{"Win":0,"Lose":0,"myCurrBet":0.006666666666666667,"step":0,"position":0.3333333333333333,"bluff":0,"handValue":0.601008,"percentBets_2":0.06779661016949153,"percentBets_3":0.06779661016949153},"output":{"chips":0}},
{"input":{"Win":0.0847457627118644,"Lose":0,"myCurrBet":0.0016666666666666668,"step":0,"position":0.3333333333333333,"bluff":1,"percentBets_2":0.015384615384615385,"handValue":0.1017,"percentBets_3":0.01818181818181818},"output":{"chips":1}},
{"input":{"Win":0.0847457627118644,"Lose":0,"myCurrBet":0.013333333333333334,"step":0.25,"position":0.3333333333333333,"bluff":1,"handValue":0.30000013040699997,"percentBets_2":0.06153846153846154,"percentBets_3":0.07272727272727272},"output":{"chips":1}},
{"input":{"Win":0.0847457627118644,"Lose":0,"myCurrBet":0.02,"step":0.5,"position":0.3333333333333333,"bluff":0,"handValue":0.700000001304,"percentBets_2":0.09230769230769231,"percentBets_3":0.10909090909090909},"output":{"chips":0}},
{"input":{"Win":0.0847457627118644,"Lose":0,"myCurrBet":0.006666666666666667,"step":0,"position":0.3333333333333333,"bluff":1,"handValue":0.1017,"percentBets_2":0.06153846153846154,"percentBets_3":0.07272727272727272},"output":{"chips":0.5}},
{"input":{"Win":0.0847457627118644,"Lose":0,"myCurrBet":0.02,"step":0.5,"position":0.3333333333333333,"bluff":0,"handValue":0.700000001304,"percentBets_2":0.09230769230769231,"percentBets_3":0.10909090909090909},"output":{"chips":0}},
{"input":{"Win":0,"Lose":0.013333333333333334,"myCurrBet":0.006666666666666667,"step":0,"position":0.3333333333333333,"bluff":0,"handValue":0.10070000000000001,"percentBets_2":0.06779661016949153,"percentBets_3":0.08163265306122448},"output":{"chips":0.5}},
{"input":{"Win":0,"Lose":0.013333333333333334,"myCurrBet":0.013333333333333334,"step":0.5,"position":0.3333333333333333,"bluff":0,"handValue":0.1048,"percentBets_2":0.06779661016949153,"percentBets_3":0.08163265306122448},"output":{"chips":0}},
{"input":{"Win":0,"Lose":0.013333333333333334,"myCurrBet":0.0016666666666666668,"step":0,"position":0.3333333333333333,"bluff":0,"percentBets_2":0.01694915254237288,"handValue":0.10070000000000001,"percentBets_3":0.02040816326530612},"output":{"chips":1}},
{"input":{"Win":0,"Lose":0.013333333333333334,"myCurrBet":0.013333333333333334,"step":0.5,"position":0.3333333333333333,"bluff":1,"handValue":0.1048,"percentBets_2":0.06779661016949153,"percentBets_3":0.08163265306122448},"output":{"chips":0.5}},
{"input":{"Win":0,"Lose":0.013333333333333334,"myCurrBet":0.013333333333333334,"step":0.25,"position":0.3333333333333333,"bluff":0,"handValue":0.10360000000000001,"percentBets_2":0.06779661016949153,"percentBets_3":0.08163265306122448},"output":{"chips":0.5}},
{"input":{"Win":0,"Lose":0.016666666666666666,"myCurrBet":0.013333333333333334,"step":0,"position":0.3333333333333333,"bluff":0,"handValue":0.1014,"percentBets_2":0.09090909090909091,"percentBets_3":0.08771929824561403},"output":{"chips":0.5}},
{"input":{"Win":0,"Lose":0.016666666666666666,"myCurrBet":0.016666666666666666,"step":0.25,"position":0.3333333333333333,"bluff":0,"handValue":0.1028,"percentBets_2":0.09090909090909091,"percentBets_3":0.08771929824561403},"output":{"chips":0}},
{"input":{"Win":0,"Lose":0.016666666666666666,"myCurrBet":0.006666666666666667,"step":0,"position":0.3333333333333333,"bluff":0,"handValue":0.1014,"percentBets_2":0.05454545454545454,"percentBets_3":0.05263157894736842},"output":{"chips":1}},
{"input":{"Win":0,"Lose":0.016666666666666666,"myCurrBet":0.0016666666666666668,"step":0,"position":0.3333333333333333,"bluff":0,"percentBets_2":0.01818181818181818,"handValue":0.1014,"percentBets_3":0.017543859649122806},"output":{"chips":1}},
{"input":{"Win":0,"Lose":0.016666666666666666,"myCurrBet":0.016666666666666666,"step":0.25,"position":0.3333333333333333,"bluff":0,"handValue":0.1028,"percentBets_2":0.09090909090909091,"percentBets_3":0.08771929824561403},"output":{"chips":0}},
{"input":{"Win":0,"Lose":0.016666666666666666,"myCurrBet":0.016666666666666666,"step":0.25,"position":0.3333333333333333,"bluff":0,"handValue":0.1037,"percentBets_2":0.09090909090909091,"percentBets_3":0.08771929824561403},"output":{"chips":0}},
{"input":{"Win":0,"Lose":0,"myCurrBet":0.0016666666666666668,"step":0,"position":0.3333333333333333,"bluff":0,"percentBets_2":0.02,"handValue":0.1014,"percentBets_3":0.014925373134328358},"output":{"chips":1}},
{"input":{"Win":0,"Lose":0,"myCurrBet":0.01,"step":0,"position":0.3333333333333333,"bluff":0,"handValue":0.1014,"percentBets_2":0.1,"percentBets_3":0.07462686567164178},"output":{"chips":0.5}},
{"input":{"Win":0,"Lose":0,"myCurrBet":0.016666666666666666,"step":0.25,"position":0.3333333333333333,"bluff":0,"handValue":0.1038,"percentBets_2":0.1,"percentBets_3":0.07462686567164178},"output":{"chips":0.5}},
{"input":{"Win":0,"Lose":0,"myCurrBet":0.016666666666666666,"step":0.5,"position":0.3333333333333333,"bluff":0,"handValue":0.1046,"percentBets_2":0.12,"percentBets_3":0.08955223880597014},"output":{"chips":0}},
{"input":{"Win":0.042735042735042736,"Lose":0,"myCurrBet":0.016666666666666666,"step":0.25,"position":0.3333333333333333,"bluff":0,"handValue":0.1038,"percentBets_2":0.11363636363636363,"percentBets_3":0.0641025641025641},"output":{"chips":0.5}},
{"input":{"Win":0.042735042735042736,"Lose":0,"myCurrBet":0.016666666666666666,"step":0.5,"position":0.3333333333333333,"bluff":0,"handValue":0.1046,"percentBets_2":0.11363636363636363,"percentBets_3":0.0641025641025641},"output":{"chips":0}},
{"input":{"Win":0.042735042735042736,"Lose":0,"myCurrBet":0.0016666666666666668,"step":0,"position":0.3333333333333333,"bluff":0,"percentBets_2":0.022727272727272728,"handValue":0.10210000000000001,"percentBets_3":0.01282051282051282},"output":{"chips":1}},
{"input":{"Win":0.042735042735042736,"Lose":0,"myCurrBet":0.01,"step":0,"position":0.3333333333333333,"bluff":0,"handValue":0.10210000000000001,"percentBets_2":0.11363636363636363,"percentBets_3":0.0641025641025641},"output":{"chips":0.5}},
{"input":{"Win":0.042735042735042736,"Lose":0,"myCurrBet":0.016666666666666666,"step":0.5,"position":0.3333333333333333,"bluff":0,"handValue":0.1046,"percentBets_2":0.11363636363636363,"percentBets_3":0.0641025641025641},"output":{"chips":0}},
{"input":{"Win":0,"Lose":0.02,"myCurrBet":0.02,"step":0.25,"position":0.3333333333333333,"bluff":0,"handValue":0.10110000000000001,"percentBets_2":0.15384615384615385,"percentBets_3":0.0821917808219178},"output":{"chips":0}},
{"input":{"Win":0,"Lose":0.02,"myCurrBet":0.013333333333333334,"step":0,"position":0.3333333333333333,"bluff":0,"handValue":0.1,"percentBets_2":0.15384615384615385,"percentBets_3":0.0821917808219178},"output":{"chips":0.5}},
{"input":{"Win":0,"Lose":0.02,"myCurrBet":0.02,"step":0.25,"position":0.3333333333333333,"bluff":0,"handValue":0.10110000000000001,"percentBets_2":0.15384615384615385,"percentBets_3":0.0821917808219178},"output":{"chips":0}},
{"input":{"Win":0,"Lose":0.02,"myCurrBet":0.0016666666666666668,"step":0,"position":0.3333333333333333,"bluff":0,"percentBets_2":0.02564102564102564,"handValue":0.1,"percentBets_3":0.0136986301369863},"output":{"chips":1}},
{"input":{"Win":0,"Lose":0.02,"myCurrBet":0.02,"step":0.25,"position":0.3333333333333333,"bluff":0,"handValue":0.10210000000000001,"percentBets_2":0.15384615384615385,"percentBets_3":0.0821917808219178},"output":{"chips":0}},
{"input":{"Win":0,"Lose":0.016666666666666666,"myCurrBet":0.01,"step":0,"position":0.3333333333333333,"bluff":1,"handValue":0.6009019999999999,"percentBets_2":0.15151515151515152,"percentBets_3":0.058823529411764705},"output":{"chips":0.5}},
{"input":{"Win":0,"Lose":0.016666666666666666,"myCurrBet":0.016666666666666666,"step":0.5,"position":0.3333333333333333,"bluff":0,"handValue":0.10360000000000001,"percentBets_2":0.15151515151515152,"percentBets_3":0.058823529411764705},"output":{"chips":0}},
{"input":{"Win":0,"Lose":0.016666666666666666,"myCurrBet":0.0016666666666666668,"step":0,"position":0.3333333333333333,"bluff":0,"percentBets_2":0.030303030303030304,"handValue":0.6009019999999999,"percentBets_3":0.011764705882352941},"output":{"chips":1}},
{"input":{"Win":0,"Lose":0.016666666666666666,"myCurrBet":0.016666666666666666,"step":0.25,"position":0.3333333333333333,"bluff":0,"handValue":0.10350000000000001,"percentBets_2":0.15151515151515152,"percentBets_3":0.058823529411764705},"output":{"chips":0.5}},
{"input":{"Win":0,"Lose":0.016666666666666666,"myCurrBet":0.016666666666666666,"step":0.5,"position":0.3333333333333333,"bluff":0,"handValue":0.10360000000000001,"percentBets_2":0.15151515151515152,"percentBets_3":0.058823529411764705},"output":{"chips":0}},
{"input":{"Win":0,"Lose":0,"myCurrBet":0.0016666666666666668,"step":0,"position":0.3333333333333333,"bluff":0,"percentBets_2":0.03571428571428571,"handValue":0.600804,"percentBets_3":0.010526315789473684},"output":{"chips":1}},
{"input":{"Win":0,"Lose":0,"myCurrBet":0.006666666666666667,"step":0,"position":0.3333333333333333,"bluff":0,"handValue":0.600804,"percentBets_2":0.14285714285714285,"percentBets_3":0.042105263157894736},"output":{"chips":0}},
{"input":{"Win":0,"Lose":0.03333333333333333,"myCurrBet":0.01,"step":0,"position":0.3333333333333333,"bluff":1,"handValue":0.1017,"percentBets_2":0.14705882352941177,"percentBets_3":0.054945054945054944},"output":{"chips":1}},
{"input":{"Win":0,"Lose":0.03333333333333333,"myCurrBet":0.02666666666666667,"step":0.25,"position":0.3333333333333333,"bluff":0,"handValue":0.1048,"percentBets_2":0.23529411764705882,"percentBets_3":0.08791208791208792},"output":{"chips":0}},
{"input":{"Win":0,"Lose":0.03333333333333333,"myCurrBet":0.02666666666666667,"step":0.25,"position":0.3333333333333333,"bluff":0,"handValue":0.10500000000000001,"percentBets_2":0.23529411764705882,"percentBets_3":0.08791208791208792},"output":{"chips":0}},
{"input":{"Win":0,"Lose":0.03333333333333333,"myCurrBet":0.02,"step":0,"position":0.3333333333333333,"bluff":0,"handValue":0.1017,"percentBets_2":0.23529411764705882,"percentBets_3":0.08791208791208792},"output":{"chips":0.5}},
{"input":{"Win":0,"Lose":0.03333333333333333,"myCurrBet":0.02666666666666667,"step":0.25,"position":0.3333333333333333,"bluff":0,"handValue":0.1048,"percentBets_2":0.23529411764705882,"percentBets_3":0.08791208791208792},"output":{"chips":0}},
{"input":{"Win":0,"Lose":0.03333333333333333,"myCurrBet":0.0016666666666666668,"step":0,"position":0.3333333333333333,"bluff":0,"percentBets_2":0.029411764705882353,"handValue":0.1017,"percentBets_3":0.01098901098901099},"output":{"chips":1}},
{"input":{"Win":0,"Lose":0,"myCurrBet":0.01,"step":0,"position":0.3333333333333333,"bluff":0,"handValue":0.1015,"percentBets_2":0.12,"percentBets_3":0.07228915662650602},"output":{"chips":0.5}},
{"input":{"Win":0,"Lose":0,"myCurrBet":0.02,"step":0.5,"position":0.3333333333333333,"bluff":1,"handValue":0.10500000000000001,"percentBets_2":0.12,"percentBets_3":0.07228915662650602},"output":{"chips":0.5}},
{"input":{"Win":0,"Lose":0,"myCurrBet":0.02,"step":0.25,"position":0.3333333333333333,"bluff":0,"handValue":0.1037,"percentBets_2":0.12,"percentBets_3":0.07228915662650602},"output":{"chips":0.5}},
{"input":{"Win":0,"Lose":0,"myCurrBet":0.0016666666666666668,"step":0,"position":0.3333333333333333,"bluff":0,"percentBets_2":0.02,"handValue":0.1015,"percentBets_3":0.012048192771084338},"output":{"chips":1}},
{"input":{"Win":0,"Lose":0,"myCurrBet":0.02,"step":0.75,"position":0.3333333333333333,"bluff":0,"handValue":0.1053,"percentBets_2":0.14,"percentBets_3":0.08433734939759036},"output":{"chips":0}},
{"input":{"Win":0,"Lose":0.02,"myCurrBet":0.0016666666666666668,"step":0,"position":0.3333333333333333,"bluff":0,"percentBets_2":0.015873015873015872,"handValue":0.600903,"percentBets_3":0.013157894736842105},"output":{"chips":1}},
{"input":{"Win":0,"Lose":0.02,"myCurrBet":0.013333333333333334,"step":0,"position":0.3333333333333333,"bluff":0,"handValue":0.600903,"percentBets_2":0.09523809523809523,"percentBets_3":0.07894736842105263},"output":{"chips":0}},
{"input":{"Win":0,"Lose":0.013333333333333334,"myCurrBet":0.01,"step":0,"position":0.3333333333333333,"bluff":0,"handValue":0.600201,"percentBets_2":0.0821917808219178,"percentBets_3":0.08571428571428572},"output":{"chips":0}},
{"input":{"Win":0,"Lose":0.013333333333333334,"myCurrBet":0.0016666666666666668,"step":0,"position":0.3333333333333333,"bluff":0,"percentBets_2":0.0136986301369863,"handValue":0.600201,"percentBets_3":0.014285714285714285},"output":{"chips":1}},
{"input":{"Win":0,"Lose":0.01,"myCurrBet":0.013333333333333334,"step":0,"position":0.3333333333333333,"bluff":0,"handValue":0.500000000009,"percentBets_2":0.08955223880597014,"percentBets_3":0.0759493670886076},"output":{"chips":0}},
{"input":{"Win":0,"Lose":0.01,"myCurrBet":0.0016666666666666668,"step":0,"position":0.3333333333333333,"bluff":0,"percentBets_2":0.014925373134328358,"handValue":0.500000000009,"percentBets_3":0.012658227848101266},"output":{"chips":1}},
{"input":{"Win":0,"Lose":0.013333333333333334,"myCurrBet":0.0033333333333333335,"step":0,"position":0.3333333333333333,"bluff":0,"percentBets_2":0.03278688524590164,"handValue":0.1023,"percentBets_3":0.02247191011235955},"output":{"chips":1}},
{"input":{"Win":0,"Lose":0.013333333333333334,"myCurrBet":0.02666666666666667,"step":0.25,"position":0.3333333333333333,"bluff":0,"handValue":0.1022,"percentBets_2":0.13114754098360656,"percentBets_3":0.0898876404494382},"output":{"chips":0.5}},
{"input":{"Win":0,"Lose":0.013333333333333334,"myCurrBet":0.02666666666666667,"step":0.5,"position":0.3333333333333333,"bluff":0,"handValue":0.1028,"percentBets_2":0.13114754098360656,"percentBets_3":0.0898876404494382},"output":{"chips":0}},
{"input":{"Win":0,"Lose":0.013333333333333334,"myCurrBet":0.02666666666666667,"step":0.5,"position":0.3333333333333333,"bluff":1,"handValue":0.1028,"percentBets_2":0.13114754098360656,"percentBets_3":0.0898876404494382},"output":{"chips":0.5}},
{"input":{"Win":0,"Lose":0.013333333333333334,"myCurrBet":0.02666666666666667,"step":0.5,"position":0.3333333333333333,"bluff":0,"handValue":0.300000121109,"percentBets_2":0.16393442622950818,"percentBets_3":0.11235955056179775},"output":{"chips":0}},
{"input":{"Win":0,"Lose":0.06,"myCurrBet":0.0033333333333333335,"step":0,"position":0.3333333333333333,"bluff":0,"percentBets_2":0.02531645569620253,"handValue":0.1,"percentBets_3":0.02531645569620253},"output":{"chips":1}},
{"input":{"Win":0,"Lose":0.06,"myCurrBet":0.02,"step":0,"position":0.3333333333333333,"bluff":1,"handValue":0.1,"percentBets_2":0.12658227848101267,"percentBets_3":0.12658227848101267},"output":{"chips":0.5}},
{"input":{"Win":0,"Lose":0.06,"myCurrBet":0.03333333333333333,"step":0.25,"position":0.3333333333333333,"bluff":0,"handValue":0.300000110406,"percentBets_2":0.12658227848101267,"percentBets_3":0.12658227848101267},"output":{"chips":0}},
{"input":{"Win":0,"Lose":0.06,"myCurrBet":0.03333333333333333,"step":0.25,"position":0.3333333333333333,"bluff":0,"handValue":0.300000110406,"percentBets_2":0.12658227848101267,"percentBets_3":0.12658227848101267},"output":{"chips":0}},
{"input":{"Win":0,"Lose":0.06,"myCurrBet":0.03333333333333333,"step":0.25,"position":0.3333333333333333,"bluff":0,"handValue":0.300000110408,"percentBets_2":0.12658227848101267,"percentBets_3":0.12658227848101267},"output":{"chips":0}},
{"input":{"Win":0.11904761904761904,"Lose":0,"myCurrBet":0.0033333333333333335,"step":0,"position":0.3333333333333333,"bluff":0,"percentBets_2":0.020202020202020204,"handValue":0.10070000000000001,"percentBets_3":0.028985507246376812},"output":{"chips":1}},
{"input":{"Win":0.11904761904761904,"Lose":0,"myCurrBet":0.02666666666666667,"step":0,"position":0.3333333333333333,"bluff":1,"handValue":0.10070000000000001,"percentBets_2":0.10101010101010101,"percentBets_3":0.14492753623188406},"output":{"chips":0.5}},
{"input":{"Win":0.11904761904761904,"Lose":0,"myCurrBet":0.03333333333333333,"step":0.25,"position":0.3333333333333333,"bluff":0,"handValue":0.10160000000000001,"percentBets_2":0.10101010101010101,"percentBets_3":0.14492753623188406},"output":{"chips":0}},
{"input":{"Win":0.11904761904761904,"Lose":0,"myCurrBet":0.03333333333333333,"step":0.25,"position":0.3333333333333333,"bluff":0,"handValue":0.1018,"percentBets_2":0.10101010101010101,"percentBets_3":0.14492753623188406},"output":{"chips":0}},
{"input":{"Win":0.11904761904761904,"Lose":0,"myCurrBet":0.03333333333333333,"step":0.25,"position":0.3333333333333333,"bluff":0,"handValue":0.10160000000000001,"percentBets_2":0.10101010101010101,"percentBets_3":0.14492753623188406},"output":{"chips":0}},
{"input":{"Win":0,"Lose":0,"myCurrBet":0.0033333333333333335,"step":0,"position":0.3333333333333333,"bluff":0,"percentBets_2":0.02247191011235955,"handValue":0.400000000013,"percentBets_3":0.03389830508474576},"output":{"chips":1}},
{"input":{"Win":0,"Lose":0,"myCurrBet":0.02666666666666667,"step":0,"position":0.3333333333333333,"bluff":0,"handValue":0.400000000013,"percentBets_2":0.11235955056179775,"percentBets_3":0.1694915254237288},"output":{"chips":0}},
{"input":{"Win":0,"Lose":0.04666666666666667,"myCurrBet":0.0033333333333333335,"step":0,"position":0.3333333333333333,"bluff":0,"percentBets_2":0.018691588785046728,"handValue":0.10110000000000001,"percentBets_3":0.04081632653061224},"output":{"chips":1}},
{"input":{"Win":0,"Lose":0.04666666666666667,"myCurrBet":0.02,"step":0.25,"position":0.3333333333333333,"bluff":0,"handValue":0.10360000000000001,"percentBets_2":0.056074766355140186,"percentBets_3":0.12244897959183673},"output":{"chips":0}},
{"input":{"Win":0,"Lose":0.04666666666666667,"myCurrBet":0.013333333333333334,"step":0,"position":0.3333333333333333,"bluff":0,"handValue":0.10110000000000001,"percentBets_2":0.056074766355140186,"percentBets_3":0.12244897959183673},"output":{"chips":0.5}},
{"input":{"Win":0,"Lose":0.04666666666666667,"myCurrBet":0.02,"step":0.25,"position":0.3333333333333333,"bluff":0,"handValue":0.10360000000000001,"percentBets_2":0.056074766355140186,"percentBets_3":0.12244897959183673},"output":{"chips":0}},
{"input":{"Win":0,"Lose":0.04666666666666667,"myCurrBet":0.02,"step":0.25,"position":0.3333333333333333,"bluff":0,"handValue":0.1034,"percentBets_2":0.056074766355140186,"percentBets_3":0.12244897959183673},"output":{"chips":0}},
{"input":{"Win":0,"Lose":0.03333333333333333,"myCurrBet":0.0033333333333333335,"step":0,"position":0.3333333333333333,"bluff":0,"percentBets_2":0.019801980198019802,"handValue":0.1014,"percentBets_3":0.03278688524590164},"output":{"chips":1}},
{"input":{"Win":0,"Lose":0.03333333333333333,"myCurrBet":0.03333333333333333,"step":0.25,"position":0.3333333333333333,"bluff":0,"handValue":0.1043,"percentBets_2":0.09900990099009901,"percentBets_3":0.16393442622950818},"output":{"chips":0}},
{"input":{"Win":0,"Lose":0.03333333333333333,"myCurrBet":0.03333333333333333,"step":0.25,"position":0.3333333333333333,"bluff":0,"handValue":0.1042,"percentBets_2":0.09900990099009901,"percentBets_3":0.16393442622950818},"output":{"chips":0}},
{"input":{"Win":0,"Lose":0.03333333333333333,"myCurrBet":0.02,"step":0,"position":0.3333333333333333,"bluff":0,"handValue":0.1014,"percentBets_2":0.09900990099009901,"percentBets_3":0.16393442622950818},"output":{"chips":0.5}},
{"input":{"Win":0,"Lose":0.03333333333333333,"myCurrBet":0.03333333333333333,"step":0.25,"position":0.3333333333333333,"bluff":0,"handValue":0.1042,"percentBets_2":0.09900990099009901,"percentBets_3":0.16393442622950818},"output":{"chips":0}},
{"input":{"Win":0,"Lose":0,"myCurrBet":0.0033333333333333335,"step":0,"position":0.3333333333333333,"bluff":0,"percentBets_2":0.01652892561983471,"handValue":0.500000000009,"percentBets_3":0.0392156862745098},"output":{"chips":1}},
{"input":{"Win":0,"Lose":0,"myCurrBet":0.02,"step":0,"position":0.3333333333333333,"bluff":0,"handValue":0.500000000009,"percentBets_2":0.09917355371900827,"percentBets_3":0.23529411764705882},"output":{"chips":0}},
{"input":{"Win":0,"Lose":0.04666666666666667,"myCurrBet":0.0033333333333333335,"step":0,"position":0.3333333333333333,"bluff":0,"percentBets_2":0.01834862385321101,"handValue":0.10110000000000001,"percentBets_3":0.028985507246376812},"output":{"chips":1}},
{"input":{"Win":0,"Lose":0.04666666666666667,"myCurrBet":0.02666666666666667,"step":0.25,"position":0.3333333333333333,"bluff":0,"handValue":0.1029,"percentBets_2":0.07339449541284404,"percentBets_3":0.11594202898550725},"output":{"chips":0}},
{"input":{"Win":0,"Lose":0.04666666666666667,"myCurrBet":0.02666666666666667,"step":0.25,"position":0.3333333333333333,"bluff":0,"handValue":0.10410000000000001,"percentBets_2":0.07339449541284404,"percentBets_3":0.11594202898550725},"output":{"chips":0}},
{"input":{"Win":0,"Lose":0.04666666666666667,"myCurrBet":0.02666666666666667,"step":0.25,"position":0.3333333333333333,"bluff":0,"handValue":0.1029,"percentBets_2":0.07339449541284404,"percentBets_3":0.11594202898550725},"output":{"chips":0}},
{"input":{"Win":0,"Lose":0.02,"myCurrBet":0.0033333333333333335,"step":0,"position":0.3333333333333333,"bluff":1,"percentBets_2":0.019801980198019802,"handValue":0.1013,"percentBets_3":0.023529411764705882},"output":{"chips":0.5}},
{"input":{"Win":0,"Lose":0.02,"myCurrBet":0.006666666666666667,"step":0,"position":0.3333333333333333,"bluff":0,"handValue":0.1013,"percentBets_2":0.0594059405940594,"percentBets_3":0.07058823529411765},"output":{"chips":0.5}},
{"input":{"Win":0,"Lose":0.02,"myCurrBet":0.02,"step":0.25,"position":0.3333333333333333,"bluff":0,"handValue":0.1033,"percentBets_2":0.0594059405940594,"percentBets_3":0.07058823529411765},"output":{"chips":0.5}},
{"input":{"Win":0,"Lose":0.02,"myCurrBet":0.02,"step":0.5,"position":0.3333333333333333,"bluff":0,"handValue":0.1034,"percentBets_2":0.0594059405940594,"percentBets_3":0.07058823529411765},"output":{"chips":0}},
{"input":{"Win":0,"Lose":0.02,"myCurrBet":0.02,"step":0.5,"position":0.3333333333333333,"bluff":0,"handValue":0.1034,"percentBets_2":0.0594059405940594,"percentBets_3":0.07058823529411765},"output":{"chips":0}},
{"input":{"Win":0,"Lose":0.04,"myCurrBet":0.0033333333333333335,"step":0,"position":0.3333333333333333,"bluff":0,"percentBets_2":0.017699115044247787,"handValue":0.1009,"percentBets_3":0.02531645569620253},"output":{"chips":1}},
{"input":{"Win":0,"Lose":0.04,"myCurrBet":0.04,"step":0.25,"position":0.3333333333333333,"bluff":0,"handValue":0.1042,"percentBets_2":0.10619469026548672,"percentBets_3":0.1518987341772152},"output":{"chips":0}},
{"input":{"Win":0,"Lose":0.04,"myCurrBet":0.04,"step":0.25,"position":0.3333333333333333,"bluff":0,"handValue":0.1034,"percentBets_2":0.10619469026548672,"percentBets_3":0.1518987341772152},"output":{"chips":0}},
{"input":{"Win":0,"Lose":0.04,"myCurrBet":0.02,"step":0,"position":0.3333333333333333,"bluff":0,"handValue":0.1009,"percentBets_2":0.10619469026548672,"percentBets_3":0.1518987341772152},"output":{"chips":0.5}},
{"input":{"Win":0,"Lose":0.04,"myCurrBet":0.04,"step":0.25,"position":0.3333333333333333,"bluff":0,"handValue":0.1042,"percentBets_2":0.10619469026548672,"percentBets_3":0.1518987341772152},"output":{"chips":0}},
{"input":{"Win":0,"Lose":0,"myCurrBet":0.0033333333333333335,"step":0,"position":0.3333333333333333,"bluff":0,"percentBets_2":0.019801980198019802,"handValue":0.60111,"percentBets_3":0.019417475728155338},"output":{"chips":1}},
{"input":{"Win":0,"Lose":0,"myCurrBet":0.02,"step":0,"position":0.3333333333333333,"bluff":0,"handValue":0.60111,"percentBets_2":0.1188118811881188,"percentBets_3":0.11650485436893204},"output":{"chips":0}},
{"input":{"Win":0,"Lose":0.02,"myCurrBet":0.013333333333333334,"step":0,"position":0.3333333333333333,"bluff":0,"handValue":0.600604,"percentBets_2":0.06741573033707865,"percentBets_3":0.049586776859504134},"output":{"chips":0}},
{"input":{"Win":0,"Lose":0.02,"myCurrBet":0.0033333333333333335,"step":0,"position":0.3333333333333333,"bluff":0,"percentBets_2":0.02247191011235955,"handValue":0.600604,"percentBets_3":0.01652892561983471},"output":{"chips":1}},
{"input":{"Win":0,"Lose":0.06,"myCurrBet":0.0033333333333333335,"step":0,"position":0.3333333333333333,"bluff":1,"percentBets_2":0.024096385542168676,"handValue":0.1013,"percentBets_3":0.015267175572519083},"output":{"chips":1}},
{"input":{"Win":0,"Lose":0.06,"myCurrBet":0.02,"step":0,"position":0.3333333333333333,"bluff":1,"handValue":0.1013,"percentBets_2":0.14457831325301204,"percentBets_3":0.0916030534351145},"output":{"chips":1}},
{"input":{"Win":0,"Lose":0.06,"myCurrBet":0.04666666666666667,"step":0.75,"position":0.3333333333333333,"bluff":0,"handValue":0.1048,"percentBets_2":0.1686746987951807,"percentBets_3":0.10687022900763359},"output":{"chips":0}},
{"input":{"Win":0,"Lose":0.06,"myCurrBet":0.04666666666666667,"step":0.25,"position":0.3333333333333333,"bluff":0,"handValue":0.10260000000000001,"percentBets_2":0.1686746987951807,"percentBets_3":0.10687022900763359},"output":{"chips":0}},
{"input":{"Win":0,"Lose":0.06,"myCurrBet":0.04666666666666667,"step":0.25,"position":0.3333333333333333,"bluff":1,"handValue":0.10260000000000001,"percentBets_2":0.1686746987951807,"percentBets_3":0.10687022900763359},"output":{"chips":0.5}},
{"input":{"Win":0.07017543859649122,"Lose":0,"myCurrBet":0.0033333333333333335,"step":0,"position":0.3333333333333333,"bluff":0,"percentBets_2":0.018018018018018018,"handValue":0.601309,"percentBets_3":0.017094017094017096},"output":{"chips":1}},
{"input":{"Win":0.07017543859649122,"Lose":0,"myCurrBet":0.02,"step":0,"position":0.3333333333333333,"bluff":1,"handValue":0.601309,"percentBets_2":0.07207207207207207,"percentBets_3":0.06837606837606838},"output":{"chips":0.5}},
{"input":{"Win":0.07017543859649122,"Lose":0,"myCurrBet":0.02666666666666667,"step":0.25,"position":0.3333333333333333,"bluff":0,"handValue":0.601310090805,"percentBets_2":0.07207207207207207,"percentBets_3":0.06837606837606838},"output":{"chips":0}},
{"input":{"Win":0.07017543859649122,"Lose":0,"myCurrBet":0.02666666666666667,"step":0.25,"position":0.3333333333333333,"bluff":0,"handValue":0.6013100908069999,"percentBets_2":0.07207207207207207,"percentBets_3":0.06837606837606838},"output":{"chips":0}},
{"input":{"Win":0.07017543859649122,"Lose":0,"myCurrBet":0.02666666666666667,"step":0.25,"position":0.3333333333333333,"bluff":0,"handValue":0.601310090805,"percentBets_2":0.07207207207207207,"percentBets_3":0.06837606837606838},"output":{"chips":0}},
{"input":{"Win":0.07547169811320754,"Lose":0,"myCurrBet":0.0033333333333333335,"step":0,"position":0.3333333333333333,"bluff":0,"percentBets_2":0.019417475728155338,"handValue":0.1013,"percentBets_3":0.01834862385321101},"output":{"chips":1}},
{"input":{"Win":0.07547169811320754,"Lose":0,"myCurrBet":0.02666666666666667,"step":0.5,"position":0.3333333333333333,"bluff":1,"handValue":0.10210000000000001,"percentBets_2":0.07766990291262135,"percentBets_3":0.07339449541284404},"output":{"chips":1}},
{"input":{"Win":0.07547169811320754,"Lose":0,"myCurrBet":0.02666666666666667,"step":0.25,"position":0.3333333333333333,"bluff":0,"handValue":0.10200000000000001,"percentBets_2":0.07766990291262135,"percentBets_3":0.07339449541284404},"output":{"chips":0.5}},
{"input":{"Win":0,"Lose":0.05,"myCurrBet":0.005,"step":0,"position":0.3333333333333333,"bluff":0,"percentBets_2":0.031578947368421054,"handValue":0.10160000000000001,"percentBets_3":0.0297029702970297},"output":{"chips":1}},
{"input":{"Win":0,"Lose":0.05,"myCurrBet":0.02,"step":0,"position":0.3333333333333333,"bluff":0,"handValue":0.10160000000000001,"percentBets_2":0.15789473684210525,"percentBets_3":0.1485148514851485},"output":{"chips":0.5}},
{"input":{"Win":0,"Lose":0.05,"myCurrBet":0.05,"step":0.25,"position":0.3333333333333333,"bluff":0,"handValue":0.1039,"percentBets_2":0.15789473684210525,"percentBets_3":0.1485148514851485},"output":{"chips":0}},
{"input":{"Win":0,"Lose":0.05,"myCurrBet":0.05,"step":0.25,"position":0.3333333333333333,"bluff":0,"handValue":0.1039,"percentBets_2":0.15789473684210525,"percentBets_3":0.1485148514851485},"output":{"chips":0}},
{"input":{"Win":0,"Lose":0.05,"myCurrBet":0.05,"step":0.25,"position":0.3333333333333333,"bluff":0,"handValue":0.1051,"percentBets_2":0.15789473684210525,"percentBets_3":0.1485148514851485},"output":{"chips":0}},
{"input":{"Win":0,"Lose":0,"myCurrBet":0.005,"step":0,"position":0.3333333333333333,"bluff":0,"percentBets_2":0.0375,"handValue":0.1018,"percentBets_3":0.022900763358778626},"output":{"chips":1}},
{"input":{"Win":0,"Lose":0,"myCurrBet":0.02,"step":0,"position":0.3333333333333333,"bluff":0,"handValue":0.1018,"percentBets_2":0.1125,"percentBets_3":0.06870229007633588},"output":{"chips":0.5}},
{"input":{"Win":0,"Lose":0,"myCurrBet":0.03,"step":0.25,"position":0.3333333333333333,"bluff":0,"handValue":0.1037,"percentBets_2":0.225,"percentBets_3":0.13740458015267176},"output":{"chips":0}},
{"input":{"Win":0,"Lose":0,"myCurrBet":0.03,"step":0.25,"position":0.3333333333333333,"bluff":0,"handValue":0.1037,"percentBets_2":0.1125,"percentBets_3":0.06870229007633588},"output":{"chips":0}},
{"input":{"Win":0,"Lose":0.03,"myCurrBet":0.02,"step":0,"position":0.3333333333333333,"bluff":0,"handValue":0.500000000009,"percentBets_2":0.08411214953271028,"percentBets_3":0.07964601769911504},"output":{"chips":0}},
{"input":{"Win":0,"Lose":0.03,"myCurrBet":0.005,"step":0,"position":0.3333333333333333,"bluff":0,"percentBets_2":0.028037383177570093,"handValue":0.500000000009,"percentBets_3":0.02654867256637168},"output":{"chips":1}},
{"input":{"Win":0,"Lose":0.02,"myCurrBet":0.005,"step":0,"position":0.3333333333333333,"bluff":0,"percentBets_2":0.02459016393442623,"handValue":0.600807,"percentBets_3":0.028846153846153848},"output":{"chips":1}},
{"input":{"Win":0,"Lose":0.02,"myCurrBet":0.02,"step":0,"position":0.3333333333333333,"bluff":0,"handValue":0.600807,"percentBets_2":0.07377049180327869,"percentBets_3":0.08653846153846154},"output":{"chips":0}},
{"input":{"Win":0,"Lose":0.02,"myCurrBet":0.02,"step":0,"position":0.3333333333333333,"bluff":0,"handValue":0.601302,"percentBets_2":0.08181818181818182,"percentBets_3":0.07377049180327869},"output":{"chips":0}},
{"input":{"Win":0,"Lose":0.02,"myCurrBet":0.005,"step":0,"position":0.3333333333333333,"bluff":0,"percentBets_2":0.02727272727272727,"handValue":0.601302,"percentBets_3":0.02459016393442623},"output":{"chips":1}},
{"input":{"Win":0,"Lose":0.05,"myCurrBet":0.005,"step":0,"position":0.3333333333333333,"bluff":0,"percentBets_2":0.0297029702970297,"handValue":0.400000000013,"percentBets_3":0.021897810218978103},"output":{"chips":1}},
{"input":{"Win":0,"Lose":0.05,"myCurrBet":0.03,"step":0.5,"position":0.3333333333333333,"bluff":0,"handValue":0.10310000000000001,"percentBets_2":0.0891089108910891,"percentBets_3":0.06569343065693431},"output":{"chips":0}},
{"input":{"Win":0,"Lose":0.05,"myCurrBet":0.03,"step":0.25,"position":0.3333333333333333,"bluff":0,"handValue":0.1024,"percentBets_2":0.0891089108910891,"percentBets_3":0.06569343065693431},"output":{"chips":0.5}},
{"input":{"Win":0,"Lose":0.05,"myCurrBet":0.03,"step":0.5,"position":0.3333333333333333,"bluff":0,"handValue":0.10310000000000001,"percentBets_2":0.0891089108910891,"percentBets_3":0.06569343065693431},"output":{"chips":0}},
{"input":{"Win":0,"Lose":0,"myCurrBet":0.005,"step":0,"position":0.3333333333333333,"bluff":0,"percentBets_2":0.03260869565217391,"handValue":0.1017,"percentBets_3":0.01935483870967742},"output":{"chips":1}},
{"input":{"Win":0,"Lose":0,"myCurrBet":0.04,"step":0.25,"position":0.3333333333333333,"bluff":0,"handValue":0.1032,"percentBets_2":0.22826086956521738,"percentBets_3":0.13548387096774195},"output":{"chips":0}},
{"input":{"Win":0,"Lose":0,"myCurrBet":0.04,"step":0.25,"position":0.3333333333333333,"bluff":0,"handValue":0.1032,"percentBets_2":0.13043478260869565,"percentBets_3":0.07741935483870968},"output":{"chips":0.5}},
{"input":{"Win":0.09716599190283401,"Lose":0,"myCurrBet":0.005,"step":0,"position":0.3333333333333333,"bluff":0,"percentBets_2":0.024,"handValue":0.1013,"percentBets_3":0.022388059701492536},"output":{"chips":1}},
{"input":{"Win":0.09716599190283401,"Lose":0,"myCurrBet":0.03,"step":0,"position":0.3333333333333333,"bluff":1,"handValue":0.1013,"percentBets_2":0.144,"percentBets_3":0.13432835820895522},"output":{"chips":1}},
{"input":{"Win":0,"Lose":0,"myCurrBet":0.005,"step":0,"position":0.3333333333333333,"bluff":0,"percentBets_2":0.028037383177570093,"handValue":0.601007,"percentBets_3":0.02586206896551724},"output":{"chips":1}},
{"input":{"Win":0,"Lose":0,"myCurrBet":0.03,"step":0,"position":0.3333333333333333,"bluff":0,"handValue":0.601007,"percentBets_2":0.14018691588785046,"percentBets_3":0.12931034482758622},"output":{"chips":0}},
{"input":{"Win":0.1210762331838565,"Lose":0,"myCurrBet":0.005,"step":0,"position":0.3333333333333333,"bluff":0,"percentBets_2":0.03260869565217391,"handValue":0.1018,"percentBets_3":0.02142857142857143},"output":{"chips":1}},
{"input":{"Win":0.1210762331838565,"Lose":0,"myCurrBet":0.04,"step":0,"position":0.3333333333333333,"bluff":0,"handValue":0.1018,"percentBets_2":0.1956521739130435,"percentBets_3":0.12857142857142856},"output":{"chips":0.5}},
{"input":{"Win":0.1210762331838565,"Lose":0,"myCurrBet":0.06,"step":0.25,"position":0.3333333333333333,"bluff":0,"handValue":0.1043,"percentBets_2":0.1956521739130435,"percentBets_3":0.12857142857142856},"output":{"chips":0}},
{"input":{"Win":0.1210762331838565,"Lose":0,"myCurrBet":0.06,"step":0.25,"position":0.3333333333333333,"bluff":0,"handValue":0.1048,"percentBets_2":0.1956521739130435,"percentBets_3":0.12857142857142856},"output":{"chips":0}},
{"input":{"Win":0.1210762331838565,"Lose":0,"myCurrBet":0.06,"step":0.25,"position":0.3333333333333333,"bluff":0,"handValue":0.1043,"percentBets_2":0.1956521739130435,"percentBets_3":0.12857142857142856},"output":{"chips":0}},
{"input":{"Win":0,"Lose":0.05,"myCurrBet":0.005,"step":0,"position":0.3333333333333333,"bluff":0,"percentBets_2":0.04054054054054054,"handValue":0.1014,"percentBets_3":0.02459016393442623},"output":{"chips":1}},
{"input":{"Win":0,"Lose":0.05,"myCurrBet":0.02,"step":0,"position":0.3333333333333333,"bluff":0,"handValue":0.1014,"percentBets_2":0.20270270270270271,"percentBets_3":0.12295081967213115},"output":{"chips":0.5}},
{"input":{"Win":0,"Lose":0.05,"myCurrBet":0.05,"step":0.25,"position":0.3333333333333333,"bluff":0,"handValue":0.10210000000000001,"percentBets_2":0.20270270270270271,"percentBets_3":0.12295081967213115},"output":{"chips":0}},
{"input":{"Win":0,"Lose":0.05,"myCurrBet":0.05,"step":0.25,"position":0.3333333333333333,"bluff":0,"handValue":0.10210000000000001,"percentBets_2":0.20270270270270271,"percentBets_3":0.12295081967213115},"output":{"chips":0}},
{"input":{"Win":0,"Lose":0.05,"myCurrBet":0.05,"step":0.25,"position":0.3333333333333333,"bluff":0,"handValue":0.1029,"percentBets_2":0.20270270270270271,"percentBets_3":0.12295081967213115},"output":{"chips":0}},
{"input":{"Win":0,"Lose":0,"myCurrBet":0.005,"step":0,"position":0.3333333333333333,"bluff":0,"percentBets_2":0.028846153846153848,"handValue":0.601108,"percentBets_3":0.028037383177570093},"output":{"chips":1}},
{"input":{"Win":0,"Lose":0,"myCurrBet":0.04,"step":0,"position":0.3333333333333333,"bluff":0,"handValue":0.601108,"percentBets_2":0.20192307692307693,"percentBets_3":0.19626168224299065},"output":{"chips":0}},
{"input":{"Win":0,"Lose":0.04,"myCurrBet":0.005,"step":0,"position":0.3333333333333333,"bluff":0,"percentBets_2":0.021897810218978103,"handValue":0.400000000013,"percentBets_3":0.03488372093023256},"output":{"chips":1}},
{"input":{"Win":0,"Lose":0.04,"myCurrBet":0.04,"step":0.5,"position":0.3333333333333333,"bluff":0,"handValue":0.1029,"percentBets_2":0.08759124087591241,"percentBets_3":0.13953488372093023},"output":{"chips":0}},
{"input":{"Win":0,"Lose":0.04,"myCurrBet":0.04,"step":0.5,"position":0.3333333333333333,"bluff":1,"handValue":0.1029,"percentBets_2":0.08759124087591241,"percentBets_3":0.13953488372093023},"output":{"chips":1}},
{"input":{"Win":0,"Lose":0.04,"myCurrBet":0.05,"step":0.5,"position":0.3333333333333333,"bluff":0,"handValue":0.300000090113,"percentBets_2":0.15328467153284672,"percentBets_3":0.2441860465116279},"output":{"chips":0}},
{"input":{"Win":0,"Lose":0.04,"myCurrBet":0.02,"step":0.25,"position":0.3333333333333333,"bluff":1,"handValue":0.1038,"percentBets_2":0.043795620437956206,"percentBets_3":0.06976744186046512},"output":{"chips":1}},
{"input":{"Win":0,"Lose":0.05,"myCurrBet":0.005,"step":0,"position":0.3333333333333333,"bluff":0,"percentBets_2":0.02586206896551724,"handValue":0.6008049999999999,"percentBets_3":0.02459016393442623},"output":{"chips":1}},
{"input":{"Win":0,"Lose":0.05,"myCurrBet":0.02,"step":0,"position":0.3333333333333333,"bluff":0,"handValue":0.6008049999999999,"percentBets_2":0.10344827586206896,"percentBets_3":0.09836065573770492},"output":{"chips":0}},
{"input":{"Win":0,"Lose":0.02,"myCurrBet":0.005,"step":0,"position":0.3333333333333333,"bluff":0,"percentBets_2":0.028846153846153848,"handValue":0.601308,"percentBets_3":0.02142857142857143},"output":{"chips":1}},
{"input":{"Win":0,"Lose":0.02,"myCurrBet":0.04,"step":0,"position":0.3333333333333333,"bluff":0,"handValue":0.601308,"percentBets_2":0.20192307692307693,"percentBets_3":0.15},"output":{"chips":0}},
{"input":{"Win":0,"Lose":0.09,"myCurrBet":0.005,"step":0,"position":0.3333333333333333,"bluff":0,"percentBets_2":0.03614457831325301,"handValue":0.10070000000000001,"percentBets_3":0.017341040462427744},"output":{"chips":1}},
{"input":{"Win":0,"Lose":0.09,"myCurrBet":0.05,"step":0.25,"position":0.3333333333333333,"bluff":0,"handValue":0.1019,"percentBets_2":0.18072289156626506,"percentBets_3":0.08670520231213873},"output":{"chips":0}},
{"input":{"Win":0,"Lose":0.09,"myCurrBet":0.03,"step":0,"position":0.3333333333333333,"bluff":0,"handValue":0.10070000000000001,"percentBets_2":0.18072289156626506,"percentBets_3":0.08670520231213873},"output":{"chips":0.5}},
{"input":{"Win":0,"Lose":0.09,"myCurrBet":0.05,"step":0.25,"position":0.3333333333333333,"bluff":0,"handValue":0.1019,"percentBets_2":0.18072289156626506,"percentBets_3":0.08670520231213873},"output":{"chips":0}},
{"input":{"Win":0,"Lose":0.09,"myCurrBet":0.05,"step":0.25,"position":0.3333333333333333,"bluff":0,"handValue":0.10300000000000001,"percentBets_2":0.18072289156626506,"percentBets_3":0.08670520231213873},"output":{"chips":0}},
{"input":{"Win":0.02214022140221402,"Lose":0,"myCurrBet":0.005,"step":0,"position":0.3333333333333333,"bluff":0,"percentBets_2":0.04411764705882353,"handValue":0.1023,"percentBets_3":0.014778325123152709},"output":{"chips":1}},
{"input":{"Win":0.022641509433962263,"Lose":0,"myCurrBet":0.005,"step":0,"position":0.3333333333333333,"bluff":0,"percentBets_2":0.046153846153846156,"handValue":0.1022,"percentBets_3":0.015},"output":{"chips":1}},
{"input":{"Win":0,"Lose":0,"myCurrBet":0.02,"step":0,"position":0.3333333333333333,"bluff":0,"handValue":0.10060000000000001,"percentBets_2":0.14516129032258066,"percentBets_3":0.04568527918781726},"output":{"chips":0.5}},
{"input":{"Win":0,"Lose":0,"myCurrBet":0.005,"step":0,"position":0.3333333333333333,"bluff":0,"percentBets_2":0.04838709677419355,"handValue":0.10060000000000001,"percentBets_3":0.015228426395939087},"output":{"chips":1}},
{"input":{"Win":0,"Lose":0,"myCurrBet":0.03,"step":0.25,"position":0.3333333333333333,"bluff":0,"handValue":0.1013,"percentBets_2":0.24193548387096775,"percentBets_3":0.07614213197969544},"output":{"chips":0}},
{"input":{"Win":0,"Lose":0.03,"myCurrBet":0.04,"step":0,"position":0.3333333333333333,"bluff":0,"handValue":0.400000000013,"percentBets_2":0.4090909090909091,"percentBets_3":0.08035714285714286},"output":{"chips":0}},
{"input":{"Win":0,"Lose":0.03,"myCurrBet":0.005,"step":0,"position":0.3333333333333333,"bluff":0,"percentBets_2":0.06818181818181818,"handValue":0.400000000013,"percentBets_3":0.013392857142857142},"output":{"chips":1}},
{"input":{"Win":0,"Lose":0.09333333333333334,"myCurrBet":0.013333333333333334,"step":0,"position":0.3333333333333333,"bluff":1,"handValue":0.10120000000000001,"percentBets_2":0.6153846153846154,"percentBets_3":0.06299212598425197},"output":{"chips":0.5}},
{"input":{"Win":0,"Lose":0.09333333333333334,"myCurrBet":0.006666666666666667,"step":0,"position":0.3333333333333333,"bluff":0,"percentBets_2":0.15384615384615385,"handValue":0.10120000000000001,"percentBets_3":0.015748031496062992},"output":{"chips":0.5}},
{"input":{"Win":0,"Lose":0.09333333333333334,"myCurrBet":0.05333333333333334,"step":0.25,"position":0.3333333333333333,"bluff":0,"handValue":0.10360000000000001,"percentBets_2":0.6153846153846154,"percentBets_3":0.06299212598425197},"output":{"chips":0}},
{"input":{"Win":0,"Lose":0.09333333333333334,"myCurrBet":0.05333333333333334,"step":0.25,"position":0.3333333333333333,"bluff":0,"handValue":0.10360000000000001,"percentBets_2":0.6153846153846154,"percentBets_3":0.06299212598425197},"output":{"chips":0}},
{"input":{"Win":0,"Lose":0.09333333333333334,"myCurrBet":0.05333333333333334,"step":0.25,"position":0.3333333333333333,"bluff":0,"handValue":0.1043,"percentBets_2":0.6153846153846154,"percentBets_3":0.06299212598425197},"output":{"chips":0}},
{"input":{"Win":0.02702702702702703,"Lose":0,"myCurrBet":0.006666666666666667,"step":0,"position":0.3333333333333333,"bluff":1,"percentBets_2":0.4,"handValue":0.1013,"percentBets_3":0.013986013986013986},"output":{"chips":0.5}},
{"input":{"Win":0.02702702702702703,"Lose":0,"myCurrBet":0.013333333333333334,"step":0.75,"position":0.3333333333333333,"bluff":0,"handValue":0.1053,"percentBets_3":0.013986013986013986},"output":{"chips":0.5}},
{"input":{"Win":0.02702702702702703,"Lose":0,"myCurrBet":0.013333333333333334,"step":0.25,"position":0.3333333333333333,"bluff":0,"handValue":0.1037,"percentBets_2":0,"percentBets_3":0.013986013986013986},"output":{"chips":1}},
{"input":{"Win":0.02702702702702703,"Lose":0,"myCurrBet":0.013333333333333334,"step":0.5,"position":0.3333333333333333,"bluff":0,"handValue":0.10500000000000001,"percentBets_3":0.013986013986013986},"output":{"chips":1}},
{"input":{"Win":0.027777777777777776,"Lose":0,"myCurrBet":0.006666666666666667,"step":0,"position":0.3333333333333333,"bluff":1,"percentBets_2":0.6666666666666666,"handValue":0.10110000000000001,"percentBets_3":0.014184397163120567},"output":{"chips":1}},
{"input":{"Win":0,"Lose":0,"myCurrBet":0.006666666666666667,"step":0,"position":0.3333333333333333,"bluff":0,"percentBets_2":1,"handValue":0.500000000009,"percentBets_3":0.007194244604316547},"output":{"chips":0}},
