{"input":{"Win":0,"Lose":0.04,"myCurrBet":0.03333333333333333,"step":0.25,"position":1,"bluff":1,"handValue":0.1034,"percentBets_1":0.13333333333333333,"percentBets_2":0.14666666666666667,"percentBets_3":0.14666666666666667},"output":{"chips":0.5}},
{"input":{"Win":0,"Lose":0.04,"myCurrBet":0.016666666666666666,"step":0,"position":1,"bluff":0,"handValue":0.6006009999999999,"percentBets_1":0.13333333333333333,"percentBets_2":0.13333333333333333,"percentBets_3":0.13333333333333333},"output":{"chips":0.5}},
{"input":{"Win":0,"Lose":0.04,"myCurrBet":0.006666666666666667,"step":0,"position":1,"bluff":0,"handValue":0.6006009999999999,"percentBets_1":0.05333333333333334,"percentBets_2":0.06666666666666667,"percentBets_3":0.06666666666666667},"output":{"chips":0.5}},
{"input":{"Win":0,"Lose":0.04,"myCurrBet":0.03666666666666667,"step":0.25,"position":1,"bluff":0,"handValue":0.1034,"percentBets_1":0.16,"percentBets_2":0.13333333333333333,"percentBets_3":0.13333333333333333},"output":{"chips":0.5}},
{"input":{"Win":0,"Lose":0.04,"myCurrBet":0.04,"step":0.75,"position":1,"bluff":0,"handValue":0.1044,"percentBets_1":0.16},"output":{"chips":0.5}},
{"input":{"Win":0,"Lose":0.04,"myCurrBet":0.04,"step":0.5,"position":1,"bluff":0,"handValue":0.1037,"percentBets_1":0.16},"output":{"chips":0.5}},
{"input":{"Win":0,"Lose":0.04,"myCurrBet":0,"step":0,"position":1,"bluff":0,"percentBets_1":0.006666666666666667,"percentBets_2":0.013333333333333334,"handValue":0.6006009999999999,"percentBets_3":0.013333333333333334},"output":{"chips":1}},
{"input":{"Win":0,"Lose":0.02,"myCurrBet":0,"step":0,"position":1,"bluff":0,"percentBets_1":0.0045871559633027525,"percentBets_2":0.015625,"handValue":0.1009,"percentBets_3":0.015625},"output":{"chips":0.5}},
{"input":{"Win":0,"Lose":0.02,"myCurrBet":0.0033333333333333335,"step":0,"position":1,"bluff":0,"handValue":0.1009,"percentBets_1":0.01834862385321101,"percentBets_2":0.046875,"percentBets_3":0.046875},"output":{"chips":0.5}},
{"input":{"Win":0,"Lose":0.02,"myCurrBet":0.02,"step":0.25,"position":1,"bluff":0,"handValue":0.10260000000000001,"percentBets_1":0.05504587155963303,"percentBets_2":0.09375,"percentBets_3":0.09375},"output":{"chips":0.5}},
{"input":{"Win":0,"Lose":0.02,"myCurrBet":0.02,"step":0.75,"position":1,"bluff":0,"handValue":0.1033,"percentBets_1":0.05504587155963303,"percentBets_2":0.09375,"percentBets_3":0.09375},"output":{"chips":0.5}},
{"input":{"Win":0,"Lose":0.02,"myCurrBet":0.02,"step":0.5,"position":1,"bluff":1,"handValue":0.10210000000000001,"percentBets_1":0.05504587155963303,"percentBets_2":0.09375,"percentBets_3":0.09375},"output":{"chips":0.5}},
{"input":{"Win":0,"Lose":0.02,"myCurrBet":0.01,"step":0,"position":1,"bluff":0,"handValue":0.1009,"percentBets_1":0.05504587155963303,"percentBets_2":0.09375,"percentBets_3":0.09375},"output":{"chips":0.5}},
{"input":{"Win":0,"Lose":0.02,"myCurrBet":0,"step":0,"position":1,"bluff":0,"percentBets_1":0.0048543689320388345,"percentBets_2":0.017241379310344827,"handValue":0.1018,"percentBets_3":0.012195121951219513},"output":{"chips":0.5}},
{"input":{"Win":0,"Lose":0.02,"myCurrBet":0.006666666666666667,"step":0.25,"position":1,"bluff":0,"handValue":0.10350000000000001,"percentBets_1":0.019417475728155338,"percentBets_2":0.05172413793103448,"percentBets_3":0.036585365853658534},"output":{"chips":0.5}},
{"input":{"Win":0,"Lose":0.02,"myCurrBet":0.0033333333333333335,"step":0,"position":1,"bluff":0,"handValue":0.1018,"percentBets_1":0.019417475728155338,"percentBets_2":0.034482758620689655,"percentBets_3":0.024390243902439025},"output":{"chips":0.5}},
{"input":{"Win":0,"Lose":0.02,"myCurrBet":0.01,"step":0.25,"position":1,"bluff":0,"handValue":0.10350000000000001,"percentBets_1":0.038834951456310676,"percentBets_2":0.06896551724137931,"percentBets_3":0.04878048780487805},"output":{"chips":0.5}},
{"input":{"Win":0,"Lose":0.02,"myCurrBet":0.013333333333333334,"step":0.5,"position":1,"bluff":0,"handValue":0.1038,"percentBets_1":0.038834951456310676,"percentBets_2":0.06896551724137931,"percentBets_3":0.04878048780487805},"output":{"chips":0.5}},
{"input":{"Win":0,"Lose":0.02,"myCurrBet":0.016666666666666666,"step":0.75,"position":1,"bluff":0,"handValue":0.10400000000000001,"percentBets_1":0.05825242718446602,"percentBets_2":0.10344827586206896,"percentBets_3":0.07317073170731707},"output":{"chips":0.5}},
{"input":{"Win":0,"Lose":0.02,"myCurrBet":0.013333333333333334,"step":0.75,"position":1,"bluff":0,"handValue":0.10400000000000001,"percentBets_1":0.038834951456310676,"percentBets_2":0.08620689655172414,"percentBets_3":0.06097560975609756},"output":{"chips":0.5}},
{"input":{"Win":0,"Lose":0.02666666666666667,"myCurrBet":0,"step":0,"position":1,"bluff":1,"percentBets_1":0.004132231404958678,"percentBets_2":0.019230769230769232,"handValue":0.1013,"percentBets_3":0.013157894736842105},"output":{"chips":0.5}},
{"input":{"Win":0,"Lose":0.02666666666666667,"myCurrBet":0.0033333333333333335,"step":0,"position":1,"bluff":1,"handValue":0.1013,"percentBets_1":0.01652892561983471,"percentBets_2":0.057692307692307696,"percentBets_3":0.039473684210526314},"output":{"chips":1}},
{"input":{"Win":0,"Lose":0.02666666666666667,"myCurrBet":0.013333333333333334,"step":0,"position":1,"bluff":1,"handValue":0.1013,"percentBets_1":0.06611570247933884,"percentBets_2":0.15384615384615385,"percentBets_3":0.10526315789473684},"output":{"chips":0.5}},
{"input":{"Win":0,"Lose":0.02666666666666667,"myCurrBet":0.02666666666666667,"step":0.25,"position":1,"bluff":0,"handValue":0.1034,"percentBets_1":0.06611570247933884,"percentBets_2":0.15384615384615385,"percentBets_3":0.10526315789473684},"output":{"chips":0.5}},
{"input":{"Win":0,"Lose":0.02666666666666667,"myCurrBet":0.02666666666666667,"step":0.5,"position":1,"bluff":0,"handValue":0.1042,"percentBets_1":0.06611570247933884,"percentBets_2":0.15384615384615385,"percentBets_3":0.10526315789473684},"output":{"chips":0.5}},
{"input":{"Win":0,"Lose":0.02666666666666667,"myCurrBet":0.02666666666666667,"step":0.75,"position":1,"bluff":0,"handValue":0.10300000000000001,"percentBets_1":0.06611570247933884,"percentBets_2":0.15384615384615385,"percentBets_3":0.10526315789473684},"output":{"chips":0.5}},
{"input":{"Win":0,"Lose":0.04666666666666667,"myCurrBet":0.006666666666666667,"step":0,"position":1,"bluff":0,"handValue":0.601202,"percentBets_1":0.035398230088495575,"percentBets_2":0.11363636363636363,"percentBets_3":0.05},"output":{"chips":0.5}},
{"input":{"Win":0,"Lose":0.04666666666666667,"myCurrBet":0.016666666666666666,"step":0,"position":1,"bluff":0,"handValue":0.601202,"percentBets_1":0.08849557522123894,"percentBets_2":0.22727272727272727,"percentBets_3":0.1},"output":{"chips":0.5}},
{"input":{"Win":0,"Lose":0.04666666666666667,"myCurrBet":0,"step":0,"position":1,"bluff":1,"percentBets_1":0.004424778761061947,"percentBets_2":0.022727272727272728,"handValue":0.601202,"percentBets_3":0.01},"output":{"chips":1}},
{"input":{"Win":0,"Lose":0.04666666666666667,"myCurrBet":0.03666666666666667,"step":0.25,"position":1,"bluff":0,"handValue":0.1032,"percentBets_1":0.10619469026548672,"percentBets_2":0.2727272727272727,"percentBets_3":0.12},"output":{"chips":0.5}},
{"input":{"Win":0,"Lose":0.04666666666666667,"myCurrBet":0.03333333333333333,"step":0.25,"position":1,"bluff":0,"handValue":0.1032,"percentBets_1":0.08849557522123894,"percentBets_2":0.25,"percentBets_3":0.11},"output":{"chips":0.5}},
{"input":{"Win":0,"Lose":0.04666666666666667,"myCurrBet":0.04,"step":0.5,"position":1,"bluff":0,"handValue":0.1029,"percentBets_1":0.10619469026548672,"percentBets_2":0.2727272727272727,"percentBets_3":0.12},"output":{"chips":0.5}},
{"input":{"Win":0,"Lose":0.04666666666666667,"myCurrBet":0.043333333333333335,"step":0.75,"position":1,"bluff":1,"handValue":0.1034,"percentBets_1":0.12389380530973451,"percentBets_2":0.3181818181818182,"percentBets_3":0.14},"output":{"chips":0.5}},
{"input":{"Win":0,"Lose":0.04666666666666667,"myCurrBet":0.04,"step":0.75,"position":1,"bluff":0,"handValue":0.1034,"percentBets_1":0.10619469026548672,"percentBets_2":0.29545454545454547,"percentBets_3":0.13},"output":{"chips":0.5}},
{"input":{"Win":0,"Lose":0,"myCurrBet":0,"step":0,"position":1,"bluff":0,"percentBets_1":0.005050505050505051,"percentBets_2":0.03333333333333333,"handValue":0.1019,"percentBets_3":0.007042253521126761},"output":{"chips":0.5}},
{"input":{"Win":0,"Lose":0,"myCurrBet":0.01,"step":0,"position":1,"bluff":0,"handValue":0.1019,"percentBets_1":0.06060606060606061,"percentBets_2":0.2,"percentBets_3":0.04225352112676056},"output":{"chips":0.5}},
{"input":{"Win":0,"Lose":0,"myCurrBet":0.0033333333333333335,"step":0,"position":1,"bluff":0,"handValue":0.1019,"percentBets_1":0.020202020202020204,"percentBets_2":0.1,"percentBets_3":0.02112676056338028},"output":{"chips":0.5}},
{"input":{"Win":0,"Lose":0,"myCurrBet":0.02666666666666667,"step":0.5,"position":1,"bluff":0,"handValue":0.300000080111,"percentBets_1":0.08080808080808081,"percentBets_2":0.3,"percentBets_3":0.06338028169014084},"output":{"chips":0.5}},
{"input":{"Win":0,"Lose":0,"myCurrBet":0.023333333333333334,"step":0.25,"position":1,"bluff":0,"handValue":0.1019,"percentBets_1":0.08080808080808081,"percentBets_2":0.26666666666666666,"percentBets_3":0.056338028169014086},"output":{"chips":0.5}},
{"input":{"Win":0,"Lose":0,"myCurrBet":0.03333333333333333,"step":0.75,"position":1,"bluff":1,"handValue":0.300000080111,"percentBets_1":0.10101010101010101,"percentBets_2":0.36666666666666664,"percentBets_3":0.07746478873239436},"output":{"chips":1}},
{"input":{"Win":0,"Lose":0,"myCurrBet":0.03,"step":0.5,"position":1,"bluff":0,"handValue":0.300000080111,"percentBets_1":0.10101010101010101,"percentBets_2":0.3333333333333333,"percentBets_3":0.07042253521126761},"output":{"chips":0.5}},
{"input":{"Win":0,"Lose":0,"myCurrBet":0.04,"step":0.75,"position":1,"bluff":0,"handValue":0.300000080111,"percentBets_1":0.1414141414141414,"percentBets_2":0.4666666666666667,"percentBets_3":0.09859154929577464},"output":{"chips":0}},
{"input":{"Win":0,"Lose":0,"myCurrBet":0.02,"step":0.25,"position":1,"bluff":1,"handValue":0.1019,"percentBets_1":0.06060606060606061,"percentBets_2":0.23333333333333334,"percentBets_3":0.04929577464788732},"output":{"chips":0.5}},
{"input":{"Win":0,"Lose":0.04,"myCurrBet":0,"step":0,"position":1,"bluff":0,"percentBets_1":0.0058823529411764705,"percentBets_2":0.014285714285714285,"handValue":0.500000000003,"percentBets_3":0.0078125},"output":{"chips":1}},
{"input":{"Win":0,"Lose":0.04,"myCurrBet":0.013333333333333334,"step":0.25,"position":1,"bluff":0,"handValue":0.10250000000000001,"percentBets_1":0.047058823529411764,"percentBets_2":0.07142857142857142,"percentBets_3":0.0390625},"output":{"chips":0.5}},
{"input":{"Win":0,"Lose":0.04,"myCurrBet":0.006666666666666667,"step":0,"position":1,"bluff":0,"handValue":0.500000000003,"percentBets_1":0.047058823529411764,"percentBets_2":0.05714285714285714,"percentBets_3":0.03125},"output":{"chips":0.5}},
{"input":{"Win":0,"Lose":0.04,"myCurrBet":0.016666666666666666,"step":0.25,"position":1,"bluff":0,"handValue":0.10250000000000001,"percentBets_1":0.07058823529411765,"percentBets_2":0.08571428571428572,"percentBets_3":0.046875},"output":{"chips":0.5}},
{"input":{"Win":0,"Lose":0.04,"myCurrBet":0.02,"step":0.5,"position":1,"bluff":1,"handValue":0.1034,"percentBets_1":0.07058823529411765,"percentBets_2":0.1,"percentBets_3":0.0546875},"output":{"chips":0.5}},
{"input":{"Win":0,"Lose":0.04,"myCurrBet":0.023333333333333334,"step":0.5,"position":1,"bluff":0,"handValue":0.1034,"percentBets_1":0.09411764705882353,"percentBets_2":0.11428571428571428,"percentBets_3":0.0625},"output":{"chips":0.5}},
{"input":{"Win":0,"Lose":0.04,"myCurrBet":0.02666666666666667,"step":0.75,"position":1,"bluff":0,"handValue":0.40000001121,"percentBets_1":0.09411764705882353,"percentBets_2":0.12857142857142856,"percentBets_3":0.0703125},"output":{"chips":0.5}},
{"input":{"Win":0,"Lose":0.04,"myCurrBet":0.03,"step":0.75,"position":1,"bluff":0,"handValue":0.40000001121,"percentBets_1":0.11764705882352941,"percentBets_2":0.14285714285714285,"percentBets_3":0.078125},"output":{"chips":0}},
{"input":{"Win":0,"Lose":0.03,"myCurrBet":0,"step":0,"position":1,"bluff":0,"percentBets_1":0.0043859649122807015,"percentBets_2":0.016666666666666666,"handValue":0.6010059999999999,"percentBets_3":0.00847457627118644},"output":{"chips":1}},
{"input":{"Win":0,"Lose":0.03,"myCurrBet":0.006666666666666667,"step":0,"position":1,"bluff":0,"handValue":0.6010059999999999,"percentBets_1":0.03508771929824561,"percentBets_2":0.08333333333333333,"percentBets_3":0.0423728813559322},"output":{"chips":0.5}},
{"input":{"Win":0,"Lose":0.03,"myCurrBet":0.02666666666666667,"step":0.25,"position":1,"bluff":0,"handValue":0.30000010060099996,"percentBets_1":0.14035087719298245,"percentBets_2":0.26666666666666666,"percentBets_3":0.13559322033898305},"output":{"chips":0.5}},
{"input":{"Win":0,"Lose":0.03,"myCurrBet":0.016666666666666666,"step":0,"position":1,"bluff":0,"handValue":0.6010059999999999,"percentBets_1":0.08771929824561403,"percentBets_2":0.16666666666666666,"percentBets_3":0.0847457627118644},"output":{"chips":0.5}},
{"input":{"Win":0,"Lose":0.03,"myCurrBet":0.02666666666666667,"step":0.25,"position":1,"bluff":0,"handValue":0.30000010060099996,"percentBets_1":0.14035087719298245,"percentBets_2":0.2833333333333333,"percentBets_3":0.1440677966101695},"output":{"chips":0.5}},
