{"input":{"Win":0,"Lose":0,"myCurrBet":0.04,"step":0,"position":0.25,"bluff":0,"handValue":0.1009,"percentBets_2":0.18666666666666668,"percentBets_3":0.37333333333333335,"percentBets_4":0.37333333333333335},"output":{"chips":0}},
{"input":{"Win":0,"Lose":0,"myCurrBet":0.01,"step":0,"position":0.25,"bluff":0,"handValue":0.1009,"percentBets_2":0.08,"percentBets_3":0.16,"percentBets_4":0.16},"output":{"chips":0.5}},
{"input":{"Win":0,"Lose":0,"myCurrBet":0.0016666666666666668,"step":0,"position":0.25,"bluff":0,"percentBets_2":0.013333333333333334,"handValue":0.1009,"percentBets_3":0.02666666666666667,"percentBets_4":0.02666666666666667},"output":{"chips":1}},
{"input":{"Win":0,"Lose":0.04,"myCurrBet":0.01,"step":0,"position":0.25,"bluff":0,"handValue":0.1,"percentBets_2":0.1276595744680851,"percentBets_3":0.2553191489361702,"percentBets_4":0.08391608391608392},"output":{"chips":0}},
{"input":{"Win":0,"Lose":0.04,"myCurrBet":0.0016666666666666668,"step":0,"position":0.25,"bluff":0,"percentBets_2":0.02127659574468085,"handValue":0.1,"percentBets_3":0.0425531914893617,"percentBets_4":0.013986013986013986},"output":{"chips":1}},
{"input":{"Win":0,"Lose":0.06333333333333334,"myCurrBet":0.02,"step":0,"position":0.25,"bluff":1,"handValue":0.101,"percentBets_2":0.10810810810810811,"percentBets_3":0.45714285714285713,"percentBets_4":0.12213740458015267},"output":{"chips":0.5}},
{"input":{"Win":0,"Lose":0.06333333333333334,"myCurrBet":0.0016666666666666668,"step":0,"position":0.25,"bluff":0,"percentBets_2":0.013513513513513514,"handValue":0.101,"percentBets_3":0.05714285714285714,"percentBets_4":0.015267175572519083},"output":{"chips":1}},
{"input":{"Win":0,"Lose":0.06333333333333334,"myCurrBet":0.05333333333333334,"step":0.25,"position":0.25,"bluff":0,"handValue":0.1037,"percentBets_2":0,"percentBets_3":0.45714285714285713,"percentBets_4":0.12213740458015267},"output":{"chips":0}},
{"input":{"Win":0,"Lose":0.06333333333333334,"myCurrBet":0.05333333333333334,"step":0.25,"position":0.25,"bluff":0,"handValue":0.10500000000000001,"percentBets_3":0.45714285714285713,"percentBets_4":0.12213740458015267},"output":{"chips":0}},
{"input":{"Win":0,"Lose":0.06333333333333334,"myCurrBet":0.05333333333333334,"step":0.25,"position":0.25,"bluff":0,"handValue":0.1037,"percentBets_3":0.45714285714285713,"percentBets_4":0.12213740458015267},"output":{"chips":0}},
{"input":{"Win":0,"Lose":0.06333333333333334,"myCurrBet":0.01,"step":0,"position":0.25,"bluff":0,"handValue":0.101,"percentBets_2":0.04054054054054054,"percentBets_3":0.17142857142857143,"percentBets_4":0.04580152671755725},"output":{"chips":0.5}},
{"input":{"Win":0,"Lose":0,"myCurrBet":0.0016666666666666668,"step":0,"position":0.25,"bluff":0,"percentBets_2":0.015151515151515152,"handValue":0.1014,"percentBets_3":0.02666666666666667,"percentBets_4":0.017391304347826087},"output":{"chips":1}},
{"input":{"Win":0,"Lose":0,"myCurrBet":0.04666666666666667,"step":0,"position":0.25,"bluff":0,"handValue":0.1014,"percentBets_2":0.21212121212121213,"percentBets_3":0.37333333333333335,"percentBets_4":0.24347826086956523},"output":{"chips":0}},
{"input":{"Win":0,"Lose":0,"myCurrBet":0.01,"step":0,"position":0.25,"bluff":1,"handValue":0.1014,"percentBets_2":0.09090909090909091,"percentBets_3":0.16,"percentBets_4":0.10434782608695652},"output":{"chips":1}},
{"input":{"Win":0,"Lose":0.04666666666666667,"myCurrBet":0.0016666666666666668,"step":0,"position":0.25,"bluff":0,"percentBets_2":0.02631578947368421,"handValue":0.500000000009,"percentBets_3":0.0425531914893617,"percentBets_4":0.010810810810810811},"output":{"chips":1}},
{"input":{"Win":0,"Lose":0.04666666666666667,"myCurrBet":0.01,"step":0,"position":0.25,"bluff":0,"handValue":0.500000000009,"percentBets_2":0.15789473684210525,"percentBets_3":0.2553191489361702,"percentBets_4":0.06486486486486487},"output":{"chips":0}},
{"input":{"Win":0,"Lose":0.01,"myCurrBet":0.0016666666666666668,"step":0,"position":0.25,"bluff":0,"percentBets_2":0.038461538461538464,"handValue":0.600501,"percentBets_3":0.02702702702702703,"percentBets_4":0.011560693641618497},"output":{"chips":1}},
{"input":{"Win":0,"Lose":0.01,"myCurrBet":0.03333333333333333,"step":0.25,"position":0.25,"bluff":0,"handValue":0.10310000000000001,"percentBets_2":0,"percentBets_3":0.13513513513513514,"percentBets_4":0.057803468208092484},"output":{"chips":1}},
{"input":{"Win":0,"Lose":0.01,"myCurrBet":0.03666666666666667,"step":0.25,"position":0.25,"bluff":0,"handValue":0.10310000000000001,"percentBets_3":0.16216216216216217,"percentBets_4":0.06936416184971098},"output":{"chips":0.5}},
{"input":{"Win":0,"Lose":0.01,"myCurrBet":0.04,"step":0.5,"position":0.25,"bluff":1,"handValue":0.10350000000000001,"percentBets_3":0.16216216216216217,"percentBets_4":0.06936416184971098},"output":{"chips":1}},
{"input":{"Win":0,"Lose":0.01,"myCurrBet":0.01,"step":0,"position":0.25,"bluff":1,"handValue":0.600501,"percentBets_2":0.19230769230769232,"percentBets_3":0.13513513513513514,"percentBets_4":0.057803468208092484},"output":{"chips":0.5}},
{"input":{"Win":0,"Lose":0.01,"myCurrBet":0.04666666666666667,"step":0.5,"position":0.25,"bluff":0,"handValue":0.10350000000000001,"percentBets_3":0.21621621621621623,"percentBets_4":0.09248554913294797},"output":{"chips":0}},
{"input":{"Win":0,"Lose":0.04666666666666667,"myCurrBet":0.0016666666666666668,"step":0,"position":0.25,"bluff":0,"percentBets_2":0.047619047619047616,"handValue":0.1014,"percentBets_3":0.034482758620689655,"percentBets_4":0.009615384615384616},"output":{"chips":1}},
{"input":{"Win":0,"Lose":0.04666666666666667,"myCurrBet":0.02666666666666667,"step":0.25,"position":0.25,"bluff":0,"handValue":0.1034,"percentBets_2":0,"percentBets_3":0.13793103448275862,"percentBets_4":0.038461538461538464},"output":{"chips":1}},
{"input":{"Win":0,"Lose":0.04666666666666667,"myCurrBet":0.03333333333333333,"step":0.25,"position":0.25,"bluff":0,"handValue":0.1034,"percentBets_3":0.20689655172413793,"percentBets_4":0.057692307692307696},"output":{"chips":0}},
{"input":{"Win":0,"Lose":0.04666666666666667,"myCurrBet":0.01,"step":0,"position":0.25,"bluff":0,"handValue":0.1014,"percentBets_2":0.19047619047619047,"percentBets_3":0.13793103448275862,"percentBets_4":0.038461538461538464},"output":{"chips":0.5}},
{"input":{"Win":0,"Lose":0.043333333333333335,"myCurrBet":0.006666666666666667,"step":0.25,"position":0.25,"bluff":0,"handValue":0.10200000000000001,"percentBets_2":0,"percentBets_3":0.023809523809523808,"percentBets_4":0.01020408163265306},"output":{"chips":1}},
{"input":{"Win":0,"Lose":0.043333333333333335,"myCurrBet":0.0016666666666666668,"step":0,"position":0.25,"bluff":1,"percentBets_2":0.058823529411764705,"handValue":0.1013,"percentBets_3":0.023809523809523808,"percentBets_4":0.01020408163265306},"output":{"chips":0.5}},
{"input":{"Win":0,"Lose":0.043333333333333335,"myCurrBet":0.01,"step":0.75,"position":0.25,"bluff":0,"handValue":0.1034,"percentBets_3":0.047619047619047616,"percentBets_4":0.02040816326530612},"output":{"chips":0}},
{"input":{"Win":0,"Lose":0.043333333333333335,"myCurrBet":0.01,"step":0.5,"position":0.25,"bluff":0,"handValue":0.1028,"percentBets_3":0.047619047619047616,"percentBets_4":0.02040816326530612},"output":{"chips":1}},
