{"input":{"Win":0,"Lose":0,"myCurrBet":0.0033333333333333335,"step":0,"position":0.75,"bluff":0,"handValue":0.1019,"percentBets_4":0.02666666666666667,"percentBets_1":0.05333333333333334,"percentBets_2":0.05333333333333334},"output":{"chips":1}},
{"input":{"Win":0,"Lose":0,"myCurrBet":0.016666666666666666,"step":0,"position":0.75,"bluff":0,"handValue":0.1019,"percentBets_4":0.06666666666666667,"percentBets_1":0.13333333333333333,"percentBets_2":0.13333333333333333},"output":{"chips":0}},
{"input":{"Win":0,"Lose":0,"myCurrBet":0,"step":0,"position":0.75,"bluff":1,"percentBets_1":0.006666666666666667,"percentBets_2":0.013333333333333334,"handValue":0.1019},"output":{"chips":0.5}},
{"input":{"Win":0,"Lose":0.03,"myCurrBet":0.013333333333333334,"step":0.25,"position":0.75,"bluff":0,"handValue":0.1037,"percentBets_4":0.04,"percentBets_1":0.06153846153846154,"percentBets_2":0.06153846153846154},"output":{"chips":0.5}},
{"input":{"Win":0,"Lose":0.03,"myCurrBet":0,"step":0,"position":0.75,"bluff":1,"percentBets_1":0.007692307692307693,"percentBets_2":0.015384615384615385,"handValue":0.10250000000000001},"output":{"chips":1}},
{"input":{"Win":0,"Lose":0.03,"myCurrBet":0.006666666666666667,"step":0,"position":0.75,"bluff":0,"handValue":0.10250000000000001,"percentBets_4":0.02,"percentBets_1":0.06153846153846154,"percentBets_2":0.06153846153846154},"output":{"chips":0.5}},
{"input":{"Win":0,"Lose":0.03,"myCurrBet":0.013333333333333334,"step":0.5,"position":0.75,"bluff":0,"handValue":0.10310000000000001,"percentBets_4":0.04,"percentBets_1":0.06153846153846154,"percentBets_2":0.06153846153846154},"output":{"chips":0.5}},
{"input":{"Win":0,"Lose":0.03,"myCurrBet":0.013333333333333334,"step":0.75,"position":0.75,"bluff":0,"handValue":0.1042,"percentBets_4":0.04,"percentBets_1":0.06153846153846154,"percentBets_2":0.06153846153846154},"output":{"chips":0.5}},
{"input":{"Win":0.07692307692307693,"Lose":0,"myCurrBet":0.02,"step":0.5,"position":0.75,"bluff":0,"handValue":0.300000100111,"percentBets_4":0.0625,"percentBets_1":0.09836065573770492,"percentBets_2":0.07792207792207792},"output":{"chips":0.5}},
{"input":{"Win":0.07692307692307693,"Lose":0,"myCurrBet":0,"step":0,"position":0.75,"bluff":0,"percentBets_1":0.00819672131147541,"percentBets_2":0.012987012987012988,"handValue":0.10110000000000001},"output":{"chips":1}},
{"input":{"Win":0.07692307692307693,"Lose":0,"myCurrBet":0.006666666666666667,"step":0,"position":0.75,"bluff":0,"handValue":0.10110000000000001,"percentBets_4":0.03125,"percentBets_1":0.09836065573770492,"percentBets_2":0.07792207792207792},"output":{"chips":0.5}},
{"input":{"Win":0.07692307692307693,"Lose":0,"myCurrBet":0.02,"step":0.25,"position":0.75,"bluff":0,"handValue":0.300000100111,"percentBets_4":0.0625,"percentBets_1":0.09836065573770492,"percentBets_2":0.07792207792207792},"output":{"chips":0.5}},
{"input":{"Win":0.07692307692307693,"Lose":0,"myCurrBet":0.02,"step":0.75,"position":0.75,"bluff":0,"handValue":0.300000100111,"percentBets_4":0.0625,"percentBets_1":0.09836065573770492,"percentBets_2":0.07792207792207792},"output":{"chips":0}},
{"input":{"Win":0,"Lose":0,"myCurrBet":0,"step":0,"position":0.75,"bluff":0,"percentBets_1":0.00909090909090909,"percentBets_2":0.014084507042253521,"handValue":0.600908},"output":{"chips":1}},
{"input":{"Win":0,"Lose":0,"myCurrBet":0.006666666666666667,"step":0,"position":0.75,"bluff":0,"handValue":0.600908,"percentBets_4":0.03333333333333333,"percentBets_1":0.10909090909090909,"percentBets_2":0.08450704225352113},"output":{"chips":0}},
{"input":{"Win":0,"Lose":0.006666666666666667,"myCurrBet":0,"step":0,"position":0.75,"bluff":0,"percentBets_1":0.007246376811594203,"percentBets_2":0.015384615384615385,"handValue":0.600501},"output":{"chips":1}},
{"input":{"Win":0,"Lose":0.006666666666666667,"myCurrBet":0.006666666666666667,"step":0,"position":0.75,"bluff":0,"handValue":0.600501,"percentBets_4":0.03571428571428571,"percentBets_1":0.08695652173913043,"percentBets_2":0.09230769230769231},"output":{"chips":0}},
{"input":{"Win":0,"Lose":0.02,"myCurrBet":0,"step":0,"position":0.75,"bluff":0,"percentBets_1":0.005747126436781609,"percentBets_2":0.017543859649122806,"handValue":0.601108},"output":{"chips":1}},
{"input":{"Win":0,"Lose":0.02,"myCurrBet":0.013333333333333334,"step":0.5,"position":0.75,"bluff":0,"handValue":0.10250000000000001,"percentBets_4":0.05263157894736842,"percentBets_1":0.04597701149425287,"percentBets_2":0.07017543859649122},"output":{"chips":0.5}},
{"input":{"Win":0,"Lose":0.02,"myCurrBet":0.006666666666666667,"step":0,"position":0.75,"bluff":0,"handValue":0.601108,"percentBets_4":0.02631578947368421,"percentBets_1":0.04597701149425287,"percentBets_2":0.07017543859649122},"output":{"chips":0.5}},
{"input":{"Win":0,"Lose":0.02,"myCurrBet":0.013333333333333334,"step":0.25,"position":0.75,"bluff":0,"handValue":0.10350000000000001,"percentBets_4":0.05263157894736842,"percentBets_1":0.04597701149425287,"percentBets_2":0.07017543859649122},"output":{"chips":0.5}},
{"input":{"Win":0,"Lose":0.02,"myCurrBet":0.013333333333333334,"step":0.75,"position":0.75,"bluff":0,"handValue":0.1028,"percentBets_4":0.05263157894736842,"percentBets_1":0.04597701149425287,"percentBets_2":0.07017543859649122},"output":{"chips":0.5}},
{"input":{"Win":0,"Lose":0.02,"myCurrBet":0.013333333333333334,"step":0.5,"position":0.75,"bluff":0,"handValue":0.500000000009,"percentBets_4":0.05555555555555555,"percentBets_1":0.04819277108433735,"percentBets_2":0.057971014492753624},"output":{"chips":0.5}},
{"input":{"Win":0,"Lose":0.02,"myCurrBet":0.013333333333333334,"step":0.25,"position":0.75,"bluff":1,"handValue":0.1028,"percentBets_4":0.05555555555555555,"percentBets_1":0.04819277108433735,"percentBets_2":0.057971014492753624},"output":{"chips":0.5}},
{"input":{"Win":0,"Lose":0.02,"myCurrBet":0,"step":0,"position":0.75,"bluff":0,"percentBets_1":0.006024096385542169,"percentBets_2":0.014492753623188406,"handValue":0.500000000007},"output":{"chips":1}},
{"input":{"Win":0,"Lose":0.02,"myCurrBet":0.006666666666666667,"step":0,"position":0.75,"bluff":1,"handValue":0.500000000007,"percentBets_4":0.027777777777777776,"percentBets_1":0.04819277108433735,"percentBets_2":0.057971014492753624},"output":{"chips":0.5}},
{"input":{"Win":0,"Lose":0.02,"myCurrBet":0.013333333333333334,"step":0.5,"position":0.75,"bluff":1,"handValue":0.500000000009,"percentBets_4":0.06944444444444445,"percentBets_1":0.07228915662650602,"percentBets_2":0.08695652173913043},"output":{"chips":0.5}},
{"input":{"Win":0,"Lose":0.02,"myCurrBet":0.02,"step":0.75,"position":0.75,"bluff":0,"handValue":0.500000000009,"percentBets_4":0.08333333333333333,"percentBets_1":0.07228915662650602,"percentBets_2":0.08695652173913043},"output":{"chips":0}},
{"input":{"Win":0,"Lose":0.02666666666666667,"myCurrBet":0,"step":0,"position":0.75,"bluff":0,"percentBets_1":0.0049504950495049506,"percentBets_2":0.015873015873015872,"handValue":0.10120000000000001},"output":{"chips":1}},
{"input":{"Win":0,"Lose":0.02666666666666667,"myCurrBet":0.006666666666666667,"step":0,"position":0.75,"bluff":0,"handValue":0.10120000000000001,"percentBets_4":0.030303030303030304,"percentBets_1":0.039603960396039604,"percentBets_2":0.06349206349206349},"output":{"chips":0.5}},
{"input":{"Win":0,"Lose":0.02666666666666667,"myCurrBet":0.02,"step":0.5,"position":0.75,"bluff":0,"handValue":0.1046,"percentBets_4":0.09090909090909091,"percentBets_1":0.0594059405940594,"percentBets_2":0.09523809523809523},"output":{"chips":0.5}},
{"input":{"Win":0,"Lose":0.02666666666666667,"myCurrBet":0.013333333333333334,"step":0.25,"position":0.75,"bluff":0,"handValue":0.1038,"percentBets_4":0.06060606060606061,"percentBets_1":0.039603960396039604,"percentBets_2":0.06349206349206349},"output":{"chips":0.5}},
{"input":{"Win":0,"Lose":0.02666666666666667,"myCurrBet":0.02,"step":0.75,"position":0.75,"bluff":1,"handValue":0.1052,"percentBets_4":0.09090909090909091,"percentBets_1":0.0594059405940594,"percentBets_2":0.09523809523809523},"output":{"chips":1}},
{"input":{"Win":0,"Lose":0.02666666666666667,"myCurrBet":0.013333333333333334,"step":0.25,"position":0.75,"bluff":0,"handValue":0.1038,"percentBets_4":0.07575757575757576,"percentBets_1":0.0594059405940594,"percentBets_2":0.09523809523809523},"output":{"chips":0.5}},
{"input":{"Win":0,"Lose":0.02666666666666667,"myCurrBet":0.023333333333333334,"step":0.75,"position":0.75,"bluff":0,"handValue":0.1052,"percentBets_4":0.10606060606060606,"percentBets_1":0.07920792079207921,"percentBets_2":0.12698412698412698},"output":{"chips":0.5}},
{"input":{"Win":0,"Lose":0.013333333333333334,"myCurrBet":0.006666666666666667,"step":0,"position":0.75,"bluff":0,"handValue":0.1019,"percentBets_4":0.034482758620689655,"percentBets_1":0.032,"percentBets_2":0.07272727272727272},"output":{"chips":0.5}},
{"input":{"Win":0,"Lose":0.013333333333333334,"myCurrBet":0.013333333333333334,"step":0.25,"position":0.75,"bluff":0,"handValue":0.10160000000000001,"percentBets_4":0.06896551724137931,"percentBets_1":0.032,"percentBets_2":0.07272727272727272},"output":{"chips":0.5}},
{"input":{"Win":0,"Lose":0.013333333333333334,"myCurrBet":0,"step":0,"position":0.75,"bluff":0,"percentBets_1":0.004,"percentBets_2":0.01818181818181818,"handValue":0.1019},"output":{"chips":1}},
{"input":{"Win":0,"Lose":0.013333333333333334,"myCurrBet":0.013333333333333334,"step":0.5,"position":0.75,"bluff":0,"handValue":0.10200000000000001,"percentBets_4":0.06896551724137931,"percentBets_1":0.032,"percentBets_2":0.07272727272727272},"output":{"chips":0.5}},
{"input":{"Win":0,"Lose":0.013333333333333334,"myCurrBet":0.013333333333333334,"step":0.75,"position":0.75,"bluff":1,"handValue":0.1033,"percentBets_4":0.06896551724137931,"percentBets_1":0.032,"percentBets_2":0.07272727272727272},"output":{"chips":0.5}},
{"input":{"Win":0.049586776859504134,"Lose":0,"myCurrBet":0,"step":0,"position":0.75,"bluff":0,"percentBets_1":0.004132231404958678,"percentBets_2":0.014925373134328358,"handValue":0.600908},"output":{"chips":1}},
{"input":{"Win":0.049586776859504134,"Lose":0,"myCurrBet":0.006666666666666667,"step":0,"position":0.75,"bluff":0,"handValue":0.600908,"percentBets_4":0.037037037037037035,"percentBets_1":0.03305785123966942,"percentBets_2":0.05970149253731343},"output":{"chips":0.5}},
{"input":{"Win":0.049586776859504134,"Lose":0,"myCurrBet":0.013333333333333334,"step":0.25,"position":0.75,"bluff":0,"handValue":0.1018,"percentBets_4":0.07407407407407407,"percentBets_1":0.03305785123966942,"percentBets_2":0.05970149253731343},"output":{"chips":0.5}},
{"input":{"Win":0.049586776859504134,"Lose":0,"myCurrBet":0.013333333333333334,"step":0.75,"position":0.75,"bluff":0,"handValue":0.30000009080699996,"percentBets_4":0.07407407407407407,"percentBets_1":0.03305785123966942,"percentBets_2":0.05970149253731343},"output":{"chips":0.5}},
{"input":{"Win":0.049586776859504134,"Lose":0,"myCurrBet":0.013333333333333334,"step":0.5,"position":0.75,"bluff":0,"handValue":0.30000009080699996,"percentBets_4":0.07407407407407407,"percentBets_1":0.03305785123966942,"percentBets_2":0.05970149253731343},"output":{"chips":0.5}},
{"input":{"Win":0,"Lose":0.02,"myCurrBet":0,"step":0,"position":0.75,"bluff":0,"percentBets_1":0.004273504273504274,"percentBets_2":0.015873015873015872,"handValue":0.10110000000000001},"output":{"chips":1}},
{"input":{"Win":0,"Lose":0.02,"myCurrBet":0.02,"step":0.25,"position":0.75,"bluff":0,"handValue":0.1032,"percentBets_4":0.12,"percentBets_1":0.05128205128205128,"percentBets_2":0.09523809523809523},"output":{"chips":0.5}},
{"input":{"Win":0,"Lose":0.02,"myCurrBet":0.006666666666666667,"step":0,"position":0.75,"bluff":1,"handValue":0.10110000000000001,"percentBets_4":0.06,"percentBets_1":0.05128205128205128,"percentBets_2":0.09523809523809523},"output":{"chips":0.5}},
{"input":{"Win":0,"Lose":0.02,"myCurrBet":0.02,"step":0.75,"position":0.75,"bluff":0,"handValue":0.10410000000000001,"percentBets_4":0.12,"percentBets_1":0.05128205128205128,"percentBets_2":0.09523809523809523},"output":{"chips":0.5}},
{"input":{"Win":0,"Lose":0.02,"myCurrBet":0.02,"step":0.5,"position":0.75,"bluff":0,"handValue":0.1044,"percentBets_4":0.12,"percentBets_1":0.05128205128205128,"percentBets_2":0.09523809523809523},"output":{"chips":0.5}},
{"input":{"Win":0,"Lose":0.02666666666666667,"myCurrBet":0,"step":0,"position":0.75,"bluff":0,"percentBets_1":0.0045045045045045045,"percentBets_2":0.012345679012345678,"handValue":0.1013},"output":{"chips":1}},
{"input":{"Win":0,"Lose":0.02666666666666667,"myCurrBet":0.006666666666666667,"step":0,"position":0.75,"bluff":0,"handValue":0.1013,"percentBets_4":0.06818181818181818,"percentBets_1":0.05405405405405406,"percentBets_2":0.07407407407407407},"output":{"chips":0.5}},
{"input":{"Win":0,"Lose":0.02666666666666667,"myCurrBet":0.02,"step":0.25,"position":0.75,"bluff":0,"handValue":0.1028,"percentBets_4":0.13636363636363635,"percentBets_1":0.05405405405405406,"percentBets_2":0.07407407407407407},"output":{"chips":0.5}},
{"input":{"Win":0,"Lose":0.02666666666666667,"myCurrBet":0.02666666666666667,"step":0.75,"position":0.75,"bluff":0,"handValue":0.1028,"percentBets_4":0.18181818181818182,"percentBets_1":0.07207207207207207,"percentBets_2":0.09876543209876543},"output":{"chips":0.5}},
{"input":{"Win":0,"Lose":0.02666666666666667,"myCurrBet":0.02,"step":0.5,"position":0.75,"bluff":1,"handValue":0.10410000000000001,"percentBets_4":0.13636363636363635,"percentBets_1":0.05405405405405406,"percentBets_2":0.07407407407407407},"output":{"chips":1}},
{"input":{"Win":0,"Lose":0.02666666666666667,"myCurrBet":0.023333333333333334,"step":0.5,"position":0.75,"bluff":0,"handValue":0.10410000000000001,"percentBets_4":0.1590909090909091,"percentBets_1":0.07207207207207207,"percentBets_2":0.09876543209876543},"output":{"chips":0.5}},
{"input":{"Win":0,"Lose":0,"myCurrBet":0,"step":0,"position":0.75,"bluff":0,"percentBets_1":0.0048543689320388345,"percentBets_2":0.009523809523809525,"handValue":0.10120000000000001},"output":{"chips":1}},
{"input":{"Win":0,"Lose":0,"myCurrBet":0.006666666666666667,"step":0,"position":0.75,"bluff":0,"handValue":0.10120000000000001,"percentBets_4":0.05555555555555555,"percentBets_1":0.038834951456310676,"percentBets_2":0.0380952380952381},"output":{"chips":0.5}},
{"input":{"Win":0,"Lose":0,"myCurrBet":0.013333333333333334,"step":0,"position":0.75,"bluff":0,"handValue":0.10120000000000001,"percentBets_4":0.1388888888888889,"percentBets_1":0.0970873786407767,"percentBets_2":0.09523809523809523},"output":{"chips":0}},
{"input":{"Win":0,"Lose":0.013333333333333334,"myCurrBet":0,"step":0,"position":0.75,"bluff":0,"percentBets_1":0.005376344086021506,"percentBets_2":0.007751937984496124,"handValue":0.10120000000000001},"output":{"chips":1}},
{"input":{"Win":0,"Lose":0.013333333333333334,"myCurrBet":0.013333333333333334,"step":0.25,"position":0.75,"bluff":0,"handValue":0.30000010021199996,"percentBets_4":0.15384615384615385,"percentBets_1":0.043010752688172046,"percentBets_2":0.031007751937984496},"output":{"chips":1}},
{"input":{"Win":0,"Lose":0.013333333333333334,"myCurrBet":0.016666666666666666,"step":0.25,"position":0.75,"bluff":0,"handValue":0.30000010021199996,"percentBets_4":0.19230769230769232,"percentBets_1":0.06451612903225806,"percentBets_2":0.046511627906976744},"output":{"chips":0.5}},
{"input":{"Win":0,"Lose":0.013333333333333334,"myCurrBet":0.023333333333333334,"step":0.5,"position":0.75,"bluff":0,"handValue":0.70000000021,"percentBets_4":0.2692307692307692,"percentBets_1":0.08602150537634409,"percentBets_2":0.06201550387596899},"output":{"chips":0}},
{"input":{"Win":0,"Lose":0.013333333333333334,"myCurrBet":0.02,"step":0.5,"position":0.75,"bluff":1,"handValue":0.70000000021,"percentBets_4":0.23076923076923078,"percentBets_1":0.06451612903225806,"percentBets_2":0.046511627906976744},"output":{"chips":1}},
{"input":{"Win":0,"Lose":0.013333333333333334,"myCurrBet":0.006666666666666667,"step":0,"position":0.75,"bluff":1,"handValue":0.10120000000000001,"percentBets_4":0.07692307692307693,"percentBets_1":0.043010752688172046,"percentBets_2":0.031007751937984496},"output":{"chips":0.5}},
{"input":{"Win":0,"Lose":0.056666666666666664,"myCurrBet":0,"step":0,"position":0.75,"bluff":1,"percentBets_1":0.0058823529411764705,"percentBets_2":0.008264462809917356,"handValue":0.600501},"output":{"chips":0.5}},
{"input":{"Win":0,"Lose":0.056666666666666664,"myCurrBet":0.0033333333333333335,"step":0,"position":0.75,"bluff":1,"handValue":0.600501,"percentBets_4":0.04081632653061224,"percentBets_1":0.047058823529411764,"percentBets_2":0.03305785123966942},"output":{"chips":1}},
{"input":{"Win":0,"Lose":0.056666666666666664,"myCurrBet":0.03333333333333333,"step":0.5,"position":0.75,"bluff":0,"handValue":0.10310000000000001,"percentBets_4":0.20408163265306123,"percentBets_1":0.11764705882352941,"percentBets_2":0.08264462809917356},"output":{"chips":0.5}},
{"input":{"Win":0,"Lose":0.056666666666666664,"myCurrBet":0.016666666666666666,"step":0,"position":0.75,"bluff":0,"handValue":0.600501,"percentBets_4":0.10204081632653061,"percentBets_1":0.11764705882352941,"percentBets_2":0.08264462809917356},"output":{"chips":0.5}},
{"input":{"Win":0,"Lose":0.056666666666666664,"myCurrBet":0.03333333333333333,"step":0.25,"position":0.75,"bluff":0,"handValue":0.10200000000000001,"percentBets_4":0.20408163265306123,"percentBets_1":0.11764705882352941,"percentBets_2":0.08264462809917356},"output":{"chips":0.5}},
{"input":{"Win":0,"Lose":0.056666666666666664,"myCurrBet":0.03333333333333333,"step":0.75,"position":0.75,"bluff":0,"handValue":0.1039,"percentBets_4":0.20408163265306123,"percentBets_1":0.11764705882352941,"percentBets_2":0.08264462809917356},"output":{"chips":0.5}},
{"input":{"Win":0.13584905660377358,"Lose":0,"myCurrBet":0,"step":0,"position":0.75,"bluff":0,"percentBets_1":0.013333333333333334,"percentBets_2":0.018018018018018018,"handValue":0.1023},"output":{"chips":1}},
{"input":{"Win":0.13584905660377358,"Lose":0,"myCurrBet":0.02666666666666667,"step":0.25,"position":0.75,"bluff":0,"handValue":0.1024,"percentBets_4":0.10126582278481013,"percentBets_1":0.10666666666666667,"percentBets_2":0.07207207207207207},"output":{"chips":0.5}},
{"input":{"Win":0.13584905660377358,"Lose":0,"myCurrBet":0.02666666666666667,"step":0.25,"position":0.75,"bluff":0,"handValue":0.1024,"percentBets_4":0.12658227848101267,"percentBets_1":0.16,"percentBets_2":0.10810810810810811},"output":{"chips":0.5}},
{"input":{"Win":0.13584905660377358,"Lose":0,"myCurrBet":0.013333333333333334,"step":0,"position":0.75,"bluff":0,"handValue":0.1023,"percentBets_4":0.05063291139240506,"percentBets_1":0.10666666666666667,"percentBets_2":0.07207207207207207},"output":{"chips":0.5}},
{"input":{"Win":0.13584905660377358,"Lose":0,"myCurrBet":0.04,"step":0.5,"position":0.75,"bluff":0,"handValue":0.300000131008,"percentBets_4":0.1518987341772152,"percentBets_1":0.16,"percentBets_2":0.10810810810810811},"output":{"chips":0}},
{"input":{"Win":0.13584905660377358,"Lose":0,"myCurrBet":0.04,"step":0.5,"position":0.75,"bluff":0,"handValue":0.300000131008,"percentBets_4":0.1518987341772152,"percentBets_1":0.16,"percentBets_2":0.10810810810810811},"output":{"chips":0}},
{"input":{"Win":0,"Lose":0,"myCurrBet":0,"step":0,"position":0.75,"bluff":0,"percentBets_1":0.015873015873015872,"percentBets_2":0.020202020202020204,"handValue":0.10210000000000001},"output":{"chips":1}},
{"input":{"Win":0,"Lose":0,"myCurrBet":0.013333333333333334,"step":0,"position":0.75,"bluff":0,"handValue":0.10210000000000001,"percentBets_4":0.05970149253731343,"percentBets_1":0.12698412698412698,"percentBets_2":0.08080808080808081},"output":{"chips":0}},
{"input":{"Win":0,"Lose":0.013333333333333334,"myCurrBet":0,"step":0,"position":0.75,"bluff":0,"percentBets_1":0.012048192771084338,"percentBets_2":0.02197802197802198,"handValue":0.10070000000000001},"output":{"chips":1}},
{"input":{"Win":0,"Lose":0.013333333333333334,"myCurrBet":0.013333333333333334,"step":0,"position":0.75,"bluff":0,"handValue":0.10070000000000001,"percentBets_4":0.06779661016949153,"percentBets_1":0.0963855421686747,"percentBets_2":0.08791208791208792},"output":{"chips":0}},
{"input":{"Win":0,"Lose":0.013333333333333334,"myCurrBet":0,"step":0,"position":0.75,"bluff":0,"percentBets_1":0.015873015873015872,"percentBets_2":0.016,"handValue":0.10060000000000001},"output":{"chips":1}},
{"input":{"Win":0,"Lose":0.013333333333333334,"myCurrBet":0.013333333333333334,"step":0,"position":0.75,"bluff":0,"handValue":0.10060000000000001,"percentBets_4":0.08163265306122448,"percentBets_1":0.12698412698412698,"percentBets_2":0.064},"output":{"chips":0.5}},
{"input":{"Win":0,"Lose":0.013333333333333334,"myCurrBet":0.02666666666666667,"step":0.5,"position":0.75,"bluff":0,"handValue":0.1034,"percentBets_4":0.16326530612244897,"percentBets_1":0.12698412698412698,"percentBets_2":0.064},"output":{"chips":0.5}},
{"input":{"Win":0,"Lose":0.013333333333333334,"myCurrBet":0.02666666666666667,"step":0.75,"position":0.75,"bluff":0,"handValue":0.1028,"percentBets_4":0.16326530612244897,"percentBets_1":0.12698412698412698,"percentBets_2":0.064},"output":{"chips":0.5}},
{"input":{"Win":0,"Lose":0.013333333333333334,"myCurrBet":0.02666666666666667,"step":0.75,"position":0.75,"bluff":0,"handValue":0.1028,"percentBets_4":0.20408163265306123,"percentBets_1":0.19047619047619047,"percentBets_2":0.096},"output":{"chips":0}},
{"input":{"Win":0,"Lose":0.013333333333333334,"myCurrBet":0.02666666666666667,"step":0.25,"position":0.75,"bluff":0,"handValue":0.1028,"percentBets_4":0.16326530612244897,"percentBets_1":0.12698412698412698,"percentBets_2":0.064},"output":{"chips":0.5}},
{"input":{"Win":0,"Lose":0.02666666666666667,"myCurrBet":0,"step":0,"position":0.75,"bluff":0,"percentBets_1":0.010526315789473684,"percentBets_2":0.017699115044247787,"handValue":0.6013109999999999},"output":{"chips":1}},
{"input":{"Win":0,"Lose":0.02666666666666667,"myCurrBet":0.03333333333333333,"step":0.25,"position":0.75,"bluff":0,"handValue":0.10410000000000001,"percentBets_4":0.2702702702702703,"percentBets_1":0.12631578947368421,"percentBets_2":0.10619469026548672},"output":{"chips":0.5}},
{"input":{"Win":0,"Lose":0.02666666666666667,"myCurrBet":0.013333333333333334,"step":0,"position":0.75,"bluff":0,"handValue":0.6013109999999999,"percentBets_4":0.10810810810810811,"percentBets_1":0.08421052631578947,"percentBets_2":0.07079646017699115},"output":{"chips":0.5}},
{"input":{"Win":0,"Lose":0.02666666666666667,"myCurrBet":0.02666666666666667,"step":0.25,"position":0.75,"bluff":1,"handValue":0.10410000000000001,"percentBets_4":0.21621621621621623,"percentBets_1":0.08421052631578947,"percentBets_2":0.07079646017699115},"output":{"chips":1}},
{"input":{"Win":0,"Lose":0.02666666666666667,"myCurrBet":0.04,"step":0.25,"position":0.75,"bluff":0,"handValue":0.10410000000000001,"percentBets_4":0.3783783783783784,"percentBets_1":0.21052631578947367,"percentBets_2":0.17699115044247787},"output":{"chips":0}},
{"input":{"Win":0.09795918367346938,"Lose":0,"myCurrBet":0,"step":0,"position":0.75,"bluff":0,"percentBets_1":0.013333333333333334,"percentBets_2":0.012121212121212121,"handValue":0.1015},"output":{"chips":1}},
{"input":{"Win":0.09795918367346938,"Lose":0,"myCurrBet":0.013333333333333334,"step":0,"position":0.75,"bluff":0,"handValue":0.1015,"percentBets_4":0.23529411764705882,"percentBets_1":0.10666666666666667,"percentBets_2":0.048484848484848485},"output":{"chips":0.5}},
{"input":{"Win":0.09795918367346938,"Lose":0,"myCurrBet":0.02666666666666667,"step":0.25,"position":0.75,"bluff":0,"handValue":0.10410000000000001,"percentBets_4":0.47058823529411764,"percentBets_1":0.10666666666666667,"percentBets_2":0.048484848484848485},"output":{"chips":0.5}},
{"input":{"Win":0.09795918367346938,"Lose":0,"myCurrBet":0.02666666666666667,"step":0.25,"position":0.75,"bluff":1,"handValue":0.10410000000000001,"percentBets_4":0.5882352941176471,"percentBets_1":0.16,"percentBets_2":0.07272727272727272},"output":{"chips":0.5}},
{"input":{"Win":0.09795918367346938,"Lose":0,"myCurrBet":0.04,"step":0.5,"position":0.75,"bluff":0,"handValue":0.1038,"percentBets_4":0.7058823529411765,"percentBets_1":0.16,"percentBets_2":0.07272727272727272},"output":{"chips":0.5}},
{"input":{"Win":0.09795918367346938,"Lose":0,"myCurrBet":0.04,"step":0.75,"position":0.75,"bluff":0,"handValue":0.10400000000000001,"percentBets_4":0.7058823529411765,"percentBets_1":0.16,"percentBets_2":0.07272727272727272},"output":{"chips":1}},
{"input":{"Win":0.058823529411764705,"Lose":0,"myCurrBet":0,"step":0,"position":0.75,"bluff":1,"percentBets_1":0.015873015873015872,"percentBets_2":0.013071895424836602,"handValue":0.1009},"output":{"chips":0.5}},
{"input":{"Win":0.058823529411764705,"Lose":0,"myCurrBet":0.006666666666666667,"step":0,"position":0.75,"bluff":0,"handValue":0.1009,"percentBets_4":0.4,"percentBets_1":0.06349206349206349,"percentBets_2":0.026143790849673203},"output":{"chips":0.5}},
{"input":{"Win":0.058823529411764705,"Lose":0,"myCurrBet":0.013333333333333334,"step":0.25,"position":0.75,"bluff":1,"handValue":0.1014,"percentBets_4":0.8,"percentBets_1":0.06349206349206349,"percentBets_2":0.026143790849673203},"output":{"chips":1}},
{"input":{"Win":0,"Lose":0.04,"myCurrBet":0.013333333333333334,"step":0,"position":1,"bluff":0,"handValue":0.10060000000000001,"percentBets_1":0.13559322033898305,"percentBets_2":0.053691275167785234},"output":{"chips":0.5}},
{"input":{"Win":0,"Lose":0.04,"myCurrBet":0,"step":0,"position":1,"bluff":0,"percentBets_1":0.01694915254237288,"percentBets_2":0.013422818791946308,"handValue":0.10060000000000001},"output":{"chips":1}},
{"input":{"Win":0,"Lose":0.04,"myCurrBet":0.02666666666666667,"step":0.25,"position":1,"bluff":0,"handValue":0.10070000000000001,"percentBets_1":0.13559322033898305,"percentBets_2":0.053691275167785234},"output":{"chips":0.5}},
{"input":{"Win":0,"Lose":0.04,"myCurrBet":0.02666666666666667,"step":0.5,"position":1,"bluff":1,"handValue":0.1014,"percentBets_1":0.13559322033898305,"percentBets_2":0.053691275167785234},"output":{"chips":1}},
{"input":{"Win":0,"Lose":0.04,"myCurrBet":0.03333333333333333,"step":0.5,"position":1,"bluff":1,"handValue":0.1014,"percentBets_1":0.2033898305084746,"percentBets_2":0.08053691275167785},"output":{"chips":0.5}},
{"input":{"Win":0,"Lose":0.04,"myCurrBet":0.04,"step":0.75,"position":1,"bluff":0,"handValue":0.1022,"percentBets_1":0.2033898305084746,"percentBets_2":0.08053691275167785},"output":{"chips":0.5}},
{"input":{"Win":0,"Lose":0,"myCurrBet":0,"step":0,"position":1,"bluff":1,"percentBets_1":0.02127659574468085,"percentBets_2":0.011560693641618497,"handValue":0.10200000000000001},"output":{"chips":0.5}},
{"input":{"Win":0,"Lose":0,"myCurrBet":0.006666666666666667,"step":0,"position":1,"bluff":0,"handValue":0.10200000000000001,"percentBets_1":0.0851063829787234,"percentBets_2":0.023121387283236993},"output":{"chips":1}},
{"input":{"Win":0,"Lose":0,"myCurrBet":0.02,"step":0,"position":1,"bluff":0,"handValue":0.10200000000000001,"percentBets_1":0.2553191489361702,"percentBets_2":0.06936416184971098},"output":{"chips":0}},
{"input":{"Win":0,"Lose":0.02,"myCurrBet":0.013333333333333334,"step":0,"position":1,"bluff":0,"handValue":0.10070000000000001,"percentBets_1":0.22857142857142856,"percentBets_2":0.041884816753926704},"output":{"chips":0}},
{"input":{"Win":0,"Lose":0.02,"myCurrBet":0,"step":0,"position":1,"bluff":0,"percentBets_1":0.02857142857142857,"percentBets_2":0.010471204188481676,"handValue":0.10070000000000001},"output":{"chips":1}},
{"input":{"Win":0,"Lose":0.013333333333333334,"myCurrBet":0,"step":0,"position":1,"bluff":0,"percentBets_1":0.02127659574468085,"percentBets_2":0.01092896174863388,"handValue":0.1014},"output":{"chips":1}},
{"input":{"Win":0,"Lose":0.013333333333333334,"myCurrBet":0.013333333333333334,"step":0,"position":1,"bluff":0,"handValue":0.1014,"percentBets_1":0.1702127659574468,"percentBets_2":0.04371584699453552},"output":{"chips":0}},
{"input":{"Win":0,"Lose":0.04,"myCurrBet":0,"step":0,"position":1,"bluff":0,"percentBets_1":0.01694915254237288,"percentBets_2":0.011428571428571429,"handValue":0.1013},"output":{"chips":1}},
{"input":{"Win":0,"Lose":0.04,"myCurrBet":0.02666666666666667,"step":0.25,"position":1,"bluff":0,"handValue":0.1043,"percentBets_1":0.13559322033898305,"percentBets_2":0.045714285714285714},"output":{"chips":0.5}},
{"input":{"Win":0,"Lose":0.04,"myCurrBet":0.02666666666666667,"step":0.5,"position":1,"bluff":0,"handValue":0.10540000000000001,"percentBets_1":0.13559322033898305,"percentBets_2":0.045714285714285714},"output":{"chips":0.5}},
{"input":{"Win":0,"Lose":0.04,"myCurrBet":0.013333333333333334,"step":0,"position":1,"bluff":0,"handValue":0.1013,"percentBets_1":0.13559322033898305,"percentBets_2":0.045714285714285714},"output":{"chips":0.5}},
{"input":{"Win":0,"Lose":0.04,"myCurrBet":0.02666666666666667,"step":0.75,"position":1,"bluff":0,"handValue":0.10600000000000001,"percentBets_1":0.13559322033898305,"percentBets_2":0.045714285714285714},"output":{"chips":0.5}},
{"input":{"Win":0,"Lose":0.02666666666666667,"myCurrBet":0,"step":0,"position":1,"bluff":0,"percentBets_1":0.013333333333333334,"percentBets_2":0.011976047904191617,"handValue":0.10210000000000001},"output":{"chips":1}},
{"input":{"Win":0,"Lose":0.02666666666666667,"myCurrBet":0.013333333333333334,"step":0,"position":1,"bluff":0,"handValue":0.10210000000000001,"percentBets_1":0.10666666666666667,"percentBets_2":0.04790419161676647},"output":{"chips":0.5}},
{"input":{"Win":0,"Lose":0.02666666666666667,"myCurrBet":0.02666666666666667,"step":0.5,"position":1,"bluff":0,"handValue":0.1038,"percentBets_1":0.10666666666666667,"percentBets_2":0.04790419161676647},"output":{"chips":0.5}},
{"input":{"Win":0,"Lose":0.02666666666666667,"myCurrBet":0.02666666666666667,"step":0.25,"position":1,"bluff":0,"handValue":0.1047,"percentBets_1":0.10666666666666667,"percentBets_2":0.04790419161676647},"output":{"chips":0.5}},
{"input":{"Win":0,"Lose":0.02666666666666667,"myCurrBet":0.02666666666666667,"step":0.75,"position":1,"bluff":0,"handValue":0.300000090213,"percentBets_1":0.10666666666666667,"percentBets_2":0.04790419161676647},"output":{"chips":0.5}},
{"input":{"Win":0,"Lose":0.02666666666666667,"myCurrBet":0,"step":0,"position":1,"bluff":0,"percentBets_1":0.01098901098901099,"percentBets_2":0.012578616352201259,"handValue":0.10200000000000001},"output":{"chips":1}},
{"input":{"Win":0,"Lose":0.02666666666666667,"myCurrBet":0.013333333333333334,"step":0,"position":1,"bluff":0,"handValue":0.10200000000000001,"percentBets_1":0.08791208791208792,"percentBets_2":0.050314465408805034},"output":{"chips":0.5}},
{"input":{"Win":0,"Lose":0.02666666666666667,"myCurrBet":0.02666666666666667,"step":0.75,"position":1,"bluff":0,"handValue":0.1042,"percentBets_1":0.08791208791208792,"percentBets_2":0.050314465408805034},"output":{"chips":0.5}},
{"input":{"Win":0,"Lose":0.02666666666666667,"myCurrBet":0.02666666666666667,"step":0.5,"position":1,"bluff":0,"handValue":0.1048,"percentBets_1":0.08791208791208792,"percentBets_2":0.050314465408805034},"output":{"chips":0.5}},
{"input":{"Win":0,"Lose":0.02666666666666667,"myCurrBet":0.02666666666666667,"step":0.25,"position":1,"bluff":1,"handValue":0.1044,"percentBets_1":0.08791208791208792,"percentBets_2":0.050314465408805034},"output":{"chips":0.5}},
{"input":{"Win":0,"Lose":0.02666666666666667,"myCurrBet":0.02666666666666667,"step":0.5,"position":1,"bluff":0,"handValue":0.1023,"percentBets_1":0.07476635514018691,"percentBets_2":0.052980132450331126},"output":{"chips":0.5}},
{"input":{"Win":0,"Lose":0.02666666666666667,"myCurrBet":0.013333333333333334,"step":0,"position":1,"bluff":0,"handValue":0.601009,"percentBets_1":0.07476635514018691,"percentBets_2":0.052980132450331126},"output":{"chips":0.5}},
{"input":{"Win":0,"Lose":0.02666666666666667,"myCurrBet":0,"step":0,"position":1,"bluff":0,"percentBets_1":0.009345794392523364,"percentBets_2":0.013245033112582781,"handValue":0.601009},"output":{"chips":1}},
{"input":{"Win":0,"Lose":0.02666666666666667,"myCurrBet":0.02666666666666667,"step":0.25,"position":1,"bluff":0,"handValue":0.1022,"percentBets_1":0.07476635514018691,"percentBets_2":0.052980132450331126},"output":{"chips":0.5}},
{"input":{"Win":0,"Lose":0.02666666666666667,"myCurrBet":0.02666666666666667,"step":0.75,"position":1,"bluff":0,"handValue":0.1029,"percentBets_1":0.07476635514018691,"percentBets_2":0.052980132450331126},"output":{"chips":0.5}},
{"input":{"Win":0.09022556390977443,"Lose":0,"myCurrBet":0,"step":0,"position":1,"bluff":0,"percentBets_1":0.012195121951219513,"percentBets_2":0.02097902097902098,"handValue":0.601009},"output":{"chips":1}},
{"input":{"Win":0.09022556390977443,"Lose":0,"myCurrBet":0.04,"step":0.5,"position":1,"bluff":0,"handValue":0.1027,"percentBets_1":0.0975609756097561,"percentBets_2":0.08391608391608392},"output":{"chips":0.5}},
{"input":{"Win":0.09022556390977443,"Lose":0,"myCurrBet":0.04,"step":0.25,"position":1,"bluff":0,"handValue":0.10360000000000001,"percentBets_1":0.0975609756097561,"percentBets_2":0.08391608391608392},"output":{"chips":0.5}},
{"input":{"Win":0.09022556390977443,"Lose":0,"myCurrBet":0.02,"step":0,"position":1,"bluff":1,"handValue":0.601009,"percentBets_1":0.0975609756097561,"percentBets_2":0.08391608391608392},"output":{"chips":0.5}},
{"input":{"Win":0.09022556390977443,"Lose":0,"myCurrBet":0.04,"step":0.75,"position":1,"bluff":0,"handValue":0.1034,"percentBets_1":0.0975609756097561,"percentBets_2":0.08391608391608392},"output":{"chips":0.5}},
{"input":{"Win":0.09917355371900827,"Lose":0,"myCurrBet":0,"step":0,"position":1,"bluff":1,"percentBets_1":0.013513513513513514,"percentBets_2":0.022900763358778626,"handValue":0.1015},"output":{"chips":0.5}},
{"input":{"Win":0.09917355371900827,"Lose":0,"myCurrBet":0.01,"step":0,"position":1,"bluff":0,"handValue":0.1015,"percentBets_1":0.05405405405405406,"percentBets_2":0.04580152671755725},"output":{"chips":0.5}},
{"input":{"Win":0.09917355371900827,"Lose":0,"myCurrBet":0.03,"step":0.25,"position":1,"bluff":0,"handValue":0.1039,"percentBets_1":0.10810810810810811,"percentBets_2":0.0916030534351145},"output":{"chips":0.5}},
{"input":{"Win":0.09917355371900827,"Lose":0,"myCurrBet":0.02,"step":0.25,"position":1,"bluff":1,"handValue":0.1039,"percentBets_1":0.05405405405405406,"percentBets_2":0.04580152671755725},"output":{"chips":1}},
{"input":{"Win":0.09917355371900827,"Lose":0,"myCurrBet":0.04,"step":0.5,"position":1,"bluff":0,"handValue":0.1044,"percentBets_1":0.10810810810810811,"percentBets_2":0.0916030534351145},"output":{"chips":0.5}},
{"input":{"Win":0.09917355371900827,"Lose":0,"myCurrBet":0.04,"step":0.75,"position":1,"bluff":0,"handValue":0.1052,"percentBets_1":0.10810810810810811,"percentBets_2":0.0916030534351145},"output":{"chips":0.5}},
{"input":{"Win":0,"Lose":0,"myCurrBet":0,"step":0,"position":1,"bluff":1,"percentBets_1":0.015151515151515152,"percentBets_2":0.025210084033613446,"handValue":0.1015},"output":{"chips":0.5}},
{"input":{"Win":0,"Lose":0,"myCurrBet":0.01,"step":0,"position":1,"bluff":1,"handValue":0.1015,"percentBets_1":0.06060606060606061,"percentBets_2":0.05042016806722689},"output":{"chips":1}},
{"input":{"Win":0,"Lose":0,"myCurrBet":0.03,"step":0,"position":1,"bluff":0,"handValue":0.1015,"percentBets_1":0.18181818181818182,"percentBets_2":0.15126050420168066},"output":{"chips":0}},
{"input":{"Win":0,"Lose":0.09,"myCurrBet":0,"step":0,"position":1,"bluff":0,"percentBets_1":0.018518518518518517,"percentBets_2":0.02054794520547945,"handValue":0.1015},"output":{"chips":1}},
{"input":{"Win":0,"Lose":0.09,"myCurrBet":0.02,"step":0,"position":1,"bluff":0,"handValue":0.1015,"percentBets_1":0.14814814814814814,"percentBets_2":0.0821917808219178},"output":{"chips":0.5}},
{"input":{"Win":0,"Lose":0.09,"myCurrBet":0.04,"step":0.25,"position":1,"bluff":1,"handValue":0.10250000000000001,"percentBets_1":0.14814814814814814,"percentBets_2":0.0821917808219178},"output":{"chips":1}},
{"input":{"Win":0,"Lose":0.09,"myCurrBet":0.06,"step":0.75,"position":1,"bluff":0,"handValue":0.10410000000000001,"percentBets_1":0.2222222222222222,"percentBets_2":0.1232876712328767},"output":{"chips":0.5}},
{"input":{"Win":0,"Lose":0.09,"myCurrBet":0.06,"step":0.5,"position":1,"bluff":0,"handValue":0.1038,"percentBets_1":0.2222222222222222,"percentBets_2":0.1232876712328767},"output":{"chips":0.5}},
{"input":{"Win":0,"Lose":0.09,"myCurrBet":0.05,"step":0.25,"position":1,"bluff":0,"handValue":0.10250000000000001,"percentBets_1":0.2222222222222222,"percentBets_2":0.1232876712328767},"output":{"chips":0.5}},
{"input":{"Win":0,"Lose":0.04,"myCurrBet":0,"step":0,"position":1,"bluff":0,"percentBets_1":0.023809523809523808,"percentBets_2":0.016483516483516484,"handValue":0.1018},"output":{"chips":1}},
{"input":{"Win":0,"Lose":0.04,"myCurrBet":0.02,"step":0,"position":1,"bluff":1,"handValue":0.1018,"percentBets_1":0.19047619047619047,"percentBets_2":0.06593406593406594},"output":{"chips":0.5}},
{"input":{"Win":0,"Lose":0.04,"myCurrBet":0.04,"step":0.75,"position":1,"bluff":0,"handValue":0.10410000000000001,"percentBets_1":0.19047619047619047,"percentBets_2":0.06593406593406594},"output":{"chips":0.5}},
{"input":{"Win":0,"Lose":0.04,"myCurrBet":0.04,"step":0.5,"position":1,"bluff":0,"handValue":0.10310000000000001,"percentBets_1":0.19047619047619047,"percentBets_2":0.06593406593406594},"output":{"chips":0.5}},
{"input":{"Win":0,"Lose":0.04,"myCurrBet":0.04,"step":0.25,"position":1,"bluff":0,"handValue":0.1024,"percentBets_1":0.19047619047619047,"percentBets_2":0.06593406593406594},"output":{"chips":0.5}},
{"input":{"Win":0,"Lose":0,"myCurrBet":0,"step":0,"position":1,"bluff":0,"percentBets_1":0.029411764705882353,"percentBets_2":0.014563106796116505,"handValue":0.10160000000000001},"output":{"chips":1}},
{"input":{"Win":0,"Lose":0,"myCurrBet":0.04,"step":0.25,"position":1,"bluff":0,"handValue":0.10200000000000001,"percentBets_1":0.23529411764705882,"percentBets_2":0.05825242718446602},"output":{"chips":0.5}},
{"input":{"Win":0,"Lose":0,"myCurrBet":0.04,"step":0.5,"position":1,"bluff":1,"handValue":0.10310000000000001,"percentBets_1":0.23529411764705882,"percentBets_2":0.05825242718446602},"output":{"chips":1}},
{"input":{"Win":0,"Lose":0,"myCurrBet":0.05,"step":0.5,"position":1,"bluff":0,"handValue":0.10310000000000001,"percentBets_1":0.35294117647058826,"percentBets_2":0.08737864077669903},"output":{"chips":0}},
{"input":{"Win":0,"Lose":0,"myCurrBet":0.02,"step":0,"position":1,"bluff":1,"handValue":0.10160000000000001,"percentBets_1":0.23529411764705882,"percentBets_2":0.05825242718446602},"output":{"chips":0.5}},
{"input":{"Win":0.03501945525291829,"Lose":0,"myCurrBet":0,"step":0,"position":1,"bluff":0,"percentBets_1":0.017857142857142856,"percentBets_2":0.015957446808510637,"handValue":0.10120000000000001},"output":{"chips":1}},
{"input":{"Win":0.03501945525291829,"Lose":0,"myCurrBet":0.02,"step":0,"position":1,"bluff":1,"handValue":0.10120000000000001,"percentBets_1":0.14285714285714285,"percentBets_2":0.06382978723404255},"output":{"chips":0.5}},
{"input":{"Win":0.03501945525291829,"Lose":0,"myCurrBet":0.04,"step":0.5,"position":1,"bluff":0,"handValue":0.40000008120400005,"percentBets_1":0.14285714285714285,"percentBets_2":0.06382978723404255},"output":{"chips":0.5}},
{"input":{"Win":0.03501945525291829,"Lose":0,"myCurrBet":0.04,"step":0.25,"position":1,"bluff":0,"handValue":0.1017,"percentBets_1":0.14285714285714285,"percentBets_2":0.06382978723404255},"output":{"chips":0.5}},
{"input":{"Win":0.03501945525291829,"Lose":0,"myCurrBet":0.04,"step":0.75,"position":1,"bluff":0,"handValue":0.40000008120400005,"percentBets_1":0.14285714285714285,"percentBets_2":0.06382978723404255},"output":{"chips":0}},
{"input":{"Win":0,"Lose":0.04,"myCurrBet":0,"step":0,"position":1,"bluff":0,"percentBets_1":0.020833333333333332,"percentBets_2":0.017045454545454544,"handValue":0.601003},"output":{"chips":1}},
{"input":{"Win":0,"Lose":0.04,"myCurrBet":0.02,"step":0,"position":1,"bluff":1,"handValue":0.601003,"percentBets_1":0.16666666666666666,"percentBets_2":0.06818181818181818},"output":{"chips":0.5}},
{"input":{"Win":0,"Lose":0.04,"myCurrBet":0.04,"step":0.5,"position":1,"bluff":0,"handValue":0.10500000000000001,"percentBets_1":0.16666666666666666,"percentBets_2":0.06818181818181818},"output":{"chips":0.5}},
{"input":{"Win":0,"Lose":0.04,"myCurrBet":0.04,"step":0.25,"position":1,"bluff":0,"handValue":0.1037,"percentBets_1":0.16666666666666666,"percentBets_2":0.06818181818181818},"output":{"chips":0.5}},
{"input":{"Win":0,"Lose":0.04,"myCurrBet":0.04,"step":0.75,"position":1,"bluff":0,"handValue":0.1052,"percentBets_1":0.16666666666666666,"percentBets_2":0.06818181818181818},"output":{"chips":0.5}},
{"input":{"Win":0,"Lose":0.04,"myCurrBet":0,"step":0,"position":1,"bluff":0,"percentBets_1":0.015625,"percentBets_2":0.018292682926829267,"handValue":0.1},"output":{"chips":1}},
{"input":{"Win":0,"Lose":0.04,"myCurrBet":0.02,"step":0,"position":1,"bluff":0,"handValue":0.1,"percentBets_1":0.125,"percentBets_2":0.07317073170731707},"output":{"chips":0.5}},
{"input":{"Win":0,"Lose":0.04,"myCurrBet":0.04,"step":0.75,"position":1,"bluff":1,"handValue":0.300000110106,"percentBets_1":0.125,"percentBets_2":0.07317073170731707},"output":{"chips":0.5}},
{"input":{"Win":0,"Lose":0.04,"myCurrBet":0.04,"step":0.5,"position":1,"bluff":0,"handValue":0.300000110105,"percentBets_1":0.125,"percentBets_2":0.07317073170731707},"output":{"chips":0.5}},
{"input":{"Win":0,"Lose":0.04,"myCurrBet":0.04,"step":0.25,"position":1,"bluff":0,"handValue":0.300000110105,"percentBets_1":0.125,"percentBets_2":0.07317073170731707},"output":{"chips":0.5}},
{"input":{"Win":0,"Lose":0.04,"myCurrBet":0,"step":0,"position":1,"bluff":0,"percentBets_1":0.017857142857142856,"percentBets_2":0.015957446808510637,"handValue":0.1015},"output":{"chips":1}},
{"input":{"Win":0,"Lose":0.04,"myCurrBet":0.02,"step":0,"position":1,"bluff":0,"handValue":0.1015,"percentBets_1":0.14285714285714285,"percentBets_2":0.06382978723404255},"output":{"chips":0.5}},
{"input":{"Win":0,"Lose":0.04,"myCurrBet":0.04,"step":0.75,"position":1,"bluff":0,"handValue":0.1023,"percentBets_1":0.14285714285714285,"percentBets_2":0.06382978723404255},"output":{"chips":0.5}},
{"input":{"Win":0,"Lose":0.04,"myCurrBet":0.04,"step":0.5,"position":1,"bluff":0,"handValue":0.1022,"percentBets_1":0.14285714285714285,"percentBets_2":0.06382978723404255},"output":{"chips":0.5}},
{"input":{"Win":0,"Lose":0.04,"myCurrBet":0.04,"step":0.25,"position":1,"bluff":0,"handValue":0.10350000000000001,"percentBets_1":0.14285714285714285,"percentBets_2":0.06382978723404255},"output":{"chips":0.5}},
{"input":{"Win":0,"Lose":0,"myCurrBet":0,"step":0,"position":1,"bluff":0,"percentBets_1":0.020833333333333332,"percentBets_2":0.014150943396226415,"handValue":0.1015},"output":{"chips":1}},
{"input":{"Win":0,"Lose":0,"myCurrBet":0.02,"step":0,"position":1,"bluff":0,"handValue":0.1015,"percentBets_1":0.16666666666666666,"percentBets_2":0.05660377358490566},"output":{"chips":0}},
{"input":{"Win":0,"Lose":0.05333333333333334,"myCurrBet":0.02,"step":0,"position":1,"bluff":0,"handValue":0.1013,"percentBets_1":0.13333333333333333,"percentBets_2":0.06},"output":{"chips":0.5}},
{"input":{"Win":0,"Lose":0.05333333333333334,"myCurrBet":0.03333333333333333,"step":0.5,"position":1,"bluff":1,"handValue":0.10490000000000001,"percentBets_1":0.2222222222222222,"percentBets_2":0.1},"output":{"chips":1}},
{"input":{"Win":0,"Lose":0.05333333333333334,"myCurrBet":0.03333333333333333,"step":0.25,"position":1,"bluff":0,"handValue":0.1042,"percentBets_1":0.2222222222222222,"percentBets_2":0.1},"output":{"chips":0.5}},
{"input":{"Win":0,"Lose":0.05333333333333334,"myCurrBet":0,"step":0,"position":1,"bluff":0,"percentBets_1":0.016666666666666666,"percentBets_2":0.015,"handValue":0.1013},"output":{"chips":1}},
{"input":{"Win":0,"Lose":0.05333333333333334,"myCurrBet":0.03333333333333333,"step":0.75,"position":1,"bluff":0,"handValue":0.1051,"percentBets_1":0.2222222222222222,"percentBets_2":0.1},"output":{"chips":0.5}},
