{"input":{"Win":0,"Lose":0.02666666666666667,"myCurrBet":0,"step":0,"position":1,"bluff":0,"percentBets_1":0.006666666666666667,"percentBets_2":0.013333333333333334,"handValue":0.1003,"percentBets_3":0.02666666666666667},"output":{"chips":0.5}},
{"input":{"Win":0,"Lose":0.02666666666666667,"myCurrBet":0.013333333333333334,"step":0.25,"position":1,"bluff":1,"handValue":0.10200000000000001,"percentBets_1":0.05333333333333334,"percentBets_2":0.06666666666666667,"percentBets_3":0.06666666666666667},"output":{"chips":1}},
{"input":{"Win":0,"Lose":0.02666666666666667,"myCurrBet":0.023333333333333334,"step":0.5,"position":1,"bluff":0,"handValue":0.10260000000000001,"percentBets_1":0.09333333333333334,"percentBets_2":0.10666666666666667,"percentBets_3":0.10666666666666667},"output":{"chips":0.5}},
{"input":{"Win":0,"Lose":0.02666666666666667,"myCurrBet":0.006666666666666667,"step":0,"position":1,"bluff":0,"handValue":0.1003,"percentBets_1":0.04,"percentBets_2":0.05333333333333334,"percentBets_3":0.05333333333333334},"output":{"chips":0.5}},
{"input":{"Win":0,"Lose":0.02666666666666667,"myCurrBet":0.02,"step":0.25,"position":1,"bluff":1,"handValue":0.10200000000000001,"percentBets_1":0.09333333333333334,"percentBets_2":0.09333333333333334,"percentBets_3":0.09333333333333334},"output":{"chips":0.5}},
{"input":{"Win":0,"Lose":0.02666666666666667,"myCurrBet":0.02666666666666667,"step":0.75,"position":1,"bluff":0,"handValue":0.1033,"percentBets_1":0.09333333333333334,"percentBets_2":0.10666666666666667,"percentBets_3":0.10666666666666667},"output":{"chips":0.5}},
{"input":{"Win":0.08583690987124463,"Lose":0,"myCurrBet":0.006666666666666667,"step":0,"position":1,"bluff":0,"handValue":0.1,"percentBets_1":0.04411764705882353,"percentBets_2":0.05970149253731343,"percentBets_3":0.04081632653061224},"output":{"chips":0.5}},
{"input":{"Win":0.08583690987124463,"Lose":0,"myCurrBet":0.013333333333333334,"step":0.25,"position":1,"bluff":0,"handValue":0.30000009071,"percentBets_1":0.058823529411764705,"percentBets_2":0.07462686567164178,"percentBets_3":0.05102040816326531},"output":{"chips":0.5}},
{"input":{"Win":0.08583690987124463,"Lose":0,"myCurrBet":0,"step":0,"position":1,"bluff":0,"percentBets_1":0.007352941176470588,"percentBets_2":0.014925373134328358,"handValue":0.1,"percentBets_3":0.02040816326530612},"output":{"chips":0.5}},
{"input":{"Win":0.08583690987124463,"Lose":0,"myCurrBet":0.016666666666666666,"step":0.25,"position":1,"bluff":1,"handValue":0.30000009071,"percentBets_1":0.08823529411764706,"percentBets_2":0.08955223880597014,"percentBets_3":0.061224489795918366},"output":{"chips":0.5}},
{"input":{"Win":0.08583690987124463,"Lose":0,"myCurrBet":0.023333333333333334,"step":0.75,"position":1,"bluff":0,"handValue":0.30000009071,"percentBets_1":0.08823529411764706,"percentBets_2":0.1044776119402985,"percentBets_3":0.07142857142857142},"output":{"chips":0.5}},
{"input":{"Win":0.08583690987124463,"Lose":0,"myCurrBet":0.02,"step":0.5,"position":1,"bluff":1,"handValue":0.30000009071,"percentBets_1":0.08823529411764706,"percentBets_2":0.1044776119402985,"percentBets_3":0.07142857142857142},"output":{"chips":0.5}},
{"input":{"Win":0,"Lose":0.02666666666666667,"myCurrBet":0.013333333333333334,"step":0.25,"position":1,"bluff":0,"handValue":0.1048,"percentBets_1":0.06451612903225806,"percentBets_2":0.08333333333333333,"percentBets_3":0.054945054945054944},"output":{"chips":0.5}},
{"input":{"Win":0,"Lose":0.02666666666666667,"myCurrBet":0.006666666666666667,"step":0,"position":1,"bluff":0,"handValue":0.1017,"percentBets_1":0.04838709677419355,"percentBets_2":0.06666666666666667,"percentBets_3":0.04395604395604396},"output":{"chips":0.5}},
{"input":{"Win":0,"Lose":0.02666666666666667,"myCurrBet":0,"step":0,"position":1,"bluff":0,"percentBets_1":0.008064516129032258,"percentBets_2":0.016666666666666666,"handValue":0.1017,"percentBets_3":0.02197802197802198},"output":{"chips":0.5}},
{"input":{"Win":0,"Lose":0.02666666666666667,"myCurrBet":0.016666666666666666,"step":0.25,"position":1,"bluff":0,"handValue":0.1048,"percentBets_1":0.0967741935483871,"percentBets_2":0.1,"percentBets_3":0.06593406593406594},"output":{"chips":0.5}},
{"input":{"Win":0,"Lose":0.02666666666666667,"myCurrBet":0.023333333333333334,"step":0.75,"position":1,"bluff":0,"handValue":0.1042,"percentBets_1":0.0967741935483871,"percentBets_2":0.13333333333333333,"percentBets_3":0.08791208791208792},"output":{"chips":0.5}},
{"input":{"Win":0,"Lose":0.02666666666666667,"myCurrBet":0.02,"step":0.5,"position":1,"bluff":0,"handValue":0.1037,"percentBets_1":0.0967741935483871,"percentBets_2":0.11666666666666667,"percentBets_3":0.07692307692307693},"output":{"chips":0.5}},
{"input":{"Win":0.11312217194570136,"Lose":0,"myCurrBet":0,"step":0,"position":1,"bluff":0,"percentBets_1":0.008928571428571428,"percentBets_2":0.012195121951219513,"handValue":0.1023,"percentBets_3":0.024096385542168676},"output":{"chips":0.5}},
{"input":{"Win":0.11312217194570136,"Lose":0,"myCurrBet":0.006666666666666667,"step":0,"position":1,"bluff":0,"handValue":0.1023,"percentBets_1":0.05357142857142857,"percentBets_2":0.04878048780487805,"percentBets_3":0.04819277108433735},"output":{"chips":0.5}},
{"input":{"Win":0.11312217194570136,"Lose":0,"myCurrBet":0.013333333333333334,"step":0.25,"position":1,"bluff":1,"handValue":0.1034,"percentBets_1":0.07142857142857142,"percentBets_2":0.06097560975609756,"percentBets_3":0.060240963855421686},"output":{"chips":0.5}},
{"input":{"Win":0.11312217194570136,"Lose":0,"myCurrBet":0.016666666666666666,"step":0.25,"position":1,"bluff":0,"handValue":0.1034,"percentBets_1":0.10714285714285714,"percentBets_2":0.07317073170731707,"percentBets_3":0.07228915662650602},"output":{"chips":0.5}},
{"input":{"Win":0.11312217194570136,"Lose":0,"myCurrBet":0.03,"step":0.75,"position":1,"bluff":0,"handValue":0.10450000000000001,"percentBets_1":0.10714285714285714,"percentBets_2":0.10975609756097561,"percentBets_3":0.10843373493975904},"output":{"chips":0.5}},
{"input":{"Win":0.11312217194570136,"Lose":0,"myCurrBet":0.02,"step":0.5,"position":1,"bluff":0,"handValue":0.1038,"percentBets_1":0.125,"percentBets_2":0.0975609756097561,"percentBets_3":0.10843373493975904},"output":{"chips":0.5}},
{"input":{"Win":0,"Lose":0.02666666666666667,"myCurrBet":0.013333333333333334,"step":0.25,"position":1,"bluff":0,"handValue":0.1018,"percentBets_1":0.08163265306122448,"percentBets_2":0.0684931506849315,"percentBets_3":0.08108108108108109},"output":{"chips":0.5}},
{"input":{"Win":0,"Lose":0.02666666666666667,"myCurrBet":0,"step":0,"position":1,"bluff":0,"percentBets_1":0.01020408163265306,"percentBets_2":0.0136986301369863,"handValue":0.10110000000000001,"percentBets_3":0.02702702702702703},"output":{"chips":0.5}},
{"input":{"Win":0,"Lose":0.02666666666666667,"myCurrBet":0.006666666666666667,"step":0,"position":1,"bluff":0,"handValue":0.10110000000000001,"percentBets_1":0.061224489795918366,"percentBets_2":0.0547945205479452,"percentBets_3":0.05405405405405406},"output":{"chips":0.5}},
{"input":{"Win":0,"Lose":0.02666666666666667,"myCurrBet":0.02,"step":0.25,"position":1,"bluff":0,"handValue":0.1018,"percentBets_1":0.14285714285714285,"percentBets_2":0.0958904109589041,"percentBets_3":0.0945945945945946},"output":{"chips":0.5}},
{"input":{"Win":0,"Lose":0.02666666666666667,"myCurrBet":0.023333333333333334,"step":0.5,"position":1,"bluff":1,"handValue":0.1022,"percentBets_1":0.14285714285714285,"percentBets_2":0.1095890410958904,"percentBets_3":0.10810810810810811},"output":{"chips":0.5}},
{"input":{"Win":0,"Lose":0.02666666666666667,"myCurrBet":0.02666666666666667,"step":0.75,"position":1,"bluff":0,"handValue":0.1023,"percentBets_1":0.14285714285714285,"percentBets_2":0.1095890410958904,"percentBets_3":0.10810810810810811},"output":{"chips":0.5}},
{"input":{"Win":0,"Lose":0.03,"myCurrBet":0.006666666666666667,"step":0,"position":1,"bluff":0,"handValue":0.1014,"percentBets_1":0.07142857142857142,"percentBets_2":0.06153846153846154,"percentBets_3":0.041237113402061855},"output":{"chips":0.5}},
{"input":{"Win":0,"Lose":0.03,"myCurrBet":0,"step":0,"position":1,"bluff":0,"percentBets_1":0.011904761904761904,"percentBets_2":0.015384615384615385,"handValue":0.1014,"percentBets_3":0.020618556701030927},"output":{"chips":0.5}},
{"input":{"Win":0,"Lose":0.03,"myCurrBet":0.023333333333333334,"step":0.25,"position":1,"bluff":0,"handValue":0.1033,"percentBets_1":0.19047619047619047,"percentBets_2":0.12307692307692308,"percentBets_3":0.08247422680412371},"output":{"chips":0.5}},
{"input":{"Win":0,"Lose":0.03,"myCurrBet":0.02666666666666667,"step":0.5,"position":1,"bluff":0,"handValue":0.10400000000000001,"percentBets_1":0.19047619047619047,"percentBets_2":0.13846153846153847,"percentBets_3":0.09278350515463918},"output":{"chips":0.5}},
{"input":{"Win":0,"Lose":0.03,"myCurrBet":0.03,"step":0.75,"position":1,"bluff":0,"handValue":0.10500000000000001,"percentBets_1":0.19047619047619047,"percentBets_2":0.13846153846153847,"percentBets_3":0.09278350515463918},"output":{"chips":0.5}},
{"input":{"Win":0,"Lose":0.03,"myCurrBet":0.013333333333333334,"step":0.25,"position":1,"bluff":1,"handValue":0.1033,"percentBets_1":0.09523809523809523,"percentBets_2":0.07692307692307693,"percentBets_3":0.061855670103092786},"output":{"chips":1}},
{"input":{"Win":0.08450704225352113,"Lose":0,"myCurrBet":0.01,"step":0,"position":1,"bluff":0,"handValue":0.500000000003,"percentBets_1":0.11764705882352941,"percentBets_2":0.08928571428571429,"percentBets_3":0},"output":{"chips":0.5}},
{"input":{"Win":0.08450704225352113,"Lose":0,"myCurrBet":0,"step":0,"position":1,"bluff":0,"percentBets_1":0.014705882352941176,"percentBets_2":0.017857142857142856,"handValue":0.500000000003,"percentBets_3":0.016260162601626018},"output":{"chips":1}},
{"input":{"Win":0.08450704225352113,"Lose":0,"myCurrBet":0.016666666666666666,"step":0.25,"position":1,"bluff":1,"handValue":0.1028,"percentBets_1":0.14705882352941177,"percentBets_2":0.10714285714285714},"output":{"chips":0.5}},
{"input":{"Win":0.08450704225352113,"Lose":0,"myCurrBet":0.023333333333333334,"step":0.5,"position":1,"bluff":0,"handValue":0.10410000000000001,"percentBets_1":0.20588235294117646,"percentBets_2":0.14285714285714285},"output":{"chips":0.5}},
{"input":{"Win":0.08450704225352113,"Lose":0,"myCurrBet":0.02666666666666667,"step":0.75,"position":1,"bluff":0,"handValue":0.1053,"percentBets_1":0.23529411764705882,"percentBets_2":0.14285714285714285},"output":{"chips":0.5}},
{"input":{"Win":0.08450704225352113,"Lose":0,"myCurrBet":0.02,"step":0.25,"position":1,"bluff":0,"handValue":0.1028,"percentBets_1":0.20588235294117646,"percentBets_2":0.125},"output":{"chips":0.5}},
{"input":{"Win":0.08205128205128205,"Lose":0,"myCurrBet":0,"step":0,"position":1,"bluff":0,"percentBets_1":0.019230769230769232,"percentBets_2":0.020833333333333332,"handValue":0.10120000000000001,"percentBets_3":0.008264462809917356},"output":{"chips":1}},
{"input":{"Win":0.08205128205128205,"Lose":0,"myCurrBet":0.006666666666666667,"step":0,"position":1,"bluff":0,"handValue":0.10120000000000001,"percentBets_1":0.11538461538461539,"percentBets_2":0.08333333333333333,"percentBets_3":0},"output":{"chips":0.5}},
{"input":{"Win":0.08205128205128205,"Lose":0,"myCurrBet":0.016666666666666666,"step":0.25,"position":1,"bluff":0,"handValue":0.10350000000000001,"percentBets_1":0.23076923076923078,"percentBets_2":0.125},"output":{"chips":0.5}},
{"input":{"Win":0.08205128205128205,"Lose":0,"myCurrBet":0.013333333333333334,"step":0.25,"position":1,"bluff":0,"handValue":0.10350000000000001,"percentBets_1":0.15384615384615385,"percentBets_2":0.10416666666666667},"output":{"chips":0.5}},
{"input":{"Win":0.08205128205128205,"Lose":0,"myCurrBet":0.02,"step":0.5,"position":1,"bluff":0,"handValue":0.10400000000000001,"percentBets_1":0.2692307692307692,"percentBets_2":0.16666666666666666},"output":{"chips":0.5}},
{"input":{"Win":0.08205128205128205,"Lose":0,"myCurrBet":0.02666666666666667,"step":0.75,"position":1,"bluff":0,"handValue":0.10410000000000001,"percentBets_1":0.23076923076923078,"percentBets_2":0.16666666666666666},"output":{"chips":0.5}},
{"input":{"Win":0,"Lose":0.02,"myCurrBet":0,"step":0,"position":1,"bluff":0,"percentBets_1":0.02631578947368421,"percentBets_2":0.025,"handValue":0.1022,"percentBets_3":0.016666666666666666},"output":{"chips":0.5}},
{"input":{"Win":0,"Lose":0.02,"myCurrBet":0.006666666666666667,"step":0,"position":1,"bluff":0,"handValue":0.1022,"percentBets_1":0.15789473684210525,"percentBets_2":0.1,"percentBets_3":0},"output":{"chips":0.5}},
{"input":{"Win":0,"Lose":0.02,"myCurrBet":0.016666666666666666,"step":0.5,"position":1,"bluff":0,"handValue":0.300000121013,"percentBets_2":0.125},"output":{"chips":0.5}},
{"input":{"Win":0,"Lose":0.02,"myCurrBet":0.013333333333333334,"step":0.25,"position":1,"bluff":0,"handValue":0.300000121013,"percentBets_1":0,"percentBets_2":0.125},"output":{"chips":0.5}},
{"input":{"Win":0,"Lose":0.02,"myCurrBet":0.016666666666666666,"step":0.75,"position":1,"bluff":0,"handValue":0.300000121013,"percentBets_2":0.15},"output":{"chips":0.5}},
{"input":{"Win":0,"Lose":0,"myCurrBet":0,"step":0,"position":1,"bluff":0,"percentBets_1":0.03125,"percentBets_2":0.0196078431372549,"handValue":0.1023,"percentBets_3":0.01694915254237288},"output":{"chips":1}},
{"input":{"Win":0,"Lose":0,"myCurrBet":0.01,"step":0,"position":1,"bluff":0,"handValue":0.1023,"percentBets_1":0.1875,"percentBets_2":0.0784313725490196,"percentBets_3":0.03389830508474576},"output":{"chips":0}},
