{"input":{"Win":0,"Lose":0.02,"myCurrBet":0,"step":0,"position":0.75,"bluff":0,"percentBets_1":0.006666666666666667,"percentBets_2":0.013333333333333334,"handValue":0.600803},"output":{"chips":1}},
{"input":{"Win":0,"Lose":0.02,"myCurrBet":0.01,"step":0,"position":0.75,"bluff":0,"handValue":0.600803,"percentBets_4":0.04,"percentBets_1":0.08,"percentBets_2":0.08},"output":{"chips":0.5}},
{"input":{"Win":0,"Lose":0.02,"myCurrBet":0.02,"step":0.75,"position":0.75,"bluff":0,"handValue":0.1027,"percentBets_4":0.08,"percentBets_1":0.08,"percentBets_2":0.08},"output":{"chips":0.5}},
{"input":{"Win":0,"Lose":0.02,"myCurrBet":0.02,"step":0.25,"position":0.75,"bluff":0,"handValue":0.10200000000000001,"percentBets_4":0.08,"percentBets_1":0.08,"percentBets_2":0.08},"output":{"chips":0.5}},
{"input":{"Win":0,"Lose":0.02,"myCurrBet":0.02,"step":0.5,"position":0.75,"bluff":0,"handValue":0.1017,"percentBets_4":0.08,"percentBets_1":0.08,"percentBets_2":0.08},"output":{"chips":0.5}},
{"input":{"Win":0,"Lose":0.04666666666666667,"myCurrBet":0,"step":0,"position":0.75,"bluff":1,"percentBets_1":0.007246376811594203,"percentBets_2":0.014492753623188406,"handValue":0.1017},"output":{"chips":0.5}},
{"input":{"Win":0,"Lose":0.04666666666666667,"myCurrBet":0.02666666666666667,"step":0.5,"position":0.75,"bluff":0,"handValue":0.10250000000000001,"percentBets_4":0.08602150537634409,"percentBets_1":0.11594202898550725,"percentBets_2":0.11594202898550725},"output":{"chips":0.5}},
{"input":{"Win":0,"Lose":0.04666666666666667,"myCurrBet":0.02666666666666667,"step":0.25,"position":0.75,"bluff":0,"handValue":0.1032,"percentBets_4":0.08602150537634409,"percentBets_1":0.11594202898550725,"percentBets_2":0.11594202898550725},"output":{"chips":0.5}},
{"input":{"Win":0,"Lose":0.04666666666666667,"myCurrBet":0.0033333333333333335,"step":0,"position":0.75,"bluff":0,"handValue":0.1017,"percentBets_4":0.043010752688172046,"percentBets_1":0.11594202898550725,"percentBets_2":0.11594202898550725},"output":{"chips":0.5}},
{"input":{"Win":0,"Lose":0.04666666666666667,"myCurrBet":0.02666666666666667,"step":0.5,"position":0.75,"bluff":0,"handValue":0.10250000000000001,"percentBets_4":0.11827956989247312,"percentBets_1":0.2028985507246377,"percentBets_2":0.2028985507246377},"output":{"chips":0.5}},
{"input":{"Win":0,"Lose":0.04666666666666667,"myCurrBet":0.04666666666666667,"step":0.75,"position":0.75,"bluff":0,"handValue":0.30000008070899997,"percentBets_4":0.15053763440860216,"percentBets_1":0.2028985507246377,"percentBets_2":0.2028985507246377},"output":{"chips":0}},
{"input":{"Win":0,"Lose":0.04,"myCurrBet":0.01,"step":0,"position":0.75,"bluff":0,"handValue":0.10200000000000001,"percentBets_4":0.022222222222222223,"percentBets_1":0.10909090909090909,"percentBets_2":0.10909090909090909},"output":{"chips":0.5}},
{"input":{"Win":0,"Lose":0.04,"myCurrBet":0,"step":0,"position":0.75,"bluff":0,"percentBets_1":0.00909090909090909,"percentBets_2":0.01818181818181818,"handValue":0.10200000000000001},"output":{"chips":1}},
{"input":{"Win":0,"Lose":0.04,"myCurrBet":0.02,"step":0.25,"position":0.75,"bluff":0,"handValue":0.10250000000000001,"percentBets_4":0.06666666666666667,"percentBets_1":0.21818181818181817,"percentBets_2":0.21818181818181817},"output":{"chips":0.5}},
{"input":{"Win":0,"Lose":0.04,"myCurrBet":0.04,"step":0.5,"position":0.75,"bluff":0,"handValue":0.10350000000000001,"percentBets_4":0.08888888888888889,"percentBets_1":0.21818181818181817,"percentBets_2":0.21818181818181817},"output":{"chips":0.5}},
{"input":{"Win":0,"Lose":0.04,"myCurrBet":0.04,"step":0.75,"position":0.75,"bluff":0,"handValue":0.10410000000000001,"percentBets_4":0.08888888888888889,"percentBets_1":0.21818181818181817,"percentBets_2":0.21818181818181817},"output":{"chips":0}},
{"input":{"Win":0,"Lose":0.04,"myCurrBet":0.02,"step":0.25,"position":0.75,"bluff":0,"handValue":0.10250000000000001,"percentBets_4":0.044444444444444446,"percentBets_1":0.10909090909090909,"percentBets_2":0.10909090909090909},"output":{"chips":0.5}},
{"input":{"Win":0,"Lose":0,"myCurrBet":0,"step":0,"position":0.75,"bluff":0,"percentBets_1":0.005494505494505495,"percentBets_2":0.023255813953488372,"handValue":0.1},"output":{"chips":1}},
{"input":{"Win":0,"Lose":0,"myCurrBet":0.02666666666666667,"step":0.5,"position":0.75,"bluff":0,"handValue":0.400000120806,"percentBets_4":0.06504065040650407,"percentBets_1":0.08791208791208792,"percentBets_2":0.18604651162790697},"output":{"chips":0.5}},
{"input":{"Win":0,"Lose":0,"myCurrBet":0.02666666666666667,"step":0.5,"position":0.75,"bluff":0,"handValue":0.400000120806,"percentBets_4":0.07317073170731707,"percentBets_1":0.10989010989010989,"percentBets_2":0.23255813953488372},"output":{"chips":0}},
{"input":{"Win":0,"Lose":0,"myCurrBet":0.02666666666666667,"step":0.25,"position":0.75,"bluff":1,"handValue":0.40000012080400005,"percentBets_4":0.06504065040650407,"percentBets_1":0.08791208791208792,"percentBets_2":0.18604651162790697},"output":{"chips":0.5}},
{"input":{"Win":0,"Lose":0,"myCurrBet":0.013333333333333334,"step":0,"position":0.75,"bluff":0,"handValue":0.1,"percentBets_4":0.032520325203252036,"percentBets_1":0.08791208791208792,"percentBets_2":0.18604651162790697},"output":{"chips":0.5}},
{"input":{"Win":0,"Lose":0.04666666666666667,"myCurrBet":0,"step":0,"position":0.75,"bluff":0,"percentBets_1":0.006172839506172839,"percentBets_2":0.030303030303030304,"handValue":0.101},"output":{"chips":1}},
{"input":{"Win":0,"Lose":0.04666666666666667,"myCurrBet":0.02,"step":0.5,"position":0.75,"bluff":0,"handValue":0.1022,"percentBets_4":0.039735099337748346,"percentBets_1":0.07407407407407407,"percentBets_2":0.18181818181818182},"output":{"chips":0.5}},
{"input":{"Win":0,"Lose":0.04666666666666667,"myCurrBet":0.01,"step":0,"position":0.75,"bluff":0,"handValue":0.101,"percentBets_4":0.019867549668874173,"percentBets_1":0.07407407407407407,"percentBets_2":0.18181818181818182},"output":{"chips":0.5}},
{"input":{"Win":0,"Lose":0.04666666666666667,"myCurrBet":0.02,"step":0.25,"position":0.75,"bluff":0,"handValue":0.1018,"percentBets_4":0.039735099337748346,"percentBets_1":0.07407407407407407,"percentBets_2":0.18181818181818182},"output":{"chips":0.5}},
{"input":{"Win":0,"Lose":0.04666666666666667,"myCurrBet":0.02,"step":0.75,"position":0.75,"bluff":0,"handValue":0.30000009071,"percentBets_4":0.039735099337748346,"percentBets_1":0.07407407407407407,"percentBets_2":0.18181818181818182},"output":{"chips":0}},
{"input":{"Win":0,"Lose":0.02,"myCurrBet":0.01,"step":0,"position":0.75,"bluff":0,"handValue":0.1015,"percentBets_4":0.01775147928994083,"percentBets_1":0.08,"percentBets_2":0.2222222222222222},"output":{"chips":0.5}},
{"input":{"Win":0,"Lose":0.02,"myCurrBet":0,"step":0,"position":0.75,"bluff":0,"percentBets_1":0.006666666666666667,"percentBets_2":0.037037037037037035,"handValue":0.1015},"output":{"chips":1}},
{"input":{"Win":0,"Lose":0.02,"myCurrBet":0.02,"step":0.25,"position":0.75,"bluff":0,"handValue":0.1017,"percentBets_4":0.03550295857988166,"percentBets_1":0.08,"percentBets_2":0.2222222222222222},"output":{"chips":0.5}},
{"input":{"Win":0,"Lose":0.02,"myCurrBet":0.02,"step":0.5,"position":0.75,"bluff":0,"handValue":0.40000001100500004,"percentBets_4":0.03550295857988166,"percentBets_1":0.08,"percentBets_2":0.2222222222222222},"output":{"chips":0.5}},
{"input":{"Win":0,"Lose":0.02,"myCurrBet":0.02,"step":0.75,"position":0.75,"bluff":0,"handValue":0.40000001121,"percentBets_4":0.03550295857988166,"percentBets_1":0.08,"percentBets_2":0.2222222222222222},"output":{"chips":0}},
{"input":{"Win":0,"Lose":0.04,"myCurrBet":0.03333333333333333,"step":0.25,"position":0.75,"bluff":0,"handValue":0.1017,"percentBets_4":0.06134969325153374,"percentBets_1":0.12903225806451613,"percentBets_2":0.5714285714285714},"output":{"chips":0.5}},
{"input":{"Win":0,"Lose":0.04,"myCurrBet":0,"step":0,"position":0.75,"bluff":1,"percentBets_1":0.005376344086021506,"percentBets_2":0.047619047619047616,"handValue":0.1008},"output":{"chips":1}},
{"input":{"Win":0,"Lose":0.04,"myCurrBet":0.013333333333333334,"step":0,"position":0.75,"bluff":0,"handValue":0.1008,"percentBets_4":0.024539877300613498,"percentBets_1":0.08602150537634409,"percentBets_2":0.38095238095238093},"output":{"chips":0.5}},
{"input":{"Win":0,"Lose":0.04,"myCurrBet":0.02666666666666667,"step":0.25,"position":0.75,"bluff":1,"handValue":0.1017,"percentBets_4":0.049079754601226995,"percentBets_1":0.08602150537634409,"percentBets_2":0.38095238095238093},"output":{"chips":1}},
{"input":{"Win":0,"Lose":0.04,"myCurrBet":0.04,"step":0.5,"position":0.75,"bluff":0,"handValue":0.10250000000000001,"percentBets_4":0.049079754601226995,"percentBets_1":0.12903225806451613,"percentBets_2":0.5714285714285714},"output":{"chips":0.5}},
{"input":{"Win":0,"Lose":0.04,"myCurrBet":0.04,"step":0.75,"position":0.75,"bluff":0,"handValue":0.10350000000000001,"percentBets_1":0.12903225806451613,"percentBets_2":0.5714285714285714},"output":{"chips":0.5}},
{"input":{"Win":0,"Lose":0.03666666666666667,"myCurrBet":0.0033333333333333335,"step":0,"position":0.75,"bluff":0,"handValue":0.1009,"percentBets_4":0.006535947712418301,"percentBets_1":0.024691358024691357,"percentBets_2":0.03636363636363636},"output":{"chips":1}},
{"input":{"Win":0,"Lose":0.03666666666666667,"myCurrBet":0,"step":0,"position":0.75,"bluff":1,"percentBets_1":0.006172839506172839,"percentBets_2":0.01818181818181818,"handValue":0.1009},"output":{"chips":0.5}},
{"input":{"Win":0,"Lose":0.03666666666666667,"myCurrBet":0.03333333333333333,"step":0.25,"position":0.75,"bluff":0,"handValue":0.1024,"percentBets_4":0,"percentBets_1":0.12345679012345678,"percentBets_2":0.18181818181818182},"output":{"chips":0.5}},
{"input":{"Win":0,"Lose":0.03666666666666667,"myCurrBet":0.016666666666666666,"step":0,"position":0.75,"bluff":0,"handValue":0.1009,"percentBets_4":0.032679738562091505,"percentBets_1":0.12345679012345678,"percentBets_2":0.18181818181818182},"output":{"chips":0.5}},
{"input":{"Win":0,"Lose":0.03666666666666667,"myCurrBet":0.03333333333333333,"step":0.5,"position":0.75,"bluff":0,"handValue":0.1034,"percentBets_1":0.12345679012345678,"percentBets_2":0.18181818181818182},"output":{"chips":0.5}},
{"input":{"Win":0,"Lose":0.03666666666666667,"myCurrBet":0.03333333333333333,"step":0.75,"position":0.75,"bluff":0,"handValue":0.1042,"percentBets_1":0.12345679012345678,"percentBets_2":0.18181818181818182},"output":{"chips":0.5}},
