{"input":{"Win":0.4711111111111111,"Lose":0,"myCurrBet":0.01,"step":0,"position":0.25,"bluff":0,"handValue":0.1005,"percentBets_2":0.05333333333333334,"percentBets_3":0.05333333333333334,"percentBets_4":0.10666666666666667},"output":{"chips":1}},
{"input":{"Win":0.4711111111111111,"Lose":0,"myCurrBet":0.03,"step":0,"position":0.25,"bluff":0,"handValue":0.1005,"percentBets_2":0.13333333333333333,"percentBets_3":0.13333333333333333,"percentBets_4":0.26666666666666666},"output":{"chips":0.5}},
{"input":{"Win":0.4711111111111111,"Lose":0,"myCurrBet":0.17666666666666667,"step":0.25,"position":0.25,"bluff":0,"handValue":0.1008,"percentBets_4":0.8266666666666667},"output":{"chips":1}},
{"input":{"Win":0.4711111111111111,"Lose":0,"myCurrBet":0.0016666666666666668,"step":0,"position":0.25,"bluff":0,"percentBets_2":0.013333333333333334,"handValue":0.1005,"percentBets_3":0.013333333333333334,"percentBets_4":0.02666666666666667},"output":{"chips":1}},
{"input":{"Win":0.4711111111111111,"Lose":0,"myCurrBet":0.14666666666666667,"step":0.25,"position":0.25,"bluff":0,"handValue":0.1008,"percentBets_2":0,"percentBets_3":0,"percentBets_4":0.5866666666666667},"output":{"chips":1}},
{"input":{"Win":0.4711111111111111,"Lose":0,"myCurrBet":0.15666666666666668,"step":0.25,"position":0.25,"bluff":0,"handValue":0.1008,"percentBets_4":0.6666666666666666},"output":{"chips":1}},
{"input":{"Win":0.4711111111111111,"Lose":0,"myCurrBet":0.06666666666666667,"step":0,"position":0.25,"bluff":1,"handValue":0.1005,"percentBets_2":0.29333333333333333,"percentBets_3":0.29333333333333333,"percentBets_4":0.5866666666666667},"output":{"chips":0.5}},
{"input":{"Win":0.15126050420168066,"Lose":0,"myCurrBet":0.0016666666666666668,"step":0,"position":0.25,"bluff":1,"percentBets_2":0.018867924528301886,"handValue":0.601106,"percentBets_3":0.018867924528301886,"percentBets_4":0.15384615384615385},"output":{"chips":1}},
{"input":{"Win":0.15126050420168066,"Lose":0,"myCurrBet":0.016666666666666666,"step":0,"position":0.25,"bluff":1,"handValue":0.601106,"percentBets_2":0.1509433962264151,"percentBets_3":0.1509433962264151,"percentBets_4":0},"output":{"chips":0.5}},
{"input":{"Win":0.15126050420168066,"Lose":0,"myCurrBet":0.02666666666666667,"step":0.25,"position":0.25,"bluff":0,"handValue":0.10500000000000001,"percentBets_2":0.1509433962264151,"percentBets_3":0.1509433962264151},"output":{"chips":0}},
{"input":{"Win":0.15126050420168066,"Lose":0,"myCurrBet":0.02666666666666667,"step":0.25,"position":0.25,"bluff":1,"handValue":0.1051,"percentBets_2":0.1509433962264151,"percentBets_3":0.1509433962264151},"output":{"chips":1}},
{"input":{"Win":0.15126050420168066,"Lose":0,"myCurrBet":0.02666666666666667,"step":0.25,"position":0.25,"bluff":0,"handValue":0.10500000000000001,"percentBets_2":0.1509433962264151,"percentBets_3":0.1509433962264151},"output":{"chips":0}},
{"input":{"Win":0,"Lose":0.02,"myCurrBet":0.016666666666666666,"step":0,"position":0.25,"bluff":0,"handValue":0.1015,"percentBets_2":0.13333333333333333,"percentBets_3":0.13333333333333333,"percentBets_4":0},"output":{"chips":0.5}},
{"input":{"Win":0,"Lose":0.02,"myCurrBet":0.02,"step":0.25,"position":0.25,"bluff":0,"handValue":0.1028,"percentBets_2":0.13333333333333333,"percentBets_3":0.13333333333333333},"output":{"chips":0}},
{"input":{"Win":0,"Lose":0.02,"myCurrBet":0.0016666666666666668,"step":0,"position":0.25,"bluff":0,"percentBets_2":0.022222222222222223,"handValue":0.1015,"percentBets_3":0.022222222222222223,"percentBets_4":0.18181818181818182},"output":{"chips":1}},
{"input":{"Win":0,"Lose":0.02,"myCurrBet":0.02,"step":0.25,"position":0.25,"bluff":0,"handValue":0.1028,"percentBets_2":0.13333333333333333,"percentBets_3":0.13333333333333333},"output":{"chips":0}},
{"input":{"Win":0,"Lose":0.02,"myCurrBet":0.02,"step":0.25,"position":0.25,"bluff":0,"handValue":0.300000110709,"percentBets_2":0.13333333333333333,"percentBets_3":0.13333333333333333},"output":{"chips":0}},
{"input":{"Win":0,"Lose":0,"myCurrBet":0.0016666666666666668,"step":0,"position":0.25,"bluff":0,"percentBets_2":0.02564102564102564,"handValue":0.10110000000000001,"percentBets_3":0.01694915254237288,"percentBets_4":0.2222222222222222},"output":{"chips":1}},
{"input":{"Win":0,"Lose":0,"myCurrBet":0.016666666666666666,"step":0.25,"position":0.25,"bluff":0,"handValue":0.1034,"percentBets_2":0.15384615384615385,"percentBets_3":0.1016949152542373},"output":{"chips":0}},
{"input":{"Win":0,"Lose":0,"myCurrBet":0.016666666666666666,"step":0.25,"position":0.25,"bluff":0,"handValue":0.1024,"percentBets_2":0.1282051282051282,"percentBets_3":0.0847457627118644},"output":{"chips":0}},
{"input":{"Win":0,"Lose":0,"myCurrBet":0.016666666666666666,"step":0.25,"position":0.25,"bluff":0,"handValue":0.1024,"percentBets_2":0.1282051282051282,"percentBets_3":0.0847457627118644},"output":{"chips":0}},
{"input":{"Win":0,"Lose":0,"myCurrBet":0.013333333333333334,"step":0,"position":0.25,"bluff":0,"handValue":0.10110000000000001,"percentBets_2":0.1282051282051282,"percentBets_3":0.0847457627118644,"percentBets_4":0},"output":{"chips":0.5}},
{"input":{"Win":0,"Lose":0.03666666666666667,"myCurrBet":0.02,"step":0.25,"position":0.25,"bluff":0,"handValue":0.1038,"percentBets_2":0.11538461538461539,"percentBets_3":0.11320754716981132},"output":{"chips":0}},
{"input":{"Win":0,"Lose":0.03666666666666667,"myCurrBet":0.0016666666666666668,"step":0,"position":0.25,"bluff":0,"percentBets_2":0.019230769230769232,"handValue":0.101,"percentBets_3":0.018867924528301886,"percentBets_4":0.2857142857142857},"output":{"chips":1}},
{"input":{"Win":0,"Lose":0.03666666666666667,"myCurrBet":0.013333333333333334,"step":0,"position":0.25,"bluff":1,"handValue":0.101,"percentBets_2":0.11538461538461539,"percentBets_3":0.11320754716981132,"percentBets_4":0},"output":{"chips":0.5}},
{"input":{"Win":0,"Lose":0.03666666666666667,"myCurrBet":0.02,"step":0.25,"position":0.25,"bluff":0,"handValue":0.1038,"percentBets_2":0.11538461538461539,"percentBets_3":0.11320754716981132},"output":{"chips":0}},
{"input":{"Win":0,"Lose":0.03666666666666667,"myCurrBet":0.02,"step":0.25,"position":0.25,"bluff":0,"handValue":0.1048,"percentBets_2":0.11538461538461539,"percentBets_3":0.11320754716981132},"output":{"chips":0}},
{"input":{"Win":0.11864406779661017,"Lose":0,"myCurrBet":0.013333333333333334,"step":0.25,"position":0.25,"bluff":0,"handValue":0.10350000000000001,"percentBets_2":0.06060606060606061,"percentBets_3":0.0851063829787234,"percentBets_4":0},"output":{"chips":1}},
{"input":{"Win":0.11864406779661017,"Lose":0,"myCurrBet":0.02,"step":0.5,"position":0.25,"bluff":1,"handValue":0.601110070604,"percentBets_2":0.09090909090909091,"percentBets_3":0.1276595744680851},"output":{"chips":0.5}},
{"input":{"Win":0.11864406779661017,"Lose":0,"myCurrBet":0.02,"step":0.5,"position":0.25,"bluff":0,"handValue":0.601110070604,"percentBets_2":0.09090909090909091,"percentBets_3":0.1276595744680851},"output":{"chips":0}},
{"input":{"Win":0.11864406779661017,"Lose":0,"myCurrBet":0.0016666666666666668,"step":0,"position":0.25,"bluff":0,"percentBets_2":0.015151515151515152,"handValue":0.6010059999999999,"percentBets_3":0.02127659574468085,"percentBets_4":0.4},"output":{"chips":1}},
{"input":{"Win":0.038461538461538464,"Lose":0,"myCurrBet":0.0016666666666666668,"step":0,"position":0.25,"bluff":0,"percentBets_2":0.016666666666666666,"handValue":0.10070000000000001,"percentBets_3":0.024390243902439025,"percentBets_4":0.6666666666666666},"output":{"chips":1}},
{"input":{"Win":0,"Lose":0,"myCurrBet":0.0016666666666666668,"step":0,"position":0.25,"bluff":0,"percentBets_2":0.01694915254237288,"handValue":0.600703,"percentBets_3":0.025,"percentBets_4":0},"output":{"chips":1}},
{"input":{"Win":0,"Lose":0,"myCurrBet":0.013333333333333334,"step":0,"position":0.25,"bluff":0,"handValue":0.600703,"percentBets_2":0.0847457627118644,"percentBets_3":0.125},"output":{"chips":0}},
{"input":{"Win":0,"Lose":0.03333333333333333,"myCurrBet":0.0016666666666666668,"step":0,"position":0.25,"bluff":0,"percentBets_2":0.018867924528301886,"handValue":0.10250000000000001,"percentBets_3":0.02,"percentBets_4":0},"output":{"chips":1}},
{"input":{"Win":0,"Lose":0.03333333333333333,"myCurrBet":0.01,"step":0.25,"position":0.25,"bluff":0,"handValue":0.1033,"percentBets_2":0.05660377358490566,"percentBets_3":0.06},"output":{"chips":1}},
{"input":{"Win":0,"Lose":0.03333333333333333,"myCurrBet":0.02,"step":0.5,"position":0.25,"bluff":0,"handValue":0.10400000000000001,"percentBets_2":0.11320754716981132,"percentBets_3":0.12},"output":{"chips":0}},
{"input":{"Win":0,"Lose":0.03333333333333333,"myCurrBet":0.02,"step":0.5,"position":0.25,"bluff":0,"handValue":0.10400000000000001,"percentBets_2":0.11320754716981132,"percentBets_3":0.12},"output":{"chips":0}},
{"input":{"Win":0,"Lose":0.03333333333333333,"myCurrBet":0.006666666666666667,"step":0,"position":0.25,"bluff":1,"handValue":0.10250000000000001,"percentBets_2":0.05660377358490566,"percentBets_3":0.06},"output":{"chips":0.5}},
{"input":{"Win":0.10909090909090909,"Lose":0,"myCurrBet":0.013333333333333334,"step":0,"position":0.25,"bluff":0,"handValue":0.1017,"percentBets_2":0.1276595744680851,"percentBets_3":0.0967741935483871},"output":{"chips":0.5}},
{"input":{"Win":0.10909090909090909,"Lose":0,"myCurrBet":0.0016666666666666668,"step":0,"position":0.25,"bluff":0,"percentBets_2":0.02127659574468085,"handValue":0.1017,"percentBets_3":0.016129032258064516,"percentBets_4":0},"output":{"chips":1}},
{"input":{"Win":0.10909090909090909,"Lose":0,"myCurrBet":0.02,"step":0.25,"position":0.25,"bluff":1,"handValue":0.10110000000000001,"percentBets_2":0.1276595744680851,"percentBets_3":0.0967741935483871},"output":{"chips":0.5}},
{"input":{"Win":0.10909090909090909,"Lose":0,"myCurrBet":0.02,"step":0.25,"position":0.25,"bluff":0,"handValue":0.10110000000000001,"percentBets_2":0.1276595744680851,"percentBets_3":0.0967741935483871},"output":{"chips":0}},
{"input":{"Win":0.10909090909090909,"Lose":0,"myCurrBet":0.02,"step":0.75,"position":0.25,"bluff":0,"handValue":0.40000011060400004,"percentBets_2":0.1276595744680851,"percentBets_3":0.0967741935483871},"output":{"chips":0}},
{"input":{"Win":0,"Lose":0.02,"myCurrBet":0.0016666666666666668,"step":0,"position":0.25,"bluff":0,"percentBets_2":0.024390243902439025,"handValue":0.10160000000000001,"percentBets_3":0.017857142857142856,"percentBets_4":0},"output":{"chips":1}},
{"input":{"Win":0,"Lose":0.02,"myCurrBet":0.02,"step":0.25,"position":0.25,"bluff":1,"handValue":0.1037,"percentBets_2":0.14634146341463414,"percentBets_3":0.10714285714285714},"output":{"chips":0.5}},
{"input":{"Win":0,"Lose":0.02,"myCurrBet":0.01,"step":0,"position":0.25,"bluff":0,"handValue":0.10160000000000001,"percentBets_2":0.14634146341463414,"percentBets_3":0.10714285714285714},"output":{"chips":0.5}},
{"input":{"Win":0,"Lose":0.02,"myCurrBet":0.02,"step":0.25,"position":0.25,"bluff":0,"handValue":0.1037,"percentBets_2":0.14634146341463414,"percentBets_3":0.10714285714285714},"output":{"chips":0}},
{"input":{"Win":0,"Lose":0.02,"myCurrBet":0.02,"step":0.75,"position":0.25,"bluff":0,"handValue":0.1046,"percentBets_2":0.14634146341463414,"percentBets_3":0.10714285714285714},"output":{"chips":0}},
{"input":{"Win":0,"Lose":0.016666666666666666,"myCurrBet":0.0016666666666666668,"step":0,"position":0.25,"bluff":0,"percentBets_2":0.018867924528301886,"handValue":0.1009,"percentBets_3":0.02,"percentBets_4":0},"output":{"chips":1}},
{"input":{"Win":0,"Lose":0.016666666666666666,"myCurrBet":0.016666666666666666,"step":0.5,"position":0.25,"bluff":0,"handValue":0.1038,"percentBets_2":0.09433962264150944,"percentBets_3":0.1},"output":{"chips":0}},
{"input":{"Win":0,"Lose":0.016666666666666666,"myCurrBet":0.016666666666666666,"step":0.25,"position":0.25,"bluff":1,"handValue":0.10310000000000001,"percentBets_2":0.09433962264150944,"percentBets_3":0.1},"output":{"chips":0.5}},
{"input":{"Win":0,"Lose":0.016666666666666666,"myCurrBet":0.006666666666666667,"step":0,"position":0.25,"bluff":0,"handValue":0.1009,"percentBets_2":0.09433962264150944,"percentBets_3":0.1},"output":{"chips":0.5}},
{"input":{"Win":0,"Lose":0.016666666666666666,"myCurrBet":0.016666666666666666,"step":0.5,"position":0.25,"bluff":0,"handValue":0.1038,"percentBets_2":0.09433962264150944,"percentBets_3":0.1},"output":{"chips":0}},
{"input":{"Win":0,"Lose":0.023333333333333334,"myCurrBet":0.0016666666666666668,"step":0,"position":0.25,"bluff":0,"percentBets_2":0.015873015873015872,"handValue":0.1013,"percentBets_3":0.022222222222222223,"percentBets_4":0},"output":{"chips":1}},
{"input":{"Win":0,"Lose":0.023333333333333334,"myCurrBet":0.013333333333333334,"step":0,"position":0.25,"bluff":0,"handValue":0.1013,"percentBets_2":0.1111111111111111,"percentBets_3":0.15555555555555556},"output":{"chips":0.5}},
{"input":{"Win":0,"Lose":0.023333333333333334,"myCurrBet":0.023333333333333334,"step":0.25,"position":0.25,"bluff":0,"handValue":0.10360000000000001,"percentBets_2":0.1111111111111111,"percentBets_3":0.15555555555555556},"output":{"chips":0}},
{"input":{"Win":0,"Lose":0.023333333333333334,"myCurrBet":0.023333333333333334,"step":0.25,"position":0.25,"bluff":0,"handValue":0.10360000000000001,"percentBets_2":0.1111111111111111,"percentBets_3":0.15555555555555556},"output":{"chips":0}},
{"input":{"Win":0,"Lose":0.023333333333333334,"myCurrBet":0.023333333333333334,"step":0.25,"position":0.25,"bluff":0,"handValue":0.10400000000000001,"percentBets_2":0.1111111111111111,"percentBets_3":0.15555555555555556},"output":{"chips":0}},
{"input":{"Win":0,"Lose":0,"myCurrBet":0.0016666666666666668,"step":0,"position":0.25,"bluff":0,"percentBets_2":0.012987012987012988,"handValue":0.601005,"percentBets_3":0.02631578947368421,"percentBets_4":0},"output":{"chips":1}},
{"input":{"Win":0,"Lose":0,"myCurrBet":0.01,"step":0,"position":0.25,"bluff":0,"handValue":0.601005,"percentBets_2":0.05194805194805195,"percentBets_3":0.10526315789473684},"output":{"chips":0}},
{"input":{"Win":0,"Lose":0.02666666666666667,"myCurrBet":0.0016666666666666668,"step":0,"position":0.25,"bluff":0,"percentBets_2":0.011904761904761904,"handValue":0.10120000000000001,"percentBets_3":0.029411764705882353,"percentBets_4":0},"output":{"chips":1}},
{"input":{"Win":0,"Lose":0.02666666666666667,"myCurrBet":0.01,"step":0,"position":0.25,"bluff":0,"handValue":0.10120000000000001,"percentBets_2":0.05952380952380952,"percentBets_3":0.14705882352941177},"output":{"chips":0.5}},
{"input":{"Win":0,"Lose":0.02666666666666667,"myCurrBet":0.016666666666666666,"step":0.25,"position":0.25,"bluff":0,"handValue":0.1032,"percentBets_2":0.05952380952380952,"percentBets_3":0.14705882352941177},"output":{"chips":0}},
{"input":{"Win":0,"Lose":0.02666666666666667,"myCurrBet":0.016666666666666666,"step":0.25,"position":0.25,"bluff":0,"handValue":0.1032,"percentBets_2":0.05952380952380952,"percentBets_3":0.14705882352941177},"output":{"chips":0}},
{"input":{"Win":0,"Lose":0.02666666666666667,"myCurrBet":0.016666666666666666,"step":0.25,"position":0.25,"bluff":0,"handValue":0.1029,"percentBets_2":0.05952380952380952,"percentBets_3":0.14705882352941177},"output":{"chips":0}},
{"input":{"Win":0,"Lose":0.05333333333333334,"myCurrBet":0.0033333333333333335,"step":0,"position":0.25,"bluff":0,"percentBets_2":0.02127659574468085,"handValue":0.10070000000000001,"percentBets_3":0.06896551724137931,"percentBets_4":0},"output":{"chips":1}},
{"input":{"Win":0,"Lose":0.05333333333333334,"myCurrBet":0.04,"step":0.25,"position":0.25,"bluff":1,"handValue":0.1029,"percentBets_2":0.1276595744680851,"percentBets_3":0.41379310344827586},"output":{"chips":1}},
{"input":{"Win":0,"Lose":0.05333333333333334,"myCurrBet":0.02666666666666667,"step":0,"position":0.25,"bluff":1,"handValue":0.10070000000000001,"percentBets_2":0.1276595744680851,"percentBets_3":0.41379310344827586},"output":{"chips":0.5}},
{"input":{"Win":0,"Lose":0.05333333333333334,"myCurrBet":0.05333333333333334,"step":0.5,"position":0.25,"bluff":0,"handValue":0.1038,"percentBets_2":0.1702127659574468,"percentBets_3":0.5517241379310345},"output":{"chips":0}},
{"input":{"Win":0,"Lose":0.05333333333333334,"myCurrBet":0.05333333333333334,"step":0.5,"position":0.25,"bluff":0,"handValue":0.1038,"percentBets_2":0.1702127659574468,"percentBets_3":0.5517241379310345},"output":{"chips":0}},
{"input":{"Win":0,"Lose":0.02666666666666667,"myCurrBet":0.02666666666666667,"step":0.25,"position":0.25,"bluff":0,"handValue":0.1028,"percentBets_2":0.06349206349206349,"percentBets_3":0.6153846153846154},"output":{"chips":0}},
{"input":{"Win":0,"Lose":0.02666666666666667,"myCurrBet":0.02666666666666667,"step":0.25,"position":0.25,"bluff":0,"handValue":0.1028,"percentBets_2":0.06349206349206349,"percentBets_3":0.6153846153846154},"output":{"chips":0}},
{"input":{"Win":0,"Lose":0.02666666666666667,"myCurrBet":0.02666666666666667,"step":0.25,"position":0.25,"bluff":0,"handValue":0.1034,"percentBets_2":0.06349206349206349,"percentBets_3":0.6153846153846154},"output":{"chips":0}},
{"input":{"Win":0,"Lose":0.02666666666666667,"myCurrBet":0.0033333333333333335,"step":0,"position":0.25,"bluff":0,"percentBets_2":0.015873015873015872,"handValue":0.1019,"percentBets_3":0.15384615384615385,"percentBets_4":0},"output":{"chips":1}},
{"input":{"Win":0,"Lose":0,"myCurrBet":0.0033333333333333335,"step":0,"position":0.25,"bluff":0,"percentBets_2":0.014084507042253521,"handValue":0.10120000000000001,"percentBets_3":0.4,"percentBets_4":0},"output":{"chips":0}},
{"input":{"Win":0,"Lose":0.0033333333333333335,"myCurrBet":0.0033333333333333335,"step":0,"position":0.25,"bluff":0,"percentBets_2":0.013793103448275862,"handValue":0.10060000000000001,"percentBets_3":0.6666666666666666,"percentBets_4":0},"output":{"chips":0}},
{"input":{"Win":0,"Lose":0.0033333333333333335,"myCurrBet":0.0033333333333333335,"step":0,"position":0.25,"bluff":0,"percentBets_2":0.013986013986013986,"handValue":0.1003,"percentBets_3":0.3333333333333333,"percentBets_4":0},"output":{"chips":0}},
{"input":{"Win":0,"Lose":0.03,"myCurrBet":0.02666666666666667,"step":0.25,"position":0.25,"bluff":0,"handValue":0.1027,"percentBets_2":0.05673758865248227,"percentBets_3":0.8888888888888888},"output":{"chips":0}},
{"input":{"Win":0,"Lose":0.03,"myCurrBet":0.02666666666666667,"step":0.25,"position":0.25,"bluff":0,"handValue":0.1027,"percentBets_2":0.05673758865248227,"percentBets_3":0.8888888888888888},"output":{"chips":0}},
{"input":{"Win":0,"Lose":0.03,"myCurrBet":0.02666666666666667,"step":0.25,"position":0.25,"bluff":1,"handValue":0.10360000000000001,"percentBets_2":0.05673758865248227,"percentBets_3":0.8888888888888888},"output":{"chips":0.5}},
{"input":{"Win":0,"Lose":0.03,"myCurrBet":0.0033333333333333335,"step":0,"position":0.25,"bluff":1,"percentBets_2":0.014184397163120567,"handValue":0.6013069999999999,"percentBets_3":0.2222222222222222,"percentBets_4":0},"output":{"chips":1}},
{"input":{"Win":0,"Lose":0.06666666666666667,"myCurrBet":0.0033333333333333335,"step":0,"position":0.3333333333333333,"bluff":0,"percentBets_2":0.012658227848101266,"handValue":0.10120000000000001,"percentBets_3":0},"output":{"chips":1}},
{"input":{"Win":0,"Lose":0.06666666666666667,"myCurrBet":0.06,"step":0,"position":0.3333333333333333,"bluff":0,"handValue":0.10120000000000001,"percentBets_2":0.12658227848101267},"output":{"chips":0.5}},
{"input":{"Win":0,"Lose":0.06666666666666667,"myCurrBet":0.02666666666666667,"step":0,"position":0.3333333333333333,"bluff":0,"handValue":0.10120000000000001,"percentBets_2":0.08860759493670886},"output":{"chips":1}},
{"input":{"Win":0,"Lose":0.06666666666666667,"myCurrBet":0.06666666666666667,"step":0.25,"position":0.3333333333333333,"bluff":0,"handValue":0.1037,"percentBets_2":0.12658227848101267},"output":{"chips":0}},
{"input":{"Win":0,"Lose":0.06666666666666667,"myCurrBet":0.06666666666666667,"step":0.25,"position":0.3333333333333333,"bluff":0,"handValue":0.1037,"percentBets_2":0.12658227848101267},"output":{"chips":0}},
{"input":{"Win":0,"Lose":0.06666666666666667,"myCurrBet":0.06666666666666667,"step":0.25,"position":0.3333333333333333,"bluff":0,"handValue":0.10490000000000001,"percentBets_2":0.12658227848101267},"output":{"chips":0}},
{"input":{"Win":0,"Lose":0,"myCurrBet":0.013333333333333334,"step":0,"position":0.3333333333333333,"bluff":0,"handValue":0.1014,"percentBets_2":0.033707865168539325},"output":{"chips":1}},
{"input":{"Win":0,"Lose":0,"myCurrBet":0.0033333333333333335,"step":0,"position":0.3333333333333333,"bluff":0,"percentBets_2":0.011235955056179775,"handValue":0.1014,"percentBets_3":0},"output":{"chips":1}},
{"input":{"Win":0,"Lose":0,"myCurrBet":0.04,"step":0.25,"position":0.3333333333333333,"bluff":0,"handValue":0.1017,"percentBets_2":0.10112359550561797},"output":{"chips":0.5}},
{"input":{"Win":0,"Lose":0,"myCurrBet":0.06,"step":0.5,"position":0.3333333333333333,"bluff":0,"handValue":0.30000005041,"percentBets_2":0.1348314606741573},"output":{"chips":0}},
{"input":{"Win":0,"Lose":0,"myCurrBet":0.03333333333333333,"step":0.25,"position":0.3333333333333333,"bluff":0,"handValue":0.1017,"percentBets_2":0.056179775280898875},"output":{"chips":1}},
{"input":{"Win":0,"Lose":0.06,"myCurrBet":0.0033333333333333335,"step":0,"position":0.3333333333333333,"bluff":0,"percentBets_2":0.01020408163265306,"handValue":0.1014,"percentBets_3":0},"output":{"chips":1}},
{"input":{"Win":0,"Lose":0.06,"myCurrBet":0.02666666666666667,"step":0,"position":0.3333333333333333,"bluff":0,"handValue":0.1014,"percentBets_2":0.07142857142857142},"output":{"chips":1}},
{"input":{"Win":0,"Lose":0.06,"myCurrBet":0.06666666666666667,"step":0,"position":0.3333333333333333,"bluff":0,"handValue":0.1014,"percentBets_2":0.1326530612244898},"output":{"chips":0.5}},
{"input":{"Win":0,"Lose":0.06,"myCurrBet":0.08666666666666667,"step":0.25,"position":0.3333333333333333,"bluff":0,"handValue":0.1029,"percentBets_2":0.16326530612244897},"output":{"chips":0}},
{"input":{"Win":0,"Lose":0.08666666666666667,"myCurrBet":0.0033333333333333335,"step":0,"position":0.3333333333333333,"bluff":0,"percentBets_2":0.009009009009009009,"handValue":0.1018,"percentBets_3":0},"output":{"chips":1}},
{"input":{"Win":0,"Lose":0.08666666666666667,"myCurrBet":0.02,"step":0,"position":0.3333333333333333,"bluff":0,"handValue":0.1018,"percentBets_2":0.04504504504504504},"output":{"chips":1}},
{"input":{"Win":0,"Lose":0.08666666666666667,"myCurrBet":0.08,"step":0,"position":0.3333333333333333,"bluff":0,"handValue":0.1018,"percentBets_2":0.11711711711711711},"output":{"chips":0.5}},
{"input":{"Win":0,"Lose":0.08666666666666667,"myCurrBet":0.08666666666666667,"step":0.25,"position":0.3333333333333333,"bluff":0,"handValue":0.10260000000000001,"percentBets_2":0.13513513513513514},"output":{"chips":0}},
{"input":{"Win":0,"Lose":0.08666666666666667,"myCurrBet":0.05333333333333334,"step":0,"position":0.3333333333333333,"bluff":0,"handValue":0.1018,"percentBets_2":0.08108108108108109},"output":{"chips":1}},
{"input":{"Win":0,"Lose":0.02,"myCurrBet":0.0033333333333333335,"step":0,"position":0.3333333333333333,"bluff":0,"percentBets_2":0.008064516129032258,"handValue":0.10250000000000001,"percentBets_3":0},"output":{"chips":1}},
{"input":{"Win":0,"Lose":0.02,"myCurrBet":0.02666666666666667,"step":0,"position":0.3333333333333333,"bluff":0,"handValue":0.10250000000000001,"percentBets_2":0.04032258064516129},"output":{"chips":1}},
{"input":{"Win":0,"Lose":0.02,"myCurrBet":0.05333333333333334,"step":0,"position":0.3333333333333333,"bluff":0,"handValue":0.10250000000000001,"percentBets_2":0.08064516129032258},"output":{"chips":1}},
{"input":{"Win":0,"Lose":0,"myCurrBet":0.0033333333333333335,"step":0,"position":0.3333333333333333,"bluff":0,"percentBets_2":0.008771929824561403,"handValue":0.1019,"percentBets_3":0},"output":{"chips":1}},
{"input":{"Win":0,"Lose":0,"myCurrBet":0.013333333333333334,"step":0,"position":0.3333333333333333,"bluff":0,"handValue":0.1019,"percentBets_2":0.03508771929824561},"output":{"chips":1}},
{"input":{"Win":0,"Lose":0,"myCurrBet":0.03333333333333333,"step":0,"position":0.3333333333333333,"bluff":0,"handValue":0.1019,"percentBets_2":0.06140350877192982},"output":{"chips":1}},
{"input":{"Win":0,"Lose":0,"myCurrBet":0.06666666666666667,"step":0,"position":0.3333333333333333,"bluff":0,"handValue":0.1019,"percentBets_2":0.10526315789473684},"output":{"chips":0.5}},
{"input":{"Win":0,"Lose":0,"myCurrBet":0.08,"step":0.25,"position":0.3333333333333333,"bluff":0,"handValue":0.10310000000000001,"percentBets_2":0.13157894736842105},"output":{"chips":0}},
{"input":{"Win":0,"Lose":0.02,"myCurrBet":0.02666666666666667,"step":0,"position":0.3333333333333333,"bluff":0,"handValue":0.1013,"percentBets_2":0.03968253968253968},"output":{"chips":1}},
{"input":{"Win":0,"Lose":0.02,"myCurrBet":0.0033333333333333335,"step":0,"position":0.3333333333333333,"bluff":0,"percentBets_2":0.007936507936507936,"handValue":0.1013,"percentBets_3":0},"output":{"chips":1}},
{"input":{"Win":0,"Lose":0.02,"myCurrBet":0.04666666666666667,"step":0,"position":0.3333333333333333,"bluff":0,"handValue":0.1013,"percentBets_2":0.07142857142857142},"output":{"chips":1}},
{"input":{"Win":0,"Lose":0,"myCurrBet":0.02,"step":0,"position":0.3333333333333333,"bluff":0,"handValue":0.600901,"percentBets_2":0.05128205128205128},"output":{"chips":1}},
{"input":{"Win":0,"Lose":0,"myCurrBet":0.0033333333333333335,"step":0,"position":0.3333333333333333,"bluff":0,"percentBets_2":0.008547008547008548,"handValue":0.600901,"percentBets_3":0},"output":{"chips":1}},
{"input":{"Win":0,"Lose":0,"myCurrBet":0.04666666666666667,"step":0.25,"position":0.3333333333333333,"bluff":0,"handValue":0.400000020901,"percentBets_2":0.05982905982905983},"output":{"chips":0.5}},
{"input":{"Win":0,"Lose":0,"myCurrBet":0.04666666666666667,"step":0.25,"position":0.3333333333333333,"bluff":0,"handValue":0.400000020901,"percentBets_2":0.07692307692307693},"output":{"chips":0}},
{"input":{"Win":0.00851063829787234,"Lose":0,"myCurrBet":0.0033333333333333335,"step":0,"position":0.3333333333333333,"bluff":0,"percentBets_2":0.008064516129032258,"handValue":0.1008,"percentBets_3":0},"output":{"chips":1}},
{"input":{"Win":0.00851063829787234,"Lose":0,"myCurrBet":0.04,"step":0,"position":0.3333333333333333,"bluff":0,"handValue":0.1008,"percentBets_2":0.06451612903225806},"output":{"chips":1}},
{"input":{"Win":0.00851063829787234,"Lose":0,"myCurrBet":0.02666666666666667,"step":0,"position":0.3333333333333333,"bluff":0,"handValue":0.1008,"percentBets_2":0.04032258064516129},"output":{"chips":1}},
{"input":{"Win":0,"Lose":0.1,"myCurrBet":0.005,"step":0,"position":0.3333333333333333,"bluff":1,"percentBets_2":0.01293103448275862,"handValue":0.601109,"percentBets_3":0},"output":{"chips":0.5}},
{"input":{"Win":0,"Lose":0.1,"myCurrBet":0.01,"step":0,"position":0.3333333333333333,"bluff":1,"handValue":0.601109,"percentBets_2":0.02586206896551724},"output":{"chips":0.5}},
{"input":{"Win":0,"Lose":0.1,"myCurrBet":0.02,"step":0.25,"position":0.3333333333333333,"bluff":0,"handValue":0.10210000000000001,"percentBets_2":0.06465517241379311},"output":{"chips":1}},
{"input":{"Win":0,"Lose":0.1,"myCurrBet":0.1,"step":0.5,"position":0.3333333333333333,"bluff":0,"handValue":0.300000090411,"percentBets_2":0.12931034482758622},"output":{"chips":0}},
{"input":{"Win":0,"Lose":0.1,"myCurrBet":0.1,"step":0.5,"position":0.3333333333333333,"bluff":0,"handValue":0.300000090411,"percentBets_2":0.12931034482758622},"output":{"chips":0}},
{"input":{"Win":0,"Lose":0.1,"myCurrBet":0.08,"step":0.25,"position":0.3333333333333333,"bluff":0,"handValue":0.10210000000000001,"percentBets_2":0.12931034482758622},"output":{"chips":0.5}},
{"input":{"Win":0,"Lose":0.06,"myCurrBet":0.005,"step":0,"position":0.3333333333333333,"bluff":0,"percentBets_2":0.011450381679389313,"handValue":0.600801,"percentBets_3":0},"output":{"chips":1}},
{"input":{"Win":0,"Lose":0.06,"myCurrBet":0.03,"step":0,"position":0.3333333333333333,"bluff":0,"handValue":0.600801,"percentBets_2":0.04580152671755725},"output":{"chips":1}},
{"input":{"Win":0,"Lose":0.06,"myCurrBet":0.06,"step":0.25,"position":0.3333333333333333,"bluff":0,"handValue":0.30000008011,"percentBets_2":0.06870229007633588},"output":{"chips":0.5}},
{"input":{"Win":0,"Lose":0.06,"myCurrBet":0.06,"step":0.5,"position":0.3333333333333333,"bluff":0,"handValue":0.3000001008,"percentBets_2":0.06870229007633588},"output":{"chips":0}},
{"input":{"Win":0,"Lose":0.06,"myCurrBet":0.06,"step":0.5,"position":0.3333333333333333,"bluff":0,"handValue":0.3000001008,"percentBets_2":0.06870229007633588},"output":{"chips":0}},
{"input":{"Win":0.05338078291814947,"Lose":0,"myCurrBet":0.005,"step":0,"position":0.3333333333333333,"bluff":0,"percentBets_2":0.010714285714285714,"handValue":0.500000000007,"percentBets_3":0},"output":{"chips":1}},
{"input":{"Win":0.05338078291814947,"Lose":0,"myCurrBet":0.02,"step":0,"position":0.3333333333333333,"bluff":0,"handValue":0.500000000007,"percentBets_2":0.05357142857142857},"output":{"chips":1}},
{"input":{"Win":0.05639097744360902,"Lose":0,"myCurrBet":0.005,"step":0,"position":0.3333333333333333,"bluff":0,"percentBets_2":0.011320754716981131,"handValue":0.10070000000000001,"percentBets_3":0},"output":{"chips":1}},
{"input":{"Win":0.05639097744360902,"Lose":0,"myCurrBet":0.05,"step":0.25,"position":0.3333333333333333,"bluff":0,"handValue":0.8000000004100001,"percentBets_2":0.05660377358490566},"output":{"chips":0}},
{"input":{"Win":0.05639097744360902,"Lose":0,"myCurrBet":0.05,"step":0.25,"position":0.3333333333333333,"bluff":0,"handValue":0.800000000403,"percentBets_2":0.05660377358490566},"output":{"chips":0}},
{"input":{"Win":0.05639097744360902,"Lose":0,"myCurrBet":0.04,"step":0,"position":0.3333333333333333,"bluff":1,"handValue":0.10070000000000001,"percentBets_2":0.05660377358490566},"output":{"chips":0.5}},
{"input":{"Win":0.05639097744360902,"Lose":0,"myCurrBet":0.05,"step":0.25,"position":0.3333333333333333,"bluff":0,"handValue":0.800000000403,"percentBets_2":0.05660377358490566},"output":{"chips":0}},
{"input":{"Win":0,"Lose":0.08,"myCurrBet":0.04,"step":0,"position":0.3333333333333333,"bluff":0,"handValue":0.1009,"percentBets_2":0.072},"output":{"chips":1}},
{"input":{"Win":0,"Lose":0.08,"myCurrBet":0.005,"step":0,"position":0.3333333333333333,"bluff":0,"percentBets_2":0.012,"handValue":0.1009,"percentBets_3":0},"output":{"chips":1}},
{"input":{"Win":0,"Lose":0.08,"myCurrBet":0.08,"step":0.25,"position":0.3333333333333333,"bluff":0,"handValue":0.1033,"percentBets_2":0.096},"output":{"chips":0}},
{"input":{"Win":0,"Lose":0.08,"myCurrBet":0.08,"step":0.25,"position":0.3333333333333333,"bluff":0,"handValue":0.10200000000000001,"percentBets_2":0.096},"output":{"chips":0}},
{"input":{"Win":0,"Lose":0.08,"myCurrBet":0.07,"step":0,"position":0.3333333333333333,"bluff":1,"handValue":0.1009,"percentBets_2":0.096},"output":{"chips":0.5}},
{"input":{"Win":0,"Lose":0.08,"myCurrBet":0.08,"step":0.25,"position":0.3333333333333333,"bluff":0,"handValue":0.10200000000000001,"percentBets_2":0.096},"output":{"chips":0}},
{"input":{"Win":0.04363636363636364,"Lose":0,"myCurrBet":0.005,"step":0,"position":0.3333333333333333,"bluff":1,"percentBets_2":0.010948905109489052,"handValue":0.1018,"percentBets_3":0},"output":{"chips":1}},
{"input":{"Win":0.04363636363636364,"Lose":0,"myCurrBet":0.02,"step":0,"position":0.3333333333333333,"bluff":0,"handValue":0.1018,"percentBets_2":0.043795620437956206},"output":{"chips":1}},
{"input":{"Win":0.057034220532319393,"Lose":0,"myCurrBet":0.005,"step":0,"position":0.3333333333333333,"bluff":0,"percentBets_2":0.011450381679389313,"handValue":0.1015,"percentBets_3":0},"output":{"chips":1}},
{"input":{"Win":0.057034220532319393,"Lose":0,"myCurrBet":0.03,"step":0,"position":0.3333333333333333,"bluff":0,"handValue":0.1015,"percentBets_2":0.05725190839694656},"output":{"chips":1}},
{"input":{"Win":0,"Lose":0,"myCurrBet":0.005,"step":0,"position":0.3333333333333333,"bluff":0,"percentBets_2":0.012145748987854251,"handValue":0.1013,"percentBets_3":0},"output":{"chips":1}},
{"input":{"Win":0,"Lose":0,"myCurrBet":0.02,"step":0,"position":0.3333333333333333,"bluff":0,"handValue":0.1013,"percentBets_2":0.03643724696356275},"output":{"chips":1}},
{"input":{"Win":0,"Lose":0,"myCurrBet":0.04,"step":0,"position":0.3333333333333333,"bluff":1,"handValue":0.1013,"percentBets_2":0.08502024291497975},"output":{"chips":0.5}},
{"input":{"Win":0,"Lose":0,"myCurrBet":0.07,"step":0.25,"position":0.3333333333333333,"bluff":0,"handValue":0.1022,"percentBets_2":0.1214574898785425},"output":{"chips":0.5}},
{"input":{"Win":0,"Lose":0,"myCurrBet":0.1,"step":0.5,"position":0.3333333333333333,"bluff":0,"handValue":0.1034,"percentBets_2":0.15789473684210525},"output":{"chips":0}},
{"input":{"Win":0,"Lose":0,"myCurrBet":0.1,"step":0.5,"position":0.3333333333333333,"bluff":0,"handValue":0.1034,"percentBets_2":0.1214574898785425},"output":{"chips":0}},
{"input":{"Win":0,"Lose":0.17333333333333334,"myCurrBet":0.005,"step":0,"position":0.3333333333333333,"bluff":0,"percentBets_2":0.010830324909747292,"handValue":0.600804,"percentBets_3":0},"output":{"chips":1}},
{"input":{"Win":0,"Lose":0.17333333333333334,"myCurrBet":0.07,"step":0.25,"position":0.3333333333333333,"bluff":1,"handValue":0.1032,"percentBets_2":0.07581227436823104},"output":{"chips":0.5}},
{"input":{"Win":0,"Lose":0.17333333333333334,"myCurrBet":0.07,"step":0.5,"position":0.3333333333333333,"bluff":0,"handValue":0.1039,"percentBets_2":0.07581227436823104},"output":{"chips":0}},
{"input":{"Win":0,"Lose":0.17333333333333334,"myCurrBet":0.04,"step":0,"position":0.3333333333333333,"bluff":0,"handValue":0.600804,"percentBets_2":0.07581227436823104},"output":{"chips":0.5}},
{"input":{"Win":0,"Lose":0.17333333333333334,"myCurrBet":0.07,"step":0.5,"position":0.3333333333333333,"bluff":0,"handValue":0.1039,"percentBets_2":0.07581227436823104},"output":{"chips":0}},
