{"input":{"Win":0,"Lose":0.013333333333333334,"myCurrBet":0,"step":0,"position":0.75,"bluff":0,"percentBets_1":0.006666666666666667,"percentBets_2":0.013333333333333334,"handValue":0.601101},"output":{"chips":1}},
{"input":{"Win":0,"Lose":0.013333333333333334,"myCurrBet":0.006666666666666667,"step":0,"position":0.75,"bluff":1,"handValue":0.601101,"percentBets_4":0.02666666666666667,"percentBets_1":0.05333333333333334,"percentBets_2":0.05333333333333334},"output":{"chips":0.5}},
{"input":{"Win":0,"Lose":0.013333333333333334,"myCurrBet":0.013333333333333334,"step":0.75,"position":0.75,"bluff":1,"handValue":0.10400000000000001,"percentBets_4":0.05333333333333334,"percentBets_1":0.05333333333333334,"percentBets_2":0.05333333333333334},"output":{"chips":0.5}},
{"input":{"Win":0,"Lose":0.013333333333333334,"myCurrBet":0.013333333333333334,"step":0.5,"position":0.75,"bluff":0,"handValue":0.10360000000000001,"percentBets_4":0.05333333333333334,"percentBets_1":0.05333333333333334,"percentBets_2":0.05333333333333334},"output":{"chips":0.5}},
{"input":{"Win":0,"Lose":0.013333333333333334,"myCurrBet":0.013333333333333334,"step":0.25,"position":0.75,"bluff":0,"handValue":0.1029,"percentBets_4":0.05333333333333334,"percentBets_1":0.05333333333333334,"percentBets_2":0.05333333333333334},"output":{"chips":0.5}},
{"input":{"Win":0,"Lose":0,"myCurrBet":0,"step":0,"position":0.75,"bluff":1,"percentBets_1":0.007042253521126761,"percentBets_2":0.011494252873563218,"handValue":0.10120000000000001},"output":{"chips":0.5}},
{"input":{"Win":0,"Lose":0,"myCurrBet":0.016666666666666666,"step":0,"position":0.75,"bluff":0,"handValue":0.10120000000000001,"percentBets_4":0.07042253521126761,"percentBets_1":0.14084507042253522,"percentBets_2":0.11494252873563218},"output":{"chips":0}},
{"input":{"Win":0,"Lose":0,"myCurrBet":0.0033333333333333335,"step":0,"position":0.75,"bluff":0,"handValue":0.10120000000000001,"percentBets_4":0.028169014084507043,"percentBets_1":0.056338028169014086,"percentBets_2":0.04597701149425287},"output":{"chips":1}},
{"input":{"Win":0,"Lose":0.03666666666666667,"myCurrBet":0.006666666666666667,"step":0,"position":0.75,"bluff":1,"handValue":0.10120000000000001,"percentBets_4":0.045454545454545456,"percentBets_1":0.06593406593406594,"percentBets_2":0.07792207792207792},"output":{"chips":0.5}},
{"input":{"Win":0,"Lose":0.03666666666666667,"myCurrBet":0.02,"step":0.25,"position":0.75,"bluff":0,"handValue":0.10160000000000001,"percentBets_4":0.09090909090909091,"percentBets_1":0.06593406593406594,"percentBets_2":0.07792207792207792},"output":{"chips":0.5}},
{"input":{"Win":0,"Lose":0.03666666666666667,"myCurrBet":0,"step":0,"position":0.75,"bluff":0,"percentBets_1":0.005494505494505495,"percentBets_2":0.012987012987012988,"handValue":0.10120000000000001},"output":{"chips":1}},
{"input":{"Win":0,"Lose":0.03666666666666667,"myCurrBet":0.02,"step":0.5,"position":0.75,"bluff":0,"handValue":0.10210000000000001,"percentBets_4":0.09090909090909091,"percentBets_1":0.06593406593406594,"percentBets_2":0.07792207792207792},"output":{"chips":0.5}},
{"input":{"Win":0,"Lose":0.03666666666666667,"myCurrBet":0.02,"step":0.75,"position":0.75,"bluff":0,"handValue":0.30000012050999997,"percentBets_4":0.09090909090909091,"percentBets_1":0.06593406593406594,"percentBets_2":0.07792207792207792},"output":{"chips":0}},
{"input":{"Win":0.075,"Lose":0,"myCurrBet":0,"step":0,"position":0.75,"bluff":0,"percentBets_1":0.0058823529411764705,"percentBets_2":0.010526315789473684,"handValue":0.1},"output":{"chips":1}},
{"input":{"Win":0.075,"Lose":0,"myCurrBet":0.006666666666666667,"step":0,"position":0.75,"bluff":0,"handValue":0.1,"percentBets_4":0.05,"percentBets_1":0.07058823529411765,"percentBets_2":0.06315789473684211},"output":{"chips":0.5}},
{"input":{"Win":0.075,"Lose":0,"myCurrBet":0.02,"step":0.25,"position":0.75,"bluff":0,"handValue":0.30000011030199997,"percentBets_4":0.1,"percentBets_1":0.07058823529411765,"percentBets_2":0.06315789473684211},"output":{"chips":0.5}},
{"input":{"Win":0.075,"Lose":0,"myCurrBet":0.02,"step":0.5,"position":0.75,"bluff":0,"handValue":0.30000011031,"percentBets_4":0.1,"percentBets_1":0.07058823529411765,"percentBets_2":0.06315789473684211},"output":{"chips":0.5}},
{"input":{"Win":0.075,"Lose":0,"myCurrBet":0.02,"step":0.75,"position":0.75,"bluff":0,"handValue":0.30000011031,"percentBets_4":0.1,"percentBets_1":0.07058823529411765,"percentBets_2":0.06315789473684211},"output":{"chips":0}},
{"input":{"Win":0,"Lose":0,"myCurrBet":0,"step":0,"position":0.75,"bluff":1,"percentBets_1":0.006329113924050633,"percentBets_2":0.011235955056179775,"handValue":0.600502},"output":{"chips":0.5}},
{"input":{"Win":0,"Lose":0,"myCurrBet":0.0033333333333333335,"step":0,"position":0.75,"bluff":0,"handValue":0.600502,"percentBets_4":0.018518518518518517,"percentBets_1":0.02531645569620253,"percentBets_2":0.02247191011235955},"output":{"chips":1}},
{"input":{"Win":0,"Lose":0,"myCurrBet":0.02,"step":0,"position":0.75,"bluff":0,"handValue":0.600502,"percentBets_4":0.12962962962962962,"percentBets_1":0.17721518987341772,"percentBets_2":0.15730337078651685},"output":{"chips":0}},
{"input":{"Win":0,"Lose":0,"myCurrBet":0.01,"step":0,"position":0.75,"bluff":0,"handValue":0.600502,"percentBets_4":0.05555555555555555,"percentBets_1":0.0759493670886076,"percentBets_2":0.06741573033707865},"output":{"chips":0.5}},
{"input":{"Win":0,"Lose":0.04,"myCurrBet":0,"step":0,"position":0.75,"bluff":0,"percentBets_1":0.007692307692307693,"percentBets_2":0.008620689655172414,"handValue":0.101},"output":{"chips":1}},
{"input":{"Win":0,"Lose":0.04,"myCurrBet":0.006666666666666667,"step":0,"position":0.75,"bluff":0,"handValue":0.101,"percentBets_4":0.06382978723404255,"percentBets_1":0.09230769230769231,"percentBets_2":0.05172413793103448},"output":{"chips":0.5}},
{"input":{"Win":0,"Lose":0.04,"myCurrBet":0.02,"step":0.5,"position":0.75,"bluff":0,"handValue":0.10160000000000001,"percentBets_4":0.1276595744680851,"percentBets_1":0.09230769230769231,"percentBets_2":0.05172413793103448},"output":{"chips":0.5}},
{"input":{"Win":0,"Lose":0.04,"myCurrBet":0.02,"step":0.75,"position":0.75,"bluff":0,"handValue":0.1024,"percentBets_4":0.1276595744680851,"percentBets_1":0.09230769230769231,"percentBets_2":0.05172413793103448},"output":{"chips":0.5}},
{"input":{"Win":0,"Lose":0.04,"myCurrBet":0.02,"step":0.25,"position":0.75,"bluff":0,"handValue":0.10110000000000001,"percentBets_4":0.1276595744680851,"percentBets_1":0.09230769230769231,"percentBets_2":0.05172413793103448},"output":{"chips":0.5}},
{"input":{"Win":0.05128205128205128,"Lose":0,"myCurrBet":0,"step":0,"position":0.75,"bluff":0,"percentBets_1":0.006024096385542169,"percentBets_2":0.00909090909090909,"handValue":0.10250000000000001},"output":{"chips":1}},
{"input":{"Win":0.05128205128205128,"Lose":0,"myCurrBet":0.013333333333333334,"step":0.5,"position":0.75,"bluff":0,"handValue":0.1028,"percentBets_4":0.0975609756097561,"percentBets_1":0.04819277108433735,"percentBets_2":0.03636363636363636},"output":{"chips":0.5}},
{"input":{"Win":0.05128205128205128,"Lose":0,"myCurrBet":0.006666666666666667,"step":0,"position":0.75,"bluff":0,"handValue":0.10250000000000001,"percentBets_4":0.04878048780487805,"percentBets_1":0.04819277108433735,"percentBets_2":0.03636363636363636},"output":{"chips":0.5}},
{"input":{"Win":0.05128205128205128,"Lose":0,"myCurrBet":0.013333333333333334,"step":0.25,"position":0.75,"bluff":0,"handValue":0.10400000000000001,"percentBets_4":0.0975609756097561,"percentBets_1":0.04819277108433735,"percentBets_2":0.03636363636363636},"output":{"chips":0.5}},
{"input":{"Win":0.05128205128205128,"Lose":0,"myCurrBet":0.013333333333333334,"step":0.75,"position":0.75,"bluff":0,"handValue":0.601209050402,"percentBets_4":0.0975609756097561,"percentBets_1":0.04819277108433735,"percentBets_2":0.03636363636363636},"output":{"chips":0}},
{"input":{"Win":0.13513513513513514,"Lose":0,"myCurrBet":0,"step":0,"position":0.75,"bluff":0,"percentBets_1":0.006329113924050633,"percentBets_2":0.009433962264150943,"handValue":0.1014},"output":{"chips":1}},
{"input":{"Win":0.13513513513513514,"Lose":0,"myCurrBet":0.006666666666666667,"step":0,"position":0.75,"bluff":0,"handValue":0.1014,"percentBets_4":0.08108108108108109,"percentBets_1":0.0759493670886076,"percentBets_2":0.05660377358490566},"output":{"chips":0.5}},
{"input":{"Win":0.13513513513513514,"Lose":0,"myCurrBet":0.02,"step":0.25,"position":0.75,"bluff":0,"handValue":0.40000013050100003,"percentBets_4":0.16216216216216217,"percentBets_1":0.0759493670886076,"percentBets_2":0.05660377358490566},"output":{"chips":1}},
{"input":{"Win":0.13513513513513514,"Lose":0,"myCurrBet":0.023333333333333334,"step":0.25,"position":0.75,"bluff":0,"handValue":0.40000013050100003,"percentBets_4":0.1891891891891892,"percentBets_1":0.10126582278481013,"percentBets_2":0.07547169811320754},"output":{"chips":0.5}},
{"input":{"Win":0.13513513513513514,"Lose":0,"myCurrBet":0.02666666666666667,"step":0.5,"position":0.75,"bluff":1,"handValue":0.400000131205,"percentBets_4":0.21621621621621623,"percentBets_1":0.10126582278481013,"percentBets_2":0.07547169811320754},"output":{"chips":1}},
{"input":{"Win":0.13513513513513514,"Lose":0,"myCurrBet":0.03,"step":0.5,"position":0.75,"bluff":1,"handValue":0.400000131205,"percentBets_4":0.24324324324324326,"percentBets_1":0.12658227848101267,"percentBets_2":0.09433962264150944},"output":{"chips":0.5}},
{"input":{"Win":0.13513513513513514,"Lose":0,"myCurrBet":0.03333333333333333,"step":0.75,"position":0.75,"bluff":0,"handValue":0.40000013120800004,"percentBets_4":0.2702702702702703,"percentBets_1":0.12658227848101267,"percentBets_2":0.09433962264150944},"output":{"chips":0}},
{"input":{"Win":0,"Lose":0.03333333333333333,"myCurrBet":0,"step":0,"position":0.75,"bluff":0,"percentBets_1":0.007246376811594203,"percentBets_2":0.010416666666666666,"handValue":0.10210000000000001},"output":{"chips":1}},
{"input":{"Win":0,"Lose":0.03333333333333333,"myCurrBet":0.006666666666666667,"step":0,"position":0.75,"bluff":0,"handValue":0.10210000000000001,"percentBets_4":0.1111111111111111,"percentBets_1":0.08695652173913043,"percentBets_2":0.0625},"output":{"chips":0.5}},
{"input":{"Win":0,"Lose":0.03333333333333333,"myCurrBet":0.023333333333333334,"step":0.25,"position":0.75,"bluff":0,"handValue":0.1042,"percentBets_4":0.25925925925925924,"percentBets_1":0.11594202898550725,"percentBets_2":0.08333333333333333},"output":{"chips":0.5}},
{"input":{"Win":0,"Lose":0.03333333333333333,"myCurrBet":0.02,"step":0.25,"position":0.75,"bluff":0,"handValue":0.1042,"percentBets_4":0.2222222222222222,"percentBets_1":0.08695652173913043,"percentBets_2":0.0625},"output":{"chips":1}},
{"input":{"Win":0,"Lose":0.03333333333333333,"myCurrBet":0.02666666666666667,"step":0.5,"position":0.75,"bluff":0,"handValue":0.10500000000000001,"percentBets_4":0.2962962962962963,"percentBets_1":0.11594202898550725,"percentBets_2":0.08333333333333333},"output":{"chips":0.5}},
{"input":{"Win":0,"Lose":0.03333333333333333,"myCurrBet":0.02666666666666667,"step":0.75,"position":0.75,"bluff":0,"handValue":0.1051,"percentBets_4":0.3333333333333333,"percentBets_1":0.14492753623188406,"percentBets_2":0.10416666666666667},"output":{"chips":0.5}},
{"input":{"Win":0,"Lose":0.03333333333333333,"myCurrBet":0.02666666666666667,"step":0.75,"position":0.75,"bluff":0,"handValue":0.1051,"percentBets_4":0.2962962962962963,"percentBets_1":0.11594202898550725,"percentBets_2":0.08333333333333333},"output":{"chips":0.5}},
{"input":{"Win":0,"Lose":0.02,"myCurrBet":0,"step":0,"position":0.75,"bluff":0,"percentBets_1":0.00847457627118644,"percentBets_2":0.011627906976744186,"handValue":0.1},"output":{"chips":1}},
{"input":{"Win":0,"Lose":0.02,"myCurrBet":0.006666666666666667,"step":0,"position":0.75,"bluff":0,"handValue":0.1,"percentBets_4":0.03508771929824561,"percentBets_1":0.06779661016949153,"percentBets_2":0.046511627906976744},"output":{"chips":0.5}},
{"input":{"Win":0,"Lose":0.02,"myCurrBet":0.013333333333333334,"step":0.25,"position":0.75,"bluff":0,"handValue":0.1018,"percentBets_4":0.07017543859649122,"percentBets_1":0.06779661016949153,"percentBets_2":0.046511627906976744},"output":{"chips":0.5}},
{"input":{"Win":0,"Lose":0.02,"myCurrBet":0.02,"step":0.75,"position":0.75,"bluff":0,"handValue":0.1033,"percentBets_4":0.10526315789473684,"percentBets_1":0.1016949152542373,"percentBets_2":0.06976744186046512},"output":{"chips":0.5}},
{"input":{"Win":0,"Lose":0.02,"myCurrBet":0.013333333333333334,"step":0.5,"position":0.75,"bluff":1,"handValue":0.1028,"percentBets_4":0.07017543859649122,"percentBets_1":0.06779661016949153,"percentBets_2":0.046511627906976744},"output":{"chips":1}},
{"input":{"Win":0,"Lose":0.02,"myCurrBet":0.016666666666666666,"step":0.5,"position":0.75,"bluff":0,"handValue":0.1028,"percentBets_4":0.08771929824561403,"percentBets_1":0.1016949152542373,"percentBets_2":0.06976744186046512},"output":{"chips":0.5}},
{"input":{"Win":0.057692307692307696,"Lose":0,"myCurrBet":0,"step":0,"position":0.75,"bluff":0,"percentBets_1":0.009433962264150943,"percentBets_2":0.009615384615384616,"handValue":0.601204},"output":{"chips":1}},
{"input":{"Win":0.057692307692307696,"Lose":0,"myCurrBet":0.006666666666666667,"step":0,"position":0.75,"bluff":0,"handValue":0.601204,"percentBets_4":0.0392156862745098,"percentBets_1":0.07547169811320754,"percentBets_2":0.038461538461538464},"output":{"chips":0.5}},
{"input":{"Win":0.057692307692307696,"Lose":0,"myCurrBet":0.013333333333333334,"step":0.25,"position":0.75,"bluff":0,"handValue":0.1023,"percentBets_4":0.0784313725490196,"percentBets_1":0.07547169811320754,"percentBets_2":0.038461538461538464},"output":{"chips":0.5}},
{"input":{"Win":0.057692307692307696,"Lose":0,"myCurrBet":0.013333333333333334,"step":0.5,"position":0.75,"bluff":0,"handValue":0.1034,"percentBets_4":0.0784313725490196,"percentBets_1":0.07547169811320754,"percentBets_2":0.038461538461538464},"output":{"chips":0.5}},
{"input":{"Win":0.057692307692307696,"Lose":0,"myCurrBet":0.013333333333333334,"step":0.75,"position":0.75,"bluff":0,"handValue":0.30000008071199996,"percentBets_4":0.0784313725490196,"percentBets_1":0.07547169811320754,"percentBets_2":0.038461538461538464},"output":{"chips":0}},
{"input":{"Win":0,"Lose":0,"myCurrBet":0.006666666666666667,"step":0,"position":0.75,"bluff":0,"handValue":0.500000000007,"percentBets_4":0.06382978723404255,"percentBets_1":0.12244897959183673,"percentBets_2":0.06},"output":{"chips":0.5}},
{"input":{"Win":0,"Lose":0,"myCurrBet":0,"step":0,"position":0.75,"bluff":0,"percentBets_1":0.01020408163265306,"percentBets_2":0.01,"handValue":0.500000000007},"output":{"chips":1}},
{"input":{"Win":0,"Lose":0,"myCurrBet":0.02,"step":0.5,"position":0.75,"bluff":0,"handValue":0.300000060307,"percentBets_4":0.1276595744680851,"percentBets_1":0.12244897959183673,"percentBets_2":0.06},"output":{"chips":0.5}},
{"input":{"Win":0,"Lose":0,"myCurrBet":0.023333333333333334,"step":0.75,"position":0.75,"bluff":0,"handValue":0.300000060312,"percentBets_4":0.14893617021276595,"percentBets_1":0.16326530612244897,"percentBets_2":0.08},"output":{"chips":0}},
{"input":{"Win":0,"Lose":0,"myCurrBet":0.02,"step":0.75,"position":0.75,"bluff":1,"handValue":0.300000060312,"percentBets_4":0.1276595744680851,"percentBets_1":0.12244897959183673,"percentBets_2":0.06},"output":{"chips":1}},
{"input":{"Win":0,"Lose":0,"myCurrBet":0.02,"step":0.25,"position":0.75,"bluff":1,"handValue":0.1015,"percentBets_4":0.1276595744680851,"percentBets_1":0.12244897959183673,"percentBets_2":0.06},"output":{"chips":0.5}},
{"input":{"Win":0,"Lose":0.03666666666666667,"myCurrBet":0.013333333333333334,"step":0.5,"position":0.75,"bluff":0,"handValue":0.300000120809,"percentBets_4":0.11428571428571428,"percentBets_1":0.05,"percentBets_2":0.045454545454545456},"output":{"chips":0.5}},
{"input":{"Win":0,"Lose":0.03666666666666667,"myCurrBet":0.006666666666666667,"step":0,"position":0.75,"bluff":0,"handValue":0.6009059999999999,"percentBets_4":0.05714285714285714,"percentBets_1":0.05,"percentBets_2":0.045454545454545456},"output":{"chips":0.5}},
{"input":{"Win":0,"Lose":0.03666666666666667,"myCurrBet":0.013333333333333334,"step":0.75,"position":0.75,"bluff":0,"handValue":0.30000012081099997,"percentBets_4":0.11428571428571428,"percentBets_1":0.05,"percentBets_2":0.045454545454545456},"output":{"chips":0.5}},
{"input":{"Win":0,"Lose":0.03666666666666667,"myCurrBet":0,"step":0,"position":0.75,"bluff":0,"percentBets_1":0.00625,"percentBets_2":0.011363636363636364,"handValue":0.6009059999999999},"output":{"chips":1}},
{"input":{"Win":0,"Lose":0.03666666666666667,"myCurrBet":0.013333333333333334,"step":0.25,"position":0.75,"bluff":0,"handValue":0.1027,"percentBets_4":0.11428571428571428,"percentBets_1":0.05,"percentBets_2":0.045454545454545456},"output":{"chips":0.5}},
{"input":{"Win":0,"Lose":0.02666666666666667,"myCurrBet":0,"step":0,"position":0.75,"bluff":0,"percentBets_1":0.006578947368421052,"percentBets_2":0.01,"handValue":0.1015},"output":{"chips":1}},
{"input":{"Win":0,"Lose":0.02666666666666667,"myCurrBet":0.013333333333333334,"step":0.25,"position":0.75,"bluff":0,"handValue":0.10160000000000001,"percentBets_4":0.12903225806451613,"percentBets_1":0.05263157894736842,"percentBets_2":0.04},"output":{"chips":1}},
{"input":{"Win":0,"Lose":0.02666666666666667,"myCurrBet":0.006666666666666667,"step":0,"position":0.75,"bluff":1,"handValue":0.1015,"percentBets_4":0.06451612903225806,"percentBets_1":0.05263157894736842,"percentBets_2":0.04},"output":{"chips":0.5}},
{"input":{"Win":0,"Lose":0.02666666666666667,"myCurrBet":0.016666666666666666,"step":0.25,"position":0.75,"bluff":0,"handValue":0.10160000000000001,"percentBets_4":0.16129032258064516,"percentBets_1":0.07894736842105263,"percentBets_2":0.06},"output":{"chips":0.5}},
{"input":{"Win":0,"Lose":0.02666666666666667,"myCurrBet":0.02666666666666667,"step":0.75,"position":0.75,"bluff":0,"handValue":0.300000131105,"percentBets_4":0.25806451612903225,"percentBets_1":0.10526315789473684,"percentBets_2":0.08},"output":{"chips":0}},
{"input":{"Win":0,"Lose":0.02666666666666667,"myCurrBet":0.023333333333333334,"step":0.5,"position":0.75,"bluff":0,"handValue":0.30000013110199997,"percentBets_4":0.22580645161290322,"percentBets_1":0.10526315789473684,"percentBets_2":0.08},"output":{"chips":0.5}},
{"input":{"Win":0,"Lose":0.02666666666666667,"myCurrBet":0.02,"step":0.5,"position":0.75,"bluff":1,"handValue":0.30000013110199997,"percentBets_4":0.1935483870967742,"percentBets_1":0.07894736842105263,"percentBets_2":0.06},"output":{"chips":1}},
{"input":{"Win":0,"Lose":0.02,"myCurrBet":0,"step":0,"position":0.75,"bluff":0,"percentBets_1":0.005,"percentBets_2":0.010869565217391304,"handValue":0.6008049999999999},"output":{"chips":1}},
{"input":{"Win":0,"Lose":0.02,"myCurrBet":0.006666666666666667,"step":0,"position":0.75,"bluff":0,"handValue":0.6008049999999999,"percentBets_4":0.08695652173913043,"percentBets_1":0.04,"percentBets_2":0.043478260869565216},"output":{"chips":0.5}},
{"input":{"Win":0,"Lose":0.02,"myCurrBet":0.016666666666666666,"step":0.25,"position":0.75,"bluff":0,"handValue":0.10200000000000001,"percentBets_4":0.21739130434782608,"percentBets_1":0.06,"percentBets_2":0.06521739130434782},"output":{"chips":0.5}},
{"input":{"Win":0,"Lose":0.02,"myCurrBet":0.013333333333333334,"step":0.25,"position":0.75,"bluff":0,"handValue":0.10200000000000001,"percentBets_4":0.17391304347826086,"percentBets_1":0.04,"percentBets_2":0.043478260869565216},"output":{"chips":1}},
{"input":{"Win":0,"Lose":0.02,"myCurrBet":0.02,"step":0.75,"position":0.75,"bluff":0,"handValue":0.30000006050899997,"percentBets_4":0.2608695652173913,"percentBets_1":0.06,"percentBets_2":0.06521739130434782},"output":{"chips":0.5}},
{"input":{"Win":0,"Lose":0.02,"myCurrBet":0.02,"step":0.5,"position":0.75,"bluff":0,"handValue":0.10260000000000001,"percentBets_4":0.2608695652173913,"percentBets_1":0.06,"percentBets_2":0.06521739130434782},"output":{"chips":0.5}},
{"input":{"Win":0.16289592760180996,"Lose":0,"myCurrBet":0,"step":0,"position":0.75,"bluff":0,"percentBets_1":0.00847457627118644,"percentBets_2":0.023255813953488372,"handValue":0.1019},"output":{"chips":1}},
{"input":{"Win":0.16289592760180996,"Lose":0,"myCurrBet":0.013333333333333334,"step":0,"position":0.75,"bluff":0,"handValue":0.1019,"percentBets_4":0.23529411764705882,"percentBets_1":0.06779661016949153,"percentBets_2":0.09302325581395349},"output":{"chips":0.5}},
{"input":{"Win":0.16289592760180996,"Lose":0,"myCurrBet":0.02666666666666667,"step":0.25,"position":0.75,"bluff":0,"handValue":0.1024,"percentBets_4":0.47058823529411764,"percentBets_1":0.06779661016949153,"percentBets_2":0.09302325581395349},"output":{"chips":0.5}},
{"input":{"Win":0.16289592760180996,"Lose":0,"myCurrBet":0.02666666666666667,"step":0.75,"position":0.75,"bluff":1,"handValue":0.300000100811,"percentBets_4":0.47058823529411764,"percentBets_1":0.06779661016949153,"percentBets_2":0.09302325581395349},"output":{"chips":1}},
{"input":{"Win":0.16289592760180996,"Lose":0,"myCurrBet":0.03333333333333333,"step":0.75,"position":0.75,"bluff":1,"handValue":0.300000100811,"percentBets_4":0.5882352941176471,"percentBets_1":0.1016949152542373,"percentBets_2":0.13953488372093023},"output":{"chips":0.5}},
{"input":{"Win":0.16289592760180996,"Lose":0,"myCurrBet":0.02666666666666667,"step":0.5,"position":0.75,"bluff":0,"handValue":0.1028,"percentBets_4":0.47058823529411764,"percentBets_1":0.06779661016949153,"percentBets_2":0.09302325581395349},"output":{"chips":0.5}},
{"input":{"Win":0.13513513513513514,"Lose":0,"myCurrBet":0,"step":0,"position":0.75,"bluff":1,"percentBets_1":0.009433962264150943,"percentBets_2":0.02702702702702703,"handValue":0.1018},"output":{"chips":0.5}},
{"input":{"Win":0.13513513513513514,"Lose":0,"myCurrBet":0.006666666666666667,"step":0,"position":0.75,"bluff":0,"handValue":0.1018,"percentBets_4":0.4,"percentBets_1":0.03773584905660377,"percentBets_2":0.05405405405405406},"output":{"chips":0.5}},
{"input":{"Win":0.13513513513513514,"Lose":0,"myCurrBet":0.03333333333333333,"step":0.5,"position":0.75,"bluff":1,"handValue":0.1032,"percentBets_4":1,"percentBets_1":0.09433962264150944,"percentBets_2":0.13513513513513514},"output":{"chips":1}},
{"input":{"Win":0.13513513513513514,"Lose":0,"myCurrBet":0.013333333333333334,"step":0,"position":0.75,"bluff":1,"handValue":0.1018,"percentBets_4":1,"percentBets_1":0.09433962264150944,"percentBets_2":0.13513513513513514},"output":{"chips":0.5}},
{"input":{"Win":0.13513513513513514,"Lose":0,"myCurrBet":0.03333333333333333,"step":0.25,"position":0.75,"bluff":0,"handValue":0.10260000000000001,"percentBets_4":1,"percentBets_1":0.09433962264150944,"percentBets_2":0.13513513513513514},"output":{"chips":0.5}},
{"input":{"Win":0,"Lose":0,"myCurrBet":0.006666666666666667,"step":0,"position":1,"bluff":0,"handValue":0.1019,"percentBets_1":0.041666666666666664,"percentBets_2":0.0625},"output":{"chips":0.5}},
{"input":{"Win":0,"Lose":0,"myCurrBet":0.013333333333333334,"step":0.5,"position":1,"bluff":0,"handValue":0.300000130906,"percentBets_1":0.041666666666666664,"percentBets_2":0.0625},"output":{"chips":0.5}},
{"input":{"Win":0,"Lose":0,"myCurrBet":0.013333333333333334,"step":0.25,"position":1,"bluff":0,"handValue":0.1018,"percentBets_1":0.041666666666666664,"percentBets_2":0.0625},"output":{"chips":0.5}},
{"input":{"Win":0,"Lose":0,"myCurrBet":0,"step":0,"position":1,"bluff":0,"percentBets_1":0.010416666666666666,"percentBets_2":0.03125,"handValue":0.1019},"output":{"chips":0.5}},
{"input":{"Win":0,"Lose":0,"myCurrBet":0.02,"step":0.75,"position":1,"bluff":0,"handValue":0.700000001309,"percentBets_1":0.08333333333333333,"percentBets_2":0.125},"output":{"chips":0}},
{"input":{"Win":0,"Lose":0,"myCurrBet":0.013333333333333334,"step":0.75,"position":1,"bluff":1,"handValue":0.700000001309,"percentBets_1":0.041666666666666664,"percentBets_2":0.0625},"output":{"chips":1}},
{"input":{"Win":0.0625,"Lose":0,"myCurrBet":0,"step":0,"position":1,"bluff":0,"percentBets_1":0.00909090909090909,"percentBets_2":0.03571428571428571,"handValue":0.1017},"output":{"chips":0.5}},
{"input":{"Win":0.0625,"Lose":0,"myCurrBet":0.006666666666666667,"step":0,"position":1,"bluff":0,"handValue":0.1017,"percentBets_1":0.03636363636363636,"percentBets_2":0.07142857142857142},"output":{"chips":0.5}},
{"input":{"Win":0.0625,"Lose":0,"myCurrBet":0.02,"step":0.25,"position":1,"bluff":0,"handValue":0.1029,"percentBets_1":0.07272727272727272,"percentBets_2":0.14285714285714285},"output":{"chips":0.5}},
{"input":{"Win":0.0625,"Lose":0,"myCurrBet":0.013333333333333334,"step":0.25,"position":1,"bluff":1,"handValue":0.1029,"percentBets_1":0.03636363636363636,"percentBets_2":0.07142857142857142},"output":{"chips":1}},
{"input":{"Win":0.0625,"Lose":0,"myCurrBet":0.02666666666666667,"step":0.5,"position":1,"bluff":0,"handValue":0.400000061311,"percentBets_1":0.07272727272727272,"percentBets_2":0.14285714285714285},"output":{"chips":0.5}},
{"input":{"Win":0.0625,"Lose":0,"myCurrBet":0.02666666666666667,"step":0.75,"position":1,"bluff":0,"handValue":0.400000061311,"percentBets_1":0.07272727272727272,"percentBets_2":0.14285714285714285},"output":{"chips":0.5}},
{"input":{"Win":0,"Lose":0.04,"myCurrBet":0.02666666666666667,"step":0.5,"position":1,"bluff":1,"handValue":0.1051,"percentBets_1":0.0784313725490196,"percentBets_2":0.16666666666666666},"output":{"chips":1}},
{"input":{"Win":0,"Lose":0.04,"myCurrBet":0.013333333333333334,"step":0,"position":1,"bluff":0,"handValue":0.6011029999999999,"percentBets_1":0.0784313725490196,"percentBets_2":0.16666666666666666},"output":{"chips":0.5}},
{"input":{"Win":0,"Lose":0.04,"myCurrBet":0.02666666666666667,"step":0.25,"position":1,"bluff":0,"handValue":0.1042,"percentBets_1":0.0784313725490196,"percentBets_2":0.16666666666666666},"output":{"chips":0.5}},
{"input":{"Win":0,"Lose":0.04,"myCurrBet":0,"step":0,"position":1,"bluff":0,"percentBets_1":0.00980392156862745,"percentBets_2":0.041666666666666664,"handValue":0.6011029999999999},"output":{"chips":1}},
{"input":{"Win":0,"Lose":0.04,"myCurrBet":0.03333333333333333,"step":0.5,"position":1,"bluff":0,"handValue":0.1051,"percentBets_1":0.11764705882352941,"percentBets_2":0.25},"output":{"chips":0.5}},
{"input":{"Win":0,"Lose":0.04,"myCurrBet":0.04,"step":0.75,"position":1,"bluff":0,"handValue":0.1048,"percentBets_1":0.11764705882352941,"percentBets_2":0.25},"output":{"chips":0.5}},
{"input":{"Win":0.09876543209876543,"Lose":0,"myCurrBet":0.013333333333333334,"step":0,"position":1,"bluff":0,"handValue":0.6009019999999999,"percentBets_1":0.08888888888888889,"percentBets_2":0.1111111111111111},"output":{"chips":0.5}},
{"input":{"Win":0.09876543209876543,"Lose":0,"myCurrBet":0.02666666666666667,"step":0.5,"position":1,"bluff":0,"handValue":0.1018,"percentBets_1":0.08888888888888889,"percentBets_2":0.1111111111111111},"output":{"chips":0.5}},
{"input":{"Win":0.09876543209876543,"Lose":0,"myCurrBet":0.02666666666666667,"step":0.25,"position":1,"bluff":0,"handValue":0.10120000000000001,"percentBets_1":0.08888888888888889,"percentBets_2":0.1111111111111111},"output":{"chips":0.5}},
{"input":{"Win":0.09876543209876543,"Lose":0,"myCurrBet":0.02666666666666667,"step":0.75,"position":1,"bluff":0,"handValue":0.6013090604019999,"percentBets_1":0.08888888888888889,"percentBets_2":0.1111111111111111},"output":{"chips":0}},
{"input":{"Win":0.09876543209876543,"Lose":0,"myCurrBet":0,"step":0,"position":1,"bluff":0,"percentBets_1":0.011111111111111112,"percentBets_2":0.027777777777777776,"handValue":0.6009019999999999},"output":{"chips":1}},
{"input":{"Win":0,"Lose":0,"myCurrBet":0,"step":0,"position":1,"bluff":0,"percentBets_1":0.012195121951219513,"percentBets_2":0.03125,"handValue":0.1015},"output":{"chips":0.5}},
{"input":{"Win":0,"Lose":0,"myCurrBet":0.006666666666666667,"step":0,"position":1,"bluff":0,"handValue":0.1015,"percentBets_1":0.04878048780487805,"percentBets_2":0.0625},"output":{"chips":0.5}},
{"input":{"Win":0,"Lose":0,"myCurrBet":0.013333333333333334,"step":0.5,"position":1,"bluff":1,"handValue":0.7000000003119999,"percentBets_1":0.04878048780487805,"percentBets_2":0.0625},"output":{"chips":0.5}},
{"input":{"Win":0,"Lose":0,"myCurrBet":0.013333333333333334,"step":0.25,"position":1,"bluff":0,"handValue":0.400000031202,"percentBets_1":0.04878048780487805,"percentBets_2":0.0625},"output":{"chips":0.5}},
{"input":{"Win":0,"Lose":0,"myCurrBet":0.013333333333333334,"step":0.75,"position":1,"bluff":1,"handValue":0.7000000003119999,"percentBets_1":0.04878048780487805,"percentBets_2":0.0625},"output":{"chips":1}},
{"input":{"Win":0,"Lose":0,"myCurrBet":0.02,"step":0.75,"position":1,"bluff":0,"handValue":0.7000000003119999,"percentBets_1":0.0975609756097561,"percentBets_2":0.125},"output":{"chips":0}},
{"input":{"Win":0.0684931506849315,"Lose":0,"myCurrBet":0,"step":0,"position":1,"bluff":1,"percentBets_1":0.010416666666666666,"percentBets_2":0.03571428571428571,"handValue":0.1022},"output":{"chips":0.5}},
{"input":{"Win":0.0684931506849315,"Lose":0,"myCurrBet":0.013333333333333334,"step":0.25,"position":1,"bluff":0,"handValue":0.1032,"percentBets_1":0.041666666666666664,"percentBets_2":0.07142857142857142},"output":{"chips":0.5}},
{"input":{"Win":0.0684931506849315,"Lose":0,"myCurrBet":0.013333333333333334,"step":0.5,"position":1,"bluff":0,"handValue":0.300000100713,"percentBets_1":0.041666666666666664,"percentBets_2":0.07142857142857142},"output":{"chips":0.5}},
{"input":{"Win":0.0684931506849315,"Lose":0,"myCurrBet":0.013333333333333334,"step":0.75,"position":1,"bluff":1,"handValue":0.300000100713,"percentBets_1":0.041666666666666664,"percentBets_2":0.07142857142857142},"output":{"chips":1}},
{"input":{"Win":0.0684931506849315,"Lose":0,"myCurrBet":0.02,"step":0.75,"position":1,"bluff":0,"handValue":0.300000100713,"percentBets_1":0.08333333333333333,"percentBets_2":0.14285714285714285},"output":{"chips":0.5}},
{"input":{"Win":0.0684931506849315,"Lose":0,"myCurrBet":0.006666666666666667,"step":0,"position":1,"bluff":0,"handValue":0.1022,"percentBets_1":0.041666666666666664,"percentBets_2":0.07142857142857142},"output":{"chips":0.5}},
{"input":{"Win":0,"Lose":0.04,"myCurrBet":0,"step":0,"position":1,"bluff":0,"percentBets_1":0.011363636363636364,"percentBets_2":0.041666666666666664,"handValue":0.10160000000000001},"output":{"chips":0.5}},
{"input":{"Win":0,"Lose":0.04,"myCurrBet":0.006666666666666667,"step":0,"position":1,"bluff":1,"handValue":0.10160000000000001,"percentBets_1":0.045454545454545456,"percentBets_2":0.08333333333333333},"output":{"chips":1}},
{"input":{"Win":0,"Lose":0.04,"myCurrBet":0.02,"step":0,"position":1,"bluff":0,"handValue":0.10160000000000001,"percentBets_1":0.13636363636363635,"percentBets_2":0.25},"output":{"chips":0.5}},
{"input":{"Win":0,"Lose":0.04,"myCurrBet":0.04,"step":0.25,"position":1,"bluff":0,"handValue":0.1038,"percentBets_1":0.13636363636363635,"percentBets_2":0.25},"output":{"chips":0.5}},
{"input":{"Win":0,"Lose":0.04,"myCurrBet":0.04,"step":0.5,"position":1,"bluff":0,"handValue":0.1032,"percentBets_1":0.13636363636363635,"percentBets_2":0.25},"output":{"chips":0.5}},
{"input":{"Win":0,"Lose":0.04,"myCurrBet":0.04,"step":0.75,"position":1,"bluff":0,"handValue":0.1037,"percentBets_1":0.13636363636363635,"percentBets_2":0.25},"output":{"chips":0.5}},
{"input":{"Win":0,"Lose":0.02666666666666667,"myCurrBet":0,"step":0,"position":1,"bluff":0,"percentBets_1":0.013157894736842105,"percentBets_2":0.027777777777777776,"handValue":0.6005039999999999},"output":{"chips":1}},
{"input":{"Win":0,"Lose":0.02666666666666667,"myCurrBet":0.013333333333333334,"step":0,"position":1,"bluff":0,"handValue":0.6005039999999999,"percentBets_1":0.10526315789473684,"percentBets_2":0.1111111111111111},"output":{"chips":0.5}},
{"input":{"Win":0,"Lose":0.02666666666666667,"myCurrBet":0.02666666666666667,"step":0.75,"position":1,"bluff":1,"handValue":0.300000050212,"percentBets_1":0.10526315789473684,"percentBets_2":0.1111111111111111},"output":{"chips":0.5}},
{"input":{"Win":0,"Lose":0.02666666666666667,"myCurrBet":0.02666666666666667,"step":0.25,"position":1,"bluff":0,"handValue":0.10210000000000001,"percentBets_1":0.10526315789473684,"percentBets_2":0.1111111111111111},"output":{"chips":0.5}},
{"input":{"Win":0,"Lose":0.02666666666666667,"myCurrBet":0.02666666666666667,"step":0.5,"position":1,"bluff":0,"handValue":0.1024,"percentBets_1":0.10526315789473684,"percentBets_2":0.1111111111111111},"output":{"chips":0.5}},
{"input":{"Win":0,"Lose":0.02666666666666667,"myCurrBet":0,"step":0,"position":1,"bluff":1,"percentBets_1":0.010869565217391304,"percentBets_2":0.03125,"handValue":0.1014},"output":{"chips":1}},
{"input":{"Win":0,"Lose":0.02666666666666667,"myCurrBet":0.013333333333333334,"step":0,"position":1,"bluff":1,"handValue":0.1014,"percentBets_1":0.08695652173913043,"percentBets_2":0.125},"output":{"chips":0.5}},
{"input":{"Win":0,"Lose":0.02666666666666667,"myCurrBet":0.02666666666666667,"step":0.25,"position":1,"bluff":0,"handValue":0.1038,"percentBets_1":0.08695652173913043,"percentBets_2":0.125},"output":{"chips":0.5}},
{"input":{"Win":0,"Lose":0.02666666666666667,"myCurrBet":0.02666666666666667,"step":0.75,"position":1,"bluff":0,"handValue":0.1048,"percentBets_1":0.08695652173913043,"percentBets_2":0.125},"output":{"chips":0.5}},
{"input":{"Win":0,"Lose":0.02666666666666667,"myCurrBet":0.02666666666666667,"step":0.5,"position":1,"bluff":1,"handValue":0.1047,"percentBets_1":0.08695652173913043,"percentBets_2":0.125},"output":{"chips":0.5}},
{"input":{"Win":0,"Lose":0.013333333333333334,"myCurrBet":0.013333333333333334,"step":0.25,"position":1,"bluff":0,"handValue":0.1028,"percentBets_1":0.037037037037037035,"percentBets_2":0.07142857142857142},"output":{"chips":0.5}},
{"input":{"Win":0,"Lose":0.013333333333333334,"myCurrBet":0.013333333333333334,"step":0.5,"position":1,"bluff":1,"handValue":0.10360000000000001,"percentBets_1":0.037037037037037035,"percentBets_2":0.07142857142857142},"output":{"chips":0.5}},
{"input":{"Win":0,"Lose":0.013333333333333334,"myCurrBet":0.006666666666666667,"step":0,"position":1,"bluff":1,"handValue":0.601206,"percentBets_1":0.037037037037037035,"percentBets_2":0.07142857142857142},"output":{"chips":0.5}},
{"input":{"Win":0,"Lose":0.013333333333333334,"myCurrBet":0.013333333333333334,"step":0.75,"position":1,"bluff":0,"handValue":0.1047,"percentBets_1":0.037037037037037035,"percentBets_2":0.07142857142857142},"output":{"chips":0.5}},
{"input":{"Win":0,"Lose":0.013333333333333334,"myCurrBet":0,"step":0,"position":1,"bluff":1,"percentBets_1":0.009259259259259259,"percentBets_2":0.03571428571428571,"handValue":0.601206},"output":{"chips":0.5}},
{"input":{"Win":0,"Lose":0.013333333333333334,"myCurrBet":0.006666666666666667,"step":0,"position":1,"bluff":0,"handValue":0.1015,"percentBets_1":0.038461538461538464,"percentBets_2":0.0625},"output":{"chips":0.5}},
{"input":{"Win":0,"Lose":0.013333333333333334,"myCurrBet":0.013333333333333334,"step":0.25,"position":1,"bluff":0,"handValue":0.10210000000000001,"percentBets_1":0.038461538461538464,"percentBets_2":0.0625},"output":{"chips":0.5}},
{"input":{"Win":0,"Lose":0.013333333333333334,"myCurrBet":0,"step":0,"position":1,"bluff":0,"percentBets_1":0.009615384615384616,"percentBets_2":0.03125,"handValue":0.1015},"output":{"chips":0.5}},
{"input":{"Win":0,"Lose":0.013333333333333334,"myCurrBet":0.013333333333333334,"step":0.5,"position":1,"bluff":0,"handValue":0.1024,"percentBets_1":0.038461538461538464,"percentBets_2":0.0625},"output":{"chips":0.5}},
{"input":{"Win":0,"Lose":0.013333333333333334,"myCurrBet":0.013333333333333334,"step":0.75,"position":1,"bluff":0,"handValue":0.1037,"percentBets_1":0.038461538461538464,"percentBets_2":0.0625},"output":{"chips":0.5}},
{"input":{"Win":0.13953488372093023,"Lose":0,"myCurrBet":0.013333333333333334,"step":0,"position":1,"bluff":0,"handValue":0.400000000013,"percentBets_1":0.07142857142857142,"percentBets_2":0.13333333333333333},"output":{"chips":0.5}},
{"input":{"Win":0.13953488372093023,"Lose":0,"myCurrBet":0,"step":0,"position":1,"bluff":1,"percentBets_1":0.008928571428571428,"percentBets_2":0.03333333333333333,"handValue":0.400000000013},"output":{"chips":1}},
{"input":{"Win":0.13953488372093023,"Lose":0,"myCurrBet":0.02666666666666667,"step":0.25,"position":1,"bluff":1,"handValue":0.300000130908,"percentBets_1":0.07142857142857142,"percentBets_2":0.13333333333333333},"output":{"chips":0.5}},
{"input":{"Win":0.13953488372093023,"Lose":0,"myCurrBet":0.02666666666666667,"step":0.5,"position":1,"bluff":1,"handValue":0.300000130908,"percentBets_1":0.07142857142857142,"percentBets_2":0.13333333333333333},"output":{"chips":1}},
{"input":{"Win":0.13953488372093023,"Lose":0,"myCurrBet":0.03333333333333333,"step":0.5,"position":1,"bluff":0,"handValue":0.300000130908,"percentBets_1":0.10714285714285714,"percentBets_2":0.2},"output":{"chips":0.5}},
{"input":{"Win":0.13953488372093023,"Lose":0,"myCurrBet":0.04,"step":0.75,"position":1,"bluff":0,"handValue":0.30000013091,"percentBets_1":0.10714285714285714,"percentBets_2":0.2},"output":{"chips":0.5}},
{"input":{"Win":0,"Lose":0.013333333333333334,"myCurrBet":0,"step":0,"position":1,"bluff":0,"percentBets_1":0.01,"percentBets_2":0.041666666666666664,"handValue":0.10160000000000001},"output":{"chips":0.5}},
{"input":{"Win":0,"Lose":0.013333333333333334,"myCurrBet":0.013333333333333334,"step":0.5,"position":1,"bluff":0,"handValue":0.1019,"percentBets_1":0.04,"percentBets_2":0.08333333333333333},"output":{"chips":0.5}},
{"input":{"Win":0,"Lose":0.013333333333333334,"myCurrBet":0.013333333333333334,"step":0.25,"position":1,"bluff":0,"handValue":0.1015,"percentBets_1":0.04,"percentBets_2":0.08333333333333333},"output":{"chips":0.5}},
{"input":{"Win":0,"Lose":0.013333333333333334,"myCurrBet":0.013333333333333334,"step":0.75,"position":1,"bluff":0,"handValue":0.1032,"percentBets_1":0.04,"percentBets_2":0.08333333333333333},"output":{"chips":0.5}},
{"input":{"Win":0,"Lose":0.013333333333333334,"myCurrBet":0.006666666666666667,"step":0,"position":1,"bluff":0,"handValue":0.10160000000000001,"percentBets_1":0.04,"percentBets_2":0.08333333333333333},"output":{"chips":0.5}},
{"input":{"Win":0,"Lose":0.02,"myCurrBet":0,"step":0,"position":1,"bluff":0,"percentBets_1":0.015625,"percentBets_2":0.05357142857142857,"handValue":0.1014},"output":{"chips":0.5}},
{"input":{"Win":0,"Lose":0.02,"myCurrBet":0.02,"step":0.25,"position":1,"bluff":0,"handValue":0.1037,"percentBets_1":0.0625,"percentBets_2":0.10714285714285714},"output":{"chips":0.5}},
{"input":{"Win":0,"Lose":0.02,"myCurrBet":0.01,"step":0,"position":1,"bluff":0,"handValue":0.1014,"percentBets_1":0.0625,"percentBets_2":0.10714285714285714},"output":{"chips":0.5}},
{"input":{"Win":0,"Lose":0.02,"myCurrBet":0.02,"step":0.5,"position":1,"bluff":0,"handValue":0.1038,"percentBets_1":0.0625,"percentBets_2":0.10714285714285714},"output":{"chips":0.5}},
{"input":{"Win":0,"Lose":0.02,"myCurrBet":0.02,"step":0.75,"position":1,"bluff":0,"handValue":0.1037,"percentBets_1":0.0625,"percentBets_2":0.10714285714285714},"output":{"chips":0.5}},
{"input":{"Win":0,"Lose":0.04,"myCurrBet":0,"step":0,"position":1,"bluff":0,"percentBets_1":0.016666666666666666,"percentBets_2":0.04411764705882353,"handValue":0.601001},"output":{"chips":1}},
{"input":{"Win":0,"Lose":0.04,"myCurrBet":0.04,"step":0.25,"position":1,"bluff":0,"handValue":0.1039,"percentBets_1":0.13333333333333333,"percentBets_2":0.17647058823529413},"output":{"chips":0.5}},
{"input":{"Win":0,"Lose":0.04,"myCurrBet":0.02,"step":0,"position":1,"bluff":0,"handValue":0.601001,"percentBets_1":0.13333333333333333,"percentBets_2":0.17647058823529413},"output":{"chips":0.5}},
{"input":{"Win":0,"Lose":0.04,"myCurrBet":0.04,"step":0.5,"position":1,"bluff":0,"handValue":0.1027,"percentBets_1":0.13333333333333333,"percentBets_2":0.17647058823529413},"output":{"chips":0.5}},
{"input":{"Win":0,"Lose":0.04,"myCurrBet":0.04,"step":0.75,"position":1,"bluff":0,"handValue":0.300000120113,"percentBets_1":0.13333333333333333,"percentBets_2":0.17647058823529413},"output":{"chips":0.5}},
{"input":{"Win":0,"Lose":0.02,"myCurrBet":0,"step":0,"position":1,"bluff":0,"percentBets_1":0.019230769230769232,"percentBets_2":0.03260869565217391,"handValue":0.1017},"output":{"chips":0.5}},
{"input":{"Win":0,"Lose":0.02,"myCurrBet":0.01,"step":0,"position":1,"bluff":0,"handValue":0.1017,"percentBets_1":0.07692307692307693,"percentBets_2":0.06521739130434782},"output":{"chips":0.5}},
{"input":{"Win":0,"Lose":0.02,"myCurrBet":0.02,"step":0.5,"position":1,"bluff":0,"handValue":0.10540000000000001,"percentBets_1":0.07692307692307693,"percentBets_2":0.06521739130434782},"output":{"chips":0.5}},
{"input":{"Win":0,"Lose":0.02,"myCurrBet":0.02,"step":0.25,"position":1,"bluff":0,"handValue":0.1042,"percentBets_1":0.07692307692307693,"percentBets_2":0.06521739130434782},"output":{"chips":0.5}},
{"input":{"Win":0,"Lose":0.02,"myCurrBet":0.02,"step":0.75,"position":1,"bluff":0,"handValue":0.500000000013,"percentBets_1":0.07692307692307693,"percentBets_2":0.06521739130434782},"output":{"chips":0.5}},
{"input":{"Win":0.13636363636363635,"Lose":0,"myCurrBet":0,"step":0,"position":1,"bluff":0,"percentBets_1":0.016666666666666666,"percentBets_2":0.03488372093023256,"handValue":0.6009059999999999},"output":{"chips":1}},
{"input":{"Win":0.13636363636363635,"Lose":0,"myCurrBet":0.02,"step":0,"position":1,"bluff":1,"handValue":0.6009059999999999,"percentBets_1":0.13333333333333333,"percentBets_2":0.13953488372093023},"output":{"chips":0.5}},
{"input":{"Win":0.13636363636363635,"Lose":0,"myCurrBet":0.04,"step":0.5,"position":1,"bluff":0,"handValue":0.10350000000000001,"percentBets_1":0.13333333333333333,"percentBets_2":0.13953488372093023},"output":{"chips":0.5}},
{"input":{"Win":0.13636363636363635,"Lose":0,"myCurrBet":0.04,"step":0.75,"position":1,"bluff":0,"handValue":0.601311090806,"percentBets_1":0.13333333333333333,"percentBets_2":0.13953488372093023},"output":{"chips":0}},
{"input":{"Win":0.13636363636363635,"Lose":0,"myCurrBet":0.04,"step":0.25,"position":1,"bluff":0,"handValue":0.1027,"percentBets_1":0.13333333333333333,"percentBets_2":0.13953488372093023},"output":{"chips":0.5}},
{"input":{"Win":0,"Lose":0.04,"myCurrBet":0,"step":0,"position":1,"bluff":1,"percentBets_1":0.019230769230769232,"percentBets_2":0.04054054054054054,"handValue":0.1014},"output":{"chips":1}},
{"input":{"Win":0,"Lose":0.04,"myCurrBet":0.04,"step":0.25,"position":1,"bluff":0,"handValue":0.1046,"percentBets_1":0.15384615384615385,"percentBets_2":0.16216216216216217},"output":{"chips":0.5}},
{"input":{"Win":0,"Lose":0.04,"myCurrBet":0.04,"step":0.5,"position":1,"bluff":0,"handValue":0.10500000000000001,"percentBets_1":0.15384615384615385,"percentBets_2":0.16216216216216217},"output":{"chips":0.5}},
{"input":{"Win":0,"Lose":0.04,"myCurrBet":0.02,"step":0,"position":1,"bluff":0,"handValue":0.1014,"percentBets_1":0.15384615384615385,"percentBets_2":0.16216216216216217},"output":{"chips":0.5}},
{"input":{"Win":0,"Lose":0.04,"myCurrBet":0.04,"step":0.75,"position":1,"bluff":0,"handValue":0.10600000000000001,"percentBets_1":0.15384615384615385,"percentBets_2":0.16216216216216217},"output":{"chips":0.5}},
{"input":{"Win":0,"Lose":0.02,"myCurrBet":0,"step":0,"position":1,"bluff":1,"percentBets_1":0.022727272727272728,"percentBets_2":0.030612244897959183,"handValue":0.500000000005},"output":{"chips":0.5}},
{"input":{"Win":0,"Lose":0.02,"myCurrBet":0.02,"step":0.25,"position":1,"bluff":0,"handValue":0.1029,"percentBets_1":0.09090909090909091,"percentBets_2":0.061224489795918366},"output":{"chips":0.5}},
{"input":{"Win":0,"Lose":0.02,"myCurrBet":0.01,"step":0,"position":1,"bluff":0,"handValue":0.500000000005,"percentBets_1":0.09090909090909091,"percentBets_2":0.061224489795918366},"output":{"chips":0.5}},
{"input":{"Win":0,"Lose":0.02,"myCurrBet":0.02,"step":0.5,"position":1,"bluff":0,"handValue":0.1037,"percentBets_1":0.09090909090909091,"percentBets_2":0.061224489795918366},"output":{"chips":0.5}},
{"input":{"Win":0,"Lose":0.02,"myCurrBet":0.02,"step":0.75,"position":1,"bluff":0,"handValue":0.1048,"percentBets_1":0.09090909090909091,"percentBets_2":0.061224489795918366},"output":{"chips":0.5}},
{"input":{"Win":0,"Lose":0,"myCurrBet":0,"step":0,"position":1,"bluff":0,"percentBets_1":0.025,"percentBets_2":0.02727272727272727,"handValue":0.500000000007},"output":{"chips":1}},
{"input":{"Win":0,"Lose":0,"myCurrBet":0.02,"step":0,"position":1,"bluff":0,"handValue":0.500000000007,"percentBets_1":0.2,"percentBets_2":0.10909090909090909},"output":{"chips":0}},
{"input":{"Win":0,"Lose":0.02,"myCurrBet":0.02,"step":0,"position":1,"bluff":0,"handValue":0.1015,"percentBets_1":0.25,"percentBets_2":0.09375},"output":{"chips":0}},
{"input":{"Win":0,"Lose":0.02,"myCurrBet":0,"step":0,"position":1,"bluff":0,"percentBets_1":0.03125,"percentBets_2":0.0234375,"handValue":0.1015},"output":{"chips":1}},
{"input":{"Win":0,"Lose":0.02,"myCurrBet":0,"step":0,"position":1,"bluff":1,"percentBets_1":0.041666666666666664,"percentBets_2":0.02054794520547945,"handValue":0.1017},"output":{"chips":1}},
{"input":{"Win":0,"Lose":0.02,"myCurrBet":0.02,"step":0,"position":1,"bluff":0,"handValue":0.1017,"percentBets_1":0.3333333333333333,"percentBets_2":0.0821917808219178},"output":{"chips":0}},
{"input":{"Win":0,"Lose":0.02,"myCurrBet":0,"step":0,"position":1,"bluff":0,"percentBets_1":0.0625,"percentBets_2":0.018292682926829267,"handValue":0.10120000000000001},"output":{"chips":1}},
{"input":{"Win":0,"Lose":0.02,"myCurrBet":0.05,"step":0.25,"position":1,"bluff":0,"handValue":0.10250000000000001,"percentBets_1":0.75,"percentBets_2":0.10975609756097561},"output":{"chips":0}},
{"input":{"Win":0,"Lose":0.02,"myCurrBet":0.04,"step":0.25,"position":1,"bluff":0,"handValue":0.10250000000000001,"percentBets_1":0.5,"percentBets_2":0.07317073170731707},"output":{"chips":1}},
{"input":{"Win":0,"Lose":0.02,"myCurrBet":0.02,"step":0,"position":1,"bluff":0,"handValue":0.10120000000000001,"percentBets_1":0.5,"percentBets_2":0.07317073170731707},"output":{"chips":0.5}},
{"input":{"Win":0,"Lose":0.01,"myCurrBet":0,"step":0,"position":1,"bluff":0,"percentBets_1":0.25,"percentBets_2":0.015228426395939087,"handValue":0.1013},"output":{"chips":0.5}},
{"input":{"Win":0,"Lose":0.01,"myCurrBet":0.01,"step":0,"position":1,"bluff":1,"handValue":0.1013,"percentBets_1":1,"percentBets_2":0.030456852791878174},"output":{"chips":1}},
{"input":{"Win":0.031413612565445025,"Lose":0,"myCurrBet":0.01,"step":0,"position":1,"bluff":0,"percentBets_1":0.015706806282722512,"handValue":0.600908},"output":{"chips":1}},
{"input":{"Win":0.031413612565445025,"Lose":0,"myCurrBet":0.02,"step":0.75,"position":1,"bluff":0,"handValue":0.10540000000000001,"percentBets_1":0.031413612565445025},"output":{"chips":0.5}},
{"input":{"Win":0.031413612565445025,"Lose":0,"myCurrBet":0.02,"step":0.25,"position":1,"bluff":0,"handValue":0.1043,"percentBets_1":0.031413612565445025},"output":{"chips":0.5}},
{"input":{"Win":0.031413612565445025,"Lose":0,"myCurrBet":0.02,"step":0.5,"position":1,"bluff":0,"handValue":0.1044,"percentBets_1":0.031413612565445025},"output":{"chips":0.5}},
{"input":{"Win":0,"Lose":0.03,"myCurrBet":0.01,"step":0,"position":1,"bluff":0,"percentBets_1":0.016216216216216217,"handValue":0.1017},"output":{"chips":1}},
{"input":{"Win":0,"Lose":0.03,"myCurrBet":0.02,"step":0.25,"position":1,"bluff":1,"handValue":0.1019,"percentBets_1":0.032432432432432434},"output":{"chips":0.5}},
{"input":{"Win":0,"Lose":0.03,"myCurrBet":0.03,"step":0.75,"position":1,"bluff":0,"handValue":0.1028,"percentBets_1":0.04864864864864865},"output":{"chips":0.5}},
{"input":{"Win":0,"Lose":0.03,"myCurrBet":0.02,"step":0.5,"position":1,"bluff":1,"handValue":0.1027,"percentBets_1":0.032432432432432434},"output":{"chips":1}},
{"input":{"Win":0,"Lose":0.02,"myCurrBet":0.01,"step":0,"position":1,"bluff":0,"percentBets_1":0.015463917525773196,"handValue":0.10110000000000001},"output":{"chips":1}},
{"input":{"Win":0,"Lose":0.02,"myCurrBet":0.02,"step":0.25,"position":1,"bluff":0,"handValue":0.1029,"percentBets_1":0.030927835051546393},"output":{"chips":0.5}},
{"input":{"Win":0,"Lose":0.02,"myCurrBet":0.02,"step":0.75,"position":1,"bluff":0,"handValue":0.1032,"percentBets_1":0.030927835051546393},"output":{"chips":0.5}},
{"input":{"Win":0,"Lose":0.02,"myCurrBet":0.02,"step":0.5,"position":1,"bluff":0,"handValue":0.10250000000000001,"percentBets_1":0.030927835051546393},"output":{"chips":0.5}},
{"input":{"Win":0,"Lose":0.02,"myCurrBet":0.01,"step":0,"position":1,"bluff":1,"percentBets_1":0.015,"handValue":0.601309},"output":{"chips":1}},
{"input":{"Win":0,"Lose":0.02,"myCurrBet":0.02,"step":0.75,"position":1,"bluff":1,"handValue":0.10500000000000001,"percentBets_1":0.03},"output":{"chips":0.5}},
{"input":{"Win":0,"Lose":0.02,"myCurrBet":0.02,"step":0.25,"position":1,"bluff":0,"handValue":0.1043,"percentBets_1":0.03},"output":{"chips":0.5}},
{"input":{"Win":0,"Lose":0.02,"myCurrBet":0.02,"step":0.5,"position":1,"bluff":0,"handValue":0.1044,"percentBets_1":0.03},"output":{"chips":0.5}},
{"input":{"Win":0,"Lose":0.02,"myCurrBet":0.02,"step":0.75,"position":1,"bluff":0,"handValue":0.10310000000000001,"percentBets_1":0.02912621359223301},"output":{"chips":0.5}},
{"input":{"Win":0,"Lose":0.02,"myCurrBet":0.02,"step":0.5,"position":1,"bluff":1,"handValue":0.10300000000000001,"percentBets_1":0.02912621359223301},"output":{"chips":0.5}},
{"input":{"Win":0,"Lose":0.02,"myCurrBet":0.01,"step":0,"position":1,"bluff":0,"percentBets_1":0.014563106796116505,"handValue":0.500000000011},"output":{"chips":1}},
{"input":{"Win":0,"Lose":0.02,"myCurrBet":0.02,"step":0.25,"position":1,"bluff":0,"handValue":0.1038,"percentBets_1":0.02912621359223301},"output":{"chips":0.5}},
{"input":{"Win":0.02830188679245283,"Lose":0,"myCurrBet":0.01,"step":0,"position":1,"bluff":0,"percentBets_1":0.014150943396226415,"handValue":0.1014},"output":{"chips":1}},
{"input":{"Win":0.02830188679245283,"Lose":0,"myCurrBet":0.02,"step":0.25,"position":1,"bluff":0,"handValue":0.1017,"percentBets_1":0.02830188679245283},"output":{"chips":0.5}},
{"input":{"Win":0.02830188679245283,"Lose":0,"myCurrBet":0.02,"step":0.75,"position":1,"bluff":0,"handValue":0.30000009051099996,"percentBets_1":0.02830188679245283},"output":{"chips":0.5}},
{"input":{"Win":0.02830188679245283,"Lose":0,"myCurrBet":0.02,"step":0.5,"position":1,"bluff":0,"handValue":0.1024,"percentBets_1":0.02830188679245283},"output":{"chips":0.5}},
{"input":{"Win":0,"Lose":0.02,"myCurrBet":0.01,"step":0,"position":1,"bluff":0,"percentBets_1":0.014563106796116505,"handValue":0.10200000000000001},"output":{"chips":1}},
{"input":{"Win":0,"Lose":0.02,"myCurrBet":0.02,"step":0.25,"position":1,"bluff":0,"handValue":0.10300000000000001,"percentBets_1":0.02912621359223301},"output":{"chips":0.5}},
{"input":{"Win":0,"Lose":0.02,"myCurrBet":0.02,"step":0.5,"position":1,"bluff":0,"handValue":0.10400000000000001,"percentBets_1":0.02912621359223301},"output":{"chips":0.5}},
{"input":{"Win":0,"Lose":0.02,"myCurrBet":0.02,"step":0.75,"position":1,"bluff":0,"handValue":0.10350000000000001,"percentBets_1":0.02912621359223301},"output":{"chips":0.5}},
{"input":{"Win":0,"Lose":0.02,"myCurrBet":0.01,"step":0,"position":1,"bluff":1,"percentBets_1":0.014150943396226415,"handValue":0.1017},"output":{"chips":1}},
{"input":{"Win":0,"Lose":0.02,"myCurrBet":0.02,"step":0.5,"position":1,"bluff":0,"handValue":0.1029,"percentBets_1":0.02830188679245283},"output":{"chips":0.5}},
{"input":{"Win":0,"Lose":0.02,"myCurrBet":0.02,"step":0.75,"position":1,"bluff":0,"handValue":0.1032,"percentBets_1":0.02830188679245283},"output":{"chips":0.5}},
{"input":{"Win":0,"Lose":0.02,"myCurrBet":0.02,"step":0.25,"position":1,"bluff":0,"handValue":0.1028,"percentBets_1":0.02830188679245283},"output":{"chips":0.5}},
{"input":{"Win":0.027522935779816515,"Lose":0,"myCurrBet":0.01,"step":0,"position":1,"bluff":0,"percentBets_1":0.013761467889908258,"handValue":0.400000000013},"output":{"chips":1}},
{"input":{"Win":0.027522935779816515,"Lose":0,"myCurrBet":0.02,"step":0.25,"position":1,"bluff":0,"handValue":0.1042,"percentBets_1":0.027522935779816515},"output":{"chips":0.5}},
{"input":{"Win":0.027522935779816515,"Lose":0,"myCurrBet":0.02,"step":0.5,"position":1,"bluff":0,"handValue":0.1046,"percentBets_1":0.027522935779816515},"output":{"chips":0.5}},
{"input":{"Win":0.027522935779816515,"Lose":0,"myCurrBet":0.02,"step":0.75,"position":1,"bluff":0,"handValue":0.1033,"percentBets_1":0.027522935779816515},"output":{"chips":0.5}},
{"input":{"Win":0.03773584905660377,"Lose":0,"myCurrBet":0.013333333333333334,"step":0,"position":1,"bluff":1,"percentBets_1":0.018867924528301886,"handValue":0.1015},"output":{"chips":1}},
{"input":{"Win":0.03773584905660377,"Lose":0,"myCurrBet":0.02666666666666667,"step":0.25,"position":1,"bluff":0,"handValue":0.1013,"percentBets_1":0.03773584905660377},"output":{"chips":0.5}},
{"input":{"Win":0.03773584905660377,"Lose":0,"myCurrBet":0.02666666666666667,"step":0.5,"position":1,"bluff":0,"handValue":0.1018,"percentBets_1":0.03773584905660377},"output":{"chips":0.5}},
{"input":{"Win":0.03773584905660377,"Lose":0,"myCurrBet":0.02666666666666667,"step":0.75,"position":1,"bluff":0,"handValue":0.300000130207,"percentBets_1":0.03773584905660377},"output":{"chips":0.5}},
{"input":{"Win":0,"Lose":0.02666666666666667,"myCurrBet":0.013333333333333334,"step":0,"position":1,"bluff":0,"percentBets_1":0.0196078431372549,"handValue":0.60131},"output":{"chips":1}},
{"input":{"Win":0,"Lose":0.02666666666666667,"myCurrBet":0.02666666666666667,"step":0.5,"position":1,"bluff":0,"handValue":0.1047,"percentBets_1":0.0392156862745098},"output":{"chips":0.5}},
{"input":{"Win":0,"Lose":0.02666666666666667,"myCurrBet":0.02666666666666667,"step":0.25,"position":1,"bluff":0,"handValue":0.10350000000000001,"percentBets_1":0.0392156862745098},"output":{"chips":0.5}},
{"input":{"Win":0,"Lose":0.02666666666666667,"myCurrBet":0.02666666666666667,"step":0.75,"position":1,"bluff":0,"handValue":0.10540000000000001,"percentBets_1":0.0392156862745098},"output":{"chips":0.5}},
{"input":{"Win":0.018867924528301886,"Lose":0,"myCurrBet":0.013333333333333334,"step":0,"position":1,"bluff":1,"percentBets_1":0.018867924528301886,"handValue":0.10200000000000001},"output":{"chips":0.5}},
{"input":{"Win":0.018867924528301886,"Lose":0,"myCurrBet":0.013333333333333334,"step":0.25,"position":1,"bluff":0,"handValue":0.1027,"percentBets_1":0.018867924528301886},"output":{"chips":0.5}},
{"input":{"Win":0.018867924528301886,"Lose":0,"myCurrBet":0.013333333333333334,"step":0.75,"position":1,"bluff":0,"handValue":0.300000120308,"percentBets_1":0.018867924528301886},"output":{"chips":0.5}},
{"input":{"Win":0.018867924528301886,"Lose":0,"myCurrBet":0.013333333333333334,"step":0.5,"position":1,"bluff":0,"handValue":0.300000120308,"percentBets_1":0.018867924528301886},"output":{"chips":0.5}},
{"input":{"Win":0,"Lose":0.02666666666666667,"myCurrBet":0.013333333333333334,"step":0,"position":1,"bluff":0,"percentBets_1":0.019230769230769232,"handValue":0.1013},"output":{"chips":1}},
{"input":{"Win":0,"Lose":0.02666666666666667,"myCurrBet":0.02666666666666667,"step":0.25,"position":1,"bluff":1,"handValue":0.1037,"percentBets_1":0.038461538461538464},"output":{"chips":0.5}},
{"input":{"Win":0,"Lose":0.02666666666666667,"myCurrBet":0.02666666666666667,"step":0.75,"position":1,"bluff":0,"handValue":0.10410000000000001,"percentBets_1":0.038461538461538464},"output":{"chips":0.5}},
{"input":{"Win":0,"Lose":0.02666666666666667,"myCurrBet":0.02666666666666667,"step":0.5,"position":1,"bluff":0,"handValue":0.10400000000000001,"percentBets_1":0.038461538461538464},"output":{"chips":0.5}},
{"input":{"Win":0,"Lose":0.04,"myCurrBet":0.013333333333333334,"step":0,"position":1,"bluff":1,"percentBets_1":0.018518518518518517,"handValue":0.10250000000000001},"output":{"chips":1}},
{"input":{"Win":0,"Lose":0.04,"myCurrBet":0.02666666666666667,"step":0.25,"position":1,"bluff":0,"handValue":0.1022,"percentBets_1":0.037037037037037035},"output":{"chips":0.5}},
{"input":{"Win":0,"Lose":0.04,"myCurrBet":0.04,"step":0.75,"position":1,"bluff":0,"handValue":0.300000120513,"percentBets_1":0.05555555555555555},"output":{"chips":0.5}},
{"input":{"Win":0,"Lose":0.04,"myCurrBet":0.02666666666666667,"step":0.5,"position":1,"bluff":1,"handValue":0.300000120513,"percentBets_1":0.037037037037037035},"output":{"chips":1}},
{"input":{"Win":0.03508771929824561,"Lose":0,"myCurrBet":0.013333333333333334,"step":0,"position":1,"bluff":0,"percentBets_1":0.017543859649122806,"handValue":0.1015},"output":{"chips":1}},
{"input":{"Win":0.03508771929824561,"Lose":0,"myCurrBet":0.02666666666666667,"step":0.25,"position":1,"bluff":0,"handValue":0.10350000000000001,"percentBets_1":0.03508771929824561},"output":{"chips":0.5}},
{"input":{"Win":0.03508771929824561,"Lose":0,"myCurrBet":0.02666666666666667,"step":0.75,"position":1,"bluff":0,"handValue":0.1046,"percentBets_1":0.03508771929824561},"output":{"chips":0.5}},
{"input":{"Win":0.03508771929824561,"Lose":0,"myCurrBet":0.02666666666666667,"step":0.5,"position":1,"bluff":0,"handValue":0.1033,"percentBets_1":0.03508771929824561},"output":{"chips":0.5}},
{"input":{"Win":0.03636363636363636,"Lose":0,"myCurrBet":0.013333333333333334,"step":0,"position":1,"bluff":0,"percentBets_1":0.01818181818181818,"handValue":0.6013069999999999},"output":{"chips":1}},
{"input":{"Win":0.03636363636363636,"Lose":0,"myCurrBet":0.02666666666666667,"step":0.5,"position":1,"bluff":0,"handValue":0.1022,"percentBets_1":0.03636363636363636},"output":{"chips":0.5}},
{"input":{"Win":0.03636363636363636,"Lose":0,"myCurrBet":0.02666666666666667,"step":0.25,"position":1,"bluff":1,"handValue":0.101,"percentBets_1":0.03636363636363636},"output":{"chips":0.5}},
{"input":{"Win":0.03636363636363636,"Lose":0,"myCurrBet":0.02666666666666667,"step":0.75,"position":1,"bluff":0,"handValue":0.300000130212,"percentBets_1":0.03636363636363636},"output":{"chips":0.5}},
{"input":{"Win":0,"Lose":0.02666666666666667,"myCurrBet":0.02666666666666667,"step":0.75,"position":1,"bluff":0,"handValue":0.1039,"percentBets_1":0.03773584905660377},"output":{"chips":0.5}},
{"input":{"Win":0,"Lose":0.02666666666666667,"myCurrBet":0.02666666666666667,"step":0.5,"position":1,"bluff":0,"handValue":0.10400000000000001,"percentBets_1":0.03773584905660377},"output":{"chips":0.5}},
{"input":{"Win":0,"Lose":0.02666666666666667,"myCurrBet":0.02666666666666667,"step":0.25,"position":1,"bluff":0,"handValue":0.1038,"percentBets_1":0.03773584905660377},"output":{"chips":0.5}},
{"input":{"Win":0,"Lose":0.02666666666666667,"myCurrBet":0.013333333333333334,"step":0,"position":1,"bluff":0,"percentBets_1":0.018867924528301886,"handValue":0.10120000000000001},"output":{"chips":1}},
{"input":{"Win":0,"Lose":0.02666666666666667,"myCurrBet":0.013333333333333334,"step":0,"position":1,"bluff":0,"percentBets_1":0.01818181818181818,"handValue":0.601204},"output":{"chips":1}},
{"input":{"Win":0,"Lose":0.02666666666666667,"myCurrBet":0.02666666666666667,"step":0.25,"position":1,"bluff":0,"handValue":0.1038,"percentBets_1":0.03636363636363636},"output":{"chips":0.5}},
{"input":{"Win":0,"Lose":0.02666666666666667,"myCurrBet":0.02666666666666667,"step":0.75,"position":1,"bluff":0,"handValue":0.1048,"percentBets_1":0.03636363636363636},"output":{"chips":0.5}},
{"input":{"Win":0,"Lose":0.02666666666666667,"myCurrBet":0.02666666666666667,"step":0.5,"position":1,"bluff":0,"handValue":0.10410000000000001,"percentBets_1":0.03636363636363636},"output":{"chips":0.5}},
{"input":{"Win":0.05263157894736842,"Lose":0,"myCurrBet":0.013333333333333334,"step":0,"position":1,"bluff":0,"percentBets_1":0.017543859649122806,"handValue":0.10200000000000001},"output":{"chips":1}},
{"input":{"Win":0.05263157894736842,"Lose":0,"myCurrBet":0.02666666666666667,"step":0.25,"position":1,"bluff":0,"handValue":0.300000130706,"percentBets_1":0.03508771929824561},"output":{"chips":0.5}},
{"input":{"Win":0.05263157894736842,"Lose":0,"myCurrBet":0.02666666666666667,"step":0.75,"position":1,"bluff":1,"handValue":0.300000130711,"percentBets_1":0.03508771929824561},"output":{"chips":1}},
{"input":{"Win":0.05263157894736842,"Lose":0,"myCurrBet":0.02666666666666667,"step":0.5,"position":1,"bluff":0,"handValue":0.30000013070799997,"percentBets_1":0.03508771929824561},"output":{"chips":0.5}},
{"input":{"Win":0,"Lose":0.02666666666666667,"myCurrBet":0.02666666666666667,"step":0.25,"position":1,"bluff":0,"handValue":0.1027,"percentBets_1":0.037037037037037035},"output":{"chips":0.5}},
{"input":{"Win":0,"Lose":0.02666666666666667,"myCurrBet":0.02666666666666667,"step":0.75,"position":1,"bluff":0,"handValue":0.30000011051,"percentBets_1":0.037037037037037035},"output":{"chips":0.5}},
{"input":{"Win":0,"Lose":0.02666666666666667,"myCurrBet":0.02666666666666667,"step":0.5,"position":1,"bluff":0,"handValue":0.30000011051,"percentBets_1":0.037037037037037035},"output":{"chips":0.5}},
{"input":{"Win":0,"Lose":0.02666666666666667,"myCurrBet":0.013333333333333334,"step":0,"position":1,"bluff":1,"percentBets_1":0.018518518518518517,"handValue":0.60111},"output":{"chips":1}},
{"input":{"Win":0.03571428571428571,"Lose":0,"myCurrBet":0.013333333333333334,"step":0,"position":1,"bluff":0,"percentBets_1":0.017857142857142856,"handValue":0.1},"output":{"chips":1}},
{"input":{"Win":0.03571428571428571,"Lose":0,"myCurrBet":0.02666666666666667,"step":0.75,"position":1,"bluff":0,"handValue":0.1027,"percentBets_1":0.03571428571428571},"output":{"chips":0.5}},
{"input":{"Win":0.03571428571428571,"Lose":0,"myCurrBet":0.02666666666666667,"step":0.5,"position":1,"bluff":0,"handValue":0.10210000000000001,"percentBets_1":0.03571428571428571},"output":{"chips":0.5}},
{"input":{"Win":0.03571428571428571,"Lose":0,"myCurrBet":0.02666666666666667,"step":0.25,"position":1,"bluff":0,"handValue":0.10160000000000001,"percentBets_1":0.03571428571428571},"output":{"chips":0.5}},
{"input":{"Win":0,"Lose":0.02666666666666667,"myCurrBet":0.02666666666666667,"step":0.75,"position":1,"bluff":1,"handValue":0.500000000013,"percentBets_1":0.037037037037037035},"output":{"chips":0.5}},
{"input":{"Win":0,"Lose":0.02666666666666667,"myCurrBet":0.02666666666666667,"step":0.5,"position":1,"bluff":0,"handValue":0.10450000000000001,"percentBets_1":0.037037037037037035},"output":{"chips":0.5}},
{"input":{"Win":0,"Lose":0.02666666666666667,"myCurrBet":0.02666666666666667,"step":0.25,"position":1,"bluff":0,"handValue":0.10360000000000001,"percentBets_1":0.037037037037037035},"output":{"chips":0.5}},
{"input":{"Win":0,"Lose":0.02666666666666667,"myCurrBet":0.013333333333333334,"step":0,"position":1,"bluff":0,"percentBets_1":0.018518518518518517,"handValue":0.1005},"output":{"chips":1}},
{"input":{"Win":0.03571428571428571,"Lose":0,"myCurrBet":0.013333333333333334,"step":0,"position":1,"bluff":0,"percentBets_1":0.017857142857142856,"handValue":0.1018},"output":{"chips":1}},
{"input":{"Win":0.03571428571428571,"Lose":0,"myCurrBet":0.02666666666666667,"step":0.25,"position":1,"bluff":0,"handValue":0.1038,"percentBets_1":0.03571428571428571},"output":{"chips":0.5}},
{"input":{"Win":0.03571428571428571,"Lose":0,"myCurrBet":0.02666666666666667,"step":0.5,"position":1,"bluff":0,"handValue":0.1046,"percentBets_1":0.03571428571428571},"output":{"chips":0.5}},
{"input":{"Win":0.03571428571428571,"Lose":0,"myCurrBet":0.02666666666666667,"step":0.75,"position":1,"bluff":0,"handValue":0.10490000000000001,"percentBets_1":0.03571428571428571},"output":{"chips":0.5}},
{"input":{"Win":0,"Lose":0.02666666666666667,"myCurrBet":0.013333333333333334,"step":0,"position":1,"bluff":1,"percentBets_1":0.018518518518518517,"handValue":0.6006049999999999},"output":{"chips":0.5}},
{"input":{"Win":0,"Lose":0.02666666666666667,"myCurrBet":0.013333333333333334,"step":0.25,"position":1,"bluff":0,"handValue":0.1033,"percentBets_1":0.018518518518518517},"output":{"chips":0.5}},
{"input":{"Win":0,"Lose":0.02666666666666667,"myCurrBet":0.013333333333333334,"step":0.5,"position":1,"bluff":1,"handValue":0.1034,"percentBets_1":0.018518518518518517},"output":{"chips":1}},
{"input":{"Win":0,"Lose":0.02666666666666667,"myCurrBet":0.02666666666666667,"step":0.75,"position":1,"bluff":0,"handValue":0.1046,"percentBets_1":0.037037037037037035},"output":{"chips":0.5}},
{"input":{"Win":0,"Lose":0.02666666666666667,"myCurrBet":0.013333333333333334,"step":0,"position":1,"bluff":0,"percentBets_1":0.017857142857142856,"handValue":0.1009},"output":{"chips":1}},
{"input":{"Win":0,"Lose":0.02666666666666667,"myCurrBet":0.02666666666666667,"step":0.5,"position":1,"bluff":0,"handValue":0.1023,"percentBets_1":0.03571428571428571},"output":{"chips":0.5}},
{"input":{"Win":0,"Lose":0.02666666666666667,"myCurrBet":0.02666666666666667,"step":0.75,"position":1,"bluff":0,"handValue":0.30000005041,"percentBets_1":0.03571428571428571},"output":{"chips":0.5}},
{"input":{"Win":0,"Lose":0.02666666666666667,"myCurrBet":0.02666666666666667,"step":0.25,"position":1,"bluff":0,"handValue":0.1028,"percentBets_1":0.03571428571428571},"output":{"chips":0.5}},
{"input":{"Win":0,"Lose":0.02666666666666667,"myCurrBet":0.013333333333333334,"step":0,"position":1,"bluff":1,"percentBets_1":0.017241379310344827,"handValue":0.1023},"output":{"chips":1}},
{"input":{"Win":0,"Lose":0.02666666666666667,"myCurrBet":0.02666666666666667,"step":0.25,"position":1,"bluff":0,"handValue":0.1046,"percentBets_1":0.034482758620689655},"output":{"chips":0.5}},
{"input":{"Win":0,"Lose":0.02666666666666667,"myCurrBet":0.02666666666666667,"step":0.5,"position":1,"bluff":0,"handValue":0.1051,"percentBets_1":0.034482758620689655},"output":{"chips":0.5}},
{"input":{"Win":0,"Lose":0.02666666666666667,"myCurrBet":0.02666666666666667,"step":0.75,"position":1,"bluff":0,"handValue":0.10540000000000001,"percentBets_1":0.034482758620689655},"output":{"chips":0.5}},
{"input":{"Win":0.016666666666666666,"Lose":0,"myCurrBet":0.013333333333333334,"step":0,"position":1,"bluff":1,"percentBets_1":0.016666666666666666,"handValue":0.600903},"output":{"chips":0.5}},
{"input":{"Win":0.016666666666666666,"Lose":0,"myCurrBet":0.013333333333333334,"step":0.5,"position":1,"bluff":0,"handValue":0.300000090405,"percentBets_1":0.016666666666666666},"output":{"chips":0.5}},
{"input":{"Win":0.016666666666666666,"Lose":0,"myCurrBet":0.013333333333333334,"step":0.25,"position":1,"bluff":0,"handValue":0.10120000000000001,"percentBets_1":0.016666666666666666},"output":{"chips":0.5}},
{"input":{"Win":0.016666666666666666,"Lose":0,"myCurrBet":0.013333333333333334,"step":0.75,"position":1,"bluff":0,"handValue":0.300000090405,"percentBets_1":0.016666666666666666},"output":{"chips":0.5}},
{"input":{"Win":0,"Lose":0.04,"myCurrBet":0.013333333333333334,"step":0,"position":1,"bluff":0,"percentBets_1":0.01694915254237288,"handValue":0.10060000000000001},"output":{"chips":1}},
{"input":{"Win":0,"Lose":0.04,"myCurrBet":0.02666666666666667,"step":0.25,"position":1,"bluff":0,"handValue":0.10360000000000001,"percentBets_1":0.03389830508474576},"output":{"chips":0.5}},
{"input":{"Win":0,"Lose":0.04,"myCurrBet":0.02666666666666667,"step":0.5,"position":1,"bluff":0,"handValue":0.10450000000000001,"percentBets_1":0.03389830508474576},"output":{"chips":0.5}},
{"input":{"Win":0,"Lose":0.04,"myCurrBet":0.02666666666666667,"step":0.75,"position":1,"bluff":1,"handValue":0.1046,"percentBets_1":0.03389830508474576},"output":{"chips":1}},
{"input":{"Win":0.03225806451612903,"Lose":0,"myCurrBet":0.013333333333333334,"step":0,"position":1,"bluff":0,"percentBets_1":0.016129032258064516,"handValue":0.601102},"output":{"chips":1}},
{"input":{"Win":0.03225806451612903,"Lose":0,"myCurrBet":0.02666666666666667,"step":0.25,"position":1,"bluff":0,"handValue":0.10350000000000001,"percentBets_1":0.03225806451612903},"output":{"chips":0.5}},
{"input":{"Win":0.03225806451612903,"Lose":0,"myCurrBet":0.02666666666666667,"step":0.5,"position":1,"bluff":1,"handValue":0.10260000000000001,"percentBets_1":0.03225806451612903},"output":{"chips":0.5}},
{"input":{"Win":0.03225806451612903,"Lose":0,"myCurrBet":0.02666666666666667,"step":0.75,"position":1,"bluff":0,"handValue":0.1033,"percentBets_1":0.03225806451612903},"output":{"chips":0.5}},
{"input":{"Win":0.03333333333333333,"Lose":0,"myCurrBet":0.013333333333333334,"step":0,"position":1,"bluff":0,"percentBets_1":0.016666666666666666,"handValue":0.10200000000000001},"output":{"chips":1}},
{"input":{"Win":0.03333333333333333,"Lose":0,"myCurrBet":0.02666666666666667,"step":0.75,"position":1,"bluff":1,"handValue":0.30000013120999997,"percentBets_1":0.03333333333333333},"output":{"chips":0.5}},
{"input":{"Win":0.03333333333333333,"Lose":0,"myCurrBet":0.02666666666666667,"step":0.25,"position":1,"bluff":0,"handValue":0.300000131208,"percentBets_1":0.03333333333333333},"output":{"chips":0.5}},
{"input":{"Win":0.03333333333333333,"Lose":0,"myCurrBet":0.02666666666666667,"step":0.5,"position":1,"bluff":0,"handValue":0.300000131208,"percentBets_1":0.03333333333333333},"output":{"chips":0.5}},
{"input":{"Win":0,"Lose":0.02666666666666667,"myCurrBet":0.013333333333333334,"step":0,"position":1,"bluff":0,"percentBets_1":0.017241379310344827,"handValue":0.600806},"output":{"chips":1}},
{"input":{"Win":0,"Lose":0.02666666666666667,"myCurrBet":0.02666666666666667,"step":0.75,"position":1,"bluff":0,"handValue":0.1047,"percentBets_1":0.034482758620689655},"output":{"chips":0.5}},
{"input":{"Win":0,"Lose":0.02666666666666667,"myCurrBet":0.02666666666666667,"step":0.5,"position":1,"bluff":0,"handValue":0.1037,"percentBets_1":0.034482758620689655},"output":{"chips":0.5}},
{"input":{"Win":0,"Lose":0.02666666666666667,"myCurrBet":0.02666666666666667,"step":0.25,"position":1,"bluff":0,"handValue":0.1033,"percentBets_1":0.034482758620689655},"output":{"chips":0.5}},
{"input":{"Win":0,"Lose":0.02666666666666667,"myCurrBet":0.013333333333333334,"step":0,"position":1,"bluff":1,"percentBets_1":0.016666666666666666,"handValue":0.601009},"output":{"chips":0.5}},
{"input":{"Win":0,"Lose":0.02666666666666667,"myCurrBet":0.013333333333333334,"step":0.25,"position":1,"bluff":0,"handValue":0.10410000000000001,"percentBets_1":0.016666666666666666},"output":{"chips":0.5}},
{"input":{"Win":0,"Lose":0.02666666666666667,"myCurrBet":0.013333333333333334,"step":0.5,"position":1,"bluff":0,"handValue":0.1028,"percentBets_1":0.016666666666666666},"output":{"chips":0.5}},
{"input":{"Win":0,"Lose":0.02666666666666667,"myCurrBet":0.013333333333333334,"step":0.75,"position":1,"bluff":1,"handValue":0.10310000000000001,"percentBets_1":0.016666666666666666},"output":{"chips":1}},
{"input":{"Win":0,"Lose":0.02666666666666667,"myCurrBet":0.013333333333333334,"step":0,"position":1,"bluff":0,"percentBets_1":0.016129032258064516,"handValue":0.1013},"output":{"chips":1}},
{"input":{"Win":0,"Lose":0.02666666666666667,"myCurrBet":0.02666666666666667,"step":0.25,"position":1,"bluff":0,"handValue":0.1019,"percentBets_1":0.03225806451612903},"output":{"chips":0.5}},
{"input":{"Win":0,"Lose":0.02666666666666667,"myCurrBet":0.02666666666666667,"step":0.5,"position":1,"bluff":0,"handValue":0.10210000000000001,"percentBets_1":0.03225806451612903},"output":{"chips":0.5}},
{"input":{"Win":0,"Lose":0.02666666666666667,"myCurrBet":0.02666666666666667,"step":0.75,"position":1,"bluff":0,"handValue":0.300000070608,"percentBets_1":0.03225806451612903},"output":{"chips":0.5}},
{"input":{"Win":0,"Lose":0.04,"myCurrBet":0.013333333333333334,"step":0,"position":1,"bluff":0,"percentBets_1":0.015625,"handValue":0.1013},"output":{"chips":1}},
{"input":{"Win":0,"Lose":0.04,"myCurrBet":0.02666666666666667,"step":0.25,"position":1,"bluff":0,"handValue":0.1039,"percentBets_1":0.03125},"output":{"chips":0.5}},
{"input":{"Win":0,"Lose":0.04,"myCurrBet":0.02666666666666667,"step":0.5,"position":1,"bluff":1,"handValue":0.1051,"percentBets_1":0.03125},"output":{"chips":1}},
{"input":{"Win":0,"Lose":0.04,"myCurrBet":0.04,"step":0.75,"position":1,"bluff":0,"handValue":0.1057,"percentBets_1":0.046875},"output":{"chips":0.5}},
{"input":{"Win":0,"Lose":0.04,"myCurrBet":0.02666666666666667,"step":0.25,"position":1,"bluff":0,"handValue":0.300000120805,"percentBets_1":0.029850746268656716},"output":{"chips":0.5}},
{"input":{"Win":0,"Lose":0.04,"myCurrBet":0.013333333333333334,"step":0,"position":1,"bluff":0,"percentBets_1":0.014925373134328358,"handValue":0.601208},"output":{"chips":1}},
{"input":{"Win":0,"Lose":0.04,"myCurrBet":0.02666666666666667,"step":0.75,"position":1,"bluff":1,"handValue":0.300000120807,"percentBets_1":0.029850746268656716},"output":{"chips":1}},
{"input":{"Win":0,"Lose":0.04,"myCurrBet":0.02666666666666667,"step":0.5,"position":1,"bluff":0,"handValue":0.300000120807,"percentBets_1":0.029850746268656716},"output":{"chips":0.5}},
{"input":{"Win":0,"Lose":0.02666666666666667,"myCurrBet":0.02666666666666667,"step":0.25,"position":1,"bluff":0,"handValue":0.1032,"percentBets_1":0.02857142857142857},"output":{"chips":0.5}},
{"input":{"Win":0,"Lose":0.02666666666666667,"myCurrBet":0.02666666666666667,"step":0.5,"position":1,"bluff":0,"handValue":0.10300000000000001,"percentBets_1":0.02857142857142857},"output":{"chips":0.5}},
{"input":{"Win":0,"Lose":0.02666666666666667,"myCurrBet":0.02666666666666667,"step":0.75,"position":1,"bluff":0,"handValue":0.1039,"percentBets_1":0.02857142857142857},"output":{"chips":0.5}},
{"input":{"Win":0,"Lose":0.02666666666666667,"myCurrBet":0.013333333333333334,"step":0,"position":1,"bluff":1,"percentBets_1":0.014285714285714285,"handValue":0.10210000000000001},"output":{"chips":1}},
{"input":{"Win":0,"Lose":0.02666666666666667,"myCurrBet":0.013333333333333334,"step":0,"position":1,"bluff":0,"percentBets_1":0.013888888888888888,"handValue":0.600401},"output":{"chips":1}},
{"input":{"Win":0,"Lose":0.02666666666666667,"myCurrBet":0.02666666666666667,"step":0.25,"position":1,"bluff":1,"handValue":0.10250000000000001,"percentBets_1":0.027777777777777776},"output":{"chips":0.5}},
{"input":{"Win":0,"Lose":0.02666666666666667,"myCurrBet":0.02666666666666667,"step":0.5,"position":1,"bluff":1,"handValue":0.10310000000000001,"percentBets_1":0.027777777777777776},"output":{"chips":0.5}},
{"input":{"Win":0,"Lose":0.02666666666666667,"myCurrBet":0.02666666666666667,"step":0.75,"position":1,"bluff":0,"handValue":0.1033,"percentBets_1":0.027777777777777776},"output":{"chips":0.5}},
