{"input":{"Win":0.08,"Lose":0,"myCurrBet":0,"step":0,"position":1,"bluff":0,"percentBets_1":0.006666666666666667,"percentBets_2":0.013333333333333334,"handValue":0.1017,"percentBets_3":0.04},"output":{"chips":0.5}},
{"input":{"Win":0.08,"Lose":0,"myCurrBet":0.01,"step":0,"position":1,"bluff":0,"handValue":0.1017,"percentBets_1":0.08,"percentBets_2":0.08,"percentBets_3":0.08},"output":{"chips":0.5}},
{"input":{"Win":0.08,"Lose":0,"myCurrBet":0.02,"step":0.25,"position":1,"bluff":0,"handValue":0.1014,"percentBets_1":0.08,"percentBets_2":0.08,"percentBets_3":0.08},"output":{"chips":0.5}},
{"input":{"Win":0.08,"Lose":0,"myCurrBet":0.02,"step":0.5,"position":1,"bluff":0,"handValue":0.1017,"percentBets_1":0.08,"percentBets_2":0.08,"percentBets_3":0.08},"output":{"chips":0.5}},
{"input":{"Win":0.08,"Lose":0,"myCurrBet":0.02,"step":0.75,"position":1,"bluff":0,"handValue":0.1027,"percentBets_1":0.08,"percentBets_2":0.08,"percentBets_3":0.08},"output":{"chips":0.5}},
{"input":{"Win":0.2028985507246377,"Lose":0,"myCurrBet":0.02666666666666667,"step":0.25,"position":1,"bluff":1,"handValue":0.1009,"percentBets_1":0.11594202898550725,"percentBets_2":0.11594202898550725,"percentBets_3":0.11594202898550725},"output":{"chips":0.5}},
{"input":{"Win":0.2028985507246377,"Lose":0,"myCurrBet":0.02666666666666667,"step":0.5,"position":1,"bluff":1,"handValue":0.40000007060200005,"percentBets_1":0.11594202898550725,"percentBets_2":0.11594202898550725,"percentBets_3":0.11594202898550725},"output":{"chips":1}},
{"input":{"Win":0.2028985507246377,"Lose":0,"myCurrBet":0.013333333333333334,"step":0,"position":1,"bluff":0,"handValue":0.6007009999999999,"percentBets_1":0.11594202898550725,"percentBets_2":0.11594202898550725,"percentBets_3":0.11594202898550725},"output":{"chips":0.5}},
{"input":{"Win":0.2028985507246377,"Lose":0,"myCurrBet":0.04666666666666667,"step":0.75,"position":1,"bluff":1,"handValue":0.40000007080600003,"percentBets_1":0.2028985507246377,"percentBets_2":0.2028985507246377,"percentBets_3":0.2028985507246377},"output":{"chips":0.5}},
{"input":{"Win":0.2028985507246377,"Lose":0,"myCurrBet":0.03666666666666667,"step":0.5,"position":1,"bluff":1,"handValue":0.40000007060200005,"percentBets_1":0.2028985507246377,"percentBets_2":0.2028985507246377,"percentBets_3":0.2028985507246377},"output":{"chips":0.5}},
{"input":{"Win":0.2028985507246377,"Lose":0,"myCurrBet":0,"step":0,"position":1,"bluff":0,"percentBets_1":0.007246376811594203,"percentBets_2":0.014492753623188406,"handValue":0.6007009999999999,"percentBets_3":0.014492753623188406},"output":{"chips":1}},
{"input":{"Win":0,"Lose":0.04,"myCurrBet":0.01,"step":0,"position":1,"bluff":0,"handValue":0.1015,"percentBets_1":0.10909090909090909,"percentBets_2":0.10909090909090909,"percentBets_3":0.10909090909090909},"output":{"chips":0.5}},
{"input":{"Win":0,"Lose":0.04,"myCurrBet":0.02,"step":0.25,"position":1,"bluff":1,"handValue":0.1034,"percentBets_1":0.10909090909090909,"percentBets_2":0.10909090909090909,"percentBets_3":0.10909090909090909},"output":{"chips":1}},
{"input":{"Win":0,"Lose":0.04,"myCurrBet":0,"step":0,"position":1,"bluff":0,"percentBets_1":0.00909090909090909,"percentBets_2":0.01818181818181818,"handValue":0.1015,"percentBets_3":0.05454545454545454},"output":{"chips":0.5}},
{"input":{"Win":0,"Lose":0.04,"myCurrBet":0.03,"step":0.25,"position":1,"bluff":0,"handValue":0.1034,"percentBets_1":0.21818181818181817,"percentBets_2":0.21818181818181817,"percentBets_3":0.21818181818181817},"output":{"chips":0.5}},
{"input":{"Win":0,"Lose":0.04,"myCurrBet":0.04,"step":0.75,"position":1,"bluff":0,"handValue":0.10500000000000001,"percentBets_1":0.21818181818181817,"percentBets_2":0.21818181818181817,"percentBets_3":0.21818181818181817},"output":{"chips":0}},
{"input":{"Win":0,"Lose":0.04,"myCurrBet":0.04,"step":0.5,"position":1,"bluff":0,"handValue":0.1044,"percentBets_1":0.21818181818181817,"percentBets_2":0.21818181818181817,"percentBets_3":0.21818181818181817},"output":{"chips":0.5}},
{"input":{"Win":0.15819209039548024,"Lose":0,"myCurrBet":0.02666666666666667,"step":0.5,"position":1,"bluff":1,"handValue":0.1046,"percentBets_1":0.08791208791208792,"percentBets_2":0.18604651162790697,"percentBets_3":0.18604651162790697},"output":{"chips":1}},
{"input":{"Win":0.15819209039548024,"Lose":0,"myCurrBet":0,"step":0,"position":1,"bluff":1,"percentBets_1":0.005494505494505495,"percentBets_2":0.023255813953488372,"handValue":0.10160000000000001,"percentBets_3":0.09302325581395349},"output":{"chips":0.5}},
{"input":{"Win":0.15819209039548024,"Lose":0,"myCurrBet":0.013333333333333334,"step":0,"position":1,"bluff":0,"handValue":0.10160000000000001,"percentBets_1":0.08791208791208792,"percentBets_2":0.18604651162790697,"percentBets_3":0.18604651162790697},"output":{"chips":0.5}},
{"input":{"Win":0.15819209039548024,"Lose":0,"myCurrBet":0.03333333333333333,"step":0.75,"position":1,"bluff":0,"handValue":0.1048,"percentBets_1":0.10989010989010989,"percentBets_2":0.23255813953488372},"output":{"chips":0.5}},
{"input":{"Win":0.15819209039548024,"Lose":0,"myCurrBet":0.03,"step":0.5,"position":1,"bluff":0,"handValue":0.1046,"percentBets_1":0.10989010989010989,"percentBets_2":0.23255813953488372,"percentBets_3":0.18604651162790697},"output":{"chips":0.5}},
{"input":{"Win":0.15819209039548024,"Lose":0,"myCurrBet":0.02666666666666667,"step":0.25,"position":1,"bluff":0,"handValue":0.10400000000000001,"percentBets_1":0.08791208791208792,"percentBets_2":0.18604651162790697,"percentBets_3":0.18604651162790697},"output":{"chips":0.5}},
{"input":{"Win":0.12080536912751678,"Lose":0,"myCurrBet":0.02,"step":0.5,"position":1,"bluff":0,"handValue":0.10260000000000001,"percentBets_1":0.07407407407407407,"percentBets_2":0.18181818181818182,"percentBets_3":0.17142857142857143},"output":{"chips":0.5}},
{"input":{"Win":0.12080536912751678,"Lose":0,"myCurrBet":0.01,"step":0,"position":1,"bluff":0,"handValue":0.6010059999999999,"percentBets_1":0.07407407407407407,"percentBets_2":0.18181818181818182,"percentBets_3":0.17142857142857143},"output":{"chips":0.5}},
{"input":{"Win":0.12080536912751678,"Lose":0,"myCurrBet":0.02,"step":0.25,"position":1,"bluff":0,"handValue":0.1022,"percentBets_1":0.07407407407407407,"percentBets_2":0.18181818181818182,"percentBets_3":0.17142857142857143},"output":{"chips":0.5}},
{"input":{"Win":0.12080536912751678,"Lose":0,"myCurrBet":0.02,"step":0.75,"position":1,"bluff":0,"handValue":0.30000010070899996,"percentBets_1":0.07407407407407407,"percentBets_2":0.18181818181818182,"percentBets_3":0.17142857142857143},"output":{"chips":0}},
{"input":{"Win":0.12080536912751678,"Lose":0,"myCurrBet":0,"step":0,"position":1,"bluff":0,"percentBets_1":0.006172839506172839,"percentBets_2":0.030303030303030304,"handValue":0.6010059999999999,"percentBets_3":0.08571428571428572},"output":{"chips":0.5}},
{"input":{"Win":0,"Lose":0.02,"myCurrBet":0,"step":0,"position":1,"bluff":0,"percentBets_1":0.006666666666666667,"percentBets_2":0.037037037037037035,"handValue":0.1013,"percentBets_3":0.10344827586206896},"output":{"chips":0.5}},
{"input":{"Win":0,"Lose":0.02,"myCurrBet":0.02,"step":0.5,"position":1,"bluff":1,"handValue":0.40000001100300003,"percentBets_1":0.08,"percentBets_2":0.2222222222222222,"percentBets_3":0.20689655172413793},"output":{"chips":0.5}},
{"input":{"Win":0,"Lose":0.02,"myCurrBet":0.02,"step":0.25,"position":1,"bluff":0,"handValue":0.1015,"percentBets_1":0.08,"percentBets_2":0.2222222222222222,"percentBets_3":0.20689655172413793},"output":{"chips":0.5}},
{"input":{"Win":0,"Lose":0.02,"myCurrBet":0.01,"step":0,"position":1,"bluff":0,"handValue":0.1013,"percentBets_1":0.08,"percentBets_2":0.2222222222222222,"percentBets_3":0.20689655172413793},"output":{"chips":0.5}},
{"input":{"Win":0,"Lose":0.02,"myCurrBet":0.02,"step":0.75,"position":1,"bluff":0,"handValue":0.40000001121,"percentBets_1":0.08,"percentBets_2":0.2222222222222222,"percentBets_3":0.20689655172413793},"output":{"chips":0}},
{"input":{"Win":0,"Lose":0,"myCurrBet":0,"step":0,"position":1,"bluff":0,"percentBets_1":0.005376344086021506,"percentBets_2":0.047619047619047616,"handValue":0.10070000000000001,"percentBets_3":0.17391304347826086},"output":{"chips":0.5}},
{"input":{"Win":0,"Lose":0,"myCurrBet":0.02666666666666667,"step":0.25,"position":1,"bluff":0,"handValue":0.10160000000000001,"percentBets_1":0.08602150537634409,"percentBets_2":0.38095238095238093,"percentBets_3":0.43478260869565216},"output":{"chips":0.5}},
{"input":{"Win":0,"Lose":0,"myCurrBet":0.03333333333333333,"step":0.25,"position":1,"bluff":0,"handValue":0.10160000000000001,"percentBets_1":0.12903225806451613,"percentBets_2":0.5714285714285714,"percentBets_3":0.5217391304347826},"output":{"chips":0}},
{"input":{"Win":0,"Lose":0,"myCurrBet":0.013333333333333334,"step":0,"position":1,"bluff":0,"handValue":0.10070000000000001,"percentBets_1":0.08602150537634409,"percentBets_2":0.38095238095238093,"percentBets_3":0.34782608695652173},"output":{"chips":0.5}},
{"input":{"Win":0,"Lose":0.03333333333333333,"myCurrBet":0,"step":0,"position":1,"bluff":0,"percentBets_1":0.006172839506172839,"percentBets_2":0.01818181818181818,"handValue":0.1017,"percentBets_3":0.09090909090909091},"output":{"chips":0.5}},
{"input":{"Win":0,"Lose":0.03333333333333333,"myCurrBet":0.0033333333333333335,"step":0,"position":1,"bluff":0,"handValue":0.1017,"percentBets_1":0.024691358024691357,"percentBets_2":0.03636363636363636,"percentBets_3":0.45454545454545453},"output":{"chips":0.5}},
{"input":{"Win":0,"Lose":0.03333333333333333,"myCurrBet":0.016666666666666666,"step":0,"position":1,"bluff":0,"handValue":0.1017,"percentBets_1":0.12345679012345678,"percentBets_2":0.18181818181818182,"percentBets_3":0.9090909090909091},"output":{"chips":0}},
{"input":{"Win":0.07482993197278912,"Lose":0,"myCurrBet":0,"step":0,"position":1,"bluff":0,"percentBets_1":0.004672897196261682,"percentBets_2":0.022222222222222223,"handValue":0.1},"output":{"chips":1}},
{"input":{"Win":0.07482993197278912,"Lose":0,"myCurrBet":0.01,"step":0,"position":1,"bluff":0,"handValue":0.1,"percentBets_1":0.056074766355140186,"percentBets_2":0.13333333333333333},"output":{"chips":0.5}},
{"input":{"Win":0.07482993197278912,"Lose":0,"myCurrBet":0.02,"step":0.25,"position":1,"bluff":1,"handValue":0.10300000000000001,"percentBets_1":0.056074766355140186,"percentBets_2":0.13333333333333333},"output":{"chips":1}},
{"input":{"Win":0.07482993197278912,"Lose":0,"myCurrBet":0.023333333333333334,"step":0.25,"position":1,"bluff":0,"handValue":0.10300000000000001,"percentBets_1":0.07476635514018691,"percentBets_2":0.17777777777777778},"output":{"chips":0.5}},
{"input":{"Win":0.07482993197278912,"Lose":0,"myCurrBet":0.02666666666666667,"step":0.75,"position":1,"bluff":0,"handValue":0.6013121103019999,"percentBets_1":0.07476635514018691,"percentBets_2":0.17777777777777778},"output":{"chips":0}},
{"input":{"Win":0.07482993197278912,"Lose":0,"myCurrBet":0.02666666666666667,"step":0.5,"position":1,"bluff":0,"handValue":0.1042,"percentBets_1":0.07476635514018691,"percentBets_2":0.17777777777777778},"output":{"chips":0.5}},
{"input":{"Win":0.058823529411764705,"Lose":0,"myCurrBet":0,"step":0,"position":1,"bluff":0,"percentBets_1":0.005050505050505051,"percentBets_2":0.02702702702702703,"handValue":0.1019},"output":{"chips":1}},
{"input":{"Win":0.058823529411764705,"Lose":0,"myCurrBet":0.006666666666666667,"step":0,"position":1,"bluff":0,"handValue":0.1019,"percentBets_1":0.04040404040404041,"percentBets_2":0.10810810810810811},"output":{"chips":0.5}},
{"input":{"Win":0.058823529411764705,"Lose":0,"myCurrBet":0.013333333333333334,"step":0.25,"position":1,"bluff":0,"handValue":0.1047,"percentBets_1":0.04040404040404041,"percentBets_2":0.10810810810810811},"output":{"chips":0.5}},
{"input":{"Win":0.058823529411764705,"Lose":0,"myCurrBet":0.013333333333333334,"step":0.75,"position":1,"bluff":0,"handValue":0.601312100705,"percentBets_1":0.04040404040404041,"percentBets_2":0.10810810810810811},"output":{"chips":0.5}},
{"input":{"Win":0.058823529411764705,"Lose":0,"myCurrBet":0.013333333333333334,"step":0.5,"position":1,"bluff":0,"handValue":0.601312100705,"percentBets_1":0.04040404040404041,"percentBets_2":0.10810810810810811},"output":{"chips":0.5}},
{"input":{"Win":0.09375,"Lose":0,"myCurrBet":0,"step":0,"position":1,"bluff":0,"percentBets_1":0.005263157894736842,"percentBets_2":0.030303030303030304,"handValue":0.601204},"output":{"chips":1}},
{"input":{"Win":0.09375,"Lose":0,"myCurrBet":0.01,"step":0,"position":1,"bluff":0,"handValue":0.601204,"percentBets_1":0.06315789473684211,"percentBets_2":0.18181818181818182},"output":{"chips":0.5}},
{"input":{"Win":0.09375,"Lose":0,"myCurrBet":0.02,"step":0.5,"position":1,"bluff":0,"handValue":0.601206040302,"percentBets_1":0.06315789473684211,"percentBets_2":0.18181818181818182},"output":{"chips":0.5}},
{"input":{"Win":0.09375,"Lose":0,"myCurrBet":0.02,"step":0.25,"position":1,"bluff":0,"handValue":0.1029,"percentBets_1":0.06315789473684211,"percentBets_2":0.18181818181818182},"output":{"chips":0.5}},
{"input":{"Win":0.09375,"Lose":0,"myCurrBet":0.02,"step":0.75,"position":1,"bluff":0,"handValue":0.601206040302,"percentBets_1":0.06315789473684211,"percentBets_2":0.18181818181818182},"output":{"chips":0}},
{"input":{"Win":0,"Lose":0.02,"myCurrBet":0,"step":0,"position":1,"bluff":0,"percentBets_1":0.0056179775280898875,"percentBets_2":0.037037037037037035,"handValue":0.1014},"output":{"chips":1}},
{"input":{"Win":0,"Lose":0.02,"myCurrBet":0.01,"step":0,"position":1,"bluff":0,"handValue":0.1014,"percentBets_1":0.06741573033707865,"percentBets_2":0.2222222222222222},"output":{"chips":0.5}},
{"input":{"Win":0,"Lose":0.02,"myCurrBet":0.02,"step":0.25,"position":1,"bluff":1,"handValue":0.1028,"percentBets_1":0.06741573033707865,"percentBets_2":0.2222222222222222},"output":{"chips":0.5}},
{"input":{"Win":0,"Lose":0.02,"myCurrBet":0.02,"step":0.5,"position":1,"bluff":0,"handValue":0.1027,"percentBets_1":0.06741573033707865,"percentBets_2":0.2222222222222222},"output":{"chips":0.5}},
{"input":{"Win":0,"Lose":0.02,"myCurrBet":0.02,"step":0.75,"position":1,"bluff":0,"handValue":0.40000001110800004,"percentBets_1":0.06741573033707865,"percentBets_2":0.2222222222222222},"output":{"chips":0.5}},
{"input":{"Win":0,"Lose":0.08,"myCurrBet":0,"step":0,"position":1,"bluff":0,"percentBets_1":0.006024096385542169,"percentBets_2":0.02564102564102564,"handValue":0.10160000000000001},"output":{"chips":1}},
{"input":{"Win":0,"Lose":0.08,"myCurrBet":0.01,"step":0,"position":1,"bluff":0,"handValue":0.10160000000000001,"percentBets_1":0.07228915662650602,"percentBets_2":0.15384615384615385},"output":{"chips":0.5}},
{"input":{"Win":0,"Lose":0.08,"myCurrBet":0.02,"step":0.25,"position":1,"bluff":1,"handValue":0.1037,"percentBets_1":0.07228915662650602,"percentBets_2":0.15384615384615385},"output":{"chips":1}},
{"input":{"Win":0,"Lose":0.08,"myCurrBet":0.03,"step":0.25,"position":1,"bluff":1,"handValue":0.1037,"percentBets_1":0.14457831325301204,"percentBets_2":0.3076923076923077},"output":{"chips":1}},
{"input":{"Win":0,"Lose":0.08,"myCurrBet":0.05,"step":0.25,"position":1,"bluff":0,"handValue":0.1037,"percentBets_1":0.2891566265060241,"percentBets_2":0.6153846153846154},"output":{"chips":0.5}},
{"input":{"Win":0,"Lose":0.08,"myCurrBet":0.08,"step":0.75,"position":1,"bluff":0,"handValue":0.500000000013,"percentBets_1":0.2891566265060241,"percentBets_2":0.6153846153846154},"output":{"chips":0}},
{"input":{"Win":0,"Lose":0.08,"myCurrBet":0.08,"step":0.5,"position":1,"bluff":1,"handValue":0.10360000000000001,"percentBets_1":0.2891566265060241,"percentBets_2":0.6153846153846154},"output":{"chips":0.5}},
{"input":{"Win":0,"Lose":0.02,"myCurrBet":0.02,"step":0.25,"position":1,"bluff":0,"handValue":0.1024,"percentBets_1":0.1016949152542373,"percentBets_2":0.06896551724137931},"output":{"chips":0.5}},
{"input":{"Win":0,"Lose":0.02,"myCurrBet":0.02,"step":0.5,"position":1,"bluff":0,"handValue":0.10200000000000001,"percentBets_1":0.1016949152542373,"percentBets_2":0.06896551724137931},"output":{"chips":0.5}},
{"input":{"Win":0,"Lose":0.02,"myCurrBet":0.01,"step":0,"position":1,"bluff":0,"handValue":0.1017,"percentBets_1":0.1016949152542373,"percentBets_2":0.06896551724137931},"output":{"chips":0.5}},
{"input":{"Win":0,"Lose":0.02,"myCurrBet":0,"step":0,"position":1,"bluff":0,"percentBets_1":0.00847457627118644,"percentBets_2":0.011494252873563218,"handValue":0.1017},"output":{"chips":1}},
{"input":{"Win":0,"Lose":0.02,"myCurrBet":0.02,"step":0.75,"position":1,"bluff":0,"handValue":0.10310000000000001,"percentBets_1":0.1016949152542373,"percentBets_2":0.06896551724137931},"output":{"chips":0.5}},
{"input":{"Win":0.05263157894736842,"Lose":0,"myCurrBet":0,"step":0,"position":1,"bluff":0,"percentBets_1":0.009433962264150943,"percentBets_2":0.010101010101010102,"handValue":0.1014},"output":{"chips":1}},
{"input":{"Win":0.05263157894736842,"Lose":0,"myCurrBet":0.013333333333333334,"step":0.5,"position":1,"bluff":0,"handValue":0.1024,"percentBets_1":0.07547169811320754,"percentBets_2":0.04040404040404041},"output":{"chips":0.5}},
{"input":{"Win":0.05263157894736842,"Lose":0,"myCurrBet":0.013333333333333334,"step":0.25,"position":1,"bluff":0,"handValue":0.1022,"percentBets_1":0.07547169811320754,"percentBets_2":0.04040404040404041},"output":{"chips":0.5}},
{"input":{"Win":0.05263157894736842,"Lose":0,"myCurrBet":0.006666666666666667,"step":0,"position":1,"bluff":0,"handValue":0.1014,"percentBets_1":0.07547169811320754,"percentBets_2":0.04040404040404041},"output":{"chips":0.5}},
{"input":{"Win":0.05263157894736842,"Lose":0,"myCurrBet":0.013333333333333334,"step":0.75,"position":1,"bluff":0,"handValue":0.300000130112,"percentBets_1":0.07547169811320754,"percentBets_2":0.04040404040404041},"output":{"chips":0.5}},
{"input":{"Win":0,"Lose":0.05333333333333334,"myCurrBet":0.02666666666666667,"step":0,"position":1,"bluff":1,"handValue":0.600807,"percentBets_1":0.32653061224489793,"percentBets_2":0.16842105263157894},"output":{"chips":0.5}},
{"input":{"Win":0,"Lose":0.05333333333333334,"myCurrBet":0.05333333333333334,"step":0.5,"position":1,"bluff":0,"handValue":0.1015,"percentBets_1":0.32653061224489793,"percentBets_2":0.16842105263157894},"output":{"chips":0.5}},
{"input":{"Win":0,"Lose":0.05333333333333334,"myCurrBet":0,"step":0,"position":1,"bluff":0,"percentBets_1":0.02040816326530612,"percentBets_2":0.021052631578947368,"handValue":0.600807},"output":{"chips":1}},
{"input":{"Win":0,"Lose":0.05333333333333334,"myCurrBet":0.05333333333333334,"step":0.75,"position":1,"bluff":0,"handValue":0.10210000000000001,"percentBets_1":0.32653061224489793,"percentBets_2":0.16842105263157894},"output":{"chips":0.5}},
{"input":{"Win":0,"Lose":0.05333333333333334,"myCurrBet":0.05333333333333334,"step":0.25,"position":1,"bluff":1,"handValue":0.1013,"percentBets_1":0.32653061224489793,"percentBets_2":0.16842105263157894},"output":{"chips":0.5}},
{"input":{"Win":0,"Lose":0.013333333333333334,"myCurrBet":0,"step":0,"position":1,"bluff":1,"percentBets_1":0.030303030303030304,"percentBets_2":0.015748031496062992,"handValue":0.1014},"output":{"chips":0.5}},
{"input":{"Win":0,"Lose":0.013333333333333334,"myCurrBet":0.013333333333333334,"step":0.25,"position":1,"bluff":0,"handValue":0.10200000000000001,"percentBets_1":0.12121212121212122,"percentBets_2":0.031496062992125984},"output":{"chips":0.5}},
{"input":{"Win":0,"Lose":0.013333333333333334,"myCurrBet":0.013333333333333334,"step":0.5,"position":1,"bluff":0,"handValue":0.1032,"percentBets_1":0.12121212121212122,"percentBets_2":0.031496062992125984},"output":{"chips":0.5}},
{"input":{"Win":0,"Lose":0.013333333333333334,"myCurrBet":0.006666666666666667,"step":0,"position":1,"bluff":1,"handValue":0.1014,"percentBets_1":0.12121212121212122,"percentBets_2":0.031496062992125984},"output":{"chips":0.5}},
{"input":{"Win":0,"Lose":0.013333333333333334,"myCurrBet":0.013333333333333334,"step":0.75,"position":1,"bluff":0,"handValue":0.300000090412,"percentBets_1":0.12121212121212122,"percentBets_2":0.031496062992125984},"output":{"chips":0.5}},
{"input":{"Win":0.0975609756097561,"Lose":0,"myCurrBet":0,"step":0,"position":1,"bluff":0,"percentBets_1":0.024390243902439025,"percentBets_2":0.016260162601626018,"handValue":0.10070000000000001},"output":{"chips":1}},
{"input":{"Win":0.0975609756097561,"Lose":0,"myCurrBet":0.02666666666666667,"step":0.5,"position":1,"bluff":0,"handValue":0.1032,"percentBets_1":0.1951219512195122,"percentBets_2":0.06504065040650407},"output":{"chips":0.5}},
{"input":{"Win":0.0975609756097561,"Lose":0,"myCurrBet":0.02666666666666667,"step":0.25,"position":1,"bluff":0,"handValue":0.1019,"percentBets_1":0.1951219512195122,"percentBets_2":0.06504065040650407},"output":{"chips":0.5}},
{"input":{"Win":0.0975609756097561,"Lose":0,"myCurrBet":0.02666666666666667,"step":0.75,"position":1,"bluff":0,"handValue":0.300000040313,"percentBets_1":0.1951219512195122,"percentBets_2":0.06504065040650407},"output":{"chips":0.5}},
{"input":{"Win":0.0975609756097561,"Lose":0,"myCurrBet":0.013333333333333334,"step":0,"position":1,"bluff":0,"handValue":0.10070000000000001,"percentBets_1":0.1951219512195122,"percentBets_2":0.06504065040650407},"output":{"chips":0.5}},
{"input":{"Win":0,"Lose":0.02666666666666667,"myCurrBet":0,"step":0,"position":1,"bluff":0,"percentBets_1":0.030303030303030304,"percentBets_2":0.017391304347826087,"handValue":0.10210000000000001},"output":{"chips":1}},
{"input":{"Win":0,"Lose":0.02666666666666667,"myCurrBet":0.02666666666666667,"step":0.5,"position":1,"bluff":0,"handValue":0.1048,"percentBets_1":0.24242424242424243,"percentBets_2":0.06956521739130435},"output":{"chips":0.5}},
{"input":{"Win":0,"Lose":0.02666666666666667,"myCurrBet":0.02666666666666667,"step":0.25,"position":1,"bluff":0,"handValue":0.1047,"percentBets_1":0.24242424242424243,"percentBets_2":0.06956521739130435},"output":{"chips":0.5}},
{"input":{"Win":0,"Lose":0.02666666666666667,"myCurrBet":0.013333333333333334,"step":0,"position":1,"bluff":0,"handValue":0.10210000000000001,"percentBets_1":0.24242424242424243,"percentBets_2":0.06956521739130435},"output":{"chips":0.5}},
{"input":{"Win":0,"Lose":0.02666666666666667,"myCurrBet":0.02666666666666667,"step":0.75,"position":1,"bluff":0,"handValue":0.1051,"percentBets_1":0.24242424242424243,"percentBets_2":0.06956521739130435},"output":{"chips":0.5}},
{"input":{"Win":0,"Lose":0,"myCurrBet":0.02666666666666667,"step":0,"position":1,"bluff":0,"handValue":0.1014,"percentBets_1":0.64,"percentBets_2":0.12213740458015267},"output":{"chips":0}},
{"input":{"Win":0,"Lose":0,"myCurrBet":0,"step":0,"position":1,"bluff":0,"percentBets_1":0.04,"percentBets_2":0.015267175572519083,"handValue":0.1014},"output":{"chips":1}},
{"input":{"Win":0,"Lose":0.016666666666666666,"myCurrBet":0,"step":0,"position":1,"bluff":0,"percentBets_1":0.1111111111111111,"percentBets_2":0.012903225806451613,"handValue":0.6009059999999999},"output":{"chips":1}},
{"input":{"Win":0.018633540372670808,"Lose":0,"myCurrBet":0,"step":0,"position":1,"bluff":1,"percentBets_1":0.125,"percentBets_2":0.013071895424836602,"handValue":0.101},"output":{"chips":1}},
{"input":{"Win":0.0189873417721519,"Lose":0,"myCurrBet":0,"step":0,"position":1,"bluff":0,"percentBets_1":0.14285714285714285,"percentBets_2":0.013245033112582781,"handValue":0.101},"output":{"chips":1}},
{"input":{"Win":0.01935483870967742,"Lose":0,"myCurrBet":0,"step":0,"position":1,"bluff":0,"percentBets_1":0.16666666666666666,"percentBets_2":0.013422818791946308,"handValue":0.601101},"output":{"chips":1}},
{"input":{"Win":0.019736842105263157,"Lose":0,"myCurrBet":0,"step":0,"position":1,"bluff":0,"percentBets_1":0.2,"percentBets_2":0.013605442176870748,"handValue":0.1018},"output":{"chips":1}},
{"input":{"Win":0.020134228187919462,"Lose":0,"myCurrBet":0,"step":0,"position":1,"bluff":0,"percentBets_1":0.25,"percentBets_2":0.013793103448275862,"handValue":0.1},"output":{"chips":1}},
{"input":{"Win":0.02054794520547945,"Lose":0,"myCurrBet":0,"step":0,"position":1,"bluff":0,"percentBets_1":0.3333333333333333,"percentBets_2":0.013986013986013986,"handValue":0.10060000000000001},"output":{"chips":1}},
{"input":{"Win":0.02097902097902098,"Lose":0,"myCurrBet":0,"step":0,"position":1,"bluff":0,"percentBets_1":0.5,"percentBets_2":0.014184397163120567,"handValue":0.600903},"output":{"chips":0.5}},
{"input":{"Win":0.02142857142857143,"Lose":0,"myCurrBet":0,"step":0,"position":1,"bluff":0,"percentBets_1":1,"percentBets_2":0.014388489208633094,"handValue":0.1013},"output":{"chips":0.5}},
{"input":{"Win":0.014598540145985401,"Lose":0,"myCurrBet":0.006666666666666667,"step":0,"position":1,"bluff":1,"percentBets_1":0.014598540145985401,"handValue":0.1023},"output":{"chips":0.5}},
{"input":{"Win":0.014598540145985401,"Lose":0,"myCurrBet":0.006666666666666667,"step":0.25,"position":1,"bluff":0,"handValue":0.1052,"percentBets_1":0.014598540145985401},"output":{"chips":0.5}},
{"input":{"Win":0.014598540145985401,"Lose":0,"myCurrBet":0.006666666666666667,"step":0.75,"position":1,"bluff":0,"handValue":0.1042,"percentBets_1":0.014598540145985401},"output":{"chips":0.5}},
{"input":{"Win":0.014598540145985401,"Lose":0,"myCurrBet":0.006666666666666667,"step":0.5,"position":1,"bluff":1,"handValue":0.1053,"percentBets_1":0.014598540145985401},"output":{"chips":0.5}},
{"input":{"Win":0,"Lose":0.05,"myCurrBet":0.03,"step":0.5,"position":1,"bluff":0,"handValue":0.40000002120800005,"percentBets_1":0.06666666666666667},"output":{"chips":0.5}},
{"input":{"Win":0,"Lose":0.05,"myCurrBet":0.03,"step":0.25,"position":1,"bluff":0,"handValue":0.400000020805,"percentBets_1":0.06666666666666667},"output":{"chips":0.5}},
{"input":{"Win":0,"Lose":0.05,"myCurrBet":0.03,"step":0.75,"position":1,"bluff":1,"handValue":0.40000002120800005,"percentBets_1":0.06666666666666667},"output":{"chips":1}},
{"input":{"Win":0,"Lose":0.05,"myCurrBet":0.01,"step":0,"position":1,"bluff":0,"percentBets_1":0.022222222222222223,"handValue":0.1013},"output":{"chips":1}},
{"input":{"Win":0,"Lose":0.05,"myCurrBet":0.02,"step":0.25,"position":1,"bluff":1,"handValue":0.1029,"percentBets_1":0.04},"output":{"chips":1}},
{"input":{"Win":0,"Lose":0.05,"myCurrBet":0.01,"step":0,"position":1,"bluff":0,"percentBets_1":0.02,"handValue":0.10060000000000001},"output":{"chips":1}},
{"input":{"Win":0,"Lose":0.05,"myCurrBet":0.05,"step":0.75,"position":1,"bluff":0,"handValue":0.1029,"percentBets_1":0.1},"output":{"chips":0.5}},
{"input":{"Win":0,"Lose":0.05,"myCurrBet":0.05,"step":0.5,"position":1,"bluff":0,"handValue":0.1034,"percentBets_1":0.1},"output":{"chips":0.5}},
{"input":{"Win":0,"Lose":0.03,"myCurrBet":0.01,"step":0,"position":1,"bluff":1,"percentBets_1":0.01818181818181818,"handValue":0.10160000000000001},"output":{"chips":1}},
{"input":{"Win":0,"Lose":0.03,"myCurrBet":0.03,"step":0.25,"position":1,"bluff":0,"handValue":0.1027,"percentBets_1":0.05454545454545454},"output":{"chips":0.5}},
{"input":{"Win":0,"Lose":0.03,"myCurrBet":0.03,"step":0.5,"position":1,"bluff":0,"handValue":0.300000080611,"percentBets_1":0.05454545454545454},"output":{"chips":0.5}},
{"input":{"Win":0,"Lose":0.03,"myCurrBet":0.03,"step":0.75,"position":1,"bluff":0,"handValue":0.300000080611,"percentBets_1":0.05454545454545454},"output":{"chips":0.5}},
{"input":{"Win":0,"Lose":0.04,"myCurrBet":0.01,"step":0,"position":1,"bluff":0,"percentBets_1":0.017241379310344827,"handValue":0.1013},"output":{"chips":1}},
{"input":{"Win":0,"Lose":0.04,"myCurrBet":0.04,"step":0.25,"position":1,"bluff":0,"handValue":0.10360000000000001,"percentBets_1":0.06896551724137931},"output":{"chips":0.5}},
{"input":{"Win":0,"Lose":0.04,"myCurrBet":0.04,"step":0.75,"position":1,"bluff":0,"handValue":0.1034,"percentBets_1":0.06896551724137931},"output":{"chips":0.5}},
{"input":{"Win":0,"Lose":0.04,"myCurrBet":0.04,"step":0.5,"position":1,"bluff":0,"handValue":0.1028,"percentBets_1":0.06896551724137931},"output":{"chips":0.5}},
{"input":{"Win":0.08064516129032258,"Lose":0,"myCurrBet":0.03,"step":0.25,"position":1,"bluff":0,"handValue":0.1033,"percentBets_1":0.04838709677419355},"output":{"chips":0.5}},
{"input":{"Win":0.08064516129032258,"Lose":0,"myCurrBet":0.03,"step":0.75,"position":1,"bluff":1,"handValue":0.300000080113,"percentBets_1":0.04838709677419355},"output":{"chips":1}},
{"input":{"Win":0.08064516129032258,"Lose":0,"myCurrBet":0.03,"step":0.5,"position":1,"bluff":0,"handValue":0.10250000000000001,"percentBets_1":0.04838709677419355},"output":{"chips":0.5}},
{"input":{"Win":0.08064516129032258,"Lose":0,"myCurrBet":0.01,"step":0,"position":1,"bluff":0,"percentBets_1":0.016129032258064516,"handValue":0.1013},"output":{"chips":1}},
{"input":{"Win":0,"Lose":0.04,"myCurrBet":0.01,"step":0,"position":1,"bluff":0,"percentBets_1":0.017543859649122806,"handValue":0.601001},"output":{"chips":1}},
{"input":{"Win":0,"Lose":0.04,"myCurrBet":0.04,"step":0.75,"position":1,"bluff":0,"handValue":0.10360000000000001,"percentBets_1":0.07017543859649122},"output":{"chips":0.5}},
{"input":{"Win":0,"Lose":0.04,"myCurrBet":0.04,"step":0.25,"position":1,"bluff":0,"handValue":0.1034,"percentBets_1":0.07017543859649122},"output":{"chips":0.5}},
{"input":{"Win":0,"Lose":0.04,"myCurrBet":0.04,"step":0.5,"position":1,"bluff":0,"handValue":0.1037,"percentBets_1":0.07017543859649122},"output":{"chips":0.5}},
{"input":{"Win":0,"Lose":0.04,"myCurrBet":0.01,"step":0,"position":1,"bluff":0,"percentBets_1":0.01639344262295082,"handValue":0.6009059999999999},"output":{"chips":1}},
{"input":{"Win":0,"Lose":0.04,"myCurrBet":0.04,"step":0.75,"position":1,"bluff":0,"handValue":0.10450000000000001,"percentBets_1":0.06557377049180328},"output":{"chips":0.5}},
{"input":{"Win":0,"Lose":0.04,"myCurrBet":0.02,"step":0.25,"position":1,"bluff":1,"handValue":0.1037,"percentBets_1":0.03278688524590164},"output":{"chips":1}},
{"input":{"Win":0,"Lose":0.04,"myCurrBet":0.04,"step":0.5,"position":1,"bluff":0,"handValue":0.1047,"percentBets_1":0.06557377049180328},"output":{"chips":0.5}},
{"input":{"Win":0,"Lose":0.02,"myCurrBet":0.02,"step":0.25,"position":1,"bluff":0,"handValue":0.10310000000000001,"percentBets_1":0.03076923076923077},"output":{"chips":0.5}},
{"input":{"Win":0,"Lose":0.02,"myCurrBet":0.02,"step":0.5,"position":1,"bluff":0,"handValue":0.10250000000000001,"percentBets_1":0.03076923076923077},"output":{"chips":0.5}},
{"input":{"Win":0,"Lose":0.02,"myCurrBet":0.01,"step":0,"position":1,"bluff":0,"percentBets_1":0.015384615384615385,"handValue":0.600706},"output":{"chips":1}},
{"input":{"Win":0,"Lose":0.02,"myCurrBet":0.02,"step":0.75,"position":1,"bluff":0,"handValue":0.300000070611,"percentBets_1":0.03076923076923077},"output":{"chips":0.5}},
{"input":{"Win":0,"Lose":0.02,"myCurrBet":0.01,"step":0,"position":1,"bluff":0,"percentBets_1":0.014925373134328358,"handValue":0.1},"output":{"chips":1}},
{"input":{"Win":0,"Lose":0.02,"myCurrBet":0.02,"step":0.5,"position":1,"bluff":0,"handValue":0.10300000000000001,"percentBets_1":0.029850746268656716},"output":{"chips":0.5}},
{"input":{"Win":0,"Lose":0.02,"myCurrBet":0.02,"step":0.25,"position":1,"bluff":0,"handValue":0.10210000000000001,"percentBets_1":0.029850746268656716},"output":{"chips":0.5}},
{"input":{"Win":0,"Lose":0.02,"myCurrBet":0.02,"step":0.75,"position":1,"bluff":0,"handValue":0.1038,"percentBets_1":0.029850746268656716},"output":{"chips":0.5}},
{"input":{"Win":0.043478260869565216,"Lose":0,"myCurrBet":0.01,"step":0,"position":1,"bluff":0,"percentBets_1":0.014492753623188406,"handValue":0.600703},"output":{"chips":1}},
{"input":{"Win":0.043478260869565216,"Lose":0,"myCurrBet":0.03,"step":0.5,"position":1,"bluff":0,"handValue":0.10350000000000001,"percentBets_1":0.043478260869565216},"output":{"chips":0.5}},
{"input":{"Win":0.043478260869565216,"Lose":0,"myCurrBet":0.03,"step":0.25,"position":1,"bluff":0,"handValue":0.1024,"percentBets_1":0.043478260869565216},"output":{"chips":0.5}},
{"input":{"Win":0.043478260869565216,"Lose":0,"myCurrBet":0.03,"step":0.75,"position":1,"bluff":0,"handValue":0.1028,"percentBets_1":0.043478260869565216},"output":{"chips":0.5}},
{"input":{"Win":0.045454545454545456,"Lose":0,"myCurrBet":0.01,"step":0,"position":1,"bluff":0,"percentBets_1":0.015151515151515152,"handValue":0.601205},"output":{"chips":1}},
{"input":{"Win":0.045454545454545456,"Lose":0,"myCurrBet":0.03,"step":0.25,"position":1,"bluff":0,"handValue":0.10210000000000001,"percentBets_1":0.045454545454545456},"output":{"chips":0.5}},
{"input":{"Win":0.045454545454545456,"Lose":0,"myCurrBet":0.03,"step":0.75,"position":1,"bluff":0,"handValue":0.7000000013119999,"percentBets_1":0.045454545454545456},"output":{"chips":0}},
{"input":{"Win":0.045454545454545456,"Lose":0,"myCurrBet":0.03,"step":0.5,"position":1,"bluff":0,"handValue":0.30000013120499996,"percentBets_1":0.045454545454545456},"output":{"chips":0.5}},
{"input":{"Win":0.031746031746031744,"Lose":0,"myCurrBet":0.01,"step":0,"position":1,"bluff":0,"percentBets_1":0.015873015873015872,"handValue":0.10160000000000001},"output":{"chips":1}},
{"input":{"Win":0.031746031746031744,"Lose":0,"myCurrBet":0.02,"step":0.75,"position":1,"bluff":0,"handValue":0.10300000000000001,"percentBets_1":0.031746031746031744},"output":{"chips":0.5}},
{"input":{"Win":0.031746031746031744,"Lose":0,"myCurrBet":0.02,"step":0.25,"position":1,"bluff":0,"handValue":0.1038,"percentBets_1":0.031746031746031744},"output":{"chips":0.5}},
{"input":{"Win":0.031746031746031744,"Lose":0,"myCurrBet":0.02,"step":0.5,"position":1,"bluff":1,"handValue":0.1027,"percentBets_1":0.031746031746031744},"output":{"chips":0.5}},
{"input":{"Win":0,"Lose":0.03,"myCurrBet":0.03,"step":0.25,"position":1,"bluff":0,"handValue":0.10250000000000001,"percentBets_1":0.04918032786885246},"output":{"chips":0.5}},
{"input":{"Win":0,"Lose":0.03,"myCurrBet":0.03,"step":0.5,"position":1,"bluff":0,"handValue":0.1032,"percentBets_1":0.04918032786885246},"output":{"chips":0.5}},
{"input":{"Win":0,"Lose":0.03,"myCurrBet":0.01,"step":0,"position":1,"bluff":0,"percentBets_1":0.01639344262295082,"handValue":0.1017},"output":{"chips":1}},
{"input":{"Win":0,"Lose":0.03,"myCurrBet":0.03,"step":0.75,"position":1,"bluff":0,"handValue":0.10350000000000001,"percentBets_1":0.04918032786885246},"output":{"chips":0.5}},
{"input":{"Win":0,"Lose":0.07,"myCurrBet":0.01,"step":0,"position":1,"bluff":0,"percentBets_1":0.015625,"handValue":0.1019},"output":{"chips":1}},
{"input":{"Win":0,"Lose":0.07,"myCurrBet":0.04,"step":0.5,"position":1,"bluff":1,"handValue":0.1038,"percentBets_1":0.0625},"output":{"chips":1}},
{"input":{"Win":0,"Lose":0.07,"myCurrBet":0.07,"step":0.75,"position":1,"bluff":0,"handValue":0.500000000009,"percentBets_1":0.109375},"output":{"chips":0}},
{"input":{"Win":0,"Lose":0.07,"myCurrBet":0.04,"step":0.25,"position":1,"bluff":0,"handValue":0.10350000000000001,"percentBets_1":0.0625},"output":{"chips":0.5}},
{"input":{"Win":0,"Lose":0.04,"myCurrBet":0.01,"step":0,"position":1,"bluff":0,"percentBets_1":0.014084507042253521,"handValue":0.10120000000000001},"output":{"chips":1}},
{"input":{"Win":0,"Lose":0.04,"myCurrBet":0.04,"step":0.25,"position":1,"bluff":0,"handValue":0.1039,"percentBets_1":0.056338028169014086},"output":{"chips":0.5}},
{"input":{"Win":0,"Lose":0.04,"myCurrBet":0.04,"step":0.5,"position":1,"bluff":0,"handValue":0.1044,"percentBets_1":0.056338028169014086},"output":{"chips":0.5}},
{"input":{"Win":0,"Lose":0.04,"myCurrBet":0.04,"step":0.75,"position":1,"bluff":1,"handValue":0.10500000000000001,"percentBets_1":0.056338028169014086},"output":{"chips":0.5}},
{"input":{"Win":0.06666666666666667,"Lose":0,"myCurrBet":0.02,"step":0.25,"position":1,"bluff":0,"handValue":0.10300000000000001,"percentBets_1":0.02666666666666667},"output":{"chips":0.5}},
{"input":{"Win":0.06666666666666667,"Lose":0,"myCurrBet":0.01,"step":0,"position":1,"bluff":0,"percentBets_1":0.013333333333333334,"handValue":0.601004},"output":{"chips":1}},
{"input":{"Win":0.06666666666666667,"Lose":0,"myCurrBet":0.02,"step":0.75,"position":1,"bluff":1,"handValue":0.300000100208,"percentBets_1":0.02666666666666667},"output":{"chips":1}},
{"input":{"Win":0.06666666666666667,"Lose":0,"myCurrBet":0.02,"step":0.5,"position":1,"bluff":0,"handValue":0.1028,"percentBets_1":0.02666666666666667},"output":{"chips":0.5}},
{"input":{"Win":0.1,"Lose":0,"myCurrBet":0.01,"step":0,"position":1,"bluff":0,"percentBets_1":0.014285714285714285,"handValue":0.601201},"output":{"chips":1}},
{"input":{"Win":0.1,"Lose":0,"myCurrBet":0.07,"step":0.75,"position":1,"bluff":0,"handValue":0.300000070112,"percentBets_1":0.1},"output":{"chips":0.5}},
{"input":{"Win":0.1,"Lose":0,"myCurrBet":0.07,"step":0.5,"position":1,"bluff":0,"handValue":0.300000070112,"percentBets_1":0.1},"output":{"chips":0.5}},
{"input":{"Win":0.1,"Lose":0,"myCurrBet":0.04,"step":0.25,"position":1,"bluff":1,"handValue":0.1017,"percentBets_1":0.05714285714285714},"output":{"chips":1}},
{"input":{"Win":0.031746031746031744,"Lose":0,"myCurrBet":0.01,"step":0,"position":1,"bluff":0,"percentBets_1":0.015873015873015872,"handValue":0.1005},"output":{"chips":1}},
{"input":{"Win":0.031746031746031744,"Lose":0,"myCurrBet":0.02,"step":0.25,"position":1,"bluff":0,"handValue":0.1017,"percentBets_1":0.031746031746031744},"output":{"chips":0.5}},
{"input":{"Win":0.031746031746031744,"Lose":0,"myCurrBet":0.02,"step":0.5,"position":1,"bluff":0,"handValue":0.1029,"percentBets_1":0.031746031746031744},"output":{"chips":0.5}},
{"input":{"Win":0.031746031746031744,"Lose":0,"myCurrBet":0.02,"step":0.75,"position":1,"bluff":1,"handValue":0.300000030212,"percentBets_1":0.031746031746031744},"output":{"chips":0.5}},
{"input":{"Win":0.03278688524590164,"Lose":0,"myCurrBet":0.01,"step":0,"position":1,"bluff":0,"percentBets_1":0.01639344262295082,"handValue":0.1022},"output":{"chips":1}},
{"input":{"Win":0.03278688524590164,"Lose":0,"myCurrBet":0.02,"step":0.25,"position":1,"bluff":0,"handValue":0.1044,"percentBets_1":0.03278688524590164},"output":{"chips":0.5}},
{"input":{"Win":0.03278688524590164,"Lose":0,"myCurrBet":0.02,"step":0.5,"position":1,"bluff":0,"handValue":0.1057,"percentBets_1":0.03278688524590164},"output":{"chips":0.5}},
{"input":{"Win":0.03278688524590164,"Lose":0,"myCurrBet":0.02,"step":0.75,"position":1,"bluff":0,"handValue":0.1048,"percentBets_1":0.03278688524590164},"output":{"chips":0.5}},
{"input":{"Win":0.05084745762711865,"Lose":0,"myCurrBet":0.03,"step":0.25,"position":1,"bluff":0,"handValue":0.601008070603,"percentBets_1":0.05084745762711865},"output":{"chips":0.5}},
{"input":{"Win":0.05084745762711865,"Lose":0,"myCurrBet":0.01,"step":0,"position":1,"bluff":0,"percentBets_1":0.01694915254237288,"handValue":0.601008},"output":{"chips":1}},
{"input":{"Win":0.05084745762711865,"Lose":0,"myCurrBet":0.03,"step":0.75,"position":1,"bluff":0,"handValue":0.601110080706,"percentBets_1":0.05084745762711865},"output":{"chips":0}},
{"input":{"Win":0.05084745762711865,"Lose":0,"myCurrBet":0.03,"step":0.5,"position":1,"bluff":0,"handValue":0.601110080706,"percentBets_1":0.05084745762711865},"output":{"chips":0.5}},
{"input":{"Win":0,"Lose":0.04,"myCurrBet":0.013333333333333334,"step":0,"position":1,"bluff":0,"percentBets_1":0.023809523809523808,"handValue":0.1009},"output":{"chips":1}},
{"input":{"Win":0,"Lose":0.04,"myCurrBet":0.04,"step":0.25,"position":1,"bluff":0,"handValue":0.10410000000000001,"percentBets_1":0.07142857142857142},"output":{"chips":0.5}},
{"input":{"Win":0,"Lose":0.04,"myCurrBet":0.04,"step":0.5,"position":1,"bluff":0,"handValue":0.1051,"percentBets_1":0.07142857142857142},"output":{"chips":0.5}},
{"input":{"Win":0,"Lose":0.04,"myCurrBet":0.04,"step":0.75,"position":1,"bluff":0,"handValue":0.1046,"percentBets_1":0.07142857142857142},"output":{"chips":0.5}},
{"input":{"Win":0.044444444444444446,"Lose":0,"myCurrBet":0.013333333333333334,"step":0,"position":1,"bluff":0,"percentBets_1":0.022222222222222223,"handValue":0.1013},"output":{"chips":1}},
{"input":{"Win":0.044444444444444446,"Lose":0,"myCurrBet":0.02666666666666667,"step":0.25,"position":1,"bluff":0,"handValue":0.10350000000000001,"percentBets_1":0.044444444444444446},"output":{"chips":0.5}},
{"input":{"Win":0.044444444444444446,"Lose":0,"myCurrBet":0.02666666666666667,"step":0.5,"position":1,"bluff":0,"handValue":0.10410000000000001,"percentBets_1":0.044444444444444446},"output":{"chips":0.5}},
{"input":{"Win":0.044444444444444446,"Lose":0,"myCurrBet":0.02666666666666667,"step":0.75,"position":1,"bluff":0,"handValue":0.300000100313,"percentBets_1":0.044444444444444446},"output":{"chips":0.5}},
{"input":{"Win":0,"Lose":0.05333333333333334,"myCurrBet":0.013333333333333334,"step":0,"position":1,"bluff":1,"percentBets_1":0.023255813953488372,"handValue":0.10120000000000001},"output":{"chips":1}},
{"input":{"Win":0,"Lose":0.05333333333333334,"myCurrBet":0.05333333333333334,"step":0.25,"position":1,"bluff":0,"handValue":0.1024,"percentBets_1":0.09302325581395349},"output":{"chips":0.5}},
{"input":{"Win":0,"Lose":0.05333333333333334,"myCurrBet":0.05333333333333334,"step":0.75,"position":1,"bluff":0,"handValue":0.1032,"percentBets_1":0.09302325581395349},"output":{"chips":0.5}},
{"input":{"Win":0,"Lose":0.05333333333333334,"myCurrBet":0.05333333333333334,"step":0.5,"position":1,"bluff":0,"handValue":0.10300000000000001,"percentBets_1":0.09302325581395349},"output":{"chips":0.5}},
{"input":{"Win":0.06382978723404255,"Lose":0,"myCurrBet":0.013333333333333334,"step":0,"position":1,"bluff":1,"percentBets_1":0.02127659574468085,"handValue":0.600904},"output":{"chips":1}},
{"input":{"Win":0.06382978723404255,"Lose":0,"myCurrBet":0.02666666666666667,"step":0.5,"position":1,"bluff":1,"handValue":0.1032,"percentBets_1":0.0425531914893617},"output":{"chips":1}},
{"input":{"Win":0.06382978723404255,"Lose":0,"myCurrBet":0.04,"step":0.75,"position":1,"bluff":1,"handValue":0.300000120409,"percentBets_1":0.06382978723404255},"output":{"chips":0.5}},
{"input":{"Win":0.06382978723404255,"Lose":0,"myCurrBet":0.02666666666666667,"step":0.25,"position":1,"bluff":0,"handValue":0.10360000000000001,"percentBets_1":0.0425531914893617},"output":{"chips":0.5}},
{"input":{"Win":0,"Lose":0.06666666666666667,"myCurrBet":0.013333333333333334,"step":0,"position":1,"bluff":0,"percentBets_1":0.022727272727272728,"handValue":0.1017},"output":{"chips":1}},
{"input":{"Win":0,"Lose":0.06666666666666667,"myCurrBet":0.05333333333333334,"step":0.25,"position":1,"bluff":0,"handValue":0.1039,"percentBets_1":0.09090909090909091},"output":{"chips":0.5}},
{"input":{"Win":0,"Lose":0.06666666666666667,"myCurrBet":0.05333333333333334,"step":0.5,"position":1,"bluff":1,"handValue":0.10260000000000001,"percentBets_1":0.09090909090909091},"output":{"chips":1}},
{"input":{"Win":0,"Lose":0.06666666666666667,"myCurrBet":0.06666666666666667,"step":0.75,"position":1,"bluff":0,"handValue":0.30000013011,"percentBets_1":0.11363636363636363},"output":{"chips":0.5}},
{"input":{"Win":0,"Lose":0.05333333333333334,"myCurrBet":0.013333333333333334,"step":0,"position":1,"bluff":1,"percentBets_1":0.02040816326530612,"handValue":0.1019},"output":{"chips":1}},
{"input":{"Win":0,"Lose":0.05333333333333334,"myCurrBet":0.05333333333333334,"step":0.25,"position":1,"bluff":0,"handValue":0.1038,"percentBets_1":0.08163265306122448},"output":{"chips":0.5}},
{"input":{"Win":0,"Lose":0.05333333333333334,"myCurrBet":0.05333333333333334,"step":0.5,"position":1,"bluff":0,"handValue":0.1042,"percentBets_1":0.08163265306122448},"output":{"chips":0.5}},
{"input":{"Win":0,"Lose":0.05333333333333334,"myCurrBet":0.05333333333333334,"step":0.75,"position":1,"bluff":0,"handValue":0.1052,"percentBets_1":0.08163265306122448},"output":{"chips":0.5}},
{"input":{"Win":0.03773584905660377,"Lose":0,"myCurrBet":0.013333333333333334,"step":0,"position":1,"bluff":0,"percentBets_1":0.018867924528301886,"handValue":0.601304},"output":{"chips":1}},
{"input":{"Win":0.03773584905660377,"Lose":0,"myCurrBet":0.02666666666666667,"step":0.25,"position":1,"bluff":0,"handValue":0.601310080504,"percentBets_1":0.03773584905660377},"output":{"chips":0.5}},
{"input":{"Win":0.03773584905660377,"Lose":0,"myCurrBet":0.02666666666666667,"step":0.5,"position":1,"bluff":0,"handValue":0.601310080504,"percentBets_1":0.03773584905660377},"output":{"chips":0.5}},
{"input":{"Win":0.03773584905660377,"Lose":0,"myCurrBet":0.02666666666666667,"step":0.75,"position":1,"bluff":0,"handValue":0.601310080605,"percentBets_1":0.03773584905660377},"output":{"chips":0.5}},
{"input":{"Win":0,"Lose":0.05333333333333334,"myCurrBet":0.013333333333333334,"step":0,"position":1,"bluff":0,"percentBets_1":0.0196078431372549,"handValue":0.1},"output":{"chips":1}},
{"input":{"Win":0,"Lose":0.05333333333333334,"myCurrBet":0.05333333333333334,"step":0.5,"position":1,"bluff":0,"handValue":0.10300000000000001,"percentBets_1":0.0784313725490196},"output":{"chips":0.5}},
{"input":{"Win":0,"Lose":0.05333333333333334,"myCurrBet":0.04,"step":0.25,"position":1,"bluff":1,"handValue":0.1028,"percentBets_1":0.058823529411764705},"output":{"chips":1}},
{"input":{"Win":0,"Lose":0.05333333333333334,"myCurrBet":0.05333333333333334,"step":0.75,"position":1,"bluff":0,"handValue":0.1042,"percentBets_1":0.0784313725490196},"output":{"chips":0.5}},
{"input":{"Win":0,"Lose":0.04,"myCurrBet":0.013333333333333334,"step":0,"position":1,"bluff":0,"percentBets_1":0.01818181818181818,"handValue":0.600706},"output":{"chips":1}},
{"input":{"Win":0,"Lose":0.04,"myCurrBet":0.04,"step":0.25,"position":1,"bluff":0,"handValue":0.1037,"percentBets_1":0.05454545454545454},"output":{"chips":0.5}},
{"input":{"Win":0,"Lose":0.04,"myCurrBet":0.04,"step":0.75,"position":1,"bluff":0,"handValue":0.1048,"percentBets_1":0.05454545454545454},"output":{"chips":0.5}},
{"input":{"Win":0,"Lose":0.04,"myCurrBet":0.04,"step":0.5,"position":1,"bluff":0,"handValue":0.10450000000000001,"percentBets_1":0.05454545454545454},"output":{"chips":0.5}},
{"input":{"Win":0.06896551724137931,"Lose":0,"myCurrBet":0.013333333333333334,"step":0,"position":1,"bluff":0,"percentBets_1":0.017241379310344827,"handValue":0.1017},"output":{"chips":1}},
{"input":{"Win":0.06896551724137931,"Lose":0,"myCurrBet":0.05333333333333334,"step":0.5,"position":1,"bluff":0,"handValue":0.30000008060899996,"percentBets_1":0.06896551724137931},"output":{"chips":0.5}},
{"input":{"Win":0.06896551724137931,"Lose":0,"myCurrBet":0.05333333333333334,"step":0.75,"position":1,"bluff":0,"handValue":0.30000008060899996,"percentBets_1":0.06896551724137931},"output":{"chips":0.5}},
{"input":{"Win":0.06896551724137931,"Lose":0,"myCurrBet":0.05333333333333334,"step":0.25,"position":1,"bluff":0,"handValue":0.10200000000000001,"percentBets_1":0.06896551724137931},"output":{"chips":0.5}},
{"input":{"Win":0,"Lose":0.05333333333333334,"myCurrBet":0.013333333333333334,"step":0,"position":1,"bluff":0,"percentBets_1":0.018518518518518517,"handValue":0.1018},"output":{"chips":1}},
{"input":{"Win":0,"Lose":0.05333333333333334,"myCurrBet":0.05333333333333334,"step":0.5,"position":1,"bluff":0,"handValue":0.1037,"percentBets_1":0.07407407407407407},"output":{"chips":0.5}},
{"input":{"Win":0,"Lose":0.05333333333333334,"myCurrBet":0.05333333333333334,"step":0.75,"position":1,"bluff":1,"handValue":0.1047,"percentBets_1":0.07407407407407407},"output":{"chips":0.5}},
{"input":{"Win":0,"Lose":0.05333333333333334,"myCurrBet":0.05333333333333334,"step":0.25,"position":1,"bluff":0,"handValue":0.1042,"percentBets_1":0.07407407407407407},"output":{"chips":0.5}},
{"input":{"Win":0.034482758620689655,"Lose":0,"myCurrBet":0.013333333333333334,"step":0,"position":1,"bluff":0,"percentBets_1":0.017241379310344827,"handValue":0.600604},"output":{"chips":1}},
{"input":{"Win":0.034482758620689655,"Lose":0,"myCurrBet":0.02666666666666667,"step":0.25,"position":1,"bluff":0,"handValue":0.10350000000000001,"percentBets_1":0.034482758620689655},"output":{"chips":0.5}},
{"input":{"Win":0.034482758620689655,"Lose":0,"myCurrBet":0.02666666666666667,"step":0.75,"position":1,"bluff":0,"handValue":0.6010080604019999,"percentBets_1":0.034482758620689655},"output":{"chips":0.5}},
{"input":{"Win":0.034482758620689655,"Lose":0,"myCurrBet":0.02666666666666667,"step":0.5,"position":1,"bluff":0,"handValue":0.6010080604019999,"percentBets_1":0.034482758620689655},"output":{"chips":0.5}},
{"input":{"Win":0,"Lose":0.04,"myCurrBet":0.013333333333333334,"step":0,"position":1,"bluff":0,"percentBets_1":0.017857142857142856,"handValue":0.6012069999999999},"output":{"chips":1}},
{"input":{"Win":0,"Lose":0.04,"myCurrBet":0.04,"step":0.25,"position":1,"bluff":0,"handValue":0.1038,"percentBets_1":0.05357142857142857},"output":{"chips":0.5}},
{"input":{"Win":0,"Lose":0.04,"myCurrBet":0.04,"step":0.75,"position":1,"bluff":0,"handValue":0.500000000011,"percentBets_1":0.05357142857142857},"output":{"chips":0.5}},
{"input":{"Win":0,"Lose":0.04,"myCurrBet":0.04,"step":0.5,"position":1,"bluff":1,"handValue":0.10310000000000001,"percentBets_1":0.05357142857142857},"output":{"chips":0.5}},
{"input":{"Win":0,"Lose":0.05333333333333334,"myCurrBet":0.013333333333333334,"step":0,"position":1,"bluff":0,"percentBets_1":0.01694915254237288,"handValue":0.1},"output":{"chips":1}},
{"input":{"Win":0,"Lose":0.05333333333333334,"myCurrBet":0.05333333333333334,"step":0.25,"position":1,"bluff":0,"handValue":0.1019,"percentBets_1":0.06779661016949153},"output":{"chips":0.5}},
{"input":{"Win":0,"Lose":0.05333333333333334,"myCurrBet":0.05333333333333334,"step":0.5,"position":1,"bluff":0,"handValue":0.1027,"percentBets_1":0.06779661016949153},"output":{"chips":0.5}},
{"input":{"Win":0,"Lose":0.05333333333333334,"myCurrBet":0.05333333333333334,"step":0.75,"position":1,"bluff":0,"handValue":0.1033,"percentBets_1":0.06779661016949153},"output":{"chips":0.5}},
{"input":{"Win":0,"Lose":0.05333333333333334,"myCurrBet":0.013333333333333334,"step":0,"position":1,"bluff":0,"percentBets_1":0.015873015873015872,"handValue":0.10110000000000001},"output":{"chips":1}},
{"input":{"Win":0,"Lose":0.05333333333333334,"myCurrBet":0.05333333333333334,"step":0.5,"position":1,"bluff":0,"handValue":0.1046,"percentBets_1":0.06349206349206349},"output":{"chips":0.5}},
{"input":{"Win":0,"Lose":0.05333333333333334,"myCurrBet":0.05333333333333334,"step":0.75,"position":1,"bluff":0,"handValue":0.1051,"percentBets_1":0.06349206349206349},"output":{"chips":0.5}},
{"input":{"Win":0,"Lose":0.05333333333333334,"myCurrBet":0.05333333333333334,"step":0.25,"position":1,"bluff":0,"handValue":0.10450000000000001,"percentBets_1":0.06349206349206349},"output":{"chips":0.5}},
{"input":{"Win":0.029850746268656716,"Lose":0,"myCurrBet":0.02666666666666667,"step":0.5,"position":1,"bluff":0,"handValue":0.1032,"percentBets_1":0.029850746268656716},"output":{"chips":0.5}},
{"input":{"Win":0.029850746268656716,"Lose":0,"myCurrBet":0.013333333333333334,"step":0,"position":1,"bluff":0,"percentBets_1":0.014925373134328358,"handValue":0.10160000000000001},"output":{"chips":1}},
{"input":{"Win":0.029850746268656716,"Lose":0,"myCurrBet":0.02666666666666667,"step":0.25,"position":1,"bluff":0,"handValue":0.1039,"percentBets_1":0.029850746268656716},"output":{"chips":0.5}},
{"input":{"Win":0.029850746268656716,"Lose":0,"myCurrBet":0.02666666666666667,"step":0.75,"position":1,"bluff":0,"handValue":0.300000130712,"percentBets_1":0.029850746268656716},"output":{"chips":0.5}},
{"input":{"Win":0.046153846153846156,"Lose":0,"myCurrBet":0.013333333333333334,"step":0,"position":1,"bluff":1,"percentBets_1":0.015384615384615385,"handValue":0.1},"output":{"chips":1}},
{"input":{"Win":0.046153846153846156,"Lose":0,"myCurrBet":0.04,"step":0.25,"position":1,"bluff":0,"handValue":0.1027,"percentBets_1":0.046153846153846156},"output":{"chips":0.5}},
{"input":{"Win":0.046153846153846156,"Lose":0,"myCurrBet":0.04,"step":0.5,"position":1,"bluff":0,"handValue":0.1029,"percentBets_1":0.046153846153846156},"output":{"chips":0.5}},
{"input":{"Win":0.046153846153846156,"Lose":0,"myCurrBet":0.04,"step":0.75,"position":1,"bluff":0,"handValue":0.300000130408,"percentBets_1":0.046153846153846156},"output":{"chips":0.5}},
{"input":{"Win":0,"Lose":0.02666666666666667,"myCurrBet":0.013333333333333334,"step":0,"position":1,"bluff":0,"percentBets_1":0.016129032258064516,"handValue":0.1015},"output":{"chips":1}},
{"input":{"Win":0,"Lose":0.02666666666666667,"myCurrBet":0.02666666666666667,"step":0.75,"position":1,"bluff":0,"handValue":0.1037,"percentBets_1":0.03225806451612903},"output":{"chips":0.5}},
{"input":{"Win":0,"Lose":0.02666666666666667,"myCurrBet":0.02666666666666667,"step":0.5,"position":1,"bluff":0,"handValue":0.10250000000000001,"percentBets_1":0.03225806451612903},"output":{"chips":0.5}},
{"input":{"Win":0,"Lose":0.02666666666666667,"myCurrBet":0.02666666666666667,"step":0.25,"position":1,"bluff":0,"handValue":0.1027,"percentBets_1":0.03225806451612903},"output":{"chips":0.5}},
{"input":{"Win":0.0625,"Lose":0,"myCurrBet":0.013333333333333334,"step":0,"position":1,"bluff":0,"percentBets_1":0.015625,"handValue":0.601202},"output":{"chips":1}},
{"input":{"Win":0.0625,"Lose":0,"myCurrBet":0.02666666666666667,"step":0.25,"position":1,"bluff":1,"handValue":0.10410000000000001,"percentBets_1":0.03125},"output":{"chips":0.5}},
{"input":{"Win":0.0625,"Lose":0,"myCurrBet":0.02666666666666667,"step":0.75,"position":1,"bluff":1,"handValue":0.1039,"percentBets_1":0.03125},"output":{"chips":1}},
{"input":{"Win":0.0625,"Lose":0,"myCurrBet":0.02666666666666667,"step":0.5,"position":1,"bluff":1,"handValue":0.10350000000000001,"percentBets_1":0.03125},"output":{"chips":0.5}},
{"input":{"Win":0.03333333333333333,"Lose":0,"myCurrBet":0.013333333333333334,"step":0,"position":1,"bluff":0,"percentBets_1":0.016666666666666666,"handValue":0.500000000013},"output":{"chips":1}},
{"input":{"Win":0.03333333333333333,"Lose":0,"myCurrBet":0.02666666666666667,"step":0.5,"position":1,"bluff":0,"handValue":0.10360000000000001,"percentBets_1":0.03333333333333333},"output":{"chips":0.5}},
{"input":{"Win":0.03333333333333333,"Lose":0,"myCurrBet":0.02666666666666667,"step":0.75,"position":1,"bluff":0,"handValue":0.1044,"percentBets_1":0.03333333333333333},"output":{"chips":0.5}},
{"input":{"Win":0.03333333333333333,"Lose":0,"myCurrBet":0.02666666666666667,"step":0.25,"position":1,"bluff":0,"handValue":0.10350000000000001,"percentBets_1":0.03333333333333333},"output":{"chips":0.5}},
{"input":{"Win":0.034482758620689655,"Lose":0,"myCurrBet":0.013333333333333334,"step":0,"position":1,"bluff":0,"percentBets_1":0.017241379310344827,"handValue":0.6009019999999999},"output":{"chips":1}},
{"input":{"Win":0.034482758620689655,"Lose":0,"myCurrBet":0.02666666666666667,"step":0.25,"position":1,"bluff":1,"handValue":0.1029,"percentBets_1":0.034482758620689655},"output":{"chips":0.5}},
{"input":{"Win":0.034482758620689655,"Lose":0,"myCurrBet":0.02666666666666667,"step":0.5,"position":1,"bluff":0,"handValue":0.1039,"percentBets_1":0.034482758620689655},"output":{"chips":0.5}},
{"input":{"Win":0.034482758620689655,"Lose":0,"myCurrBet":0.02666666666666667,"step":0.75,"position":1,"bluff":0,"handValue":0.10500000000000001,"percentBets_1":0.034482758620689655},"output":{"chips":0.5}},
{"input":{"Win":0.017857142857142856,"Lose":0,"myCurrBet":0.013333333333333334,"step":0,"position":1,"bluff":1,"percentBets_1":0.017857142857142856,"handValue":0.1018},"output":{"chips":0.5}},
{"input":{"Win":0.017857142857142856,"Lose":0,"myCurrBet":0.013333333333333334,"step":0.75,"position":1,"bluff":0,"handValue":0.1039,"percentBets_1":0.017857142857142856},"output":{"chips":0.5}},
{"input":{"Win":0.017857142857142856,"Lose":0,"myCurrBet":0.013333333333333334,"step":0.25,"position":1,"bluff":0,"handValue":0.1023,"percentBets_1":0.017857142857142856},"output":{"chips":0.5}},
{"input":{"Win":0.017857142857142856,"Lose":0,"myCurrBet":0.013333333333333334,"step":0.5,"position":1,"bluff":1,"handValue":0.1032,"percentBets_1":0.017857142857142856},"output":{"chips":0.5}},
{"input":{"Win":0.03636363636363636,"Lose":0,"myCurrBet":0.02666666666666667,"step":0.25,"position":1,"bluff":0,"handValue":0.1028,"percentBets_1":0.03636363636363636},"output":{"chips":0.5}},
{"input":{"Win":0.03636363636363636,"Lose":0,"myCurrBet":0.02666666666666667,"step":0.5,"position":1,"bluff":0,"handValue":0.10300000000000001,"percentBets_1":0.03636363636363636},"output":{"chips":0.5}},
{"input":{"Win":0.03636363636363636,"Lose":0,"myCurrBet":0.02666666666666667,"step":0.75,"position":1,"bluff":0,"handValue":0.500000000009,"percentBets_1":0.03636363636363636},"output":{"chips":0.5}},
{"input":{"Win":0.03636363636363636,"Lose":0,"myCurrBet":0.013333333333333334,"step":0,"position":1,"bluff":0,"percentBets_1":0.01818181818181818,"handValue":0.1013},"output":{"chips":1}},
{"input":{"Win":0,"Lose":0.013333333333333334,"myCurrBet":0.013333333333333334,"step":0,"position":1,"bluff":1,"percentBets_1":0.018867924528301886,"handValue":0.1015},"output":{"chips":0.5}},
{"input":{"Win":0,"Lose":0.013333333333333334,"myCurrBet":0.013333333333333334,"step":0.25,"position":1,"bluff":0,"handValue":0.10260000000000001,"percentBets_1":0.018867924528301886},"output":{"chips":0.5}},
{"input":{"Win":0,"Lose":0.013333333333333334,"myCurrBet":0.013333333333333334,"step":0.75,"position":1,"bluff":0,"handValue":0.10410000000000001,"percentBets_1":0.018867924528301886},"output":{"chips":0.5}},
{"input":{"Win":0,"Lose":0.013333333333333334,"myCurrBet":0.013333333333333334,"step":0.5,"position":1,"bluff":0,"handValue":0.1028,"percentBets_1":0.018867924528301886},"output":{"chips":0.5}},
{"input":{"Win":0,"Lose":0.05333333333333334,"myCurrBet":0.013333333333333334,"step":0,"position":1,"bluff":0,"percentBets_1":0.018518518518518517,"handValue":0.601009},"output":{"chips":1}},
{"input":{"Win":0,"Lose":0.05333333333333334,"myCurrBet":0.05333333333333334,"step":0.5,"position":1,"bluff":0,"handValue":0.10350000000000001,"percentBets_1":0.07407407407407407},"output":{"chips":0.5}},
{"input":{"Win":0,"Lose":0.05333333333333334,"myCurrBet":0.05333333333333334,"step":0.75,"position":1,"bluff":0,"handValue":0.1032,"percentBets_1":0.07407407407407407},"output":{"chips":0.5}},
{"input":{"Win":0,"Lose":0.05333333333333334,"myCurrBet":0.05333333333333334,"step":0.25,"position":1,"bluff":0,"handValue":0.1032,"percentBets_1":0.07407407407407407},"output":{"chips":0.5}},
{"input":{"Win":0,"Lose":0.05333333333333334,"myCurrBet":0.013333333333333334,"step":0,"position":1,"bluff":0,"percentBets_1":0.017241379310344827,"handValue":0.1014},"output":{"chips":1}},
{"input":{"Win":0,"Lose":0.05333333333333334,"myCurrBet":0.05333333333333334,"step":0.5,"position":1,"bluff":0,"handValue":0.10490000000000001,"percentBets_1":0.06896551724137931},"output":{"chips":0.5}},
{"input":{"Win":0,"Lose":0.05333333333333334,"myCurrBet":0.05333333333333334,"step":0.25,"position":1,"bluff":0,"handValue":0.1039,"percentBets_1":0.06896551724137931},"output":{"chips":0.5}},
{"input":{"Win":0,"Lose":0.05333333333333334,"myCurrBet":0.05333333333333334,"step":0.75,"position":1,"bluff":0,"handValue":0.10550000000000001,"percentBets_1":0.06896551724137931},"output":{"chips":0.5}},
{"input":{"Win":0,"Lose":0.04,"myCurrBet":0.04,"step":0.75,"position":1,"bluff":0,"handValue":0.10500000000000001,"percentBets_1":0.04838709677419355},"output":{"chips":0.5}},
{"input":{"Win":0,"Lose":0.04,"myCurrBet":0.04,"step":0.5,"position":1,"bluff":0,"handValue":0.10400000000000001,"percentBets_1":0.04838709677419355},"output":{"chips":0.5}},
{"input":{"Win":0,"Lose":0.04,"myCurrBet":0.013333333333333334,"step":0,"position":1,"bluff":0,"percentBets_1":0.016129032258064516,"handValue":0.1013},"output":{"chips":1}},
{"input":{"Win":0,"Lose":0.04,"myCurrBet":0.04,"step":0.25,"position":1,"bluff":0,"handValue":0.10310000000000001,"percentBets_1":0.04838709677419355},"output":{"chips":0.5}},
{"input":{"Win":0.06153846153846154,"Lose":0,"myCurrBet":0.013333333333333334,"step":0,"position":1,"bluff":0,"percentBets_1":0.015384615384615385,"handValue":0.500000000013},"output":{"chips":1}},
{"input":{"Win":0.06153846153846154,"Lose":0,"myCurrBet":0.05333333333333334,"step":0.5,"position":1,"bluff":1,"handValue":0.10250000000000001,"percentBets_1":0.06153846153846154},"output":{"chips":0.5}},
{"input":{"Win":0.06153846153846154,"Lose":0,"myCurrBet":0.05333333333333334,"step":0.75,"position":1,"bluff":0,"handValue":0.300000110113,"percentBets_1":0.06153846153846154},"output":{"chips":0.5}},
{"input":{"Win":0.06153846153846154,"Lose":0,"myCurrBet":0.05333333333333334,"step":0.25,"position":1,"bluff":0,"handValue":0.1024,"percentBets_1":0.06153846153846154},"output":{"chips":0.5}},
{"input":{"Win":0,"Lose":0.04,"myCurrBet":0.04,"step":0.25,"position":1,"bluff":0,"handValue":0.1029,"percentBets_1":0.04918032786885246},"output":{"chips":0.5}},
{"input":{"Win":0,"Lose":0.04,"myCurrBet":0.04,"step":0.5,"position":1,"bluff":0,"handValue":0.10250000000000001,"percentBets_1":0.04918032786885246},"output":{"chips":0.5}},
{"input":{"Win":0,"Lose":0.04,"myCurrBet":0.013333333333333334,"step":0,"position":1,"bluff":0,"percentBets_1":0.01639344262295082,"handValue":0.10060000000000001},"output":{"chips":1}},
{"input":{"Win":0,"Lose":0.04,"myCurrBet":0.04,"step":0.75,"position":1,"bluff":0,"handValue":0.1033,"percentBets_1":0.04918032786885246},"output":{"chips":0.5}},
{"input":{"Win":0.046875,"Lose":0,"myCurrBet":0.013333333333333334,"step":0,"position":1,"bluff":0,"percentBets_1":0.015625,"handValue":0.1015},"output":{"chips":1}},
{"input":{"Win":0.046875,"Lose":0,"myCurrBet":0.04,"step":0.25,"position":1,"bluff":0,"handValue":0.10300000000000001,"percentBets_1":0.046875},"output":{"chips":0.5}},
{"input":{"Win":0.046875,"Lose":0,"myCurrBet":0.04,"step":0.75,"position":1,"bluff":0,"handValue":0.10410000000000001,"percentBets_1":0.046875},"output":{"chips":0.5}},
{"input":{"Win":0.046875,"Lose":0,"myCurrBet":0.04,"step":0.5,"position":1,"bluff":0,"handValue":0.1039,"percentBets_1":0.046875},"output":{"chips":0.5}},
{"input":{"Win":0.08196721311475409,"Lose":0,"myCurrBet":0.016666666666666666,"step":0,"position":1,"bluff":0,"percentBets_1":0.020491803278688523,"handValue":0.1015},"output":{"chips":1}},
{"input":{"Win":0.08196721311475409,"Lose":0,"myCurrBet":0.06666666666666667,"step":0.25,"position":1,"bluff":0,"handValue":0.10310000000000001,"percentBets_1":0.08196721311475409},"output":{"chips":0.5}},
{"input":{"Win":0.08196721311475409,"Lose":0,"myCurrBet":0.06666666666666667,"step":0.75,"position":1,"bluff":0,"handValue":0.400000021312,"percentBets_1":0.08196721311475409},"output":{"chips":0.5}},
{"input":{"Win":0.08196721311475409,"Lose":0,"myCurrBet":0.06666666666666667,"step":0.5,"position":1,"bluff":0,"handValue":0.400000021312,"percentBets_1":0.08196721311475409},"output":{"chips":0.5}},
{"input":{"Win":0,"Lose":0.05,"myCurrBet":0.016666666666666666,"step":0,"position":1,"bluff":0,"percentBets_1":0.022321428571428572,"handValue":0.6010059999999999},"output":{"chips":1}},
{"input":{"Win":0,"Lose":0.05,"myCurrBet":0.05,"step":0.25,"position":1,"bluff":0,"handValue":0.1038,"percentBets_1":0.06696428571428571},"output":{"chips":0.5}},
{"input":{"Win":0,"Lose":0.05,"myCurrBet":0.05,"step":0.5,"position":1,"bluff":0,"handValue":0.1047,"percentBets_1":0.06696428571428571},"output":{"chips":0.5}},
{"input":{"Win":0,"Lose":0.05,"myCurrBet":0.05,"step":0.75,"position":1,"bluff":0,"handValue":0.1048,"percentBets_1":0.06696428571428571},"output":{"chips":0.5}},
{"input":{"Win":0,"Lose":0.03333333333333333,"myCurrBet":0.016666666666666666,"step":0,"position":1,"bluff":0,"percentBets_1":0.02092050209205021,"handValue":0.1009},"output":{"chips":1}},
{"input":{"Win":0,"Lose":0.03333333333333333,"myCurrBet":0.03333333333333333,"step":0.75,"position":1,"bluff":0,"handValue":0.1037,"percentBets_1":0.04184100418410042},"output":{"chips":0.5}},
{"input":{"Win":0,"Lose":0.03333333333333333,"myCurrBet":0.03333333333333333,"step":0.25,"position":1,"bluff":0,"handValue":0.1038,"percentBets_1":0.04184100418410042},"output":{"chips":0.5}},
{"input":{"Win":0,"Lose":0.03333333333333333,"myCurrBet":0.03333333333333333,"step":0.5,"position":1,"bluff":0,"handValue":0.10310000000000001,"percentBets_1":0.04184100418410042},"output":{"chips":0.5}},
{"input":{"Win":0,"Lose":0.05,"myCurrBet":0.016666666666666666,"step":0,"position":1,"bluff":0,"percentBets_1":0.020080321285140562,"handValue":0.1017},"output":{"chips":1}},
{"input":{"Win":0,"Lose":0.05,"myCurrBet":0.05,"step":0.5,"position":1,"bluff":0,"handValue":0.1042,"percentBets_1":0.060240963855421686},"output":{"chips":0.5}},
{"input":{"Win":0,"Lose":0.05,"myCurrBet":0.05,"step":0.75,"position":1,"bluff":0,"handValue":0.10400000000000001,"percentBets_1":0.060240963855421686},"output":{"chips":0.5}},
{"input":{"Win":0,"Lose":0.05,"myCurrBet":0.05,"step":0.25,"position":1,"bluff":1,"handValue":0.10300000000000001,"percentBets_1":0.060240963855421686},"output":{"chips":0.5}},
{"input":{"Win":0,"Lose":0.08333333333333333,"myCurrBet":0.016666666666666666,"step":0,"position":1,"bluff":0,"percentBets_1":0.01893939393939394,"handValue":0.601206},"output":{"chips":1}},
{"input":{"Win":0,"Lose":0.08333333333333333,"myCurrBet":0.08333333333333333,"step":0.5,"position":1,"bluff":0,"handValue":0.300000121006,"percentBets_1":0.0946969696969697},"output":{"chips":0.5}},
{"input":{"Win":0,"Lose":0.08333333333333333,"myCurrBet":0.05,"step":0.25,"position":1,"bluff":1,"handValue":0.1019,"percentBets_1":0.056818181818181816},"output":{"chips":1}},
{"input":{"Win":0,"Lose":0.08333333333333333,"myCurrBet":0.08333333333333333,"step":0.75,"position":1,"bluff":0,"handValue":0.300000121006,"percentBets_1":0.0946969696969697},"output":{"chips":0.5}},
