{"input":{"Win":0,"Lose":0.04,"myCurrBet":0,"step":0,"position":0.75,"bluff":0,"percentBets_1":0.006666666666666667,"percentBets_2":0.013333333333333334,"handValue":0.601109},"output":{"chips":1}},
{"input":{"Win":0,"Lose":0.04,"myCurrBet":0.01,"step":0,"position":0.75,"bluff":0,"handValue":0.601109,"percentBets_4":0.04,"percentBets_1":0.08,"percentBets_2":0.08},"output":{"chips":0.5}},
{"input":{"Win":0,"Lose":0.04,"myCurrBet":0.02,"step":0.25,"position":0.75,"bluff":1,"handValue":0.10450000000000001,"percentBets_4":0.08,"percentBets_1":0.08,"percentBets_2":0.08},"output":{"chips":1}},
{"input":{"Win":0,"Lose":0.04,"myCurrBet":0.03,"step":0.25,"position":0.75,"bluff":0,"handValue":0.10450000000000001,"percentBets_4":0.12,"percentBets_1":0.16,"percentBets_2":0.16},"output":{"chips":0.5}},
{"input":{"Win":0,"Lose":0.04,"myCurrBet":0.04,"step":0.5,"position":0.75,"bluff":0,"handValue":0.10500000000000001,"percentBets_4":0.16,"percentBets_1":0.16,"percentBets_2":0.16},"output":{"chips":0.5}},
{"input":{"Win":0,"Lose":0.04,"myCurrBet":0.04,"step":0.75,"position":0.75,"bluff":0,"handValue":0.1037,"percentBets_4":0.16,"percentBets_1":0.16,"percentBets_2":0.16},"output":{"chips":0}},
{"input":{"Win":0,"Lose":0.03333333333333333,"myCurrBet":0.02666666666666667,"step":0.5,"position":0.75,"bluff":0,"handValue":0.30000012011099997,"percentBets_4":0.07207207207207207,"percentBets_1":0.12698412698412698,"percentBets_2":0.12698412698412698},"output":{"chips":0.5}},
{"input":{"Win":0,"Lose":0.03333333333333333,"myCurrBet":0,"step":0,"position":0.75,"bluff":1,"percentBets_1":0.007936507936507936,"percentBets_2":0.015873015873015872,"handValue":0.600201},"output":{"chips":0.5}},
{"input":{"Win":0,"Lose":0.03333333333333333,"myCurrBet":0.02666666666666667,"step":0.25,"position":0.75,"bluff":0,"handValue":0.300000120102,"percentBets_4":0.07207207207207207,"percentBets_1":0.12698412698412698,"percentBets_2":0.12698412698412698},"output":{"chips":0.5}},
{"input":{"Win":0,"Lose":0.03333333333333333,"myCurrBet":0.0033333333333333335,"step":0,"position":0.75,"bluff":0,"handValue":0.600201,"percentBets_4":0.036036036036036036,"percentBets_1":0.12698412698412698,"percentBets_2":0.12698412698412698},"output":{"chips":0.5}},
{"input":{"Win":0,"Lose":0.03333333333333333,"myCurrBet":0.03333333333333333,"step":0.75,"position":0.75,"bluff":0,"handValue":0.30000012011099997,"percentBets_4":0.09009009009009009,"percentBets_1":0.15873015873015872,"percentBets_2":0.15873015873015872},"output":{"chips":0}},
{"input":{"Win":0,"Lose":0.03333333333333333,"myCurrBet":0.02666666666666667,"step":0.5,"position":0.75,"bluff":0,"handValue":0.30000012011099997,"percentBets_4":0.08108108108108109,"percentBets_1":0.15873015873015872,"percentBets_2":0.15873015873015872},"output":{"chips":0.5}},
{"input":{"Win":0,"Lose":0.04,"myCurrBet":0,"step":0,"position":0.75,"bluff":1,"percentBets_1":0.009433962264150943,"percentBets_2":0.018867924528301886,"handValue":0.600803},"output":{"chips":0.5}},
{"input":{"Win":0,"Lose":0.04,"myCurrBet":0.0033333333333333335,"step":0,"position":0.75,"bluff":1,"handValue":0.600803,"percentBets_4":0.02127659574468085,"percentBets_1":0.11320754716981132,"percentBets_2":0.11320754716981132},"output":{"chips":0.5}},
{"input":{"Win":0,"Lose":0.04,"myCurrBet":0.02,"step":0.25,"position":0.75,"bluff":0,"handValue":0.1018,"percentBets_4":0.0425531914893617,"percentBets_1":0.11320754716981132,"percentBets_2":0.11320754716981132},"output":{"chips":0.5}},
{"input":{"Win":0,"Lose":0.04,"myCurrBet":0.02,"step":0.5,"position":0.75,"bluff":0,"handValue":0.1019,"percentBets_4":0.0425531914893617,"percentBets_1":0.11320754716981132,"percentBets_2":0.11320754716981132},"output":{"chips":0.5}},
{"input":{"Win":0,"Lose":0.04,"myCurrBet":0.02,"step":0.5,"position":0.75,"bluff":0,"handValue":0.1019,"percentBets_4":0.06382978723404255,"percentBets_1":0.22641509433962265,"percentBets_2":0.22641509433962265},"output":{"chips":0.5}},
{"input":{"Win":0,"Lose":0.04,"myCurrBet":0.04,"step":0.75,"position":0.75,"bluff":0,"handValue":0.1028,"percentBets_4":0.0851063829787234,"percentBets_1":0.22641509433962265,"percentBets_2":0.22641509433962265},"output":{"chips":0}},
{"input":{"Win":0,"Lose":0.02666666666666667,"myCurrBet":0,"step":0,"position":0.75,"bluff":0,"percentBets_1":0.012195121951219513,"percentBets_2":0.011235955056179775,"handValue":0.1019},"output":{"chips":1}},
{"input":{"Win":0,"Lose":0.02666666666666667,"myCurrBet":0.013333333333333334,"step":0,"position":0.75,"bluff":0,"handValue":0.1019,"percentBets_4":0.031007751937984496,"percentBets_1":0.1951219512195122,"percentBets_2":0.0898876404494382},"output":{"chips":0.5}},
{"input":{"Win":0,"Lose":0.02666666666666667,"myCurrBet":0.02666666666666667,"step":0.25,"position":0.75,"bluff":0,"handValue":0.10310000000000001,"percentBets_4":0.06201550387596899,"percentBets_1":0.1951219512195122,"percentBets_2":0.0898876404494382},"output":{"chips":0.5}},
{"input":{"Win":0,"Lose":0.02666666666666667,"myCurrBet":0.02666666666666667,"step":0.75,"position":0.75,"bluff":0,"handValue":0.10450000000000001,"percentBets_4":0.06201550387596899,"percentBets_1":0.1951219512195122,"percentBets_2":0.0898876404494382},"output":{"chips":0}},
{"input":{"Win":0,"Lose":0.02666666666666667,"myCurrBet":0.02666666666666667,"step":0.5,"position":0.75,"bluff":0,"handValue":0.1033,"percentBets_4":0.06201550387596899,"percentBets_1":0.1951219512195122,"percentBets_2":0.0898876404494382},"output":{"chips":0.5}},
{"input":{"Win":0.06741573033707865,"Lose":0,"myCurrBet":0,"step":0,"position":0.75,"bluff":0,"percentBets_1":0.007692307692307693,"percentBets_2":0.012345679012345678,"handValue":0.601309},"output":{"chips":1}},
{"input":{"Win":0.06741573033707865,"Lose":0,"myCurrBet":0.01,"step":0,"position":0.75,"bluff":0,"handValue":0.601309,"percentBets_4":0.024793388429752067,"percentBets_1":0.09230769230769231,"percentBets_2":0.07407407407407407},"output":{"chips":0.5}},
{"input":{"Win":0.06741573033707865,"Lose":0,"myCurrBet":0.02,"step":0.25,"position":0.75,"bluff":0,"handValue":0.1022,"percentBets_4":0.049586776859504134,"percentBets_1":0.09230769230769231,"percentBets_2":0.07407407407407407},"output":{"chips":0.5}},
{"input":{"Win":0.06741573033707865,"Lose":0,"myCurrBet":0.02,"step":0.5,"position":0.75,"bluff":0,"handValue":0.1033,"percentBets_4":0.049586776859504134,"percentBets_1":0.09230769230769231,"percentBets_2":0.07407407407407407},"output":{"chips":0.5}},
{"input":{"Win":0.06741573033707865,"Lose":0,"myCurrBet":0.02,"step":0.75,"position":0.75,"bluff":0,"handValue":0.1034,"percentBets_4":0.049586776859504134,"percentBets_1":0.09230769230769231,"percentBets_2":0.07407407407407407},"output":{"chips":0.5}},
{"input":{"Win":0,"Lose":0.03333333333333333,"myCurrBet":0,"step":0,"position":0.75,"bluff":0,"percentBets_1":0.00847457627118644,"percentBets_2":0.013333333333333334,"handValue":0.101},"output":{"chips":1}},
{"input":{"Win":0,"Lose":0.03333333333333333,"myCurrBet":0.006666666666666667,"step":0,"position":0.75,"bluff":0,"handValue":0.101,"percentBets_4":0.017391304347826087,"percentBets_1":0.06779661016949153,"percentBets_2":0.05333333333333334},"output":{"chips":1}},
{"input":{"Win":0,"Lose":0.03333333333333333,"myCurrBet":0.03333333333333333,"step":0.25,"position":0.75,"bluff":0,"handValue":0.10210000000000001,"percentBets_4":0.08695652173913043,"percentBets_1":0.1694915254237288,"percentBets_2":0.13333333333333333},"output":{"chips":0.5}},
{"input":{"Win":0,"Lose":0.03333333333333333,"myCurrBet":0.016666666666666666,"step":0,"position":0.75,"bluff":0,"handValue":0.101,"percentBets_4":0.043478260869565216,"percentBets_1":0.1694915254237288,"percentBets_2":0.13333333333333333},"output":{"chips":0.5}},
{"input":{"Win":0,"Lose":0.03333333333333333,"myCurrBet":0.03333333333333333,"step":0.5,"position":0.75,"bluff":0,"handValue":0.10300000000000001,"percentBets_4":0.08695652173913043,"percentBets_1":0.1694915254237288,"percentBets_2":0.13333333333333333},"output":{"chips":0.5}},
{"input":{"Win":0,"Lose":0.03333333333333333,"myCurrBet":0.03333333333333333,"step":0.75,"position":0.75,"bluff":0,"handValue":0.1038,"percentBets_4":0.08695652173913043,"percentBets_1":0.1694915254237288,"percentBets_2":0.13333333333333333},"output":{"chips":0}},
{"input":{"Win":0,"Lose":0.02666666666666667,"myCurrBet":0,"step":0,"position":0.75,"bluff":0,"percentBets_1":0.01020408163265306,"percentBets_2":0.015384615384615385,"handValue":0.500000000007},"output":{"chips":1}},
{"input":{"Win":0,"Lose":0.02666666666666667,"myCurrBet":0.013333333333333334,"step":0,"position":0.75,"bluff":0,"handValue":0.500000000007,"percentBets_4":0.027586206896551724,"percentBets_1":0.16326530612244897,"percentBets_2":0.12307692307692308},"output":{"chips":0.5}},
{"input":{"Win":0,"Lose":0.02666666666666667,"myCurrBet":0.02666666666666667,"step":0.5,"position":0.75,"bluff":0,"handValue":0.10250000000000001,"percentBets_4":0.05517241379310345,"percentBets_1":0.16326530612244897,"percentBets_2":0.12307692307692308},"output":{"chips":0.5}},
{"input":{"Win":0,"Lose":0.02666666666666667,"myCurrBet":0.02666666666666667,"step":0.25,"position":0.75,"bluff":0,"handValue":0.10360000000000001,"percentBets_4":0.05517241379310345,"percentBets_1":0.16326530612244897,"percentBets_2":0.12307692307692308},"output":{"chips":0.5}},
{"input":{"Win":0,"Lose":0.02666666666666667,"myCurrBet":0.02666666666666667,"step":0.75,"position":0.75,"bluff":0,"handValue":0.400000110907,"percentBets_4":0.05517241379310345,"percentBets_1":0.16326530612244897,"percentBets_2":0.12307692307692308},"output":{"chips":0}},
{"input":{"Win":0,"Lose":0,"myCurrBet":0,"step":0,"position":0.75,"bluff":0,"percentBets_1":0.012195121951219513,"percentBets_2":0.017543859649122806,"handValue":0.6009019999999999},"output":{"chips":1}},
{"input":{"Win":0,"Lose":0,"myCurrBet":0.03,"step":0,"position":0.75,"bluff":0,"handValue":0.6009019999999999,"percentBets_4":0.07100591715976332,"percentBets_1":0.5853658536585366,"percentBets_2":0.42105263157894735},"output":{"chips":0}},
{"input":{"Win":0,"Lose":0,"myCurrBet":0.013333333333333334,"step":0,"position":0.75,"bluff":1,"handValue":0.6009019999999999,"percentBets_4":0.023668639053254437,"percentBets_1":0.1951219512195122,"percentBets_2":0.14035087719298245},"output":{"chips":1}},
{"input":{"Win":0,"Lose":0.05,"myCurrBet":0,"step":0,"position":0.75,"bluff":0,"percentBets_1":0.029411764705882353,"percentBets_2":0.00980392156862745,"handValue":0.1023},"output":{"chips":1}},
{"input":{"Win":0,"Lose":0.05,"myCurrBet":0.01,"step":0,"position":0.75,"bluff":0,"handValue":0.1023,"percentBets_4":0.01910828025477707,"percentBets_1":0.35294117647058826,"percentBets_2":0.058823529411764705},"output":{"chips":0.5}},
{"input":{"Win":0,"Lose":0.05,"myCurrBet":0.02,"step":0.25,"position":0.75,"bluff":0,"handValue":0.1018,"percentBets_4":0.03821656050955414,"percentBets_1":0.35294117647058826,"percentBets_2":0.058823529411764705},"output":{"chips":0.5}},
{"input":{"Win":0,"Lose":0.05,"myCurrBet":0.02,"step":0.5,"position":0.75,"bluff":0,"handValue":0.300000120611,"percentBets_4":0.03821656050955414,"percentBets_1":0.35294117647058826,"percentBets_2":0.058823529411764705},"output":{"chips":0}},
{"input":{"Win":0,"Lose":0.05,"myCurrBet":0.02,"step":0.5,"position":0.75,"bluff":0,"handValue":0.300000120611,"percentBets_4":0.03821656050955414,"percentBets_1":0.35294117647058826,"percentBets_2":0.058823529411764705},"output":{"chips":0}},
{"input":{"Win":0,"Lose":0.023333333333333334,"myCurrBet":0,"step":0,"position":0.75,"bluff":0,"percentBets_1":0.045454545454545456,"percentBets_2":0.010416666666666666,"handValue":0.1009},"output":{"chips":1}},
{"input":{"Win":0,"Lose":0.023333333333333334,"myCurrBet":0.02,"step":0.25,"position":0.75,"bluff":0,"handValue":0.10160000000000001,"percentBets_4":0.03428571428571429,"percentBets_1":0,"percentBets_2":0},"output":{"chips":1}},
{"input":{"Win":0,"Lose":0.023333333333333334,"myCurrBet":0.023333333333333334,"step":0.5,"position":0.75,"bluff":0,"handValue":0.10200000000000001,"percentBets_4":0.04},"output":{"chips":0.5}},
{"input":{"Win":0,"Lose":0.023333333333333334,"myCurrBet":0.006666666666666667,"step":0,"position":0.75,"bluff":0,"handValue":0.1009,"percentBets_4":0.011428571428571429,"percentBets_1":0.36363636363636365,"percentBets_2":0.041666666666666664},"output":{"chips":1}},
{"input":{"Win":0,"Lose":0.023333333333333334,"myCurrBet":0.023333333333333334,"step":0.75,"position":0.75,"bluff":0,"handValue":0.1033,"percentBets_4":0.04},"output":{"chips":0.5}},
{"input":{"Win":0,"Lose":0,"myCurrBet":0,"step":0,"position":0.75,"bluff":0,"percentBets_1":0.07142857142857142,"percentBets_2":0.010869565217391304,"handValue":0.600803},"output":{"chips":1}},
{"input":{"Win":0,"Lose":0,"myCurrBet":0.006666666666666667,"step":0,"position":0.75,"bluff":0,"handValue":0.600803,"percentBets_4":0.010526315789473684,"percentBets_1":0.5714285714285714,"percentBets_2":0.043478260869565216},"output":{"chips":0}},
{"input":{"Win":0,"Lose":0.006666666666666667,"myCurrBet":0.0033333333333333335,"step":0,"position":0.75,"bluff":1,"handValue":0.600903,"percentBets_4":0.005319148936170213,"percentBets_1":0.13333333333333333,"percentBets_2":0.022727272727272728},"output":{"chips":1}},
{"input":{"Win":0,"Lose":0.006666666666666667,"myCurrBet":0,"step":0,"position":0.75,"bluff":1,"percentBets_1":0.03333333333333333,"percentBets_2":0.011363636363636364,"handValue":0.600903},"output":{"chips":0.5}},
{"input":{"Win":0,"Lose":0.006666666666666667,"myCurrBet":0.01,"step":0,"position":0.75,"bluff":0,"handValue":0.600903,"percentBets_4":0.015957446808510637,"percentBets_1":0.4,"percentBets_2":0.06818181818181818},"output":{"chips":0}},
{"input":{"Win":0,"Lose":0.03,"myCurrBet":0,"step":0,"position":0.75,"bluff":0,"percentBets_1":0.05555555555555555,"percentBets_2":0.009708737864077669,"handValue":0.1023},"output":{"chips":1}},
{"input":{"Win":0,"Lose":0.03,"myCurrBet":0.02,"step":0.25,"position":0.75,"bluff":1,"handValue":0.1033,"percentBets_4":0,"percentBets_1":0.6666666666666666,"percentBets_2":0.05825242718446602},"output":{"chips":1}},
{"input":{"Win":0,"Lose":0.03,"myCurrBet":0.01,"step":0,"position":0.75,"bluff":0,"handValue":0.1023,"percentBets_4":0.016483516483516484,"percentBets_1":0.6666666666666666,"percentBets_2":0.05825242718446602},"output":{"chips":0.5}},
{"input":{"Win":0,"Lose":0.03,"myCurrBet":0.02,"step":0.5,"position":0.75,"bluff":0,"handValue":0.1043,"percentBets_1":0.6666666666666666,"percentBets_2":0.05825242718446602},"output":{"chips":0}},
{"input":{"Win":0,"Lose":0.03,"myCurrBet":0.02,"step":0.5,"position":0.75,"bluff":0,"handValue":0.1043,"percentBets_1":0.6666666666666666,"percentBets_2":0.05825242718446602},"output":{"chips":0}},
