{"input":{"Win":0.08,"Lose":0,"myCurrBet":0,"step":0,"position":1,"bluff":0,"percentBets_1":0.006666666666666667,"percentBets_2":0.013333333333333334,"handValue":0.1009,"percentBets_3":0.02666666666666667},"output":{"chips":0.5}},
{"input":{"Win":0.08,"Lose":0,"myCurrBet":0.013333333333333334,"step":0.5,"position":1,"bluff":0,"handValue":0.1022,"percentBets_1":0.05333333333333334,"percentBets_2":0.05333333333333334,"percentBets_3":0.05333333333333334},"output":{"chips":0.5}},
{"input":{"Win":0.08,"Lose":0,"myCurrBet":0.006666666666666667,"step":0,"position":1,"bluff":0,"handValue":0.1009,"percentBets_1":0.05333333333333334,"percentBets_2":0.05333333333333334,"percentBets_3":0.05333333333333334},"output":{"chips":0.5}},
{"input":{"Win":0.08,"Lose":0,"myCurrBet":0.016666666666666666,"step":0.75,"position":1,"bluff":0,"handValue":0.10350000000000001,"percentBets_1":0.08,"percentBets_2":0.08,"percentBets_3":0.08},"output":{"chips":0.5}},
{"input":{"Win":0.08,"Lose":0,"myCurrBet":0.013333333333333334,"step":0.75,"position":1,"bluff":0,"handValue":0.10350000000000001,"percentBets_1":0.05333333333333334,"percentBets_2":0.05333333333333334,"percentBets_3":0.06666666666666667},"output":{"chips":0.5}},
{"input":{"Win":0.08,"Lose":0,"myCurrBet":0.013333333333333334,"step":0.25,"position":1,"bluff":0,"handValue":0.1017,"percentBets_1":0.05333333333333334,"percentBets_2":0.05333333333333334,"percentBets_3":0.05333333333333334},"output":{"chips":0.5}},
{"input":{"Win":0,"Lose":0.03333333333333333,"myCurrBet":0,"step":0,"position":1,"bluff":0,"percentBets_1":0.007246376811594203,"percentBets_2":0.014492753623188406,"handValue":0.1022,"percentBets_3":0.028985507246376812},"output":{"chips":0.5}},
{"input":{"Win":0,"Lose":0.03333333333333333,"myCurrBet":0.006666666666666667,"step":0,"position":1,"bluff":1,"handValue":0.1022,"percentBets_1":0.057971014492753624,"percentBets_2":0.057971014492753624,"percentBets_3":0.057971014492753624},"output":{"chips":1}},
{"input":{"Win":0,"Lose":0.03333333333333333,"myCurrBet":0.03333333333333333,"step":0.5,"position":1,"bluff":0,"handValue":0.1034,"percentBets_1":0.14492753623188406,"percentBets_2":0.14492753623188406},"output":{"chips":0.5}},
{"input":{"Win":0,"Lose":0.03333333333333333,"myCurrBet":0.016666666666666666,"step":0,"position":1,"bluff":0,"handValue":0.1022,"percentBets_1":0.14492753623188406,"percentBets_2":0.14492753623188406,"percentBets_3":0},"output":{"chips":0.5}},
{"input":{"Win":0,"Lose":0.03333333333333333,"myCurrBet":0.03333333333333333,"step":0.25,"position":1,"bluff":0,"handValue":0.10250000000000001,"percentBets_1":0.14492753623188406,"percentBets_2":0.14492753623188406},"output":{"chips":0.5}},
{"input":{"Win":0,"Lose":0.03333333333333333,"myCurrBet":0.03333333333333333,"step":0.75,"position":1,"bluff":0,"handValue":0.1038,"percentBets_1":0.14492753623188406,"percentBets_2":0.14492753623188406},"output":{"chips":0.5}},
{"input":{"Win":0,"Lose":0.013333333333333334,"myCurrBet":0.006666666666666667,"step":0,"position":1,"bluff":0,"handValue":0.1,"percentBets_1":0.06779661016949153,"percentBets_2":0.043010752688172046,"percentBets_3":0.06153846153846154},"output":{"chips":0.5}},
{"input":{"Win":0,"Lose":0.013333333333333334,"myCurrBet":0.013333333333333334,"step":0.25,"position":1,"bluff":0,"handValue":0.1022,"percentBets_1":0.06779661016949153,"percentBets_2":0.043010752688172046,"percentBets_3":0.06153846153846154},"output":{"chips":0.5}},
{"input":{"Win":0,"Lose":0.013333333333333334,"myCurrBet":0.013333333333333334,"step":0.75,"position":1,"bluff":0,"handValue":0.10350000000000001,"percentBets_1":0.06779661016949153,"percentBets_2":0.043010752688172046,"percentBets_3":0.06153846153846154},"output":{"chips":0.5}},
{"input":{"Win":0,"Lose":0.013333333333333334,"myCurrBet":0,"step":0,"position":1,"bluff":0,"percentBets_1":0.00847457627118644,"percentBets_2":0.010752688172043012,"handValue":0.1,"percentBets_3":0.03076923076923077},"output":{"chips":0.5}},
{"input":{"Win":0,"Lose":0.013333333333333334,"myCurrBet":0.013333333333333334,"step":0.5,"position":1,"bluff":0,"handValue":0.1023,"percentBets_1":0.06779661016949153,"percentBets_2":0.043010752688172046,"percentBets_3":0.06153846153846154},"output":{"chips":0.5}},
{"input":{"Win":0,"Lose":0.013333333333333334,"myCurrBet":0,"step":0,"position":1,"bluff":0,"percentBets_1":0.00909090909090909,"percentBets_2":0.011235955056179775,"handValue":0.1015,"percentBets_3":0.025974025974025976},"output":{"chips":0.5}},
{"input":{"Win":0,"Lose":0.013333333333333334,"myCurrBet":0.013333333333333334,"step":0.25,"position":1,"bluff":0,"handValue":0.1038,"percentBets_1":0.07272727272727272,"percentBets_2":0.0449438202247191,"percentBets_3":0.05194805194805195},"output":{"chips":0.5}},
{"input":{"Win":0,"Lose":0.013333333333333334,"myCurrBet":0.006666666666666667,"step":0,"position":1,"bluff":0,"handValue":0.1015,"percentBets_1":0.07272727272727272,"percentBets_2":0.0449438202247191,"percentBets_3":0.05194805194805195},"output":{"chips":0.5}},
{"input":{"Win":0,"Lose":0.013333333333333334,"myCurrBet":0.013333333333333334,"step":0.5,"position":1,"bluff":0,"handValue":0.1051,"percentBets_1":0.07272727272727272,"percentBets_2":0.0449438202247191,"percentBets_3":0.05194805194805195},"output":{"chips":0.5}},
{"input":{"Win":0,"Lose":0.013333333333333334,"myCurrBet":0.013333333333333334,"step":0.75,"position":1,"bluff":1,"handValue":0.1057,"percentBets_1":0.07272727272727272,"percentBets_2":0.0449438202247191,"percentBets_3":0.05194805194805195},"output":{"chips":0.5}},
{"input":{"Win":0,"Lose":0.02,"myCurrBet":0,"step":0,"position":1,"bluff":0,"percentBets_1":0.00980392156862745,"percentBets_2":0.011764705882352941,"handValue":0.601206,"percentBets_3":0.02247191011235955},"output":{"chips":1}},
{"input":{"Win":0,"Lose":0.02,"myCurrBet":0.02,"step":0.5,"position":1,"bluff":0,"handValue":0.1042,"percentBets_1":0.11764705882352941,"percentBets_2":0.07058823529411765,"percentBets_3":0.06741573033707865},"output":{"chips":0.5}},
{"input":{"Win":0,"Lose":0.02,"myCurrBet":0.02,"step":0.75,"position":1,"bluff":0,"handValue":0.1052,"percentBets_1":0.11764705882352941,"percentBets_2":0.07058823529411765,"percentBets_3":0.06741573033707865},"output":{"chips":0.5}},
{"input":{"Win":0,"Lose":0.02,"myCurrBet":0.02,"step":0.25,"position":1,"bluff":0,"handValue":0.1033,"percentBets_1":0.11764705882352941,"percentBets_2":0.07058823529411765,"percentBets_3":0.06741573033707865},"output":{"chips":0.5}},
{"input":{"Win":0,"Lose":0.02,"myCurrBet":0.01,"step":0,"position":1,"bluff":0,"handValue":0.601206,"percentBets_1":0.11764705882352941,"percentBets_2":0.07058823529411765,"percentBets_3":0.06741573033707865},"output":{"chips":0.5}},
{"input":{"Win":0.05194805194805195,"Lose":0,"myCurrBet":0,"step":0,"position":1,"bluff":0,"percentBets_1":0.011111111111111112,"percentBets_2":0.009708737864077669,"handValue":0.1,"percentBets_3":0.024096385542168676},"output":{"chips":0.5}},
{"input":{"Win":0.05194805194805195,"Lose":0,"myCurrBet":0.006666666666666667,"step":0,"position":1,"bluff":0,"handValue":0.1,"percentBets_1":0.08888888888888889,"percentBets_2":0.038834951456310676,"percentBets_3":0.04819277108433735},"output":{"chips":0.5}},
{"input":{"Win":0.05194805194805195,"Lose":0,"myCurrBet":0.013333333333333334,"step":0.5,"position":1,"bluff":1,"handValue":0.400000071309,"percentBets_1":0.08888888888888889,"percentBets_2":0.038834951456310676,"percentBets_3":0.04819277108433735},"output":{"chips":0.5}},
{"input":{"Win":0.05194805194805195,"Lose":0,"myCurrBet":0.013333333333333334,"step":0.25,"position":1,"bluff":0,"handValue":0.40000007090300005,"percentBets_1":0.08888888888888889,"percentBets_2":0.038834951456310676,"percentBets_3":0.04819277108433735},"output":{"chips":0.5}},
{"input":{"Win":0.05194805194805195,"Lose":0,"myCurrBet":0.013333333333333334,"step":0.75,"position":1,"bluff":0,"handValue":0.400000071309,"percentBets_1":0.08888888888888889,"percentBets_2":0.038834951456310676,"percentBets_3":0.04819277108433735},"output":{"chips":0.5}},
{"input":{"Win":0,"Lose":0.02,"myCurrBet":0.0033333333333333335,"step":0,"position":1,"bluff":0,"handValue":0.10200000000000001,"percentBets_1":0.04878048780487805,"percentBets_2":0.020202020202020204,"percentBets_3":0.0379746835443038},"output":{"chips":0.5}},
{"input":{"Win":0,"Lose":0.02,"myCurrBet":0,"step":0,"position":1,"bluff":1,"percentBets_1":0.012195121951219513,"percentBets_2":0.010101010101010102,"handValue":0.10200000000000001,"percentBets_3":0.012658227848101266},"output":{"chips":0.5}},
{"input":{"Win":0,"Lose":0.02,"myCurrBet":0.01,"step":0,"position":1,"bluff":0,"handValue":0.10200000000000001,"percentBets_1":0.14634146341463414,"percentBets_2":0.06060606060606061,"percentBets_3":0.0759493670886076},"output":{"chips":0.5}},
{"input":{"Win":0,"Lose":0.02,"myCurrBet":0.02,"step":0.25,"position":1,"bluff":0,"handValue":0.1047,"percentBets_1":0.14634146341463414,"percentBets_2":0.06060606060606061,"percentBets_3":0.0759493670886076},"output":{"chips":0.5}},
{"input":{"Win":0,"Lose":0.02,"myCurrBet":0.02,"step":0.5,"position":1,"bluff":0,"handValue":0.10400000000000001,"percentBets_1":0.14634146341463414,"percentBets_2":0.06060606060606061,"percentBets_3":0.0759493670886076},"output":{"chips":0.5}},
{"input":{"Win":0,"Lose":0.02,"myCurrBet":0.02,"step":0.75,"position":1,"bluff":1,"handValue":0.10450000000000001,"percentBets_1":0.14634146341463414,"percentBets_2":0.06060606060606061,"percentBets_3":0.0759493670886076},"output":{"chips":0.5}},
{"input":{"Win":0,"Lose":0.013333333333333334,"myCurrBet":0,"step":0,"position":1,"bluff":1,"percentBets_1":0.014285714285714285,"percentBets_2":0.010752688172043012,"handValue":0.1009,"percentBets_3":0.020618556701030927},"output":{"chips":0.5}},
{"input":{"Win":0,"Lose":0.013333333333333334,"myCurrBet":0.013333333333333334,"step":0.25,"position":1,"bluff":0,"handValue":0.1029,"percentBets_1":0.11428571428571428,"percentBets_2":0.043010752688172046,"percentBets_3":0.041237113402061855},"output":{"chips":0.5}},
{"input":{"Win":0,"Lose":0.013333333333333334,"myCurrBet":0.013333333333333334,"step":0.75,"position":1,"bluff":0,"handValue":0.10410000000000001,"percentBets_1":0.11428571428571428,"percentBets_2":0.043010752688172046,"percentBets_3":0.041237113402061855},"output":{"chips":0.5}},
{"input":{"Win":0,"Lose":0.013333333333333334,"myCurrBet":0.013333333333333334,"step":0.5,"position":1,"bluff":0,"handValue":0.10360000000000001,"percentBets_1":0.11428571428571428,"percentBets_2":0.043010752688172046,"percentBets_3":0.041237113402061855},"output":{"chips":0.5}},
{"input":{"Win":0,"Lose":0.013333333333333334,"myCurrBet":0.006666666666666667,"step":0,"position":1,"bluff":0,"handValue":0.1009,"percentBets_1":0.11428571428571428,"percentBets_2":0.043010752688172046,"percentBets_3":0.041237113402061855},"output":{"chips":0.5}},
{"input":{"Win":0,"Lose":0,"myCurrBet":0.01,"step":0,"position":1,"bluff":0,"handValue":0.1019,"percentBets_1":0.1935483870967742,"percentBets_2":0.05714285714285714,"percentBets_3":0.06451612903225806},"output":{"chips":0}},
{"input":{"Win":0,"Lose":0,"myCurrBet":0,"step":0,"position":1,"bluff":0,"percentBets_1":0.016129032258064516,"percentBets_2":0.009523809523809525,"handValue":0.1019,"percentBets_3":0.021505376344086023},"output":{"chips":1}},
{"input":{"Win":0,"Lose":0.03,"myCurrBet":0,"step":0,"position":1,"bluff":0,"percentBets_1":0.02,"percentBets_2":0.010101010101010102,"handValue":0.1009,"percentBets_3":0.018518518518518517},"output":{"chips":1}},
{"input":{"Win":0,"Lose":0.03,"myCurrBet":0.01,"step":0,"position":1,"bluff":1,"handValue":0.1009,"percentBets_1":0.24,"percentBets_2":0.06060606060606061,"percentBets_3":0.05555555555555555},"output":{"chips":0.5}},
{"input":{"Win":0,"Lose":0.03,"myCurrBet":0.02,"step":0.25,"position":1,"bluff":0,"handValue":0.1038,"percentBets_1":0.24,"percentBets_2":0.06060606060606061,"percentBets_3":0.05555555555555555},"output":{"chips":0.5}},
{"input":{"Win":0,"Lose":0.03,"myCurrBet":0.02,"step":0.5,"position":1,"bluff":0,"handValue":0.1051,"percentBets_1":0.24,"percentBets_2":0.06060606060606061,"percentBets_3":0.05555555555555555},"output":{"chips":0.5}},
{"input":{"Win":0,"Lose":0.03,"myCurrBet":0.02,"step":0.75,"position":1,"bluff":0,"handValue":0.1052,"percentBets_1":0.24,"percentBets_2":0.06060606060606061,"percentBets_3":0.05555555555555555},"output":{"chips":0.5}},
{"input":{"Win":0.07563025210084033,"Lose":0,"myCurrBet":0,"step":0,"position":1,"bluff":0,"percentBets_1":0.011627906976744186,"percentBets_2":0.010752688172043012,"handValue":0.1015,"percentBets_3":0.0196078431372549},"output":{"chips":1}},
{"input":{"Win":0.07563025210084033,"Lose":0,"myCurrBet":0.01,"step":0,"position":1,"bluff":0,"handValue":0.1015,"percentBets_1":0.13953488372093023,"percentBets_2":0.06451612903225806,"percentBets_3":0.058823529411764705},"output":{"chips":0.5}},
{"input":{"Win":0.07563025210084033,"Lose":0,"myCurrBet":0.02,"step":0.25,"position":1,"bluff":0,"handValue":0.10450000000000001,"percentBets_1":0.13953488372093023,"percentBets_2":0.06451612903225806,"percentBets_3":0.058823529411764705},"output":{"chips":0.5}},
{"input":{"Win":0.07563025210084033,"Lose":0,"myCurrBet":0.02,"step":0.5,"position":1,"bluff":1,"handValue":0.1038,"percentBets_1":0.13953488372093023,"percentBets_2":0.06451612903225806,"percentBets_3":0.058823529411764705},"output":{"chips":0.5}},
{"input":{"Win":0.07563025210084033,"Lose":0,"myCurrBet":0.02,"step":0.75,"position":1,"bluff":0,"handValue":0.300000090713,"percentBets_1":0.13953488372093023,"percentBets_2":0.06451612903225806,"percentBets_3":0.058823529411764705},"output":{"chips":0.5}},
{"input":{"Win":0,"Lose":0.02,"myCurrBet":0,"step":0,"position":1,"bluff":0,"percentBets_1":0.013513513513513514,"percentBets_2":0.011494252873563218,"handValue":0.10110000000000001,"percentBets_3":0.020833333333333332},"output":{"chips":1}},
{"input":{"Win":0,"Lose":0.02,"myCurrBet":0.01,"step":0,"position":1,"bluff":0,"handValue":0.10110000000000001,"percentBets_1":0.16216216216216217,"percentBets_2":0.06896551724137931,"percentBets_3":0.0625},"output":{"chips":0.5}},
{"input":{"Win":0,"Lose":0.02,"myCurrBet":0.02,"step":0.5,"position":1,"bluff":0,"handValue":0.1028,"percentBets_1":0.16216216216216217,"percentBets_2":0.06896551724137931,"percentBets_3":0.0625},"output":{"chips":0.5}},
{"input":{"Win":0,"Lose":0.02,"myCurrBet":0.02,"step":0.25,"position":1,"bluff":0,"handValue":0.10400000000000001,"percentBets_1":0.16216216216216217,"percentBets_2":0.06896551724137931,"percentBets_3":0.0625},"output":{"chips":0.5}},
{"input":{"Win":0,"Lose":0.02,"myCurrBet":0.02,"step":0.75,"position":1,"bluff":0,"handValue":0.10410000000000001,"percentBets_1":0.16216216216216217,"percentBets_2":0.06896551724137931,"percentBets_3":0.0625},"output":{"chips":0.5}},
{"input":{"Win":0,"Lose":0,"myCurrBet":0,"step":0,"position":1,"bluff":0,"percentBets_1":0.016129032258064516,"percentBets_2":0.012345679012345678,"handValue":0.600908,"percentBets_3":0.017543859649122806},"output":{"chips":1}},
{"input":{"Win":0,"Lose":0,"myCurrBet":0.01,"step":0,"position":1,"bluff":0,"handValue":0.600908,"percentBets_1":0.1935483870967742,"percentBets_2":0.07407407407407407,"percentBets_3":0},"output":{"chips":0}},
{"input":{"Win":0,"Lose":0.01,"myCurrBet":0.01,"step":0,"position":1,"bluff":0,"handValue":0.1013,"percentBets_1":0.24,"percentBets_2":0.06521739130434782,"percentBets_3":0},"output":{"chips":0}},
{"input":{"Win":0,"Lose":0.01,"myCurrBet":0,"step":0,"position":1,"bluff":0,"percentBets_1":0.02,"percentBets_2":0.010869565217391304,"handValue":0.1013,"percentBets_3":0.017857142857142856},"output":{"chips":1}},
{"input":{"Win":0,"Lose":0.01,"myCurrBet":0,"step":0,"position":1,"bluff":0,"percentBets_1":0.02631578947368421,"percentBets_2":0.009708737864077669,"handValue":0.101,"percentBets_3":0.01818181818181818},"output":{"chips":1}},
{"input":{"Win":0,"Lose":0.01,"myCurrBet":0.01,"step":0,"position":1,"bluff":0,"handValue":0.101,"percentBets_1":0.3157894736842105,"percentBets_2":0.05825242718446602,"percentBets_3":0.05454545454545454},"output":{"chips":0}},
{"input":{"Win":0.09051724137931035,"Lose":0,"myCurrBet":0,"step":0,"position":1,"bluff":0,"percentBets_1":0.09090909090909091,"percentBets_2":0.021052631578947368,"handValue":0.10210000000000001,"percentBets_3":0.015503875968992248},"output":{"chips":1}},
{"input":{"Win":0.09051724137931035,"Lose":0,"myCurrBet":0.013333333333333334,"step":0,"position":1,"bluff":1,"handValue":0.10210000000000001,"percentBets_1":0.7272727272727273,"percentBets_2":0.08421052631578947,"percentBets_3":0.06201550387596899},"output":{"chips":0.5}},
{"input":{"Win":0.09051724137931035,"Lose":0,"myCurrBet":0.02666666666666667,"step":0.25,"position":1,"bluff":0,"handValue":0.10210000000000001,"percentBets_1":0.7272727272727273,"percentBets_2":0.08421052631578947,"percentBets_3":0.06201550387596899},"output":{"chips":0}},
{"input":{"Win":0.09051724137931035,"Lose":0,"myCurrBet":0.02666666666666667,"step":0.25,"position":1,"bluff":0,"handValue":0.10210000000000001,"percentBets_1":0.7272727272727273,"percentBets_2":0.08421052631578947,"percentBets_3":0.06201550387596899},"output":{"chips":0}},
{"input":{"Win":0.09051724137931035,"Lose":0,"myCurrBet":0.02666666666666667,"step":0.25,"position":1,"bluff":0,"handValue":0.1024,"percentBets_1":0.7272727272727273,"percentBets_2":0.08421052631578947,"percentBets_3":0.06201550387596899},"output":{"chips":0}},
{"input":{"Win":0,"Lose":0,"myCurrBet":0,"step":0,"position":1,"bluff":0,"percentBets_1":0.3333333333333333,"percentBets_2":0.022988505747126436,"handValue":0.1019,"percentBets_3":0.03305785123966942},"output":{"chips":0}},
{"input":{"Win":0,"Lose":0.02,"myCurrBet":0,"step":0,"position":1,"bluff":1,"percentBets_1":0.5,"percentBets_2":0.023529411764705882,"handValue":0.601208,"percentBets_3":0.03225806451612903},"output":{"chips":0.5}},
{"input":{"Win":0,"Lose":0.02,"myCurrBet":0.013333333333333334,"step":0.25,"position":1,"bluff":0,"handValue":0.1038,"percentBets_1":0,"percentBets_2":0,"percentBets_3":0.04838709677419355},"output":{"chips":0.5}},
{"input":{"Win":0,"Lose":0.02,"myCurrBet":0.02,"step":0.5,"position":1,"bluff":0,"handValue":0.1029,"percentBets_3":0.04838709677419355},"output":{"chips":0.5}},
{"input":{"Win":0,"Lose":0.02,"myCurrBet":0.02,"step":0.75,"position":1,"bluff":0,"handValue":0.10300000000000001,"percentBets_3":0.04838709677419355},"output":{"chips":0.5}},
{"input":{"Win":0,"Lose":0.006666666666666667,"myCurrBet":0,"step":0,"position":1,"bluff":1,"percentBets_1":1,"percentBets_2":0.024096385542168676,"handValue":0.10110000000000001,"percentBets_3":0.015037593984962405},"output":{"chips":0.5}},
{"input":{"Win":0,"Lose":0.006666666666666667,"myCurrBet":0.006666666666666667,"step":0.75,"position":1,"bluff":0,"handValue":0.7000000006089999,"percentBets_3":0.015037593984962405},"output":{"chips":0.5}},
{"input":{"Win":0,"Lose":0.006666666666666667,"myCurrBet":0.006666666666666667,"step":0.25,"position":1,"bluff":0,"handValue":0.300000090602,"percentBets_1":0,"percentBets_2":0,"percentBets_3":0.015037593984962405},"output":{"chips":0.5}},
{"input":{"Win":0,"Lose":0.006666666666666667,"myCurrBet":0.006666666666666667,"step":0.5,"position":1,"bluff":0,"handValue":0.7000000006089999,"percentBets_3":0.015037593984962405},"output":{"chips":0.5}},
{"input":{"Win":0,"Lose":0.02666666666666667,"myCurrBet":0,"step":0,"position":1,"bluff":0,"percentBets_1":0.012345679012345678,"percentBets_2":0.014492753623188406,"handValue":0.1022},"output":{"chips":1}},
{"input":{"Win":0,"Lose":0.02666666666666667,"myCurrBet":0.02,"step":0.25,"position":1,"bluff":0,"handValue":0.10450000000000001,"percentBets_1":0.07407407407407407,"percentBets_2":0.043478260869565216},"output":{"chips":0.5}},
{"input":{"Win":0,"Lose":0.02666666666666667,"myCurrBet":0.013333333333333334,"step":0,"position":1,"bluff":1,"handValue":0.1022,"percentBets_1":0.04938271604938271,"percentBets_2":0.043478260869565216},"output":{"chips":0.5}},
{"input":{"Win":0,"Lose":0.02666666666666667,"myCurrBet":0.02,"step":0.5,"position":1,"bluff":0,"handValue":0.1053,"percentBets_1":0.07407407407407407,"percentBets_2":0.057971014492753624},"output":{"chips":0.5}},
{"input":{"Win":0,"Lose":0.02666666666666667,"myCurrBet":0.02666666666666667,"step":0.75,"position":1,"bluff":0,"handValue":0.10550000000000001,"percentBets_1":0.09876543209876543,"percentBets_2":0.057971014492753624},"output":{"chips":0.5}},
{"input":{"Win":0.03524229074889868,"Lose":0,"myCurrBet":0.006666666666666667,"step":0,"position":1,"bluff":0,"handValue":0.10210000000000001,"percentBets_1":0.020618556701030927,"percentBets_2":0.03076923076923077},"output":{"chips":0.5}},
{"input":{"Win":0.03524229074889868,"Lose":0,"myCurrBet":0.013333333333333334,"step":0.5,"position":1,"bluff":0,"handValue":0.1047,"percentBets_1":0.041237113402061855,"percentBets_2":0.03076923076923077},"output":{"chips":0.5}},
{"input":{"Win":0.03524229074889868,"Lose":0,"myCurrBet":0.013333333333333334,"step":0.75,"position":1,"bluff":0,"handValue":0.10590000000000001,"percentBets_1":0.041237113402061855,"percentBets_2":0.03076923076923077},"output":{"chips":0.5}},
{"input":{"Win":0.03524229074889868,"Lose":0,"myCurrBet":0,"step":0,"position":1,"bluff":1,"percentBets_1":0.010309278350515464,"percentBets_2":0.015384615384615385,"handValue":0.10210000000000001},"output":{"chips":0.5}},
{"input":{"Win":0.03524229074889868,"Lose":0,"myCurrBet":0.013333333333333334,"step":0.25,"position":1,"bluff":0,"handValue":0.1039,"percentBets_1":0.041237113402061855,"percentBets_2":0.03076923076923077},"output":{"chips":0.5}},
{"input":{"Win":0,"Lose":0.02666666666666667,"myCurrBet":0,"step":0,"position":1,"bluff":0,"percentBets_1":0.010752688172043012,"percentBets_2":0.015873015873015872,"handValue":0.600901},"output":{"chips":1}},
{"input":{"Win":0,"Lose":0.02666666666666667,"myCurrBet":0.02666666666666667,"step":0.5,"position":1,"bluff":0,"handValue":0.1044,"percentBets_1":0.08602150537634409,"percentBets_2":0.06349206349206349},"output":{"chips":0.5}},
{"input":{"Win":0,"Lose":0.02666666666666667,"myCurrBet":0.013333333333333334,"step":0,"position":1,"bluff":0,"handValue":0.600901,"percentBets_1":0.043010752688172046,"percentBets_2":0.047619047619047616},"output":{"chips":0.5}},
{"input":{"Win":0,"Lose":0.02666666666666667,"myCurrBet":0.02,"step":0.25,"position":1,"bluff":0,"handValue":0.1039,"percentBets_1":0.06451612903225806,"percentBets_2":0.06349206349206349},"output":{"chips":0.5}},
{"input":{"Win":0,"Lose":0.02666666666666667,"myCurrBet":0.02666666666666667,"step":0.75,"position":1,"bluff":0,"handValue":0.10550000000000001,"percentBets_1":0.08602150537634409,"percentBets_2":0.06349206349206349},"output":{"chips":0.5}},
{"input":{"Win":0,"Lose":0.02,"myCurrBet":0.02,"step":0.25,"position":1,"bluff":0,"handValue":0.1019,"percentBets_1":0.07058823529411765,"percentBets_2":0.04225352112676056},"output":{"chips":0.5}},
{"input":{"Win":0,"Lose":0.02,"myCurrBet":0,"step":0,"position":1,"bluff":0,"percentBets_1":0.011764705882352941,"percentBets_2":0.014084507042253521,"handValue":0.601101},"output":{"chips":1}},
{"input":{"Win":0,"Lose":0.02,"myCurrBet":0.013333333333333334,"step":0,"position":1,"bluff":0,"handValue":0.601101,"percentBets_1":0.047058823529411764,"percentBets_2":0.04225352112676056},"output":{"chips":0.5}},
{"input":{"Win":0,"Lose":0.02,"myCurrBet":0.02,"step":0.75,"position":1,"bluff":0,"handValue":0.10310000000000001,"percentBets_1":0.07058823529411765,"percentBets_2":0.04225352112676056},"output":{"chips":0.5}},
{"input":{"Win":0,"Lose":0.02,"myCurrBet":0.02,"step":0.5,"position":1,"bluff":0,"handValue":0.10210000000000001,"percentBets_1":0.07058823529411765,"percentBets_2":0.04225352112676056},"output":{"chips":0.5}},
{"input":{"Win":0.05150214592274678,"Lose":0,"myCurrBet":0.02,"step":0.5,"position":1,"bluff":0,"handValue":0.1028,"percentBets_1":0.061855670103092786,"percentBets_2":0.04411764705882353},"output":{"chips":0.5}},
{"input":{"Win":0.05150214592274678,"Lose":0,"myCurrBet":0,"step":0,"position":1,"bluff":1,"percentBets_1":0.010309278350515464,"percentBets_2":0.014705882352941176,"handValue":0.601101},"output":{"chips":0.5}},
{"input":{"Win":0.05150214592274678,"Lose":0,"myCurrBet":0.02,"step":0.25,"position":1,"bluff":0,"handValue":0.10200000000000001,"percentBets_1":0.061855670103092786,"percentBets_2":0.04411764705882353},"output":{"chips":0.5}},
{"input":{"Win":0.05150214592274678,"Lose":0,"myCurrBet":0.006666666666666667,"step":0,"position":1,"bluff":0,"handValue":0.601101,"percentBets_1":0.020618556701030927,"percentBets_2":0.029411764705882353},"output":{"chips":1}},
{"input":{"Win":0.05150214592274678,"Lose":0,"myCurrBet":0.02,"step":0.75,"position":1,"bluff":0,"handValue":0.1038,"percentBets_1":0.061855670103092786,"percentBets_2":0.04411764705882353},"output":{"chips":0.5}},
{"input":{"Win":0,"Lose":0.02666666666666667,"myCurrBet":0,"step":0,"position":1,"bluff":0,"percentBets_1":0.01098901098901099,"percentBets_2":0.015384615384615385,"handValue":0.1014},"output":{"chips":1}},
{"input":{"Win":0,"Lose":0.02666666666666667,"myCurrBet":0.013333333333333334,"step":0,"position":1,"bluff":0,"handValue":0.1014,"percentBets_1":0.04395604395604396,"percentBets_2":0.046153846153846156},"output":{"chips":0.5}},
{"input":{"Win":0,"Lose":0.02666666666666667,"myCurrBet":0.02,"step":0.25,"position":1,"bluff":0,"handValue":0.1034,"percentBets_1":0.06593406593406594,"percentBets_2":0.06153846153846154},"output":{"chips":0.5}},
{"input":{"Win":0,"Lose":0.02666666666666667,"myCurrBet":0.02666666666666667,"step":0.75,"position":1,"bluff":0,"handValue":0.1047,"percentBets_1":0.08791208791208792,"percentBets_2":0.06153846153846154},"output":{"chips":0.5}},
{"input":{"Win":0,"Lose":0.02666666666666667,"myCurrBet":0.02666666666666667,"step":0.5,"position":1,"bluff":0,"handValue":0.1037,"percentBets_1":0.08791208791208792,"percentBets_2":0.06153846153846154},"output":{"chips":0.5}},
{"input":{"Win":0,"Lose":0.02,"myCurrBet":0.013333333333333334,"step":0,"position":1,"bluff":1,"handValue":0.500000000009,"percentBets_1":0.04819277108433735,"percentBets_2":0.0410958904109589},"output":{"chips":0.5}},
{"input":{"Win":0,"Lose":0.02,"myCurrBet":0.02,"step":0.25,"position":1,"bluff":0,"handValue":0.1024,"percentBets_1":0.07228915662650602,"percentBets_2":0.0410958904109589},"output":{"chips":0.5}},
{"input":{"Win":0,"Lose":0.02,"myCurrBet":0,"step":0,"position":1,"bluff":0,"percentBets_1":0.012048192771084338,"percentBets_2":0.0136986301369863,"handValue":0.500000000009},"output":{"chips":1}},
{"input":{"Win":0,"Lose":0.02,"myCurrBet":0.02,"step":0.5,"position":1,"bluff":0,"handValue":0.1029,"percentBets_1":0.07228915662650602,"percentBets_2":0.0410958904109589},"output":{"chips":0.5}},
{"input":{"Win":0,"Lose":0.02,"myCurrBet":0.02,"step":0.75,"position":1,"bluff":0,"handValue":0.10410000000000001,"percentBets_1":0.07228915662650602,"percentBets_2":0.0410958904109589},"output":{"chips":0.5}},
{"input":{"Win":0.05106382978723404,"Lose":0,"myCurrBet":0,"step":0,"position":1,"bluff":0,"percentBets_1":0.010526315789473684,"percentBets_2":0.014285714285714285,"handValue":0.10070000000000001},"output":{"chips":1}},
{"input":{"Win":0.05106382978723404,"Lose":0,"myCurrBet":0.02,"step":0.25,"position":1,"bluff":0,"handValue":0.10260000000000001,"percentBets_1":0.06315789473684211,"percentBets_2":0.04285714285714286},"output":{"chips":0.5}},
{"input":{"Win":0.05106382978723404,"Lose":0,"myCurrBet":0.02,"step":0.5,"position":1,"bluff":0,"handValue":0.1023,"percentBets_1":0.06315789473684211,"percentBets_2":0.04285714285714286},"output":{"chips":0.5}},
{"input":{"Win":0.05106382978723404,"Lose":0,"myCurrBet":0.013333333333333334,"step":0,"position":1,"bluff":0,"handValue":0.10070000000000001,"percentBets_1":0.042105263157894736,"percentBets_2":0.04285714285714286},"output":{"chips":0.5}},
{"input":{"Win":0.05106382978723404,"Lose":0,"myCurrBet":0.02,"step":0.75,"position":1,"bluff":0,"handValue":0.300000040309,"percentBets_1":0.06315789473684211,"percentBets_2":0.04285714285714286},"output":{"chips":0.5}},
{"input":{"Win":0.053811659192825115,"Lose":0,"myCurrBet":0,"step":0,"position":1,"bluff":0,"percentBets_1":0.011235955056179775,"percentBets_2":0.014925373134328358,"handValue":0.10110000000000001},"output":{"chips":1}},
{"input":{"Win":0.053811659192825115,"Lose":0,"myCurrBet":0.013333333333333334,"step":0,"position":1,"bluff":0,"handValue":0.10110000000000001,"percentBets_1":0.0449438202247191,"percentBets_2":0.04477611940298507},"output":{"chips":0.5}},
{"input":{"Win":0.053811659192825115,"Lose":0,"myCurrBet":0.02,"step":0.25,"position":1,"bluff":0,"handValue":0.1024,"percentBets_1":0.06741573033707865,"percentBets_2":0.04477611940298507},"output":{"chips":0.5}},
{"input":{"Win":0.053811659192825115,"Lose":0,"myCurrBet":0.02,"step":0.5,"position":1,"bluff":1,"handValue":0.10260000000000001,"percentBets_1":0.06741573033707865,"percentBets_2":0.04477611940298507},"output":{"chips":0.5}},
{"input":{"Win":0.053811659192825115,"Lose":0,"myCurrBet":0.02,"step":0.75,"position":1,"bluff":0,"handValue":0.1033,"percentBets_1":0.06741573033707865,"percentBets_2":0.04477611940298507},"output":{"chips":0.5}},
{"input":{"Win":0,"Lose":0.03333333333333333,"myCurrBet":0.02,"step":0.25,"position":1,"bluff":0,"handValue":0.1017,"percentBets_1":0.07228915662650602,"percentBets_2":0.046875},"output":{"chips":0.5}},
{"input":{"Win":0,"Lose":0.03333333333333333,"myCurrBet":0,"step":0,"position":1,"bluff":0,"percentBets_1":0.012048192771084338,"percentBets_2":0.015625,"handValue":0.1009},"output":{"chips":1}},
{"input":{"Win":0,"Lose":0.03333333333333333,"myCurrBet":0.013333333333333334,"step":0,"position":1,"bluff":0,"handValue":0.1009,"percentBets_1":0.04819277108433735,"percentBets_2":0.046875},"output":{"chips":0.5}},
{"input":{"Win":0,"Lose":0.03333333333333333,"myCurrBet":0.02,"step":0.5,"position":1,"bluff":1,"handValue":0.1019,"percentBets_1":0.07228915662650602,"percentBets_2":0.0625},"output":{"chips":1}},
{"input":{"Win":0,"Lose":0.03333333333333333,"myCurrBet":0.03333333333333333,"step":0.75,"position":1,"bluff":0,"handValue":0.1024,"percentBets_1":0.12048192771084337,"percentBets_2":0.078125},"output":{"chips":0.5}},
{"input":{"Win":0,"Lose":0.02,"myCurrBet":0.013333333333333334,"step":0,"position":1,"bluff":0,"handValue":0.1017,"percentBets_1":0.0547945205479452,"percentBets_2":0.04054054054054054},"output":{"chips":0.5}},
{"input":{"Win":0,"Lose":0.02,"myCurrBet":0.02,"step":0.25,"position":1,"bluff":0,"handValue":0.1042,"percentBets_1":0.0821917808219178,"percentBets_2":0.04054054054054054},"output":{"chips":0.5}},
{"input":{"Win":0,"Lose":0.02,"myCurrBet":0.02,"step":0.5,"position":1,"bluff":0,"handValue":0.10360000000000001,"percentBets_1":0.0821917808219178,"percentBets_2":0.04054054054054054},"output":{"chips":0.5}},
{"input":{"Win":0,"Lose":0.02,"myCurrBet":0.02,"step":0.75,"position":1,"bluff":1,"handValue":0.30000011061,"percentBets_1":0.0821917808219178,"percentBets_2":0.04054054054054054},"output":{"chips":0.5}},
{"input":{"Win":0,"Lose":0.02,"myCurrBet":0,"step":0,"position":1,"bluff":0,"percentBets_1":0.0136986301369863,"percentBets_2":0.013513513513513514,"handValue":0.1017},"output":{"chips":1}},
{"input":{"Win":0,"Lose":0.03,"myCurrBet":0,"step":0,"position":1,"bluff":0,"percentBets_1":0.022388059701492536,"percentBets_2":0.01875,"handValue":0.6009059999999999},"output":{"chips":1}},
{"input":{"Win":0,"Lose":0.03,"myCurrBet":0.03,"step":0.5,"position":1,"bluff":0,"handValue":0.1038,"percentBets_1":0.13432835820895522,"percentBets_2":0.05625},"output":{"chips":0.5}},
{"input":{"Win":0,"Lose":0.03,"myCurrBet":0.03,"step":0.75,"position":1,"bluff":0,"handValue":0.1046,"percentBets_1":0.13432835820895522,"percentBets_2":0.05625},"output":{"chips":0.5}},
{"input":{"Win":0,"Lose":0.03,"myCurrBet":0.02,"step":0,"position":1,"bluff":0,"handValue":0.6009059999999999,"percentBets_1":0.08955223880597014,"percentBets_2":0.05625},"output":{"chips":0.5}},
{"input":{"Win":0,"Lose":0.03,"myCurrBet":0.03,"step":0.25,"position":1,"bluff":0,"handValue":0.1027,"percentBets_1":0.13432835820895522,"percentBets_2":0.05625},"output":{"chips":0.5}},
{"input":{"Win":0.05084745762711865,"Lose":0,"myCurrBet":0,"step":0,"position":1,"bluff":0,"percentBets_1":0.01764705882352941,"percentBets_2":0.019867549668874173,"handValue":0.101},"output":{"chips":1}},
{"input":{"Win":0.05084745762711865,"Lose":0,"myCurrBet":0.02,"step":0.75,"position":1,"bluff":1,"handValue":0.300000131109,"percentBets_1":0.07058823529411765},"output":{"chips":1}},
{"input":{"Win":0.05084745762711865,"Lose":0,"myCurrBet":0.02,"step":0.25,"position":1,"bluff":0,"handValue":0.1019,"percentBets_1":0.07058823529411765,"percentBets_2":0},"output":{"chips":0.5}},
{"input":{"Win":0.05084745762711865,"Lose":0,"myCurrBet":0.02,"step":0.5,"position":1,"bluff":0,"handValue":0.10300000000000001,"percentBets_1":0.07058823529411765},"output":{"chips":0.5}},
{"input":{"Win":0.05357142857142857,"Lose":0,"myCurrBet":0.02,"step":0.5,"position":1,"bluff":0,"handValue":0.10310000000000001,"percentBets_1":0.07894736842105263,"percentBets_2":0.04054054054054054},"output":{"chips":0.5}},
{"input":{"Win":0.05357142857142857,"Lose":0,"myCurrBet":0,"step":0,"position":1,"bluff":0,"percentBets_1":0.019736842105263157,"percentBets_2":0.02027027027027027,"handValue":0.601205},"output":{"chips":1}},
{"input":{"Win":0.05357142857142857,"Lose":0,"myCurrBet":0.02,"step":0.25,"position":1,"bluff":0,"handValue":0.10360000000000001,"percentBets_1":0.07894736842105263,"percentBets_2":0.04054054054054054},"output":{"chips":0.5}},
{"input":{"Win":0.05357142857142857,"Lose":0,"myCurrBet":0.02,"step":0.75,"position":1,"bluff":0,"handValue":0.300000120509,"percentBets_1":0.07894736842105263,"percentBets_2":0.04054054054054054},"output":{"chips":0.5}},
{"input":{"Win":0.05660377358490566,"Lose":0,"myCurrBet":0,"step":0,"position":1,"bluff":0,"percentBets_1":0.02142857142857143,"percentBets_2":0.02112676056338028,"handValue":0.500000000005},"output":{"chips":1}},
{"input":{"Win":0.05660377358490566,"Lose":0,"myCurrBet":0.02,"step":0.75,"position":1,"bluff":0,"handValue":0.10410000000000001,"percentBets_1":0.08571428571428572,"percentBets_2":0.04225352112676056},"output":{"chips":0.5}},
{"input":{"Win":0.05660377358490566,"Lose":0,"myCurrBet":0.02,"step":0.5,"position":1,"bluff":0,"handValue":0.1039,"percentBets_1":0.08571428571428572,"percentBets_2":0.04225352112676056},"output":{"chips":0.5}},
{"input":{"Win":0.05660377358490566,"Lose":0,"myCurrBet":0.02,"step":0.25,"position":1,"bluff":0,"handValue":0.10350000000000001,"percentBets_1":0.08571428571428572,"percentBets_2":0.04225352112676056},"output":{"chips":0.5}},
{"input":{"Win":0.12,"Lose":0,"myCurrBet":0.02,"step":0,"position":1,"bluff":1,"handValue":0.1,"percentBets_1":0.09375,"percentBets_2":0.0661764705882353},"output":{"chips":0.5}},
{"input":{"Win":0.12,"Lose":0,"myCurrBet":0,"step":0,"position":1,"bluff":0,"percentBets_1":0.0234375,"percentBets_2":0.022058823529411766,"handValue":0.1},"output":{"chips":1}},
{"input":{"Win":0.12,"Lose":0,"myCurrBet":0.03,"step":0.5,"position":1,"bluff":1,"handValue":0.300000121104,"percentBets_1":0.140625,"percentBets_2":0.0661764705882353},"output":{"chips":1}},
{"input":{"Win":0.12,"Lose":0,"myCurrBet":0.04,"step":0.75,"position":1,"bluff":1,"handValue":0.300000121104,"percentBets_1":0.1875,"percentBets_2":0.0661764705882353},"output":{"chips":1}},
{"input":{"Win":0.12,"Lose":0,"myCurrBet":0.03,"step":0.25,"position":1,"bluff":0,"handValue":0.300000121104,"percentBets_1":0.140625,"percentBets_2":0.0661764705882353},"output":{"chips":0.5}},
{"input":{"Win":0.17045454545454544,"Lose":0,"myCurrBet":0,"step":0,"position":1,"bluff":0,"percentBets_1":0.030612244897959183,"percentBets_2":0.023622047244094488,"handValue":0.1015},"output":{"chips":1}},
{"input":{"Win":0.17045454545454544,"Lose":0,"myCurrBet":0.02,"step":0,"position":1,"bluff":0,"handValue":0.1015,"percentBets_1":0.12244897959183673,"percentBets_2":0.07086614173228346},"output":{"chips":0.5}},
{"input":{"Win":0.17045454545454544,"Lose":0,"myCurrBet":0.03,"step":0.25,"position":1,"bluff":1,"handValue":0.10160000000000001,"percentBets_1":0.1836734693877551,"percentBets_2":0.07086614173228346},"output":{"chips":1}},
{"input":{"Win":0.17045454545454544,"Lose":0,"myCurrBet":0.04,"step":0.25,"position":1,"bluff":0,"handValue":0.10160000000000001,"percentBets_1":0.24489795918367346,"percentBets_2":0.11811023622047244},"output":{"chips":0.5}},
{"input":{"Win":0.17045454545454544,"Lose":0,"myCurrBet":0.05,"step":0.5,"position":1,"bluff":0,"handValue":0.300000080307,"percentBets_1":0.30612244897959184,"percentBets_2":0.11811023622047244},"output":{"chips":0}},
{"input":{"Win":0.17045454545454544,"Lose":0,"myCurrBet":0.05,"step":0.5,"position":1,"bluff":0,"handValue":0.300000080307,"percentBets_1":0.30612244897959184,"percentBets_2":0.11811023622047244},"output":{"chips":0}},
{"input":{"Win":0,"Lose":0.03,"myCurrBet":0,"step":0,"position":1,"bluff":0,"percentBets_1":0.04411764705882353,"percentBets_2":0.026785714285714284,"handValue":0.500000000009},"output":{"chips":1}},
{"input":{"Win":0,"Lose":0.03,"myCurrBet":0.02,"step":0.25,"position":1,"bluff":0,"handValue":0.10310000000000001,"percentBets_1":0.17647058823529413,"percentBets_2":0.05357142857142857},"output":{"chips":0.5}},
{"input":{"Win":0,"Lose":0.03,"myCurrBet":0.02,"step":0.25,"position":1,"bluff":0,"handValue":0.10310000000000001,"percentBets_1":0.17647058823529413,"percentBets_2":0.08035714285714286},"output":{"chips":0.5}},
{"input":{"Win":0,"Lose":0.03,"myCurrBet":0.03,"step":0.5,"position":1,"bluff":0,"handValue":0.10250000000000001,"percentBets_1":0.2647058823529412,"percentBets_2":0.08035714285714286},"output":{"chips":0.5}},
{"input":{"Win":0,"Lose":0.03,"myCurrBet":0.03,"step":0.75,"position":1,"bluff":0,"handValue":0.10260000000000001,"percentBets_1":0.2647058823529412,"percentBets_2":0.08035714285714286},"output":{"chips":0.5}},
{"input":{"Win":0,"Lose":0,"myCurrBet":0.02,"step":0,"position":1,"bluff":0,"handValue":0.601206,"percentBets_1":0.24,"percentBets_2":0.06923076923076923},"output":{"chips":0}},
{"input":{"Win":0,"Lose":0,"myCurrBet":0,"step":0,"position":1,"bluff":0,"percentBets_1":0.06,"percentBets_2":0.023076923076923078,"handValue":0.601206},"output":{"chips":1}},
{"input":{"Win":0,"Lose":0.02,"myCurrBet":0,"step":0,"position":1,"bluff":1,"percentBets_1":0.07894736842105263,"percentBets_2":0.02112676056338028,"handValue":0.101},"output":{"chips":1}},
{"input":{"Win":0,"Lose":0.02,"myCurrBet":0.02,"step":0,"position":1,"bluff":0,"handValue":0.101,"percentBets_1":0.3157894736842105,"percentBets_2":0.06338028169014084},"output":{"chips":0}},
{"input":{"Win":0,"Lose":0.02,"myCurrBet":0,"step":0,"position":1,"bluff":0,"percentBets_1":0.11538461538461539,"percentBets_2":0.01948051948051948,"handValue":0.1},"output":{"chips":1}},
{"input":{"Win":0,"Lose":0.02,"myCurrBet":0.02,"step":0,"position":1,"bluff":0,"handValue":0.1,"percentBets_1":0.46153846153846156,"percentBets_2":0.05844155844155844},"output":{"chips":0}},
{"input":{"Win":0,"Lose":0.04,"myCurrBet":0,"step":0,"position":1,"bluff":0,"percentBets_1":0.21428571428571427,"percentBets_2":0.018072289156626505,"handValue":0.1015},"output":{"chips":0.5}},
{"input":{"Win":0,"Lose":0.04,"myCurrBet":0.02,"step":0.5,"position":1,"bluff":0,"handValue":0.500000000013,"percentBets_1":0.8571428571428571,"percentBets_2":0.018072289156626505},"output":{"chips":0.5}},
{"input":{"Win":0,"Lose":0.04,"myCurrBet":0.02,"step":0.75,"position":1,"bluff":0,"handValue":0.500000000013,"percentBets_1":0.8571428571428571},"output":{"chips":0.5}},
{"input":{"Win":0,"Lose":0.04,"myCurrBet":0.01,"step":0.25,"position":1,"bluff":0,"handValue":0.1044,"percentBets_1":0.42857142857142855,"percentBets_2":0.018072289156626505},"output":{"chips":1}},
{"input":{"Win":0,"Lose":0,"myCurrBet":0,"step":0,"position":1,"bluff":0,"percentBets_1":0.09375,"percentBets_2":0.018404907975460124,"handValue":0.1013},"output":{"chips":1}},
{"input":{"Win":0,"Lose":0,"myCurrBet":0.02,"step":0,"position":1,"bluff":0,"handValue":0.1013,"percentBets_1":0.375,"percentBets_2":0.05521472392638037},"output":{"chips":0}},
{"input":{"Win":0,"Lose":0.04,"myCurrBet":0.01,"step":0.25,"position":1,"bluff":0,"handValue":0.10350000000000001,"percentBets_1":0.3,"percentBets_2":0.017142857142857144},"output":{"chips":0.5}},
{"input":{"Win":0,"Lose":0.04,"myCurrBet":0.01,"step":0.25,"position":1,"bluff":1,"handValue":0.10350000000000001,"percentBets_1":0.3,"percentBets_2":0.03428571428571429},"output":{"chips":0.5}},
{"input":{"Win":0,"Lose":0.04,"myCurrBet":0.02,"step":0.75,"position":1,"bluff":0,"handValue":0.10450000000000001,"percentBets_1":0.6,"percentBets_2":0.03428571428571429},"output":{"chips":0.5}},
{"input":{"Win":0,"Lose":0.04,"myCurrBet":0.02,"step":0.5,"position":1,"bluff":0,"handValue":0.1033,"percentBets_1":0.6,"percentBets_2":0.03428571428571429},"output":{"chips":0.5}},
{"input":{"Win":0,"Lose":0.04,"myCurrBet":0,"step":0,"position":1,"bluff":0,"percentBets_1":0.15,"percentBets_2":0.017142857142857144,"handValue":0.1019},"output":{"chips":0.5}},
{"input":{"Win":0,"Lose":0,"myCurrBet":0,"step":0,"position":1,"bluff":0,"percentBets_1":0.06818181818181818,"percentBets_2":0.01775147928994083,"handValue":0.10160000000000001},"output":{"chips":1}},
{"input":{"Win":0,"Lose":0,"myCurrBet":0.02,"step":0,"position":1,"bluff":0,"handValue":0.10160000000000001,"percentBets_1":0.2727272727272727,"percentBets_2":0.05325443786982249},"output":{"chips":0}},
{"input":{"Win":0,"Lose":0.02,"myCurrBet":0,"step":0,"position":1,"bluff":0,"percentBets_1":0.09375,"percentBets_2":0.016574585635359115,"handValue":0.101},"output":{"chips":1}},
{"input":{"Win":0,"Lose":0.02,"myCurrBet":0.02,"step":0,"position":1,"bluff":0,"handValue":0.101,"percentBets_1":0.375,"percentBets_2":0.049723756906077346},"output":{"chips":0}},
{"input":{"Win":0,"Lose":0.02,"myCurrBet":0.01,"step":0,"position":1,"bluff":0,"handValue":0.1014,"percentBets_1":0.3,"percentBets_2":0.031088082901554404},"output":{"chips":0}},
{"input":{"Win":0,"Lose":0.02,"myCurrBet":0,"step":0,"position":1,"bluff":0,"percentBets_1":0.15,"percentBets_2":0.015544041450777202,"handValue":0.1014},"output":{"chips":0.5}},
{"input":{"Win":0.029556650246305417,"Lose":0,"myCurrBet":0,"step":0,"position":1,"bluff":0,"percentBets_1":0.21428571428571427,"percentBets_2":0.01507537688442211,"handValue":0.1019},"output":{"chips":0.5}},
{"input":{"Win":0.029556650246305417,"Lose":0,"myCurrBet":0.01,"step":0.25,"position":1,"bluff":1,"handValue":0.10400000000000001,"percentBets_1":0.42857142857142855,"percentBets_2":0.01507537688442211},"output":{"chips":1}},
{"input":{"Win":0.029556650246305417,"Lose":0,"myCurrBet":0.02,"step":0.5,"position":1,"bluff":1,"handValue":0.1052,"percentBets_1":0.8571428571428571,"percentBets_2":0.01507537688442211},"output":{"chips":0.5}},
{"input":{"Win":0.029556650246305417,"Lose":0,"myCurrBet":0.02,"step":0.75,"position":1,"bluff":0,"handValue":0.1043,"percentBets_1":0.8571428571428571},"output":{"chips":0.5}},
{"input":{"Win":0,"Lose":0.02,"myCurrBet":0.01,"step":0.5,"position":1,"bluff":0,"handValue":0.10260000000000001,"percentBets_2":0.015306122448979591},"output":{"chips":0.5}},
{"input":{"Win":0,"Lose":0.02,"myCurrBet":0.01,"step":0.25,"position":1,"bluff":0,"handValue":0.10200000000000001,"percentBets_1":0,"percentBets_2":0.015306122448979591},"output":{"chips":0.5}},
{"input":{"Win":0,"Lose":0.02,"myCurrBet":0,"step":0,"position":1,"bluff":0,"percentBets_1":1,"percentBets_2":0.015306122448979591,"handValue":0.10110000000000001},"output":{"chips":0.5}},
{"input":{"Win":0,"Lose":0.02,"myCurrBet":0.01,"step":0.75,"position":1,"bluff":0,"handValue":0.400000011007,"percentBets_2":0.015306122448979591},"output":{"chips":0.5}},
{"input":{"Win":0,"Lose":0.02,"myCurrBet":0.01,"step":0.75,"position":1,"bluff":0,"handValue":0.400000011007,"percentBets_2":0.030612244897959183},"output":{"chips":0.5}},
{"input":{"Win":0,"Lose":0.03,"myCurrBet":0.01,"step":0,"position":1,"bluff":0,"percentBets_1":0.029556650246305417,"handValue":0.601303},"output":{"chips":1}},
{"input":{"Win":0,"Lose":0.03,"myCurrBet":0.03,"step":0.5,"position":1,"bluff":0,"handValue":0.1039,"percentBets_1":0.04433497536945813},"output":{"chips":0.5}},
{"input":{"Win":0,"Lose":0.03,"myCurrBet":0.03,"step":0.25,"position":1,"bluff":1,"handValue":0.1033,"percentBets_1":0.04433497536945813},"output":{"chips":0.5}},
{"input":{"Win":0,"Lose":0.03,"myCurrBet":0.03,"step":0.75,"position":1,"bluff":0,"handValue":0.10350000000000001,"percentBets_1":0.04433497536945813},"output":{"chips":0.5}},
{"input":{"Win":0.04245283018867924,"Lose":0,"myCurrBet":0.01,"step":0,"position":1,"bluff":0,"percentBets_1":0.02830188679245283,"handValue":0.1014},"output":{"chips":1}},
{"input":{"Win":0.04245283018867924,"Lose":0,"myCurrBet":0.03,"step":0.25,"position":1,"bluff":0,"handValue":0.400000090605,"percentBets_1":0.04245283018867924},"output":{"chips":0.5}},
{"input":{"Win":0.04245283018867924,"Lose":0,"myCurrBet":0.03,"step":0.5,"position":1,"bluff":1,"handValue":0.400000090806,"percentBets_1":0.04245283018867924},"output":{"chips":0.5}},
{"input":{"Win":0.04245283018867924,"Lose":0,"myCurrBet":0.03,"step":0.75,"position":1,"bluff":0,"handValue":0.400000090806,"percentBets_1":0.04245283018867924},"output":{"chips":0.5}},
{"input":{"Win":0.059113300492610835,"Lose":0,"myCurrBet":0.013333333333333334,"step":0,"position":1,"bluff":0,"percentBets_1":0.03940886699507389,"handValue":0.1008},"output":{"chips":1}},
{"input":{"Win":0.059113300492610835,"Lose":0,"myCurrBet":0.04,"step":0.25,"position":1,"bluff":0,"handValue":0.1037,"percentBets_1":0.059113300492610835},"output":{"chips":0.5}},
{"input":{"Win":0.059113300492610835,"Lose":0,"myCurrBet":0.04,"step":0.75,"position":1,"bluff":0,"handValue":0.1061,"percentBets_1":0.059113300492610835},"output":{"chips":0.5}},
{"input":{"Win":0.059113300492610835,"Lose":0,"myCurrBet":0.04,"step":0.5,"position":1,"bluff":0,"handValue":0.1048,"percentBets_1":0.059113300492610835},"output":{"chips":0.5}},
{"input":{"Win":0,"Lose":0.04,"myCurrBet":0.013333333333333334,"step":0,"position":1,"bluff":0,"percentBets_1":0.041884816753926704,"handValue":0.10110000000000001},"output":{"chips":1}},
{"input":{"Win":0,"Lose":0.04,"myCurrBet":0.04,"step":0.75,"position":1,"bluff":1,"handValue":0.30000012081,"percentBets_1":0.06282722513089005},"output":{"chips":0.5}},
{"input":{"Win":0,"Lose":0.04,"myCurrBet":0.04,"step":0.25,"position":1,"bluff":0,"handValue":0.10250000000000001,"percentBets_1":0.06282722513089005},"output":{"chips":0.5}},
{"input":{"Win":0,"Lose":0.04,"myCurrBet":0.04,"step":0.5,"position":1,"bluff":0,"handValue":0.30000012081,"percentBets_1":0.06282722513089005},"output":{"chips":0.5}},
{"input":{"Win":0.07881773399014778,"Lose":0,"myCurrBet":0.013333333333333334,"step":0,"position":1,"bluff":0,"percentBets_1":0.03940886699507389,"handValue":0.1022},"output":{"chips":1}},
{"input":{"Win":0.07881773399014778,"Lose":0,"myCurrBet":0.04,"step":0.25,"position":1,"bluff":0,"handValue":0.1037,"percentBets_1":0.059113300492610835},"output":{"chips":0.5}},
{"input":{"Win":0.07881773399014778,"Lose":0,"myCurrBet":0.04,"step":0.75,"position":1,"bluff":0,"handValue":0.10260000000000001,"percentBets_1":0.059113300492610835},"output":{"chips":0.5}},
{"input":{"Win":0.07881773399014778,"Lose":0,"myCurrBet":0.04,"step":0.75,"position":1,"bluff":0,"handValue":0.10260000000000001,"percentBets_1":0.07881773399014778},"output":{"chips":0.5}},
{"input":{"Win":0.07881773399014778,"Lose":0,"myCurrBet":0.04,"step":0.5,"position":1,"bluff":0,"handValue":0.1038,"percentBets_1":0.059113300492610835},"output":{"chips":0.5}},
{"input":{"Win":0,"Lose":0.04,"myCurrBet":0.04,"step":0.25,"position":1,"bluff":0,"handValue":0.10260000000000001,"percentBets_1":0.06417112299465241},"output":{"chips":0.5}},
{"input":{"Win":0,"Lose":0.04,"myCurrBet":0.013333333333333334,"step":0,"position":1,"bluff":0,"percentBets_1":0.0427807486631016,"handValue":0.1005},"output":{"chips":1}},
{"input":{"Win":0,"Lose":0.04,"myCurrBet":0.04,"step":0.5,"position":1,"bluff":0,"handValue":0.1033,"percentBets_1":0.06417112299465241},"output":{"chips":0.5}},
{"input":{"Win":0,"Lose":0.04,"myCurrBet":0.04,"step":0.75,"position":1,"bluff":0,"handValue":0.1044,"percentBets_1":0.06417112299465241},"output":{"chips":0.5}},
{"input":{"Win":0.06030150753768844,"Lose":0,"myCurrBet":0.013333333333333334,"step":0,"position":1,"bluff":0,"percentBets_1":0.04020100502512563,"handValue":0.10210000000000001},"output":{"chips":1}},
{"input":{"Win":0.06030150753768844,"Lose":0,"myCurrBet":0.04,"step":0.25,"position":1,"bluff":0,"handValue":0.1042,"percentBets_1":0.06030150753768844},"output":{"chips":0.5}},
{"input":{"Win":0.06030150753768844,"Lose":0,"myCurrBet":0.04,"step":0.5,"position":1,"bluff":0,"handValue":0.10450000000000001,"percentBets_1":0.06030150753768844},"output":{"chips":0.5}},
{"input":{"Win":0.06030150753768844,"Lose":0,"myCurrBet":0.04,"step":0.75,"position":1,"bluff":0,"handValue":0.1052,"percentBets_1":0.06030150753768844},"output":{"chips":0.5}},
{"input":{"Win":0,"Lose":0.04,"myCurrBet":0.013333333333333334,"step":0,"position":1,"bluff":0,"percentBets_1":0.0427807486631016,"handValue":0.1017},"output":{"chips":1}},
{"input":{"Win":0,"Lose":0.04,"myCurrBet":0.04,"step":0.25,"position":1,"bluff":1,"handValue":0.300000110601,"percentBets_1":0.06417112299465241},"output":{"chips":0.5}},
{"input":{"Win":0,"Lose":0.04,"myCurrBet":0.04,"step":0.75,"position":1,"bluff":0,"handValue":0.300000110612,"percentBets_1":0.06417112299465241},"output":{"chips":0.5}},
{"input":{"Win":0,"Lose":0.04,"myCurrBet":0.04,"step":0.5,"position":1,"bluff":0,"handValue":0.3000001106,"percentBets_1":0.06417112299465241},"output":{"chips":0.5}},
{"input":{"Win":0,"Lose":0.04,"myCurrBet":0.013333333333333334,"step":0,"position":1,"bluff":0,"percentBets_1":0.04020100502512563,"handValue":0.601001},"output":{"chips":1}},
{"input":{"Win":0,"Lose":0.04,"myCurrBet":0.04,"step":0.25,"position":1,"bluff":0,"handValue":0.10250000000000001,"percentBets_1":0.06030150753768844},"output":{"chips":0.5}},
{"input":{"Win":0,"Lose":0.04,"myCurrBet":0.04,"step":0.5,"position":1,"bluff":0,"handValue":0.1024,"percentBets_1":0.06030150753768844},"output":{"chips":0.5}},
{"input":{"Win":0,"Lose":0.04,"myCurrBet":0.04,"step":0.75,"position":1,"bluff":0,"handValue":0.10300000000000001,"percentBets_1":0.06030150753768844},"output":{"chips":0.5}},
{"input":{"Win":0.05687203791469194,"Lose":0,"myCurrBet":0.013333333333333334,"step":0,"position":1,"bluff":0,"percentBets_1":0.037914691943127965,"handValue":0.600803},"output":{"chips":1}},
{"input":{"Win":0.05687203791469194,"Lose":0,"myCurrBet":0.04,"step":0.5,"position":1,"bluff":0,"handValue":0.300000090804,"percentBets_1":0.05687203791469194},"output":{"chips":0.5}},
{"input":{"Win":0.05687203791469194,"Lose":0,"myCurrBet":0.04,"step":0.25,"position":1,"bluff":0,"handValue":0.10160000000000001,"percentBets_1":0.05687203791469194},"output":{"chips":0.5}},
{"input":{"Win":0.05687203791469194,"Lose":0,"myCurrBet":0.04,"step":0.75,"position":1,"bluff":1,"handValue":0.30000009080699996,"percentBets_1":0.05687203791469194},"output":{"chips":1}},
{"input":{"Win":0,"Lose":0.04,"myCurrBet":0.013333333333333334,"step":0,"position":1,"bluff":0,"percentBets_1":0.020100502512562814,"handValue":0.1017},"output":{"chips":1}},
{"input":{"Win":0,"Lose":0.04,"myCurrBet":0.02666666666666667,"step":0,"position":1,"bluff":0,"handValue":0.1017,"percentBets_1":0.06030150753768844},"output":{"chips":0.5}},
{"input":{"Win":0,"Lose":0.04,"myCurrBet":0.04,"step":0.25,"position":1,"bluff":0,"handValue":0.1042,"percentBets_1":0.06030150753768844},"output":{"chips":0.5}},
{"input":{"Win":0,"Lose":0.04,"myCurrBet":0.04,"step":0.75,"position":1,"bluff":0,"handValue":0.10400000000000001,"percentBets_1":0.06030150753768844},"output":{"chips":0.5}},
{"input":{"Win":0,"Lose":0.04,"myCurrBet":0.04,"step":0.5,"position":1,"bluff":0,"handValue":0.1034,"percentBets_1":0.06030150753768844},"output":{"chips":0.5}},
{"input":{"Win":0,"Lose":0.04,"myCurrBet":0.013333333333333334,"step":0,"position":1,"bluff":0,"percentBets_1":0.037914691943127965,"handValue":0.10120000000000001},"output":{"chips":1}},
{"input":{"Win":0,"Lose":0.04,"myCurrBet":0.04,"step":0.25,"position":1,"bluff":0,"handValue":0.10300000000000001,"percentBets_1":0.05687203791469194},"output":{"chips":0.5}},
{"input":{"Win":0,"Lose":0.04,"myCurrBet":0.04,"step":0.5,"position":1,"bluff":0,"handValue":0.10350000000000001,"percentBets_1":0.05687203791469194},"output":{"chips":0.5}},
{"input":{"Win":0,"Lose":0.04,"myCurrBet":0.04,"step":0.75,"position":1,"bluff":0,"handValue":0.1038,"percentBets_1":0.05687203791469194},"output":{"chips":0.5}},
{"input":{"Win":0,"Lose":0.06666666666666667,"myCurrBet":0.013333333333333334,"step":0,"position":1,"bluff":1,"percentBets_1":0.03587443946188341,"handValue":0.1005},"output":{"chips":1}},
{"input":{"Win":0,"Lose":0.06666666666666667,"myCurrBet":0.06666666666666667,"step":0.5,"position":1,"bluff":0,"handValue":0.10300000000000001,"percentBets_1":0.08968609865470852},"output":{"chips":0.5}},
{"input":{"Win":0,"Lose":0.06666666666666667,"myCurrBet":0.04,"step":0.25,"position":1,"bluff":1,"handValue":0.1022,"percentBets_1":0.07174887892376682},"output":{"chips":1}},
{"input":{"Win":0,"Lose":0.06666666666666667,"myCurrBet":0.06666666666666667,"step":0.75,"position":1,"bluff":0,"handValue":0.1039,"percentBets_1":0.08968609865470852},"output":{"chips":0.5}},
{"input":{"Win":0,"Lose":0.06666666666666667,"myCurrBet":0.04,"step":0.25,"position":1,"bluff":0,"handValue":0.1022,"percentBets_1":0.053811659192825115},"output":{"chips":0.5}},
{"input":{"Win":0.06584362139917696,"Lose":0,"myCurrBet":0.013333333333333334,"step":0,"position":1,"bluff":0,"percentBets_1":0.03292181069958848,"handValue":0.10120000000000001},"output":{"chips":1}},
{"input":{"Win":0.06584362139917696,"Lose":0,"myCurrBet":0.05333333333333334,"step":0.75,"position":1,"bluff":1,"handValue":0.1033,"percentBets_1":0.06584362139917696},"output":{"chips":0.5}},
{"input":{"Win":0.06584362139917696,"Lose":0,"myCurrBet":0.04,"step":0.25,"position":1,"bluff":1,"handValue":0.1023,"percentBets_1":0.04938271604938271},"output":{"chips":1}},
{"input":{"Win":0.06584362139917696,"Lose":0,"myCurrBet":0.05333333333333334,"step":0.5,"position":1,"bluff":0,"handValue":0.10250000000000001,"percentBets_1":0.06584362139917696},"output":{"chips":0.5}},
{"input":{"Win":0.05286343612334802,"Lose":0,"myCurrBet":0.013333333333333334,"step":0,"position":1,"bluff":0,"percentBets_1":0.03524229074889868,"handValue":0.500000000013},"output":{"chips":1}},
{"input":{"Win":0.05286343612334802,"Lose":0,"myCurrBet":0.04,"step":0.25,"position":1,"bluff":0,"handValue":0.1046,"percentBets_1":0.05286343612334802},"output":{"chips":0.5}},
{"input":{"Win":0.05286343612334802,"Lose":0,"myCurrBet":0.04,"step":0.5,"position":1,"bluff":0,"handValue":0.1056,"percentBets_1":0.05286343612334802},"output":{"chips":0.5}},
{"input":{"Win":0.05286343612334802,"Lose":0,"myCurrBet":0.04,"step":0.75,"position":1,"bluff":0,"handValue":0.1048,"percentBets_1":0.05286343612334802},"output":{"chips":0.5}},
{"input":{"Win":0.05581395348837209,"Lose":0,"myCurrBet":0.013333333333333334,"step":0,"position":1,"bluff":0,"percentBets_1":0.037209302325581395,"handValue":0.1},"output":{"chips":1}},
{"input":{"Win":0.05581395348837209,"Lose":0,"myCurrBet":0.04,"step":0.5,"position":1,"bluff":0,"handValue":0.300000120213,"percentBets_1":0.05581395348837209},"output":{"chips":0.5}},
{"input":{"Win":0.05581395348837209,"Lose":0,"myCurrBet":0.04,"step":0.25,"position":1,"bluff":0,"handValue":0.10200000000000001,"percentBets_1":0.05581395348837209},"output":{"chips":0.5}},
{"input":{"Win":0.05581395348837209,"Lose":0,"myCurrBet":0.04,"step":0.75,"position":1,"bluff":1,"handValue":0.30000013120499996,"percentBets_1":0.05581395348837209},"output":{"chips":1}},
{"input":{"Win":0,"Lose":0.04,"myCurrBet":0.013333333333333334,"step":0,"position":1,"bluff":1,"percentBets_1":0.03940886699507389,"handValue":0.601008},"output":{"chips":1}},
{"input":{"Win":0,"Lose":0.04,"myCurrBet":0.04,"step":0.5,"position":1,"bluff":0,"handValue":0.10260000000000001,"percentBets_1":0.059113300492610835},"output":{"chips":0.5}},
{"input":{"Win":0,"Lose":0.04,"myCurrBet":0.04,"step":0.75,"position":1,"bluff":0,"handValue":0.1027,"percentBets_1":0.059113300492610835},"output":{"chips":0.5}},
{"input":{"Win":0,"Lose":0.04,"myCurrBet":0.04,"step":0.25,"position":1,"bluff":0,"handValue":0.1023,"percentBets_1":0.059113300492610835},"output":{"chips":0.5}},
{"input":{"Win":0.07441860465116279,"Lose":0,"myCurrBet":0.04,"step":0.25,"position":1,"bluff":0,"handValue":0.10200000000000001,"percentBets_1":0.05581395348837209},"output":{"chips":0.5}},
{"input":{"Win":0.07441860465116279,"Lose":0,"myCurrBet":0.04,"step":0.5,"position":1,"bluff":0,"handValue":0.10310000000000001,"percentBets_1":0.05581395348837209},"output":{"chips":0.5}},
{"input":{"Win":0.07441860465116279,"Lose":0,"myCurrBet":0.04,"step":0.75,"position":1,"bluff":0,"handValue":0.1033,"percentBets_1":0.07441860465116279},"output":{"chips":0.5}},
{"input":{"Win":0.07441860465116279,"Lose":0,"myCurrBet":0.013333333333333334,"step":0,"position":1,"bluff":0,"percentBets_1":0.037209302325581395,"handValue":0.601209},"output":{"chips":1}},
{"input":{"Win":0.07441860465116279,"Lose":0,"myCurrBet":0.04,"step":0.75,"position":1,"bluff":0,"handValue":0.1033,"percentBets_1":0.05581395348837209},"output":{"chips":0.5}},
{"input":{"Win":0.08040201005025126,"Lose":0,"myCurrBet":0.04,"step":0.25,"position":1,"bluff":0,"handValue":0.400000021007,"percentBets_1":0.06030150753768844},"output":{"chips":0.5}},
{"input":{"Win":0.08040201005025126,"Lose":0,"myCurrBet":0.04,"step":0.5,"position":1,"bluff":1,"handValue":0.400000021007,"percentBets_1":0.06030150753768844},"output":{"chips":0.5}},
{"input":{"Win":0.08040201005025126,"Lose":0,"myCurrBet":0.013333333333333334,"step":0,"position":1,"bluff":0,"percentBets_1":0.04020100502512563,"handValue":0.10120000000000001},"output":{"chips":1}},
{"input":{"Win":0.08040201005025126,"Lose":0,"myCurrBet":0.04,"step":0.5,"position":1,"bluff":0,"handValue":0.400000021007,"percentBets_1":0.08040201005025126},"output":{"chips":0.5}},
{"input":{"Win":0.08040201005025126,"Lose":0,"myCurrBet":0.05333333333333334,"step":0.75,"position":1,"bluff":1,"handValue":0.40000002121,"percentBets_1":0.08040201005025126},"output":{"chips":1}},
{"input":{"Win":0.08743169398907104,"Lose":0,"myCurrBet":0.013333333333333334,"step":0,"position":1,"bluff":0,"percentBets_1":0.04371584699453552,"handValue":0.1014},"output":{"chips":1}},
{"input":{"Win":0.08743169398907104,"Lose":0,"myCurrBet":0.04,"step":0.25,"position":1,"bluff":0,"handValue":0.1034,"percentBets_1":0.06557377049180328},"output":{"chips":0.5}},
{"input":{"Win":0.08743169398907104,"Lose":0,"myCurrBet":0.04,"step":0.25,"position":1,"bluff":0,"handValue":0.1034,"percentBets_1":0.08743169398907104},"output":{"chips":0.5}},
{"input":{"Win":0.08743169398907104,"Lose":0,"myCurrBet":0.05333333333333334,"step":0.5,"position":1,"bluff":0,"handValue":0.10310000000000001,"percentBets_1":0.08743169398907104},"output":{"chips":0.5}},
{"input":{"Win":0.08743169398907104,"Lose":0,"myCurrBet":0.05333333333333334,"step":0.75,"position":1,"bluff":1,"handValue":0.601311040302,"percentBets_1":0.08743169398907104},"output":{"chips":1}},
{"input":{"Win":0.11976047904191617,"Lose":0,"myCurrBet":0.013333333333333334,"step":0,"position":1,"bluff":0,"percentBets_1":0.04790419161676647,"handValue":0.1019},"output":{"chips":1}},
{"input":{"Win":0.11976047904191617,"Lose":0,"myCurrBet":0.04,"step":0.25,"position":1,"bluff":0,"handValue":0.1034,"percentBets_1":0.0718562874251497},"output":{"chips":0.5}},
{"input":{"Win":0.11976047904191617,"Lose":0,"myCurrBet":0.04,"step":0.5,"position":1,"bluff":0,"handValue":0.10250000000000001,"percentBets_1":0.0718562874251497},"output":{"chips":0.5}},
{"input":{"Win":0.11976047904191617,"Lose":0,"myCurrBet":0.04,"step":0.5,"position":1,"bluff":1,"handValue":0.10250000000000001,"percentBets_1":0.09580838323353294},"output":{"chips":1}},
{"input":{"Win":0.11976047904191617,"Lose":0,"myCurrBet":0.06666666666666667,"step":0.75,"position":1,"bluff":0,"handValue":0.300000090412,"percentBets_1":0.11976047904191617},"output":{"chips":0.5}},
{"input":{"Win":0.10884353741496598,"Lose":0,"myCurrBet":0.013333333333333334,"step":0,"position":1,"bluff":0,"percentBets_1":0.05442176870748299,"handValue":0.6006049999999999},"output":{"chips":1}},
{"input":{"Win":0.10884353741496598,"Lose":0,"myCurrBet":0.04,"step":0.25,"position":1,"bluff":0,"handValue":0.1034,"percentBets_1":0.08163265306122448},"output":{"chips":0.5}},
{"input":{"Win":0.10884353741496598,"Lose":0,"myCurrBet":0.04,"step":0.25,"position":1,"bluff":1,"handValue":0.1034,"percentBets_1":0.10884353741496598},"output":{"chips":0.5}},
{"input":{"Win":0.10884353741496598,"Lose":0,"myCurrBet":0.05333333333333334,"step":0.75,"position":1,"bluff":0,"handValue":0.10550000000000001,"percentBets_1":0.10884353741496598},"output":{"chips":0.5}},
{"input":{"Win":0.10884353741496598,"Lose":0,"myCurrBet":0.05333333333333334,"step":0.5,"position":1,"bluff":0,"handValue":0.1047,"percentBets_1":0.10884353741496598},"output":{"chips":0.5}},
{"input":{"Win":0,"Lose":0.04,"myCurrBet":0.013333333333333334,"step":0,"position":1,"bluff":0,"percentBets_1":0.061068702290076333,"handValue":0.1014},"output":{"chips":1}},
{"input":{"Win":0,"Lose":0.04,"myCurrBet":0.04,"step":0.25,"position":1,"bluff":0,"handValue":0.1023,"percentBets_1":0.0916030534351145},"output":{"chips":0.5}},
{"input":{"Win":0,"Lose":0.04,"myCurrBet":0.04,"step":0.75,"position":1,"bluff":1,"handValue":0.30000006021299996,"percentBets_1":0.0916030534351145},"output":{"chips":0.5}},
{"input":{"Win":0,"Lose":0.04,"myCurrBet":0.04,"step":0.5,"position":1,"bluff":0,"handValue":0.30000006021299996,"percentBets_1":0.0916030534351145},"output":{"chips":0.5}},
{"input":{"Win":0.08391608391608392,"Lose":0,"myCurrBet":0.04,"step":0.5,"position":1,"bluff":0,"handValue":0.1043,"percentBets_1":0.08391608391608392},"output":{"chips":0.5}},
{"input":{"Win":0.08391608391608392,"Lose":0,"myCurrBet":0.013333333333333334,"step":0,"position":1,"bluff":0,"percentBets_1":0.055944055944055944,"handValue":0.1013},"output":{"chips":1}},
{"input":{"Win":0.08391608391608392,"Lose":0,"myCurrBet":0.04,"step":0.25,"position":1,"bluff":0,"handValue":0.10300000000000001,"percentBets_1":0.08391608391608392},"output":{"chips":0.5}},
{"input":{"Win":0.08391608391608392,"Lose":0,"myCurrBet":0.04,"step":0.75,"position":1,"bluff":0,"handValue":0.1039,"percentBets_1":0.08391608391608392},"output":{"chips":0.5}},
{"input":{"Win":0.15267175572519084,"Lose":0,"myCurrBet":0.013333333333333334,"step":0,"position":1,"bluff":0,"percentBets_1":0.061068702290076333,"handValue":0.10110000000000001},"output":{"chips":1}},
{"input":{"Win":0.15267175572519084,"Lose":0,"myCurrBet":0.04,"step":0.25,"position":1,"bluff":0,"handValue":0.10300000000000001,"percentBets_1":0.0916030534351145},"output":{"chips":0.5}},
{"input":{"Win":0.15267175572519084,"Lose":0,"myCurrBet":0.05333333333333334,"step":0.5,"position":1,"bluff":0,"handValue":0.1034,"percentBets_1":0.15267175572519084},"output":{"chips":0.5}},
{"input":{"Win":0.15267175572519084,"Lose":0,"myCurrBet":0.04,"step":0.5,"position":1,"bluff":1,"handValue":0.1034,"percentBets_1":0.0916030534351145},"output":{"chips":1}},
{"input":{"Win":0.15267175572519084,"Lose":0,"myCurrBet":0.06666666666666667,"step":0.75,"position":1,"bluff":0,"handValue":0.1029,"percentBets_1":0.15267175572519084},"output":{"chips":0.5}},
{"input":{"Win":0.07207207207207207,"Lose":0,"myCurrBet":0.013333333333333334,"step":0,"position":1,"bluff":1,"percentBets_1":0.036036036036036036,"handValue":0.1},"output":{"chips":0.5}},
{"input":{"Win":0.07207207207207207,"Lose":0,"myCurrBet":0.013333333333333334,"step":0.25,"position":1,"bluff":0,"handValue":0.40000007120200004,"percentBets_1":0.07207207207207207},"output":{"chips":0.5}},
{"input":{"Win":0.07207207207207207,"Lose":0,"myCurrBet":0.02666666666666667,"step":0.5,"position":1,"bluff":0,"handValue":0.400000071208,"percentBets_1":0.07207207207207207},"output":{"chips":0.5}},
{"input":{"Win":0.07207207207207207,"Lose":0,"myCurrBet":0.02666666666666667,"step":0.75,"position":1,"bluff":0,"handValue":0.400000071208,"percentBets_1":0.07207207207207207},"output":{"chips":0.5}},
{"input":{"Win":0.11650485436893204,"Lose":0,"myCurrBet":0.013333333333333334,"step":0,"position":1,"bluff":0,"percentBets_1":0.07766990291262135,"handValue":0.601106},"output":{"chips":1}},
{"input":{"Win":0.11650485436893204,"Lose":0,"myCurrBet":0.04,"step":0.5,"position":1,"bluff":0,"handValue":0.300000090111,"percentBets_1":0.11650485436893204},"output":{"chips":0.5}},
{"input":{"Win":0.11650485436893204,"Lose":0,"myCurrBet":0.04,"step":0.25,"position":1,"bluff":0,"handValue":0.10260000000000001,"percentBets_1":0.11650485436893204},"output":{"chips":0.5}},
{"input":{"Win":0.11650485436893204,"Lose":0,"myCurrBet":0.04,"step":0.75,"position":1,"bluff":0,"handValue":0.300000090111,"percentBets_1":0.11650485436893204},"output":{"chips":0.5}},
{"input":{"Win":0,"Lose":0.04,"myCurrBet":0.04,"step":0.25,"position":1,"bluff":0,"handValue":0.1032,"percentBets_1":0.13186813186813187},"output":{"chips":0.5}},
{"input":{"Win":0,"Lose":0.04,"myCurrBet":0.04,"step":0.5,"position":1,"bluff":0,"handValue":0.500000000011,"percentBets_1":0.13186813186813187},"output":{"chips":0.5}},
{"input":{"Win":0,"Lose":0.04,"myCurrBet":0.013333333333333334,"step":0,"position":1,"bluff":1,"percentBets_1":0.08791208791208792,"handValue":0.1018},"output":{"chips":1}},
{"input":{"Win":0,"Lose":0.04,"myCurrBet":0.04,"step":0.75,"position":1,"bluff":0,"handValue":0.500000000011,"percentBets_1":0.13186813186813187},"output":{"chips":0}},
{"input":{"Win":0.11650485436893204,"Lose":0,"myCurrBet":0.04,"step":0.25,"position":1,"bluff":0,"handValue":0.1044,"percentBets_1":0.11650485436893204},"output":{"chips":0.5}},
{"input":{"Win":0.11650485436893204,"Lose":0,"myCurrBet":0.013333333333333334,"step":0,"position":1,"bluff":0,"percentBets_1":0.07766990291262135,"handValue":0.60111},"output":{"chips":1}},
{"input":{"Win":0.11650485436893204,"Lose":0,"myCurrBet":0.04,"step":0.75,"position":1,"bluff":0,"handValue":0.10360000000000001,"percentBets_1":0.11650485436893204},"output":{"chips":0.5}},
{"input":{"Win":0.11650485436893204,"Lose":0,"myCurrBet":0.04,"step":0.5,"position":1,"bluff":0,"handValue":0.1034,"percentBets_1":0.11650485436893204},"output":{"chips":0.5}},
{"input":{"Win":0.13186813186813187,"Lose":0,"myCurrBet":0.013333333333333334,"step":0,"position":1,"bluff":0,"percentBets_1":0.08791208791208792,"handValue":0.1019},"output":{"chips":1}},
{"input":{"Win":0.13186813186813187,"Lose":0,"myCurrBet":0.04,"step":0.25,"position":1,"bluff":0,"handValue":0.10360000000000001,"percentBets_1":0.13186813186813187},"output":{"chips":0.5}},
{"input":{"Win":0.13186813186813187,"Lose":0,"myCurrBet":0.04,"step":0.75,"position":1,"bluff":0,"handValue":0.1033,"percentBets_1":0.13186813186813187},"output":{"chips":0.5}},
{"input":{"Win":0.13186813186813187,"Lose":0,"myCurrBet":0.04,"step":0.5,"position":1,"bluff":1,"handValue":0.1029,"percentBets_1":0.13186813186813187},"output":{"chips":0.5}},
{"input":{"Win":0,"Lose":0.04,"myCurrBet":0.013333333333333334,"step":0,"position":1,"bluff":0,"percentBets_1":0.10126582278481013,"handValue":0.1019},"output":{"chips":1}},
{"input":{"Win":0,"Lose":0.04,"myCurrBet":0.04,"step":0.25,"position":1,"bluff":0,"handValue":0.10310000000000001,"percentBets_1":0.1518987341772152},"output":{"chips":0.5}},
{"input":{"Win":0,"Lose":0.04,"myCurrBet":0.04,"step":0.5,"position":1,"bluff":0,"handValue":0.1042,"percentBets_1":0.1518987341772152},"output":{"chips":0.5}},
{"input":{"Win":0,"Lose":0.04,"myCurrBet":0.04,"step":0.75,"position":1,"bluff":0,"handValue":0.10550000000000001,"percentBets_1":0.1518987341772152},"output":{"chips":0.5}},
{"input":{"Win":0,"Lose":0.02666666666666667,"myCurrBet":0.02666666666666667,"step":0.25,"position":1,"bluff":0,"handValue":0.10310000000000001,"percentBets_1":0.08791208791208792},"output":{"chips":0.5}},
{"input":{"Win":0,"Lose":0.02666666666666667,"myCurrBet":0.02666666666666667,"step":0.5,"position":1,"bluff":0,"handValue":0.1042,"percentBets_1":0.08791208791208792},"output":{"chips":0.5}},
{"input":{"Win":0,"Lose":0.02666666666666667,"myCurrBet":0.02666666666666667,"step":0.75,"position":1,"bluff":0,"handValue":0.10360000000000001,"percentBets_1":0.08791208791208792},"output":{"chips":0.5}},
{"input":{"Win":0,"Lose":0.02666666666666667,"myCurrBet":0.013333333333333334,"step":0,"position":1,"bluff":0,"percentBets_1":0.08791208791208792,"handValue":0.6006009999999999},"output":{"chips":0.5}},
{"input":{"Win":0.25252525252525254,"Lose":0,"myCurrBet":0.016666666666666666,"step":0,"position":1,"bluff":0,"percentBets_1":0.10101010101010101,"handValue":0.101},"output":{"chips":1}},
{"input":{"Win":0.25252525252525254,"Lose":0,"myCurrBet":0.05,"step":0.25,"position":1,"bluff":1,"handValue":0.10360000000000001,"percentBets_1":0.15151515151515152},"output":{"chips":0.5}},
{"input":{"Win":0.25252525252525254,"Lose":0,"myCurrBet":0.05,"step":0.5,"position":1,"bluff":1,"handValue":0.1038,"percentBets_1":0.20202020202020202},"output":{"chips":1}},
{"input":{"Win":0.25252525252525254,"Lose":0,"myCurrBet":0.05,"step":0.5,"position":1,"bluff":0,"handValue":0.1038,"percentBets_1":0.15151515151515152},"output":{"chips":0.5}},
{"input":{"Win":0.25252525252525254,"Lose":0,"myCurrBet":0.08333333333333333,"step":0.75,"position":1,"bluff":0,"handValue":0.6013110905019999,"percentBets_1":0.25252525252525254},"output":{"chips":0}},
{"input":{"Win":0.13513513513513514,"Lose":0,"myCurrBet":0.016666666666666666,"step":0,"position":1,"bluff":1,"percentBets_1":0.06756756756756757,"handValue":0.1017},"output":{"chips":0.5}},
{"input":{"Win":0.13513513513513514,"Lose":0,"myCurrBet":0.03333333333333333,"step":0.5,"position":1,"bluff":0,"handValue":0.1037,"percentBets_1":0.13513513513513514},"output":{"chips":0.5}},
{"input":{"Win":0.13513513513513514,"Lose":0,"myCurrBet":0.016666666666666666,"step":0.25,"position":1,"bluff":0,"handValue":0.10260000000000001,"percentBets_1":0.13513513513513514},"output":{"chips":0.5}},
{"input":{"Win":0.13513513513513514,"Lose":0,"myCurrBet":0.03333333333333333,"step":0.75,"position":1,"bluff":0,"handValue":0.1028,"percentBets_1":0.13513513513513514},"output":{"chips":0.5}},
{"input":{"Win":0,"Lose":0.03333333333333333,"myCurrBet":0.016666666666666666,"step":0,"position":1,"bluff":1,"percentBets_1":0.15625,"handValue":0.1008},"output":{"chips":0.5}},
{"input":{"Win":0,"Lose":0.03333333333333333,"myCurrBet":0.03333333333333333,"step":0.25,"position":1,"bluff":0,"handValue":0.10160000000000001,"percentBets_1":0.15625},"output":{"chips":0.5}},
{"input":{"Win":0,"Lose":0.03333333333333333,"myCurrBet":0.03333333333333333,"step":0.5,"position":1,"bluff":0,"handValue":0.10210000000000001,"percentBets_1":0.15625},"output":{"chips":0.5}},
{"input":{"Win":0,"Lose":0.03333333333333333,"myCurrBet":0.03333333333333333,"step":0.75,"position":1,"bluff":0,"handValue":0.1033,"percentBets_1":0.15625},"output":{"chips":0.5}},
{"input":{"Win":0.13513513513513514,"Lose":0,"myCurrBet":0.016666666666666666,"step":0,"position":1,"bluff":0,"percentBets_1":0.13513513513513514,"handValue":0.1009},"output":{"chips":0.5}},
{"input":{"Win":0.13513513513513514,"Lose":0,"myCurrBet":0.03333333333333333,"step":0.25,"position":1,"bluff":0,"handValue":0.1018,"percentBets_1":0.13513513513513514},"output":{"chips":0.5}},
{"input":{"Win":0.13513513513513514,"Lose":0,"myCurrBet":0.03333333333333333,"step":0.75,"position":1,"bluff":0,"handValue":0.10410000000000001,"percentBets_1":0.13513513513513514},"output":{"chips":0.5}},
{"input":{"Win":0.13513513513513514,"Lose":0,"myCurrBet":0.03333333333333333,"step":0.5,"position":1,"bluff":0,"handValue":0.10300000000000001,"percentBets_1":0.13513513513513514},"output":{"chips":0.5}},
{"input":{"Win":0.234375,"Lose":0,"myCurrBet":0.05,"step":0.5,"position":1,"bluff":0,"handValue":0.300000121103,"percentBets_1":0.234375},"output":{"chips":0.5}},
{"input":{"Win":0.234375,"Lose":0,"myCurrBet":0.05,"step":0.75,"position":1,"bluff":0,"handValue":0.300000121103,"percentBets_1":0.234375},"output":{"chips":0}},
{"input":{"Win":0.234375,"Lose":0,"myCurrBet":0.016666666666666666,"step":0,"position":1,"bluff":0,"percentBets_1":0.15625,"handValue":0.1015},"output":{"chips":0.5}},
{"input":{"Win":0.234375,"Lose":0,"myCurrBet":0.03333333333333333,"step":0.25,"position":1,"bluff":1,"handValue":0.300000121103,"percentBets_1":0.15625},"output":{"chips":1}},
{"input":{"Win":0,"Lose":0.03333333333333333,"myCurrBet":0.016666666666666666,"step":0.25,"position":1,"bluff":1,"handValue":0.10250000000000001,"percentBets_1":0.20408163265306123},"output":{"chips":0.5}},
{"input":{"Win":0,"Lose":0.03333333333333333,"myCurrBet":0.016666666666666666,"step":0,"position":1,"bluff":0,"percentBets_1":0.10204081632653061,"handValue":0.600807},"output":{"chips":0.5}},
{"input":{"Win":0,"Lose":0.03333333333333333,"myCurrBet":0.03333333333333333,"step":0.75,"position":1,"bluff":0,"handValue":0.10410000000000001,"percentBets_1":0.20408163265306123},"output":{"chips":0.5}},
{"input":{"Win":0,"Lose":0.03333333333333333,"myCurrBet":0.03333333333333333,"step":0.5,"position":1,"bluff":0,"handValue":0.1037,"percentBets_1":0.20408163265306123},"output":{"chips":0.5}},
{"input":{"Win":0,"Lose":0.05,"myCurrBet":0.03333333333333333,"step":0.5,"position":1,"bluff":0,"handValue":0.10400000000000001,"percentBets_1":0.2542372881355932},"output":{"chips":0.5}},
{"input":{"Win":0,"Lose":0.05,"myCurrBet":0.05,"step":0.75,"position":1,"bluff":0,"handValue":0.10490000000000001,"percentBets_1":0.2542372881355932},"output":{"chips":0.5}},
{"input":{"Win":0,"Lose":0.05,"myCurrBet":0.03333333333333333,"step":0.25,"position":1,"bluff":0,"handValue":0.1028,"percentBets_1":0.1694915254237288},"output":{"chips":0.5}},
{"input":{"Win":0,"Lose":0.05,"myCurrBet":0.016666666666666666,"step":0,"position":1,"bluff":0,"percentBets_1":0.1694915254237288,"handValue":0.1014},"output":{"chips":0.5}},
{"input":{"Win":0,"Lose":0,"myCurrBet":0.016666666666666666,"step":0,"position":1,"bluff":0,"percentBets_1":0.13513513513513514,"handValue":0.600804},"output":{"chips":0.5}},
{"input":{"Win":0,"Lose":0,"myCurrBet":0.03333333333333333,"step":0.25,"position":1,"bluff":0,"handValue":0.1033,"percentBets_1":0.13513513513513514},"output":{"chips":0.5}},
{"input":{"Win":0,"Lose":0,"myCurrBet":0.03333333333333333,"step":0.5,"position":1,"bluff":0,"handValue":0.1042,"percentBets_1":0.13513513513513514},"output":{"chips":0.5}},
{"input":{"Win":0,"Lose":0,"myCurrBet":0.05,"step":0.75,"position":1,"bluff":0,"handValue":0.1038,"percentBets_1":0.2702702702702703},"output":{"chips":0}},
{"input":{"Win":0,"Lose":0,"myCurrBet":0.03333333333333333,"step":0.75,"position":1,"bluff":1,"handValue":0.1038,"percentBets_1":0.13513513513513514},"output":{"chips":1}},
{"input":{"Win":0,"Lose":0,"myCurrBet":0.016666666666666666,"step":0,"position":1,"bluff":0,"percentBets_1":0.056179775280898875,"handValue":0.10070000000000001},"output":{"chips":1}},
{"input":{"Win":0,"Lose":0,"myCurrBet":0.05,"step":0.5,"position":1,"bluff":1,"handValue":0.1028,"percentBets_1":0.16853932584269662},"output":{"chips":0.5}},
{"input":{"Win":0,"Lose":0,"myCurrBet":0.05,"step":0.25,"position":1,"bluff":0,"handValue":0.1019,"percentBets_1":0.16853932584269662},"output":{"chips":0.5}},
{"input":{"Win":0,"Lose":0,"myCurrBet":0.05,"step":0.75,"position":1,"bluff":0,"handValue":0.300000060111,"percentBets_1":0.16853932584269662},"output":{"chips":0.5}},
{"input":{"Win":0,"Lose":0,"myCurrBet":0.03333333333333333,"step":0,"position":1,"bluff":1,"handValue":0.10070000000000001,"percentBets_1":0.16853932584269662},"output":{"chips":0.5}},
{"input":{"Win":0,"Lose":0.03333333333333333,"myCurrBet":0.03333333333333333,"step":0.75,"position":1,"bluff":1,"handValue":0.10540000000000001,"percentBets_1":0.13513513513513514},"output":{"chips":0.5}},
{"input":{"Win":0,"Lose":0.03333333333333333,"myCurrBet":0.03333333333333333,"step":0.25,"position":1,"bluff":0,"handValue":0.1042,"percentBets_1":0.13513513513513514},"output":{"chips":0.5}},
{"input":{"Win":0,"Lose":0.03333333333333333,"myCurrBet":0.016666666666666666,"step":0,"position":1,"bluff":0,"percentBets_1":0.13513513513513514,"handValue":0.10110000000000001},"output":{"chips":0.5}},
{"input":{"Win":0,"Lose":0.03333333333333333,"myCurrBet":0.03333333333333333,"step":0.5,"position":1,"bluff":0,"handValue":0.1052,"percentBets_1":0.13513513513513514},"output":{"chips":0.5}},
{"input":{"Win":0.23809523809523808,"Lose":0,"myCurrBet":0.05,"step":0.5,"position":1,"bluff":1,"handValue":0.30000013020599997,"percentBets_1":0.17857142857142858},"output":{"chips":1}},
{"input":{"Win":0.23809523809523808,"Lose":0,"myCurrBet":0.05,"step":0.25,"position":1,"bluff":1,"handValue":0.30000013020099997,"percentBets_1":0.17857142857142858},"output":{"chips":0.5}},
{"input":{"Win":0.23809523809523808,"Lose":0,"myCurrBet":0.06666666666666667,"step":0.75,"position":1,"bluff":1,"handValue":0.30000013021099997,"percentBets_1":0.23809523809523808},"output":{"chips":0.5}},
{"input":{"Win":0.23809523809523808,"Lose":0,"myCurrBet":0.016666666666666666,"step":0,"position":1,"bluff":0,"percentBets_1":0.11904761904761904,"handValue":0.1015},"output":{"chips":1}},
{"input":{"Win":0,"Lose":0.03333333333333333,"myCurrBet":0.016666666666666666,"step":0,"position":1,"bluff":0,"percentBets_1":0.15625,"handValue":0.10120000000000001},"output":{"chips":0.5}},
{"input":{"Win":0,"Lose":0.03333333333333333,"myCurrBet":0.03333333333333333,"step":0.25,"position":1,"bluff":0,"handValue":0.1028,"percentBets_1":0.15625},"output":{"chips":0.5}},
{"input":{"Win":0,"Lose":0.03333333333333333,"myCurrBet":0.03333333333333333,"step":0.5,"position":1,"bluff":1,"handValue":0.10400000000000001,"percentBets_1":0.15625},"output":{"chips":0.5}},
{"input":{"Win":0,"Lose":0.03333333333333333,"myCurrBet":0.03333333333333333,"step":0.75,"position":1,"bluff":0,"handValue":0.10450000000000001,"percentBets_1":0.15625},"output":{"chips":0.5}},
{"input":{"Win":0.13513513513513514,"Lose":0,"myCurrBet":0.016666666666666666,"step":0,"position":1,"bluff":0,"percentBets_1":0.13513513513513514,"handValue":0.1},"output":{"chips":0.5}},
{"input":{"Win":0.13513513513513514,"Lose":0,"myCurrBet":0.03333333333333333,"step":0.25,"position":1,"bluff":1,"handValue":0.1017,"percentBets_1":0.13513513513513514},"output":{"chips":0.5}},
{"input":{"Win":0.13513513513513514,"Lose":0,"myCurrBet":0.03333333333333333,"step":0.75,"position":1,"bluff":0,"handValue":0.300000130709,"percentBets_1":0.13513513513513514},"output":{"chips":0.5}},
{"input":{"Win":0.13513513513513514,"Lose":0,"myCurrBet":0.03333333333333333,"step":0.5,"position":1,"bluff":0,"handValue":0.10250000000000001,"percentBets_1":0.13513513513513514},"output":{"chips":0.5}},
{"input":{"Win":0.234375,"Lose":0,"myCurrBet":0.016666666666666666,"step":0,"position":1,"bluff":1,"percentBets_1":0.15625,"handValue":0.1003},"output":{"chips":1}},
{"input":{"Win":0.234375,"Lose":0,"myCurrBet":0.05,"step":0.5,"position":1,"bluff":0,"handValue":0.1028,"percentBets_1":0.234375},"output":{"chips":0.5}},
{"input":{"Win":0.234375,"Lose":0,"myCurrBet":0.05,"step":0.75,"position":1,"bluff":0,"handValue":0.300000050111,"percentBets_1":0.234375},"output":{"chips":0}},
{"input":{"Win":0.234375,"Lose":0,"myCurrBet":0.05,"step":0.25,"position":1,"bluff":0,"handValue":0.1029,"percentBets_1":0.234375},"output":{"chips":0.5}},
{"input":{"Win":0.20408163265306123,"Lose":0,"myCurrBet":0.016666666666666666,"step":0,"position":1,"bluff":0,"percentBets_1":0.20408163265306123,"handValue":0.1014},"output":{"chips":0.5}},
{"input":{"Win":0.20408163265306123,"Lose":0,"myCurrBet":0.03333333333333333,"step":0.25,"position":1,"bluff":0,"handValue":0.10260000000000001,"percentBets_1":0.20408163265306123},"output":{"chips":0.5}},
{"input":{"Win":0.20408163265306123,"Lose":0,"myCurrBet":0.03333333333333333,"step":0.5,"position":1,"bluff":1,"handValue":0.1027,"percentBets_1":0.20408163265306123},"output":{"chips":1}},
{"input":{"Win":0,"Lose":0.03333333333333333,"myCurrBet":0.016666666666666666,"step":0,"position":1,"bluff":0,"percentBets_1":0.2564102564102564,"handValue":0.1014},"output":{"chips":0.5}},
{"input":{"Win":0,"Lose":0.03333333333333333,"myCurrBet":0.03333333333333333,"step":0.25,"position":1,"bluff":0,"handValue":0.1038,"percentBets_1":0.2564102564102564},"output":{"chips":0.5}},
{"input":{"Win":0,"Lose":0.03333333333333333,"myCurrBet":0.03333333333333333,"step":0.5,"position":1,"bluff":0,"handValue":0.1027,"percentBets_1":0.2564102564102564},"output":{"chips":0.5}},
{"input":{"Win":0,"Lose":0.03333333333333333,"myCurrBet":0.03333333333333333,"step":0.75,"position":1,"bluff":0,"handValue":0.10360000000000001,"percentBets_1":0.2564102564102564},"output":{"chips":0.5}},
{"input":{"Win":0.20408163265306123,"Lose":0,"myCurrBet":0.016666666666666666,"step":0,"position":1,"bluff":0,"percentBets_1":0.20408163265306123,"handValue":0.60121},"output":{"chips":0.5}},
{"input":{"Win":0.20408163265306123,"Lose":0,"myCurrBet":0.03333333333333333,"step":0.25,"position":1,"bluff":0,"handValue":0.10210000000000001,"percentBets_1":0.20408163265306123},"output":{"chips":0.5}},
{"input":{"Win":0.20408163265306123,"Lose":0,"myCurrBet":0.03333333333333333,"step":0.75,"position":1,"bluff":1,"handValue":0.10300000000000001,"percentBets_1":0.20408163265306123},"output":{"chips":1}},
{"input":{"Win":0.20408163265306123,"Lose":0,"myCurrBet":0.03333333333333333,"step":0.5,"position":1,"bluff":1,"handValue":0.1023,"percentBets_1":0.20408163265306123},"output":{"chips":0.5}},
{"input":{"Win":0,"Lose":0.08333333333333333,"myCurrBet":0.016666666666666666,"step":0,"position":1,"bluff":0,"percentBets_1":0.2564102564102564,"handValue":0.500000000005},"output":{"chips":0.5}},
{"input":{"Win":0,"Lose":0.08333333333333333,"myCurrBet":0.03333333333333333,"step":0.25,"position":1,"bluff":0,"handValue":0.1027,"percentBets_1":0.38461538461538464},"output":{"chips":1}},
{"input":{"Win":0,"Lose":0.08333333333333333,"myCurrBet":0.06666666666666667,"step":0.5,"position":1,"bluff":0,"handValue":0.1029,"percentBets_1":0.5128205128205128},"output":{"chips":1}},
{"input":{"Win":0,"Lose":0.08333333333333333,"myCurrBet":0.08333333333333333,"step":0.75,"position":1,"bluff":1,"handValue":0.10400000000000001,"percentBets_1":0.6410256410256411},"output":{"chips":0.5}},
{"input":{"Win":0,"Lose":0,"myCurrBet":0.016666666666666666,"step":0,"position":1,"bluff":0,"percentBets_1":0.15625,"handValue":0.1},"output":{"chips":0.5}},
{"input":{"Win":0,"Lose":0,"myCurrBet":0.03333333333333333,"step":0.25,"position":1,"bluff":0,"handValue":0.400000021101,"percentBets_1":0.15625},"output":{"chips":0.5}},
{"input":{"Win":0,"Lose":0,"myCurrBet":0.03333333333333333,"step":0.5,"position":1,"bluff":0,"handValue":0.400000021104,"percentBets_1":0.234375},"output":{"chips":0}},
{"input":{"Win":0,"Lose":0,"myCurrBet":0.016666666666666666,"step":0,"position":1,"bluff":0,"percentBets_1":0.13513513513513514,"handValue":0.1019},"output":{"chips":0.5}},
{"input":{"Win":0,"Lose":0,"myCurrBet":0.03333333333333333,"step":0.5,"position":1,"bluff":0,"handValue":0.30000010091199997,"percentBets_1":0.13513513513513514},"output":{"chips":0.5}},
{"input":{"Win":0,"Lose":0,"myCurrBet":0.03333333333333333,"step":0.25,"position":1,"bluff":1,"handValue":0.10250000000000001,"percentBets_1":0.13513513513513514},"output":{"chips":0.5}},
{"input":{"Win":0,"Lose":0,"myCurrBet":0.03333333333333333,"step":0.75,"position":1,"bluff":0,"handValue":0.300000100913,"percentBets_1":0.13513513513513514},"output":{"chips":0.5}},
{"input":{"Win":0.15625,"Lose":0,"myCurrBet":0.03333333333333333,"step":0.25,"position":1,"bluff":1,"handValue":0.1047,"percentBets_1":0.15625},"output":{"chips":0.5}},
{"input":{"Win":0.15625,"Lose":0,"myCurrBet":0.016666666666666666,"step":0,"position":1,"bluff":0,"percentBets_1":0.15625,"handValue":0.6013109999999999},"output":{"chips":0.5}},
{"input":{"Win":0.15625,"Lose":0,"myCurrBet":0.03333333333333333,"step":0.5,"position":1,"bluff":1,"handValue":0.10540000000000001,"percentBets_1":0.15625},"output":{"chips":1}},
{"input":{"Win":0,"Lose":0,"myCurrBet":0.016666666666666666,"step":0,"position":1,"bluff":0,"percentBets_1":0.18518518518518517,"handValue":0.101},"output":{"chips":0.5}},
{"input":{"Win":0,"Lose":0,"myCurrBet":0.05,"step":0.5,"position":1,"bluff":0,"handValue":0.1023,"percentBets_1":0.37037037037037035},"output":{"chips":0}},
{"input":{"Win":0,"Lose":0,"myCurrBet":0.03333333333333333,"step":0.5,"position":1,"bluff":1,"handValue":0.1023,"percentBets_1":0.18518518518518517},"output":{"chips":1}},
{"input":{"Win":0,"Lose":0,"myCurrBet":0.03333333333333333,"step":0.25,"position":1,"bluff":0,"handValue":0.1027,"percentBets_1":0.18518518518518517},"output":{"chips":0.5}},
{"input":{"Win":0,"Lose":0.016666666666666666,"myCurrBet":0.016666666666666666,"step":0,"position":1,"bluff":0,"percentBets_1":0.14492753623188406,"handValue":0.101},"output":{"chips":0.5}},
{"input":{"Win":0,"Lose":0.016666666666666666,"myCurrBet":0.03333333333333333,"step":0.25,"position":1,"bluff":0,"handValue":0.1022,"percentBets_1":0.14492753623188406},"output":{"chips":0.5}},
{"input":{"Win":0,"Lose":0.016666666666666666,"myCurrBet":0.03333333333333333,"step":0.75,"position":1,"bluff":0,"handValue":0.30000007031299997,"percentBets_1":0.14492753623188406},"output":{"chips":0.5}},
{"input":{"Win":0,"Lose":0.016666666666666666,"myCurrBet":0.03333333333333333,"step":0.5,"position":1,"bluff":0,"handValue":0.300000070311,"percentBets_1":0.14492753623188406},"output":{"chips":0.5}},
{"input":{"Win":0,"Lose":0.05,"myCurrBet":0.05,"step":0.25,"position":1,"bluff":1,"handValue":0.10210000000000001,"percentBets_1":0.2542372881355932},"output":{"chips":0.5}},
{"input":{"Win":0,"Lose":0.05,"myCurrBet":0.03333333333333333,"step":0,"position":1,"bluff":0,"handValue":0.1008,"percentBets_1":0.2542372881355932},"output":{"chips":0.5}},
{"input":{"Win":0,"Lose":0.05,"myCurrBet":0.05,"step":0.5,"position":1,"bluff":0,"handValue":0.10260000000000001,"percentBets_1":0.2542372881355932},"output":{"chips":0.5}},
{"input":{"Win":0,"Lose":0.05,"myCurrBet":0.016666666666666666,"step":0,"position":1,"bluff":0,"percentBets_1":0.0847457627118644,"handValue":0.1008},"output":{"chips":1}},
{"input":{"Win":0,"Lose":0.05,"myCurrBet":0.05,"step":0.75,"position":1,"bluff":0,"handValue":0.400000101306,"percentBets_1":0.2542372881355932},"output":{"chips":0}},
{"input":{"Win":0,"Lose":0.03333333333333333,"myCurrBet":0.016666666666666666,"step":0,"position":1,"bluff":0,"percentBets_1":0.13513513513513514,"handValue":0.500000000005},"output":{"chips":0.5}},
{"input":{"Win":0,"Lose":0.03333333333333333,"myCurrBet":0.03333333333333333,"step":0.5,"position":1,"bluff":0,"handValue":0.1047,"percentBets_1":0.13513513513513514},"output":{"chips":0.5}},
{"input":{"Win":0,"Lose":0.03333333333333333,"myCurrBet":0.03333333333333333,"step":0.25,"position":1,"bluff":0,"handValue":0.10360000000000001,"percentBets_1":0.13513513513513514},"output":{"chips":0.5}},
{"input":{"Win":0,"Lose":0.03333333333333333,"myCurrBet":0.03333333333333333,"step":0.75,"position":1,"bluff":0,"handValue":0.10410000000000001,"percentBets_1":0.13513513513513514},"output":{"chips":0.5}},
{"input":{"Win":0.23809523809523808,"Lose":0,"myCurrBet":0.05,"step":0.25,"position":1,"bluff":1,"handValue":0.1027,"percentBets_1":0.17857142857142858},"output":{"chips":1}},
{"input":{"Win":0.23809523809523808,"Lose":0,"myCurrBet":0.06666666666666667,"step":0.5,"position":1,"bluff":0,"handValue":0.1029,"percentBets_1":0.23809523809523808},"output":{"chips":0.5}},
{"input":{"Win":0.23809523809523808,"Lose":0,"myCurrBet":0.06666666666666667,"step":0.75,"position":1,"bluff":0,"handValue":0.1042,"percentBets_1":0.23809523809523808},"output":{"chips":0.5}},
{"input":{"Win":0.23809523809523808,"Lose":0,"myCurrBet":0.016666666666666666,"step":0,"position":1,"bluff":0,"percentBets_1":0.11904761904761904,"handValue":0.1017},"output":{"chips":1}},
{"input":{"Win":0,"Lose":0.03333333333333333,"myCurrBet":0.03333333333333333,"step":0.25,"position":1,"bluff":0,"handValue":0.10250000000000001,"percentBets_1":0.15625},"output":{"chips":0.5}},
{"input":{"Win":0,"Lose":0.03333333333333333,"myCurrBet":0.03333333333333333,"step":0.5,"position":1,"bluff":0,"handValue":0.30000012061,"percentBets_1":0.15625},"output":{"chips":0.5}},
{"input":{"Win":0,"Lose":0.03333333333333333,"myCurrBet":0.03333333333333333,"step":0.75,"position":1,"bluff":0,"handValue":0.30000012061,"percentBets_1":0.15625},"output":{"chips":0.5}},
{"input":{"Win":0,"Lose":0.03333333333333333,"myCurrBet":0.016666666666666666,"step":0,"position":1,"bluff":0,"percentBets_1":0.15625,"handValue":0.1},"output":{"chips":0.5}},
{"input":{"Win":0.13513513513513514,"Lose":0,"myCurrBet":0.03333333333333333,"step":0.25,"position":1,"bluff":0,"handValue":0.1042,"percentBets_1":0.13513513513513514},"output":{"chips":0.5}},
{"input":{"Win":0.13513513513513514,"Lose":0,"myCurrBet":0.016666666666666666,"step":0,"position":1,"bluff":1,"percentBets_1":0.13513513513513514,"handValue":0.10210000000000001},"output":{"chips":0.5}},
{"input":{"Win":0.13513513513513514,"Lose":0,"myCurrBet":0.03333333333333333,"step":0.75,"position":1,"bluff":1,"handValue":0.10490000000000001,"percentBets_1":0.13513513513513514},"output":{"chips":1}},
{"input":{"Win":0.13513513513513514,"Lose":0,"myCurrBet":0.03333333333333333,"step":0.5,"position":1,"bluff":0,"handValue":0.1043,"percentBets_1":0.13513513513513514},"output":{"chips":0.5}},
{"input":{"Win":0.15625,"Lose":0,"myCurrBet":0.03333333333333333,"step":0.25,"position":1,"bluff":1,"handValue":0.10400000000000001,"percentBets_1":0.15625},"output":{"chips":0.5}},
{"input":{"Win":0.15625,"Lose":0,"myCurrBet":0.03333333333333333,"step":0.75,"position":1,"bluff":1,"handValue":0.10410000000000001,"percentBets_1":0.15625},"output":{"chips":1}},
{"input":{"Win":0.15625,"Lose":0,"myCurrBet":0.016666666666666666,"step":0,"position":1,"bluff":0,"percentBets_1":0.15625,"handValue":0.6012109999999999},"output":{"chips":0.5}},
{"input":{"Win":0.15625,"Lose":0,"myCurrBet":0.03333333333333333,"step":0.5,"position":1,"bluff":0,"handValue":0.1053,"percentBets_1":0.15625},"output":{"chips":0.5}},
{"input":{"Win":0,"Lose":0.03333333333333333,"myCurrBet":0.016666666666666666,"step":0,"position":1,"bluff":0,"percentBets_1":0.09259259259259259,"handValue":0.600604},"output":{"chips":0.5}},
{"input":{"Win":0,"Lose":0.03333333333333333,"myCurrBet":0.03333333333333333,"step":0.5,"position":1,"bluff":0,"handValue":0.10200000000000001,"percentBets_1":0.18518518518518517},"output":{"chips":0.5}},
{"input":{"Win":0,"Lose":0.03333333333333333,"myCurrBet":0.016666666666666666,"step":0.25,"position":1,"bluff":0,"handValue":0.10310000000000001,"percentBets_1":0.18518518518518517},"output":{"chips":0.5}},
{"input":{"Win":0,"Lose":0.03333333333333333,"myCurrBet":0.03333333333333333,"step":0.75,"position":1,"bluff":0,"handValue":0.1027,"percentBets_1":0.18518518518518517},"output":{"chips":0.5}},
{"input":{"Win":0.234375,"Lose":0,"myCurrBet":0.016666666666666666,"step":0,"position":1,"bluff":0,"percentBets_1":0.15625,"handValue":0.6006049999999999},"output":{"chips":0.5}},
{"input":{"Win":0.234375,"Lose":0,"myCurrBet":0.03333333333333333,"step":0.25,"position":1,"bluff":0,"handValue":0.1023,"percentBets_1":0.15625},"output":{"chips":0.5}},
{"input":{"Win":0.234375,"Lose":0,"myCurrBet":0.03333333333333333,"step":0.5,"position":1,"bluff":0,"handValue":0.10300000000000001,"percentBets_1":0.234375},"output":{"chips":0.5}},
{"input":{"Win":0.234375,"Lose":0,"myCurrBet":0.05,"step":0.75,"position":1,"bluff":0,"handValue":0.1039,"percentBets_1":0.234375},"output":{"chips":0.5}},
{"input":{"Win":0.30612244897959184,"Lose":0,"myCurrBet":0.05,"step":0.75,"position":1,"bluff":0,"handValue":0.1034,"percentBets_1":0.30612244897959184},"output":{"chips":0}},
{"input":{"Win":0.30612244897959184,"Lose":0,"myCurrBet":0.016666666666666666,"step":0,"position":1,"bluff":0,"percentBets_1":0.20408163265306123,"handValue":0.10250000000000001},"output":{"chips":0.5}},
{"input":{"Win":0.30612244897959184,"Lose":0,"myCurrBet":0.03333333333333333,"step":0.5,"position":1,"bluff":0,"handValue":0.1028,"percentBets_1":0.30612244897959184},"output":{"chips":0.5}},
{"input":{"Win":0.30612244897959184,"Lose":0,"myCurrBet":0.03333333333333333,"step":0.25,"position":1,"bluff":0,"handValue":0.10250000000000001,"percentBets_1":0.20408163265306123},"output":{"chips":0.5}},
{"input":{"Win":0,"Lose":0.06666666666666667,"myCurrBet":0.016666666666666666,"step":0,"position":1,"bluff":1,"percentBets_1":0.29411764705882354,"handValue":0.10210000000000001},"output":{"chips":1}},
{"input":{"Win":0,"Lose":0.06666666666666667,"myCurrBet":0.06666666666666667,"step":0.5,"position":1,"bluff":1,"handValue":0.1052,"percentBets_1":0.5882352941176471},"output":{"chips":0.5}},
{"input":{"Win":0,"Lose":0.06666666666666667,"myCurrBet":0.06666666666666667,"step":0.75,"position":1,"bluff":0,"handValue":0.10540000000000001,"percentBets_1":0.5882352941176471},"output":{"chips":0.5}},
{"input":{"Win":0,"Lose":0.06666666666666667,"myCurrBet":0.05,"step":0.25,"position":1,"bluff":0,"handValue":0.10400000000000001,"percentBets_1":0.4411764705882353},"output":{"chips":1}},
{"input":{"Win":0.2777777777777778,"Lose":0,"myCurrBet":0.016666666666666666,"step":0,"position":1,"bluff":0,"percentBets_1":0.18518518518518517,"handValue":0.1009},"output":{"chips":0.5}},
{"input":{"Win":0.2777777777777778,"Lose":0,"myCurrBet":0.05,"step":0.75,"position":1,"bluff":0,"handValue":0.40000001121100004,"percentBets_1":0.2777777777777778},"output":{"chips":0}},
{"input":{"Win":0.2777777777777778,"Lose":0,"myCurrBet":0.03333333333333333,"step":0.25,"position":1,"bluff":0,"handValue":0.1033,"percentBets_1":0.2777777777777778},"output":{"chips":0.5}},
{"input":{"Win":0.2777777777777778,"Lose":0,"myCurrBet":0.05,"step":0.5,"position":1,"bluff":0,"handValue":0.1032,"percentBets_1":0.2777777777777778},"output":{"chips":0.5}},
{"input":{"Win":0.2564102564102564,"Lose":0,"myCurrBet":0.016666666666666666,"step":0,"position":1,"bluff":0,"percentBets_1":0.2564102564102564,"handValue":0.1013},"output":{"chips":0.5}},
{"input":{"Win":0.2564102564102564,"Lose":0,"myCurrBet":0.03333333333333333,"step":0.5,"position":1,"bluff":0,"handValue":0.1044,"percentBets_1":0.2564102564102564},"output":{"chips":0.5}},
{"input":{"Win":0.2564102564102564,"Lose":0,"myCurrBet":0.03333333333333333,"step":0.25,"position":1,"bluff":0,"handValue":0.10400000000000001,"percentBets_1":0.2564102564102564},"output":{"chips":0.5}},
{"input":{"Win":0.2564102564102564,"Lose":0,"myCurrBet":0.03333333333333333,"step":0.75,"position":1,"bluff":0,"handValue":0.10410000000000001,"percentBets_1":0.2564102564102564},"output":{"chips":0.5}},
{"input":{"Win":0.6896551724137931,"Lose":0,"myCurrBet":0.016666666666666666,"step":0,"position":1,"bluff":0,"percentBets_1":0.1724137931034483,"handValue":0.6010019999999999},"output":{"chips":0.5}},
{"input":{"Win":0.6896551724137931,"Lose":0,"myCurrBet":0.06666666666666667,"step":0.75,"position":1,"bluff":1,"handValue":0.10400000000000001,"percentBets_1":0.6896551724137931},"output":{"chips":0.5}},
{"input":{"Win":0.6896551724137931,"Lose":0,"myCurrBet":0.03333333333333333,"step":0.5,"position":1,"bluff":0,"handValue":0.10410000000000001,"percentBets_1":0.5172413793103449},"output":{"chips":1}},
{"input":{"Win":0.6896551724137931,"Lose":0,"myCurrBet":0.016666666666666666,"step":0.25,"position":1,"bluff":0,"handValue":0.1028,"percentBets_1":0.3448275862068966},"output":{"chips":0.5}},
