{"input":{"Win":0,"Lose":0,"myCurrBet":0.03333333333333333,"step":0,"position":0.5,"bluff":0,"handValue":0.10120000000000001,"percentBets_3":0.13333333333333333,"percentBets_4":0.26666666666666666,"percentBets_1":0.26666666666666666},"output":{"chips":1}},
{"input":{"Win":0,"Lose":0,"myCurrBet":0.0033333333333333335,"step":0,"position":0.5,"bluff":0,"percentBets_1":0.04,"handValue":0.10120000000000001,"percentBets_3":0.013333333333333334,"percentBets_4":0.02666666666666667},"output":{"chips":1}},
{"input":{"Win":0,"Lose":0,"myCurrBet":0.013333333333333334,"step":0,"position":0.5,"bluff":0,"handValue":0.10120000000000001,"percentBets_3":0.05333333333333334,"percentBets_4":0.10666666666666667,"percentBets_1":0.12},"output":{"chips":1}},
{"input":{"Win":0,"Lose":0,"myCurrBet":0.07333333333333333,"step":0,"position":0.5,"bluff":0,"handValue":0.10120000000000001,"percentBets_3":0.29333333333333333,"percentBets_4":0.5866666666666667,"percentBets_1":0.5866666666666667},"output":{"chips":0}},
{"input":{"Win":0,"Lose":0.07333333333333333,"myCurrBet":0.0033333333333333335,"step":0,"position":0.5,"bluff":0,"percentBets_1":0.027624309392265192,"handValue":0.601007,"percentBets_3":0.018867924528301886,"percentBets_4":0.15384615384615385},"output":{"chips":1}},
{"input":{"Win":0,"Lose":0.07333333333333333,"myCurrBet":0.02666666666666667,"step":0.75,"position":0.5,"bluff":1,"handValue":0.10500000000000001,"percentBets_3":0.1509433962264151,"percentBets_1":0.04419889502762431},"output":{"chips":0.5}},
{"input":{"Win":0,"Lose":0.07333333333333333,"myCurrBet":0.02666666666666667,"step":0.25,"position":0.5,"bluff":0,"handValue":0.10500000000000001,"percentBets_3":0.1509433962264151,"percentBets_4":0,"percentBets_1":0.04419889502762431},"output":{"chips":0.5}},
{"input":{"Win":0,"Lose":0.07333333333333333,"myCurrBet":0.02666666666666667,"step":0.75,"position":0.5,"bluff":0,"handValue":0.10500000000000001,"percentBets_3":0.1509433962264151,"percentBets_1":0.06077348066298342},"output":{"chips":0}},
{"input":{"Win":0,"Lose":0.07333333333333333,"myCurrBet":0.02666666666666667,"step":0.5,"position":0.5,"bluff":1,"handValue":0.1051,"percentBets_3":0.1509433962264151,"percentBets_1":0.04419889502762431},"output":{"chips":0.5}},
{"input":{"Win":0,"Lose":0.04666666666666667,"myCurrBet":0.0033333333333333335,"step":0,"position":0.5,"bluff":0,"percentBets_1":0.02512562814070352,"handValue":0.1,"percentBets_3":0.022222222222222223,"percentBets_4":0.18181818181818182},"output":{"chips":1}},
{"input":{"Win":0,"Lose":0.04666666666666667,"myCurrBet":0.02,"step":0.5,"position":0.5,"bluff":0,"handValue":0.30000011020899997,"percentBets_3":0.13333333333333333,"percentBets_1":0.03015075376884422},"output":{"chips":0}},
{"input":{"Win":0,"Lose":0.04666666666666667,"myCurrBet":0.02,"step":0.5,"position":0.5,"bluff":0,"handValue":0.30000011020899997,"percentBets_3":0.13333333333333333,"percentBets_1":0.03015075376884422},"output":{"chips":0}},
{"input":{"Win":0,"Lose":0.04666666666666667,"myCurrBet":0.02,"step":0.25,"position":0.5,"bluff":0,"handValue":0.1027,"percentBets_3":0.13333333333333333,"percentBets_4":0,"percentBets_1":0.03015075376884422},"output":{"chips":0.5}},
{"input":{"Win":0.04980842911877394,"Lose":0,"myCurrBet":0.0033333333333333335,"step":0,"position":0.5,"bluff":0,"percentBets_1":0.02072538860103627,"handValue":0.1013,"percentBets_3":0.01694915254237288,"percentBets_4":0.2222222222222222},"output":{"chips":1}},
{"input":{"Win":0.04980842911877394,"Lose":0,"myCurrBet":0.016666666666666666,"step":0.5,"position":0.5,"bluff":1,"handValue":0.1042,"percentBets_3":0.0847457627118644,"percentBets_1":0.025906735751295335},"output":{"chips":1}},
{"input":{"Win":0.04980842911877394,"Lose":0,"myCurrBet":0.016666666666666666,"step":0.5,"position":0.5,"bluff":0,"handValue":0.1042,"percentBets_3":0.0847457627118644,"percentBets_1":0.025906735751295335},"output":{"chips":0}},
{"input":{"Win":0.04980842911877394,"Lose":0,"myCurrBet":0.016666666666666666,"step":0.25,"position":0.5,"bluff":0,"handValue":0.1032,"percentBets_3":0.0847457627118644,"percentBets_4":0,"percentBets_1":0.025906735751295335},"output":{"chips":0.5}},
{"input":{"Win":0.056451612903225805,"Lose":0,"myCurrBet":0.0033333333333333335,"step":0,"position":0.5,"bluff":0,"percentBets_1":0.02127659574468085,"handValue":0.601105,"percentBets_3":0.018867924528301886,"percentBets_4":0.2857142857142857},"output":{"chips":1}},
{"input":{"Win":0.056451612903225805,"Lose":0,"myCurrBet":0.02,"step":0.25,"position":0.5,"bluff":0,"handValue":0.1022,"percentBets_3":0.11320754716981132,"percentBets_4":0,"percentBets_1":0.031914893617021274},"output":{"chips":0.5}},
{"input":{"Win":0.056451612903225805,"Lose":0,"myCurrBet":0.02,"step":0.5,"position":0.5,"bluff":0,"handValue":0.1032,"percentBets_3":0.11320754716981132,"percentBets_1":0.031914893617021274},"output":{"chips":0}},
{"input":{"Win":0.056451612903225805,"Lose":0,"myCurrBet":0.02,"step":0.5,"position":0.5,"bluff":0,"handValue":0.1032,"percentBets_3":0.11320754716981132,"percentBets_1":0.031914893617021274},"output":{"chips":0}},
{"input":{"Win":0,"Lose":0.02,"myCurrBet":0.013333333333333334,"step":0.25,"position":0.5,"bluff":0,"handValue":0.1028,"percentBets_3":0.0851063829787234,"percentBets_4":0,"percentBets_1":0.03296703296703297},"output":{"chips":0.5}},
{"input":{"Win":0,"Lose":0.02,"myCurrBet":0.02,"step":0.5,"position":0.5,"bluff":0,"handValue":0.1032,"percentBets_3":0.1276595744680851,"percentBets_1":0.03296703296703297},"output":{"chips":0}},
{"input":{"Win":0,"Lose":0.02,"myCurrBet":0.0033333333333333335,"step":0,"position":0.5,"bluff":0,"percentBets_1":0.02197802197802198,"handValue":0.10110000000000001,"percentBets_3":0.02127659574468085,"percentBets_4":0.4},"output":{"chips":0.5}},
{"input":{"Win":0,"Lose":0.02,"myCurrBet":0.02,"step":0.5,"position":0.5,"bluff":0,"handValue":0.1032,"percentBets_3":0.1276595744680851,"percentBets_1":0.03296703296703297},"output":{"chips":0}},
{"input":{"Win":0,"Lose":0,"myCurrBet":0.0033333333333333335,"step":0,"position":0.5,"bluff":0,"percentBets_1":0.015306122448979591,"handValue":0.1015,"percentBets_3":0.024390243902439025,"percentBets_4":0.6666666666666666},"output":{"chips":0}},
{"input":{"Win":0,"Lose":0.023333333333333334,"myCurrBet":0.0033333333333333335,"step":0,"position":0.5,"bluff":0,"percentBets_1":0.02,"handValue":0.1015,"percentBets_3":0.025,"percentBets_4":0},"output":{"chips":1}},
{"input":{"Win":0,"Lose":0.023333333333333334,"myCurrBet":0.02,"step":0.5,"position":0.5,"bluff":0,"handValue":0.10250000000000001,"percentBets_3":0.15},"output":{"chips":0}},
{"input":{"Win":0,"Lose":0.023333333333333334,"myCurrBet":0.02,"step":0.5,"position":0.5,"bluff":0,"handValue":0.10250000000000001,"percentBets_3":0.15},"output":{"chips":0}},
{"input":{"Win":0,"Lose":0.023333333333333334,"myCurrBet":0.016666666666666666,"step":0.25,"position":0.5,"bluff":1,"handValue":0.10210000000000001,"percentBets_3":0.125,"percentBets_1":0},"output":{"chips":1}},
{"input":{"Win":0,"Lose":0.02,"myCurrBet":0.0033333333333333335,"step":0,"position":0.5,"bluff":0,"percentBets_1":0.01020408163265306,"handValue":0.1014,"percentBets_3":0.02,"percentBets_4":0},"output":{"chips":1}},
{"input":{"Win":0,"Lose":0.02,"myCurrBet":0.01,"step":0.25,"position":0.5,"bluff":0,"handValue":0.1022,"percentBets_3":0.06,"percentBets_1":0.015306122448979591},"output":{"chips":0.5}},
{"input":{"Win":0,"Lose":0.02,"myCurrBet":0.01,"step":0.25,"position":0.5,"bluff":0,"handValue":0.1022,"percentBets_3":0.06,"percentBets_1":0.030612244897959183},"output":{"chips":0.5}},
{"input":{"Win":0,"Lose":0.02,"myCurrBet":0.02,"step":0.5,"position":0.5,"bluff":0,"handValue":0.1029,"percentBets_3":0.12,"percentBets_1":0.030612244897959183},"output":{"chips":0}},
{"input":{"Win":0,"Lose":0.02,"myCurrBet":0.02,"step":0.5,"position":0.5,"bluff":0,"handValue":0.1029,"percentBets_3":0.12,"percentBets_1":0.030612244897959183},"output":{"chips":0}},
{"input":{"Win":0,"Lose":0.02,"myCurrBet":0.0033333333333333335,"step":0,"position":0.5,"bluff":0,"percentBets_1":0.021052631578947368,"handValue":0.500000000005,"percentBets_3":0.016129032258064516,"percentBets_4":0},"output":{"chips":1}},
{"input":{"Win":0,"Lose":0.02,"myCurrBet":0.02,"step":0.25,"position":0.5,"bluff":0,"handValue":0.1018,"percentBets_3":0.0967741935483871,"percentBets_1":0.031578947368421054},"output":{"chips":0.5}},
{"input":{"Win":0,"Lose":0.02,"myCurrBet":0.02,"step":0.5,"position":0.5,"bluff":0,"handValue":0.300000110305,"percentBets_3":0.0967741935483871,"percentBets_1":0.031578947368421054},"output":{"chips":0}},
{"input":{"Win":0,"Lose":0.02,"myCurrBet":0.02,"step":0.5,"position":0.5,"bluff":0,"handValue":0.300000110305,"percentBets_3":0.0967741935483871,"percentBets_1":0.031578947368421054},"output":{"chips":0}},
{"input":{"Win":0.04633204633204633,"Lose":0,"myCurrBet":0.02,"step":0.25,"position":0.5,"bluff":0,"handValue":0.1039,"percentBets_3":0.10714285714285714,"percentBets_1":0.0297029702970297},"output":{"chips":0.5}},
{"input":{"Win":0.04633204633204633,"Lose":0,"myCurrBet":0.0033333333333333335,"step":0,"position":0.5,"bluff":1,"percentBets_1":0.01485148514851485,"handValue":0.1018,"percentBets_3":0.017857142857142856,"percentBets_4":0},"output":{"chips":1}},
{"input":{"Win":0.04633204633204633,"Lose":0,"myCurrBet":0.02,"step":0.5,"position":0.5,"bluff":0,"handValue":0.1028,"percentBets_3":0.10714285714285714,"percentBets_1":0.0297029702970297},"output":{"chips":0}},
{"input":{"Win":0.04633204633204633,"Lose":0,"myCurrBet":0.02,"step":0.5,"position":0.5,"bluff":0,"handValue":0.1028,"percentBets_3":0.10714285714285714,"percentBets_1":0.0297029702970297},"output":{"chips":0}},
{"input":{"Win":0.04048582995951417,"Lose":0,"myCurrBet":0.0033333333333333335,"step":0,"position":0.5,"bluff":0,"percentBets_1":0.01020408163265306,"handValue":0.600603,"percentBets_3":0.02,"percentBets_4":0},"output":{"chips":1}},
{"input":{"Win":0.04048582995951417,"Lose":0,"myCurrBet":0.016666666666666666,"step":0.5,"position":0.5,"bluff":0,"handValue":0.30000006031299997,"percentBets_3":0.1,"percentBets_1":0.025510204081632654},"output":{"chips":0}},
{"input":{"Win":0.04048582995951417,"Lose":0,"myCurrBet":0.016666666666666666,"step":0.25,"position":0.5,"bluff":0,"handValue":0.30000006031299997,"percentBets_3":0.1,"percentBets_1":0.025510204081632654},"output":{"chips":0.5}},
{"input":{"Win":0.04048582995951417,"Lose":0,"myCurrBet":0.016666666666666666,"step":0.5,"position":0.5,"bluff":0,"handValue":0.30000006031299997,"percentBets_3":0.1,"percentBets_1":0.025510204081632654},"output":{"chips":0}},
{"input":{"Win":0.05907172995780591,"Lose":0,"myCurrBet":0.0033333333333333335,"step":0,"position":0.5,"bluff":1,"percentBets_1":0.020942408376963352,"handValue":0.500000000009,"percentBets_3":0.022222222222222223,"percentBets_4":0},"output":{"chips":1}},
{"input":{"Win":0.05907172995780591,"Lose":0,"myCurrBet":0.023333333333333334,"step":0.5,"position":0.5,"bluff":1,"handValue":0.10250000000000001,"percentBets_3":0.15555555555555556,"percentBets_1":0.03664921465968586},"output":{"chips":0.5}},
{"input":{"Win":0.05907172995780591,"Lose":0,"myCurrBet":0.023333333333333334,"step":0.25,"position":0.5,"bluff":0,"handValue":0.10210000000000001,"percentBets_3":0.15555555555555556,"percentBets_1":0.03664921465968586},"output":{"chips":0.5}},
{"input":{"Win":0.05907172995780591,"Lose":0,"myCurrBet":0.023333333333333334,"step":0.75,"position":0.5,"bluff":1,"handValue":0.10300000000000001,"percentBets_3":0.15555555555555556,"percentBets_1":0.03664921465968586},"output":{"chips":0.5}},
{"input":{"Win":0.03139013452914798,"Lose":0,"myCurrBet":0.0033333333333333335,"step":0,"position":0.5,"bluff":0,"percentBets_1":0.016304347826086956,"handValue":0.1014,"percentBets_3":0.02631578947368421,"percentBets_4":0},"output":{"chips":1}},
{"input":{"Win":0.03139013452914798,"Lose":0,"myCurrBet":0.013333333333333334,"step":0.5,"position":0.5,"bluff":0,"handValue":0.1029,"percentBets_3":0.10526315789473684},"output":{"chips":0.5}},
{"input":{"Win":0.03139013452914798,"Lose":0,"myCurrBet":0.013333333333333334,"step":0.75,"position":0.5,"bluff":0,"handValue":0.300000111013,"percentBets_3":0.10526315789473684},"output":{"chips":0}},
{"input":{"Win":0.03139013452914798,"Lose":0,"myCurrBet":0.013333333333333334,"step":0.25,"position":0.5,"bluff":1,"handValue":0.1039,"percentBets_3":0.10526315789473684,"percentBets_1":0},"output":{"chips":0.5}},
{"input":{"Win":0.046296296296296294,"Lose":0,"myCurrBet":0.016666666666666666,"step":0.25,"position":0.5,"bluff":0,"handValue":0.1017,"percentBets_3":0.14705882352941177,"percentBets_1":0.027624309392265192},"output":{"chips":0.5}},
{"input":{"Win":0.046296296296296294,"Lose":0,"myCurrBet":0.0033333333333333335,"step":0,"position":0.5,"bluff":0,"percentBets_1":0.016574585635359115,"handValue":0.600704,"percentBets_3":0.029411764705882353,"percentBets_4":0},"output":{"chips":1}},
{"input":{"Win":0.046296296296296294,"Lose":0,"myCurrBet":0.016666666666666666,"step":0.5,"position":0.5,"bluff":0,"handValue":0.30000007031,"percentBets_3":0.14705882352941177,"percentBets_1":0.027624309392265192},"output":{"chips":0}},
{"input":{"Win":0.046296296296296294,"Lose":0,"myCurrBet":0.016666666666666666,"step":0.5,"position":0.5,"bluff":0,"handValue":0.30000007031,"percentBets_3":0.14705882352941177,"percentBets_1":0.027624309392265192},"output":{"chips":0}},
{"input":{"Win":0.1553398058252427,"Lose":0,"myCurrBet":0.006666666666666667,"step":0,"position":0.5,"bluff":0,"percentBets_1":0.045454545454545456,"handValue":0.6005039999999999,"percentBets_3":0.06896551724137931,"percentBets_4":0},"output":{"chips":1}},
{"input":{"Win":0.1553398058252427,"Lose":0,"myCurrBet":0.04,"step":0.25,"position":0.5,"bluff":0,"handValue":0.6013070504019999,"percentBets_3":0.41379310344827586,"percentBets_1":0.06818181818181818},"output":{"chips":0}},
{"input":{"Win":0.1553398058252427,"Lose":0,"myCurrBet":0.04,"step":0.25,"position":0.5,"bluff":1,"handValue":0.6013070504019999,"percentBets_3":0.41379310344827586,"percentBets_1":0.09090909090909091},"output":{"chips":0.5}},
{"input":{"Win":0.1553398058252427,"Lose":0,"myCurrBet":0.05333333333333334,"step":0.5,"position":0.5,"bluff":0,"handValue":0.601309070504,"percentBets_3":0.5517241379310345,"percentBets_1":0.09090909090909091},"output":{"chips":0}},
{"input":{"Win":0.1553398058252427,"Lose":0,"myCurrBet":0.05333333333333334,"step":0.5,"position":0.5,"bluff":1,"handValue":0.601309070504,"percentBets_3":0.5517241379310345,"percentBets_1":0.09090909090909091},"output":{"chips":0.5}},
{"input":{"Win":0.09195402298850575,"Lose":0,"myCurrBet":0.006666666666666667,"step":0,"position":0.5,"bluff":0,"percentBets_1":0.05,"handValue":0.1018,"percentBets_3":0.15384615384615385,"percentBets_4":0},"output":{"chips":0.5}},
{"input":{"Win":0.09195402298850575,"Lose":0,"myCurrBet":0.02666666666666667,"step":0.25,"position":0.5,"bluff":0,"handValue":0.400000051309,"percentBets_3":0.6153846153846154,"percentBets_1":0.05},"output":{"chips":0}},
{"input":{"Win":0.09195402298850575,"Lose":0,"myCurrBet":0.02666666666666667,"step":0.25,"position":0.5,"bluff":0,"handValue":0.400000051309,"percentBets_3":0.6153846153846154,"percentBets_1":0.05},"output":{"chips":0}},
{"input":{"Win":0.09195402298850575,"Lose":0,"myCurrBet":0.02666666666666667,"step":0.25,"position":0.5,"bluff":0,"handValue":0.400000051309,"percentBets_3":0.6153846153846154,"percentBets_1":0.05},"output":{"chips":0}},
{"input":{"Win":0.0189873417721519,"Lose":0,"myCurrBet":0.006666666666666667,"step":0,"position":0.5,"bluff":0,"percentBets_1":0,"handValue":0.101,"percentBets_3":0.4,"percentBets_4":0},"output":{"chips":0.5}},
{"input":{"Win":0.0189873417721519,"Lose":0,"myCurrBet":0.006666666666666667,"step":0.25,"position":0.5,"bluff":0,"handValue":0.10200000000000001,"percentBets_3":0.4},"output":{"chips":0}},
{"input":{"Win":0.0189873417721519,"Lose":0,"myCurrBet":0.006666666666666667,"step":0.25,"position":0.5,"bluff":0,"handValue":0.10200000000000001,"percentBets_3":0.4},"output":{"chips":0}},
{"input":{"Win":0.0189873417721519,"Lose":0,"myCurrBet":0.006666666666666667,"step":0.25,"position":0.5,"bluff":0,"handValue":0.10250000000000001,"percentBets_3":0.4},"output":{"chips":0}},
{"input":{"Win":0,"Lose":0,"myCurrBet":0.006666666666666667,"step":0,"position":0.5,"bluff":0,"percentBets_1":0,"handValue":0.500000000009,"percentBets_3":0.6666666666666666,"percentBets_4":0},"output":{"chips":0}},
{"input":{"Win":0,"Lose":0.013333333333333334,"myCurrBet":0.006666666666666667,"step":0.25,"position":0.5,"bluff":0,"handValue":0.1019,"percentBets_3":0.3333333333333333},"output":{"chips":0}},
{"input":{"Win":0,"Lose":0.013333333333333334,"myCurrBet":0.006666666666666667,"step":0.25,"position":0.5,"bluff":0,"handValue":0.300000120408,"percentBets_3":0.3333333333333333},"output":{"chips":0}},
{"input":{"Win":0,"Lose":0.013333333333333334,"myCurrBet":0.006666666666666667,"step":0.25,"position":0.5,"bluff":0,"handValue":0.1019,"percentBets_3":0.3333333333333333},"output":{"chips":0}},
{"input":{"Win":0,"Lose":0.013333333333333334,"myCurrBet":0.006666666666666667,"step":0,"position":0.5,"bluff":0,"percentBets_1":0,"handValue":0.1015,"percentBets_3":0.3333333333333333,"percentBets_4":0},"output":{"chips":0.5}},
{"input":{"Win":0.1069182389937107,"Lose":0,"myCurrBet":0.006666666666666667,"step":0,"position":0.5,"bluff":0,"percentBets_1":0.053691275167785234,"handValue":0.101,"percentBets_3":0.2222222222222222,"percentBets_4":0},"output":{"chips":0.5}},
{"input":{"Win":0.1069182389937107,"Lose":0,"myCurrBet":0.02666666666666667,"step":0.25,"position":0.5,"bluff":0,"handValue":0.10310000000000001,"percentBets_3":0.8888888888888888,"percentBets_1":0.053691275167785234},"output":{"chips":0}},
{"input":{"Win":0.1069182389937107,"Lose":0,"myCurrBet":0.02666666666666667,"step":0.25,"position":0.5,"bluff":0,"handValue":0.1022,"percentBets_3":0.8888888888888888,"percentBets_1":0.053691275167785234},"output":{"chips":0}},
{"input":{"Win":0.1069182389937107,"Lose":0,"myCurrBet":0.02666666666666667,"step":0.25,"position":0.5,"bluff":0,"handValue":0.10310000000000001,"percentBets_3":0.8888888888888888,"percentBets_1":0.053691275167785234},"output":{"chips":0}},
{"input":{"Win":0.14084507042253522,"Lose":0,"myCurrBet":0.006666666666666667,"step":0,"position":0.6666666666666666,"bluff":0,"percentBets_1":0.05673758865248227,"handValue":0.1013,"percentBets_3":0},"output":{"chips":1}},
{"input":{"Win":0.14084507042253522,"Lose":0,"myCurrBet":0.06666666666666667,"step":0.5,"position":0.6666666666666666,"bluff":0,"handValue":0.10500000000000001,"percentBets_1":0.14184397163120568},"output":{"chips":0.5}},
{"input":{"Win":0.14084507042253522,"Lose":0,"myCurrBet":0.06666666666666667,"step":0.25,"position":0.6666666666666666,"bluff":0,"handValue":0.1038,"percentBets_1":0.14184397163120568},"output":{"chips":0.5}},
{"input":{"Win":0.14084507042253522,"Lose":0,"myCurrBet":0.04666666666666667,"step":0,"position":0.6666666666666666,"bluff":0,"handValue":0.1013,"percentBets_1":0.1276595744680851},"output":{"chips":1}},
{"input":{"Win":0.14084507042253522,"Lose":0,"myCurrBet":0.06666666666666667,"step":0.75,"position":0.6666666666666666,"bluff":0,"handValue":0.1052,"percentBets_1":0.14184397163120568},"output":{"chips":0}},
{"input":{"Win":0.14754098360655737,"Lose":0,"myCurrBet":0.006666666666666667,"step":0,"position":0.6666666666666666,"bluff":0,"percentBets_1":0.03305785123966942,"handValue":0.500000000009,"percentBets_3":0},"output":{"chips":1}},
{"input":{"Win":0.14754098360655737,"Lose":0,"myCurrBet":0.06,"step":0.5,"position":0.6666666666666666,"bluff":0,"handValue":0.1022,"percentBets_1":0.1487603305785124},"output":{"chips":1}},
{"input":{"Win":0.14754098360655737,"Lose":0,"myCurrBet":0.03333333333333333,"step":0.25,"position":0.6666666666666666,"bluff":0,"handValue":0.1027,"percentBets_1":0.09917355371900827},"output":{"chips":1}},
{"input":{"Win":0.14754098360655737,"Lose":0,"myCurrBet":0.02,"step":0,"position":0.6666666666666666,"bluff":1,"handValue":0.500000000009,"percentBets_1":0.08264462809917356},"output":{"chips":0.5}},
{"input":{"Win":0.25,"Lose":0,"myCurrBet":0.006666666666666667,"step":0,"position":0.6666666666666666,"bluff":0,"percentBets_1":0.07766990291262135,"handValue":0.10120000000000001,"percentBets_3":0},"output":{"chips":1}},
{"input":{"Win":0.25,"Lose":0,"myCurrBet":0.04666666666666667,"step":0,"position":0.6666666666666666,"bluff":0,"handValue":0.10120000000000001,"percentBets_1":0.1941747572815534},"output":{"chips":1}},
{"input":{"Win":0.25,"Lose":0,"myCurrBet":0.08666666666666667,"step":0.25,"position":0.6666666666666666,"bluff":0,"handValue":0.1027,"percentBets_1":0.2524271844660194},"output":{"chips":1}},
{"input":{"Win":0.3333333333333333,"Lose":0,"myCurrBet":0.006666666666666667,"step":0,"position":0.6666666666666666,"bluff":0,"percentBets_1":0.07792207792207792,"handValue":0.10070000000000001,"percentBets_3":0},"output":{"chips":1}},
{"input":{"Win":0.3333333333333333,"Lose":0,"myCurrBet":0.03333333333333333,"step":0,"position":0.6666666666666666,"bluff":0,"handValue":0.10070000000000001,"percentBets_1":0.2077922077922078},"output":{"chips":1}},
{"input":{"Win":0.3333333333333333,"Lose":0,"myCurrBet":0.08666666666666667,"step":0.25,"position":0.6666666666666666,"bluff":1,"handValue":0.1015,"percentBets_1":0.33766233766233766},"output":{"chips":1}},
{"input":{"Win":0.3333333333333333,"Lose":0,"myCurrBet":0.06,"step":0,"position":0.6666666666666666,"bluff":0,"handValue":0.10070000000000001,"percentBets_1":0.3116883116883117},"output":{"chips":1}},
{"input":{"Win":0,"Lose":0,"myCurrBet":0.03333333333333333,"step":0,"position":0.6666666666666666,"bluff":0,"handValue":0.600801,"percentBets_1":0.3137254901960784},"output":{"chips":1}},
{"input":{"Win":0,"Lose":0,"myCurrBet":0.06666666666666667,"step":0,"position":0.6666666666666666,"bluff":0,"handValue":0.600801,"percentBets_1":0.5098039215686274},"output":{"chips":0}},
{"input":{"Win":0,"Lose":0,"myCurrBet":0.006666666666666667,"step":0,"position":0.6666666666666666,"bluff":1,"percentBets_1":0.1568627450980392,"handValue":0.600801,"percentBets_3":0},"output":{"chips":1}},
{"input":{"Win":0.07692307692307693,"Lose":0,"myCurrBet":0.08,"step":0.25,"position":0.6666666666666666,"bluff":0,"handValue":0.1028,"percentBets_1":0.3380281690140845},"output":{"chips":1}},
{"input":{"Win":0.07692307692307693,"Lose":0,"myCurrBet":0.006666666666666667,"step":0,"position":0.6666666666666666,"bluff":0,"percentBets_1":0.056338028169014086,"handValue":0.1018,"percentBets_3":0},"output":{"chips":1}},
{"input":{"Win":0.07692307692307693,"Lose":0,"myCurrBet":0.02666666666666667,"step":0,"position":0.6666666666666666,"bluff":0,"handValue":0.1018,"percentBets_1":0.14084507042253522},"output":{"chips":1}},
{"input":{"Win":0.07692307692307693,"Lose":0,"myCurrBet":0.04666666666666667,"step":0,"position":0.6666666666666666,"bluff":0,"handValue":0.1018,"percentBets_1":0.28169014084507044},"output":{"chips":1}},
{"input":{"Win":0,"Lose":0,"myCurrBet":0.006666666666666667,"step":0,"position":0.6666666666666666,"bluff":0,"percentBets_1":0.1702127659574468,"handValue":0.6012029999999999,"percentBets_3":0},"output":{"chips":1}},
{"input":{"Win":0,"Lose":0,"myCurrBet":0.03333333333333333,"step":0,"position":0.6666666666666666,"bluff":1,"handValue":0.6012029999999999,"percentBets_1":0.2978723404255319},"output":{"chips":1}},
{"input":{"Win":0,"Lose":0,"myCurrBet":0.06,"step":0,"position":0.6666666666666666,"bluff":0,"handValue":0.6012029999999999,"percentBets_1":0.46808510638297873},"output":{"chips":0}},
{"input":{"Win":0,"Lose":0.013333333333333334,"myCurrBet":0.006666666666666667,"step":0,"position":0.6666666666666666,"bluff":0,"percentBets_1":0.09230769230769231,"handValue":0.1019,"percentBets_3":0},"output":{"chips":1}},
{"input":{"Win":0,"Lose":0.013333333333333334,"myCurrBet":0.04,"step":0,"position":0.6666666666666666,"bluff":1,"handValue":0.1019,"percentBets_1":0.2153846153846154},"output":{"chips":0.5}},
{"input":{"Win":0,"Lose":0.013333333333333334,"myCurrBet":0.04666666666666667,"step":0.25,"position":0.6666666666666666,"bluff":0,"handValue":0.40000002110800004,"percentBets_1":0.2153846153846154},"output":{"chips":1}},
{"input":{"Win":0,"Lose":0,"myCurrBet":0.006666666666666667,"step":0,"position":0.6666666666666666,"bluff":0,"percentBets_1":0.1568627450980392,"handValue":0.601007,"percentBets_3":0},"output":{"chips":1}},
{"input":{"Win":0,"Lose":0,"myCurrBet":0.03333333333333333,"step":0,"position":0.6666666666666666,"bluff":0,"handValue":0.601007,"percentBets_1":0.23529411764705882},"output":{"chips":1}},
{"input":{"Win":0,"Lose":0,"myCurrBet":0.05333333333333334,"step":0,"position":0.6666666666666666,"bluff":0,"handValue":0.601007,"percentBets_1":0.35294117647058826},"output":{"chips":0}},
{"input":{"Win":0.2692307692307692,"Lose":0,"myCurrBet":0.01,"step":0,"position":0.6666666666666666,"bluff":0,"percentBets_1":0.04477611940298507,"handValue":0.10110000000000001,"percentBets_3":0},"output":{"chips":1}},
{"input":{"Win":0.2692307692307692,"Lose":0,"myCurrBet":0.05,"step":0.25,"position":0.6666666666666666,"bluff":0,"handValue":0.1022,"percentBets_1":0.3582089552238806},"output":{"chips":1}},
{"input":{"Win":0.2692307692307692,"Lose":0,"myCurrBet":0.1,"step":0.5,"position":0.6666666666666666,"bluff":0,"handValue":0.40000004090700003,"percentBets_1":0.44776119402985076},"output":{"chips":0}},
{"input":{"Win":0.2692307692307692,"Lose":0,"myCurrBet":0.1,"step":0.5,"position":0.6666666666666666,"bluff":0,"handValue":0.40000004090700003,"percentBets_1":0.44776119402985076},"output":{"chips":0}},
{"input":{"Win":0.2692307692307692,"Lose":0,"myCurrBet":0.02,"step":0.25,"position":0.6666666666666666,"bluff":0,"handValue":0.1022,"percentBets_1":0.08955223880597014},"output":{"chips":1}},
{"input":{"Win":0.47368421052631576,"Lose":0,"myCurrBet":0.01,"step":0,"position":0.6666666666666666,"bluff":1,"percentBets_1":0.24324324324324326,"handValue":0.600904,"percentBets_3":0},"output":{"chips":1}},
{"input":{"Win":0.47368421052631576,"Lose":0,"myCurrBet":0.04,"step":0,"position":0.6666666666666666,"bluff":1,"handValue":0.600904,"percentBets_1":0.4864864864864865},"output":{"chips":0.5}},
{"input":{"Win":0.47368421052631576,"Lose":0,"myCurrBet":0.06,"step":0.5,"position":0.6666666666666666,"bluff":1,"handValue":0.1022,"percentBets_1":0.4864864864864865},"output":{"chips":0.5}},
{"input":{"Win":0.47368421052631576,"Lose":0,"myCurrBet":0.06,"step":0.25,"position":0.6666666666666666,"bluff":0,"handValue":0.1032,"percentBets_1":0.4864864864864865},"output":{"chips":0.5}},
{"input":{"Win":0.47368421052631576,"Lose":0,"myCurrBet":0.06,"step":0.5,"position":0.6666666666666666,"bluff":0,"handValue":0.1022,"percentBets_1":0.4864864864864865},"output":{"chips":0}},
{"input":{"Win":0,"Lose":0,"myCurrBet":0.01,"step":0,"position":0.6666666666666666,"bluff":0,"percentBets_1":0.3157894736842105,"handValue":0.500000000009,"percentBets_3":0},"output":{"chips":1}},
{"input":{"Win":0,"Lose":0,"myCurrBet":0.05,"step":0,"position":0.6666666666666666,"bluff":0,"handValue":0.500000000009,"percentBets_1":1},"output":{"chips":0}},
{"input":{"Win":0,"Lose":0.1,"myCurrBet":0.01,"step":0,"position":0.6666666666666666,"bluff":0,"percentBets_1":0.35294117647058826,"handValue":0.10110000000000001,"percentBets_3":0},"output":{"chips":1}},
{"input":{"Win":0,"Lose":0.1,"myCurrBet":0.05,"step":0.25,"position":0.6666666666666666,"bluff":0,"handValue":0.400000041001,"percentBets_1":0.4411764705882353},"output":{"chips":0.5}},
{"input":{"Win":0,"Lose":0.1,"myCurrBet":0.05,"step":0.5,"position":0.6666666666666666,"bluff":0,"handValue":0.70000000041,"percentBets_1":0.4411764705882353},"output":{"chips":0}},
{"input":{"Win":0,"Lose":0.1,"myCurrBet":0.05,"step":0.5,"position":0.6666666666666666,"bluff":0,"handValue":0.70000000041,"percentBets_1":0.4411764705882353},"output":{"chips":0}},
{"input":{"Win":0.48,"Lose":0,"myCurrBet":0.06,"step":0,"position":0.6666666666666666,"bluff":0,"handValue":0.1013,"percentBets_1":0.42857142857142855},"output":{"chips":1}},
{"input":{"Win":0.48,"Lose":0,"myCurrBet":0.01,"step":0,"position":0.6666666666666666,"bluff":0,"percentBets_1":0.24489795918367346,"handValue":0.1013,"percentBets_3":0},"output":{"chips":1}},
{"input":{"Win":0.48,"Lose":0,"myCurrBet":0.08,"step":0.25,"position":0.6666666666666666,"bluff":0,"handValue":0.1024,"percentBets_1":0.4897959183673469},"output":{"chips":0}},
{"input":{"Win":0.48,"Lose":0,"myCurrBet":0.08,"step":0.25,"position":0.6666666666666666,"bluff":0,"handValue":0.1037,"percentBets_1":0.4897959183673469},"output":{"chips":0}},
{"input":{"Win":0.48,"Lose":0,"myCurrBet":0.08,"step":0.25,"position":0.6666666666666666,"bluff":0,"handValue":0.1024,"percentBets_1":0.4897959183673469},"output":{"chips":0}},
{"input":{"Win":0,"Lose":0,"myCurrBet":0.01,"step":0,"position":0.6666666666666666,"bluff":0,"percentBets_1":0.24,"handValue":0.1009,"percentBets_3":0},"output":{"chips":1}},
{"input":{"Win":0,"Lose":0,"myCurrBet":0.04,"step":0,"position":0.6666666666666666,"bluff":0,"handValue":0.1009,"percentBets_1":0.72},"output":{"chips":0}},
{"input":{"Win":0,"Lose":0.04,"myCurrBet":0.01,"step":0,"position":0.6666666666666666,"bluff":1,"percentBets_1":0.24324324324324326,"handValue":0.10110000000000001,"percentBets_3":0},"output":{"chips":1}},
{"input":{"Win":0,"Lose":0.04,"myCurrBet":0.05,"step":0,"position":0.6666666666666666,"bluff":0,"handValue":0.10110000000000001,"percentBets_1":0.5675675675675675},"output":{"chips":0}},
{"input":{"Win":0.39473684210526316,"Lose":0,"myCurrBet":0.03,"step":0,"position":0.6666666666666666,"bluff":0,"handValue":0.1009,"percentBets_1":0.23076923076923078},"output":{"chips":1}},
{"input":{"Win":0.39473684210526316,"Lose":0,"myCurrBet":0.07,"step":0.25,"position":0.6666666666666666,"bluff":0,"handValue":0.1018,"percentBets_1":0.40384615384615385},"output":{"chips":1}},
{"input":{"Win":0.39473684210526316,"Lose":0,"myCurrBet":0.01,"step":0,"position":0.6666666666666666,"bluff":0,"percentBets_1":0.11538461538461539,"handValue":0.1009,"percentBets_3":0},"output":{"chips":1}},
{"input":{"Win":0.39473684210526316,"Lose":0,"myCurrBet":0.1,"step":0.5,"position":0.6666666666666666,"bluff":0,"handValue":0.10300000000000001,"percentBets_1":0.5769230769230769},"output":{"chips":0}},
{"input":{"Win":0.39473684210526316,"Lose":0,"myCurrBet":0.1,"step":0.5,"position":0.6666666666666666,"bluff":1,"handValue":0.10300000000000001,"percentBets_1":0.5769230769230769},"output":{"chips":1}},
{"input":{"Win":0.9565217391304348,"Lose":0,"myCurrBet":0.07,"step":0.25,"position":0.6666666666666666,"bluff":0,"handValue":0.400000031106,"percentBets_1":0.9545454545454546},"output":{"chips":0}},
{"input":{"Win":0.9565217391304348,"Lose":0,"myCurrBet":0.01,"step":0,"position":0.6666666666666666,"bluff":1,"percentBets_1":0.5454545454545454,"handValue":0.1,"percentBets_3":0},"output":{"chips":1}},
{"input":{"Win":0.9565217391304348,"Lose":0,"myCurrBet":0.07,"step":0.25,"position":0.6666666666666666,"bluff":0,"handValue":0.400000031106,"percentBets_1":0.9545454545454546},"output":{"chips":0}},
{"input":{"Win":0.9565217391304348,"Lose":0,"myCurrBet":0.07,"step":0.25,"position":0.6666666666666666,"bluff":0,"handValue":0.400000031107,"percentBets_1":0.9545454545454546},"output":{"chips":0}},
