{"input":{"Win":0,"Lose":0,"myCurrBet":0.0033333333333333335,"step":0,"position":0.5,"bluff":0,"percentBets_1":0.05333333333333334,"handValue":0.10160000000000001,"percentBets_3":0.013333333333333334,"percentBets_4":0.02666666666666667},"output":{"chips":1}},
{"input":{"Win":0,"Lose":0,"myCurrBet":0.016666666666666666,"step":0,"position":0.5,"bluff":0,"handValue":0.10160000000000001,"percentBets_3":0.06666666666666667,"percentBets_4":0.06666666666666667,"percentBets_1":0.13333333333333333},"output":{"chips":0.5}},
{"input":{"Win":0,"Lose":0,"myCurrBet":0.03666666666666667,"step":0.25,"position":0.5,"bluff":0,"handValue":0.1043,"percentBets_3":0.14666666666666667,"percentBets_4":0.14666666666666667,"percentBets_1":0.16},"output":{"chips":0}},
{"input":{"Win":0,"Lose":0,"myCurrBet":0.03333333333333333,"step":0.25,"position":0.5,"bluff":0,"handValue":0.1043,"percentBets_3":0.13333333333333333,"percentBets_4":0.13333333333333333,"percentBets_1":0.13333333333333333},"output":{"chips":1}},
{"input":{"Win":0,"Lose":0.056666666666666664,"myCurrBet":0.01,"step":0,"position":0.5,"bluff":0,"handValue":0.10210000000000001,"percentBets_3":0.046875,"percentBets_4":0.047619047619047616,"percentBets_1":0.05504587155963303},"output":{"chips":0.5}},
{"input":{"Win":0,"Lose":0.056666666666666664,"myCurrBet":0.02,"step":0.25,"position":0.5,"bluff":0,"handValue":0.1038,"percentBets_3":0.09375,"percentBets_4":0.09523809523809523,"percentBets_1":0.05504587155963303},"output":{"chips":0.5}},
{"input":{"Win":0,"Lose":0.056666666666666664,"myCurrBet":0.0033333333333333335,"step":0,"position":0.5,"bluff":0,"percentBets_1":0.01834862385321101,"handValue":0.10210000000000001,"percentBets_3":0.015625,"percentBets_4":0.015873015873015872},"output":{"chips":1}},
{"input":{"Win":0,"Lose":0.056666666666666664,"myCurrBet":0.02,"step":0.5,"position":0.5,"bluff":0,"handValue":0.1033,"percentBets_3":0.09375,"percentBets_4":0.09523809523809523,"percentBets_1":0.05504587155963303},"output":{"chips":0}},
{"input":{"Win":0,"Lose":0.056666666666666664,"myCurrBet":0.02,"step":0.5,"position":0.5,"bluff":0,"handValue":0.1033,"percentBets_3":0.09375,"percentBets_4":0.09523809523809523,"percentBets_1":0.05504587155963303},"output":{"chips":0}},
{"input":{"Win":0,"Lose":0.02,"myCurrBet":0.0033333333333333335,"step":0,"position":0.5,"bluff":0,"percentBets_1":0.019417475728155338,"handValue":0.600804,"percentBets_3":0.012195121951219513,"percentBets_4":0.017543859649122806},"output":{"chips":0.5}},
{"input":{"Win":0,"Lose":0.02,"myCurrBet":0.006666666666666667,"step":0.25,"position":0.5,"bluff":1,"handValue":0.10210000000000001,"percentBets_3":0.024390243902439025,"percentBets_4":0.03508771929824561,"percentBets_1":0.019417475728155338},"output":{"chips":1}},
{"input":{"Win":0,"Lose":0.02,"myCurrBet":0.01,"step":0.25,"position":0.5,"bluff":0,"handValue":0.10210000000000001,"percentBets_3":0.036585365853658534,"percentBets_4":0.05263157894736842,"percentBets_1":0.038834951456310676},"output":{"chips":0.5}},
{"input":{"Win":0,"Lose":0.02,"myCurrBet":0.013333333333333334,"step":0.5,"position":0.5,"bluff":1,"handValue":0.1024,"percentBets_3":0.04878048780487805,"percentBets_4":0.07017543859649122,"percentBets_1":0.038834951456310676},"output":{"chips":0.5}},
{"input":{"Win":0,"Lose":0.02,"myCurrBet":0.013333333333333334,"step":0.75,"position":0.5,"bluff":0,"handValue":0.10260000000000001,"percentBets_3":0.04878048780487805,"percentBets_4":0.07017543859649122,"percentBets_1":0.038834951456310676},"output":{"chips":1}},
{"input":{"Win":0,"Lose":0.02,"myCurrBet":0.016666666666666666,"step":0.75,"position":0.5,"bluff":1,"handValue":0.10260000000000001,"percentBets_3":0.06097560975609756,"percentBets_4":0.08771929824561403,"percentBets_1":0.05825242718446602},"output":{"chips":0.5}},
{"input":{"Win":0,"Lose":0.02666666666666667,"myCurrBet":0.01,"step":0,"position":0.5,"bluff":0,"handValue":0.600703,"percentBets_3":0.039473684210526314,"percentBets_4":0.0784313725490196,"percentBets_1":0.06611570247933884},"output":{"chips":0.5}},
{"input":{"Win":0,"Lose":0.02666666666666667,"myCurrBet":0.02666666666666667,"step":0.25,"position":0.5,"bluff":1,"handValue":0.1017,"percentBets_3":0.10526315789473684,"percentBets_4":0.1568627450980392,"percentBets_1":0.06611570247933884},"output":{"chips":0.5}},
{"input":{"Win":0,"Lose":0.02666666666666667,"myCurrBet":0.02666666666666667,"step":0.5,"position":0.5,"bluff":0,"handValue":0.10250000000000001,"percentBets_3":0.10526315789473684,"percentBets_4":0.1568627450980392,"percentBets_1":0.06611570247933884},"output":{"chips":0}},
{"input":{"Win":0,"Lose":0.02666666666666667,"myCurrBet":0.02666666666666667,"step":0.5,"position":0.5,"bluff":0,"handValue":0.10250000000000001,"percentBets_3":0.10526315789473684,"percentBets_4":0.1568627450980392,"percentBets_1":0.06611570247933884},"output":{"chips":0}},
{"input":{"Win":0,"Lose":0.02666666666666667,"myCurrBet":0.0033333333333333335,"step":0,"position":0.5,"bluff":1,"percentBets_1":0.01652892561983471,"handValue":0.600703,"percentBets_3":0.013157894736842105,"percentBets_4":0.0196078431372549},"output":{"chips":1}},
{"input":{"Win":0,"Lose":0.04666666666666667,"myCurrBet":0.0033333333333333335,"step":0,"position":0.5,"bluff":0,"percentBets_1":0.035398230088495575,"handValue":0.500000000003,"percentBets_3":0.01,"percentBets_4":0.046511627906976744},"output":{"chips":1}},
{"input":{"Win":0,"Lose":0.04666666666666667,"myCurrBet":0.04,"step":0.5,"position":0.5,"bluff":0,"handValue":0.40000003080700003,"percentBets_3":0.12,"percentBets_4":0.27906976744186046,"percentBets_1":0.10619469026548672},"output":{"chips":0.5}},
{"input":{"Win":0,"Lose":0.04666666666666667,"myCurrBet":0.03666666666666667,"step":0.25,"position":0.5,"bluff":1,"handValue":0.10160000000000001,"percentBets_3":0.11,"percentBets_4":0.2558139534883721,"percentBets_1":0.10619469026548672},"output":{"chips":0.5}},
{"input":{"Win":0,"Lose":0.04666666666666667,"myCurrBet":0.016666666666666666,"step":0,"position":0.5,"bluff":1,"handValue":0.500000000003,"percentBets_3":0.05,"percentBets_4":0.11627906976744186,"percentBets_1":0.08849557522123894},"output":{"chips":0.5}},
{"input":{"Win":0,"Lose":0.04666666666666667,"myCurrBet":0.04,"step":0.75,"position":0.5,"bluff":1,"handValue":0.40000003080700003,"percentBets_3":0.12,"percentBets_4":0.27906976744186046,"percentBets_1":0.10619469026548672},"output":{"chips":1}},
{"input":{"Win":0,"Lose":0.04666666666666667,"myCurrBet":0.03333333333333333,"step":0.25,"position":0.5,"bluff":0,"handValue":0.10160000000000001,"percentBets_3":0.1,"percentBets_4":0.23255813953488372,"percentBets_1":0.08849557522123894},"output":{"chips":1}},
{"input":{"Win":0,"Lose":0.04666666666666667,"myCurrBet":0.043333333333333335,"step":0.75,"position":0.5,"bluff":0,"handValue":0.40000003080700003,"percentBets_3":0.13,"percentBets_4":0.3023255813953488,"percentBets_1":0.12389380530973451},"output":{"chips":0.5}},
{"input":{"Win":0.14814814814814814,"Lose":0,"myCurrBet":0.0033333333333333335,"step":0,"position":0.5,"bluff":0,"percentBets_1":0.020202020202020204,"handValue":0.1018,"percentBets_3":0.007042253521126761,"percentBets_4":0.034482758620689655},"output":{"chips":1}},
{"input":{"Win":0.14814814814814814,"Lose":0,"myCurrBet":0.01,"step":0,"position":0.5,"bluff":1,"handValue":0.1018,"percentBets_3":0.02112676056338028,"percentBets_4":0.10344827586206896,"percentBets_1":0.06060606060606061},"output":{"chips":0.5}},
{"input":{"Win":0.14814814814814814,"Lose":0,"myCurrBet":0.023333333333333334,"step":0.25,"position":0.5,"bluff":1,"handValue":0.1018,"percentBets_3":0.04929577464788732,"percentBets_4":0.2413793103448276,"percentBets_1":0.08080808080808081},"output":{"chips":0.5}},
{"input":{"Win":0.14814814814814814,"Lose":0,"myCurrBet":0.02666666666666667,"step":0.5,"position":0.5,"bluff":0,"handValue":0.30000008011,"percentBets_3":0.056338028169014086,"percentBets_4":0.27586206896551724,"percentBets_1":0.08080808080808081},"output":{"chips":1}},
{"input":{"Win":0.14814814814814814,"Lose":0,"myCurrBet":0.02,"step":0.25,"position":0.5,"bluff":0,"handValue":0.1018,"percentBets_3":0.04225352112676056,"percentBets_4":0.20689655172413793,"percentBets_1":0.06060606060606061},"output":{"chips":1}},
{"input":{"Win":0.14814814814814814,"Lose":0,"myCurrBet":0.03333333333333333,"step":0.75,"position":0.5,"bluff":0,"handValue":0.30000008011,"percentBets_3":0.07042253521126761,"percentBets_4":0.3448275862068966,"percentBets_1":0.10101010101010101},"output":{"chips":1}},
{"input":{"Win":0.14814814814814814,"Lose":0,"myCurrBet":0.03666666666666667,"step":0.75,"position":0.5,"bluff":0,"handValue":0.30000008011,"percentBets_3":0.07746478873239436,"percentBets_4":0.41379310344827586,"percentBets_1":0.1414141414141414},"output":{"chips":0.5}},
{"input":{"Win":0.14814814814814814,"Lose":0,"myCurrBet":0.03,"step":0.5,"position":0.5,"bluff":0,"handValue":0.30000008011,"percentBets_3":0.06338028169014084,"percentBets_4":0.3103448275862069,"percentBets_1":0.10101010101010101},"output":{"chips":0.5}},
{"input":{"Win":0,"Lose":0.03333333333333333,"myCurrBet":0.0033333333333333335,"step":0,"position":0.5,"bluff":0,"percentBets_1":0.047058823529411764,"handValue":0.10210000000000001,"percentBets_3":0.0078125,"percentBets_4":0.11764705882352941},"output":{"chips":0.5}},
{"input":{"Win":0,"Lose":0.03333333333333333,"myCurrBet":0.016666666666666666,"step":0.25,"position":0.5,"bluff":0,"handValue":0.10200000000000001,"percentBets_3":0.0390625,"percentBets_4":0.29411764705882354,"percentBets_1":0.07058823529411765},"output":{"chips":0.5}},
{"input":{"Win":0,"Lose":0.03333333333333333,"myCurrBet":0.013333333333333334,"step":0.25,"position":0.5,"bluff":0,"handValue":0.10200000000000001,"percentBets_3":0.03125,"percentBets_4":0.23529411764705882,"percentBets_1":0.047058823529411764},"output":{"chips":1}},
{"input":{"Win":0,"Lose":0.03333333333333333,"myCurrBet":0.02,"step":0.5,"position":0.5,"bluff":0,"handValue":0.30000012091,"percentBets_3":0.046875,"percentBets_4":0.35294117647058826,"percentBets_1":0.07058823529411765},"output":{"chips":1}},
{"input":{"Win":0,"Lose":0.03333333333333333,"myCurrBet":0.023333333333333334,"step":0.5,"position":0.5,"bluff":1,"handValue":0.30000012091,"percentBets_3":0.0546875,"percentBets_4":0.4117647058823529,"percentBets_1":0.09411764705882353},"output":{"chips":0.5}},
{"input":{"Win":0,"Lose":0.03333333333333333,"myCurrBet":0.03,"step":0.75,"position":0.5,"bluff":0,"handValue":0.30000012091,"percentBets_3":0.0703125,"percentBets_4":0.5294117647058824,"percentBets_1":0.11764705882352941},"output":{"chips":0.5}},
{"input":{"Win":0,"Lose":0.03333333333333333,"myCurrBet":0.02666666666666667,"step":0.75,"position":0.5,"bluff":0,"handValue":0.30000012091,"percentBets_3":0.0625,"percentBets_4":0.47058823529411764,"percentBets_1":0.09411764705882353},"output":{"chips":1}},
{"input":{"Win":0.175,"Lose":0,"myCurrBet":0.03333333333333333,"step":0,"position":0.5,"bluff":0,"handValue":0.601104,"percentBets_3":0.0847457627118644,"percentBets_4":1,"percentBets_1":0.14035087719298245},"output":{"chips":0.5}},
{"input":{"Win":0.175,"Lose":0,"myCurrBet":0.0033333333333333335,"step":0,"position":0.5,"bluff":0,"percentBets_1":0.03508771929824561,"handValue":0.601104,"percentBets_3":0.00847457627118644,"percentBets_4":0.25},"output":{"chips":1}},
{"input":{"Win":0.175,"Lose":0,"myCurrBet":0.016666666666666666,"step":0,"position":0.5,"bluff":0,"handValue":0.601104,"percentBets_3":0.0423728813559322,"percentBets_4":0.625,"percentBets_1":0.08771929824561403},"output":{"chips":0.5}},
{"input":{"Win":0.175,"Lose":0,"myCurrBet":0.05333333333333334,"step":0.25,"position":0.5,"bluff":0,"handValue":0.1032,"percentBets_3":0.13559322033898305,"percentBets_4":1,"percentBets_1":0.14035087719298245},"output":{"chips":1}},
{"input":{"Win":0.175,"Lose":0,"myCurrBet":0.06,"step":0.75,"position":0.5,"bluff":0,"handValue":0.1042,"percentBets_3":0.15254237288135594},"output":{"chips":0}},
{"input":{"Win":0.175,"Lose":0,"myCurrBet":0.056666666666666664,"step":0.5,"position":0.5,"bluff":0,"handValue":0.10350000000000001,"percentBets_3":0.1440677966101695,"percentBets_4":1,"percentBets_1":0.14035087719298245},"output":{"chips":1}},
{"input":{"Win":0.06060606060606061,"Lose":0,"myCurrBet":0.0033333333333333335,"step":0,"position":0.6666666666666666,"bluff":0,"percentBets_1":0.02040816326530612,"handValue":0.601206,"percentBets_3":0.01},"output":{"chips":1}},
{"input":{"Win":0.06060606060606061,"Lose":0,"myCurrBet":0.01,"step":0,"position":0.6666666666666666,"bluff":0,"handValue":0.601206,"percentBets_3":0.03,"percentBets_1":0.061224489795918366},"output":{"chips":0.5}},
{"input":{"Win":0.06060606060606061,"Lose":0,"myCurrBet":0.02,"step":0.25,"position":0.6666666666666666,"bluff":0,"handValue":0.1017,"percentBets_3":0.06,"percentBets_1":0.061224489795918366},"output":{"chips":0.5}},
{"input":{"Win":0.06060606060606061,"Lose":0,"myCurrBet":0.02,"step":0.5,"position":0.6666666666666666,"bluff":0,"handValue":0.300000120609,"percentBets_3":0.06,"percentBets_1":0.061224489795918366},"output":{"chips":0}},
{"input":{"Win":0.06060606060606061,"Lose":0,"myCurrBet":0.02,"step":0.5,"position":0.6666666666666666,"bluff":0,"handValue":0.300000120609,"percentBets_3":0.06,"percentBets_1":0.061224489795918366},"output":{"chips":0}},
{"input":{"Win":0,"Lose":0.02,"myCurrBet":0.02,"step":0.5,"position":0.6666666666666666,"bluff":0,"handValue":0.1038,"percentBets_3":0.06382978723404255,"percentBets_1":0.06521739130434782},"output":{"chips":0.5}},
{"input":{"Win":0,"Lose":0.02,"myCurrBet":0.0033333333333333335,"step":0,"position":0.6666666666666666,"bluff":0,"percentBets_1":0.021739130434782608,"handValue":0.600801,"percentBets_3":0.010638297872340425},"output":{"chips":1}},
{"input":{"Win":0,"Lose":0.02,"myCurrBet":0.01,"step":0,"position":0.6666666666666666,"bluff":0,"handValue":0.600801,"percentBets_3":0.031914893617021274,"percentBets_1":0.06521739130434782},"output":{"chips":0.5}},
{"input":{"Win":0,"Lose":0.02,"myCurrBet":0.02,"step":0.25,"position":0.6666666666666666,"bluff":0,"handValue":0.10350000000000001,"percentBets_3":0.06382978723404255,"percentBets_1":0.06521739130434782},"output":{"chips":0.5}},
{"input":{"Win":0,"Lose":0.02,"myCurrBet":0.02,"step":0.75,"position":0.6666666666666666,"bluff":0,"handValue":0.1033,"percentBets_3":0.06382978723404255,"percentBets_1":0.06521739130434782},"output":{"chips":0}},
{"input":{"Win":0.0625,"Lose":0,"myCurrBet":0.0033333333333333335,"step":0,"position":0.6666666666666666,"bluff":0,"percentBets_1":0.023255813953488372,"handValue":0.601008,"percentBets_3":0.009433962264150943},"output":{"chips":1}},
{"input":{"Win":0.0625,"Lose":0,"myCurrBet":0.02,"step":0.25,"position":0.6666666666666666,"bluff":0,"handValue":0.10500000000000001,"percentBets_3":0.05660377358490566,"percentBets_1":0.06976744186046512},"output":{"chips":0.5}},
{"input":{"Win":0.0625,"Lose":0,"myCurrBet":0.01,"step":0,"position":0.6666666666666666,"bluff":1,"handValue":0.601008,"percentBets_3":0.02830188679245283,"percentBets_1":0.06976744186046512},"output":{"chips":0.5}},
{"input":{"Win":0.0625,"Lose":0,"myCurrBet":0.02,"step":0.5,"position":0.6666666666666666,"bluff":0,"handValue":0.10410000000000001,"percentBets_3":0.05660377358490566,"percentBets_1":0.06976744186046512},"output":{"chips":0.5}},
{"input":{"Win":0.0625,"Lose":0,"myCurrBet":0.02,"step":0.75,"position":0.6666666666666666,"bluff":0,"handValue":0.10540000000000001,"percentBets_3":0.05660377358490566,"percentBets_1":0.06976744186046512},"output":{"chips":0}},
{"input":{"Win":0.06666666666666667,"Lose":0,"myCurrBet":0.0033333333333333335,"step":0,"position":0.6666666666666666,"bluff":0,"percentBets_1":0.025,"handValue":0.1018,"percentBets_3":0.01},"output":{"chips":1}},
{"input":{"Win":0.06666666666666667,"Lose":0,"myCurrBet":0.01,"step":0,"position":0.6666666666666666,"bluff":1,"handValue":0.1018,"percentBets_3":0.03,"percentBets_1":0.075},"output":{"chips":0.5}},
{"input":{"Win":0.06666666666666667,"Lose":0,"myCurrBet":0.02,"step":0.75,"position":0.6666666666666666,"bluff":1,"handValue":0.10350000000000001,"percentBets_3":0.06,"percentBets_1":0.075},"output":{"chips":0.5}},
{"input":{"Win":0.06666666666666667,"Lose":0,"myCurrBet":0.02,"step":0.25,"position":0.6666666666666666,"bluff":0,"handValue":0.10310000000000001,"percentBets_3":0.06,"percentBets_1":0.075},"output":{"chips":0.5}},
{"input":{"Win":0.06666666666666667,"Lose":0,"myCurrBet":0.02,"step":0.5,"position":0.6666666666666666,"bluff":0,"handValue":0.10360000000000001,"percentBets_3":0.06,"percentBets_1":0.075},"output":{"chips":0.5}},
{"input":{"Win":0,"Lose":0.02666666666666667,"myCurrBet":0.01,"step":0,"position":0.6666666666666666,"bluff":0,"handValue":0.1017,"percentBets_3":0.031914893617021274,"percentBets_1":0.08108108108108109},"output":{"chips":0.5}},
{"input":{"Win":0,"Lose":0.02666666666666667,"myCurrBet":0.0033333333333333335,"step":0,"position":0.6666666666666666,"bluff":0,"percentBets_1":0.02702702702702703,"handValue":0.1017,"percentBets_3":0.010638297872340425},"output":{"chips":1}},
{"input":{"Win":0,"Lose":0.02666666666666667,"myCurrBet":0.02,"step":0.25,"position":0.6666666666666666,"bluff":1,"handValue":0.1032,"percentBets_3":0.06382978723404255,"percentBets_1":0.08108108108108109},"output":{"chips":1}},
{"input":{"Win":0,"Lose":0.02666666666666667,"myCurrBet":0.02666666666666667,"step":0.75,"position":0.6666666666666666,"bluff":0,"handValue":0.1043,"percentBets_3":0.0851063829787234,"percentBets_1":0.10810810810810811},"output":{"chips":0}},
{"input":{"Win":0,"Lose":0.02666666666666667,"myCurrBet":0.023333333333333334,"step":0.25,"position":0.6666666666666666,"bluff":0,"handValue":0.1032,"percentBets_3":0.07446808510638298,"percentBets_1":0.10810810810810811},"output":{"chips":0.5}},
{"input":{"Win":0,"Lose":0.02666666666666667,"myCurrBet":0.02666666666666667,"step":0.5,"position":0.6666666666666666,"bluff":0,"handValue":0.10450000000000001,"percentBets_3":0.0851063829787234,"percentBets_1":0.10810810810810811},"output":{"chips":0.5}},
{"input":{"Win":0,"Lose":0.02666666666666667,"myCurrBet":0.0033333333333333335,"step":0,"position":0.6666666666666666,"bluff":1,"percentBets_1":0.030303030303030304,"handValue":0.6012029999999999,"percentBets_3":0.00909090909090909},"output":{"chips":1}},
{"input":{"Win":0,"Lose":0.02666666666666667,"myCurrBet":0.01,"step":0,"position":0.6666666666666666,"bluff":0,"handValue":0.6012029999999999,"percentBets_3":0.02727272727272727,"percentBets_1":0.09090909090909091},"output":{"chips":0.5}},
{"input":{"Win":0,"Lose":0.02666666666666667,"myCurrBet":0.02,"step":0.25,"position":0.6666666666666666,"bluff":0,"handValue":0.1032,"percentBets_3":0.05454545454545454,"percentBets_1":0.09090909090909091},"output":{"chips":0.5}},
{"input":{"Win":0,"Lose":0.02666666666666667,"myCurrBet":0.02666666666666667,"step":0.75,"position":0.6666666666666666,"bluff":0,"handValue":0.1048,"percentBets_3":0.07272727272727272,"percentBets_1":0.12121212121212122},"output":{"chips":0}},
{"input":{"Win":0,"Lose":0.02666666666666667,"myCurrBet":0.02,"step":0.5,"position":0.6666666666666666,"bluff":1,"handValue":0.1043,"percentBets_3":0.05454545454545454,"percentBets_1":0.09090909090909091},"output":{"chips":1}},
{"input":{"Win":0,"Lose":0.02666666666666667,"myCurrBet":0.023333333333333334,"step":0.5,"position":0.6666666666666666,"bluff":0,"handValue":0.1043,"percentBets_3":0.06363636363636363,"percentBets_1":0.12121212121212122},"output":{"chips":0.5}},
{"input":{"Win":0,"Lose":0.006666666666666667,"myCurrBet":0.0033333333333333335,"step":0,"position":0.6666666666666666,"bluff":1,"percentBets_1":0.024390243902439025,"handValue":0.601105,"percentBets_3":0.00980392156862745},"output":{"chips":0.5}},
{"input":{"Win":0,"Lose":0.006666666666666667,"myCurrBet":0.006666666666666667,"step":0.5,"position":0.6666666666666666,"bluff":0,"handValue":0.1052,"percentBets_3":0.0196078431372549,"percentBets_1":0.024390243902439025},"output":{"chips":0.5}},
{"input":{"Win":0,"Lose":0.006666666666666667,"myCurrBet":0.006666666666666667,"step":0.75,"position":0.6666666666666666,"bluff":0,"handValue":0.10400000000000001,"percentBets_3":0.0196078431372549,"percentBets_1":0.024390243902439025},"output":{"chips":0.5}},
{"input":{"Win":0,"Lose":0.006666666666666667,"myCurrBet":0.006666666666666667,"step":0.25,"position":0.6666666666666666,"bluff":0,"handValue":0.1044,"percentBets_3":0.0196078431372549,"percentBets_1":0.024390243902439025},"output":{"chips":0.5}},
{"input":{"Win":0,"Lose":0.04,"myCurrBet":0.02,"step":0,"position":0.6666666666666666,"bluff":1,"handValue":0.10160000000000001,"percentBets_3":0.05660377358490566,"percentBets_1":0.15},"output":{"chips":0.5}},
{"input":{"Win":0,"Lose":0.04,"myCurrBet":0.006666666666666667,"step":0,"position":0.6666666666666666,"bluff":0,"percentBets_1":0.05,"handValue":0.10160000000000001,"percentBets_3":0.018867924528301886},"output":{"chips":1}},
{"input":{"Win":0,"Lose":0.04,"myCurrBet":0.04,"step":0.25,"position":0.6666666666666666,"bluff":1,"handValue":0.1048,"percentBets_3":0.11320754716981132,"percentBets_1":0.15},"output":{"chips":0.5}},
{"input":{"Win":0,"Lose":0.04,"myCurrBet":0.04,"step":0.5,"position":0.6666666666666666,"bluff":0,"handValue":0.10550000000000001,"percentBets_3":0.11320754716981132,"percentBets_1":0.15},"output":{"chips":0}},
{"input":{"Win":0,"Lose":0.04,"myCurrBet":0.04,"step":0.5,"position":0.6666666666666666,"bluff":0,"handValue":0.10550000000000001,"percentBets_3":0.11320754716981132,"percentBets_1":0.15},"output":{"chips":0}},
{"input":{"Win":0.16161616161616163,"Lose":0,"myCurrBet":0.006666666666666667,"step":0,"position":0.6666666666666666,"bluff":0,"percentBets_1":0.038461538461538464,"handValue":0.10160000000000001,"percentBets_3":0.02127659574468085},"output":{"chips":1}},
{"input":{"Win":0.16161616161616163,"Lose":0,"myCurrBet":0.04,"step":0.25,"position":0.6666666666666666,"bluff":1,"handValue":0.1028,"percentBets_3":0.1276595744680851,"percentBets_1":0.11538461538461539},"output":{"chips":1}},
{"input":{"Win":0.16161616161616163,"Lose":0,"myCurrBet":0.04666666666666667,"step":0.25,"position":0.6666666666666666,"bluff":1,"handValue":0.1028,"percentBets_3":0.14893617021276595,"percentBets_1":0.15384615384615385},"output":{"chips":0.5}},
{"input":{"Win":0.16161616161616163,"Lose":0,"myCurrBet":0.02,"step":0,"position":0.6666666666666666,"bluff":0,"handValue":0.10160000000000001,"percentBets_3":0.06382978723404255,"percentBets_1":0.11538461538461539},"output":{"chips":0.5}},
{"input":{"Win":0.16161616161616163,"Lose":0,"myCurrBet":0.05333333333333334,"step":0.5,"position":0.6666666666666666,"bluff":1,"handValue":0.10400000000000001,"percentBets_3":0.1702127659574468,"percentBets_1":0.15384615384615385},"output":{"chips":0.5}},
{"input":{"Win":0.16161616161616163,"Lose":0,"myCurrBet":0.05333333333333334,"step":0.5,"position":0.6666666666666666,"bluff":0,"handValue":0.10400000000000001,"percentBets_3":0.1702127659574468,"percentBets_1":0.15384615384615385},"output":{"chips":0}},
{"input":{"Win":0.14457831325301204,"Lose":0,"myCurrBet":0.006666666666666667,"step":0,"position":0.6666666666666666,"bluff":1,"percentBets_1":0.045454545454545456,"handValue":0.1009,"percentBets_3":0.02564102564102564},"output":{"chips":1}},
{"input":{"Win":0.14457831325301204,"Lose":0,"myCurrBet":0.02,"step":0,"position":0.6666666666666666,"bluff":1,"handValue":0.1009,"percentBets_3":0.07692307692307693,"percentBets_1":0.13636363636363635},"output":{"chips":0.5}},
{"input":{"Win":0.14457831325301204,"Lose":0,"myCurrBet":0.04,"step":0.25,"position":0.6666666666666666,"bluff":0,"handValue":0.10250000000000001,"percentBets_3":0.15384615384615385,"percentBets_1":0.13636363636363635},"output":{"chips":0.5}},
{"input":{"Win":0.14457831325301204,"Lose":0,"myCurrBet":0.04,"step":0.5,"position":0.6666666666666666,"bluff":0,"handValue":0.1028,"percentBets_3":0.15384615384615385,"percentBets_1":0.13636363636363635},"output":{"chips":0}},
{"input":{"Win":0.14457831325301204,"Lose":0,"myCurrBet":0.04,"step":0.5,"position":0.6666666666666666,"bluff":0,"handValue":0.1028,"percentBets_3":0.15384615384615385,"percentBets_1":0.13636363636363635},"output":{"chips":0}},
{"input":{"Win":0,"Lose":0,"myCurrBet":0.02,"step":0,"position":0.6666666666666666,"bluff":0,"handValue":0.10210000000000001,"percentBets_3":0.09090909090909091,"percentBets_1":0.15789473684210525},"output":{"chips":0}},
{"input":{"Win":0,"Lose":0,"myCurrBet":0.006666666666666667,"step":0,"position":0.6666666666666666,"bluff":1,"percentBets_1":0.05263157894736842,"handValue":0.10210000000000001,"percentBets_3":0.030303030303030304},"output":{"chips":1}},
{"input":{"Win":0.1267605633802817,"Lose":0,"myCurrBet":0.006666666666666667,"step":0,"position":0.6666666666666666,"bluff":0,"percentBets_1":0.045454545454545456,"handValue":0.10210000000000001,"percentBets_3":0.03333333333333333},"output":{"chips":1}},
{"input":{"Win":0.1267605633802817,"Lose":0,"myCurrBet":0.02,"step":0,"position":0.6666666666666666,"bluff":1,"handValue":0.10210000000000001,"percentBets_3":0.1,"percentBets_1":0.13636363636363635},"output":{"chips":0.5}},
{"input":{"Win":0.1267605633802817,"Lose":0,"myCurrBet":0.04,"step":0.25,"position":0.6666666666666666,"bluff":1,"handValue":0.1037,"percentBets_3":0.2,"percentBets_1":0.13636363636363635},"output":{"chips":0.5}},
{"input":{"Win":0.1267605633802817,"Lose":0,"myCurrBet":0.04,"step":0.25,"position":0.6666666666666666,"bluff":0,"handValue":0.10310000000000001,"percentBets_3":0.2,"percentBets_1":0.13636363636363635},"output":{"chips":0}},
{"input":{"Win":0.1267605633802817,"Lose":0,"myCurrBet":0.04,"step":0.25,"position":0.6666666666666666,"bluff":0,"handValue":0.10310000000000001,"percentBets_3":0.2,"percentBets_1":0.13636363636363635},"output":{"chips":0}},
{"input":{"Win":0,"Lose":0.04,"myCurrBet":0.006666666666666667,"step":0,"position":0.6666666666666666,"bluff":0,"percentBets_1":0.05263157894736842,"handValue":0.1,"percentBets_3":0.041666666666666664},"output":{"chips":1}},
{"input":{"Win":0,"Lose":0.04,"myCurrBet":0.02,"step":0,"position":0.6666666666666666,"bluff":0,"handValue":0.1,"percentBets_3":0.125,"percentBets_1":0.15789473684210525},"output":{"chips":0.5}},
{"input":{"Win":0,"Lose":0.04,"myCurrBet":0.04,"step":0.25,"position":0.6666666666666666,"bluff":0,"handValue":0.10210000000000001,"percentBets_3":0.25,"percentBets_1":0.15789473684210525},"output":{"chips":0}},
{"input":{"Win":0,"Lose":0.04,"myCurrBet":0.04,"step":0.25,"position":0.6666666666666666,"bluff":0,"handValue":0.10210000000000001,"percentBets_3":0.25,"percentBets_1":0.15789473684210525},"output":{"chips":0}},
{"input":{"Win":0,"Lose":0.04,"myCurrBet":0.04,"step":0.25,"position":0.6666666666666666,"bluff":0,"handValue":0.1023,"percentBets_3":0.25,"percentBets_1":0.15789473684210525},"output":{"chips":0}},
{"input":{"Win":0,"Lose":0,"myCurrBet":0.02,"step":0,"position":0.6666666666666666,"bluff":0,"handValue":0.10070000000000001,"percentBets_3":0.08333333333333333,"percentBets_1":0.1875},"output":{"chips":0}},
{"input":{"Win":0,"Lose":0,"myCurrBet":0.006666666666666667,"step":0,"position":0.6666666666666666,"bluff":0,"percentBets_1":0.0625,"handValue":0.10070000000000001,"percentBets_3":0.027777777777777776},"output":{"chips":1}},
{"input":{"Win":0,"Lose":0.02,"myCurrBet":0.006666666666666667,"step":0,"position":0.6666666666666666,"bluff":1,"percentBets_1":0.05263157894736842,"handValue":0.1008,"percentBets_3":0.030303030303030304},"output":{"chips":1}},
{"input":{"Win":0,"Lose":0.02,"myCurrBet":0.02,"step":0,"position":0.6666666666666666,"bluff":0,"handValue":0.1008,"percentBets_3":0.09090909090909091,"percentBets_1":0.15789473684210525},"output":{"chips":0}},
{"input":{"Win":0,"Lose":0.02,"myCurrBet":0.006666666666666667,"step":0,"position":0.6666666666666666,"bluff":0,"percentBets_1":0.045454545454545456,"handValue":0.1,"percentBets_3":0.03333333333333333},"output":{"chips":1}},
{"input":{"Win":0,"Lose":0.02,"myCurrBet":0.02,"step":0,"position":0.6666666666666666,"bluff":0,"handValue":0.1,"percentBets_3":0.1,"percentBets_1":0.13636363636363635},"output":{"chips":0.5}},
{"input":{"Win":0,"Lose":0.02,"myCurrBet":0.04,"step":0.25,"position":0.6666666666666666,"bluff":1,"handValue":0.10200000000000001,"percentBets_3":0.2,"percentBets_1":0.13636363636363635},"output":{"chips":1}},
{"input":{"Win":0,"Lose":0.02,"myCurrBet":0.04666666666666667,"step":0.25,"position":0.6666666666666666,"bluff":0,"handValue":0.10200000000000001,"percentBets_3":0.23333333333333334,"percentBets_1":0.18181818181818182},"output":{"chips":0}},
{"input":{"Win":0,"Lose":0.08666666666666667,"myCurrBet":0.006666666666666667,"step":0,"position":0.6666666666666666,"bluff":0,"percentBets_1":0.034482758620689655,"handValue":0.1009,"percentBets_3":0.043478260869565216},"output":{"chips":1}},
{"input":{"Win":0,"Lose":0.08666666666666667,"myCurrBet":0.04,"step":0.25,"position":0.6666666666666666,"bluff":0,"handValue":0.1034,"percentBets_3":0.2608695652173913,"percentBets_1":0.10344827586206896},"output":{"chips":0}},
{"input":{"Win":0,"Lose":0.08666666666666667,"myCurrBet":0.02,"step":0,"position":0.6666666666666666,"bluff":0,"handValue":0.1009,"percentBets_3":0.13043478260869565,"percentBets_1":0.10344827586206896},"output":{"chips":0.5}},
{"input":{"Win":0,"Lose":0.08666666666666667,"myCurrBet":0.04,"step":0.25,"position":0.6666666666666666,"bluff":0,"handValue":0.1034,"percentBets_3":0.2608695652173913,"percentBets_1":0.10344827586206896},"output":{"chips":0}},
{"input":{"Win":0,"Lose":0.08666666666666667,"myCurrBet":0.04,"step":0.25,"position":0.6666666666666666,"bluff":0,"handValue":0.1028,"percentBets_3":0.2608695652173913,"percentBets_1":0.10344827586206896},"output":{"chips":0}},
{"input":{"Win":0,"Lose":0.04,"myCurrBet":0.006666666666666667,"step":0,"position":0.6666666666666666,"bluff":0,"percentBets_1":0.038461538461538464,"handValue":0.1018,"percentBets_3":0.02857142857142857},"output":{"chips":1}},
{"input":{"Win":0,"Lose":0.04,"myCurrBet":0.02,"step":0,"position":0.6666666666666666,"bluff":0,"handValue":0.1018,"percentBets_3":0.08571428571428572,"percentBets_1":0.11538461538461539},"output":{"chips":0.5}},
{"input":{"Win":0,"Lose":0.04,"myCurrBet":0.04,"step":0.5,"position":0.6666666666666666,"bluff":0,"handValue":0.10490000000000001,"percentBets_3":0.17142857142857143,"percentBets_1":0.11538461538461539},"output":{"chips":0}},
{"input":{"Win":0,"Lose":0.04,"myCurrBet":0.04,"step":0.5,"position":0.6666666666666666,"bluff":0,"handValue":0.10490000000000001,"percentBets_3":0.17142857142857143,"percentBets_1":0.11538461538461539},"output":{"chips":0}},
{"input":{"Win":0,"Lose":0.04,"myCurrBet":0.04,"step":0.25,"position":0.6666666666666666,"bluff":0,"handValue":0.1038,"percentBets_3":0.17142857142857143,"percentBets_1":0.11538461538461539},"output":{"chips":0.5}},
{"input":{"Win":0.12903225806451613,"Lose":0,"myCurrBet":0.02,"step":0,"position":0.6666666666666666,"bluff":0,"handValue":0.1013,"percentBets_3":0.10344827586206896,"percentBets_1":0.09375},"output":{"chips":0.5}},
{"input":{"Win":0.12903225806451613,"Lose":0,"myCurrBet":0.006666666666666667,"step":0,"position":0.6666666666666666,"bluff":0,"percentBets_1":0.03125,"handValue":0.1013,"percentBets_3":0.034482758620689655},"output":{"chips":1}},
{"input":{"Win":0.12903225806451613,"Lose":0,"myCurrBet":0.04,"step":0.25,"position":0.6666666666666666,"bluff":0,"handValue":0.10260000000000001,"percentBets_3":0.20689655172413793,"percentBets_1":0.09375},"output":{"chips":0.5}},
{"input":{"Win":0.12903225806451613,"Lose":0,"myCurrBet":0.04,"step":0.5,"position":0.6666666666666666,"bluff":0,"handValue":0.1029,"percentBets_3":0.20689655172413793,"percentBets_1":0.09375},"output":{"chips":0}},
{"input":{"Win":0.12903225806451613,"Lose":0,"myCurrBet":0.04,"step":0.5,"position":0.6666666666666666,"bluff":0,"handValue":0.1029,"percentBets_3":0.20689655172413793,"percentBets_1":0.09375},"output":{"chips":0}},
{"input":{"Win":0,"Lose":0.04,"myCurrBet":0.04,"step":0.25,"position":0.6666666666666666,"bluff":0,"handValue":0.10400000000000001,"percentBets_3":0.2608695652173913,"percentBets_1":0.10344827586206896},"output":{"chips":0}},
{"input":{"Win":0,"Lose":0.04,"myCurrBet":0.04,"step":0.25,"position":0.6666666666666666,"bluff":0,"handValue":0.10400000000000001,"percentBets_3":0.2608695652173913,"percentBets_1":0.10344827586206896},"output":{"chips":0}},
{"input":{"Win":0,"Lose":0.04,"myCurrBet":0.02,"step":0,"position":0.6666666666666666,"bluff":1,"handValue":0.500000000011,"percentBets_3":0.13043478260869565,"percentBets_1":0.10344827586206896},"output":{"chips":0.5}},
{"input":{"Win":0,"Lose":0.04,"myCurrBet":0.04,"step":0.25,"position":0.6666666666666666,"bluff":0,"handValue":0.1044,"percentBets_3":0.2608695652173913,"percentBets_1":0.10344827586206896},"output":{"chips":0}},
{"input":{"Win":0,"Lose":0.04,"myCurrBet":0.006666666666666667,"step":0,"position":0.6666666666666666,"bluff":1,"percentBets_1":0.034482758620689655,"handValue":0.500000000011,"percentBets_3":0.043478260869565216},"output":{"chips":1}},
{"input":{"Win":0.04597701149425287,"Lose":0,"myCurrBet":0.006666666666666667,"step":0,"position":0.6666666666666666,"bluff":1,"percentBets_1":0.038461538461538464,"handValue":0.1019,"percentBets_3":0.02857142857142857},"output":{"chips":0.5}},
{"input":{"Win":0.04597701149425287,"Lose":0,"myCurrBet":0.013333333333333334,"step":0.25,"position":0.6666666666666666,"bluff":0,"handValue":0.10400000000000001,"percentBets_3":0.05714285714285714,"percentBets_1":0.038461538461538464},"output":{"chips":0.5}},
{"input":{"Win":0.04597701149425287,"Lose":0,"myCurrBet":0.013333333333333334,"step":0.5,"position":0.6666666666666666,"bluff":0,"handValue":0.601109060401,"percentBets_3":0.05714285714285714,"percentBets_1":0.038461538461538464},"output":{"chips":0}},
{"input":{"Win":0.04597701149425287,"Lose":0,"myCurrBet":0.013333333333333334,"step":0.5,"position":0.6666666666666666,"bluff":0,"handValue":0.601109060401,"percentBets_3":0.05714285714285714,"percentBets_1":0.038461538461538464},"output":{"chips":0}},
{"input":{"Win":0.14457831325301204,"Lose":0,"myCurrBet":0.006666666666666667,"step":0,"position":0.6666666666666666,"bluff":1,"percentBets_1":0.04,"handValue":0.1019,"percentBets_3":0.030303030303030304},"output":{"chips":1}},
{"input":{"Win":0.14457831325301204,"Lose":0,"myCurrBet":0.04,"step":0.5,"position":0.6666666666666666,"bluff":0,"handValue":0.1028,"percentBets_3":0.18181818181818182,"percentBets_1":0.12},"output":{"chips":0}},
{"input":{"Win":0.14457831325301204,"Lose":0,"myCurrBet":0.02,"step":0,"position":0.6666666666666666,"bluff":0,"handValue":0.1019,"percentBets_3":0.09090909090909091,"percentBets_1":0.12},"output":{"chips":0.5}},
{"input":{"Win":0.14457831325301204,"Lose":0,"myCurrBet":0.04,"step":0.25,"position":0.6666666666666666,"bluff":0,"handValue":0.10250000000000001,"percentBets_3":0.18181818181818182,"percentBets_1":0.12},"output":{"chips":0.5}},
{"input":{"Win":0.14457831325301204,"Lose":0,"myCurrBet":0.04,"step":0.5,"position":0.6666666666666666,"bluff":0,"handValue":0.1028,"percentBets_3":0.18181818181818182,"percentBets_1":0.12},"output":{"chips":0}},
{"input":{"Win":0,"Lose":0,"myCurrBet":0.01,"step":0,"position":0.6666666666666666,"bluff":0,"percentBets_1":0.06818181818181818,"handValue":0.601205,"percentBets_3":0.05555555555555555},"output":{"chips":1}},
{"input":{"Win":0,"Lose":0,"myCurrBet":0.03,"step":0,"position":0.6666666666666666,"bluff":0,"handValue":0.601205,"percentBets_3":0.16666666666666666,"percentBets_1":0.20454545454545456},"output":{"chips":0}},
{"input":{"Win":0.19014084507042253,"Lose":0,"myCurrBet":0.01,"step":0,"position":0.6666666666666666,"bluff":0,"percentBets_1":0.05660377358490566,"handValue":0.600905,"percentBets_3":0.06666666666666667},"output":{"chips":1}},
{"input":{"Win":0.19014084507042253,"Lose":0,"myCurrBet":0.03,"step":0,"position":0.6666666666666666,"bluff":1,"handValue":0.600905,"percentBets_3":0.2,"percentBets_1":0.16981132075471697},"output":{"chips":0.5}},
{"input":{"Win":0.19014084507042253,"Lose":0,"myCurrBet":0.06,"step":0.25,"position":0.6666666666666666,"bluff":0,"handValue":0.1042,"percentBets_3":0.4,"percentBets_1":0.16981132075471697},"output":{"chips":0}},
{"input":{"Win":0.19014084507042253,"Lose":0,"myCurrBet":0.06,"step":0.25,"position":0.6666666666666666,"bluff":0,"handValue":0.1046,"percentBets_3":0.4,"percentBets_1":0.16981132075471697},"output":{"chips":0}},
{"input":{"Win":0.19014084507042253,"Lose":0,"myCurrBet":0.06,"step":0.25,"position":0.6666666666666666,"bluff":0,"handValue":0.1042,"percentBets_3":0.4,"percentBets_1":0.16981132075471697},"output":{"chips":0}},
{"input":{"Win":0,"Lose":0.02,"myCurrBet":0.02,"step":0.25,"position":0.6666666666666666,"bluff":0,"handValue":0.400000051206,"percentBets_3":0.2222222222222222,"percentBets_1":0.06818181818181818},"output":{"chips":0}},
{"input":{"Win":0,"Lose":0.02,"myCurrBet":0.02,"step":0.75,"position":0.6666666666666666,"bluff":0,"handValue":0.40000005121000004,"percentBets_3":0.2222222222222222,"percentBets_1":0.06818181818181818},"output":{"chips":0}},
{"input":{"Win":0,"Lose":0.02,"myCurrBet":0.01,"step":0,"position":0.6666666666666666,"bluff":0,"percentBets_1":0.06818181818181818,"handValue":0.1,"percentBets_3":0.1111111111111111},"output":{"chips":0.5}},
{"input":{"Win":0,"Lose":0.02,"myCurrBet":0.02,"step":0.25,"position":0.6666666666666666,"bluff":1,"handValue":0.400000051206,"percentBets_3":0.2222222222222222,"percentBets_1":0.06818181818181818},"output":{"chips":0.5}},
{"input":{"Win":0,"Lose":0,"myCurrBet":0.01,"step":0,"position":0.6666666666666666,"bluff":1,"percentBets_1":0.07317073170731707,"handValue":0.6010019999999999,"percentBets_3":0.07692307692307693},"output":{"chips":1}},
{"input":{"Win":0,"Lose":0,"myCurrBet":0.03,"step":0,"position":0.6666666666666666,"bluff":0,"handValue":0.6010019999999999,"percentBets_3":0.23076923076923078,"percentBets_1":0.21951219512195122},"output":{"chips":0}},
{"input":{"Win":0.024793388429752067,"Lose":0,"myCurrBet":0.01,"step":0,"position":0.6666666666666666,"bluff":0,"percentBets_1":0.06,"handValue":0.101,"percentBets_3":0.1},"output":{"chips":0.5}},
{"input":{"Win":0.024793388429752067,"Lose":0,"myCurrBet":0.02,"step":0.75,"position":0.6666666666666666,"bluff":0,"handValue":0.300000090113,"percentBets_3":0.2,"percentBets_1":0.06},"output":{"chips":0}},
{"input":{"Win":0.024793388429752067,"Lose":0,"myCurrBet":0.02,"step":0.25,"position":0.6666666666666666,"bluff":0,"handValue":0.10210000000000001,"percentBets_3":0.2,"percentBets_1":0.06},"output":{"chips":0.5}},
{"input":{"Win":0.024793388429752067,"Lose":0,"myCurrBet":0.02,"step":0.5,"position":0.6666666666666666,"bluff":1,"handValue":0.10310000000000001,"percentBets_3":0.2,"percentBets_1":0.06},"output":{"chips":0.5}},
{"input":{"Win":0,"Lose":0,"myCurrBet":0.01,"step":0,"position":0.6666666666666666,"bluff":0,"percentBets_1":0.06382978723404255,"handValue":0.1017,"percentBets_3":0.125},"output":{"chips":0.5}},
{"input":{"Win":0,"Lose":0,"myCurrBet":0.02,"step":0.25,"position":0.6666666666666666,"bluff":0,"handValue":0.10350000000000001,"percentBets_3":0.25,"percentBets_1":0.06382978723404255},"output":{"chips":0.5}},
{"input":{"Win":0,"Lose":0,"myCurrBet":0.02,"step":0.5,"position":0.6666666666666666,"bluff":1,"handValue":0.10260000000000001,"percentBets_3":0.25,"percentBets_1":0.06382978723404255},"output":{"chips":1}},
{"input":{"Win":0,"Lose":0,"myCurrBet":0.03,"step":0.5,"position":0.6666666666666666,"bluff":0,"handValue":0.10260000000000001,"percentBets_3":0.375,"percentBets_1":0.1276595744680851},"output":{"chips":0}},
{"input":{"Win":0,"Lose":0.05,"myCurrBet":0.01,"step":0,"position":0.6666666666666666,"bluff":0,"percentBets_1":0.05357142857142857,"handValue":0.1017,"percentBets_3":0.2},"output":{"chips":0.5}},
{"input":{"Win":0,"Lose":0.05,"myCurrBet":0.02,"step":0.25,"position":0.6666666666666666,"bluff":1,"handValue":0.1028,"percentBets_3":0.4,"percentBets_1":0.05357142857142857},"output":{"chips":0.5}},
{"input":{"Win":0,"Lose":0.05,"myCurrBet":0.02,"step":0.25,"position":0.6666666666666666,"bluff":0,"handValue":0.1028,"percentBets_3":0.4,"percentBets_1":0.05357142857142857},"output":{"chips":0}},
{"input":{"Win":0,"Lose":0.05,"myCurrBet":0.02,"step":0.75,"position":0.6666666666666666,"bluff":0,"handValue":0.1032,"percentBets_3":0.4,"percentBets_1":0.05357142857142857},"output":{"chips":0}},
{"input":{"Win":0,"Lose":0,"myCurrBet":0.01,"step":0,"position":0.6666666666666666,"bluff":1,"percentBets_1":0.04838709677419355,"handValue":0.1015,"percentBets_3":0.3333333333333333},"output":{"chips":1}},
{"input":{"Win":0,"Lose":0,"myCurrBet":0.03,"step":0,"position":0.6666666666666666,"bluff":0,"handValue":0.1015,"percentBets_3":1,"percentBets_1":0.14516129032258066},"output":{"chips":0}},
{"input":{"Win":0,"Lose":0.05,"myCurrBet":0.01,"step":0,"position":0.6666666666666666,"bluff":0,"percentBets_1":0.05660377358490566,"handValue":0.601101,"percentBets_3":0.08333333333333333},"output":{"chips":0.5}},
{"input":{"Win":0,"Lose":0.05,"myCurrBet":0.02,"step":0.5,"position":0.6666666666666666,"bluff":0,"handValue":0.1044,"percentBets_3":0.16666666666666666,"percentBets_1":0.05660377358490566},"output":{"chips":0.5}},
{"input":{"Win":0,"Lose":0.05,"myCurrBet":0.02,"step":0.25,"position":0.6666666666666666,"bluff":0,"handValue":0.1039,"percentBets_3":0.16666666666666666,"percentBets_1":0.05660377358490566},"output":{"chips":0.5}},
{"input":{"Win":0,"Lose":0.05,"myCurrBet":0.02,"step":0.75,"position":0.6666666666666666,"bluff":0,"handValue":0.1039,"percentBets_3":0.16666666666666666,"percentBets_1":0.05660377358490566},"output":{"chips":0}},
{"input":{"Win":0,"Lose":0,"myCurrBet":0.01,"step":0,"position":0.6666666666666666,"bluff":0,"percentBets_1":0.06,"handValue":0.10120000000000001,"percentBets_3":0.0625},"output":{"chips":1}},
{"input":{"Win":0,"Lose":0,"myCurrBet":0.03,"step":0,"position":0.6666666666666666,"bluff":1,"handValue":0.10120000000000001,"percentBets_3":0.1875,"percentBets_1":0.18},"output":{"chips":0.5}},
{"input":{"Win":0,"Lose":0,"myCurrBet":0.06,"step":0.25,"position":0.6666666666666666,"bluff":1,"handValue":0.1039,"percentBets_3":0.375,"percentBets_1":0.18},"output":{"chips":1}},
{"input":{"Win":0,"Lose":0,"myCurrBet":0.07,"step":0.25,"position":0.6666666666666666,"bluff":0,"handValue":0.1039,"percentBets_3":0.4375,"percentBets_1":0.24},"output":{"chips":0}},
{"input":{"Win":0,"Lose":0.03,"myCurrBet":0.01,"step":0,"position":0.6666666666666666,"bluff":1,"percentBets_1":0.04225352112676056,"handValue":0.10120000000000001,"percentBets_3":0.1111111111111111},"output":{"chips":0.5}},
{"input":{"Win":0,"Lose":0.03,"myCurrBet":0.02,"step":0.25,"position":0.6666666666666666,"bluff":0,"handValue":0.300000130408,"percentBets_3":0.2222222222222222,"percentBets_1":0.04225352112676056},"output":{"chips":0}},
{"input":{"Win":0,"Lose":0.03,"myCurrBet":0.02,"step":0.25,"position":0.6666666666666666,"bluff":0,"handValue":0.300000130408,"percentBets_3":0.2222222222222222,"percentBets_1":0.04225352112676056},"output":{"chips":0}},
{"input":{"Win":0,"Lose":0.03,"myCurrBet":0.02,"step":0.25,"position":0.6666666666666666,"bluff":0,"handValue":0.300000130411,"percentBets_3":0.2222222222222222,"percentBets_1":0.04225352112676056},"output":{"chips":0}},
{"input":{"Win":0,"Lose":0,"myCurrBet":0.02,"step":0.25,"position":0.6666666666666666,"bluff":1,"handValue":0.1032,"percentBets_3":0.2857142857142857,"percentBets_1":0.04411764705882353},"output":{"chips":1}},
{"input":{"Win":0,"Lose":0,"myCurrBet":0.03,"step":0.25,"position":0.6666666666666666,"bluff":0,"handValue":0.1032,"percentBets_3":0.42857142857142855,"percentBets_1":0.08823529411764706},"output":{"chips":0}},
{"input":{"Win":0,"Lose":0,"myCurrBet":0.01,"step":0,"position":0.6666666666666666,"bluff":0,"percentBets_1":0.04411764705882353,"handValue":0.1015,"percentBets_3":0.14285714285714285},"output":{"chips":0.5}},
{"input":{"Win":0,"Lose":0.03,"myCurrBet":0.01,"step":0,"position":0.6666666666666666,"bluff":0,"percentBets_1":0.03896103896103896,"handValue":0.600503,"percentBets_3":0.25},"output":{"chips":0}},
{"input":{"Win":0,"Lose":0.01,"myCurrBet":0.02,"step":0.25,"position":0.6666666666666666,"bluff":0,"handValue":0.1022,"percentBets_3":0.6666666666666666,"percentBets_1":0.0375},"output":{"chips":0}},
{"input":{"Win":0,"Lose":0.01,"myCurrBet":0.01,"step":0,"position":0.6666666666666666,"bluff":0,"percentBets_1":0.0375,"handValue":0.1009,"percentBets_3":0.3333333333333333},"output":{"chips":0.5}},
{"input":{"Win":0,"Lose":0.01,"myCurrBet":0.02,"step":0.25,"position":0.6666666666666666,"bluff":1,"handValue":0.1022,"percentBets_3":0.6666666666666666,"percentBets_1":0.0375},"output":{"chips":1}},
{"input":{"Win":0,"Lose":0.01,"myCurrBet":0.03,"step":0.25,"position":0.6666666666666666,"bluff":0,"handValue":0.10350000000000001,"percentBets_3":1,"percentBets_1":0.075},"output":{"chips":0}},
{"input":{"Win":0,"Lose":0.05,"myCurrBet":0.01,"step":0,"position":0.6666666666666666,"bluff":0,"percentBets_1":0.04054054054054054,"handValue":0.10110000000000001,"percentBets_3":0.1},"output":{"chips":0.5}},
{"input":{"Win":0,"Lose":0.05,"myCurrBet":0.02,"step":0.25,"position":0.6666666666666666,"bluff":0,"handValue":0.1028,"percentBets_3":0.2,"percentBets_1":0.04054054054054054},"output":{"chips":0.5}},
{"input":{"Win":0,"Lose":0.05,"myCurrBet":0.02,"step":0.5,"position":0.6666666666666666,"bluff":0,"handValue":0.1037,"percentBets_3":0.2,"percentBets_1":0.04054054054054054},"output":{"chips":0.5}},
{"input":{"Win":0,"Lose":0.05,"myCurrBet":0.02,"step":0.75,"position":0.6666666666666666,"bluff":0,"handValue":0.10250000000000001,"percentBets_3":0.2,"percentBets_1":0.04054054054054054},"output":{"chips":0}},
{"input":{"Win":0.1956521739130435,"Lose":0,"myCurrBet":0.01,"step":0,"position":0.6666666666666666,"bluff":0,"percentBets_1":0.04225352112676056,"handValue":0.1019,"percentBets_3":0.07142857142857142},"output":{"chips":1}},
{"input":{"Win":0.1956521739130435,"Lose":0,"myCurrBet":0.03,"step":0,"position":0.6666666666666666,"bluff":0,"handValue":0.1019,"percentBets_3":0.21428571428571427,"percentBets_1":0.1267605633802817},"output":{"chips":0.5}},
{"input":{"Win":0.1956521739130435,"Lose":0,"myCurrBet":0.06,"step":0.25,"position":0.6666666666666666,"bluff":0,"handValue":0.40000007120200004,"percentBets_3":0.42857142857142855,"percentBets_1":0.1267605633802817},"output":{"chips":0}},
{"input":{"Win":0.1956521739130435,"Lose":0,"myCurrBet":0.06,"step":0.25,"position":0.6666666666666666,"bluff":0,"handValue":0.40000007120200004,"percentBets_3":0.42857142857142855,"percentBets_1":0.1267605633802817},"output":{"chips":0}},
{"input":{"Win":0.1956521739130435,"Lose":0,"myCurrBet":0.06,"step":0.25,"position":0.6666666666666666,"bluff":0,"handValue":0.700000000712,"percentBets_3":0.42857142857142855,"percentBets_1":0.1267605633802817},"output":{"chips":0}},
{"input":{"Win":0,"Lose":0.02,"myCurrBet":0.01,"step":0,"position":0.6666666666666666,"bluff":0,"percentBets_1":0.04838709677419355,"handValue":0.10070000000000001,"percentBets_3":0.125},"output":{"chips":0.5}},
{"input":{"Win":0,"Lose":0.02,"myCurrBet":0.02,"step":0.5,"position":0.6666666666666666,"bluff":0,"handValue":0.1048,"percentBets_3":0.25,"percentBets_1":0.04838709677419355},"output":{"chips":0}},
{"input":{"Win":0,"Lose":0.02,"myCurrBet":0.02,"step":0.5,"position":0.6666666666666666,"bluff":0,"handValue":0.1048,"percentBets_3":0.25,"percentBets_1":0.04838709677419355},"output":{"chips":0}},
{"input":{"Win":0,"Lose":0.02,"myCurrBet":0.02,"step":0.25,"position":0.6666666666666666,"bluff":0,"handValue":0.1037,"percentBets_3":0.25,"percentBets_1":0.04838709677419355},"output":{"chips":0.5}},
{"input":{"Win":0,"Lose":0.06,"myCurrBet":0.01,"step":0,"position":0.6666666666666666,"bluff":1,"percentBets_1":0.04411764705882353,"handValue":0.10110000000000001,"percentBets_3":0.16666666666666666},"output":{"chips":1}},
{"input":{"Win":0,"Lose":0.06,"myCurrBet":0.06,"step":0.25,"position":0.6666666666666666,"bluff":1,"handValue":0.1039,"percentBets_3":1,"percentBets_1":0.1323529411764706},"output":{"chips":0.5}},
{"input":{"Win":0,"Lose":0.06,"myCurrBet":0.03,"step":0,"position":0.6666666666666666,"bluff":1,"handValue":0.10110000000000001,"percentBets_3":0.5,"percentBets_1":0.1323529411764706},"output":{"chips":0.5}},
{"input":{"Win":0,"Lose":0.06,"myCurrBet":0.06,"step":0.5,"position":0.6666666666666666,"bluff":0,"handValue":0.10490000000000001,"percentBets_3":1,"percentBets_1":0.1323529411764706},"output":{"chips":0}},
{"input":{"Win":0,"Lose":0.06,"myCurrBet":0.06,"step":0.5,"position":0.6666666666666666,"bluff":0,"handValue":0.10490000000000001,"percentBets_3":1,"percentBets_1":0.1323529411764706},"output":{"chips":0}},
{"input":{"Win":0,"Lose":0.06,"myCurrBet":0.01,"step":0,"position":0.6666666666666666,"bluff":0,"percentBets_1":0.05084745762711865,"handValue":0.1,"percentBets_3":0.05555555555555555},"output":{"chips":1}},
{"input":{"Win":0,"Lose":0.06,"myCurrBet":0.03,"step":0,"position":0.6666666666666666,"bluff":0,"handValue":0.1,"percentBets_3":0.16666666666666666,"percentBets_1":0.15254237288135594},"output":{"chips":0.5}},
{"input":{"Win":0,"Lose":0.06,"myCurrBet":0.06,"step":0.25,"position":0.6666666666666666,"bluff":0,"handValue":0.1019,"percentBets_3":0.3333333333333333,"percentBets_1":0.15254237288135594},"output":{"chips":0}},
{"input":{"Win":0,"Lose":0.06,"myCurrBet":0.06,"step":0.25,"position":0.6666666666666666,"bluff":0,"handValue":0.1019,"percentBets_3":0.3333333333333333,"percentBets_1":0.15254237288135594},"output":{"chips":0}},
{"input":{"Win":0,"Lose":0.06,"myCurrBet":0.06,"step":0.25,"position":0.6666666666666666,"bluff":0,"handValue":0.1029,"percentBets_3":0.3333333333333333,"percentBets_1":0.15254237288135594},"output":{"chips":0}},
{"input":{"Win":0,"Lose":0.02,"myCurrBet":0.01,"step":0,"position":0.6666666666666666,"bluff":0,"percentBets_1":0.03896103896103896,"handValue":0.10110000000000001,"percentBets_3":0.08333333333333333},"output":{"chips":0.5}},
{"input":{"Win":0,"Lose":0.02,"myCurrBet":0.02,"step":0.25,"position":0.6666666666666666,"bluff":0,"handValue":0.1028,"percentBets_3":0.16666666666666666,"percentBets_1":0.03896103896103896},"output":{"chips":0.5}},
{"input":{"Win":0,"Lose":0.02,"myCurrBet":0.02,"step":0.5,"position":0.6666666666666666,"bluff":0,"handValue":0.10260000000000001,"percentBets_3":0.16666666666666666,"percentBets_1":0.03896103896103896},"output":{"chips":0.5}},
{"input":{"Win":0,"Lose":0.02,"myCurrBet":0.02,"step":0.75,"position":0.6666666666666666,"bluff":0,"handValue":0.1034,"percentBets_3":0.16666666666666666,"percentBets_1":0.03896103896103896},"output":{"chips":0}},
{"input":{"Win":0,"Lose":0.02666666666666667,"myCurrBet":0.013333333333333334,"step":0,"position":0.6666666666666666,"bluff":0,"percentBets_1":0.05405405405405406,"handValue":0.10070000000000001,"percentBets_3":0.08333333333333333},"output":{"chips":0.5}},
{"input":{"Win":0,"Lose":0.02666666666666667,"myCurrBet":0.02666666666666667,"step":0.75,"position":0.6666666666666666,"bluff":0,"handValue":0.10410000000000001,"percentBets_3":0.16666666666666666,"percentBets_1":0.05405405405405406},"output":{"chips":0}},
{"input":{"Win":0,"Lose":0.02666666666666667,"myCurrBet":0.02666666666666667,"step":0.5,"position":0.6666666666666666,"bluff":0,"handValue":0.10310000000000001,"percentBets_3":0.16666666666666666,"percentBets_1":0.05405405405405406},"output":{"chips":0.5}},
{"input":{"Win":0,"Lose":0.02666666666666667,"myCurrBet":0.02666666666666667,"step":0.25,"position":0.6666666666666666,"bluff":0,"handValue":0.1029,"percentBets_3":0.16666666666666666,"percentBets_1":0.05405405405405406},"output":{"chips":0.5}},
{"input":{"Win":0,"Lose":0.08,"myCurrBet":0.013333333333333334,"step":0,"position":0.6666666666666666,"bluff":0,"percentBets_1":0.05714285714285714,"handValue":0.1,"percentBets_3":0.0625},"output":{"chips":1}},
{"input":{"Win":0,"Lose":0.08,"myCurrBet":0.04,"step":0,"position":0.6666666666666666,"bluff":0,"handValue":0.1,"percentBets_3":0.1875,"percentBets_1":0.17142857142857143},"output":{"chips":0.5}},
{"input":{"Win":0,"Lose":0.08,"myCurrBet":0.08,"step":0.25,"position":0.6666666666666666,"bluff":0,"handValue":0.10160000000000001,"percentBets_3":0.375,"percentBets_1":0.17142857142857143},"output":{"chips":0}},
{"input":{"Win":0,"Lose":0.08,"myCurrBet":0.08,"step":0.25,"position":0.6666666666666666,"bluff":0,"handValue":0.10160000000000001,"percentBets_3":0.375,"percentBets_1":0.17142857142857143},"output":{"chips":0}},
{"input":{"Win":0,"Lose":0.08,"myCurrBet":0.08,"step":0.25,"position":0.6666666666666666,"bluff":0,"handValue":0.10200000000000001,"percentBets_3":0.375,"percentBets_1":0.17142857142857143},"output":{"chips":0}},
{"input":{"Win":0.21052631578947367,"Lose":0,"myCurrBet":0.013333333333333334,"step":0,"position":0.6666666666666666,"bluff":1,"percentBets_1":0.0425531914893617,"handValue":0.1018,"percentBets_3":0.1},"output":{"chips":1}},
{"input":{"Win":0.21052631578947367,"Lose":0,"myCurrBet":0.04,"step":0,"position":0.6666666666666666,"bluff":0,"handValue":0.1018,"percentBets_3":0.3,"percentBets_1":0.1276595744680851},"output":{"chips":0.5}},
{"input":{"Win":0.21052631578947367,"Lose":0,"myCurrBet":0.08,"step":0.5,"position":0.6666666666666666,"bluff":1,"handValue":0.1042,"percentBets_3":0.6,"percentBets_1":0.1276595744680851},"output":{"chips":0.5}},
{"input":{"Win":0.21052631578947367,"Lose":0,"myCurrBet":0.08,"step":0.25,"position":0.6666666666666666,"bluff":1,"handValue":0.1029,"percentBets_3":0.6,"percentBets_1":0.1276595744680851},"output":{"chips":0.5}},
{"input":{"Win":0.21052631578947367,"Lose":0,"myCurrBet":0.08,"step":0.75,"position":0.6666666666666666,"bluff":0,"handValue":0.1029,"percentBets_3":0.6,"percentBets_1":0.1276595744680851},"output":{"chips":0}},
{"input":{"Win":0,"Lose":0,"myCurrBet":0.013333333333333334,"step":0,"position":0.6666666666666666,"bluff":0,"percentBets_1":0.04878048780487805,"handValue":0.1,"percentBets_3":0.25},"output":{"chips":0.5}},
{"input":{"Win":0,"Lose":0,"myCurrBet":0.02666666666666667,"step":0.25,"position":0.6666666666666666,"bluff":1,"handValue":0.300000110205,"percentBets_3":0.5,"percentBets_1":0.04878048780487805},"output":{"chips":1}},
{"input":{"Win":0,"Lose":0,"myCurrBet":0.04,"step":0.25,"position":0.6666666666666666,"bluff":0,"handValue":0.300000110205,"percentBets_3":0.75,"percentBets_1":0.0975609756097561},"output":{"chips":0}},
{"input":{"Win":0,"Lose":0,"myCurrBet":0.013333333333333334,"step":0,"position":0.6666666666666666,"bluff":1,"percentBets_1":0.0425531914893617,"handValue":0.1013,"percentBets_3":1},"output":{"chips":0.5}},
{"input":{"Win":0,"Lose":0,"myCurrBet":0.02666666666666667,"step":0.25,"position":0.6666666666666666,"bluff":1,"handValue":0.1019,"percentBets_3":1,"percentBets_1":0.0425531914893617},"output":{"chips":1}},
{"input":{"Win":0,"Lose":0.08,"myCurrBet":0.013333333333333334,"step":0,"position":1,"bluff":0,"percentBets_1":0.044444444444444446,"handValue":0.10110000000000001},"output":{"chips":1}},
{"input":{"Win":0,"Lose":0.08,"myCurrBet":0.08,"step":0.5,"position":1,"bluff":0,"handValue":0.1019,"percentBets_1":0.13333333333333333},"output":{"chips":0.5}},
{"input":{"Win":0,"Lose":0.08,"myCurrBet":0.04,"step":0,"position":1,"bluff":0,"handValue":0.10110000000000001,"percentBets_1":0.13333333333333333},"output":{"chips":0.5}},
{"input":{"Win":0,"Lose":0.08,"myCurrBet":0.08,"step":0.75,"position":1,"bluff":0,"handValue":0.30000012040699997,"percentBets_1":0.13333333333333333},"output":{"chips":0.5}},
{"input":{"Win":0,"Lose":0.08,"myCurrBet":0.08,"step":0.25,"position":1,"bluff":0,"handValue":0.10160000000000001,"percentBets_1":0.13333333333333333},"output":{"chips":0.5}},
{"input":{"Win":0.11764705882352941,"Lose":0,"myCurrBet":0.013333333333333334,"step":0,"position":1,"bluff":0,"percentBets_1":0.0392156862745098,"handValue":0.1018},"output":{"chips":1}},
{"input":{"Win":0.11764705882352941,"Lose":0,"myCurrBet":0.08,"step":0.5,"position":1,"bluff":0,"handValue":0.10350000000000001,"percentBets_1":0.11764705882352941},"output":{"chips":0.5}},
{"input":{"Win":0.11764705882352941,"Lose":0,"myCurrBet":0.04,"step":0,"position":1,"bluff":1,"handValue":0.1018,"percentBets_1":0.11764705882352941},"output":{"chips":0.5}},
{"input":{"Win":0.11764705882352941,"Lose":0,"myCurrBet":0.08,"step":0.25,"position":1,"bluff":0,"handValue":0.1022,"percentBets_1":0.11764705882352941},"output":{"chips":0.5}},
{"input":{"Win":0.11764705882352941,"Lose":0,"myCurrBet":0.08,"step":0.75,"position":1,"bluff":1,"handValue":0.300000110213,"percentBets_1":0.11764705882352941},"output":{"chips":0.5}},
{"input":{"Win":0.13333333333333333,"Lose":0,"myCurrBet":0.08,"step":0.5,"position":1,"bluff":0,"handValue":0.30000008070899997,"percentBets_1":0.13333333333333333},"output":{"chips":0.5}},
{"input":{"Win":0.13333333333333333,"Lose":0,"myCurrBet":0.08,"step":0.25,"position":1,"bluff":0,"handValue":0.1022,"percentBets_1":0.13333333333333333},"output":{"chips":0.5}},
{"input":{"Win":0.13333333333333333,"Lose":0,"myCurrBet":0.04,"step":0,"position":1,"bluff":1,"handValue":0.6008049999999999,"percentBets_1":0.13333333333333333},"output":{"chips":0.5}},
{"input":{"Win":0.13333333333333333,"Lose":0,"myCurrBet":0.013333333333333334,"step":0,"position":1,"bluff":1,"percentBets_1":0.044444444444444446,"handValue":0.6008049999999999},"output":{"chips":1}},
{"input":{"Win":0.13333333333333333,"Lose":0,"myCurrBet":0.08,"step":0.75,"position":1,"bluff":0,"handValue":0.30000008071199996,"percentBets_1":0.13333333333333333},"output":{"chips":0.5}},
{"input":{"Win":0,"Lose":0.08,"myCurrBet":0.08,"step":0.5,"position":1,"bluff":1,"handValue":0.10210000000000001,"percentBets_1":0.15384615384615385},"output":{"chips":0.5}},
{"input":{"Win":0,"Lose":0.08,"myCurrBet":0.04,"step":0,"position":1,"bluff":0,"handValue":0.1014,"percentBets_1":0.15384615384615385},"output":{"chips":0.5}},
{"input":{"Win":0,"Lose":0.08,"myCurrBet":0.08,"step":0.25,"position":1,"bluff":0,"handValue":0.10160000000000001,"percentBets_1":0.15384615384615385},"output":{"chips":0.5}},
{"input":{"Win":0,"Lose":0.08,"myCurrBet":0.013333333333333334,"step":0,"position":1,"bluff":0,"percentBets_1":0.05128205128205128,"handValue":0.1014},"output":{"chips":1}},
{"input":{"Win":0,"Lose":0.08,"myCurrBet":0.08,"step":0.75,"position":1,"bluff":0,"handValue":0.1029,"percentBets_1":0.15384615384615385},"output":{"chips":0.5}},
{"input":{"Win":0.13333333333333333,"Lose":0,"myCurrBet":0.04,"step":0,"position":1,"bluff":1,"handValue":0.1014,"percentBets_1":0.13333333333333333},"output":{"chips":0.5}},
{"input":{"Win":0.13333333333333333,"Lose":0,"myCurrBet":0.08,"step":0.25,"position":1,"bluff":0,"handValue":0.1042,"percentBets_1":0.13333333333333333},"output":{"chips":0.5}},
{"input":{"Win":0.13333333333333333,"Lose":0,"myCurrBet":0.013333333333333334,"step":0,"position":1,"bluff":0,"percentBets_1":0.044444444444444446,"handValue":0.1014},"output":{"chips":1}},
{"input":{"Win":0.13333333333333333,"Lose":0,"myCurrBet":0.08,"step":0.5,"position":1,"bluff":0,"handValue":0.1029,"percentBets_1":0.13333333333333333},"output":{"chips":0.5}},
{"input":{"Win":0.13333333333333333,"Lose":0,"myCurrBet":0.08,"step":0.75,"position":1,"bluff":0,"handValue":0.1032,"percentBets_1":0.13333333333333333},"output":{"chips":0.5}},
{"input":{"Win":0.15384615384615385,"Lose":0,"myCurrBet":0.013333333333333334,"step":0,"position":1,"bluff":0,"percentBets_1":0.05128205128205128,"handValue":0.1},"output":{"chips":1}},
{"input":{"Win":0.15384615384615385,"Lose":0,"myCurrBet":0.08,"step":0.5,"position":1,"bluff":0,"handValue":0.10260000000000001,"percentBets_1":0.15384615384615385},"output":{"chips":0.5}},
{"input":{"Win":0.15384615384615385,"Lose":0,"myCurrBet":0.08,"step":0.25,"position":1,"bluff":0,"handValue":0.1018,"percentBets_1":0.15384615384615385},"output":{"chips":0.5}},
{"input":{"Win":0.15384615384615385,"Lose":0,"myCurrBet":0.04,"step":0,"position":1,"bluff":0,"handValue":0.1,"percentBets_1":0.15384615384615385},"output":{"chips":0.5}},
{"input":{"Win":0.15384615384615385,"Lose":0,"myCurrBet":0.08,"step":0.75,"position":1,"bluff":0,"handValue":0.10310000000000001,"percentBets_1":0.15384615384615385},"output":{"chips":0.5}},
{"input":{"Win":0,"Lose":0.08,"myCurrBet":0.013333333333333334,"step":0,"position":1,"bluff":0,"percentBets_1":0.06060606060606061,"handValue":0.1017},"output":{"chips":1}},
{"input":{"Win":0,"Lose":0.08,"myCurrBet":0.08,"step":0.25,"position":1,"bluff":0,"handValue":0.1043,"percentBets_1":0.18181818181818182},"output":{"chips":0.5}},
{"input":{"Win":0,"Lose":0.08,"myCurrBet":0.08,"step":0.5,"position":1,"bluff":0,"handValue":0.1046,"percentBets_1":0.18181818181818182},"output":{"chips":0.5}},
{"input":{"Win":0,"Lose":0.08,"myCurrBet":0.04,"step":0,"position":1,"bluff":0,"handValue":0.1017,"percentBets_1":0.18181818181818182},"output":{"chips":0.5}},
{"input":{"Win":0,"Lose":0.08,"myCurrBet":0.08,"step":0.75,"position":1,"bluff":0,"handValue":0.1042,"percentBets_1":0.18181818181818182},"output":{"chips":0.5}},
{"input":{"Win":0.15384615384615385,"Lose":0,"myCurrBet":0.013333333333333334,"step":0,"position":1,"bluff":0,"percentBets_1":0.05128205128205128,"handValue":0.10120000000000001},"output":{"chips":1}},
{"input":{"Win":0.15384615384615385,"Lose":0,"myCurrBet":0.04,"step":0,"position":1,"bluff":0,"handValue":0.10120000000000001,"percentBets_1":0.15384615384615385},"output":{"chips":0.5}},
{"input":{"Win":0.15384615384615385,"Lose":0,"myCurrBet":0.08,"step":0.25,"position":1,"bluff":0,"handValue":0.10450000000000001,"percentBets_1":0.15384615384615385},"output":{"chips":0.5}},
{"input":{"Win":0.15384615384615385,"Lose":0,"myCurrBet":0.08,"step":0.5,"position":1,"bluff":0,"handValue":0.1046,"percentBets_1":0.15384615384615385},"output":{"chips":0.5}},
{"input":{"Win":0.15384615384615385,"Lose":0,"myCurrBet":0.08,"step":0.75,"position":1,"bluff":0,"handValue":0.6013111009009999,"percentBets_1":0.15384615384615385},"output":{"chips":0}},
{"input":{"Win":0.18181818181818182,"Lose":0,"myCurrBet":0.013333333333333334,"step":0,"position":1,"bluff":1,"percentBets_1":0.06060606060606061,"handValue":0.601308},"output":{"chips":0.5}},
{"input":{"Win":0.18181818181818182,"Lose":0,"myCurrBet":0.04,"step":0.25,"position":1,"bluff":1,"handValue":0.1015,"percentBets_1":0.12121212121212122},"output":{"chips":0.5}},
{"input":{"Win":0.18181818181818182,"Lose":0,"myCurrBet":0.05333333333333334,"step":0.5,"position":1,"bluff":1,"handValue":0.300000130805,"percentBets_1":0.12121212121212122},"output":{"chips":1}},
{"input":{"Win":0.18181818181818182,"Lose":0,"myCurrBet":0.06666666666666667,"step":0.5,"position":1,"bluff":0,"handValue":0.300000130805,"percentBets_1":0.18181818181818182},"output":{"chips":0.5}},
{"input":{"Win":0.18181818181818182,"Lose":0,"myCurrBet":0.02666666666666667,"step":0.25,"position":1,"bluff":1,"handValue":0.1015,"percentBets_1":0.06060606060606061},"output":{"chips":1}},
{"input":{"Win":0.18181818181818182,"Lose":0,"myCurrBet":0.08,"step":0.75,"position":1,"bluff":0,"handValue":0.300000130807,"percentBets_1":0.18181818181818182},"output":{"chips":0}},
{"input":{"Win":0.2222222222222222,"Lose":0,"myCurrBet":0.013333333333333334,"step":0,"position":1,"bluff":0,"percentBets_1":0.07407407407407407,"handValue":0.1013},"output":{"chips":1}},
{"input":{"Win":0.2222222222222222,"Lose":0,"myCurrBet":0.04,"step":0,"position":1,"bluff":1,"handValue":0.1013,"percentBets_1":0.2222222222222222},"output":{"chips":0.5}},
{"input":{"Win":0.2222222222222222,"Lose":0,"myCurrBet":0.08,"step":0.25,"position":1,"bluff":0,"handValue":0.10310000000000001,"percentBets_1":0.2222222222222222},"output":{"chips":0.5}},
{"input":{"Win":0.2222222222222222,"Lose":0,"myCurrBet":0.08,"step":0.75,"position":1,"bluff":0,"handValue":0.1038,"percentBets_1":0.2222222222222222},"output":{"chips":0.5}},
{"input":{"Win":0.2222222222222222,"Lose":0,"myCurrBet":0.08,"step":0.5,"position":1,"bluff":0,"handValue":0.10410000000000001,"percentBets_1":0.2222222222222222},"output":{"chips":0.5}},
{"input":{"Win":0,"Lose":0.02666666666666667,"myCurrBet":0.013333333333333334,"step":0,"position":1,"bluff":0,"percentBets_1":0.09523809523809523,"handValue":0.600801},"output":{"chips":0.5}},
{"input":{"Win":0,"Lose":0.02666666666666667,"myCurrBet":0.02666666666666667,"step":0.5,"position":1,"bluff":0,"handValue":0.30000007030799997,"percentBets_1":0.09523809523809523},"output":{"chips":0.5}},
{"input":{"Win":0,"Lose":0.02666666666666667,"myCurrBet":0.02666666666666667,"step":0.25,"position":1,"bluff":0,"handValue":0.10120000000000001,"percentBets_1":0.09523809523809523},"output":{"chips":0.5}},
{"input":{"Win":0,"Lose":0.02666666666666667,"myCurrBet":0.02666666666666667,"step":0.75,"position":1,"bluff":0,"handValue":0.300000070311,"percentBets_1":0.09523809523809523},"output":{"chips":0.5}},
{"input":{"Win":0.2608695652173913,"Lose":0,"myCurrBet":0.013333333333333334,"step":0,"position":1,"bluff":0,"percentBets_1":0.08695652173913043,"handValue":0.1018},"output":{"chips":1}},
{"input":{"Win":0.2608695652173913,"Lose":0,"myCurrBet":0.04,"step":0,"position":1,"bluff":0,"handValue":0.1018,"percentBets_1":0.2608695652173913},"output":{"chips":0.5}},
{"input":{"Win":0.2608695652173913,"Lose":0,"myCurrBet":0.08,"step":0.25,"position":1,"bluff":1,"handValue":0.1034,"percentBets_1":0.2608695652173913},"output":{"chips":0.5}},
{"input":{"Win":0.2608695652173913,"Lose":0,"myCurrBet":0.08,"step":0.5,"position":1,"bluff":0,"handValue":0.1027,"percentBets_1":0.2608695652173913},"output":{"chips":0.5}},
{"input":{"Win":0.2608695652173913,"Lose":0,"myCurrBet":0.08,"step":0.75,"position":1,"bluff":0,"handValue":0.300000090711,"percentBets_1":0.2608695652173913},"output":{"chips":0}},
{"input":{"Win":0,"Lose":0,"myCurrBet":0.09333333333333334,"step":0.25,"position":1,"bluff":0,"handValue":0.1023,"percentBets_1":0.47058823529411764},"output":{"chips":0}},
{"input":{"Win":0,"Lose":0,"myCurrBet":0.04,"step":0,"position":1,"bluff":0,"handValue":0.1014,"percentBets_1":0.35294117647058826},"output":{"chips":0.5}},
{"input":{"Win":0,"Lose":0,"myCurrBet":0.013333333333333334,"step":0,"position":1,"bluff":1,"percentBets_1":0.11764705882352941,"handValue":0.1014},"output":{"chips":1}},
{"input":{"Win":0,"Lose":0,"myCurrBet":0.08,"step":0.25,"position":1,"bluff":1,"handValue":0.1023,"percentBets_1":0.35294117647058826},"output":{"chips":1}},
{"input":{"Win":0.058823529411764705,"Lose":0,"myCurrBet":0.013333333333333334,"step":0,"position":1,"bluff":1,"percentBets_1":0.08333333333333333,"handValue":0.1019},"output":{"chips":1}},
{"input":{"Win":0.058823529411764705,"Lose":0,"myCurrBet":0.08,"step":0.5,"position":1,"bluff":1,"handValue":0.1051,"percentBets_1":0.25},"output":{"chips":1}},
{"input":{"Win":0.058823529411764705,"Lose":0,"myCurrBet":0.08,"step":0.25,"position":1,"bluff":0,"handValue":0.1044,"percentBets_1":0.25},"output":{"chips":0.5}},
{"input":{"Win":0.058823529411764705,"Lose":0,"myCurrBet":0.09333333333333334,"step":0.5,"position":1,"bluff":1,"handValue":0.1051,"percentBets_1":0.3333333333333333},"output":{"chips":0.5}},
{"input":{"Win":0.058823529411764705,"Lose":0,"myCurrBet":0.04,"step":0,"position":1,"bluff":0,"handValue":0.1019,"percentBets_1":0.25},"output":{"chips":0.5}},
{"input":{"Win":0.058823529411764705,"Lose":0,"myCurrBet":0.10666666666666667,"step":0.75,"position":1,"bluff":0,"handValue":0.10550000000000001,"percentBets_1":0.3333333333333333},"output":{"chips":0}},
{"input":{"Win":0,"Lose":0.05333333333333334,"myCurrBet":0.013333333333333334,"step":0,"position":1,"bluff":0,"percentBets_1":0.125,"handValue":0.601306},"output":{"chips":0.5}},
{"input":{"Win":0,"Lose":0.05333333333333334,"myCurrBet":0.02666666666666667,"step":0.5,"position":1,"bluff":0,"handValue":0.1039,"percentBets_1":0.125},"output":{"chips":0.5}},
{"input":{"Win":0,"Lose":0.05333333333333334,"myCurrBet":0.02666666666666667,"step":0.75,"position":1,"bluff":1,"handValue":0.1032,"percentBets_1":0.125},"output":{"chips":1}},
{"input":{"Win":0,"Lose":0.05333333333333334,"myCurrBet":0.02666666666666667,"step":0.25,"position":1,"bluff":0,"handValue":0.1032,"percentBets_1":0.125},"output":{"chips":0.5}},
{"input":{"Win":0,"Lose":0.05333333333333334,"myCurrBet":0.04,"step":0.75,"position":1,"bluff":1,"handValue":0.1032,"percentBets_1":0.25},"output":{"chips":0.5}},
{"input":{"Win":0,"Lose":0,"myCurrBet":0.013333333333333334,"step":0,"position":1,"bluff":0,"percentBets_1":0.1,"handValue":0.10210000000000001},"output":{"chips":1}},
{"input":{"Win":0,"Lose":0,"myCurrBet":0.08,"step":0.25,"position":1,"bluff":1,"handValue":0.1015,"percentBets_1":0.3},"output":{"chips":1}},
{"input":{"Win":0,"Lose":0,"myCurrBet":0.04,"step":0,"position":1,"bluff":0,"handValue":0.10210000000000001,"percentBets_1":0.3},"output":{"chips":0.5}},
{"input":{"Win":0,"Lose":0,"myCurrBet":0.09333333333333334,"step":0.25,"position":1,"bluff":0,"handValue":0.1015,"percentBets_1":0.4},"output":{"chips":0}},
{"input":{"Win":0,"Lose":0.17333333333333334,"myCurrBet":0.013333333333333334,"step":0,"position":1,"bluff":0,"percentBets_1":0.07407407407407407,"handValue":0.601009},"output":{"chips":1}},
{"input":{"Win":0,"Lose":0.17333333333333334,"myCurrBet":0.04,"step":0,"position":1,"bluff":1,"handValue":0.601009,"percentBets_1":0.2222222222222222},"output":{"chips":0.5}},
{"input":{"Win":0,"Lose":0.17333333333333334,"myCurrBet":0.08,"step":0.25,"position":1,"bluff":0,"handValue":0.1043,"percentBets_1":0.2222222222222222},"output":{"chips":0.5}},
{"input":{"Win":0,"Lose":0.17333333333333334,"myCurrBet":0.08,"step":0.5,"position":1,"bluff":0,"handValue":0.10490000000000001,"percentBets_1":0.2222222222222222},"output":{"chips":0.5}},
{"input":{"Win":0,"Lose":0.17333333333333334,"myCurrBet":0.08,"step":0.75,"position":1,"bluff":0,"handValue":0.1039,"percentBets_1":0.2222222222222222},"output":{"chips":0.5}},
{"input":{"Win":0.18181818181818182,"Lose":0,"myCurrBet":0.013333333333333334,"step":0,"position":1,"bluff":0,"percentBets_1":0.06060606060606061,"handValue":0.10200000000000001},"output":{"chips":1}},
{"input":{"Win":0.18181818181818182,"Lose":0,"myCurrBet":0.04,"step":0,"position":1,"bluff":0,"handValue":0.10200000000000001,"percentBets_1":0.18181818181818182},"output":{"chips":0.5}},
{"input":{"Win":0.18181818181818182,"Lose":0,"myCurrBet":0.08,"step":0.5,"position":1,"bluff":0,"handValue":0.1037,"percentBets_1":0.18181818181818182},"output":{"chips":0.5}},
{"input":{"Win":0.18181818181818182,"Lose":0,"myCurrBet":0.08,"step":0.25,"position":1,"bluff":0,"handValue":0.10260000000000001,"percentBets_1":0.18181818181818182},"output":{"chips":0.5}},
{"input":{"Win":0.18181818181818182,"Lose":0,"myCurrBet":0.08,"step":0.75,"position":1,"bluff":0,"handValue":0.300000070413,"percentBets_1":0.18181818181818182},"output":{"chips":0}},
{"input":{"Win":0.2222222222222222,"Lose":0,"myCurrBet":0.013333333333333334,"step":0,"position":1,"bluff":0,"percentBets_1":0.07407407407407407,"handValue":0.1008},"output":{"chips":1}},
{"input":{"Win":0.2222222222222222,"Lose":0,"myCurrBet":0.08,"step":0.25,"position":1,"bluff":0,"handValue":0.300000100206,"percentBets_1":0.2222222222222222},"output":{"chips":0.5}},
{"input":{"Win":0.2222222222222222,"Lose":0,"myCurrBet":0.08,"step":0.5,"position":1,"bluff":0,"handValue":0.300000100206,"percentBets_1":0.2222222222222222},"output":{"chips":0.5}},
{"input":{"Win":0.2222222222222222,"Lose":0,"myCurrBet":0.08,"step":0.75,"position":1,"bluff":0,"handValue":0.300000100206,"percentBets_1":0.2222222222222222},"output":{"chips":0}},
{"input":{"Win":0.2222222222222222,"Lose":0,"myCurrBet":0.04,"step":0,"position":1,"bluff":1,"handValue":0.1008,"percentBets_1":0.2222222222222222},"output":{"chips":0.5}},
{"input":{"Win":0,"Lose":0.08,"myCurrBet":0.013333333333333334,"step":0,"position":1,"bluff":0,"percentBets_1":0.09523809523809523,"handValue":0.1005},"output":{"chips":1}},
{"input":{"Win":0,"Lose":0.08,"myCurrBet":0.08,"step":0.5,"position":1,"bluff":0,"handValue":0.1033,"percentBets_1":0.2857142857142857},"output":{"chips":0.5}},
{"input":{"Win":0,"Lose":0.08,"myCurrBet":0.08,"step":0.75,"position":1,"bluff":0,"handValue":0.1043,"percentBets_1":0.2857142857142857},"output":{"chips":0}},
{"input":{"Win":0,"Lose":0.08,"myCurrBet":0.08,"step":0.25,"position":1,"bluff":0,"handValue":0.10250000000000001,"percentBets_1":0.2857142857142857},"output":{"chips":0.5}},
{"input":{"Win":0,"Lose":0.08,"myCurrBet":0.04,"step":0,"position":1,"bluff":0,"handValue":0.1005,"percentBets_1":0.2857142857142857},"output":{"chips":0.5}},
{"input":{"Win":0.2222222222222222,"Lose":0,"myCurrBet":0.04,"step":0,"position":1,"bluff":1,"handValue":0.1014,"percentBets_1":0.2222222222222222},"output":{"chips":0.5}},
{"input":{"Win":0.2222222222222222,"Lose":0,"myCurrBet":0.013333333333333334,"step":0,"position":1,"bluff":0,"percentBets_1":0.07407407407407407,"handValue":0.1014},"output":{"chips":1}},
{"input":{"Win":0.2222222222222222,"Lose":0,"myCurrBet":0.08,"step":0.5,"position":1,"bluff":0,"handValue":0.30000011031199997,"percentBets_1":0.2222222222222222},"output":{"chips":0.5}},
{"input":{"Win":0.2222222222222222,"Lose":0,"myCurrBet":0.08,"step":0.25,"position":1,"bluff":0,"handValue":0.1032,"percentBets_1":0.2222222222222222},"output":{"chips":0.5}},
{"input":{"Win":0.2222222222222222,"Lose":0,"myCurrBet":0.08,"step":0.75,"position":1,"bluff":0,"handValue":0.30000011031199997,"percentBets_1":0.2222222222222222},"output":{"chips":0}},
{"input":{"Win":0.2857142857142857,"Lose":0,"myCurrBet":0.013333333333333334,"step":0,"position":1,"bluff":0,"percentBets_1":0.09523809523809523,"handValue":0.10070000000000001},"output":{"chips":1}},
{"input":{"Win":0.2857142857142857,"Lose":0,"myCurrBet":0.08,"step":0.5,"position":1,"bluff":0,"handValue":0.10410000000000001,"percentBets_1":0.2857142857142857},"output":{"chips":0.5}},
{"input":{"Win":0.2857142857142857,"Lose":0,"myCurrBet":0.08,"step":0.25,"position":1,"bluff":0,"handValue":0.1029,"percentBets_1":0.2857142857142857},"output":{"chips":0.5}},
{"input":{"Win":0.2857142857142857,"Lose":0,"myCurrBet":0.04,"step":0,"position":1,"bluff":0,"handValue":0.10070000000000001,"percentBets_1":0.2857142857142857},"output":{"chips":0.5}},
{"input":{"Win":0.2857142857142857,"Lose":0,"myCurrBet":0.08,"step":0.75,"position":1,"bluff":0,"handValue":0.1044,"percentBets_1":0.2857142857142857},"output":{"chips":0}},
{"input":{"Win":0,"Lose":0.05333333333333334,"myCurrBet":0.02666666666666667,"step":0.5,"position":1,"bluff":0,"handValue":0.1047,"percentBets_1":0.13333333333333333},"output":{"chips":0.5}},
{"input":{"Win":0,"Lose":0.05333333333333334,"myCurrBet":0.02666666666666667,"step":0.25,"position":1,"bluff":0,"handValue":0.1039,"percentBets_1":0.13333333333333333},"output":{"chips":0.5}},
{"input":{"Win":0,"Lose":0.05333333333333334,"myCurrBet":0.04,"step":0.75,"position":1,"bluff":0,"handValue":0.10540000000000001,"percentBets_1":0.26666666666666666},"output":{"chips":0.5}},
{"input":{"Win":0,"Lose":0.05333333333333334,"myCurrBet":0.013333333333333334,"step":0,"position":1,"bluff":0,"percentBets_1":0.13333333333333333,"handValue":0.601201},"output":{"chips":0.5}},
{"input":{"Win":0,"Lose":0.05333333333333334,"myCurrBet":0.02666666666666667,"step":0.75,"position":1,"bluff":1,"handValue":0.10540000000000001,"percentBets_1":0.13333333333333333},"output":{"chips":1}},
{"input":{"Win":0.3157894736842105,"Lose":0,"myCurrBet":0.013333333333333334,"step":0,"position":1,"bluff":0,"percentBets_1":0.10526315789473684,"handValue":0.10210000000000001},"output":{"chips":1}},
{"input":{"Win":0.3157894736842105,"Lose":0,"myCurrBet":0.08,"step":0.25,"position":1,"bluff":0,"handValue":0.10260000000000001,"percentBets_1":0.3157894736842105},"output":{"chips":0.5}},
{"input":{"Win":0.3157894736842105,"Lose":0,"myCurrBet":0.04,"step":0,"position":1,"bluff":0,"handValue":0.10210000000000001,"percentBets_1":0.3157894736842105},"output":{"chips":0.5}},
{"input":{"Win":0.3157894736842105,"Lose":0,"myCurrBet":0.08,"step":0.5,"position":1,"bluff":0,"handValue":0.10360000000000001,"percentBets_1":0.3157894736842105},"output":{"chips":0.5}},
{"input":{"Win":0.3157894736842105,"Lose":0,"myCurrBet":0.08,"step":0.75,"position":1,"bluff":0,"handValue":0.10400000000000001,"percentBets_1":0.3157894736842105},"output":{"chips":0}},
{"input":{"Win":0,"Lose":0.02666666666666667,"myCurrBet":0.013333333333333334,"step":0,"position":1,"bluff":0,"percentBets_1":0.15384615384615385,"handValue":0.1009},"output":{"chips":0.5}},
{"input":{"Win":0,"Lose":0.02666666666666667,"myCurrBet":0.02666666666666667,"step":0.25,"position":1,"bluff":0,"handValue":0.10310000000000001,"percentBets_1":0.15384615384615385},"output":{"chips":0.5}},
{"input":{"Win":0,"Lose":0.02666666666666667,"myCurrBet":0.02666666666666667,"step":0.5,"position":1,"bluff":0,"handValue":0.1019,"percentBets_1":0.15384615384615385},"output":{"chips":0.5}},
{"input":{"Win":0,"Lose":0.02666666666666667,"myCurrBet":0.02666666666666667,"step":0.75,"position":1,"bluff":0,"handValue":0.1027,"percentBets_1":0.15384615384615385},"output":{"chips":0.5}},
{"input":{"Win":0,"Lose":0.03333333333333333,"myCurrBet":0.016666666666666666,"step":0,"position":1,"bluff":0,"percentBets_1":0.16666666666666666,"handValue":0.10120000000000001},"output":{"chips":0.5}},
{"input":{"Win":0,"Lose":0.03333333333333333,"myCurrBet":0.03333333333333333,"step":0.25,"position":1,"bluff":0,"handValue":0.1015,"percentBets_1":0.16666666666666666},"output":{"chips":0.5}},
{"input":{"Win":0,"Lose":0.03333333333333333,"myCurrBet":0.03333333333333333,"step":0.75,"position":1,"bluff":1,"handValue":0.1029,"percentBets_1":0.16666666666666666},"output":{"chips":0.5}},
{"input":{"Win":0,"Lose":0.03333333333333333,"myCurrBet":0.03333333333333333,"step":0.5,"position":1,"bluff":1,"handValue":0.10200000000000001,"percentBets_1":0.16666666666666666},"output":{"chips":0.5}},
{"input":{"Win":0,"Lose":0.03333333333333333,"myCurrBet":0.016666666666666666,"step":0,"position":1,"bluff":0,"percentBets_1":0.14285714285714285,"handValue":0.500000000007},"output":{"chips":0.5}},
{"input":{"Win":0,"Lose":0.03333333333333333,"myCurrBet":0.03333333333333333,"step":0.5,"position":1,"bluff":0,"handValue":0.1039,"percentBets_1":0.14285714285714285},"output":{"chips":0.5}},
{"input":{"Win":0,"Lose":0.03333333333333333,"myCurrBet":0.03333333333333333,"step":0.25,"position":1,"bluff":0,"handValue":0.1038,"percentBets_1":0.14285714285714285},"output":{"chips":0.5}},
{"input":{"Win":0,"Lose":0.03333333333333333,"myCurrBet":0.03333333333333333,"step":0.75,"position":1,"bluff":0,"handValue":0.10490000000000001,"percentBets_1":0.14285714285714285},"output":{"chips":0.5}},
{"input":{"Win":0.375,"Lose":0,"myCurrBet":0.016666666666666666,"step":0,"position":1,"bluff":0,"percentBets_1":0.125,"handValue":0.1008},"output":{"chips":1}},
{"input":{"Win":0.375,"Lose":0,"myCurrBet":0.05,"step":0,"position":1,"bluff":0,"handValue":0.1008,"percentBets_1":0.375},"output":{"chips":0.5}},
{"input":{"Win":0.375,"Lose":0,"myCurrBet":0.1,"step":0.5,"position":1,"bluff":0,"handValue":0.1024,"percentBets_1":0.375},"output":{"chips":0}},
{"input":{"Win":0.375,"Lose":0,"myCurrBet":0.1,"step":0.25,"position":1,"bluff":0,"handValue":0.10210000000000001,"percentBets_1":0.375},"output":{"chips":0.5}},
{"input":{"Win":0.375,"Lose":0,"myCurrBet":0.1,"step":0.5,"position":1,"bluff":0,"handValue":0.1024,"percentBets_1":0.375},"output":{"chips":0}},
{"input":{"Win":0.2,"Lose":0,"myCurrBet":0.016666666666666666,"step":0,"position":1,"bluff":0,"percentBets_1":0.2,"handValue":0.10200000000000001},"output":{"chips":0.5}},
{"input":{"Win":0.2,"Lose":0,"myCurrBet":0.03333333333333333,"step":0.25,"position":1,"bluff":0,"handValue":0.1027,"percentBets_1":0.2},"output":{"chips":0.5}},
{"input":{"Win":0.2,"Lose":0,"myCurrBet":0.03333333333333333,"step":0.5,"position":1,"bluff":0,"handValue":0.1037,"percentBets_1":0.2},"output":{"chips":0.5}},
{"input":{"Win":0.2,"Lose":0,"myCurrBet":0.03333333333333333,"step":0.75,"position":1,"bluff":0,"handValue":0.300000110812,"percentBets_1":0.2},"output":{"chips":0}},
