{"input":{"Win":0,"Lose":0.03111111111111111,"myCurrBet":0,"step":0,"position":1,"bluff":0,"percentBets_1":0.006666666666666667,"percentBets_2":0.013333333333333334,"handValue":0.10200000000000001},"output":{"chips":1}},
{"input":{"Win":0,"Lose":0.03111111111111111,"myCurrBet":0.017777777777777778,"step":0.25,"position":1,"bluff":1,"handValue":0.10360000000000001,"percentBets_1":0.05333333333333334,"percentBets_2":0.05333333333333334},"output":{"chips":1}},
{"input":{"Win":0,"Lose":0.03111111111111111,"myCurrBet":0.03111111111111111,"step":0.5,"position":1,"bluff":0,"handValue":0.1039,"percentBets_1":0.09333333333333334,"percentBets_2":0.09333333333333334},"output":{"chips":0.5}},
{"input":{"Win":0,"Lose":0.03111111111111111,"myCurrBet":0.03111111111111111,"step":0.75,"position":1,"bluff":0,"handValue":0.10500000000000001,"percentBets_1":0.09333333333333334,"percentBets_2":0.09333333333333334},"output":{"chips":0.5}},
{"input":{"Win":0,"Lose":0.03111111111111111,"myCurrBet":0.013333333333333334,"step":0,"position":1,"bluff":0,"handValue":0.600904,"percentBets_1":0.033707865168539325,"percentBets_2":0.058823529411764705},"output":{"chips":0.5}},
{"input":{"Win":0,"Lose":0.03111111111111111,"myCurrBet":0,"step":0,"position":1,"bluff":0,"percentBets_1":0.0056179775280898875,"percentBets_2":0.014705882352941176,"handValue":0.600904},"output":{"chips":1}},
{"input":{"Win":0,"Lose":0.03111111111111111,"myCurrBet":0.03111111111111111,"step":0.5,"position":1,"bluff":0,"handValue":0.1044,"percentBets_1":0.07865168539325842,"percentBets_2":0.10294117647058823},"output":{"chips":0.5}},
{"input":{"Win":0,"Lose":0.03111111111111111,"myCurrBet":0.03111111111111111,"step":0.75,"position":1,"bluff":0,"handValue":0.1057,"percentBets_1":0.07865168539325842,"percentBets_2":0.10294117647058823},"output":{"chips":0.5}},
{"input":{"Win":0,"Lose":0.03111111111111111,"myCurrBet":0.017777777777777778,"step":0.25,"position":1,"bluff":0,"handValue":0.1034,"percentBets_1":0.0449438202247191,"percentBets_2":0.10294117647058823},"output":{"chips":0.5}},
{"input":{"Win":0,"Lose":0.022222222222222223,"myCurrBet":0.008888888888888889,"step":0,"position":1,"bluff":0,"handValue":0.500000000007,"percentBets_1":0.024390243902439025,"percentBets_2":0.06097560975609756},"output":{"chips":0.5}},
{"input":{"Win":0,"Lose":0.022222222222222223,"myCurrBet":0,"step":0,"position":1,"bluff":0,"percentBets_1":0.006097560975609756,"percentBets_2":0.012195121951219513,"handValue":0.500000000007},"output":{"chips":1}},
{"input":{"Win":0,"Lose":0.022222222222222223,"myCurrBet":0.022222222222222223,"step":0.25,"position":1,"bluff":1,"handValue":0.1013,"percentBets_1":0.06097560975609756,"percentBets_2":0.06097560975609756},"output":{"chips":0.5}},
{"input":{"Win":0,"Lose":0.022222222222222223,"myCurrBet":0.022222222222222223,"step":0.5,"position":1,"bluff":0,"handValue":0.10250000000000001,"percentBets_1":0.06097560975609756,"percentBets_2":0.06097560975609756},"output":{"chips":0.5}},
{"input":{"Win":0,"Lose":0.022222222222222223,"myCurrBet":0.022222222222222223,"step":0.75,"position":1,"bluff":0,"handValue":0.1029,"percentBets_1":0.06097560975609756,"percentBets_2":0.06097560975609756},"output":{"chips":0.5}},
{"input":{"Win":0.08284023668639054,"Lose":0,"myCurrBet":0,"step":0,"position":1,"bluff":0,"percentBets_1":0.005434782608695652,"percentBets_2":0.012987012987012988,"handValue":0.1},"output":{"chips":1}},
{"input":{"Win":0.08284023668639054,"Lose":0,"myCurrBet":0.022222222222222223,"step":0.25,"position":1,"bluff":0,"handValue":0.10310000000000001,"percentBets_1":0.05434782608695652,"percentBets_2":0.09090909090909091},"output":{"chips":0.5}},
{"input":{"Win":0.08284023668639054,"Lose":0,"myCurrBet":0.008888888888888889,"step":0,"position":1,"bluff":0,"handValue":0.1,"percentBets_1":0.021739130434782608,"percentBets_2":0.06493506493506493},"output":{"chips":0.5}},
{"input":{"Win":0.08284023668639054,"Lose":0,"myCurrBet":0.03111111111111111,"step":0.5,"position":1,"bluff":0,"handValue":0.10360000000000001,"percentBets_1":0.07608695652173914,"percentBets_2":0.09090909090909091},"output":{"chips":0.5}},
{"input":{"Win":0.08284023668639054,"Lose":0,"myCurrBet":0.03111111111111111,"step":0.75,"position":1,"bluff":0,"handValue":0.40000002121100003,"percentBets_1":0.07608695652173914,"percentBets_2":0.09090909090909091},"output":{"chips":0.5}},
{"input":{"Win":0,"Lose":0.013333333333333334,"myCurrBet":0.013333333333333334,"step":0.25,"position":1,"bluff":0,"handValue":0.1019,"percentBets_1":0.03529411764705882,"percentBets_2":0.04285714285714286},"output":{"chips":0.5}},
{"input":{"Win":0,"Lose":0.013333333333333334,"myCurrBet":0.013333333333333334,"step":0.5,"position":1,"bluff":0,"handValue":0.30000008071,"percentBets_1":0.03529411764705882,"percentBets_2":0.04285714285714286},"output":{"chips":0.5}},
{"input":{"Win":0,"Lose":0.013333333333333334,"myCurrBet":0.013333333333333334,"step":0.75,"position":1,"bluff":0,"handValue":0.300000100802,"percentBets_1":0.03529411764705882,"percentBets_2":0.04285714285714286},"output":{"chips":0.5}},
{"input":{"Win":0,"Lose":0.013333333333333334,"myCurrBet":0,"step":0,"position":1,"bluff":0,"percentBets_1":0.0058823529411764705,"percentBets_2":0.014285714285714285,"handValue":0.1017},"output":{"chips":1}},
{"input":{"Win":0,"Lose":0.017777777777777778,"myCurrBet":0,"step":0,"position":1,"bluff":0,"percentBets_1":0.005494505494505495,"percentBets_2":0.014925373134328358,"handValue":0.1015},"output":{"chips":1}},
{"input":{"Win":0,"Lose":0.017777777777777778,"myCurrBet":0.017777777777777778,"step":0.75,"position":1,"bluff":0,"handValue":0.30000003021099997,"percentBets_1":0.04395604395604396,"percentBets_2":0.05970149253731343},"output":{"chips":0.5}},
{"input":{"Win":0,"Lose":0.017777777777777778,"myCurrBet":0.017777777777777778,"step":0.5,"position":1,"bluff":0,"handValue":0.1024,"percentBets_1":0.04395604395604396,"percentBets_2":0.05970149253731343},"output":{"chips":0.5}},
{"input":{"Win":0,"Lose":0.017777777777777778,"myCurrBet":0.013333333333333334,"step":0.25,"position":1,"bluff":1,"handValue":0.10210000000000001,"percentBets_1":0.03296703296703297,"percentBets_2":0.04477611940298507},"output":{"chips":1}},
{"input":{"Win":0,"Lose":0.017777777777777778,"myCurrBet":0.008888888888888889,"step":0,"position":1,"bluff":0,"handValue":0.1015,"percentBets_1":0.02197802197802198,"percentBets_2":0.04477611940298507},"output":{"chips":0.5}},
{"input":{"Win":0,"Lose":0.03111111111111111,"myCurrBet":0,"step":0,"position":1,"bluff":0,"percentBets_1":0.005747126436781609,"percentBets_2":0.013333333333333334,"handValue":0.601004},"output":{"chips":1}},
{"input":{"Win":0,"Lose":0.03111111111111111,"myCurrBet":0.017777777777777778,"step":0,"position":1,"bluff":0,"handValue":0.601004,"percentBets_1":0.04597701149425287,"percentBets_2":0.09333333333333334},"output":{"chips":0.5}},
{"input":{"Win":0,"Lose":0.03111111111111111,"myCurrBet":0.03111111111111111,"step":0.5,"position":1,"bluff":0,"handValue":0.40000009100800005,"percentBets_1":0.08045977011494253,"percentBets_2":0.09333333333333334},"output":{"chips":0.5}},
{"input":{"Win":0,"Lose":0.03111111111111111,"myCurrBet":0.03111111111111111,"step":0.75,"position":1,"bluff":0,"handValue":0.40000009100800005,"percentBets_1":0.08045977011494253,"percentBets_2":0.09333333333333334},"output":{"chips":0.5}},
{"input":{"Win":0,"Lose":0.03111111111111111,"myCurrBet":0.03111111111111111,"step":0.25,"position":1,"bluff":1,"handValue":0.1022,"percentBets_1":0.08045977011494253,"percentBets_2":0.09333333333333334},"output":{"chips":0.5}},
{"input":{"Win":0,"Lose":0.022222222222222223,"myCurrBet":0.022222222222222223,"step":0.25,"position":1,"bluff":0,"handValue":0.1015,"percentBets_1":0.04950495049504951,"percentBets_2":0.07352941176470588},"output":{"chips":0.5}},
{"input":{"Win":0,"Lose":0.022222222222222223,"myCurrBet":0,"step":0,"position":1,"bluff":0,"percentBets_1":0.0049504950495049506,"percentBets_2":0.014705882352941176,"handValue":0.10110000000000001},"output":{"chips":1}},
{"input":{"Win":0,"Lose":0.022222222222222223,"myCurrBet":0.022222222222222223,"step":0.5,"position":1,"bluff":0,"handValue":0.1019,"percentBets_1":0.04950495049504951,"percentBets_2":0.07352941176470588},"output":{"chips":0.5}},
{"input":{"Win":0,"Lose":0.022222222222222223,"myCurrBet":0.022222222222222223,"step":0.75,"position":1,"bluff":0,"handValue":0.1032,"percentBets_1":0.04950495049504951,"percentBets_2":0.07352941176470588},"output":{"chips":0.5}},
{"input":{"Win":0,"Lose":0.022222222222222223,"myCurrBet":0.013333333333333334,"step":0,"position":1,"bluff":1,"handValue":0.10110000000000001,"percentBets_1":0.0297029702970297,"percentBets_2":0.07352941176470588},"output":{"chips":0.5}},
{"input":{"Win":0,"Lose":0.044444444444444446,"myCurrBet":0,"step":0,"position":1,"bluff":0,"percentBets_1":0.005208333333333333,"percentBets_2":0.01282051282051282,"handValue":0.1015},"output":{"chips":1}},
{"input":{"Win":0,"Lose":0.044444444444444446,"myCurrBet":0.017777777777777778,"step":0,"position":1,"bluff":0,"handValue":0.1015,"percentBets_1":0.041666666666666664,"percentBets_2":0.08974358974358974},"output":{"chips":0.5}},
{"input":{"Win":0,"Lose":0.044444444444444446,"myCurrBet":0.03111111111111111,"step":0.25,"position":1,"bluff":1,"handValue":0.10310000000000001,"percentBets_1":0.07291666666666667,"percentBets_2":0.08974358974358974},"output":{"chips":1}},
{"input":{"Win":0,"Lose":0.044444444444444446,"myCurrBet":0.035555555555555556,"step":0.5,"position":1,"bluff":0,"handValue":0.1037,"percentBets_1":0.08333333333333333,"percentBets_2":0.10256410256410256},"output":{"chips":0.5}},
{"input":{"Win":0,"Lose":0.044444444444444446,"myCurrBet":0.035555555555555556,"step":0.75,"position":1,"bluff":0,"handValue":0.10400000000000001,"percentBets_1":0.08333333333333333,"percentBets_2":0.10256410256410256},"output":{"chips":0.5}},
{"input":{"Win":0,"Lose":0.044444444444444446,"myCurrBet":0.035555555555555556,"step":0.75,"position":1,"bluff":0,"handValue":0.10400000000000001,"percentBets_1":0.08333333333333333,"percentBets_2":0.1282051282051282},"output":{"chips":0.5}},
{"input":{"Win":0,"Lose":0.022222222222222223,"myCurrBet":0.022222222222222223,"step":0.5,"position":1,"bluff":0,"handValue":0.10400000000000001,"percentBets_1":0.05813953488372093,"percentBets_2":0.05102040816326531},"output":{"chips":0.5}},
{"input":{"Win":0,"Lose":0.022222222222222223,"myCurrBet":0,"step":0,"position":1,"bluff":0,"percentBets_1":0.005813953488372093,"percentBets_2":0.01020408163265306,"handValue":0.600603},"output":{"chips":1}},
{"input":{"Win":0,"Lose":0.022222222222222223,"myCurrBet":0.022222222222222223,"step":0.25,"position":1,"bluff":0,"handValue":0.1032,"percentBets_1":0.05813953488372093,"percentBets_2":0.05102040816326531},"output":{"chips":0.5}},
{"input":{"Win":0,"Lose":0.022222222222222223,"myCurrBet":0.013333333333333334,"step":0,"position":1,"bluff":0,"handValue":0.600603,"percentBets_1":0.03488372093023256,"percentBets_2":0.05102040816326531},"output":{"chips":0.5}},
{"input":{"Win":0,"Lose":0.022222222222222223,"myCurrBet":0.022222222222222223,"step":0.75,"position":1,"bluff":0,"handValue":0.1037,"percentBets_1":0.05813953488372093,"percentBets_2":0.05102040816326531},"output":{"chips":0.5}},
{"input":{"Win":0.042328042328042326,"Lose":0,"myCurrBet":0.017777777777777778,"step":0.75,"position":1,"bluff":0,"handValue":0.300000130411,"percentBets_1":0.04938271604938271,"percentBets_2":0.037037037037037035},"output":{"chips":0.5}},
{"input":{"Win":0.042328042328042326,"Lose":0,"myCurrBet":0,"step":0,"position":1,"bluff":0,"percentBets_1":0.006172839506172839,"percentBets_2":0.009259259259259259,"handValue":0.1015},"output":{"chips":1}},
{"input":{"Win":0.042328042328042326,"Lose":0,"myCurrBet":0.017777777777777778,"step":0.5,"position":1,"bluff":0,"handValue":0.1032,"percentBets_1":0.04938271604938271,"percentBets_2":0.037037037037037035},"output":{"chips":0.5}},
{"input":{"Win":0.042328042328042326,"Lose":0,"myCurrBet":0.017777777777777778,"step":0.25,"position":1,"bluff":1,"handValue":0.10300000000000001,"percentBets_1":0.04938271604938271,"percentBets_2":0.037037037037037035},"output":{"chips":0.5}},
{"input":{"Win":0,"Lose":0.044444444444444446,"myCurrBet":0,"step":0,"position":1,"bluff":0,"percentBets_1":0.006493506493506494,"percentBets_2":0.009615384615384616,"handValue":0.101},"output":{"chips":1}},
{"input":{"Win":0,"Lose":0.044444444444444446,"myCurrBet":0.03111111111111111,"step":0.5,"position":1,"bluff":0,"handValue":0.1029,"percentBets_1":0.09090909090909091,"percentBets_2":0.09615384615384616},"output":{"chips":0.5}},
{"input":{"Win":0,"Lose":0.044444444444444446,"myCurrBet":0.017777777777777778,"step":0.25,"position":1,"bluff":0,"handValue":0.1019,"percentBets_1":0.05194805194805195,"percentBets_2":0.038461538461538464},"output":{"chips":0.5}},
{"input":{"Win":0,"Lose":0.044444444444444446,"myCurrBet":0.008888888888888889,"step":0,"position":1,"bluff":0,"handValue":0.101,"percentBets_1":0.025974025974025976,"percentBets_2":0.028846153846153848},"output":{"chips":1}},
{"input":{"Win":0,"Lose":0.044444444444444446,"myCurrBet":0.044444444444444446,"step":0.75,"position":1,"bluff":0,"handValue":0.10300000000000001,"percentBets_1":0.12987012987012986,"percentBets_2":0.09615384615384616},"output":{"chips":0.5}},
{"input":{"Win":0,"Lose":0.044444444444444446,"myCurrBet":0.017777777777777778,"step":0.5,"position":1,"bluff":1,"handValue":0.1029,"percentBets_1":0.05194805194805195,"percentBets_2":0.038461538461538464},"output":{"chips":1}},
{"input":{"Win":0,"Lose":0.02666666666666667,"myCurrBet":0,"step":0,"position":1,"bluff":0,"percentBets_1":0.007462686567164179,"percentBets_2":0.008064516129032258,"handValue":0.10160000000000001},"output":{"chips":1}},
{"input":{"Win":0,"Lose":0.02666666666666667,"myCurrBet":0.008888888888888889,"step":0,"position":1,"bluff":1,"handValue":0.10160000000000001,"percentBets_1":0.029850746268656716,"percentBets_2":0.024193548387096774},"output":{"chips":1}},
{"input":{"Win":0,"Lose":0.02666666666666667,"myCurrBet":0.02666666666666667,"step":0.5,"position":1,"bluff":0,"handValue":0.10360000000000001,"percentBets_1":0.08955223880597014,"percentBets_2":0.04838709677419355},"output":{"chips":0.5}},
{"input":{"Win":0,"Lose":0.02666666666666667,"myCurrBet":0.02666666666666667,"step":0.75,"position":1,"bluff":1,"handValue":0.10300000000000001,"percentBets_1":0.08955223880597014,"percentBets_2":0.04838709677419355},"output":{"chips":0.5}},
{"input":{"Win":0,"Lose":0.02666666666666667,"myCurrBet":0.02666666666666667,"step":0.25,"position":1,"bluff":0,"handValue":0.1032,"percentBets_1":0.08955223880597014,"percentBets_2":0.04838709677419355},"output":{"chips":0.5}},
{"input":{"Win":0,"Lose":0.017777777777777778,"myCurrBet":0,"step":0,"position":1,"bluff":0,"percentBets_1":0.00819672131147541,"percentBets_2":0.007352941176470588,"handValue":0.1005},"output":{"chips":1}},
{"input":{"Win":0,"Lose":0.017777777777777778,"myCurrBet":0.013333333333333334,"step":0.25,"position":1,"bluff":0,"handValue":0.10400000000000001,"percentBets_1":0.04918032786885246,"percentBets_2":0.022058823529411766},"output":{"chips":0.5}},
{"input":{"Win":0,"Lose":0.017777777777777778,"myCurrBet":0.013333333333333334,"step":0.25,"position":1,"bluff":0,"handValue":0.10400000000000001,"percentBets_1":0.04918032786885246,"percentBets_2":0.029411764705882353},"output":{"chips":0.5}},
{"input":{"Win":0,"Lose":0.017777777777777778,"myCurrBet":0.017777777777777778,"step":0.75,"position":1,"bluff":0,"handValue":0.10450000000000001,"percentBets_1":0.06557377049180328,"percentBets_2":0.029411764705882353},"output":{"chips":0.5}},
{"input":{"Win":0,"Lose":0.017777777777777778,"myCurrBet":0.017777777777777778,"step":0.5,"position":1,"bluff":0,"handValue":0.10490000000000001,"percentBets_1":0.06557377049180328,"percentBets_2":0.029411764705882353},"output":{"chips":0.5}},
{"input":{"Win":0,"Lose":0.022222222222222223,"myCurrBet":0,"step":0,"position":1,"bluff":0,"percentBets_1":0.008771929824561403,"percentBets_2":0.006944444444444444,"handValue":0.10120000000000001},"output":{"chips":1}},
{"input":{"Win":0,"Lose":0.022222222222222223,"myCurrBet":0.022222222222222223,"step":0.5,"position":1,"bluff":0,"handValue":0.500000000009,"percentBets_1":0.08771929824561403,"percentBets_2":0.034722222222222224},"output":{"chips":0.5}},
{"input":{"Win":0,"Lose":0.022222222222222223,"myCurrBet":0.022222222222222223,"step":0.25,"position":1,"bluff":0,"handValue":0.1017,"percentBets_1":0.08771929824561403,"percentBets_2":0.034722222222222224},"output":{"chips":0.5}},
{"input":{"Win":0,"Lose":0.022222222222222223,"myCurrBet":0.008888888888888889,"step":0,"position":1,"bluff":0,"handValue":0.10120000000000001,"percentBets_1":0.03508771929824561,"percentBets_2":0.027777777777777776},"output":{"chips":1}},
{"input":{"Win":0,"Lose":0.022222222222222223,"myCurrBet":0.022222222222222223,"step":0.75,"position":1,"bluff":0,"handValue":0.500000000009,"percentBets_1":0.08771929824561403,"percentBets_2":0.034722222222222224},"output":{"chips":0.5}},
{"input":{"Win":0,"Lose":0.02666666666666667,"myCurrBet":0.02666666666666667,"step":0.25,"position":1,"bluff":0,"handValue":0.1042,"percentBets_1":0.11538461538461539,"percentBets_2":0},"output":{"chips":0.5}},
{"input":{"Win":0,"Lose":0.02666666666666667,"myCurrBet":0.02666666666666667,"step":0.75,"position":1,"bluff":0,"handValue":0.10590000000000001,"percentBets_1":0.11538461538461539},"output":{"chips":0.5}},
{"input":{"Win":0,"Lose":0.02666666666666667,"myCurrBet":0,"step":0,"position":1,"bluff":0,"percentBets_1":0.019230769230769232,"percentBets_2":0.012987012987012988,"handValue":0.1013},"output":{"chips":1}},
{"input":{"Win":0,"Lose":0.02666666666666667,"myCurrBet":0.02666666666666667,"step":0.5,"position":1,"bluff":0,"handValue":0.10550000000000001,"percentBets_1":0.11538461538461539},"output":{"chips":0.5}},
{"input":{"Win":0.03773584905660377,"Lose":0,"myCurrBet":0,"step":0,"position":1,"bluff":0,"percentBets_1":0.016666666666666666,"percentBets_2":0.013157894736842105,"handValue":0.10160000000000001},"output":{"chips":1}},
{"input":{"Win":0.03773584905660377,"Lose":0,"myCurrBet":0.02666666666666667,"step":0.5,"position":1,"bluff":0,"handValue":0.1046,"percentBets_1":0.1},"output":{"chips":0.5}},
{"input":{"Win":0.03773584905660377,"Lose":0,"myCurrBet":0.02666666666666667,"step":0.25,"position":1,"bluff":0,"handValue":0.10360000000000001,"percentBets_1":0.1,"percentBets_2":0},"output":{"chips":0.5}},
{"input":{"Win":0.03773584905660377,"Lose":0,"myCurrBet":0.02666666666666667,"step":0.75,"position":1,"bluff":0,"handValue":0.1051,"percentBets_1":0.1},"output":{"chips":0.5}},
{"input":{"Win":0,"Lose":0.035555555555555556,"myCurrBet":0,"step":0,"position":1,"bluff":0,"percentBets_1":0.018518518518518517,"percentBets_2":0.013333333333333334,"handValue":0.500000000013},"output":{"chips":1}},
{"input":{"Win":0,"Lose":0.035555555555555556,"myCurrBet":0.035555555555555556,"step":0.5,"position":1,"bluff":0,"handValue":0.1019,"percentBets_1":0.14814814814814814},"output":{"chips":0.5}},
{"input":{"Win":0,"Lose":0.035555555555555556,"myCurrBet":0.035555555555555556,"step":0.75,"position":1,"bluff":0,"handValue":0.1029,"percentBets_1":0.14814814814814814},"output":{"chips":0.5}},
{"input":{"Win":0,"Lose":0.035555555555555556,"myCurrBet":0.035555555555555556,"step":0.25,"position":1,"bluff":0,"handValue":0.1018,"percentBets_1":0.14814814814814814,"percentBets_2":0},"output":{"chips":0.5}},
{"input":{"Win":0.0660377358490566,"Lose":0,"myCurrBet":0,"step":0,"position":1,"bluff":0,"percentBets_1":0.015625,"percentBets_2":0.013513513513513514,"handValue":0.500000000011},"output":{"chips":1}},
{"input":{"Win":0.0660377358490566,"Lose":0,"myCurrBet":0.02666666666666667,"step":0.25,"position":1,"bluff":0,"handValue":0.1047,"percentBets_1":0.09375,"percentBets_2":0},"output":{"chips":0.5}},
{"input":{"Win":0.0660377358490566,"Lose":0,"myCurrBet":0.02666666666666667,"step":0.5,"position":1,"bluff":0,"handValue":0.1038,"percentBets_1":0.09375},"output":{"chips":0.5}},
{"input":{"Win":0.0660377358490566,"Lose":0,"myCurrBet":0.02666666666666667,"step":0.75,"position":1,"bluff":1,"handValue":0.1046,"percentBets_1":0.09375},"output":{"chips":1}},
{"input":{"Win":0,"Lose":0.02666666666666667,"myCurrBet":0,"step":0,"position":1,"bluff":0,"percentBets_1":0.019230769230769232,"percentBets_2":0.0136986301369863,"handValue":0.10160000000000001},"output":{"chips":1}},
{"input":{"Win":0,"Lose":0.02666666666666667,"myCurrBet":0.02666666666666667,"step":0.75,"position":1,"bluff":0,"handValue":0.30000007031299997,"percentBets_1":0.11538461538461539,"percentBets_2":0.0410958904109589},"output":{"chips":0.5}},
{"input":{"Win":0,"Lose":0.02666666666666667,"myCurrBet":0.02666666666666667,"step":0.25,"position":1,"bluff":0,"handValue":0.1037,"percentBets_1":0.11538461538461539,"percentBets_2":0.0410958904109589},"output":{"chips":0.5}},
{"input":{"Win":0,"Lose":0.02666666666666667,"myCurrBet":0.02666666666666667,"step":0.5,"position":1,"bluff":0,"handValue":0.1034,"percentBets_1":0.11538461538461539,"percentBets_2":0.0410958904109589},"output":{"chips":0.5}},
{"input":{"Win":0.058823529411764705,"Lose":0,"myCurrBet":0.017777777777777778,"step":0.25,"position":1,"bluff":1,"handValue":0.1043,"percentBets_1":0.0625,"percentBets_2":0.02857142857142857},"output":{"chips":1}},
{"input":{"Win":0.058823529411764705,"Lose":0,"myCurrBet":0.035555555555555556,"step":0.5,"position":1,"bluff":0,"handValue":0.1052,"percentBets_1":0.125,"percentBets_2":0.02857142857142857},"output":{"chips":0.5}},
{"input":{"Win":0.058823529411764705,"Lose":0,"myCurrBet":0.035555555555555556,"step":0.75,"position":1,"bluff":0,"handValue":0.1043,"percentBets_1":0.125},"output":{"chips":0.5}},
{"input":{"Win":0.058823529411764705,"Lose":0,"myCurrBet":0,"step":0,"position":1,"bluff":1,"percentBets_1":0.015625,"percentBets_2":0.014285714285714285,"handValue":0.601306},"output":{"chips":1}},
{"input":{"Win":0,"Lose":0.05333333333333334,"myCurrBet":0,"step":0,"position":1,"bluff":0,"percentBets_1":0.017857142857142856,"percentBets_2":0.014705882352941176,"handValue":0.10160000000000001},"output":{"chips":1}},
{"input":{"Win":0,"Lose":0.05333333333333334,"myCurrBet":0.02666666666666667,"step":0.25,"position":1,"bluff":0,"handValue":0.1047,"percentBets_1":0.10714285714285714,"percentBets_2":0.04411764705882353},"output":{"chips":0.5}},
{"input":{"Win":0,"Lose":0.05333333333333334,"myCurrBet":0.02666666666666667,"step":0.5,"position":1,"bluff":0,"handValue":0.1034,"percentBets_1":0.10714285714285714,"percentBets_2":0.04411764705882353},"output":{"chips":0.5}},
{"input":{"Win":0,"Lose":0.05333333333333334,"myCurrBet":0.02666666666666667,"step":0.75,"position":1,"bluff":0,"handValue":0.10400000000000001,"percentBets_1":0.10714285714285714,"percentBets_2":0.04411764705882353},"output":{"chips":0.5}},
{"input":{"Win":0,"Lose":0.05333333333333334,"myCurrBet":0.02666666666666667,"step":0.75,"position":1,"bluff":0,"handValue":0.10400000000000001,"percentBets_1":0.10714285714285714,"percentBets_2":0.08823529411764706},"output":{"chips":0.5}},
{"input":{"Win":0,"Lose":0.017777777777777778,"myCurrBet":0,"step":0,"position":1,"bluff":1,"percentBets_1":0.0125,"percentBets_2":0.016129032258064516,"handValue":0.1},"output":{"chips":0.5}},
{"input":{"Win":0,"Lose":0.017777777777777778,"myCurrBet":0.008888888888888889,"step":0.5,"position":1,"bluff":0,"handValue":0.1022,"percentBets_1":0.025,"percentBets_2":0.016129032258064516},"output":{"chips":0.5}},
{"input":{"Win":0,"Lose":0.017777777777777778,"myCurrBet":0.008888888888888889,"step":0.25,"position":1,"bluff":0,"handValue":0.1018,"percentBets_1":0.025,"percentBets_2":0.016129032258064516},"output":{"chips":0.5}},
{"input":{"Win":0,"Lose":0.017777777777777778,"myCurrBet":0.008888888888888889,"step":0.75,"position":1,"bluff":0,"handValue":0.300000130706,"percentBets_1":0.025,"percentBets_2":0.016129032258064516},"output":{"chips":0.5}},
{"input":{"Win":0,"Lose":0.017777777777777778,"myCurrBet":0.008888888888888889,"step":0.75,"position":1,"bluff":0,"handValue":0.300000130706,"percentBets_1":0.025,"percentBets_2":0.03225806451612903},"output":{"chips":0.5}},
{"input":{"Win":0,"Lose":0.02666666666666667,"myCurrBet":0,"step":0,"position":1,"bluff":0,"percentBets_1":0.011363636363636364,"percentBets_2":0.016666666666666666,"handValue":0.10110000000000001},"output":{"chips":1}},
{"input":{"Win":0,"Lose":0.02666666666666667,"myCurrBet":0.02666666666666667,"step":0.25,"position":1,"bluff":0,"handValue":0.1027,"percentBets_1":0.06818181818181818,"percentBets_2":0.05},"output":{"chips":0.5}},
{"input":{"Win":0,"Lose":0.02666666666666667,"myCurrBet":0.02666666666666667,"step":0.5,"position":1,"bluff":1,"handValue":0.10300000000000001,"percentBets_1":0.06818181818181818,"percentBets_2":0.05},"output":{"chips":0.5}},
{"input":{"Win":0,"Lose":0.02666666666666667,"myCurrBet":0.02666666666666667,"step":0.75,"position":1,"bluff":0,"handValue":0.1038,"percentBets_1":0.06818181818181818,"percentBets_2":0.05},"output":{"chips":0.5}},
{"input":{"Win":0,"Lose":0.017777777777777778,"myCurrBet":0,"step":0,"position":1,"bluff":0,"percentBets_1":0.01,"percentBets_2":0.017543859649122806,"handValue":0.601308},"output":{"chips":1}},
{"input":{"Win":0,"Lose":0.017777777777777778,"myCurrBet":0.017777777777777778,"step":0.25,"position":1,"bluff":0,"handValue":0.10260000000000001,"percentBets_1":0.04,"percentBets_2":0},"output":{"chips":0.5}},
{"input":{"Win":0,"Lose":0.017777777777777778,"myCurrBet":0.017777777777777778,"step":0.5,"position":1,"bluff":0,"handValue":0.1028,"percentBets_1":0.04},"output":{"chips":0.5}},
{"input":{"Win":0,"Lose":0.017777777777777778,"myCurrBet":0.017777777777777778,"step":0.75,"position":1,"bluff":0,"handValue":0.300000090513,"percentBets_1":0.04},"output":{"chips":0.5}},
{"input":{"Win":0.03669724770642202,"Lose":0,"myCurrBet":0,"step":0,"position":1,"bluff":0,"percentBets_1":0.009433962264150943,"percentBets_2":0.017857142857142856,"handValue":0.1},"output":{"chips":1}},
{"input":{"Win":0.03669724770642202,"Lose":0,"myCurrBet":0.017777777777777778,"step":0.25,"position":1,"bluff":1,"handValue":0.1018,"percentBets_1":0.03773584905660377,"percentBets_2":0},"output":{"chips":0.5}},
{"input":{"Win":0.03669724770642202,"Lose":0,"myCurrBet":0.017777777777777778,"step":0.5,"position":1,"bluff":1,"handValue":0.10200000000000001,"percentBets_1":0.03773584905660377},"output":{"chips":1}},
{"input":{"Win":0.03669724770642202,"Lose":0,"myCurrBet":0.02666666666666667,"step":0.75,"position":1,"bluff":1,"handValue":0.1033,"percentBets_1":0.05660377358490566},"output":{"chips":0.5}},
{"input":{"Win":0.047619047619047616,"Lose":0,"myCurrBet":0,"step":0,"position":1,"bluff":0,"percentBets_1":0.01,"percentBets_2":0.01818181818181818,"handValue":0.1014},"output":{"chips":1}},
{"input":{"Win":0.047619047619047616,"Lose":0,"myCurrBet":0.035555555555555556,"step":0.25,"position":1,"bluff":0,"handValue":0.10310000000000001,"percentBets_1":0.08,"percentBets_2":0},"output":{"chips":0.5}},
{"input":{"Win":0.047619047619047616,"Lose":0,"myCurrBet":0.035555555555555556,"step":0.5,"position":1,"bluff":0,"handValue":0.1032,"percentBets_1":0.08},"output":{"chips":0.5}},
{"input":{"Win":0.047619047619047616,"Lose":0,"myCurrBet":0.035555555555555556,"step":0.75,"position":1,"bluff":0,"handValue":0.1034,"percentBets_1":0.08},"output":{"chips":0.5}},
{"input":{"Win":0.05,"Lose":0,"myCurrBet":0,"step":0,"position":1,"bluff":1,"percentBets_1":0.010869565217391304,"percentBets_2":0.018518518518518517,"handValue":0.1015},"output":{"chips":1}},
{"input":{"Win":0.05,"Lose":0,"myCurrBet":0.035555555555555556,"step":0.25,"position":1,"bluff":0,"handValue":0.300000110504,"percentBets_1":0.08695652173913043,"percentBets_2":0},"output":{"chips":0.5}},
{"input":{"Win":0.05,"Lose":0,"myCurrBet":0.035555555555555556,"step":0.5,"position":1,"bluff":0,"handValue":0.300000110512,"percentBets_1":0.08695652173913043},"output":{"chips":0.5}},
{"input":{"Win":0.05,"Lose":0,"myCurrBet":0.035555555555555556,"step":0.75,"position":1,"bluff":0,"handValue":0.300000110512,"percentBets_1":0.08695652173913043},"output":{"chips":0.5}},
{"input":{"Win":0,"Lose":0.035555555555555556,"myCurrBet":0.035555555555555556,"step":0.5,"position":1,"bluff":0,"handValue":0.1028,"percentBets_1":0.09523809523809523,"percentBets_2":0.07547169811320754},"output":{"chips":0.5}},
{"input":{"Win":0,"Lose":0.035555555555555556,"myCurrBet":0.035555555555555556,"step":0.25,"position":1,"bluff":0,"handValue":0.10310000000000001,"percentBets_1":0.09523809523809523,"percentBets_2":0.07547169811320754},"output":{"chips":0.5}},
{"input":{"Win":0,"Lose":0.035555555555555556,"myCurrBet":0.008888888888888889,"step":0,"position":1,"bluff":1,"handValue":0.600803,"percentBets_1":0.023809523809523808,"percentBets_2":0.05660377358490566},"output":{"chips":1}},
{"input":{"Win":0,"Lose":0.035555555555555556,"myCurrBet":0,"step":0,"position":1,"bluff":1,"percentBets_1":0.011904761904761904,"percentBets_2":0.018867924528301886,"handValue":0.600803},"output":{"chips":0.5}},
{"input":{"Win":0,"Lose":0.035555555555555556,"myCurrBet":0.035555555555555556,"step":0.75,"position":1,"bluff":1,"handValue":0.300000070309,"percentBets_1":0.09523809523809523,"percentBets_2":0.07547169811320754},"output":{"chips":0.5}},
{"input":{"Win":0,"Lose":0.044444444444444446,"myCurrBet":0,"step":0,"position":1,"bluff":0,"percentBets_1":0.01,"percentBets_2":0.02040816326530612,"handValue":0.1018},"output":{"chips":1}},
{"input":{"Win":0,"Lose":0.044444444444444446,"myCurrBet":0.035555555555555556,"step":0.5,"position":1,"bluff":1,"handValue":0.10310000000000001,"percentBets_1":0.08,"percentBets_2":0.08163265306122448},"output":{"chips":1}},
{"input":{"Win":0,"Lose":0.044444444444444446,"myCurrBet":0.035555555555555556,"step":0.25,"position":1,"bluff":0,"handValue":0.1024,"percentBets_1":0.08,"percentBets_2":0.08163265306122448},"output":{"chips":0.5}},
{"input":{"Win":0,"Lose":0.044444444444444446,"myCurrBet":0.044444444444444446,"step":0.75,"position":1,"bluff":0,"handValue":0.300000100208,"percentBets_1":0.1,"percentBets_2":0.08163265306122448},"output":{"chips":0.5}},
{"input":{"Win":0,"Lose":0.05333333333333334,"myCurrBet":0,"step":0,"position":1,"bluff":0,"percentBets_1":0.012711864406779662,"percentBets_2":0.03333333333333333,"handValue":0.400000000013},"output":{"chips":1}},
{"input":{"Win":0,"Lose":0.05333333333333334,"myCurrBet":0.05333333333333334,"step":0.75,"position":1,"bluff":0,"handValue":0.1033,"percentBets_1":0.1016949152542373},"output":{"chips":0.5}},
{"input":{"Win":0,"Lose":0.05333333333333334,"myCurrBet":0.05333333333333334,"step":0.25,"position":1,"bluff":0,"handValue":0.1037,"percentBets_1":0.1016949152542373,"percentBets_2":0},"output":{"chips":0.5}},
{"input":{"Win":0,"Lose":0.05333333333333334,"myCurrBet":0.05333333333333334,"step":0.5,"position":1,"bluff":1,"handValue":0.1042,"percentBets_1":0.1016949152542373},"output":{"chips":0.5}},
{"input":{"Win":0.03636363636363636,"Lose":0,"myCurrBet":0,"step":0,"position":1,"bluff":0,"percentBets_1":0.011278195488721804,"percentBets_2":0.034482758620689655,"handValue":0.10160000000000001},"output":{"chips":1}},
{"input":{"Win":0.03636363636363636,"Lose":0,"myCurrBet":0.022222222222222223,"step":0.5,"position":1,"bluff":0,"handValue":0.1048,"percentBets_1":0.03759398496240601},"output":{"chips":0.5}},
{"input":{"Win":0.03636363636363636,"Lose":0,"myCurrBet":0.022222222222222223,"step":0.25,"position":1,"bluff":0,"handValue":0.1044,"percentBets_1":0.03759398496240601,"percentBets_2":0},"output":{"chips":0.5}},
{"input":{"Win":0.03636363636363636,"Lose":0,"myCurrBet":0.022222222222222223,"step":0.75,"position":1,"bluff":0,"handValue":0.1056,"percentBets_1":0.03759398496240601},"output":{"chips":0.5}},
{"input":{"Win":0,"Lose":0.05333333333333334,"myCurrBet":0,"step":0,"position":1,"bluff":0,"percentBets_1":0.01171875,"percentBets_2":0.03571428571428571,"handValue":0.601312},"output":{"chips":1}},
{"input":{"Win":0,"Lose":0.05333333333333334,"myCurrBet":0.05333333333333334,"step":0.75,"position":1,"bluff":0,"handValue":0.1037,"percentBets_1":0.09375},"output":{"chips":0.5}},
{"input":{"Win":0,"Lose":0.05333333333333334,"myCurrBet":0.05333333333333334,"step":0.5,"position":1,"bluff":0,"handValue":0.10500000000000001,"percentBets_1":0.09375},"output":{"chips":0.5}},
{"input":{"Win":0,"Lose":0.05333333333333334,"myCurrBet":0.05333333333333334,"step":0.25,"position":1,"bluff":0,"handValue":0.1042,"percentBets_1":0.09375,"percentBets_2":0},"output":{"chips":0.5}},
{"input":{"Win":0,"Lose":0.0044444444444444444,"myCurrBet":0.0044444444444444444,"step":0.25,"position":1,"bluff":1,"handValue":0.1015,"percentBets_1":0.006993006993006993,"percentBets_2":0},"output":{"chips":0.5}},
{"input":{"Win":0,"Lose":0.0044444444444444444,"myCurrBet":0.0044444444444444444,"step":0.75,"position":1,"bluff":0,"handValue":0.400000100907,"percentBets_1":0.006993006993006993},"output":{"chips":0.5}},
{"input":{"Win":0,"Lose":0.0044444444444444444,"myCurrBet":0,"step":0,"position":1,"bluff":0,"percentBets_1":0.01048951048951049,"percentBets_2":0.037037037037037035,"handValue":0.1015},"output":{"chips":0.5}},
{"input":{"Win":0,"Lose":0.0044444444444444444,"myCurrBet":0.0044444444444444444,"step":0.5,"position":1,"bluff":0,"handValue":0.1022,"percentBets_1":0.006993006993006993},"output":{"chips":0.5}},
