{"input":{"Win":0.1111111111111111,"Lose":0,"myCurrBet":0,"step":0,"position":1,"bluff":0,"percentBets_1":0.006666666666666667,"percentBets_2":0.013333333333333334,"handValue":0.1005,"percentBets_3":0.013333333333333334},"output":{"chips":1}},
{"input":{"Win":0.1111111111111111,"Lose":0,"myCurrBet":0.006666666666666667,"step":0,"position":1,"bluff":1,"handValue":0.1005,"percentBets_1":0.05333333333333334,"percentBets_2":0.05333333333333334,"percentBets_3":0.06666666666666667},"output":{"chips":0.5}},
{"input":{"Win":0.1111111111111111,"Lose":0,"myCurrBet":0.03333333333333333,"step":0.25,"position":1,"bluff":0,"handValue":0.1023,"percentBets_1":0.13333333333333333,"percentBets_2":0.13333333333333333},"output":{"chips":0.5}},
{"input":{"Win":0.1111111111111111,"Lose":0,"myCurrBet":0.016666666666666666,"step":0,"position":1,"bluff":0,"handValue":0.1005,"percentBets_1":0.13333333333333333,"percentBets_2":0.13333333333333333,"percentBets_3":0},"output":{"chips":0.5}},
{"input":{"Win":0.1111111111111111,"Lose":0,"myCurrBet":0.03333333333333333,"step":0.5,"position":1,"bluff":0,"handValue":0.300000030213,"percentBets_1":0.13333333333333333,"percentBets_2":0.13333333333333333},"output":{"chips":0.5}},
{"input":{"Win":0.1111111111111111,"Lose":0,"myCurrBet":0.03333333333333333,"step":0.75,"position":1,"bluff":0,"handValue":0.7000000003019999,"percentBets_1":0.13333333333333333,"percentBets_2":0.13333333333333333},"output":{"chips":0}},
{"input":{"Win":0,"Lose":0.013333333333333334,"myCurrBet":0,"step":0,"position":1,"bluff":0,"percentBets_1":0.007692307692307693,"percentBets_2":0.015384615384615385,"handValue":0.1013,"percentBets_3":0.02857142857142857},"output":{"chips":0.5}},
{"input":{"Win":0,"Lose":0.013333333333333334,"myCurrBet":0.013333333333333334,"step":0.25,"position":1,"bluff":0,"handValue":0.10250000000000001,"percentBets_1":0.06153846153846154,"percentBets_2":0.06153846153846154,"percentBets_3":0.05714285714285714},"output":{"chips":0.5}},
{"input":{"Win":0,"Lose":0.013333333333333334,"myCurrBet":0.006666666666666667,"step":0,"position":1,"bluff":0,"handValue":0.1013,"percentBets_1":0.06153846153846154,"percentBets_2":0.06153846153846154,"percentBets_3":0.05714285714285714},"output":{"chips":0.5}},
{"input":{"Win":0,"Lose":0.013333333333333334,"myCurrBet":0.013333333333333334,"step":0.5,"position":1,"bluff":0,"handValue":0.1019,"percentBets_1":0.06153846153846154,"percentBets_2":0.06153846153846154,"percentBets_3":0.05714285714285714},"output":{"chips":0.5}},
{"input":{"Win":0,"Lose":0.013333333333333334,"myCurrBet":0.013333333333333334,"step":0.75,"position":1,"bluff":0,"handValue":0.10300000000000001,"percentBets_1":0.06153846153846154,"percentBets_2":0.06153846153846154,"percentBets_3":0.05714285714285714},"output":{"chips":0.5}},
{"input":{"Win":0,"Lose":0.02,"myCurrBet":0.02,"step":0.25,"position":1,"bluff":0,"handValue":0.1029,"percentBets_1":0.09836065573770492,"percentBets_2":0.07792207792207792,"percentBets_3":0.09090909090909091},"output":{"chips":0.5}},
{"input":{"Win":0,"Lose":0.02,"myCurrBet":0.01,"step":0,"position":1,"bluff":0,"handValue":0.600801,"percentBets_1":0.09836065573770492,"percentBets_2":0.07792207792207792,"percentBets_3":0.09090909090909091},"output":{"chips":0.5}},
{"input":{"Win":0,"Lose":0.02,"myCurrBet":0,"step":0,"position":1,"bluff":0,"percentBets_1":0.00819672131147541,"percentBets_2":0.012987012987012988,"handValue":0.600801,"percentBets_3":0.030303030303030304},"output":{"chips":1}},
{"input":{"Win":0,"Lose":0.02,"myCurrBet":0.02,"step":0.75,"position":1,"bluff":0,"handValue":0.1034,"percentBets_1":0.09836065573770492,"percentBets_2":0.07792207792207792,"percentBets_3":0.09090909090909091},"output":{"chips":0.5}},
{"input":{"Win":0,"Lose":0.02,"myCurrBet":0.02,"step":0.5,"position":1,"bluff":0,"handValue":0.10310000000000001,"percentBets_1":0.09836065573770492,"percentBets_2":0.07792207792207792,"percentBets_3":0.09090909090909091},"output":{"chips":0.5}},
{"input":{"Win":0,"Lose":0.02,"myCurrBet":0,"step":0,"position":1,"bluff":1,"percentBets_1":0.00909090909090909,"percentBets_2":0.014084507042253521,"handValue":0.1017,"percentBets_3":0.023809523809523808},"output":{"chips":1}},
{"input":{"Win":0,"Lose":0.02,"myCurrBet":0.02,"step":0.5,"position":1,"bluff":0,"handValue":0.10350000000000001,"percentBets_1":0.10909090909090909,"percentBets_2":0.08450704225352113},"output":{"chips":0.5}},
{"input":{"Win":0,"Lose":0.02,"myCurrBet":0.02,"step":0.25,"position":1,"bluff":0,"handValue":0.1037,"percentBets_1":0.10909090909090909,"percentBets_2":0.08450704225352113},"output":{"chips":0.5}},
{"input":{"Win":0,"Lose":0.02,"myCurrBet":0.01,"step":0,"position":1,"bluff":0,"handValue":0.1017,"percentBets_1":0.10909090909090909,"percentBets_2":0.08450704225352113,"percentBets_3":0},"output":{"chips":0.5}},
{"input":{"Win":0,"Lose":0.02,"myCurrBet":0.02,"step":0.75,"position":1,"bluff":0,"handValue":0.10400000000000001,"percentBets_1":0.10909090909090909,"percentBets_2":0.08450704225352113},"output":{"chips":0.5}},
{"input":{"Win":0,"Lose":0.02666666666666667,"myCurrBet":0,"step":0,"position":1,"bluff":1,"percentBets_1":0.007246376811594203,"percentBets_2":0.015384615384615385,"handValue":0.500000000007,"percentBets_3":0.024390243902439025},"output":{"chips":1}},
{"input":{"Win":0,"Lose":0.02666666666666667,"myCurrBet":0.01,"step":0,"position":1,"bluff":0,"handValue":0.500000000007,"percentBets_1":0.08695652173913043,"percentBets_2":0.09230769230769231,"percentBets_3":0},"output":{"chips":0.5}},
{"input":{"Win":0,"Lose":0.02666666666666667,"myCurrBet":0.02,"step":0.75,"position":1,"bluff":1,"handValue":0.10450000000000001,"percentBets_1":0.08695652173913043,"percentBets_2":0.09230769230769231},"output":{"chips":1}},
{"input":{"Win":0,"Lose":0.02666666666666667,"myCurrBet":0.02,"step":0.5,"position":1,"bluff":0,"handValue":0.1039,"percentBets_1":0.08695652173913043,"percentBets_2":0.09230769230769231},"output":{"chips":0.5}},
{"input":{"Win":0,"Lose":0.02666666666666667,"myCurrBet":0.023333333333333334,"step":0.75,"position":1,"bluff":0,"handValue":0.10450000000000001,"percentBets_1":0.11594202898550725,"percentBets_2":0.12307692307692308},"output":{"chips":0.5}},
{"input":{"Win":0,"Lose":0.02666666666666667,"myCurrBet":0.02,"step":0.25,"position":1,"bluff":0,"handValue":0.10350000000000001,"percentBets_1":0.08695652173913043,"percentBets_2":0.09230769230769231},"output":{"chips":0.5}},
{"input":{"Win":0,"Lose":0.013333333333333334,"myCurrBet":0,"step":0,"position":1,"bluff":0,"percentBets_1":0.005747126436781609,"percentBets_2":0.017543859649122806,"handValue":0.10210000000000001,"percentBets_3":0.025},"output":{"chips":0.5}},
{"input":{"Win":0,"Lose":0.013333333333333334,"myCurrBet":0.006666666666666667,"step":0,"position":1,"bluff":0,"handValue":0.10210000000000001,"percentBets_1":0.04597701149425287,"percentBets_2":0.07017543859649122,"percentBets_3":0.05},"output":{"chips":0.5}},
{"input":{"Win":0,"Lose":0.013333333333333334,"myCurrBet":0.013333333333333334,"step":0.25,"position":1,"bluff":0,"handValue":0.1037,"percentBets_1":0.04597701149425287,"percentBets_2":0.07017543859649122,"percentBets_3":0.05},"output":{"chips":0.5}},
{"input":{"Win":0,"Lose":0.013333333333333334,"myCurrBet":0.013333333333333334,"step":0.5,"position":1,"bluff":0,"handValue":0.1027,"percentBets_1":0.04597701149425287,"percentBets_2":0.07017543859649122,"percentBets_3":0.05},"output":{"chips":0.5}},
{"input":{"Win":0,"Lose":0.013333333333333334,"myCurrBet":0.013333333333333334,"step":0.75,"position":1,"bluff":0,"handValue":0.10300000000000001,"percentBets_1":0.04597701149425287,"percentBets_2":0.07017543859649122,"percentBets_3":0.05},"output":{"chips":0.5}},
{"input":{"Win":0,"Lose":0.02,"myCurrBet":0,"step":0,"position":1,"bluff":0,"percentBets_1":0.006024096385542169,"percentBets_2":0.014492753623188406,"handValue":0.1023,"percentBets_3":0.02631578947368421},"output":{"chips":0.5}},
{"input":{"Win":0,"Lose":0.02,"myCurrBet":0.006666666666666667,"step":0,"position":1,"bluff":0,"handValue":0.1023,"percentBets_1":0.04819277108433735,"percentBets_2":0.057971014492753624,"percentBets_3":0.05263157894736842},"output":{"chips":0.5}},
{"input":{"Win":0,"Lose":0.02,"myCurrBet":0.013333333333333334,"step":0.25,"position":1,"bluff":0,"handValue":0.1039,"percentBets_1":0.04819277108433735,"percentBets_2":0.057971014492753624,"percentBets_3":0.05263157894736842},"output":{"chips":0.5}},
{"input":{"Win":0,"Lose":0.02,"myCurrBet":0.013333333333333334,"step":0.5,"position":1,"bluff":1,"handValue":0.10400000000000001,"percentBets_1":0.04819277108433735,"percentBets_2":0.057971014492753624,"percentBets_3":0.05263157894736842},"output":{"chips":1}},
{"input":{"Win":0,"Lose":0.02,"myCurrBet":0.016666666666666666,"step":0.5,"position":1,"bluff":0,"handValue":0.10400000000000001,"percentBets_1":0.07228915662650602,"percentBets_2":0.08695652173913043,"percentBets_3":0.07894736842105263},"output":{"chips":0.5}},
{"input":{"Win":0,"Lose":0.02,"myCurrBet":0.02,"step":0.75,"position":1,"bluff":0,"handValue":0.10450000000000001,"percentBets_1":0.07228915662650602,"percentBets_2":0.08695652173913043,"percentBets_3":0.07894736842105263},"output":{"chips":0.5}},
{"input":{"Win":0,"Lose":0.02666666666666667,"myCurrBet":0,"step":0,"position":1,"bluff":1,"percentBets_1":0.0049504950495049506,"percentBets_2":0.015873015873015872,"handValue":0.1013,"percentBets_3":0.02857142857142857},"output":{"chips":0.5}},
{"input":{"Win":0,"Lose":0.02666666666666667,"myCurrBet":0.006666666666666667,"step":0,"position":1,"bluff":1,"handValue":0.1013,"percentBets_1":0.039603960396039604,"percentBets_2":0.06349206349206349,"percentBets_3":0.05714285714285714},"output":{"chips":0.5}},
{"input":{"Win":0,"Lose":0.02666666666666667,"myCurrBet":0.013333333333333334,"step":0.25,"position":1,"bluff":1,"handValue":0.1039,"percentBets_1":0.039603960396039604,"percentBets_2":0.06349206349206349,"percentBets_3":0.05714285714285714},"output":{"chips":1}},
{"input":{"Win":0,"Lose":0.02666666666666667,"myCurrBet":0.016666666666666666,"step":0.25,"position":1,"bluff":0,"handValue":0.1039,"percentBets_1":0.0594059405940594,"percentBets_2":0.09523809523809523,"percentBets_3":0.08571428571428572},"output":{"chips":0.5}},
{"input":{"Win":0,"Lose":0.02666666666666667,"myCurrBet":0.02,"step":0.5,"position":1,"bluff":0,"handValue":0.1047,"percentBets_1":0.0594059405940594,"percentBets_2":0.09523809523809523,"percentBets_3":0.08571428571428572},"output":{"chips":0.5}},
{"input":{"Win":0,"Lose":0.02666666666666667,"myCurrBet":0.023333333333333334,"step":0.75,"position":1,"bluff":0,"handValue":0.1053,"percentBets_1":0.07920792079207921,"percentBets_2":0.12698412698412698,"percentBets_3":0.11428571428571428},"output":{"chips":0.5}},
{"input":{"Win":0,"Lose":0.02666666666666667,"myCurrBet":0.02,"step":0.75,"position":1,"bluff":0,"handValue":0.1053,"percentBets_1":0.0594059405940594,"percentBets_2":0.09523809523809523,"percentBets_3":0.1},"output":{"chips":0.5}},
{"input":{"Win":0,"Lose":0.013333333333333334,"myCurrBet":0,"step":0,"position":1,"bluff":0,"percentBets_1":0.004,"percentBets_2":0.01818181818181818,"handValue":0.10160000000000001,"percentBets_3":0.03225806451612903},"output":{"chips":0.5}},
{"input":{"Win":0,"Lose":0.013333333333333334,"myCurrBet":0.006666666666666667,"step":0,"position":1,"bluff":0,"handValue":0.10160000000000001,"percentBets_1":0.032,"percentBets_2":0.07272727272727272,"percentBets_3":0.06451612903225806},"output":{"chips":0.5}},
{"input":{"Win":0,"Lose":0.013333333333333334,"myCurrBet":0.013333333333333334,"step":0.25,"position":1,"bluff":0,"handValue":0.30000011050299996,"percentBets_1":0.032,"percentBets_2":0.07272727272727272,"percentBets_3":0.06451612903225806},"output":{"chips":0.5}},
{"input":{"Win":0,"Lose":0.013333333333333334,"myCurrBet":0.013333333333333334,"step":0.75,"position":1,"bluff":0,"handValue":0.30000011051299996,"percentBets_1":0.032,"percentBets_2":0.07272727272727272,"percentBets_3":0.06451612903225806},"output":{"chips":0.5}},
{"input":{"Win":0,"Lose":0.013333333333333334,"myCurrBet":0.013333333333333334,"step":0.5,"position":1,"bluff":0,"handValue":0.300000110504,"percentBets_1":0.032,"percentBets_2":0.07272727272727272,"percentBets_3":0.06451612903225806},"output":{"chips":0.5}},
{"input":{"Win":0,"Lose":0.013333333333333334,"myCurrBet":0,"step":0,"position":1,"bluff":0,"percentBets_1":0.004132231404958678,"percentBets_2":0.014925373134328358,"handValue":0.601205,"percentBets_3":0.034482758620689655},"output":{"chips":0.5}},
{"input":{"Win":0,"Lose":0.013333333333333334,"myCurrBet":0.006666666666666667,"step":0,"position":1,"bluff":0,"handValue":0.601205,"percentBets_1":0.03305785123966942,"percentBets_2":0.05970149253731343,"percentBets_3":0.06896551724137931},"output":{"chips":0.5}},
{"input":{"Win":0,"Lose":0.013333333333333334,"myCurrBet":0.013333333333333334,"step":0.25,"position":1,"bluff":0,"handValue":0.1034,"percentBets_1":0.03305785123966942,"percentBets_2":0.05970149253731343,"percentBets_3":0.06896551724137931},"output":{"chips":0.5}},
{"input":{"Win":0,"Lose":0.013333333333333334,"myCurrBet":0.013333333333333334,"step":0.5,"position":1,"bluff":0,"handValue":0.1043,"percentBets_1":0.03305785123966942,"percentBets_2":0.05970149253731343,"percentBets_3":0.06896551724137931},"output":{"chips":0.5}},
{"input":{"Win":0,"Lose":0.013333333333333334,"myCurrBet":0.013333333333333334,"step":0.75,"position":1,"bluff":0,"handValue":0.1044,"percentBets_1":0.03305785123966942,"percentBets_2":0.05970149253731343,"percentBets_3":0.06896551724137931},"output":{"chips":0.5}},
{"input":{"Win":0,"Lose":0.02,"myCurrBet":0,"step":0,"position":1,"bluff":0,"percentBets_1":0.004273504273504274,"percentBets_2":0.015873015873015872,"handValue":0.6008049999999999,"percentBets_3":0.02857142857142857},"output":{"chips":1}},
{"input":{"Win":0,"Lose":0.02,"myCurrBet":0.02,"step":0.75,"position":1,"bluff":0,"handValue":0.300000080312,"percentBets_1":0.05128205128205128,"percentBets_2":0.09523809523809523,"percentBets_3":0.08571428571428572},"output":{"chips":0.5}},
{"input":{"Win":0,"Lose":0.02,"myCurrBet":0.01,"step":0,"position":1,"bluff":1,"handValue":0.6008049999999999,"percentBets_1":0.05128205128205128,"percentBets_2":0.09523809523809523,"percentBets_3":0.08571428571428572},"output":{"chips":0.5}},
{"input":{"Win":0,"Lose":0.02,"myCurrBet":0.02,"step":0.25,"position":1,"bluff":0,"handValue":0.1018,"percentBets_1":0.05128205128205128,"percentBets_2":0.09523809523809523,"percentBets_3":0.08571428571428572},"output":{"chips":0.5}},
{"input":{"Win":0,"Lose":0.02,"myCurrBet":0.02,"step":0.5,"position":1,"bluff":0,"handValue":0.10300000000000001,"percentBets_1":0.05128205128205128,"percentBets_2":0.09523809523809523,"percentBets_3":0.08571428571428572},"output":{"chips":0.5}},
{"input":{"Win":0,"Lose":0.02666666666666667,"myCurrBet":0,"step":0,"position":1,"bluff":0,"percentBets_1":0.0045045045045045045,"percentBets_2":0.012345679012345678,"handValue":0.600201,"percentBets_3":0.03125},"output":{"chips":1}},
{"input":{"Win":0,"Lose":0.02666666666666667,"myCurrBet":0.02,"step":0.25,"position":1,"bluff":0,"handValue":0.1018,"percentBets_1":0.05405405405405406,"percentBets_2":0.07407407407407407,"percentBets_3":0.09375},"output":{"chips":0.5}},
{"input":{"Win":0,"Lose":0.02666666666666667,"myCurrBet":0.01,"step":0,"position":1,"bluff":0,"handValue":0.600201,"percentBets_1":0.05405405405405406,"percentBets_2":0.07407407407407407,"percentBets_3":0.09375},"output":{"chips":0.5}},
{"input":{"Win":0,"Lose":0.02666666666666667,"myCurrBet":0.02,"step":0.5,"position":1,"bluff":0,"handValue":0.10310000000000001,"percentBets_1":0.05405405405405406,"percentBets_2":0.07407407407407407,"percentBets_3":0.109375},"output":{"chips":0.5}},
{"input":{"Win":0,"Lose":0.02666666666666667,"myCurrBet":0.023333333333333334,"step":0.5,"position":1,"bluff":0,"handValue":0.10310000000000001,"percentBets_1":0.07207207207207207,"percentBets_2":0.09876543209876543,"percentBets_3":0.125},"output":{"chips":0.5}},
{"input":{"Win":0,"Lose":0.02666666666666667,"myCurrBet":0.02666666666666667,"step":0.75,"position":1,"bluff":0,"handValue":0.1018,"percentBets_1":0.07207207207207207,"percentBets_2":0.09876543209876543,"percentBets_3":0.125},"output":{"chips":0.5}},
{"input":{"Win":0,"Lose":0.03333333333333333,"myCurrBet":0,"step":0,"position":1,"bluff":0,"percentBets_1":0.0048543689320388345,"percentBets_2":0.009523809523809525,"handValue":0.1013,"percentBets_3":0.03571428571428571},"output":{"chips":0.5}},
{"input":{"Win":0,"Lose":0.03333333333333333,"myCurrBet":0.006666666666666667,"step":0,"position":1,"bluff":1,"handValue":0.1013,"percentBets_1":0.038834951456310676,"percentBets_2":0.0380952380952381,"percentBets_3":0.07142857142857142},"output":{"chips":1}},
{"input":{"Win":0,"Lose":0.03333333333333333,"myCurrBet":0.03333333333333333,"step":0.25,"position":1,"bluff":0,"handValue":0.300000120113,"percentBets_1":0.0970873786407767,"percentBets_2":0.09523809523809523},"output":{"chips":0.5}},
{"input":{"Win":0,"Lose":0.03333333333333333,"myCurrBet":0.016666666666666666,"step":0,"position":1,"bluff":0,"handValue":0.1013,"percentBets_1":0.0970873786407767,"percentBets_2":0.09523809523809523,"percentBets_3":0},"output":{"chips":0.5}},
{"input":{"Win":0,"Lose":0.03333333333333333,"myCurrBet":0.03333333333333333,"step":0.5,"position":1,"bluff":0,"handValue":0.300000120113,"percentBets_1":0.0970873786407767,"percentBets_2":0.09523809523809523},"output":{"chips":0.5}},
{"input":{"Win":0,"Lose":0.03333333333333333,"myCurrBet":0.03333333333333333,"step":0.75,"position":1,"bluff":0,"handValue":0.300000120113,"percentBets_1":0.0970873786407767,"percentBets_2":0.09523809523809523},"output":{"chips":0.5}},
{"input":{"Win":0.08394160583941605,"Lose":0,"myCurrBet":0,"step":0,"position":1,"bluff":0,"percentBets_1":0.005376344086021506,"percentBets_2":0.007751937984496124,"handValue":0.10160000000000001,"percentBets_3":0.038461538461538464},"output":{"chips":0.5}},
{"input":{"Win":0.08394160583941605,"Lose":0,"myCurrBet":0.006666666666666667,"step":0,"position":1,"bluff":1,"handValue":0.10160000000000001,"percentBets_1":0.043010752688172046,"percentBets_2":0.031007751937984496,"percentBets_3":0.07692307692307693},"output":{"chips":0.5}},
{"input":{"Win":0.08394160583941605,"Lose":0,"myCurrBet":0.013333333333333334,"step":0.25,"position":1,"bluff":0,"handValue":0.10200000000000001,"percentBets_1":0.043010752688172046,"percentBets_2":0.031007751937984496,"percentBets_3":0.09615384615384616},"output":{"chips":0.5}},
{"input":{"Win":0.08394160583941605,"Lose":0,"myCurrBet":0.023333333333333334,"step":0.5,"position":1,"bluff":0,"handValue":0.30000010021199996,"percentBets_1":0.08602150537634409,"percentBets_2":0.06201550387596899,"percentBets_3":0.11538461538461539},"output":{"chips":0.5}},
{"input":{"Win":0.08394160583941605,"Lose":0,"myCurrBet":0.02,"step":0.5,"position":1,"bluff":0,"handValue":0.30000010021199996,"percentBets_1":0.06451612903225806,"percentBets_2":0.046511627906976744,"percentBets_3":0.1346153846153846},"output":{"chips":0.5}},
{"input":{"Win":0.08394160583941605,"Lose":0,"myCurrBet":0.016666666666666666,"step":0.25,"position":1,"bluff":1,"handValue":0.10200000000000001,"percentBets_1":0.06451612903225806,"percentBets_2":0.046511627906976744,"percentBets_3":0.11538461538461539},"output":{"chips":0.5}},
{"input":{"Win":0.08394160583941605,"Lose":0,"myCurrBet":0.02666666666666667,"step":0.75,"position":1,"bluff":0,"handValue":0.30000010021199996,"percentBets_1":0.08602150537634409,"percentBets_2":0.06201550387596899},"output":{"chips":0.5}},
{"input":{"Win":0.11952191235059761,"Lose":0,"myCurrBet":0.006666666666666667,"step":0,"position":1,"bluff":0,"handValue":0.600301,"percentBets_1":0.047058823529411764,"percentBets_2":0.03305785123966942,"percentBets_3":0.1111111111111111},"output":{"chips":0.5}},
{"input":{"Win":0.11952191235059761,"Lose":0,"myCurrBet":0.03333333333333333,"step":0.25,"position":1,"bluff":0,"handValue":0.1018,"percentBets_1":0.11764705882352941,"percentBets_2":0.08264462809917356,"percentBets_3":0.2222222222222222},"output":{"chips":0.5}},
{"input":{"Win":0.11952191235059761,"Lose":0,"myCurrBet":0,"step":0,"position":1,"bluff":0,"percentBets_1":0.0058823529411764705,"percentBets_2":0.008264462809917356,"handValue":0.600301,"percentBets_3":0.022222222222222223},"output":{"chips":1}},
{"input":{"Win":0.11952191235059761,"Lose":0,"myCurrBet":0.016666666666666666,"step":0,"position":1,"bluff":0,"handValue":0.600301,"percentBets_1":0.11764705882352941,"percentBets_2":0.08264462809917356,"percentBets_3":0.2222222222222222},"output":{"chips":0.5}},
{"input":{"Win":0.11952191235059761,"Lose":0,"myCurrBet":0.03333333333333333,"step":0.5,"position":1,"bluff":0,"handValue":0.1029,"percentBets_1":0.11764705882352941,"percentBets_2":0.08264462809917356,"percentBets_3":0.2222222222222222},"output":{"chips":0.5}},
{"input":{"Win":0.11952191235059761,"Lose":0,"myCurrBet":0.03333333333333333,"step":0.75,"position":1,"bluff":0,"handValue":0.1037,"percentBets_1":0.11764705882352941,"percentBets_2":0.08264462809917356,"percentBets_3":0.2222222222222222},"output":{"chips":0.5}},
{"input":{"Win":0,"Lose":0.04,"myCurrBet":0.02666666666666667,"step":0.25,"position":1,"bluff":1,"handValue":0.10500000000000001,"percentBets_1":0.10666666666666667,"percentBets_2":0.07207207207207207,"percentBets_3":0.22857142857142856},"output":{"chips":1}},
{"input":{"Win":0,"Lose":0.04,"myCurrBet":0.013333333333333334,"step":0,"position":1,"bluff":0,"handValue":0.1023,"percentBets_1":0.10666666666666667,"percentBets_2":0.07207207207207207,"percentBets_3":0.22857142857142856},"output":{"chips":0.5}},
{"input":{"Win":0,"Lose":0.04,"myCurrBet":0,"step":0,"position":1,"bluff":0,"percentBets_1":0.013333333333333334,"percentBets_2":0.018018018018018018,"handValue":0.1023,"percentBets_3":0.11428571428571428},"output":{"chips":0.5}},
{"input":{"Win":0,"Lose":0.04,"myCurrBet":0.04,"step":0.5,"position":1,"bluff":0,"handValue":0.10600000000000001,"percentBets_1":0.16,"percentBets_2":0.10810810810810811,"percentBets_3":0.34285714285714286},"output":{"chips":0}},
{"input":{"Win":0,"Lose":0.04,"myCurrBet":0.04,"step":0.5,"position":1,"bluff":0,"handValue":0.10600000000000001,"percentBets_1":0.16,"percentBets_2":0.10810810810810811,"percentBets_3":0.34285714285714286},"output":{"chips":0}},
{"input":{"Win":0,"Lose":0.04,"myCurrBet":0.03333333333333333,"step":0.25,"position":1,"bluff":0,"handValue":0.10500000000000001,"percentBets_1":0.16,"percentBets_2":0.10810810810810811,"percentBets_3":0.34285714285714286},"output":{"chips":0.5}},
{"input":{"Win":0,"Lose":0.02666666666666667,"myCurrBet":0,"step":0,"position":1,"bluff":0,"percentBets_1":0.015873015873015872,"percentBets_2":0.020202020202020204,"handValue":0.10110000000000001,"percentBets_3":0.056338028169014086},"output":{"chips":0.5}},
{"input":{"Win":0,"Lose":0.02666666666666667,"myCurrBet":0.02666666666666667,"step":0.5,"position":1,"bluff":0,"handValue":0.1024,"percentBets_1":0.12698412698412698,"percentBets_2":0.08080808080808081},"output":{"chips":0.5}},
{"input":{"Win":0,"Lose":0.02666666666666667,"myCurrBet":0.013333333333333334,"step":0,"position":1,"bluff":0,"handValue":0.10110000000000001,"percentBets_1":0.12698412698412698,"percentBets_2":0.08080808080808081,"percentBets_3":0},"output":{"chips":0.5}},
{"input":{"Win":0,"Lose":0.02666666666666667,"myCurrBet":0.02666666666666667,"step":0.25,"position":1,"bluff":0,"handValue":0.1022,"percentBets_1":0.12698412698412698,"percentBets_2":0.08080808080808081},"output":{"chips":0.5}},
{"input":{"Win":0,"Lose":0.02666666666666667,"myCurrBet":0.02666666666666667,"step":0.75,"position":1,"bluff":0,"handValue":0.400000071106,"percentBets_1":0.12698412698412698,"percentBets_2":0.08080808080808081},"output":{"chips":0.5}},
{"input":{"Win":0,"Lose":0,"myCurrBet":0,"step":0,"position":1,"bluff":0,"percentBets_1":0.012048192771084338,"percentBets_2":0.02197802197802198,"handValue":0.600907,"percentBets_3":0.05970149253731343},"output":{"chips":0.5}},
{"input":{"Win":0,"Lose":0,"myCurrBet":0.013333333333333334,"step":0,"position":1,"bluff":1,"handValue":0.600907,"percentBets_1":0.0963855421686747,"percentBets_2":0.08791208791208792,"percentBets_3":0},"output":{"chips":1}},
{"input":{"Win":0,"Lose":0,"myCurrBet":0.03333333333333333,"step":0,"position":1,"bluff":0,"handValue":0.600907,"percentBets_1":0.24096385542168675,"percentBets_2":0.21978021978021978},"output":{"chips":0}},
{"input":{"Win":0,"Lose":0.07333333333333333,"myCurrBet":0,"step":0,"position":1,"bluff":0,"percentBets_1":0.015873015873015872,"percentBets_2":0.016,"handValue":0.1013,"percentBets_3":0.06349206349206349},"output":{"chips":0.5}},
{"input":{"Win":0,"Lose":0.07333333333333333,"myCurrBet":0.02666666666666667,"step":0.25,"position":1,"bluff":0,"handValue":0.10350000000000001,"percentBets_1":0.12698412698412698,"percentBets_2":0.064,"percentBets_3":0.12698412698412698},"output":{"chips":0.5}},
{"input":{"Win":0,"Lose":0.07333333333333333,"myCurrBet":0.013333333333333334,"step":0,"position":1,"bluff":0,"handValue":0.1013,"percentBets_1":0.12698412698412698,"percentBets_2":0.064,"percentBets_3":0.12698412698412698},"output":{"chips":0.5}},
{"input":{"Win":0,"Lose":0.07333333333333333,"myCurrBet":0.02666666666666667,"step":0.5,"position":1,"bluff":0,"handValue":0.10410000000000001,"percentBets_1":0.12698412698412698,"percentBets_2":0.064,"percentBets_3":0.12698412698412698},"output":{"chips":0.5}},
{"input":{"Win":0,"Lose":0.07333333333333333,"myCurrBet":0.02666666666666667,"step":0.75,"position":1,"bluff":1,"handValue":0.10350000000000001,"percentBets_1":0.12698412698412698,"percentBets_2":0.064,"percentBets_3":0.12698412698412698},"output":{"chips":1}},
{"input":{"Win":0,"Lose":0.07333333333333333,"myCurrBet":0.03333333333333333,"step":0.75,"position":1,"bluff":0,"handValue":0.10350000000000001,"percentBets_1":0.19047619047619047,"percentBets_2":0.096,"percentBets_3":0.12698412698412698},"output":{"chips":0.5}},
{"input":{"Win":0,"Lose":0.06666666666666667,"myCurrBet":0,"step":0,"position":1,"bluff":1,"percentBets_1":0.010526315789473684,"percentBets_2":0.017699115044247787,"handValue":0.601306,"percentBets_3":0.07272727272727272},"output":{"chips":0.5}},
{"input":{"Win":0,"Lose":0.06666666666666667,"myCurrBet":0.013333333333333334,"step":0,"position":1,"bluff":0,"handValue":0.601306,"percentBets_1":0.08421052631578947,"percentBets_2":0.07079646017699115,"percentBets_3":0.14545454545454545},"output":{"chips":0.5}},
{"input":{"Win":0,"Lose":0.06666666666666667,"myCurrBet":0.02666666666666667,"step":0.25,"position":1,"bluff":0,"handValue":0.10360000000000001,"percentBets_1":0.08421052631578947,"percentBets_2":0.07079646017699115,"percentBets_3":0.18181818181818182},"output":{"chips":0.5}},
{"input":{"Win":0,"Lose":0.06666666666666667,"myCurrBet":0.03333333333333333,"step":0.25,"position":1,"bluff":1,"handValue":0.10360000000000001,"percentBets_1":0.12631578947368421,"percentBets_2":0.10619469026548672,"percentBets_3":0.21818181818181817},"output":{"chips":1}},
{"input":{"Win":0,"Lose":0.06666666666666667,"myCurrBet":0.04666666666666667,"step":0.25,"position":1,"bluff":0,"handValue":0.10360000000000001,"percentBets_1":0.21052631578947367,"percentBets_2":0.17699115044247787,"percentBets_3":0.14545454545454545},"output":{"chips":0.5}},
{"input":{"Win":0,"Lose":0.06666666666666667,"myCurrBet":0.06666666666666667,"step":0.5,"position":1,"bluff":0,"handValue":0.1034,"percentBets_1":0.21052631578947367,"percentBets_2":0.17699115044247787},"output":{"chips":0.5}},
{"input":{"Win":0,"Lose":0.06666666666666667,"myCurrBet":0.06666666666666667,"step":0.75,"position":1,"bluff":0,"handValue":0.1039,"percentBets_1":0.21052631578947367,"percentBets_2":0.17699115044247787},"output":{"chips":0.5}},
{"input":{"Win":0,"Lose":0,"myCurrBet":0,"step":0,"position":1,"bluff":0,"percentBets_1":0.013333333333333334,"percentBets_2":0.012121212121212121,"handValue":0.1019,"percentBets_3":0.09302325581395349},"output":{"chips":0.5}},
{"input":{"Win":0,"Lose":0,"myCurrBet":0.03333333333333333,"step":0.25,"position":1,"bluff":1,"handValue":0.10450000000000001,"percentBets_1":0.16,"percentBets_2":0.07272727272727272,"percentBets_3":0.27906976744186046},"output":{"chips":0.5}},
{"input":{"Win":0,"Lose":0,"myCurrBet":0.04,"step":0.5,"position":1,"bluff":0,"handValue":0.1042,"percentBets_1":0.16,"percentBets_2":0.07272727272727272,"percentBets_3":0.27906976744186046},"output":{"chips":0.5}},
{"input":{"Win":0,"Lose":0,"myCurrBet":0.04,"step":0.75,"position":1,"bluff":0,"handValue":0.1044,"percentBets_1":0.16,"percentBets_2":0.07272727272727272,"percentBets_3":0.32558139534883723},"output":{"chips":0}},
{"input":{"Win":0,"Lose":0,"myCurrBet":0.02666666666666667,"step":0.25,"position":1,"bluff":1,"handValue":0.10450000000000001,"percentBets_1":0.10666666666666667,"percentBets_2":0.048484848484848485,"percentBets_3":0.18604651162790697},"output":{"chips":1}},
{"input":{"Win":0,"Lose":0,"myCurrBet":0.013333333333333334,"step":0,"position":1,"bluff":0,"handValue":0.1019,"percentBets_1":0.10666666666666667,"percentBets_2":0.048484848484848485,"percentBets_3":0.18604651162790697},"output":{"chips":0.5}},
{"input":{"Win":0,"Lose":0.04,"myCurrBet":0,"step":0,"position":1,"bluff":0,"percentBets_1":0.015873015873015872,"percentBets_2":0.013071895424836602,"handValue":0.101,"percentBets_3":0.02531645569620253},"output":{"chips":0.5}},
{"input":{"Win":0,"Lose":0.04,"myCurrBet":0.006666666666666667,"step":0,"position":1,"bluff":0,"handValue":0.101,"percentBets_1":0.06349206349206349,"percentBets_2":0.026143790849673203,"percentBets_3":0.05063291139240506},"output":{"chips":0.5}},
{"input":{"Win":0,"Lose":0.04,"myCurrBet":0.013333333333333334,"step":0.25,"position":1,"bluff":1,"handValue":0.1013,"percentBets_1":0.06349206349206349,"percentBets_2":0.026143790849673203,"percentBets_3":0.0759493670886076},"output":{"chips":1}},
