{"input":{"Win":0,"Lose":0.02666666666666667,"myCurrBet":0.0033333333333333335,"step":0,"position":0.5,"bluff":0,"percentBets_1":0.04,"handValue":0.1019,"percentBets_3":0.013333333333333334,"percentBets_4":0.02666666666666667},"output":{"chips":1}},
{"input":{"Win":0,"Lose":0.02666666666666667,"myCurrBet":0.02666666666666667,"step":0.25,"position":0.5,"bluff":0,"handValue":0.1029,"percentBets_3":0.10666666666666667,"percentBets_4":0.10666666666666667,"percentBets_1":0.10666666666666667},"output":{"chips":0.5}},
{"input":{"Win":0,"Lose":0.02666666666666667,"myCurrBet":0.013333333333333334,"step":0,"position":0.5,"bluff":0,"handValue":0.1019,"percentBets_3":0.05333333333333334,"percentBets_4":0.10666666666666667,"percentBets_1":0.10666666666666667},"output":{"chips":0.5}},
{"input":{"Win":0,"Lose":0.02666666666666667,"myCurrBet":0.02666666666666667,"step":0.5,"position":0.5,"bluff":0,"handValue":0.1038,"percentBets_3":0.10666666666666667,"percentBets_4":0.10666666666666667,"percentBets_1":0.10666666666666667},"output":{"chips":0}},
{"input":{"Win":0,"Lose":0.02666666666666667,"myCurrBet":0.02666666666666667,"step":0.5,"position":0.5,"bluff":0,"handValue":0.1038,"percentBets_3":0.10666666666666667,"percentBets_4":0.10666666666666667,"percentBets_1":0.10666666666666667},"output":{"chips":0}},
{"input":{"Win":0,"Lose":0,"myCurrBet":0.0033333333333333335,"step":0,"position":0.5,"bluff":0,"percentBets_1":0.04477611940298507,"handValue":0.10110000000000001,"percentBets_3":0.010101010101010102,"percentBets_4":0.029850746268656716},"output":{"chips":1}},
{"input":{"Win":0,"Lose":0,"myCurrBet":0.02666666666666667,"step":0.25,"position":0.5,"bluff":0,"handValue":0.1028,"percentBets_3":0.08080808080808081,"percentBets_4":0.11940298507462686,"percentBets_1":0.11940298507462686},"output":{"chips":0.5}},
{"input":{"Win":0,"Lose":0,"myCurrBet":0.02666666666666667,"step":0.5,"position":0.5,"bluff":0,"handValue":0.1033,"percentBets_3":0.08080808080808081,"percentBets_4":0.11940298507462686,"percentBets_1":0.11940298507462686},"output":{"chips":0}},
{"input":{"Win":0,"Lose":0,"myCurrBet":0.013333333333333334,"step":0,"position":0.5,"bluff":0,"handValue":0.10110000000000001,"percentBets_3":0.04040404040404041,"percentBets_4":0.11940298507462686,"percentBets_1":0.11940298507462686},"output":{"chips":0.5}},
{"input":{"Win":0,"Lose":0,"myCurrBet":0.02666666666666667,"step":0.5,"position":0.5,"bluff":1,"handValue":0.1033,"percentBets_3":0.08080808080808081,"percentBets_4":0.11940298507462686,"percentBets_1":0.11940298507462686},"output":{"chips":1}},
{"input":{"Win":0,"Lose":0,"myCurrBet":0.03,"step":0.5,"position":0.5,"bluff":0,"handValue":0.10450000000000001,"percentBets_3":0.09090909090909091,"percentBets_4":0.14925373134328357,"percentBets_1":0.11940298507462686},"output":{"chips":0}},
{"input":{"Win":0,"Lose":0.056666666666666664,"myCurrBet":0.0033333333333333335,"step":0,"position":0.5,"bluff":0,"percentBets_1":0.05084745762711865,"handValue":0.10120000000000001,"percentBets_3":0.011111111111111112,"percentBets_4":0.021505376344086023},"output":{"chips":1}},
{"input":{"Win":0,"Lose":0.056666666666666664,"myCurrBet":0.02666666666666667,"step":0.25,"position":0.5,"bluff":0,"handValue":0.1022,"percentBets_3":0.08888888888888889,"percentBets_4":0.08602150537634409,"percentBets_1":0.13559322033898305},"output":{"chips":0.5}},
{"input":{"Win":0,"Lose":0.056666666666666664,"myCurrBet":0.02666666666666667,"step":0.5,"position":0.5,"bluff":0,"handValue":0.1027,"percentBets_3":0.08888888888888889,"percentBets_4":0.08602150537634409,"percentBets_1":0.13559322033898305},"output":{"chips":0}},
{"input":{"Win":0,"Lose":0.056666666666666664,"myCurrBet":0.02666666666666667,"step":0.5,"position":0.5,"bluff":0,"handValue":0.1027,"percentBets_3":0.08888888888888889,"percentBets_4":0.08602150537634409,"percentBets_1":0.13559322033898305},"output":{"chips":0}},
{"input":{"Win":0,"Lose":0.056666666666666664,"myCurrBet":0.013333333333333334,"step":0,"position":0.5,"bluff":0,"handValue":0.10120000000000001,"percentBets_3":0.044444444444444446,"percentBets_4":0.08602150537634409,"percentBets_1":0.13559322033898305},"output":{"chips":0.5}},
{"input":{"Win":0.05,"Lose":0,"myCurrBet":0.01,"step":0,"position":0.5,"bluff":1,"handValue":0.10160000000000001,"percentBets_3":0.036585365853658534,"percentBets_4":0.05128205128205128},"output":{"chips":0.5}},
{"input":{"Win":0.05,"Lose":0,"myCurrBet":0.02,"step":0.5,"position":0.5,"bluff":0,"handValue":0.10400000000000001,"percentBets_3":0.07317073170731707,"percentBets_4":0.05128205128205128},"output":{"chips":0}},
{"input":{"Win":0.05,"Lose":0,"myCurrBet":0.02,"step":0.25,"position":0.5,"bluff":0,"handValue":0.1039,"percentBets_3":0.07317073170731707,"percentBets_4":0.05128205128205128},"output":{"chips":0.5}},
{"input":{"Win":0.05,"Lose":0,"myCurrBet":0.02,"step":0.5,"position":0.5,"bluff":1,"handValue":0.10400000000000001,"percentBets_3":0.07317073170731707,"percentBets_4":0.05128205128205128},"output":{"chips":0.5}},
{"input":{"Win":0.05,"Lose":0,"myCurrBet":0.0033333333333333335,"step":0,"position":0.5,"bluff":0,"percentBets_1":0,"handValue":0.10160000000000001,"percentBets_3":0.012195121951219513,"percentBets_4":0.017094017094017096},"output":{"chips":1}},
{"input":{"Win":0,"Lose":0.02666666666666667,"myCurrBet":0.02666666666666667,"step":0.25,"position":0.5,"bluff":0,"handValue":0.10300000000000001,"percentBets_3":0.10526315789473684,"percentBets_4":0.07207207207207207,"percentBets_1":0.15841584158415842},"output":{"chips":0.5}},
{"input":{"Win":0,"Lose":0.02666666666666667,"myCurrBet":0.02666666666666667,"step":0.5,"position":0.5,"bluff":0,"handValue":0.10350000000000001,"percentBets_3":0.10526315789473684,"percentBets_4":0.07207207207207207,"percentBets_1":0.15841584158415842},"output":{"chips":0}},
{"input":{"Win":0,"Lose":0.02666666666666667,"myCurrBet":0.02666666666666667,"step":0.5,"position":0.5,"bluff":0,"handValue":0.10350000000000001,"percentBets_3":0.10526315789473684,"percentBets_4":0.07207207207207207,"percentBets_1":0.15841584158415842},"output":{"chips":0}},
{"input":{"Win":0,"Lose":0.02666666666666667,"myCurrBet":0.013333333333333334,"step":0,"position":0.5,"bluff":0,"handValue":0.10200000000000001,"percentBets_3":0.05263157894736842,"percentBets_4":0.07207207207207207,"percentBets_1":0.15841584158415842},"output":{"chips":0.5}},
{"input":{"Win":0,"Lose":0.02666666666666667,"myCurrBet":0.0033333333333333335,"step":0,"position":0.5,"bluff":0,"percentBets_1":0.0594059405940594,"handValue":0.10200000000000001,"percentBets_3":0.013157894736842105,"percentBets_4":0.018018018018018018},"output":{"chips":1}},
{"input":{"Win":0.05091649694501019,"Lose":0,"myCurrBet":0.0033333333333333335,"step":0,"position":0.5,"bluff":0,"percentBets_1":0,"handValue":0.1013,"percentBets_3":0.01,"percentBets_4":0.019417475728155338},"output":{"chips":1}},
{"input":{"Win":0.05091649694501019,"Lose":0,"myCurrBet":0.02,"step":0.5,"position":0.5,"bluff":0,"handValue":0.10450000000000001,"percentBets_3":0.06,"percentBets_4":0.05825242718446602},"output":{"chips":0}},
{"input":{"Win":0.05091649694501019,"Lose":0,"myCurrBet":0.02,"step":0.25,"position":0.5,"bluff":0,"handValue":0.10350000000000001,"percentBets_3":0.06,"percentBets_4":0.05825242718446602},"output":{"chips":0.5}},
{"input":{"Win":0.05091649694501019,"Lose":0,"myCurrBet":0.01,"step":0,"position":0.5,"bluff":0,"handValue":0.1013,"percentBets_3":0.03,"percentBets_4":0.05825242718446602},"output":{"chips":0.5}},
{"input":{"Win":0.05091649694501019,"Lose":0,"myCurrBet":0.02,"step":0.5,"position":0.5,"bluff":0,"handValue":0.10450000000000001,"percentBets_3":0.06,"percentBets_4":0.05825242718446602},"output":{"chips":0}},
{"input":{"Win":0,"Lose":0.02,"myCurrBet":0.0033333333333333335,"step":0,"position":0.5,"bluff":0,"percentBets_1":0,"handValue":0.1015,"percentBets_3":0.010638297872340425,"percentBets_4":0.020618556701030927},"output":{"chips":1}},
{"input":{"Win":0,"Lose":0.02,"myCurrBet":0.02,"step":0.25,"position":0.5,"bluff":0,"handValue":0.1023,"percentBets_3":0.06382978723404255,"percentBets_4":0.061855670103092786},"output":{"chips":0.5}},
{"input":{"Win":0,"Lose":0.02,"myCurrBet":0.02,"step":0.5,"position":0.5,"bluff":0,"handValue":0.1034,"percentBets_3":0.06382978723404255,"percentBets_4":0.061855670103092786},"output":{"chips":0}},
{"input":{"Win":0,"Lose":0.02,"myCurrBet":0.02,"step":0.5,"position":0.5,"bluff":0,"handValue":0.1034,"percentBets_3":0.06382978723404255,"percentBets_4":0.061855670103092786},"output":{"chips":0}},
{"input":{"Win":0,"Lose":0.02,"myCurrBet":0.01,"step":0,"position":0.5,"bluff":0,"handValue":0.1015,"percentBets_3":0.031914893617021274,"percentBets_4":0.061855670103092786},"output":{"chips":0.5}},
{"input":{"Win":0,"Lose":0,"myCurrBet":0.01,"step":0,"position":0.5,"bluff":0,"handValue":0.601306,"percentBets_3":0.03409090909090909,"percentBets_4":0.0547945205479452,"percentBets_1":0.14457831325301204},"output":{"chips":0}},
{"input":{"Win":0,"Lose":0,"myCurrBet":0.0033333333333333335,"step":0,"position":0.5,"bluff":0,"percentBets_1":0.07228915662650602,"handValue":0.601306,"percentBets_3":0.011363636363636364,"percentBets_4":0.0182648401826484},"output":{"chips":0.5}},
{"input":{"Win":0,"Lose":0.03666666666666667,"myCurrBet":0.0033333333333333335,"step":0,"position":0.5,"bluff":0,"percentBets_1":0.08955223880597014,"handValue":0.1009,"percentBets_3":0.011764705882352941,"percentBets_4":0.016194331983805668},"output":{"chips":1}},
{"input":{"Win":0,"Lose":0.03666666666666667,"myCurrBet":0.02666666666666667,"step":0.25,"position":0.5,"bluff":0,"handValue":0.10350000000000001,"percentBets_3":0.09411764705882353,"percentBets_4":0.06477732793522267,"percentBets_1":0.23880597014925373},"output":{"chips":0}},
{"input":{"Win":0,"Lose":0.03666666666666667,"myCurrBet":0.02666666666666667,"step":0.25,"position":0.5,"bluff":0,"handValue":0.10350000000000001,"percentBets_3":0.09411764705882353,"percentBets_4":0.06477732793522267,"percentBets_1":0.23880597014925373},"output":{"chips":0}},
{"input":{"Win":0,"Lose":0.03666666666666667,"myCurrBet":0.013333333333333334,"step":0,"position":0.5,"bluff":0,"handValue":0.1009,"percentBets_3":0.047058823529411764,"percentBets_4":0.06477732793522267,"percentBets_1":0.23880597014925373},"output":{"chips":0.5}},
{"input":{"Win":0,"Lose":0.03666666666666667,"myCurrBet":0.02666666666666667,"step":0.25,"position":0.5,"bluff":1,"handValue":0.10410000000000001,"percentBets_3":0.09411764705882353,"percentBets_4":0.06477732793522267,"percentBets_1":0.23880597014925373},"output":{"chips":0.5}},
{"input":{"Win":0,"Lose":0.02666666666666667,"myCurrBet":0.0033333333333333335,"step":0,"position":0.5,"bluff":1,"percentBets_1":0.05217391304347826,"handValue":0.101,"percentBets_3":0.012987012987012988,"percentBets_4":0.017316017316017316},"output":{"chips":1}},
{"input":{"Win":0,"Lose":0.02666666666666667,"myCurrBet":0.02666666666666667,"step":0.5,"position":0.5,"bluff":0,"handValue":0.1019,"percentBets_3":0.1038961038961039,"percentBets_4":0.06926406926406926,"percentBets_1":0.1391304347826087},"output":{"chips":0}},
{"input":{"Win":0,"Lose":0.02666666666666667,"myCurrBet":0.02666666666666667,"step":0.5,"position":0.5,"bluff":1,"handValue":0.1019,"percentBets_3":0.1038961038961039,"percentBets_4":0.06926406926406926,"percentBets_1":0.1391304347826087},"output":{"chips":0.5}},
{"input":{"Win":0,"Lose":0.02666666666666667,"myCurrBet":0.02666666666666667,"step":0.25,"position":0.5,"bluff":1,"handValue":0.10250000000000001,"percentBets_3":0.1038961038961039,"percentBets_4":0.06926406926406926,"percentBets_1":0.1391304347826087},"output":{"chips":0.5}},
{"input":{"Win":0,"Lose":0.02666666666666667,"myCurrBet":0.013333333333333334,"step":0,"position":0.5,"bluff":0,"handValue":0.101,"percentBets_3":0.05194805194805195,"percentBets_4":0.06926406926406926,"percentBets_1":0.1391304347826087},"output":{"chips":0.5}},
{"input":{"Win":0,"Lose":0.02666666666666667,"myCurrBet":0.02666666666666667,"step":0.5,"position":0.5,"bluff":0,"handValue":0.1042,"percentBets_3":0.07920792079207921,"percentBets_4":0.07441860465116279,"percentBets_1":0.16161616161616163},"output":{"chips":0}},
{"input":{"Win":0,"Lose":0.02666666666666667,"myCurrBet":0.0033333333333333335,"step":0,"position":0.5,"bluff":0,"percentBets_1":0.06060606060606061,"handValue":0.1009,"percentBets_3":0.009900990099009901,"percentBets_4":0.018604651162790697},"output":{"chips":1}},
{"input":{"Win":0,"Lose":0.02666666666666667,"myCurrBet":0.013333333333333334,"step":0,"position":0.5,"bluff":0,"handValue":0.1009,"percentBets_3":0.039603960396039604,"percentBets_4":0.07441860465116279,"percentBets_1":0.16161616161616163},"output":{"chips":0.5}},
{"input":{"Win":0,"Lose":0.02666666666666667,"myCurrBet":0.02666666666666667,"step":0.25,"position":0.5,"bluff":0,"handValue":0.1037,"percentBets_3":0.07920792079207921,"percentBets_4":0.07441860465116279,"percentBets_1":0.16161616161616163},"output":{"chips":0.5}},
{"input":{"Win":0,"Lose":0.02666666666666667,"myCurrBet":0.02666666666666667,"step":0.5,"position":0.5,"bluff":0,"handValue":0.1042,"percentBets_3":0.07920792079207921,"percentBets_4":0.07441860465116279,"percentBets_1":0.16161616161616163},"output":{"chips":0}},
{"input":{"Win":0,"Lose":0,"myCurrBet":0.0033333333333333335,"step":0,"position":0.5,"bluff":0,"percentBets_1":0.07228915662650602,"handValue":0.1009,"percentBets_3":0.010752688172043012,"percentBets_4":0.015209125475285171},"output":{"chips":1}},
{"input":{"Win":0,"Lose":0,"myCurrBet":0.013333333333333334,"step":0,"position":0.5,"bluff":0,"handValue":0.1009,"percentBets_3":0.043010752688172046,"percentBets_4":0.060836501901140684,"percentBets_1":0.1927710843373494},"output":{"chips":0.5}},
{"input":{"Win":0,"Lose":0,"myCurrBet":0.02666666666666667,"step":0.5,"position":0.5,"bluff":0,"handValue":0.10350000000000001,"percentBets_3":0.08602150537634409,"percentBets_4":0.060836501901140684,"percentBets_1":0.1927710843373494},"output":{"chips":0}},
{"input":{"Win":0,"Lose":0,"myCurrBet":0.02666666666666667,"step":0.25,"position":0.5,"bluff":0,"handValue":0.1033,"percentBets_3":0.08602150537634409,"percentBets_4":0.060836501901140684,"percentBets_1":0.1927710843373494},"output":{"chips":0.5}},
{"input":{"Win":0,"Lose":0,"myCurrBet":0.03,"step":0.5,"position":0.5,"bluff":1,"handValue":0.1043,"percentBets_3":0.0967741935483871,"percentBets_4":0.07604562737642585,"percentBets_1":0.26506024096385544},"output":{"chips":1}},
{"input":{"Win":0,"Lose":0,"myCurrBet":0.02666666666666667,"step":0.5,"position":0.5,"bluff":1,"handValue":0.10350000000000001,"percentBets_3":0.08602150537634409,"percentBets_4":0.060836501901140684,"percentBets_1":0.1927710843373494},"output":{"chips":1}},
{"input":{"Win":0,"Lose":0,"myCurrBet":0.04,"step":0.5,"position":0.5,"bluff":0,"handValue":0.1043,"percentBets_3":0.12903225806451613,"percentBets_4":0.12167300380228137,"percentBets_1":0.1927710843373494},"output":{"chips":0}},
{"input":{"Win":0,"Lose":0.04,"myCurrBet":0.0033333333333333335,"step":0,"position":0.5,"bluff":0,"percentBets_1":0.09836065573770492,"handValue":0.1023,"percentBets_3":0.012345679012345678,"percentBets_4":0.012012012012012012},"output":{"chips":1}},
{"input":{"Win":0,"Lose":0.04,"myCurrBet":0.013333333333333334,"step":0,"position":0.5,"bluff":0,"handValue":0.1023,"percentBets_3":0.04938271604938271,"percentBets_4":0.04804804804804805,"percentBets_1":0.26229508196721313},"output":{"chips":0.5}},
{"input":{"Win":0,"Lose":0.04,"myCurrBet":0.03,"step":0.25,"position":0.5,"bluff":0,"handValue":0.10540000000000001,"percentBets_3":0.1111111111111111,"percentBets_4":0.06006006006006006,"percentBets_1":0.26229508196721313},"output":{"chips":0}},
{"input":{"Win":0,"Lose":0.04,"myCurrBet":0.02666666666666667,"step":0.25,"position":0.5,"bluff":1,"handValue":0.10540000000000001,"percentBets_3":0.09876543209876543,"percentBets_4":0.04804804804804805,"percentBets_1":0.26229508196721313},"output":{"chips":1}},
{"input":{"Win":0,"Lose":0.05,"myCurrBet":0.0033333333333333335,"step":0,"position":0.5,"bluff":0,"percentBets_1":0,"handValue":0.1017,"percentBets_3":0.013888888888888888,"percentBets_4":0.01038961038961039},"output":{"chips":1}},
{"input":{"Win":0,"Lose":0.05,"myCurrBet":0.01,"step":0,"position":0.5,"bluff":0,"handValue":0.1017,"percentBets_3":0.041666666666666664,"percentBets_4":0.03116883116883117},"output":{"chips":0.5}},
{"input":{"Win":0,"Lose":0.05,"myCurrBet":0.02,"step":0.25,"position":0.5,"bluff":0,"handValue":0.1028,"percentBets_3":0.08333333333333333,"percentBets_4":0.03116883116883117},"output":{"chips":0.5}},
{"input":{"Win":0,"Lose":0.05,"myCurrBet":0.02,"step":0.5,"position":0.5,"bluff":0,"handValue":0.1039,"percentBets_3":0.08333333333333333,"percentBets_4":0.03116883116883117},"output":{"chips":0}},
{"input":{"Win":0,"Lose":0.05,"myCurrBet":0.02,"step":0.5,"position":0.5,"bluff":0,"handValue":0.1039,"percentBets_3":0.08333333333333333,"percentBets_4":0.03116883116883117},"output":{"chips":0}},
{"input":{"Win":0,"Lose":0,"myCurrBet":0.01,"step":0,"position":0.5,"bluff":0,"handValue":0.600403,"percentBets_3":0.03550295857988166,"percentBets_4":0.032171581769437,"percentBets_1":0.2727272727272727},"output":{"chips":0}},
{"input":{"Win":0,"Lose":0,"myCurrBet":0.0033333333333333335,"step":0,"position":0.5,"bluff":0,"percentBets_1":0.13636363636363635,"handValue":0.600403,"percentBets_3":0.011834319526627219,"percentBets_4":0.010723860589812333},"output":{"chips":0.5}},
{"input":{"Win":0,"Lose":0.023333333333333334,"myCurrBet":0.013333333333333334,"step":0.25,"position":0.5,"bluff":0,"handValue":0.10400000000000001,"percentBets_3":0.049079754601226995,"percentBets_4":0.022408963585434174,"percentBets_1":0.1111111111111111},"output":{"chips":1}},
{"input":{"Win":0,"Lose":0.023333333333333334,"myCurrBet":0.013333333333333334,"step":0.5,"position":0.5,"bluff":0,"handValue":0.1028,"percentBets_3":0.049079754601226995,"percentBets_4":0.022408963585434174,"percentBets_1":0.1111111111111111},"output":{"chips":0}},
{"input":{"Win":0,"Lose":0.023333333333333334,"myCurrBet":0.006666666666666667,"step":0,"position":0.5,"bluff":0,"percentBets_1":0.1111111111111111,"handValue":0.10160000000000001,"percentBets_3":0.024539877300613498,"percentBets_4":0.022408963585434174},"output":{"chips":1}},
{"input":{"Win":0,"Lose":0.023333333333333334,"myCurrBet":0.013333333333333334,"step":0.5,"position":0.5,"bluff":0,"handValue":0.1028,"percentBets_3":0.049079754601226995,"percentBets_4":0.022408963585434174,"percentBets_1":0.1111111111111111},"output":{"chips":0}},
