{"input":{"Win":0,"Lose":0,"myCurrBet":0.0033333333333333335,"step":0,"position":0.5,"bluff":0,"percentBets_1":0.05333333333333334,"handValue":0.500000000011,"percentBets_3":0.013333333333333334,"percentBets_4":0.02666666666666667},"output":{"chips":1}},
{"input":{"Win":0,"Lose":0,"myCurrBet":0.023333333333333334,"step":0,"position":0.5,"bluff":0,"handValue":0.500000000011,"percentBets_3":0.09333333333333334,"percentBets_4":0.18666666666666668,"percentBets_1":0.22666666666666666},"output":{"chips":0}},
{"input":{"Win":0,"Lose":0.023333333333333334,"myCurrBet":0.0033333333333333335,"step":0,"position":0.5,"bluff":1,"percentBets_1":0.02912621359223301,"handValue":0.500000000007,"percentBets_3":0.014705882352941176,"percentBets_4":0.03278688524590164},"output":{"chips":1}},
{"input":{"Win":0,"Lose":0.023333333333333334,"myCurrBet":0.016666666666666666,"step":0,"position":0.5,"bluff":0,"handValue":0.500000000007,"percentBets_3":0.07352941176470588,"percentBets_4":0.16393442622950818,"percentBets_1":0.1262135922330097},"output":{"chips":0}},
{"input":{"Win":0,"Lose":0.016666666666666666,"myCurrBet":0.0033333333333333335,"step":0,"position":0.5,"bluff":0,"percentBets_1":0,"handValue":0.1013,"percentBets_3":0.015873015873015872,"percentBets_4":0.0392156862745098},"output":{"chips":1}},
{"input":{"Win":0,"Lose":0.016666666666666666,"myCurrBet":0.013333333333333334,"step":0,"position":0.5,"bluff":0,"handValue":0.1013,"percentBets_3":0.06349206349206349,"percentBets_4":0.1568627450980392},"output":{"chips":1}},
{"input":{"Win":0,"Lose":0.016666666666666666,"myCurrBet":0.06,"step":0.25,"position":0.5,"bluff":1,"handValue":0.400000081102,"percentBets_3":0.2857142857142857,"percentBets_4":0.35294117647058826},"output":{"chips":1}},
{"input":{"Win":0,"Lose":0.016666666666666666,"myCurrBet":0.07,"step":0.25,"position":0.5,"bluff":0,"handValue":0.400000081102,"percentBets_3":0.3333333333333333,"percentBets_4":0.47058823529411764},"output":{"chips":0}},
{"input":{"Win":0,"Lose":0.016666666666666666,"myCurrBet":0.03,"step":0,"position":0.5,"bluff":0,"handValue":0.1013,"percentBets_3":0.14285714285714285,"percentBets_4":0.35294117647058826},"output":{"chips":0.5}},
{"input":{"Win":0,"Lose":0.07,"myCurrBet":0.0033333333333333335,"step":0,"position":0.5,"bluff":0,"percentBets_1":0.024489795918367346,"handValue":0.1,"percentBets_3":0.023809523809523808,"percentBets_4":0.0213903743315508},"output":{"chips":1}},
{"input":{"Win":0,"Lose":0.07,"myCurrBet":0.043333333333333335,"step":0,"position":0.5,"bluff":0,"handValue":0.1,"percentBets_3":0.30952380952380953,"percentBets_4":0.27807486631016043,"percentBets_1":0},"output":{"chips":0}},
{"input":{"Win":0,"Lose":0.07,"myCurrBet":0.016666666666666666,"step":0,"position":0.5,"bluff":0,"handValue":0.1,"percentBets_3":0.11904761904761904,"percentBets_4":0.10695187165775401,"percentBets_1":0.08163265306122448},"output":{"chips":1}},
{"input":{"Win":0,"Lose":0.043333333333333335,"myCurrBet":0.016666666666666666,"step":0,"position":0.5,"bluff":0,"handValue":0.10210000000000001,"percentBets_3":0.1724137931034483,"percentBets_4":0.07722007722007722},"output":{"chips":0.5}},
{"input":{"Win":0,"Lose":0.043333333333333335,"myCurrBet":0.0033333333333333335,"step":0,"position":0.5,"bluff":0,"percentBets_1":0,"handValue":0.10210000000000001,"percentBets_3":0.034482758620689655,"percentBets_4":0.015444015444015444},"output":{"chips":1}},
{"input":{"Win":0,"Lose":0.043333333333333335,"myCurrBet":0.03333333333333333,"step":0.25,"position":0.5,"bluff":0,"handValue":0.10410000000000001,"percentBets_3":0.3448275862068966,"percentBets_4":0.07722007722007722},"output":{"chips":0}},
{"input":{"Win":0,"Lose":0.043333333333333335,"myCurrBet":0.03333333333333333,"step":0.25,"position":0.5,"bluff":1,"handValue":0.10410000000000001,"percentBets_3":0.3448275862068966,"percentBets_4":0.07722007722007722},"output":{"chips":1}},
{"input":{"Win":0,"Lose":0.043333333333333335,"myCurrBet":0.043333333333333335,"step":0.25,"position":0.5,"bluff":0,"handValue":0.1046,"percentBets_3":0.4482758620689655,"percentBets_4":0.12355212355212356},"output":{"chips":0}},
{"input":{"Win":0,"Lose":0.07,"myCurrBet":0.0033333333333333335,"step":0,"position":0.5,"bluff":0,"percentBets_1":0.026785714285714284,"handValue":0.1023,"percentBets_3":0.0625,"percentBets_4":0.01282051282051282},"output":{"chips":1}},
{"input":{"Win":0,"Lose":0.07,"myCurrBet":0.013333333333333334,"step":0,"position":0.5,"bluff":0,"handValue":0.1023,"percentBets_3":0.25,"percentBets_4":0.05128205128205128,"percentBets_1":0},"output":{"chips":0.5}},
{"input":{"Win":0,"Lose":0.07,"myCurrBet":0.02666666666666667,"step":0.25,"position":0.5,"bluff":0,"handValue":0.1024,"percentBets_3":0.5,"percentBets_4":0.05128205128205128},"output":{"chips":0}},
{"input":{"Win":0,"Lose":0.07,"myCurrBet":0.02666666666666667,"step":0.25,"position":0.5,"bluff":0,"handValue":0.10260000000000001,"percentBets_3":0.5,"percentBets_4":0.05128205128205128},"output":{"chips":0}},
{"input":{"Win":0,"Lose":0.07,"myCurrBet":0.02666666666666667,"step":0.25,"position":0.5,"bluff":0,"handValue":0.1024,"percentBets_3":0.5,"percentBets_4":0.05128205128205128},"output":{"chips":0}},
{"input":{"Win":0,"Lose":0,"myCurrBet":0.0033333333333333335,"step":0,"position":0.5,"bluff":0,"percentBets_1":0.01834862385321101,"handValue":0.1017,"percentBets_3":0.125,"percentBets_4":0.011428571428571429},"output":{"chips":0.5}},
{"input":{"Win":0,"Lose":0,"myCurrBet":0.006666666666666667,"step":0.25,"position":0.5,"bluff":0,"handValue":0.10400000000000001,"percentBets_3":0.25,"percentBets_4":0.011428571428571429,"percentBets_1":0.03669724770642202},"output":{"chips":0}},
{"input":{"Win":0,"Lose":0,"myCurrBet":0.006666666666666667,"step":0.25,"position":0.5,"bluff":0,"handValue":0.10400000000000001,"percentBets_3":0.25,"percentBets_4":0.011428571428571429,"percentBets_1":0.01834862385321101},"output":{"chips":0}},
{"input":{"Win":0,"Lose":0.006666666666666667,"myCurrBet":0.016666666666666666,"step":0,"position":0.5,"bluff":0,"handValue":0.10210000000000001,"percentBets_3":0.8333333333333334,"percentBets_4":0.057803468208092484,"percentBets_1":0.11304347826086956},"output":{"chips":0}},
{"input":{"Win":0,"Lose":0.006666666666666667,"myCurrBet":0.0033333333333333335,"step":0,"position":0.5,"bluff":0,"percentBets_1":0.043478260869565216,"handValue":0.10210000000000001,"percentBets_3":0.16666666666666666,"percentBets_4":0.011560693641618497},"output":{"chips":0.5}},
{"input":{"Win":0,"Lose":0.016666666666666666,"myCurrBet":0.0033333333333333335,"step":0,"position":0.5,"bluff":0,"percentBets_1":0,"handValue":0.600802,"percentBets_3":1,"percentBets_4":0.012269938650306749},"output":{"chips":0}},
