{"input":{"Win":0,"Lose":0.03111111111111111,"myCurrBet":0.0044444444444444444,"step":0,"position":0.6666666666666666,"bluff":1,"percentBets_1":0.05333333333333334,"handValue":0.601004,"percentBets_3":0.05333333333333334},"output":{"chips":0.5}},
{"input":{"Win":0,"Lose":0.03111111111111111,"myCurrBet":0.017777777777777778,"step":0.25,"position":0.6666666666666666,"bluff":0,"handValue":0.10300000000000001,"percentBets_3":0.09333333333333334,"percentBets_1":0.09333333333333334},"output":{"chips":0.5}},
{"input":{"Win":0,"Lose":0.03111111111111111,"myCurrBet":0.03111111111111111,"step":0.5,"position":0.6666666666666666,"bluff":0,"handValue":0.1033,"percentBets_3":0.09333333333333334,"percentBets_1":0.09333333333333334},"output":{"chips":0.5}},
{"input":{"Win":0,"Lose":0.03111111111111111,"myCurrBet":0.03111111111111111,"step":0.75,"position":0.6666666666666666,"bluff":0,"handValue":0.1044,"percentBets_3":0.09333333333333334,"percentBets_1":0.09333333333333334},"output":{"chips":0}},
{"input":{"Win":0.08917197452229299,"Lose":0,"myCurrBet":0.0044444444444444444,"step":0,"position":0.6666666666666666,"bluff":0,"percentBets_1":0.033707865168539325,"handValue":0.10210000000000001,"percentBets_3":0.04411764705882353},"output":{"chips":1}},
{"input":{"Win":0.08917197452229299,"Lose":0,"myCurrBet":0.03111111111111111,"step":0.5,"position":0.6666666666666666,"bluff":0,"handValue":0.1052,"percentBets_3":0.10294117647058823,"percentBets_1":0.07865168539325842},"output":{"chips":0.5}},
{"input":{"Win":0.08917197452229299,"Lose":0,"myCurrBet":0.03111111111111111,"step":0.75,"position":0.6666666666666666,"bluff":0,"handValue":0.10650000000000001,"percentBets_3":0.10294117647058823,"percentBets_1":0.07865168539325842},"output":{"chips":0}},
{"input":{"Win":0.08917197452229299,"Lose":0,"myCurrBet":0.017777777777777778,"step":0.25,"position":0.6666666666666666,"bluff":1,"handValue":0.1042,"percentBets_3":0.058823529411764705,"percentBets_1":0.0449438202247191},"output":{"chips":1}},
{"input":{"Win":0,"Lose":0.022222222222222223,"myCurrBet":0.0044444444444444444,"step":0,"position":0.6666666666666666,"bluff":0,"percentBets_1":0.024390243902439025,"handValue":0.1014,"percentBets_3":0.03278688524590164},"output":{"chips":1}},
{"input":{"Win":0,"Lose":0.022222222222222223,"myCurrBet":0.022222222222222223,"step":0.25,"position":0.6666666666666666,"bluff":0,"handValue":0.1015,"percentBets_3":0.08196721311475409,"percentBets_1":0.06097560975609756},"output":{"chips":0.5}},
{"input":{"Win":0,"Lose":0.022222222222222223,"myCurrBet":0.022222222222222223,"step":0.75,"position":0.6666666666666666,"bluff":0,"handValue":0.300000040312,"percentBets_3":0.08196721311475409,"percentBets_1":0.06097560975609756},"output":{"chips":0}},
{"input":{"Win":0,"Lose":0.022222222222222223,"myCurrBet":0.022222222222222223,"step":0.5,"position":0.6666666666666666,"bluff":0,"handValue":0.1027,"percentBets_3":0.08196721311475409,"percentBets_1":0.06097560975609756},"output":{"chips":0.5}},
{"input":{"Win":0,"Lose":0.03111111111111111,"myCurrBet":0.0044444444444444444,"step":0,"position":0.6666666666666666,"bluff":0,"percentBets_1":0.021739130434782608,"handValue":0.1019,"percentBets_3":0.03571428571428571},"output":{"chips":1}},
{"input":{"Win":0,"Lose":0.03111111111111111,"myCurrBet":0.022222222222222223,"step":0.25,"position":0.6666666666666666,"bluff":1,"handValue":0.300000110812,"percentBets_3":0.08928571428571429,"percentBets_1":0.05434782608695652},"output":{"chips":1}},
{"input":{"Win":0,"Lose":0.03111111111111111,"myCurrBet":0.03111111111111111,"step":0.5,"position":0.6666666666666666,"bluff":0,"handValue":0.300000110812,"percentBets_3":0.125,"percentBets_1":0.07608695652173914},"output":{"chips":0}},
{"input":{"Win":0,"Lose":0.03111111111111111,"myCurrBet":0.03111111111111111,"step":0.5,"position":0.6666666666666666,"bluff":0,"handValue":0.300000110812,"percentBets_3":0.125,"percentBets_1":0.07608695652173914},"output":{"chips":0}},
{"input":{"Win":0,"Lose":0.013333333333333334,"myCurrBet":0.0044444444444444444,"step":0,"position":0.6666666666666666,"bluff":1,"percentBets_1":0.03529411764705882,"handValue":0.500000000003,"percentBets_3":0.04285714285714286},"output":{"chips":0.5}},
{"input":{"Win":0,"Lose":0.013333333333333334,"myCurrBet":0.013333333333333334,"step":0.5,"position":0.6666666666666666,"bluff":0,"handValue":0.1013,"percentBets_3":0.04285714285714286,"percentBets_1":0.03529411764705882},"output":{"chips":0.5}},
{"input":{"Win":0,"Lose":0.013333333333333334,"myCurrBet":0.013333333333333334,"step":0.75,"position":0.6666666666666666,"bluff":1,"handValue":0.1023,"percentBets_3":0.04285714285714286,"percentBets_1":0.03529411764705882},"output":{"chips":0.5}},
{"input":{"Win":0,"Lose":0.013333333333333334,"myCurrBet":0.013333333333333334,"step":0.25,"position":0.6666666666666666,"bluff":1,"handValue":0.10060000000000001,"percentBets_3":0.04285714285714286,"percentBets_1":0.03529411764705882},"output":{"chips":0.5}},
{"input":{"Win":0.05063291139240506,"Lose":0,"myCurrBet":0.013333333333333334,"step":0.25,"position":0.6666666666666666,"bluff":0,"handValue":0.1019,"percentBets_3":0.04477611940298507,"percentBets_1":0.03296703296703297},"output":{"chips":0.5}},
{"input":{"Win":0.05063291139240506,"Lose":0,"myCurrBet":0.0044444444444444444,"step":0,"position":0.6666666666666666,"bluff":0,"percentBets_1":0.02197802197802198,"handValue":0.600904,"percentBets_3":0.029850746268656716},"output":{"chips":1}},
{"input":{"Win":0.05063291139240506,"Lose":0,"myCurrBet":0.017777777777777778,"step":0.5,"position":0.6666666666666666,"bluff":0,"handValue":0.600906040302,"percentBets_3":0.05970149253731343,"percentBets_1":0.04395604395604396},"output":{"chips":0}},
{"input":{"Win":0.05063291139240506,"Lose":0,"myCurrBet":0.013333333333333334,"step":0.25,"position":0.6666666666666666,"bluff":0,"handValue":0.1019,"percentBets_3":0.05970149253731343,"percentBets_1":0.04395604395604396},"output":{"chips":0.5}},
{"input":{"Win":0.05063291139240506,"Lose":0,"myCurrBet":0.017777777777777778,"step":0.5,"position":0.6666666666666666,"bluff":0,"handValue":0.600906040302,"percentBets_3":0.05970149253731343,"percentBets_1":0.04395604395604396},"output":{"chips":0}},
{"input":{"Win":0,"Lose":0.03111111111111111,"myCurrBet":0.0044444444444444444,"step":0,"position":0.6666666666666666,"bluff":0,"percentBets_1":0.04597701149425287,"handValue":0.1014,"percentBets_3":0.06349206349206349},"output":{"chips":1}},
{"input":{"Win":0,"Lose":0.03111111111111111,"myCurrBet":0.03111111111111111,"step":0.25,"position":0.6666666666666666,"bluff":0,"handValue":0.1022,"percentBets_3":0.1111111111111111,"percentBets_1":0.08045977011494253},"output":{"chips":0.5}},
{"input":{"Win":0,"Lose":0.03111111111111111,"myCurrBet":0.03111111111111111,"step":0.5,"position":0.6666666666666666,"bluff":0,"handValue":0.400000091108,"percentBets_3":0.1111111111111111,"percentBets_1":0.08045977011494253},"output":{"chips":0}},
{"input":{"Win":0,"Lose":0.03111111111111111,"myCurrBet":0.03111111111111111,"step":0.5,"position":0.6666666666666666,"bluff":0,"handValue":0.400000091108,"percentBets_3":0.1111111111111111,"percentBets_1":0.08045977011494253},"output":{"chips":0}},
{"input":{"Win":0.06369426751592357,"Lose":0,"myCurrBet":0.0044444444444444444,"step":0,"position":0.6666666666666666,"bluff":0,"percentBets_1":0.0297029702970297,"handValue":0.1015,"percentBets_3":0.05357142857142857},"output":{"chips":1}},
{"input":{"Win":0.06369426751592357,"Lose":0,"myCurrBet":0.022222222222222223,"step":0.25,"position":0.6666666666666666,"bluff":0,"handValue":0.1039,"percentBets_3":0.08928571428571429,"percentBets_1":0.04950495049504951},"output":{"chips":0.5}},
{"input":{"Win":0.06369426751592357,"Lose":0,"myCurrBet":0.022222222222222223,"step":0.75,"position":0.6666666666666666,"bluff":0,"handValue":0.10300000000000001,"percentBets_3":0.08928571428571429,"percentBets_1":0.04950495049504951},"output":{"chips":0}},
{"input":{"Win":0.06369426751592357,"Lose":0,"myCurrBet":0.022222222222222223,"step":0.5,"position":0.6666666666666666,"bluff":0,"handValue":0.1043,"percentBets_3":0.08928571428571429,"percentBets_1":0.04950495049504951},"output":{"chips":0.5}},
{"input":{"Win":0.1360544217687075,"Lose":0,"myCurrBet":0.0044444444444444444,"step":0,"position":0.6666666666666666,"bluff":0,"percentBets_1":0.041666666666666664,"handValue":0.1,"percentBets_3":0.0784313725490196},"output":{"chips":1}},
{"input":{"Win":0.1360544217687075,"Lose":0,"myCurrBet":0.035555555555555556,"step":0.5,"position":0.6666666666666666,"bluff":0,"handValue":0.10360000000000001,"percentBets_3":0.1568627450980392,"percentBets_1":0.08333333333333333},"output":{"chips":0}},
{"input":{"Win":0.1360544217687075,"Lose":0,"myCurrBet":0.03111111111111111,"step":0.25,"position":0.6666666666666666,"bluff":0,"handValue":0.10300000000000001,"percentBets_3":0.13725490196078433,"percentBets_1":0.07291666666666667},"output":{"chips":0.5}},
{"input":{"Win":0.1360544217687075,"Lose":0,"myCurrBet":0.035555555555555556,"step":0.5,"position":0.6666666666666666,"bluff":1,"handValue":0.10360000000000001,"percentBets_3":0.1568627450980392,"percentBets_1":0.08333333333333333},"output":{"chips":1}},
{"input":{"Win":0.1360544217687075,"Lose":0,"myCurrBet":0.03111111111111111,"step":0.25,"position":0.6666666666666666,"bluff":1,"handValue":0.10300000000000001,"percentBets_3":0.1568627450980392,"percentBets_1":0.08333333333333333},"output":{"chips":0.5}},
{"input":{"Win":0.07874015748031496,"Lose":0,"myCurrBet":0.022222222222222223,"step":0.25,"position":0.6666666666666666,"bluff":0,"handValue":0.10350000000000001,"percentBets_3":0.12195121951219512,"percentBets_1":0.05813953488372093},"output":{"chips":0.5}},
{"input":{"Win":0.07874015748031496,"Lose":0,"myCurrBet":0.022222222222222223,"step":0.75,"position":0.6666666666666666,"bluff":0,"handValue":0.10300000000000001,"percentBets_3":0.12195121951219512,"percentBets_1":0.05813953488372093},"output":{"chips":0}},
{"input":{"Win":0.07874015748031496,"Lose":0,"myCurrBet":0.022222222222222223,"step":0.5,"position":0.6666666666666666,"bluff":0,"handValue":0.1027,"percentBets_3":0.12195121951219512,"percentBets_1":0.05813953488372093},"output":{"chips":0.5}},
{"input":{"Win":0.07874015748031496,"Lose":0,"myCurrBet":0.0044444444444444444,"step":0,"position":0.6666666666666666,"bluff":0,"percentBets_1":0.03488372093023256,"handValue":0.10120000000000001,"percentBets_3":0.07317073170731707},"output":{"chips":1}},
{"input":{"Win":0,"Lose":0.017777777777777778,"myCurrBet":0.0044444444444444444,"step":0,"position":0.6666666666666666,"bluff":0,"percentBets_1":0.04938271604938271,"handValue":0.1023,"percentBets_3":0.1111111111111111},"output":{"chips":0.5}},
{"input":{"Win":0,"Lose":0.017777777777777778,"myCurrBet":0.017777777777777778,"step":0.75,"position":0.6666666666666666,"bluff":0,"handValue":0.10350000000000001,"percentBets_3":0.1111111111111111,"percentBets_1":0.04938271604938271},"output":{"chips":0}},
{"input":{"Win":0,"Lose":0.017777777777777778,"myCurrBet":0.017777777777777778,"step":0.25,"position":0.6666666666666666,"bluff":0,"handValue":0.1046,"percentBets_3":0.1111111111111111,"percentBets_1":0.04938271604938271},"output":{"chips":0.5}},
{"input":{"Win":0,"Lose":0.017777777777777778,"myCurrBet":0.017777777777777778,"step":0.5,"position":0.6666666666666666,"bluff":0,"handValue":0.1048,"percentBets_3":0.1111111111111111,"percentBets_1":0.04938271604938271},"output":{"chips":0.5}},
{"input":{"Win":0.1652892561983471,"Lose":0,"myCurrBet":0.013333333333333334,"step":0,"position":0.6666666666666666,"bluff":0,"handValue":0.10210000000000001,"percentBets_3":0.09090909090909091,"percentBets_1":0.05194805194805195},"output":{"chips":0.5}},
{"input":{"Win":0.1652892561983471,"Lose":0,"myCurrBet":0.017777777777777778,"step":0.5,"position":0.6666666666666666,"bluff":1,"handValue":0.300000100711,"percentBets_3":0.1590909090909091,"percentBets_1":0.09090909090909091},"output":{"chips":1}},
{"input":{"Win":0.1652892561983471,"Lose":0,"myCurrBet":0.017777777777777778,"step":0.25,"position":0.6666666666666666,"bluff":0,"handValue":0.10300000000000001,"percentBets_3":0.09090909090909091,"percentBets_1":0.05194805194805195},"output":{"chips":0.5}},
{"input":{"Win":0.1652892561983471,"Lose":0,"myCurrBet":0.044444444444444446,"step":0.75,"position":0.6666666666666666,"bluff":0,"handValue":0.300000100711,"percentBets_3":0.22727272727272727,"percentBets_1":0.12987012987012986},"output":{"chips":0}},
{"input":{"Win":0.1652892561983471,"Lose":0,"myCurrBet":0.0044444444444444444,"step":0,"position":0.6666666666666666,"bluff":0,"percentBets_1":0.025974025974025976,"handValue":0.10210000000000001,"percentBets_3":0.045454545454545456},"output":{"chips":1}},
{"input":{"Win":0.1188118811881188,"Lose":0,"myCurrBet":0.0044444444444444444,"step":0,"position":0.6666666666666666,"bluff":0,"percentBets_1":0.029850746268656716,"handValue":0.1,"percentBets_3":0.058823529411764705},"output":{"chips":1}},
{"input":{"Win":0.1188118811881188,"Lose":0,"myCurrBet":0.013333333333333334,"step":0,"position":0.6666666666666666,"bluff":0,"handValue":0.1,"percentBets_3":0.17647058823529413,"percentBets_1":0.08955223880597014},"output":{"chips":0.5}},
{"input":{"Win":0.1188118811881188,"Lose":0,"myCurrBet":0.02666666666666667,"step":0.25,"position":0.6666666666666666,"bluff":0,"handValue":0.400000080701,"percentBets_3":0.17647058823529413,"percentBets_1":0.08955223880597014},"output":{"chips":0}},
{"input":{"Win":0.1188118811881188,"Lose":0,"myCurrBet":0.02666666666666667,"step":0.25,"position":0.6666666666666666,"bluff":0,"handValue":0.400000080701,"percentBets_3":0.17647058823529413,"percentBets_1":0.08955223880597014},"output":{"chips":0}},
{"input":{"Win":0.1188118811881188,"Lose":0,"myCurrBet":0.02666666666666667,"step":0.25,"position":0.6666666666666666,"bluff":0,"handValue":0.400000080704,"percentBets_3":0.17647058823529413,"percentBets_1":0.08955223880597014},"output":{"chips":0}},
{"input":{"Win":0.0898876404494382,"Lose":0,"myCurrBet":0.0044444444444444444,"step":0,"position":0.6666666666666666,"bluff":0,"percentBets_1":0.04918032786885246,"handValue":0.1019,"percentBets_3":0.10714285714285714},"output":{"chips":0.5}},
{"input":{"Win":0.0898876404494382,"Lose":0,"myCurrBet":0.017777777777777778,"step":0.5,"position":0.6666666666666666,"bluff":0,"handValue":0.300000100913,"percentBets_3":0.14285714285714285,"percentBets_1":0.06557377049180328},"output":{"chips":0}},
{"input":{"Win":0.0898876404494382,"Lose":0,"myCurrBet":0.017777777777777778,"step":0.5,"position":0.6666666666666666,"bluff":0,"handValue":0.300000100913,"percentBets_3":0.14285714285714285,"percentBets_1":0.06557377049180328},"output":{"chips":0}},
{"input":{"Win":0.0898876404494382,"Lose":0,"myCurrBet":0.013333333333333334,"step":0.25,"position":0.6666666666666666,"bluff":1,"handValue":0.1034,"percentBets_3":0.10714285714285714,"percentBets_1":0.04918032786885246},"output":{"chips":1}},
{"input":{"Win":0.12345679012345678,"Lose":0,"myCurrBet":0.0044444444444444444,"step":0,"position":0.6666666666666666,"bluff":0,"percentBets_1":0.03508771929824561,"handValue":0.101,"percentBets_3":0.08333333333333333},"output":{"chips":1}},
{"input":{"Win":0.12345679012345678,"Lose":0,"myCurrBet":0.017777777777777778,"step":0,"position":0.6666666666666666,"bluff":0,"handValue":0.101,"percentBets_3":0.20833333333333334,"percentBets_1":0.08771929824561403},"output":{"chips":0.5}},
{"input":{"Win":0.12345679012345678,"Lose":0,"myCurrBet":0.022222222222222223,"step":0.5,"position":0.6666666666666666,"bluff":0,"handValue":0.400000070503,"percentBets_3":0.20833333333333334,"percentBets_1":0.08771929824561403},"output":{"chips":0}},
{"input":{"Win":0.12345679012345678,"Lose":0,"myCurrBet":0.022222222222222223,"step":0.25,"position":0.6666666666666666,"bluff":1,"handValue":0.400000070503,"percentBets_3":0.20833333333333334,"percentBets_1":0.08771929824561403},"output":{"chips":0.5}},
{"input":{"Win":0.12345679012345678,"Lose":0,"myCurrBet":0.022222222222222223,"step":0.5,"position":0.6666666666666666,"bluff":1,"handValue":0.400000070503,"percentBets_3":0.20833333333333334,"percentBets_1":0.08771929824561403},"output":{"chips":0.5}},
{"input":{"Win":0,"Lose":0,"myCurrBet":0.008888888888888889,"step":0,"position":0.6666666666666666,"bluff":0,"percentBets_1":0.11538461538461539,"handValue":0.6009019999999999,"percentBets_3":0.3157894736842105},"output":{"chips":0}},
{"input":{"Win":0,"Lose":0.008888888888888889,"myCurrBet":0.008888888888888889,"step":0,"position":0.6666666666666666,"bluff":0,"percentBets_1":0.1,"handValue":0.1013,"percentBets_3":0.46153846153846156},"output":{"chips":0}},
{"input":{"Win":0,"Lose":0.008888888888888889,"myCurrBet":0.008888888888888889,"step":0,"position":0.6666666666666666,"bluff":0,"percentBets_1":0.14814814814814814,"handValue":0.600501,"percentBets_3":0.38095238095238093},"output":{"chips":0}},
{"input":{"Win":0,"Lose":0.008888888888888889,"myCurrBet":0.008888888888888889,"step":0,"position":0.6666666666666666,"bluff":0,"percentBets_1":0.09375,"handValue":0.1017,"percentBets_3":0.46153846153846156},"output":{"chips":0}},
{"input":{"Win":0,"Lose":0.035555555555555556,"myCurrBet":0.02666666666666667,"step":0.5,"position":0.6666666666666666,"bluff":0,"handValue":0.10410000000000001,"percentBets_3":0.2222222222222222,"percentBets_1":0.11538461538461539},"output":{"chips":0}},
{"input":{"Win":0,"Lose":0.035555555555555556,"myCurrBet":0.008888888888888889,"step":0,"position":0.6666666666666666,"bluff":0,"percentBets_1":0.11538461538461539,"handValue":0.1017,"percentBets_3":0.2222222222222222},"output":{"chips":0.5}},
{"input":{"Win":0,"Lose":0.035555555555555556,"myCurrBet":0.02666666666666667,"step":0.5,"position":0.6666666666666666,"bluff":1,"handValue":0.10410000000000001,"percentBets_3":0.2222222222222222,"percentBets_1":0.11538461538461539},"output":{"chips":0.5}},
{"input":{"Win":0,"Lose":0.035555555555555556,"myCurrBet":0.02666666666666667,"step":0.25,"position":0.6666666666666666,"bluff":0,"handValue":0.1038,"percentBets_3":0.2222222222222222,"percentBets_1":0.11538461538461539},"output":{"chips":0.5}},
{"input":{"Win":0,"Lose":0,"myCurrBet":0.008888888888888889,"step":0,"position":0.6666666666666666,"bluff":0,"percentBets_1":0.0625,"handValue":0.1,"percentBets_3":0.19047619047619047},"output":{"chips":0.5}},
{"input":{"Win":0,"Lose":0,"myCurrBet":0.017777777777777778,"step":0.25,"position":0.6666666666666666,"bluff":0,"handValue":0.1024,"percentBets_3":0.38095238095238093,"percentBets_1":0.125},"output":{"chips":0}},
{"input":{"Win":0,"Lose":0.07111111111111111,"myCurrBet":0.008888888888888889,"step":0,"position":0.6666666666666666,"bluff":0,"percentBets_1":0.10714285714285714,"handValue":0.10110000000000001,"percentBets_3":0.18181818181818182},"output":{"chips":0.5}},
{"input":{"Win":0,"Lose":0.07111111111111111,"myCurrBet":0.02666666666666667,"step":0.25,"position":0.6666666666666666,"bluff":0,"handValue":0.1042,"percentBets_3":0.18181818181818182,"percentBets_1":0.10714285714285714},"output":{"chips":0.5}},
{"input":{"Win":0,"Lose":0.07111111111111111,"myCurrBet":0.02666666666666667,"step":0.5,"position":0.6666666666666666,"bluff":0,"handValue":0.1029,"percentBets_3":0.18181818181818182,"percentBets_1":0.10714285714285714},"output":{"chips":0}},
{"input":{"Win":0,"Lose":0.07111111111111111,"myCurrBet":0.02666666666666667,"step":0.5,"position":0.6666666666666666,"bluff":1,"handValue":0.1029,"percentBets_3":0.18181818181818182,"percentBets_1":0.10714285714285714},"output":{"chips":1}},
{"input":{"Win":0,"Lose":0.017777777777777778,"myCurrBet":0.008888888888888889,"step":0,"position":0.6666666666666666,"bluff":0,"percentBets_1":0.025,"handValue":0.101,"percentBets_3":0.09523809523809523},"output":{"chips":0.5}},
{"input":{"Win":0,"Lose":0.017777777777777778,"myCurrBet":0.008888888888888889,"step":0.5,"position":0.6666666666666666,"bluff":0,"handValue":0.1032,"percentBets_3":0.09523809523809523,"percentBets_1":0.025},"output":{"chips":0.5}},
{"input":{"Win":0,"Lose":0.017777777777777778,"myCurrBet":0.008888888888888889,"step":0.25,"position":0.6666666666666666,"bluff":0,"handValue":0.1028,"percentBets_3":0.09523809523809523,"percentBets_1":0.025},"output":{"chips":0.5}},
{"input":{"Win":0,"Lose":0.017777777777777778,"myCurrBet":0.008888888888888889,"step":0.75,"position":0.6666666666666666,"bluff":1,"handValue":0.10250000000000001,"percentBets_3":0.09523809523809523,"percentBets_1":0.025},"output":{"chips":1}},
{"input":{"Win":0,"Lose":0.02666666666666667,"myCurrBet":0.008888888888888889,"step":0,"position":0.6666666666666666,"bluff":0,"percentBets_1":0.06818181818181818,"handValue":0.10110000000000001,"percentBets_3":0.35294117647058826},"output":{"chips":0.5}},
{"input":{"Win":0,"Lose":0.02666666666666667,"myCurrBet":0.02666666666666667,"step":0.25,"position":0.6666666666666666,"bluff":0,"handValue":0.1027,"percentBets_3":0.35294117647058826,"percentBets_1":0.06818181818181818},"output":{"chips":0}},
{"input":{"Win":0,"Lose":0.02666666666666667,"myCurrBet":0.02666666666666667,"step":0.25,"position":0.6666666666666666,"bluff":0,"handValue":0.10300000000000001,"percentBets_3":0.35294117647058826,"percentBets_1":0.06818181818181818},"output":{"chips":0}},
{"input":{"Win":0,"Lose":0.02666666666666667,"myCurrBet":0.02666666666666667,"step":0.25,"position":0.6666666666666666,"bluff":0,"handValue":0.1027,"percentBets_3":0.35294117647058826,"percentBets_1":0.06818181818181818},"output":{"chips":0}},
{"input":{"Win":0,"Lose":0,"myCurrBet":0.008888888888888889,"step":0,"position":0.6666666666666666,"bluff":0,"percentBets_1":0.04,"handValue":0.601301,"percentBets_3":0.36363636363636365},"output":{"chips":0}},
{"input":{"Win":0,"Lose":0.008888888888888889,"myCurrBet":0.008888888888888889,"step":0,"position":0.6666666666666666,"bluff":0,"percentBets_1":0.03773584905660377,"handValue":0.600503,"percentBets_3":0.5714285714285714},"output":{"chips":0}},
{"input":{"Win":0,"Lose":0.008888888888888889,"myCurrBet":0.008888888888888889,"step":0,"position":0.6666666666666666,"bluff":0,"percentBets_1":0.08,"handValue":0.10200000000000001,"percentBets_3":0.5333333333333333},"output":{"chips":0}},
{"input":{"Win":0,"Lose":0.008888888888888889,"myCurrBet":0.008888888888888889,"step":0,"position":0.6666666666666666,"bluff":0,"percentBets_1":0.08695652173913043,"handValue":0.600704,"percentBets_3":0.32},"output":{"chips":0}},
{"input":{"Win":0,"Lose":0.044444444444444446,"myCurrBet":0.02666666666666667,"step":0,"position":0.6666666666666666,"bluff":0,"handValue":0.1023,"percentBets_3":0.22857142857142856,"percentBets_1":0.09523809523809523},"output":{"chips":0.5}},
{"input":{"Win":0,"Lose":0.044444444444444446,"myCurrBet":0.008888888888888889,"step":0,"position":0.6666666666666666,"bluff":0,"percentBets_1":0.023809523809523808,"handValue":0.1023,"percentBets_3":0.05714285714285714},"output":{"chips":1}},
{"input":{"Win":0,"Lose":0.044444444444444446,"myCurrBet":0.035555555555555556,"step":0.25,"position":0.6666666666666666,"bluff":0,"handValue":0.1043,"percentBets_3":0.22857142857142856,"percentBets_1":0.09523809523809523},"output":{"chips":0.5}},
{"input":{"Win":0,"Lose":0.044444444444444446,"myCurrBet":0.035555555555555556,"step":0.5,"position":0.6666666666666666,"bluff":0,"handValue":0.1046,"percentBets_3":0.22857142857142856,"percentBets_1":0.09523809523809523},"output":{"chips":0}},
{"input":{"Win":0,"Lose":0.044444444444444446,"myCurrBet":0.035555555555555556,"step":0.5,"position":0.6666666666666666,"bluff":0,"handValue":0.1046,"percentBets_3":0.22857142857142856,"percentBets_1":0.09523809523809523},"output":{"chips":0}},
{"input":{"Win":0,"Lose":0,"myCurrBet":0.008888888888888889,"step":0,"position":0.6666666666666666,"bluff":0,"percentBets_1":0.08,"handValue":0.10110000000000001,"percentBets_3":0.2962962962962963},"output":{"chips":0.5}},
{"input":{"Win":0,"Lose":0,"myCurrBet":0.035555555555555556,"step":0.25,"position":0.6666666666666666,"bluff":0,"handValue":0.1017,"percentBets_3":0.2962962962962963,"percentBets_1":0.08},"output":{"chips":0}},
{"input":{"Win":0,"Lose":0,"myCurrBet":0.035555555555555556,"step":0.25,"position":0.6666666666666666,"bluff":0,"handValue":0.1017,"percentBets_3":0.37037037037037035,"percentBets_1":0.1},"output":{"chips":0}},
{"input":{"Win":0,"Lose":0.035555555555555556,"myCurrBet":0.013333333333333334,"step":0,"position":0.6666666666666666,"bluff":0,"percentBets_1":0.1016949152542373,"handValue":0.10120000000000001,"percentBets_3":0.7058823529411765},"output":{"chips":0}},
{"input":{"Win":0,"Lose":0.013333333333333334,"myCurrBet":0.013333333333333334,"step":0,"position":0.6666666666666666,"bluff":0,"percentBets_1":0.03759398496240601,"handValue":0.1014,"percentBets_3":1},"output":{"chips":0}},
{"input":{"Win":0,"Lose":0.013333333333333334,"myCurrBet":0.013333333333333334,"step":0,"position":0.6666666666666666,"bluff":0,"percentBets_1":0.09375,"handValue":0.10110000000000001,"percentBets_3":0.9230769230769231},"output":{"chips":0}},
{"input":{"Win":0,"Lose":0.013333333333333334,"myCurrBet":0.013333333333333334,"step":0,"position":0.6666666666666666,"bluff":0,"percentBets_1":0.006993006993006993,"handValue":0.1008,"percentBets_3":1},"output":{"chips":0}},
{"input":{"Win":0.041666666666666664,"Lose":0,"myCurrBet":0.04,"step":0.25,"position":1,"bluff":0,"handValue":0.10350000000000001,"percentBets_1":0.061224489795918366},"output":{"chips":0.5}},
{"input":{"Win":0.041666666666666664,"Lose":0,"myCurrBet":0.04,"step":0.5,"position":1,"bluff":0,"handValue":0.300000120213,"percentBets_1":0.061224489795918366},"output":{"chips":0.5}},
{"input":{"Win":0.041666666666666664,"Lose":0,"myCurrBet":0.013333333333333334,"step":0,"position":1,"bluff":0,"percentBets_1":0.02040816326530612,"handValue":0.1022},"output":{"chips":1}},
{"input":{"Win":0.041666666666666664,"Lose":0,"myCurrBet":0.04,"step":0.75,"position":1,"bluff":0,"handValue":0.300000120213,"percentBets_1":0.061224489795918366},"output":{"chips":0.5}},
{"input":{"Win":0.043478260869565216,"Lose":0,"myCurrBet":0.013333333333333334,"step":0,"position":1,"bluff":0,"percentBets_1":0.021739130434782608,"handValue":0.1005},"output":{"chips":1}},
{"input":{"Win":0.043478260869565216,"Lose":0,"myCurrBet":0.02666666666666667,"step":0.25,"position":1,"bluff":0,"handValue":0.1013,"percentBets_1":0.043478260869565216},"output":{"chips":0.5}},
{"input":{"Win":0.043478260869565216,"Lose":0,"myCurrBet":0.02666666666666667,"step":0.75,"position":1,"bluff":0,"handValue":0.300000040209,"percentBets_1":0.043478260869565216},"output":{"chips":0.5}},
{"input":{"Win":0.043478260869565216,"Lose":0,"myCurrBet":0.02666666666666667,"step":0.5,"position":1,"bluff":0,"handValue":0.1015,"percentBets_1":0.043478260869565216},"output":{"chips":0.5}},
{"input":{"Win":0.045454545454545456,"Lose":0,"myCurrBet":0.02666666666666667,"step":0.25,"position":1,"bluff":0,"handValue":0.1039,"percentBets_1":0.045454545454545456},"output":{"chips":0.5}},
{"input":{"Win":0.045454545454545456,"Lose":0,"myCurrBet":0.013333333333333334,"step":0,"position":1,"bluff":0,"percentBets_1":0.022727272727272728,"handValue":0.1023},"output":{"chips":1}},
{"input":{"Win":0.045454545454545456,"Lose":0,"myCurrBet":0.02666666666666667,"step":0.5,"position":1,"bluff":1,"handValue":0.1051,"percentBets_1":0.045454545454545456},"output":{"chips":0.5}},
{"input":{"Win":0.045454545454545456,"Lose":0,"myCurrBet":0.02666666666666667,"step":0.75,"position":1,"bluff":1,"handValue":0.10600000000000001,"percentBets_1":0.045454545454545456},"output":{"chips":0.5}},
{"input":{"Win":0.07142857142857142,"Lose":0,"myCurrBet":0.013333333333333334,"step":0,"position":1,"bluff":0,"percentBets_1":0.023809523809523808,"handValue":0.10160000000000001},"output":{"chips":1}},
{"input":{"Win":0.07142857142857142,"Lose":0,"myCurrBet":0.04,"step":0.25,"position":1,"bluff":0,"handValue":0.1038,"percentBets_1":0.07142857142857142},"output":{"chips":0.5}},
{"input":{"Win":0.07142857142857142,"Lose":0,"myCurrBet":0.04,"step":0.5,"position":1,"bluff":0,"handValue":0.10500000000000001,"percentBets_1":0.07142857142857142},"output":{"chips":0.5}},
{"input":{"Win":0.07142857142857142,"Lose":0,"myCurrBet":0.04,"step":0.75,"position":1,"bluff":0,"handValue":0.1063,"percentBets_1":0.07142857142857142},"output":{"chips":0.5}},
{"input":{"Win":0,"Lose":0.05333333333333334,"myCurrBet":0.013333333333333334,"step":0,"position":1,"bluff":1,"percentBets_1":0.02564102564102564,"handValue":0.10110000000000001},"output":{"chips":1}},
{"input":{"Win":0,"Lose":0.05333333333333334,"myCurrBet":0.05333333333333334,"step":0.75,"position":1,"bluff":0,"handValue":0.1033,"percentBets_1":0.10256410256410256},"output":{"chips":0.5}},
{"input":{"Win":0,"Lose":0.05333333333333334,"myCurrBet":0.05333333333333334,"step":0.5,"position":1,"bluff":0,"handValue":0.1032,"percentBets_1":0.10256410256410256},"output":{"chips":0.5}},
{"input":{"Win":0,"Lose":0.05333333333333334,"myCurrBet":0.05333333333333334,"step":0.25,"position":1,"bluff":0,"handValue":0.10450000000000001,"percentBets_1":0.10256410256410256},"output":{"chips":0.5}},
{"input":{"Win":0.046511627906976744,"Lose":0,"myCurrBet":0.02666666666666667,"step":0.25,"position":1,"bluff":0,"handValue":0.1043,"percentBets_1":0.046511627906976744},"output":{"chips":0.5}},
{"input":{"Win":0.046511627906976744,"Lose":0,"myCurrBet":0.013333333333333334,"step":0,"position":1,"bluff":0,"percentBets_1":0.023255813953488372,"handValue":0.60121},"output":{"chips":1}},
{"input":{"Win":0.046511627906976744,"Lose":0,"myCurrBet":0.02666666666666667,"step":0.5,"position":1,"bluff":0,"handValue":0.1033,"percentBets_1":0.046511627906976744},"output":{"chips":0.5}},
{"input":{"Win":0.046511627906976744,"Lose":0,"myCurrBet":0.02666666666666667,"step":0.75,"position":1,"bluff":0,"handValue":0.300000121011,"percentBets_1":0.046511627906976744},"output":{"chips":0.5}},
{"input":{"Win":0.14634146341463414,"Lose":0,"myCurrBet":0.013333333333333334,"step":0,"position":1,"bluff":0,"percentBets_1":0.024390243902439025,"handValue":0.10060000000000001},"output":{"chips":1}},
{"input":{"Win":0.14634146341463414,"Lose":0,"myCurrBet":0.02666666666666667,"step":0.25,"position":1,"bluff":1,"handValue":0.101,"percentBets_1":0.04878048780487805},"output":{"chips":1}},
{"input":{"Win":0.14634146341463414,"Lose":0,"myCurrBet":0.06666666666666667,"step":0.5,"position":1,"bluff":0,"handValue":0.1019,"percentBets_1":0.12195121951219512},"output":{"chips":0.5}},
{"input":{"Win":0.14634146341463414,"Lose":0,"myCurrBet":0.06666666666666667,"step":0.75,"position":1,"bluff":1,"handValue":0.1029,"percentBets_1":0.12195121951219512},"output":{"chips":1}},
{"input":{"Win":0.08571428571428572,"Lose":0,"myCurrBet":0.013333333333333334,"step":0,"position":1,"bluff":0,"percentBets_1":0.02857142857142857,"handValue":0.1},"output":{"chips":1}},
{"input":{"Win":0.08571428571428572,"Lose":0,"myCurrBet":0.04,"step":0.25,"position":1,"bluff":0,"handValue":0.10160000000000001,"percentBets_1":0.08571428571428572},"output":{"chips":0.5}},
{"input":{"Win":0.08571428571428572,"Lose":0,"myCurrBet":0.04,"step":0.5,"position":1,"bluff":0,"handValue":0.1024,"percentBets_1":0.08571428571428572},"output":{"chips":0.5}},
{"input":{"Win":0.08571428571428572,"Lose":0,"myCurrBet":0.04,"step":0.75,"position":1,"bluff":0,"handValue":0.10260000000000001,"percentBets_1":0.08571428571428572},"output":{"chips":0.5}},
{"input":{"Win":0,"Lose":0.05333333333333334,"myCurrBet":0.013333333333333334,"step":0,"position":1,"bluff":0,"percentBets_1":0.03125,"handValue":0.601005},"output":{"chips":1}},
{"input":{"Win":0,"Lose":0.05333333333333334,"myCurrBet":0.05333333333333334,"step":0.25,"position":1,"bluff":0,"handValue":0.1024,"percentBets_1":0.125},"output":{"chips":0.5}},
{"input":{"Win":0,"Lose":0.05333333333333334,"myCurrBet":0.05333333333333334,"step":0.75,"position":1,"bluff":0,"handValue":0.10360000000000001,"percentBets_1":0.125},"output":{"chips":0.5}},
{"input":{"Win":0,"Lose":0.05333333333333334,"myCurrBet":0.05333333333333334,"step":0.5,"position":1,"bluff":0,"handValue":0.1027,"percentBets_1":0.125},"output":{"chips":0.5}},
{"input":{"Win":0,"Lose":0.04,"myCurrBet":0.013333333333333334,"step":0,"position":1,"bluff":0,"percentBets_1":0.027777777777777776,"handValue":0.600804},"output":{"chips":1}},
{"input":{"Win":0,"Lose":0.04,"myCurrBet":0.04,"step":0.5,"position":1,"bluff":0,"handValue":0.10400000000000001,"percentBets_1":0.08333333333333333},"output":{"chips":0.5}},
{"input":{"Win":0,"Lose":0.04,"myCurrBet":0.04,"step":0.25,"position":1,"bluff":0,"handValue":0.10310000000000001,"percentBets_1":0.08333333333333333},"output":{"chips":0.5}},
{"input":{"Win":0,"Lose":0.04,"myCurrBet":0.04,"step":0.75,"position":1,"bluff":0,"handValue":0.1042,"percentBets_1":0.08333333333333333},"output":{"chips":0.5}},
{"input":{"Win":0.05128205128205128,"Lose":0,"myCurrBet":0.013333333333333334,"step":0,"position":1,"bluff":0,"percentBets_1":0.02564102564102564,"handValue":0.1013},"output":{"chips":1}},
{"input":{"Win":0.05128205128205128,"Lose":0,"myCurrBet":0.02666666666666667,"step":0.75,"position":1,"bluff":0,"handValue":0.10550000000000001,"percentBets_1":0.05128205128205128},"output":{"chips":0.5}},
{"input":{"Win":0.05128205128205128,"Lose":0,"myCurrBet":0.02666666666666667,"step":0.25,"position":1,"bluff":0,"handValue":0.1042,"percentBets_1":0.05128205128205128},"output":{"chips":0.5}},
{"input":{"Win":0.05128205128205128,"Lose":0,"myCurrBet":0.02666666666666667,"step":0.5,"position":1,"bluff":0,"handValue":0.1053,"percentBets_1":0.05128205128205128},"output":{"chips":0.5}},
{"input":{"Win":0,"Lose":0.05333333333333334,"myCurrBet":0.013333333333333334,"step":0,"position":1,"bluff":0,"percentBets_1":0.02702702702702703,"handValue":0.1017},"output":{"chips":1}},
{"input":{"Win":0,"Lose":0.05333333333333334,"myCurrBet":0.05333333333333334,"step":0.25,"position":1,"bluff":0,"handValue":0.1017,"percentBets_1":0.10810810810810811},"output":{"chips":0.5}},
{"input":{"Win":0,"Lose":0.05333333333333334,"myCurrBet":0.05333333333333334,"step":0.75,"position":1,"bluff":0,"handValue":0.30000007051,"percentBets_1":0.10810810810810811},"output":{"chips":0.5}},
{"input":{"Win":0,"Lose":0.05333333333333334,"myCurrBet":0.05333333333333334,"step":0.5,"position":1,"bluff":0,"handValue":0.30000007020999997,"percentBets_1":0.10810810810810811},"output":{"chips":0.5}},
{"input":{"Win":0,"Lose":0.06666666666666667,"myCurrBet":0.013333333333333334,"step":0,"position":1,"bluff":0,"percentBets_1":0.024390243902439025,"handValue":0.1014},"output":{"chips":1}},
{"input":{"Win":0,"Lose":0.06666666666666667,"myCurrBet":0.05333333333333334,"step":0.25,"position":1,"bluff":0,"handValue":0.1024,"percentBets_1":0.0975609756097561},"output":{"chips":0.5}},
{"input":{"Win":0,"Lose":0.06666666666666667,"myCurrBet":0.05333333333333334,"step":0.75,"position":1,"bluff":1,"handValue":0.300000060511,"percentBets_1":0.0975609756097561},"output":{"chips":1}},
{"input":{"Win":0,"Lose":0.06666666666666667,"myCurrBet":0.05333333333333334,"step":0.5,"position":1,"bluff":0,"handValue":0.1028,"percentBets_1":0.0975609756097561},"output":{"chips":0.5}},
{"input":{"Win":0.08695652173913043,"Lose":0,"myCurrBet":0.05333333333333334,"step":0.5,"position":1,"bluff":1,"handValue":0.400000071005,"percentBets_1":0.08695652173913043},"output":{"chips":0.5}},
{"input":{"Win":0.08695652173913043,"Lose":0,"myCurrBet":0.05333333333333334,"step":0.75,"position":1,"bluff":0,"handValue":0.7000000007049999,"percentBets_1":0.08695652173913043},"output":{"chips":0}},
{"input":{"Win":0.08695652173913043,"Lose":0,"myCurrBet":0.05333333333333334,"step":0.25,"position":1,"bluff":0,"handValue":0.400000071002,"percentBets_1":0.08695652173913043},"output":{"chips":0.5}},
{"input":{"Win":0.08695652173913043,"Lose":0,"myCurrBet":0.013333333333333334,"step":0,"position":1,"bluff":0,"percentBets_1":0.021739130434782608,"handValue":0.600702},"output":{"chips":1}},
{"input":{"Win":0.07142857142857142,"Lose":0,"myCurrBet":0.013333333333333334,"step":0,"position":1,"bluff":0,"percentBets_1":0.023809523809523808,"handValue":0.1018},"output":{"chips":1}},
{"input":{"Win":0.07142857142857142,"Lose":0,"myCurrBet":0.04,"step":0.5,"position":1,"bluff":1,"handValue":0.1044,"percentBets_1":0.07142857142857142},"output":{"chips":0.5}},
{"input":{"Win":0.07142857142857142,"Lose":0,"myCurrBet":0.04,"step":0.75,"position":1,"bluff":0,"handValue":0.1046,"percentBets_1":0.07142857142857142},"output":{"chips":0.5}},
{"input":{"Win":0.07142857142857142,"Lose":0,"myCurrBet":0.04,"step":0.25,"position":1,"bluff":0,"handValue":0.10400000000000001,"percentBets_1":0.07142857142857142},"output":{"chips":0.5}},
{"input":{"Win":0,"Lose":0.04,"myCurrBet":0.04,"step":0.25,"position":1,"bluff":0,"handValue":0.1027,"percentBets_1":0.07692307692307693},"output":{"chips":0.5}},
{"input":{"Win":0,"Lose":0.04,"myCurrBet":0.04,"step":0.75,"position":1,"bluff":0,"handValue":0.1033,"percentBets_1":0.07692307692307693},"output":{"chips":0.5}},
{"input":{"Win":0,"Lose":0.04,"myCurrBet":0.04,"step":0.5,"position":1,"bluff":0,"handValue":0.1034,"percentBets_1":0.07692307692307693},"output":{"chips":0.5}},
{"input":{"Win":0,"Lose":0.04,"myCurrBet":0.013333333333333334,"step":0,"position":1,"bluff":0,"percentBets_1":0.02564102564102564,"handValue":0.1005},"output":{"chips":1}},
{"input":{"Win":0.12698412698412698,"Lose":0,"myCurrBet":0.017777777777777778,"step":0,"position":1,"bluff":0,"percentBets_1":0.031746031746031744,"handValue":0.1},"output":{"chips":1}},
{"input":{"Win":0.12698412698412698,"Lose":0,"myCurrBet":0.07111111111111111,"step":0.25,"position":1,"bluff":0,"handValue":0.1015,"percentBets_1":0.12698412698412698},"output":{"chips":0.5}},
{"input":{"Win":0.12698412698412698,"Lose":0,"myCurrBet":0.07111111111111111,"step":0.5,"position":1,"bluff":0,"handValue":0.10160000000000001,"percentBets_1":0.12698412698412698},"output":{"chips":0.5}},
{"input":{"Win":0.12698412698412698,"Lose":0,"myCurrBet":0.07111111111111111,"step":0.75,"position":1,"bluff":1,"handValue":0.1028,"percentBets_1":0.12698412698412698},"output":{"chips":0.5}},
{"input":{"Win":0,"Lose":0.07111111111111111,"myCurrBet":0.017777777777777778,"step":0,"position":1,"bluff":0,"percentBets_1":0.03636363636363636,"handValue":0.101},"output":{"chips":1}},
{"input":{"Win":0,"Lose":0.07111111111111111,"myCurrBet":0.07111111111111111,"step":0.25,"position":1,"bluff":0,"handValue":0.10160000000000001,"percentBets_1":0.14545454545454545},"output":{"chips":0.5}},
{"input":{"Win":0,"Lose":0.07111111111111111,"myCurrBet":0.07111111111111111,"step":0.5,"position":1,"bluff":0,"handValue":0.1028,"percentBets_1":0.14545454545454545},"output":{"chips":0.5}},
{"input":{"Win":0,"Lose":0.07111111111111111,"myCurrBet":0.07111111111111111,"step":0.75,"position":1,"bluff":0,"handValue":0.10410000000000001,"percentBets_1":0.14545454545454545},"output":{"chips":0.5}},
{"input":{"Win":0,"Lose":0.05333333333333334,"myCurrBet":0.017777777777777778,"step":0,"position":1,"bluff":0,"percentBets_1":0.031746031746031744,"handValue":0.1009},"output":{"chips":1}},
{"input":{"Win":0,"Lose":0.05333333333333334,"myCurrBet":0.05333333333333334,"step":0.5,"position":1,"bluff":0,"handValue":0.1037,"percentBets_1":0.09523809523809523},"output":{"chips":0.5}},
{"input":{"Win":0,"Lose":0.05333333333333334,"myCurrBet":0.05333333333333334,"step":0.25,"position":1,"bluff":0,"handValue":0.1027,"percentBets_1":0.09523809523809523},"output":{"chips":0.5}},
{"input":{"Win":0,"Lose":0.05333333333333334,"myCurrBet":0.05333333333333334,"step":0.75,"position":1,"bluff":0,"handValue":0.1048,"percentBets_1":0.09523809523809523},"output":{"chips":0.5}},
{"input":{"Win":0.028985507246376812,"Lose":0,"myCurrBet":0.017777777777777778,"step":0,"position":1,"bluff":1,"percentBets_1":0.028985507246376812,"handValue":0.1014},"output":{"chips":0.5}},
{"input":{"Win":0.028985507246376812,"Lose":0,"myCurrBet":0.017777777777777778,"step":0.25,"position":1,"bluff":0,"handValue":0.1018,"percentBets_1":0.028985507246376812},"output":{"chips":0.5}},
{"input":{"Win":0.028985507246376812,"Lose":0,"myCurrBet":0.017777777777777778,"step":0.75,"position":1,"bluff":0,"handValue":0.30000011101199997,"percentBets_1":0.028985507246376812},"output":{"chips":0.5}},
{"input":{"Win":0.028985507246376812,"Lose":0,"myCurrBet":0.017777777777777778,"step":0.5,"position":1,"bluff":0,"handValue":0.10300000000000001,"percentBets_1":0.028985507246376812},"output":{"chips":0.5}},
{"input":{"Win":0,"Lose":0.017777777777777778,"myCurrBet":0.017777777777777778,"step":0,"position":1,"bluff":1,"percentBets_1":0.029850746268656716,"handValue":0.601102},"output":{"chips":0.5}},
{"input":{"Win":0,"Lose":0.017777777777777778,"myCurrBet":0.017777777777777778,"step":0.25,"position":1,"bluff":0,"handValue":0.1027,"percentBets_1":0.029850746268656716},"output":{"chips":0.5}},
{"input":{"Win":0,"Lose":0.017777777777777778,"myCurrBet":0.017777777777777778,"step":0.75,"position":1,"bluff":0,"handValue":0.1047,"percentBets_1":0.029850746268656716},"output":{"chips":0.5}},
{"input":{"Win":0,"Lose":0.017777777777777778,"myCurrBet":0.017777777777777778,"step":0.5,"position":1,"bluff":0,"handValue":0.10350000000000001,"percentBets_1":0.029850746268656716},"output":{"chips":0.5}},
{"input":{"Win":0.057971014492753624,"Lose":0,"myCurrBet":0.035555555555555556,"step":0.25,"position":1,"bluff":0,"handValue":0.1044,"percentBets_1":0.057971014492753624},"output":{"chips":0.5}},
{"input":{"Win":0.057971014492753624,"Lose":0,"myCurrBet":0.035555555555555556,"step":0.5,"position":1,"bluff":0,"handValue":0.10360000000000001,"percentBets_1":0.057971014492753624},"output":{"chips":0.5}},
{"input":{"Win":0.057971014492753624,"Lose":0,"myCurrBet":0.017777777777777778,"step":0,"position":1,"bluff":0,"percentBets_1":0.028985507246376812,"handValue":0.10120000000000001},"output":{"chips":1}},
{"input":{"Win":0.057971014492753624,"Lose":0,"myCurrBet":0.035555555555555556,"step":0.75,"position":1,"bluff":0,"handValue":0.1047,"percentBets_1":0.057971014492753624},"output":{"chips":0.5}},
{"input":{"Win":0.06153846153846154,"Lose":0,"myCurrBet":0.017777777777777778,"step":0,"position":1,"bluff":0,"percentBets_1":0.03076923076923077,"handValue":0.601003},"output":{"chips":1}},
{"input":{"Win":0.06153846153846154,"Lose":0,"myCurrBet":0.035555555555555556,"step":0.5,"position":1,"bluff":0,"handValue":0.40000002100800003,"percentBets_1":0.06153846153846154},"output":{"chips":0.5}},
{"input":{"Win":0.06153846153846154,"Lose":0,"myCurrBet":0.035555555555555556,"step":0.25,"position":1,"bluff":0,"handValue":0.10210000000000001,"percentBets_1":0.06153846153846154},"output":{"chips":0.5}},
{"input":{"Win":0.06153846153846154,"Lose":0,"myCurrBet":0.035555555555555556,"step":0.75,"position":1,"bluff":0,"handValue":0.7000000002079999,"percentBets_1":0.06153846153846154},"output":{"chips":0}},
{"input":{"Win":0.13114754098360656,"Lose":0,"myCurrBet":0.017777777777777778,"step":0,"position":1,"bluff":0,"percentBets_1":0.03278688524590164,"handValue":0.1},"output":{"chips":1}},
{"input":{"Win":0.13114754098360656,"Lose":0,"myCurrBet":0.035555555555555556,"step":0.25,"position":1,"bluff":1,"handValue":0.300000080309,"percentBets_1":0.06557377049180328},"output":{"chips":1}},
{"input":{"Win":0.13114754098360656,"Lose":0,"myCurrBet":0.07111111111111111,"step":0.5,"position":1,"bluff":0,"handValue":0.700000000803,"percentBets_1":0.13114754098360656},"output":{"chips":0}},
{"input":{"Win":0.13114754098360656,"Lose":0,"myCurrBet":0.07111111111111111,"step":0.5,"position":1,"bluff":0,"handValue":0.700000000803,"percentBets_1":0.13114754098360656},"output":{"chips":0}},
{"input":{"Win":0.11320754716981132,"Lose":0,"myCurrBet":0.017777777777777778,"step":0,"position":1,"bluff":0,"percentBets_1":0.03773584905660377,"handValue":0.1013},"output":{"chips":1}},
{"input":{"Win":0.11320754716981132,"Lose":0,"myCurrBet":0.05333333333333334,"step":0.25,"position":1,"bluff":0,"handValue":0.101,"percentBets_1":0.11320754716981132},"output":{"chips":0.5}},
{"input":{"Win":0.11320754716981132,"Lose":0,"myCurrBet":0.05333333333333334,"step":0.5,"position":1,"bluff":0,"handValue":0.10210000000000001,"percentBets_1":0.11320754716981132},"output":{"chips":0.5}},
{"input":{"Win":0.11320754716981132,"Lose":0,"myCurrBet":0.05333333333333334,"step":0.75,"position":1,"bluff":0,"handValue":0.30000012110499996,"percentBets_1":0.11320754716981132},"output":{"chips":0.5}},
{"input":{"Win":0.0851063829787234,"Lose":0,"myCurrBet":0.017777777777777778,"step":0,"position":1,"bluff":0,"percentBets_1":0.0425531914893617,"handValue":0.601206},"output":{"chips":1}},
{"input":{"Win":0.0851063829787234,"Lose":0,"myCurrBet":0.035555555555555556,"step":0.75,"position":1,"bluff":0,"handValue":0.300000060112,"percentBets_1":0.0851063829787234},"output":{"chips":0.5}},
{"input":{"Win":0.0851063829787234,"Lose":0,"myCurrBet":0.035555555555555556,"step":0.25,"position":1,"bluff":0,"handValue":0.1018,"percentBets_1":0.0851063829787234},"output":{"chips":0.5}},
{"input":{"Win":0.0851063829787234,"Lose":0,"myCurrBet":0.035555555555555556,"step":0.5,"position":1,"bluff":0,"handValue":0.10260000000000001,"percentBets_1":0.0851063829787234},"output":{"chips":0.5}},
{"input":{"Win":0.18604651162790697,"Lose":0,"myCurrBet":0.017777777777777778,"step":0,"position":1,"bluff":0,"percentBets_1":0.046511627906976744,"handValue":0.1},"output":{"chips":1}},
{"input":{"Win":0.18604651162790697,"Lose":0,"myCurrBet":0.07111111111111111,"step":0.75,"position":1,"bluff":0,"handValue":0.300000080111,"percentBets_1":0.18604651162790697},"output":{"chips":0.5}},
{"input":{"Win":0.18604651162790697,"Lose":0,"myCurrBet":0.07111111111111111,"step":0.25,"position":1,"bluff":0,"handValue":0.1028,"percentBets_1":0.18604651162790697},"output":{"chips":0.5}},
{"input":{"Win":0.18604651162790697,"Lose":0,"myCurrBet":0.07111111111111111,"step":0.5,"position":1,"bluff":0,"handValue":0.300000080111,"percentBets_1":0.18604651162790697},"output":{"chips":0.5}},
{"input":{"Win":0,"Lose":0.035555555555555556,"myCurrBet":0.017777777777777778,"step":0,"position":1,"bluff":0,"percentBets_1":0.05714285714285714,"handValue":0.1008},"output":{"chips":1}},
{"input":{"Win":0,"Lose":0.035555555555555556,"myCurrBet":0.035555555555555556,"step":0.5,"position":1,"bluff":0,"handValue":0.40000002090700004,"percentBets_1":0.11428571428571428},"output":{"chips":0.5}},
{"input":{"Win":0,"Lose":0.035555555555555556,"myCurrBet":0.035555555555555556,"step":0.25,"position":1,"bluff":1,"handValue":0.1017,"percentBets_1":0.11428571428571428},"output":{"chips":0.5}},
{"input":{"Win":0,"Lose":0.035555555555555556,"myCurrBet":0.035555555555555556,"step":0.75,"position":1,"bluff":0,"handValue":0.40000002090700004,"percentBets_1":0.11428571428571428},"output":{"chips":0.5}},
{"input":{"Win":0.46153846153846156,"Lose":0,"myCurrBet":0.017777777777777778,"step":0,"position":1,"bluff":0,"percentBets_1":0.05128205128205128,"handValue":0.1005},"output":{"chips":1}},
{"input":{"Win":0.46153846153846156,"Lose":0,"myCurrBet":0.07111111111111111,"step":0.25,"position":1,"bluff":1,"handValue":0.10060000000000001,"percentBets_1":0.20512820512820512},"output":{"chips":1}},
{"input":{"Win":0.46153846153846156,"Lose":0,"myCurrBet":0.12444444444444444,"step":0.5,"position":1,"bluff":1,"handValue":0.1015,"percentBets_1":0.358974358974359},"output":{"chips":1}},
{"input":{"Win":0.46153846153846156,"Lose":0,"myCurrBet":0.16,"step":0.75,"position":1,"bluff":0,"handValue":0.1023,"percentBets_1":0.46153846153846156},"output":{"chips":0}},
{"input":{"Win":0,"Lose":0.12444444444444444,"myCurrBet":0.017777777777777778,"step":0,"position":1,"bluff":0,"percentBets_1":0.09523809523809523,"handValue":0.1017},"output":{"chips":1}},
{"input":{"Win":0,"Lose":0.12444444444444444,"myCurrBet":0.07111111111111111,"step":0.25,"position":1,"bluff":1,"handValue":0.1042,"percentBets_1":0.38095238095238093},"output":{"chips":1}},
{"input":{"Win":0,"Lose":0.12444444444444444,"myCurrBet":0.12444444444444444,"step":0.75,"position":1,"bluff":1,"handValue":0.1043,"percentBets_1":0.6666666666666666},"output":{"chips":0.5}},
{"input":{"Win":0,"Lose":0.12444444444444444,"myCurrBet":0.12444444444444444,"step":0.5,"position":1,"bluff":0,"handValue":0.10490000000000001,"percentBets_1":0.6666666666666666},"output":{"chips":0.5}},
{"input":{"Win":0,"Lose":0.08888888888888889,"myCurrBet":0.017777777777777778,"step":0,"position":1,"bluff":0,"percentBets_1":0.05714285714285714,"handValue":0.10110000000000001},"output":{"chips":1}},
{"input":{"Win":0,"Lose":0.08888888888888889,"myCurrBet":0.08888888888888889,"step":0.5,"position":1,"bluff":0,"handValue":0.1051,"percentBets_1":0.2857142857142857},"output":{"chips":0.5}},
{"input":{"Win":0,"Lose":0.08888888888888889,"myCurrBet":0.035555555555555556,"step":0.25,"position":1,"bluff":1,"handValue":0.10450000000000001,"percentBets_1":0.11428571428571428},"output":{"chips":1}},
{"input":{"Win":0,"Lose":0.08888888888888889,"myCurrBet":0.08888888888888889,"step":0.75,"position":1,"bluff":0,"handValue":0.10550000000000001,"percentBets_1":0.2857142857142857},"output":{"chips":0.5}},
{"input":{"Win":0.13333333333333333,"Lose":0,"myCurrBet":0.017777777777777778,"step":0,"position":1,"bluff":0,"percentBets_1":0.044444444444444446,"handValue":0.1},"output":{"chips":1}},
{"input":{"Win":0.13333333333333333,"Lose":0,"myCurrBet":0.05333333333333334,"step":0.25,"position":1,"bluff":0,"handValue":0.10160000000000001,"percentBets_1":0.13333333333333333},"output":{"chips":0.5}},
{"input":{"Win":0.13333333333333333,"Lose":0,"myCurrBet":0.05333333333333334,"step":0.5,"position":1,"bluff":0,"handValue":0.30000011070599997,"percentBets_1":0.13333333333333333},"output":{"chips":0.5}},
{"input":{"Win":0.13333333333333333,"Lose":0,"myCurrBet":0.05333333333333334,"step":0.75,"position":1,"bluff":0,"handValue":0.700000001107,"percentBets_1":0.13333333333333333},"output":{"chips":0}},
{"input":{"Win":0,"Lose":0.05333333333333334,"myCurrBet":0.017777777777777778,"step":0,"position":1,"bluff":0,"percentBets_1":0.05128205128205128,"handValue":0.101},"output":{"chips":1}},
{"input":{"Win":0,"Lose":0.05333333333333334,"myCurrBet":0.05333333333333334,"step":0.75,"position":1,"bluff":0,"handValue":0.10500000000000001,"percentBets_1":0.15384615384615385},"output":{"chips":0.5}},
{"input":{"Win":0,"Lose":0.05333333333333334,"myCurrBet":0.035555555555555556,"step":0.25,"position":1,"bluff":1,"handValue":0.1037,"percentBets_1":0.10256410256410256},"output":{"chips":0.5}},
{"input":{"Win":0,"Lose":0.05333333333333334,"myCurrBet":0.035555555555555556,"step":0.5,"position":1,"bluff":1,"handValue":0.1042,"percentBets_1":0.10256410256410256},"output":{"chips":1}},
{"input":{"Win":0.08888888888888889,"Lose":0,"myCurrBet":0.017777777777777778,"step":0,"position":1,"bluff":0,"percentBets_1":0.044444444444444446,"handValue":0.600908},"output":{"chips":1}},
{"input":{"Win":0.08888888888888889,"Lose":0,"myCurrBet":0.035555555555555556,"step":0.5,"position":1,"bluff":0,"handValue":0.1029,"percentBets_1":0.08888888888888889},"output":{"chips":0.5}},
{"input":{"Win":0.08888888888888889,"Lose":0,"myCurrBet":0.035555555555555556,"step":0.75,"position":1,"bluff":0,"handValue":0.601209080504,"percentBets_1":0.08888888888888889},"output":{"chips":0}},
{"input":{"Win":0.08888888888888889,"Lose":0,"myCurrBet":0.035555555555555556,"step":0.25,"position":1,"bluff":1,"handValue":0.1017,"percentBets_1":0.08888888888888889},"output":{"chips":0.5}},
{"input":{"Win":0,"Lose":0.07111111111111111,"myCurrBet":0.017777777777777778,"step":0,"position":1,"bluff":0,"percentBets_1":0.04878048780487805,"handValue":0.1008},"output":{"chips":1}},
{"input":{"Win":0,"Lose":0.07111111111111111,"myCurrBet":0.07111111111111111,"step":0.25,"position":1,"bluff":0,"handValue":0.10160000000000001,"percentBets_1":0.1951219512195122},"output":{"chips":0.5}},
{"input":{"Win":0,"Lose":0.07111111111111111,"myCurrBet":0.07111111111111111,"step":0.5,"position":1,"bluff":0,"handValue":0.10260000000000001,"percentBets_1":0.1951219512195122},"output":{"chips":0.5}},
{"input":{"Win":0,"Lose":0.07111111111111111,"myCurrBet":0.07111111111111111,"step":0.75,"position":1,"bluff":0,"handValue":0.10200000000000001,"percentBets_1":0.1951219512195122},"output":{"chips":0.5}},
{"input":{"Win":0,"Lose":0.07111111111111111,"myCurrBet":0.017777777777777778,"step":0,"position":1,"bluff":0,"percentBets_1":0.04081632653061224,"handValue":0.1018},"output":{"chips":1}},
{"input":{"Win":0,"Lose":0.07111111111111111,"myCurrBet":0.07111111111111111,"step":0.25,"position":1,"bluff":0,"handValue":0.1022,"percentBets_1":0.16326530612244897},"output":{"chips":0.5}},
{"input":{"Win":0,"Lose":0.07111111111111111,"myCurrBet":0.07111111111111111,"step":0.5,"position":1,"bluff":0,"handValue":0.1027,"percentBets_1":0.16326530612244897},"output":{"chips":0.5}},
{"input":{"Win":0,"Lose":0.07111111111111111,"myCurrBet":0.07111111111111111,"step":0.75,"position":1,"bluff":0,"handValue":0.10300000000000001,"percentBets_1":0.16326530612244897},"output":{"chips":0.5}},
{"input":{"Win":0,"Lose":0.05333333333333334,"myCurrBet":0.017777777777777778,"step":0,"position":1,"bluff":0,"percentBets_1":0.03508771929824561,"handValue":0.600403},"output":{"chips":1}},
{"input":{"Win":0,"Lose":0.05333333333333334,"myCurrBet":0.05333333333333334,"step":0.25,"position":1,"bluff":0,"handValue":0.10300000000000001,"percentBets_1":0.10526315789473684},"output":{"chips":0.5}},
{"input":{"Win":0,"Lose":0.05333333333333334,"myCurrBet":0.05333333333333334,"step":0.5,"position":1,"bluff":0,"handValue":0.1039,"percentBets_1":0.10526315789473684},"output":{"chips":0.5}},
{"input":{"Win":0,"Lose":0.05333333333333334,"myCurrBet":0.05333333333333334,"step":0.75,"position":1,"bluff":0,"handValue":0.10300000000000001,"percentBets_1":0.10526315789473684},"output":{"chips":0.5}},
{"input":{"Win":0,"Lose":0.07111111111111111,"myCurrBet":0.017777777777777778,"step":0,"position":1,"bluff":0,"percentBets_1":0.031746031746031744,"handValue":0.1009},"output":{"chips":1}},
{"input":{"Win":0,"Lose":0.07111111111111111,"myCurrBet":0.07111111111111111,"step":0.25,"position":1,"bluff":0,"handValue":0.1013,"percentBets_1":0.12698412698412698},"output":{"chips":0.5}},
{"input":{"Win":0,"Lose":0.07111111111111111,"myCurrBet":0.07111111111111111,"step":0.5,"position":1,"bluff":0,"handValue":0.1024,"percentBets_1":0.12698412698412698},"output":{"chips":0.5}},
{"input":{"Win":0,"Lose":0.07111111111111111,"myCurrBet":0.07111111111111111,"step":0.75,"position":1,"bluff":0,"handValue":0.1029,"percentBets_1":0.12698412698412698},"output":{"chips":0.5}},
{"input":{"Win":0,"Lose":0.017777777777777778,"myCurrBet":0.017777777777777778,"step":0,"position":1,"bluff":1,"percentBets_1":0.028169014084507043,"handValue":0.500000000011},"output":{"chips":0.5}},
{"input":{"Win":0,"Lose":0.017777777777777778,"myCurrBet":0.017777777777777778,"step":0.25,"position":1,"bluff":0,"handValue":0.10350000000000001,"percentBets_1":0.028169014084507043},"output":{"chips":0.5}},
{"input":{"Win":0,"Lose":0.017777777777777778,"myCurrBet":0.017777777777777778,"step":0.75,"position":1,"bluff":0,"handValue":0.1046,"percentBets_1":0.028169014084507043},"output":{"chips":0.5}},
{"input":{"Win":0,"Lose":0.017777777777777778,"myCurrBet":0.017777777777777778,"step":0.5,"position":1,"bluff":0,"handValue":0.1034,"percentBets_1":0.028169014084507043},"output":{"chips":0.5}},
{"input":{"Win":0.0547945205479452,"Lose":0,"myCurrBet":0.017777777777777778,"step":0,"position":1,"bluff":0,"percentBets_1":0.0273972602739726,"handValue":0.1015},"output":{"chips":1}},
{"input":{"Win":0.0547945205479452,"Lose":0,"myCurrBet":0.035555555555555556,"step":0.5,"position":1,"bluff":0,"handValue":0.10310000000000001,"percentBets_1":0.0547945205479452},"output":{"chips":0.5}},
{"input":{"Win":0.0547945205479452,"Lose":0,"myCurrBet":0.035555555555555556,"step":0.25,"position":1,"bluff":0,"handValue":0.10260000000000001,"percentBets_1":0.0547945205479452},"output":{"chips":0.5}},
{"input":{"Win":0.0547945205479452,"Lose":0,"myCurrBet":0.035555555555555556,"step":0.75,"position":1,"bluff":0,"handValue":0.10200000000000001,"percentBets_1":0.0547945205479452},"output":{"chips":0.5}},
{"input":{"Win":0,"Lose":0.07111111111111111,"myCurrBet":0.017777777777777778,"step":0,"position":1,"bluff":0,"percentBets_1":0.028985507246376812,"handValue":0.10110000000000001},"output":{"chips":1}},
{"input":{"Win":0,"Lose":0.07111111111111111,"myCurrBet":0.07111111111111111,"step":0.75,"position":1,"bluff":0,"handValue":0.1037,"percentBets_1":0.11594202898550725},"output":{"chips":0.5}},
{"input":{"Win":0,"Lose":0.07111111111111111,"myCurrBet":0.07111111111111111,"step":0.25,"position":1,"bluff":0,"handValue":0.1042,"percentBets_1":0.11594202898550725},"output":{"chips":0.5}},
{"input":{"Win":0,"Lose":0.07111111111111111,"myCurrBet":0.07111111111111111,"step":0.5,"position":1,"bluff":0,"handValue":0.10360000000000001,"percentBets_1":0.11594202898550725},"output":{"chips":0.5}},
{"input":{"Win":0.025974025974025976,"Lose":0,"myCurrBet":0.017777777777777778,"step":0.25,"position":1,"bluff":0,"handValue":0.10410000000000001,"percentBets_1":0.025974025974025976},"output":{"chips":0.5}},
{"input":{"Win":0.025974025974025976,"Lose":0,"myCurrBet":0.017777777777777778,"step":0.5,"position":1,"bluff":0,"handValue":0.1037,"percentBets_1":0.025974025974025976},"output":{"chips":0.5}},
{"input":{"Win":0.025974025974025976,"Lose":0,"myCurrBet":0.017777777777777778,"step":0,"position":1,"bluff":1,"percentBets_1":0.025974025974025976,"handValue":0.10210000000000001},"output":{"chips":0.5}},
{"input":{"Win":0.025974025974025976,"Lose":0,"myCurrBet":0.017777777777777778,"step":0.75,"position":1,"bluff":1,"handValue":0.1044,"percentBets_1":0.025974025974025976},"output":{"chips":0.5}},
{"input":{"Win":0.05333333333333334,"Lose":0,"myCurrBet":0.017777777777777778,"step":0,"position":1,"bluff":0,"percentBets_1":0.02666666666666667,"handValue":0.101},"output":{"chips":1}},
{"input":{"Win":0.05333333333333334,"Lose":0,"myCurrBet":0.035555555555555556,"step":0.25,"position":1,"bluff":0,"handValue":0.300000080212,"percentBets_1":0.05333333333333334},"output":{"chips":0.5}},
{"input":{"Win":0.05333333333333334,"Lose":0,"myCurrBet":0.035555555555555556,"step":0.75,"position":1,"bluff":0,"handValue":0.700000001208,"percentBets_1":0.05333333333333334},"output":{"chips":0}},
{"input":{"Win":0.05333333333333334,"Lose":0,"myCurrBet":0.035555555555555556,"step":0.5,"position":1,"bluff":0,"handValue":0.3000001208,"percentBets_1":0.05333333333333334},"output":{"chips":0.5}},
{"input":{"Win":0,"Lose":0.035555555555555556,"myCurrBet":0.017777777777777778,"step":0,"position":1,"bluff":0,"percentBets_1":0.028169014084507043,"handValue":0.600801},"output":{"chips":1}},
{"input":{"Win":0,"Lose":0.035555555555555556,"myCurrBet":0.035555555555555556,"step":0.25,"position":1,"bluff":0,"handValue":0.10260000000000001,"percentBets_1":0.056338028169014086},"output":{"chips":0.5}},
{"input":{"Win":0,"Lose":0.035555555555555556,"myCurrBet":0.035555555555555556,"step":0.5,"position":1,"bluff":0,"handValue":0.1032,"percentBets_1":0.056338028169014086},"output":{"chips":0.5}},
{"input":{"Win":0,"Lose":0.035555555555555556,"myCurrBet":0.035555555555555556,"step":0.75,"position":1,"bluff":0,"handValue":0.1034,"percentBets_1":0.056338028169014086},"output":{"chips":0.5}},
{"input":{"Win":0,"Lose":0.035555555555555556,"myCurrBet":0.017777777777777778,"step":0,"position":1,"bluff":0,"percentBets_1":0.02666666666666667,"handValue":0.10110000000000001},"output":{"chips":1}},
{"input":{"Win":0,"Lose":0.035555555555555556,"myCurrBet":0.035555555555555556,"step":0.25,"position":1,"bluff":0,"handValue":0.10250000000000001,"percentBets_1":0.05333333333333334},"output":{"chips":0.5}},
{"input":{"Win":0,"Lose":0.035555555555555556,"myCurrBet":0.035555555555555556,"step":0.5,"position":1,"bluff":0,"handValue":0.1037,"percentBets_1":0.05333333333333334},"output":{"chips":0.5}},
{"input":{"Win":0,"Lose":0.035555555555555556,"myCurrBet":0.035555555555555556,"step":0.75,"position":1,"bluff":0,"handValue":0.1047,"percentBets_1":0.05333333333333334},"output":{"chips":0.5}},
{"input":{"Win":0.0759493670886076,"Lose":0,"myCurrBet":0.05333333333333334,"step":0.75,"position":1,"bluff":0,"handValue":0.300000131209,"percentBets_1":0.0759493670886076},"output":{"chips":0.5}},
{"input":{"Win":0.0759493670886076,"Lose":0,"myCurrBet":0.017777777777777778,"step":0,"position":1,"bluff":0,"percentBets_1":0.02531645569620253,"handValue":0.400000000013},"output":{"chips":1}},
{"input":{"Win":0.0759493670886076,"Lose":0,"myCurrBet":0.05333333333333334,"step":0.5,"position":1,"bluff":0,"handValue":0.300000131209,"percentBets_1":0.0759493670886076},"output":{"chips":0.5}},
{"input":{"Win":0.0759493670886076,"Lose":0,"myCurrBet":0.05333333333333334,"step":0.25,"position":1,"bluff":0,"handValue":0.10260000000000001,"percentBets_1":0.0759493670886076},"output":{"chips":0.5}},
{"input":{"Win":0.10273972602739725,"Lose":0,"myCurrBet":0.022222222222222223,"step":0,"position":1,"bluff":0,"percentBets_1":0.03424657534246575,"handValue":0.6009019999999999},"output":{"chips":1}},
{"input":{"Win":0.10273972602739725,"Lose":0,"myCurrBet":0.06666666666666667,"step":0.25,"position":1,"bluff":0,"handValue":0.1018,"percentBets_1":0.10273972602739725},"output":{"chips":0.5}},
{"input":{"Win":0.10273972602739725,"Lose":0,"myCurrBet":0.06666666666666667,"step":0.75,"position":1,"bluff":1,"handValue":0.300000090206,"percentBets_1":0.10273972602739725},"output":{"chips":0.5}},
{"input":{"Win":0.10273972602739725,"Lose":0,"myCurrBet":0.06666666666666667,"step":0.5,"position":1,"bluff":0,"handValue":0.1019,"percentBets_1":0.10273972602739725},"output":{"chips":0.5}},
{"input":{"Win":0,"Lose":0.08888888888888889,"myCurrBet":0.022222222222222223,"step":0,"position":1,"bluff":0,"percentBets_1":0.03816793893129771,"handValue":0.500000000003},"output":{"chips":1}},
{"input":{"Win":0,"Lose":0.08888888888888889,"myCurrBet":0.044444444444444446,"step":0.75,"position":1,"bluff":1,"handValue":0.1028,"percentBets_1":0.07633587786259542},"output":{"chips":1}},
{"input":{"Win":0,"Lose":0.08888888888888889,"myCurrBet":0.044444444444444446,"step":0.25,"position":1,"bluff":0,"handValue":0.1018,"percentBets_1":0.07633587786259542},"output":{"chips":0.5}},
{"input":{"Win":0,"Lose":0.08888888888888889,"myCurrBet":0.044444444444444446,"step":0.5,"position":1,"bluff":0,"handValue":0.10200000000000001,"percentBets_1":0.07633587786259542},"output":{"chips":0.5}},
{"input":{"Win":0.16556291390728478,"Lose":0,"myCurrBet":0.022222222222222223,"step":0,"position":1,"bluff":0,"percentBets_1":0.033112582781456956,"handValue":0.601305},"output":{"chips":1}},
{"input":{"Win":0.16556291390728478,"Lose":0,"myCurrBet":0.06666666666666667,"step":0.5,"position":1,"bluff":0,"handValue":0.1034,"percentBets_1":0.09933774834437085},"output":{"chips":0.5}},
{"input":{"Win":0.16556291390728478,"Lose":0,"myCurrBet":0.06666666666666667,"step":0.25,"position":1,"bluff":0,"handValue":0.1032,"percentBets_1":0.09933774834437085},"output":{"chips":0.5}},
{"input":{"Win":0.16556291390728478,"Lose":0,"myCurrBet":0.06666666666666667,"step":0.75,"position":1,"bluff":1,"handValue":0.1037,"percentBets_1":0.09933774834437085},"output":{"chips":1}},
{"input":{"Win":0,"Lose":0.06666666666666667,"myCurrBet":0.06666666666666667,"step":0.5,"position":1,"bluff":0,"handValue":0.10350000000000001,"percentBets_1":0.11904761904761904},"output":{"chips":0.5}},
{"input":{"Win":0,"Lose":0.06666666666666667,"myCurrBet":0.06666666666666667,"step":0.75,"position":1,"bluff":0,"handValue":0.1048,"percentBets_1":0.11904761904761904},"output":{"chips":0.5}},
{"input":{"Win":0,"Lose":0.06666666666666667,"myCurrBet":0.06666666666666667,"step":0.25,"position":1,"bluff":0,"handValue":0.1032,"percentBets_1":0.11904761904761904},"output":{"chips":0.5}},
{"input":{"Win":0,"Lose":0.06666666666666667,"myCurrBet":0.022222222222222223,"step":0,"position":1,"bluff":1,"percentBets_1":0.03968253968253968,"handValue":0.10070000000000001},"output":{"chips":1}},
{"input":{"Win":0,"Lose":0.022222222222222223,"myCurrBet":0.022222222222222223,"step":0.25,"position":1,"bluff":0,"handValue":0.1027,"percentBets_1":0.03546099290780142},"output":{"chips":0.5}},
{"input":{"Win":0,"Lose":0.022222222222222223,"myCurrBet":0.022222222222222223,"step":0.75,"position":1,"bluff":0,"handValue":0.10490000000000001,"percentBets_1":0.03546099290780142},"output":{"chips":0.5}},
{"input":{"Win":0,"Lose":0.022222222222222223,"myCurrBet":0.022222222222222223,"step":0.5,"position":1,"bluff":1,"handValue":0.10400000000000001,"percentBets_1":0.03546099290780142},"output":{"chips":0.5}},
{"input":{"Win":0,"Lose":0.022222222222222223,"myCurrBet":0.022222222222222223,"step":0,"position":1,"bluff":1,"percentBets_1":0.03546099290780142,"handValue":0.10110000000000001},"output":{"chips":0.5}},
{"input":{"Win":0,"Lose":0.08888888888888889,"myCurrBet":0.022222222222222223,"step":0,"position":1,"bluff":0,"percentBets_1":0.03424657534246575,"handValue":0.500000000003},"output":{"chips":1}},
{"input":{"Win":0,"Lose":0.08888888888888889,"myCurrBet":0.08888888888888889,"step":0.5,"position":1,"bluff":0,"handValue":0.1027,"percentBets_1":0.136986301369863},"output":{"chips":0.5}},
{"input":{"Win":0,"Lose":0.08888888888888889,"myCurrBet":0.08888888888888889,"step":0.25,"position":1,"bluff":0,"handValue":0.10250000000000001,"percentBets_1":0.136986301369863},"output":{"chips":0.5}},
{"input":{"Win":0,"Lose":0.08888888888888889,"myCurrBet":0.08888888888888889,"step":0.75,"position":1,"bluff":0,"handValue":0.1018,"percentBets_1":0.136986301369863},"output":{"chips":0.5}},
{"input":{"Win":0.060240963855421686,"Lose":0,"myCurrBet":0.044444444444444446,"step":0.5,"position":1,"bluff":0,"handValue":0.40000001120900003,"percentBets_1":0.060240963855421686},"output":{"chips":0.5}},
{"input":{"Win":0.060240963855421686,"Lose":0,"myCurrBet":0.022222222222222223,"step":0,"position":1,"bluff":0,"percentBets_1":0.030120481927710843,"handValue":0.601205},"output":{"chips":1}},
{"input":{"Win":0.060240963855421686,"Lose":0,"myCurrBet":0.044444444444444446,"step":0.25,"position":1,"bluff":0,"handValue":0.10260000000000001,"percentBets_1":0.060240963855421686},"output":{"chips":0.5}},
{"input":{"Win":0.060240963855421686,"Lose":0,"myCurrBet":0.044444444444444446,"step":0.75,"position":1,"bluff":0,"handValue":0.40000001120900003,"percentBets_1":0.060240963855421686},"output":{"chips":0.5}},
{"input":{"Win":0.09615384615384616,"Lose":0,"myCurrBet":0.022222222222222223,"step":0,"position":1,"bluff":0,"percentBets_1":0.03205128205128205,"handValue":0.10160000000000001},"output":{"chips":1}},
{"input":{"Win":0.09615384615384616,"Lose":0,"myCurrBet":0.06666666666666667,"step":0.75,"position":1,"bluff":0,"handValue":0.1038,"percentBets_1":0.09615384615384616},"output":{"chips":0.5}},
{"input":{"Win":0.09615384615384616,"Lose":0,"myCurrBet":0.06666666666666667,"step":0.25,"position":1,"bluff":0,"handValue":0.1017,"percentBets_1":0.09615384615384616},"output":{"chips":0.5}},
{"input":{"Win":0.09615384615384616,"Lose":0,"myCurrBet":0.06666666666666667,"step":0.5,"position":1,"bluff":0,"handValue":0.10300000000000001,"percentBets_1":0.09615384615384616},"output":{"chips":0.5}},
{"input":{"Win":0.10638297872340426,"Lose":0,"myCurrBet":0.022222222222222223,"step":0,"position":1,"bluff":0,"percentBets_1":0.03546099290780142,"handValue":0.1014},"output":{"chips":1}},
{"input":{"Win":0.10638297872340426,"Lose":0,"myCurrBet":0.06666666666666667,"step":0.25,"position":1,"bluff":0,"handValue":0.10360000000000001,"percentBets_1":0.10638297872340426},"output":{"chips":0.5}},
{"input":{"Win":0.10638297872340426,"Lose":0,"myCurrBet":0.06666666666666667,"step":0.75,"position":1,"bluff":0,"handValue":0.10490000000000001,"percentBets_1":0.10638297872340426},"output":{"chips":0.5}},
{"input":{"Win":0.10638297872340426,"Lose":0,"myCurrBet":0.06666666666666667,"step":0.5,"position":1,"bluff":0,"handValue":0.1046,"percentBets_1":0.10638297872340426},"output":{"chips":0.5}},
{"input":{"Win":0.15873015873015872,"Lose":0,"myCurrBet":0.022222222222222223,"step":0,"position":1,"bluff":0,"percentBets_1":0.03968253968253968,"handValue":0.1005},"output":{"chips":1}},
{"input":{"Win":0.15873015873015872,"Lose":0,"myCurrBet":0.08888888888888889,"step":0.25,"position":1,"bluff":0,"handValue":0.1015,"percentBets_1":0.15873015873015872},"output":{"chips":0.5}},
{"input":{"Win":0.15873015873015872,"Lose":0,"myCurrBet":0.08888888888888889,"step":0.75,"position":1,"bluff":0,"handValue":0.10210000000000001,"percentBets_1":0.15873015873015872},"output":{"chips":0.5}},
{"input":{"Win":0.15873015873015872,"Lose":0,"myCurrBet":0.08888888888888889,"step":0.5,"position":1,"bluff":0,"handValue":0.1023,"percentBets_1":0.15873015873015872},"output":{"chips":0.5}},
{"input":{"Win":0.18867924528301888,"Lose":0,"myCurrBet":0.022222222222222223,"step":0,"position":1,"bluff":1,"percentBets_1":0.04716981132075472,"handValue":0.1013},"output":{"chips":1}},
{"input":{"Win":0.18867924528301888,"Lose":0,"myCurrBet":0.08888888888888889,"step":0.75,"position":1,"bluff":0,"handValue":0.1042,"percentBets_1":0.18867924528301888},"output":{"chips":0.5}},
{"input":{"Win":0.18867924528301888,"Lose":0,"myCurrBet":0.08888888888888889,"step":0.5,"position":1,"bluff":0,"handValue":0.1033,"percentBets_1":0.18867924528301888},"output":{"chips":0.5}},
{"input":{"Win":0.18867924528301888,"Lose":0,"myCurrBet":0.08888888888888889,"step":0.25,"position":1,"bluff":0,"handValue":0.10250000000000001,"percentBets_1":0.18867924528301888},"output":{"chips":0.5}},
{"input":{"Win":0.23255813953488372,"Lose":0,"myCurrBet":0.022222222222222223,"step":0,"position":1,"bluff":0,"percentBets_1":0.05813953488372093,"handValue":0.10160000000000001},"output":{"chips":1}},
{"input":{"Win":0.23255813953488372,"Lose":0,"myCurrBet":0.08888888888888889,"step":0.25,"position":1,"bluff":0,"handValue":0.10210000000000001,"percentBets_1":0.23255813953488372},"output":{"chips":0.5}},
{"input":{"Win":0.23255813953488372,"Lose":0,"myCurrBet":0.08888888888888889,"step":0.5,"position":1,"bluff":0,"handValue":0.300000120105,"percentBets_1":0.23255813953488372},"output":{"chips":0.5}},
{"input":{"Win":0.23255813953488372,"Lose":0,"myCurrBet":0.08888888888888889,"step":0.75,"position":1,"bluff":1,"handValue":0.300000120109,"percentBets_1":0.23255813953488372},"output":{"chips":0.5}},
{"input":{"Win":0,"Lose":0.06666666666666667,"myCurrBet":0.022222222222222223,"step":0,"position":1,"bluff":0,"percentBets_1":0.07575757575757576,"handValue":0.1019},"output":{"chips":1}},
{"input":{"Win":0,"Lose":0.06666666666666667,"myCurrBet":0.06666666666666667,"step":0.75,"position":1,"bluff":0,"handValue":0.1039,"percentBets_1":0.22727272727272727},"output":{"chips":0.5}},
{"input":{"Win":0,"Lose":0.06666666666666667,"myCurrBet":0.06666666666666667,"step":0.5,"position":1,"bluff":0,"handValue":0.10400000000000001,"percentBets_1":0.22727272727272727},"output":{"chips":0.5}},
{"input":{"Win":0,"Lose":0.06666666666666667,"myCurrBet":0.06666666666666667,"step":0.25,"position":1,"bluff":0,"handValue":0.1039,"percentBets_1":0.22727272727272727},"output":{"chips":0.5}},
{"input":{"Win":0.18518518518518517,"Lose":0,"myCurrBet":0.022222222222222223,"step":0,"position":1,"bluff":0,"percentBets_1":0.06172839506172839,"handValue":0.600901},"output":{"chips":1}},
{"input":{"Win":0.18518518518518517,"Lose":0,"myCurrBet":0.06666666666666667,"step":0.5,"position":1,"bluff":0,"handValue":0.601310090702,"percentBets_1":0.18518518518518517},"output":{"chips":0}},
{"input":{"Win":0.18518518518518517,"Lose":0,"myCurrBet":0.06666666666666667,"step":0.25,"position":1,"bluff":0,"handValue":0.601309070201,"percentBets_1":0.18518518518518517},"output":{"chips":0.5}},
{"input":{"Win":0.18518518518518517,"Lose":0,"myCurrBet":0.06666666666666667,"step":0.5,"position":1,"bluff":0,"handValue":0.601310090702,"percentBets_1":0.18518518518518517},"output":{"chips":0}},
{"input":{"Win":0.3787878787878788,"Lose":0,"myCurrBet":0.022222222222222223,"step":0,"position":1,"bluff":0,"percentBets_1":0.07575757575757576,"handValue":0.6012029999999999},"output":{"chips":1}},
{"input":{"Win":0.3787878787878788,"Lose":0,"myCurrBet":0.1111111111111111,"step":0.75,"position":1,"bluff":0,"handValue":0.10400000000000001,"percentBets_1":0.3787878787878788},"output":{"chips":0}},
{"input":{"Win":0.3787878787878788,"Lose":0,"myCurrBet":0.08888888888888889,"step":0.25,"position":1,"bluff":1,"handValue":0.1039,"percentBets_1":0.30303030303030304},"output":{"chips":1}},
{"input":{"Win":0.3787878787878788,"Lose":0,"myCurrBet":0.1111111111111111,"step":0.5,"position":1,"bluff":1,"handValue":0.1038,"percentBets_1":0.3787878787878788},"output":{"chips":0.5}},
{"input":{"Win":0,"Lose":0.06666666666666667,"myCurrBet":0.06666666666666667,"step":0.25,"position":1,"bluff":0,"handValue":0.10300000000000001,"percentBets_1":0.36585365853658536},"output":{"chips":0.5}},
{"input":{"Win":0,"Lose":0.06666666666666667,"myCurrBet":0.06666666666666667,"step":0.5,"position":1,"bluff":0,"handValue":0.1037,"percentBets_1":0.36585365853658536},"output":{"chips":0.5}},
{"input":{"Win":0,"Lose":0.06666666666666667,"myCurrBet":0.06666666666666667,"step":0.75,"position":1,"bluff":0,"handValue":0.1039,"percentBets_1":0.36585365853658536},"output":{"chips":0.5}},
{"input":{"Win":0,"Lose":0.06666666666666667,"myCurrBet":0.022222222222222223,"step":0,"position":1,"bluff":0,"percentBets_1":0.12195121951219512,"handValue":0.10070000000000001},"output":{"chips":1}},
{"input":{"Win":0,"Lose":0.022222222222222223,"myCurrBet":0.022222222222222223,"step":0,"position":1,"bluff":1,"percentBets_1":0.08928571428571429,"handValue":0.1},"output":{"chips":0.5}},
{"input":{"Win":0,"Lose":0.022222222222222223,"myCurrBet":0.022222222222222223,"step":0.25,"position":1,"bluff":0,"handValue":0.1019,"percentBets_1":0.08928571428571429},"output":{"chips":0.5}},
{"input":{"Win":0,"Lose":0.022222222222222223,"myCurrBet":0.022222222222222223,"step":0.5,"position":1,"bluff":0,"handValue":0.1032,"percentBets_1":0.08928571428571429},"output":{"chips":0.5}},
{"input":{"Win":0,"Lose":0.022222222222222223,"myCurrBet":0.022222222222222223,"step":0.75,"position":1,"bluff":0,"handValue":0.1044,"percentBets_1":0.08928571428571429},"output":{"chips":0.5}},
{"input":{"Win":0.16393442622950818,"Lose":0,"myCurrBet":0.044444444444444446,"step":0.25,"position":1,"bluff":0,"handValue":0.10210000000000001,"percentBets_1":0.16393442622950818},"output":{"chips":0.5}},
{"input":{"Win":0.16393442622950818,"Lose":0,"myCurrBet":0.044444444444444446,"step":0.5,"position":1,"bluff":0,"handValue":0.1022,"percentBets_1":0.16393442622950818},"output":{"chips":0.5}},
{"input":{"Win":0.16393442622950818,"Lose":0,"myCurrBet":0.044444444444444446,"step":0.75,"position":1,"bluff":0,"handValue":0.1028,"percentBets_1":0.16393442622950818},"output":{"chips":0.5}},
{"input":{"Win":0.16393442622950818,"Lose":0,"myCurrBet":0.022222222222222223,"step":0,"position":1,"bluff":0,"percentBets_1":0.08196721311475409,"handValue":0.600907},"output":{"chips":1}},
{"input":{"Win":0.29411764705882354,"Lose":0,"myCurrBet":0.022222222222222223,"step":0,"position":1,"bluff":0,"percentBets_1":0.09803921568627451,"handValue":0.1017},"output":{"chips":1}},
{"input":{"Win":0.29411764705882354,"Lose":0,"myCurrBet":0.06666666666666667,"step":0.5,"position":1,"bluff":1,"handValue":0.1027,"percentBets_1":0.29411764705882354},"output":{"chips":0.5}},
{"input":{"Win":0.29411764705882354,"Lose":0,"myCurrBet":0.06666666666666667,"step":0.25,"position":1,"bluff":0,"handValue":0.1038,"percentBets_1":0.29411764705882354},"output":{"chips":0.5}},
{"input":{"Win":0.29411764705882354,"Lose":0,"myCurrBet":0.06666666666666667,"step":0.75,"position":1,"bluff":0,"handValue":0.1034,"percentBets_1":0.29411764705882354},"output":{"chips":0.5}},
{"input":{"Win":0,"Lose":0.044444444444444446,"myCurrBet":0.022222222222222223,"step":0,"position":1,"bluff":0,"percentBets_1":0.1388888888888889,"handValue":0.1009},"output":{"chips":1}},
{"input":{"Win":0,"Lose":0.044444444444444446,"myCurrBet":0.044444444444444446,"step":0.25,"position":1,"bluff":0,"handValue":0.1022,"percentBets_1":0.2777777777777778},"output":{"chips":0.5}},
{"input":{"Win":0,"Lose":0.044444444444444446,"myCurrBet":0.044444444444444446,"step":0.5,"position":1,"bluff":0,"handValue":0.10250000000000001,"percentBets_1":0.2777777777777778},"output":{"chips":0.5}},
{"input":{"Win":0,"Lose":0.044444444444444446,"myCurrBet":0.044444444444444446,"step":0.75,"position":1,"bluff":0,"handValue":0.300000110207,"percentBets_1":0.2777777777777778},"output":{"chips":0.5}},
{"input":{"Win":0,"Lose":0.08888888888888889,"myCurrBet":0.08888888888888889,"step":0.25,"position":1,"bluff":0,"handValue":0.1046,"percentBets_1":0.43478260869565216},"output":{"chips":0.5}},
{"input":{"Win":0,"Lose":0.08888888888888889,"myCurrBet":0.022222222222222223,"step":0,"position":1,"bluff":0,"percentBets_1":0.10869565217391304,"handValue":0.10210000000000001},"output":{"chips":1}},
{"input":{"Win":0,"Lose":0.08888888888888889,"myCurrBet":0.08888888888888889,"step":0.75,"position":1,"bluff":0,"handValue":0.10400000000000001,"percentBets_1":0.43478260869565216},"output":{"chips":0}},
{"input":{"Win":0,"Lose":0.08888888888888889,"myCurrBet":0.08888888888888889,"step":0.5,"position":1,"bluff":0,"handValue":0.1052,"percentBets_1":0.43478260869565216},"output":{"chips":0.5}},
{"input":{"Win":0,"Lose":0.06666666666666667,"myCurrBet":0.022222222222222223,"step":0,"position":1,"bluff":0,"percentBets_1":0.07575757575757576,"handValue":0.1008},"output":{"chips":1}},
{"input":{"Win":0,"Lose":0.06666666666666667,"myCurrBet":0.06666666666666667,"step":0.5,"position":1,"bluff":0,"handValue":0.1043,"percentBets_1":0.22727272727272727},"output":{"chips":0.5}},
{"input":{"Win":0,"Lose":0.06666666666666667,"myCurrBet":0.06666666666666667,"step":0.75,"position":1,"bluff":0,"handValue":0.1039,"percentBets_1":0.22727272727272727},"output":{"chips":0.5}},
{"input":{"Win":0,"Lose":0.06666666666666667,"myCurrBet":0.06666666666666667,"step":0.25,"position":1,"bluff":0,"handValue":0.10300000000000001,"percentBets_1":0.22727272727272727},"output":{"chips":0.5}},
{"input":{"Win":0,"Lose":0.044444444444444446,"myCurrBet":0.022222222222222223,"step":0,"position":1,"bluff":1,"percentBets_1":0.06172839506172839,"handValue":0.1014},"output":{"chips":1}},
{"input":{"Win":0,"Lose":0.044444444444444446,"myCurrBet":0.044444444444444446,"step":0.75,"position":1,"bluff":0,"handValue":0.300000030212,"percentBets_1":0.12345679012345678},"output":{"chips":0.5}},
{"input":{"Win":0,"Lose":0.044444444444444446,"myCurrBet":0.044444444444444446,"step":0.25,"position":1,"bluff":0,"handValue":0.10310000000000001,"percentBets_1":0.12345679012345678},"output":{"chips":0.5}},
{"input":{"Win":0,"Lose":0.044444444444444446,"myCurrBet":0.044444444444444446,"step":0.5,"position":1,"bluff":0,"handValue":0.1033,"percentBets_1":0.12345679012345678},"output":{"chips":0.5}},
{"input":{"Win":0.16483516483516483,"Lose":0,"myCurrBet":0.06666666666666667,"step":0.5,"position":1,"bluff":0,"handValue":0.300000020112,"percentBets_1":0.16483516483516483},"output":{"chips":0.5}},
{"input":{"Win":0.16483516483516483,"Lose":0,"myCurrBet":0.022222222222222223,"step":0,"position":1,"bluff":0,"percentBets_1":0.054945054945054944,"handValue":0.1003},"output":{"chips":1}},
{"input":{"Win":0.16483516483516483,"Lose":0,"myCurrBet":0.06666666666666667,"step":0.75,"position":1,"bluff":0,"handValue":0.700000000201,"percentBets_1":0.16483516483516483},"output":{"chips":0}},
{"input":{"Win":0.16483516483516483,"Lose":0,"myCurrBet":0.06666666666666667,"step":0.25,"position":1,"bluff":0,"handValue":0.10250000000000001,"percentBets_1":0.16483516483516483},"output":{"chips":0.5}},
{"input":{"Win":0,"Lose":0.15555555555555556,"myCurrBet":0.022222222222222223,"step":0,"position":1,"bluff":0,"percentBets_1":0.06578947368421052,"handValue":0.1008},"output":{"chips":1}},
{"input":{"Win":0,"Lose":0.15555555555555556,"myCurrBet":0.06666666666666667,"step":0.5,"position":1,"bluff":1,"handValue":0.1019,"percentBets_1":0.19736842105263158},"output":{"chips":1}},
{"input":{"Win":0,"Lose":0.15555555555555556,"myCurrBet":0.06666666666666667,"step":0.25,"position":1,"bluff":0,"handValue":0.1015,"percentBets_1":0.19736842105263158},"output":{"chips":0.5}},
{"input":{"Win":0,"Lose":0.15555555555555556,"myCurrBet":0.1111111111111111,"step":0.75,"position":1,"bluff":1,"handValue":0.1029,"percentBets_1":0.32894736842105265},"output":{"chips":1}},
{"input":{"Win":0.18018018018018017,"Lose":0,"myCurrBet":0.022222222222222223,"step":0,"position":1,"bluff":0,"percentBets_1":0.04504504504504504,"handValue":0.1014},"output":{"chips":1}},
{"input":{"Win":0.18018018018018017,"Lose":0,"myCurrBet":0.08888888888888889,"step":0.25,"position":1,"bluff":0,"handValue":0.1034,"percentBets_1":0.18018018018018017},"output":{"chips":0.5}},
{"input":{"Win":0.18018018018018017,"Lose":0,"myCurrBet":0.08888888888888889,"step":0.75,"position":1,"bluff":0,"handValue":0.1028,"percentBets_1":0.18018018018018017},"output":{"chips":0.5}},
{"input":{"Win":0.18018018018018017,"Lose":0,"myCurrBet":0.08888888888888889,"step":0.5,"position":1,"bluff":0,"handValue":0.10250000000000001,"percentBets_1":0.18018018018018017},"output":{"chips":0.5}},
{"input":{"Win":0.10989010989010989,"Lose":0,"myCurrBet":0.022222222222222223,"step":0,"position":1,"bluff":0,"percentBets_1":0.054945054945054944,"handValue":0.10110000000000001},"output":{"chips":1}},
{"input":{"Win":0.10989010989010989,"Lose":0,"myCurrBet":0.044444444444444446,"step":0.25,"position":1,"bluff":0,"handValue":0.10350000000000001,"percentBets_1":0.10989010989010989},"output":{"chips":0.5}},
{"input":{"Win":0.10989010989010989,"Lose":0,"myCurrBet":0.044444444444444446,"step":0.75,"position":1,"bluff":1,"handValue":0.300000050112,"percentBets_1":0.10989010989010989},"output":{"chips":0.5}},
{"input":{"Win":0.10989010989010989,"Lose":0,"myCurrBet":0.044444444444444446,"step":0.5,"position":1,"bluff":0,"handValue":0.10300000000000001,"percentBets_1":0.10989010989010989},"output":{"chips":0.5}},
{"input":{"Win":0,"Lose":0.044444444444444446,"myCurrBet":0.044444444444444446,"step":0.25,"position":1,"bluff":0,"handValue":0.10300000000000001,"percentBets_1":0.12345679012345678},"output":{"chips":0.5}},
{"input":{"Win":0,"Lose":0.044444444444444446,"myCurrBet":0.044444444444444446,"step":0.75,"position":1,"bluff":0,"handValue":0.1048,"percentBets_1":0.12345679012345678},"output":{"chips":0.5}},
{"input":{"Win":0,"Lose":0.044444444444444446,"myCurrBet":0.044444444444444446,"step":0.5,"position":1,"bluff":0,"handValue":0.10400000000000001,"percentBets_1":0.12345679012345678},"output":{"chips":0.5}},
{"input":{"Win":0,"Lose":0.044444444444444446,"myCurrBet":0.022222222222222223,"step":0,"position":1,"bluff":0,"percentBets_1":0.06172839506172839,"handValue":0.1017},"output":{"chips":1}},
{"input":{"Win":0,"Lose":0.06666666666666667,"myCurrBet":0.022222222222222223,"step":0,"position":1,"bluff":0,"percentBets_1":0.054945054945054944,"handValue":0.500000000011},"output":{"chips":1}},
{"input":{"Win":0,"Lose":0.06666666666666667,"myCurrBet":0.06666666666666667,"step":0.25,"position":1,"bluff":0,"handValue":0.10300000000000001,"percentBets_1":0.16483516483516483},"output":{"chips":0.5}},
{"input":{"Win":0,"Lose":0.06666666666666667,"myCurrBet":0.06666666666666667,"step":0.75,"position":1,"bluff":0,"handValue":0.1044,"percentBets_1":0.16483516483516483},"output":{"chips":0.5}},
{"input":{"Win":0,"Lose":0.06666666666666667,"myCurrBet":0.06666666666666667,"step":0.5,"position":1,"bluff":1,"handValue":0.10360000000000001,"percentBets_1":0.16483516483516483},"output":{"chips":0.5}},
{"input":{"Win":0.18867924528301888,"Lose":0,"myCurrBet":0.022222222222222223,"step":0,"position":1,"bluff":0,"percentBets_1":0.04716981132075472,"handValue":0.1018},"output":{"chips":1}},
{"input":{"Win":0.18867924528301888,"Lose":0,"myCurrBet":0.08888888888888889,"step":0.25,"position":1,"bluff":0,"handValue":0.1047,"percentBets_1":0.18867924528301888},"output":{"chips":0.5}},
{"input":{"Win":0.18867924528301888,"Lose":0,"myCurrBet":0.08888888888888889,"step":0.5,"position":1,"bluff":1,"handValue":0.1053,"percentBets_1":0.18867924528301888},"output":{"chips":0.5}},
{"input":{"Win":0.18867924528301888,"Lose":0,"myCurrBet":0.08888888888888889,"step":0.75,"position":1,"bluff":0,"handValue":0.1042,"percentBets_1":0.18867924528301888},"output":{"chips":0.5}},
{"input":{"Win":0.05813953488372093,"Lose":0,"myCurrBet":0.022222222222222223,"step":0,"position":1,"bluff":1,"percentBets_1":0.05813953488372093,"handValue":0.601008},"output":{"chips":0.5}},
{"input":{"Win":0.05813953488372093,"Lose":0,"myCurrBet":0.022222222222222223,"step":0.75,"position":1,"bluff":1,"handValue":0.30000004021,"percentBets_1":0.05813953488372093},"output":{"chips":0.5}},
{"input":{"Win":0.05813953488372093,"Lose":0,"myCurrBet":0.022222222222222223,"step":0.25,"position":1,"bluff":0,"handValue":0.10210000000000001,"percentBets_1":0.05813953488372093},"output":{"chips":0.5}},
{"input":{"Win":0.05813953488372093,"Lose":0,"myCurrBet":0.022222222222222223,"step":0.5,"position":1,"bluff":0,"handValue":0.1023,"percentBets_1":0.05813953488372093},"output":{"chips":0.5}},
{"input":{"Win":0.37037037037037035,"Lose":0,"myCurrBet":0.022222222222222223,"step":0,"position":1,"bluff":0,"percentBets_1":0.06172839506172839,"handValue":0.60111},"output":{"chips":1}},
{"input":{"Win":0.37037037037037035,"Lose":0,"myCurrBet":0.08888888888888889,"step":0.75,"position":1,"bluff":1,"handValue":0.1043,"percentBets_1":0.24691358024691357},"output":{"chips":1}},
{"input":{"Win":0.37037037037037035,"Lose":0,"myCurrBet":0.08888888888888889,"step":0.25,"position":1,"bluff":0,"handValue":0.10360000000000001,"percentBets_1":0.24691358024691357},"output":{"chips":0.5}},
{"input":{"Win":0.37037037037037035,"Lose":0,"myCurrBet":0.08888888888888889,"step":0.5,"position":1,"bluff":0,"handValue":0.10490000000000001,"percentBets_1":0.24691358024691357},"output":{"chips":0.5}},
{"input":{"Win":0.19607843137254902,"Lose":0,"myCurrBet":0.022222222222222223,"step":0,"position":1,"bluff":0,"percentBets_1":0.09803921568627451,"handValue":0.1019},"output":{"chips":1}},
{"input":{"Win":0.19607843137254902,"Lose":0,"myCurrBet":0.044444444444444446,"step":0.25,"position":1,"bluff":0,"handValue":0.10300000000000001,"percentBets_1":0.19607843137254902},"output":{"chips":0.5}},
{"input":{"Win":0.19607843137254902,"Lose":0,"myCurrBet":0.044444444444444446,"step":0.75,"position":1,"bluff":0,"handValue":0.300000130712,"percentBets_1":0.19607843137254902},"output":{"chips":0.5}},
{"input":{"Win":0.19607843137254902,"Lose":0,"myCurrBet":0.044444444444444446,"step":0.5,"position":1,"bluff":0,"handValue":0.1033,"percentBets_1":0.19607843137254902},"output":{"chips":0.5}},
{"input":{"Win":0.4878048780487805,"Lose":0,"myCurrBet":0.022222222222222223,"step":0,"position":1,"bluff":0,"percentBets_1":0.12195121951219512,"handValue":0.600804},"output":{"chips":1}},
{"input":{"Win":0.4878048780487805,"Lose":0,"myCurrBet":0.08888888888888889,"step":0.25,"position":1,"bluff":0,"handValue":0.1039,"percentBets_1":0.4878048780487805},"output":{"chips":0.5}},
{"input":{"Win":0.4878048780487805,"Lose":0,"myCurrBet":0.08888888888888889,"step":0.5,"position":1,"bluff":0,"handValue":0.10500000000000001,"percentBets_1":0.4878048780487805},"output":{"chips":0.5}},
{"input":{"Win":0.4878048780487805,"Lose":0,"myCurrBet":0.08888888888888889,"step":0.75,"position":1,"bluff":0,"handValue":0.10410000000000001,"percentBets_1":0.4878048780487805},"output":{"chips":0}},
