{"input":{"Win":0,"Lose":0,"myCurrBet":0.03666666666666667,"step":0.25,"position":0.5,"bluff":0,"handValue":0.1018,"percentBets_3":0.14666666666666667,"percentBets_4":0.14666666666666667,"percentBets_1":0.16},"output":{"chips":0}},
{"input":{"Win":0,"Lose":0,"myCurrBet":0.016666666666666666,"step":0,"position":0.5,"bluff":0,"handValue":0.1008,"percentBets_3":0.06666666666666667,"percentBets_4":0.06666666666666667,"percentBets_1":0.13333333333333333},"output":{"chips":0.5}},
{"input":{"Win":0,"Lose":0,"myCurrBet":0.03333333333333333,"step":0.25,"position":0.5,"bluff":0,"handValue":0.1018,"percentBets_3":0.13333333333333333,"percentBets_4":0.13333333333333333,"percentBets_1":0.13333333333333333},"output":{"chips":1}},
{"input":{"Win":0,"Lose":0,"myCurrBet":0.0033333333333333335,"step":0,"position":0.5,"bluff":0,"percentBets_1":0.05333333333333334,"handValue":0.1008,"percentBets_3":0.013333333333333334,"percentBets_4":0.02666666666666667},"output":{"chips":1}},
{"input":{"Win":0,"Lose":0.03666666666666667,"myCurrBet":0.01,"step":0,"position":0.5,"bluff":0,"handValue":0.101,"percentBets_3":0.046875,"percentBets_4":0.03669724770642202,"percentBets_1":0.12698412698412698},"output":{"chips":0.5}},
{"input":{"Win":0,"Lose":0.03666666666666667,"myCurrBet":0.03,"step":0.25,"position":0.5,"bluff":0,"handValue":0.1015,"percentBets_3":0.140625,"percentBets_4":0.08256880733944955,"percentBets_1":0.15873015873015872},"output":{"chips":0}},
{"input":{"Win":0,"Lose":0.03666666666666667,"myCurrBet":0.02666666666666667,"step":0.25,"position":0.5,"bluff":0,"handValue":0.1015,"percentBets_3":0.125,"percentBets_4":0.07339449541284404,"percentBets_1":0.12698412698412698},"output":{"chips":1}},
{"input":{"Win":0,"Lose":0.03666666666666667,"myCurrBet":0.0033333333333333335,"step":0,"position":0.5,"bluff":1,"percentBets_1":0.031746031746031744,"handValue":0.101,"percentBets_3":0.015625,"percentBets_4":0.009174311926605505},"output":{"chips":1}},
{"input":{"Win":0.012711864406779662,"Lose":0,"myCurrBet":0.0033333333333333335,"step":0,"position":0.5,"bluff":0,"percentBets_1":0.04395604395604396,"handValue":0.6009019999999999,"percentBets_3":0.01818181818181818,"percentBets_4":0.020202020202020204},"output":{"chips":0.5}},
{"input":{"Win":0.012711864406779662,"Lose":0,"myCurrBet":0.013333333333333334,"step":0.75,"position":0.5,"bluff":0,"handValue":0.601109080502,"percentBets_3":0.07272727272727272,"percentBets_4":0.04040404040404041,"percentBets_1":0.04395604395604396},"output":{"chips":0.5}},
{"input":{"Win":0.012711864406779662,"Lose":0,"myCurrBet":0.013333333333333334,"step":0.5,"position":0.5,"bluff":0,"handValue":0.1023,"percentBets_3":0.07272727272727272,"percentBets_4":0.04040404040404041,"percentBets_1":0.04395604395604396},"output":{"chips":0.5}},
{"input":{"Win":0.012711864406779662,"Lose":0,"myCurrBet":0.013333333333333334,"step":0.25,"position":0.5,"bluff":0,"handValue":0.1018,"percentBets_3":0.07272727272727272,"percentBets_4":0.04040404040404041,"percentBets_1":0.04395604395604396},"output":{"chips":0.5}},
{"input":{"Win":0,"Lose":0.03333333333333333,"myCurrBet":0.016666666666666666,"step":0,"position":0.5,"bluff":0,"handValue":0.1019,"percentBets_3":0.09803921568627451,"percentBets_4":0.05263157894736842,"percentBets_1":0.11494252873563218},"output":{"chips":0.5}},
{"input":{"Win":0,"Lose":0.03333333333333333,"myCurrBet":0.03333333333333333,"step":0.25,"position":0.5,"bluff":0,"handValue":0.10360000000000001,"percentBets_3":0.19607843137254902,"percentBets_4":0.10526315789473684,"percentBets_1":0.11494252873563218},"output":{"chips":0}},
{"input":{"Win":0,"Lose":0.03333333333333333,"myCurrBet":0.0033333333333333335,"step":0,"position":0.5,"bluff":0,"percentBets_1":0.04597701149425287,"handValue":0.1019,"percentBets_3":0.0196078431372549,"percentBets_4":0.021052631578947368},"output":{"chips":1}},
{"input":{"Win":0,"Lose":0.03333333333333333,"myCurrBet":0.03333333333333333,"step":0.25,"position":0.5,"bluff":0,"handValue":0.10360000000000001,"percentBets_3":0.19607843137254902,"percentBets_4":0.10526315789473684,"percentBets_1":0.11494252873563218},"output":{"chips":0}},
{"input":{"Win":0,"Lose":0.03333333333333333,"myCurrBet":0.03333333333333333,"step":0.25,"position":0.5,"bluff":0,"handValue":0.1048,"percentBets_3":0.19607843137254902,"percentBets_4":0.10526315789473684,"percentBets_1":0.11494252873563218},"output":{"chips":0}},
{"input":{"Win":0,"Lose":0.03333333333333333,"myCurrBet":0.0033333333333333335,"step":0,"position":0.5,"bluff":0,"percentBets_1":0.025974025974025976,"handValue":0.101,"percentBets_3":0.012345679012345678,"percentBets_4":0.011764705882352941},"output":{"chips":1}},
{"input":{"Win":0,"Lose":0.03333333333333333,"myCurrBet":0.01,"step":0,"position":0.5,"bluff":0,"handValue":0.101,"percentBets_3":0.037037037037037035,"percentBets_4":0.03529411764705882,"percentBets_1":0.07792207792207792},"output":{"chips":0.5}},
{"input":{"Win":0,"Lose":0.03333333333333333,"myCurrBet":0.02,"step":0.25,"position":0.5,"bluff":0,"handValue":0.10250000000000001,"percentBets_3":0.07407407407407407,"percentBets_4":0.07058823529411765,"percentBets_1":0.07792207792207792},"output":{"chips":1}},
{"input":{"Win":0,"Lose":0.03333333333333333,"myCurrBet":0.023333333333333334,"step":0.25,"position":0.5,"bluff":0,"handValue":0.10250000000000001,"percentBets_3":0.08641975308641975,"percentBets_4":0.08235294117647059,"percentBets_1":0.1038961038961039},"output":{"chips":0.5}},
{"input":{"Win":0,"Lose":0.03333333333333333,"myCurrBet":0.02666666666666667,"step":0.5,"position":0.5,"bluff":0,"handValue":0.30000006041,"percentBets_3":0.09876543209876543,"percentBets_4":0.09411764705882353,"percentBets_1":0.1038961038961039},"output":{"chips":0}},
{"input":{"Win":0,"Lose":0.03333333333333333,"myCurrBet":0.03333333333333333,"step":0.75,"position":0.5,"bluff":0,"handValue":0.300000100609,"percentBets_3":0.12345679012345678,"percentBets_4":0.11764705882352941,"percentBets_1":0.12987012987012986},"output":{"chips":0.5}},
{"input":{"Win":0,"Lose":0.03333333333333333,"myCurrBet":0.02666666666666667,"step":0.5,"position":0.5,"bluff":0,"handValue":0.30000006041,"percentBets_3":0.09876543209876543,"percentBets_4":0.10588235294117647,"percentBets_1":0.12987012987012986},"output":{"chips":0.5}},
{"input":{"Win":0,"Lose":0.02666666666666667,"myCurrBet":0.01,"step":0,"position":0.5,"bluff":0,"handValue":0.10070000000000001,"percentBets_3":0.04225352112676056,"percentBets_4":0.04,"percentBets_1":0.056074766355140186},"output":{"chips":0.5}},
{"input":{"Win":0,"Lose":0.02666666666666667,"myCurrBet":0.0033333333333333335,"step":0,"position":0.5,"bluff":0,"percentBets_1":0.018691588785046728,"handValue":0.10070000000000001,"percentBets_3":0.014084507042253521,"percentBets_4":0.013333333333333334},"output":{"chips":1}},
{"input":{"Win":0,"Lose":0.02666666666666667,"myCurrBet":0.02,"step":0.25,"position":0.5,"bluff":0,"handValue":0.1029,"percentBets_3":0.08450704225352113,"percentBets_4":0.08,"percentBets_1":0.056074766355140186},"output":{"chips":0.5}},
{"input":{"Win":0,"Lose":0.02666666666666667,"myCurrBet":0.02,"step":0.25,"position":0.5,"bluff":0,"handValue":0.1029,"percentBets_3":0.08450704225352113,"percentBets_4":0.09333333333333334,"percentBets_1":0.07476635514018691},"output":{"chips":0.5}},
{"input":{"Win":0,"Lose":0.02666666666666667,"myCurrBet":0.02666666666666667,"step":0.5,"position":0.5,"bluff":0,"handValue":0.1023,"percentBets_3":0.11267605633802817,"percentBets_4":0.10666666666666667,"percentBets_1":0.07476635514018691},"output":{"chips":0}},
{"input":{"Win":0,"Lose":0.02666666666666667,"myCurrBet":0.02666666666666667,"step":0.5,"position":0.5,"bluff":0,"handValue":0.1023,"percentBets_3":0.11267605633802817,"percentBets_4":0.10666666666666667,"percentBets_1":0.07476635514018691},"output":{"chips":0}},
{"input":{"Win":0,"Lose":0.03333333333333333,"myCurrBet":0.01,"step":0,"position":0.5,"bluff":0,"handValue":0.101,"percentBets_3":0.031578947368421054,"percentBets_4":0.04477611940298507,"percentBets_1":0.06060606060606061},"output":{"chips":0.5}},
{"input":{"Win":0,"Lose":0.03333333333333333,"myCurrBet":0.0033333333333333335,"step":0,"position":0.5,"bluff":0,"percentBets_1":0.020202020202020204,"handValue":0.101,"percentBets_3":0.010526315789473684,"percentBets_4":0.014925373134328358},"output":{"chips":1}},
{"input":{"Win":0,"Lose":0.03333333333333333,"myCurrBet":0.023333333333333334,"step":0.25,"position":0.5,"bluff":0,"handValue":0.10350000000000001,"percentBets_3":0.07368421052631578,"percentBets_4":0.1044776119402985,"percentBets_1":0.08080808080808081},"output":{"chips":0.5}},
{"input":{"Win":0,"Lose":0.03333333333333333,"myCurrBet":0.02,"step":0.25,"position":0.5,"bluff":0,"handValue":0.10350000000000001,"percentBets_3":0.06315789473684211,"percentBets_4":0.08955223880597014,"percentBets_1":0.06060606060606061},"output":{"chips":1}},
{"input":{"Win":0,"Lose":0.03333333333333333,"myCurrBet":0.03,"step":0.5,"position":0.5,"bluff":0,"handValue":0.10300000000000001,"percentBets_3":0.09473684210526316,"percentBets_4":0.13432835820895522,"percentBets_1":0.10101010101010101},"output":{"chips":0.5}},
{"input":{"Win":0,"Lose":0.03333333333333333,"myCurrBet":0.02666666666666667,"step":0.5,"position":0.5,"bluff":0,"handValue":0.10300000000000001,"percentBets_3":0.08421052631578947,"percentBets_4":0.11940298507462686,"percentBets_1":0.08080808080808081},"output":{"chips":1}},
{"input":{"Win":0,"Lose":0.03333333333333333,"myCurrBet":0.03333333333333333,"step":0.75,"position":0.5,"bluff":0,"handValue":0.1034,"percentBets_3":0.10526315789473684,"percentBets_4":0.14925373134328357,"percentBets_1":0.10101010101010101},"output":{"chips":0.5}},
{"input":{"Win":0,"Lose":0.04,"myCurrBet":0.0033333333333333335,"step":0,"position":0.5,"bluff":1,"percentBets_1":0.0449438202247191,"handValue":0.500000000011,"percentBets_3":0.011764705882352941,"percentBets_4":0.020618556701030927},"output":{"chips":1}},
{"input":{"Win":0,"Lose":0.04,"myCurrBet":0.016666666666666666,"step":0,"position":0.5,"bluff":0,"handValue":0.500000000011,"percentBets_3":0.058823529411764705,"percentBets_4":0.05154639175257732,"percentBets_1":0.11235955056179775},"output":{"chips":0.5}},
{"input":{"Win":0,"Lose":0.04,"myCurrBet":0.03666666666666667,"step":0.25,"position":0.5,"bluff":1,"handValue":0.10210000000000001,"percentBets_3":0.12941176470588237,"percentBets_4":0.1134020618556701,"percentBets_1":0.1348314606741573},"output":{"chips":0.5}},
{"input":{"Win":0,"Lose":0.04,"myCurrBet":0.03333333333333333,"step":0.25,"position":0.5,"bluff":0,"handValue":0.10210000000000001,"percentBets_3":0.11764705882352941,"percentBets_4":0.10309278350515463,"percentBets_1":0.11235955056179775},"output":{"chips":1}},
{"input":{"Win":0,"Lose":0.04,"myCurrBet":0.04,"step":0.5,"position":0.5,"bluff":1,"handValue":0.300000090411,"percentBets_3":0.1411764705882353,"percentBets_4":0.12371134020618557,"percentBets_1":0.1348314606741573},"output":{"chips":0.5}},
{"input":{"Win":0,"Lose":0.04,"myCurrBet":0.04,"step":0.75,"position":0.5,"bluff":0,"handValue":0.300000090412,"percentBets_3":0.1411764705882353,"percentBets_4":0.12371134020618557,"percentBets_1":0.1348314606741573},"output":{"chips":0.5}},
{"input":{"Win":0,"Lose":0,"myCurrBet":0.0033333333333333335,"step":0,"position":0.5,"bluff":0,"percentBets_1":0.016,"handValue":0.10120000000000001,"percentBets_3":0.0136986301369863,"percentBets_4":0.011764705882352941},"output":{"chips":1}},
{"input":{"Win":0,"Lose":0,"myCurrBet":0.01,"step":0,"position":0.5,"bluff":0,"handValue":0.10120000000000001,"percentBets_3":0.0410958904109589,"percentBets_4":0.03529411764705882,"percentBets_1":0.048},"output":{"chips":0.5}},
{"input":{"Win":0,"Lose":0,"myCurrBet":0.02,"step":0.25,"position":0.5,"bluff":0,"handValue":0.1023,"percentBets_3":0.0821917808219178,"percentBets_4":0.07058823529411765,"percentBets_1":0.048},"output":{"chips":0.5}},
{"input":{"Win":0,"Lose":0,"myCurrBet":0.02,"step":0.5,"position":0.5,"bluff":0,"handValue":0.1028,"percentBets_3":0.0821917808219178,"percentBets_4":0.07058823529411765,"percentBets_1":0.048},"output":{"chips":0}},
{"input":{"Win":0,"Lose":0,"myCurrBet":0.02,"step":0.5,"position":0.5,"bluff":1,"handValue":0.1028,"percentBets_3":0.0821917808219178,"percentBets_4":0.07058823529411765,"percentBets_1":0.048},"output":{"chips":1}},
{"input":{"Win":0,"Lose":0,"myCurrBet":0.023333333333333334,"step":0.5,"position":0.5,"bluff":0,"handValue":0.10300000000000001,"percentBets_3":0.0958904109589041,"percentBets_4":0.08235294117647059,"percentBets_1":0.064},"output":{"chips":0}},
{"input":{"Win":0,"Lose":0.023333333333333334,"myCurrBet":0.0033333333333333335,"step":0,"position":0.5,"bluff":0,"percentBets_1":0.013605442176870748,"handValue":0.1018,"percentBets_3":0.015151515151515152,"percentBets_4":0.012987012987012988},"output":{"chips":1}},
{"input":{"Win":0,"Lose":0.023333333333333334,"myCurrBet":0.01,"step":0,"position":0.5,"bluff":1,"handValue":0.1018,"percentBets_3":0.045454545454545456,"percentBets_4":0.05194805194805195,"percentBets_1":0.05442176870748299},"output":{"chips":0.5}},
{"input":{"Win":0,"Lose":0.023333333333333334,"myCurrBet":0.02666666666666667,"step":0.5,"position":0.5,"bluff":0,"handValue":0.1038,"percentBets_3":0.12121212121212122,"percentBets_4":0.1038961038961039,"percentBets_1":0.05442176870748299},"output":{"chips":0}},
{"input":{"Win":0,"Lose":0.023333333333333334,"myCurrBet":0.02666666666666667,"step":0.25,"position":0.5,"bluff":0,"handValue":0.1039,"percentBets_3":0.12121212121212122,"percentBets_4":0.1038961038961039,"percentBets_1":0.05442176870748299},"output":{"chips":0.5}},
{"input":{"Win":0,"Lose":0.023333333333333334,"myCurrBet":0.02666666666666667,"step":0.5,"position":0.5,"bluff":0,"handValue":0.1038,"percentBets_3":0.12121212121212122,"percentBets_4":0.1038961038961039,"percentBets_1":0.05442176870748299},"output":{"chips":0}},
{"input":{"Win":0,"Lose":0.023333333333333334,"myCurrBet":0.02666666666666667,"step":0.5,"position":0.5,"bluff":0,"handValue":0.1046,"percentBets_3":0.12121212121212122,"percentBets_4":0.11688311688311688,"percentBets_1":0.06802721088435375},"output":{"chips":0}},
