{"input":{"Win":0,"Lose":0.04666666666666667,"myCurrBet":0.02,"step":0,"position":0.75,"bluff":0,"handValue":0.10160000000000001,"percentBets_4":0.09333333333333334,"percentBets_1":0.09333333333333334,"percentBets_2":0.18666666666666668},"output":{"chips":0.5}},
{"input":{"Win":0,"Lose":0.04666666666666667,"myCurrBet":0,"step":0,"position":0.75,"bluff":0,"percentBets_1":0.006666666666666667,"percentBets_2":0.013333333333333334,"handValue":0.10160000000000001},"output":{"chips":1}},
{"input":{"Win":0,"Lose":0.04666666666666667,"myCurrBet":0.04666666666666667,"step":0.5,"position":0.75,"bluff":0,"handValue":0.601312080502,"percentBets_4":0.18666666666666668,"percentBets_1":0.18666666666666668,"percentBets_2":0.18666666666666668},"output":{"chips":0}},
{"input":{"Win":0,"Lose":0.04666666666666667,"myCurrBet":0.01,"step":0,"position":0.75,"bluff":0,"handValue":0.10160000000000001,"percentBets_4":0.04,"percentBets_1":0.04,"percentBets_2":0.08},"output":{"chips":0.5}},
{"input":{"Win":0,"Lose":0.04666666666666667,"myCurrBet":0.04666666666666667,"step":0.25,"position":0.75,"bluff":0,"handValue":0.10310000000000001,"percentBets_4":0.18666666666666668,"percentBets_1":0.18666666666666668,"percentBets_2":0.18666666666666668},"output":{"chips":0.5}},
{"input":{"Win":0,"Lose":0.04666666666666667,"myCurrBet":0.04666666666666667,"step":0.5,"position":0.75,"bluff":0,"handValue":0.601312080502,"percentBets_4":0.18666666666666668,"percentBets_1":0.18666666666666668,"percentBets_2":0.18666666666666668},"output":{"chips":0}},
{"input":{"Win":0,"Lose":0.07333333333333333,"myCurrBet":0.006666666666666667,"step":0,"position":0.75,"bluff":0,"handValue":0.1,"percentBets_4":0.042735042735042736,"percentBets_1":0.08196721311475409,"percentBets_2":0.16393442622950818},"output":{"chips":0.5}},
{"input":{"Win":0,"Lose":0.07333333333333333,"myCurrBet":0.07333333333333333,"step":0.25,"position":0.75,"bluff":1,"handValue":0.1024,"percentBets_4":0.18803418803418803,"percentBets_1":0.36065573770491804,"percentBets_2":0.36065573770491804},"output":{"chips":0.5}},
{"input":{"Win":0,"Lose":0.07333333333333333,"myCurrBet":0.03333333333333333,"step":0,"position":0.75,"bluff":0,"handValue":0.1,"percentBets_4":0.09401709401709402,"percentBets_1":0.18032786885245902,"percentBets_2":0.36065573770491804},"output":{"chips":0.5}},
{"input":{"Win":0,"Lose":0.07333333333333333,"myCurrBet":0.07333333333333333,"step":0.25,"position":0.75,"bluff":0,"handValue":0.1024,"percentBets_4":0.18803418803418803,"percentBets_1":0.36065573770491804,"percentBets_2":0.36065573770491804},"output":{"chips":0}},
{"input":{"Win":0,"Lose":0.07333333333333333,"myCurrBet":0,"step":0,"position":0.75,"bluff":0,"percentBets_1":0.00819672131147541,"percentBets_2":0.01639344262295082,"handValue":0.1},"output":{"chips":1}},
{"input":{"Win":0,"Lose":0.07333333333333333,"myCurrBet":0.07333333333333333,"step":0.75,"position":0.75,"bluff":0,"handValue":0.1038,"percentBets_4":0.18803418803418803,"percentBets_1":0.36065573770491804,"percentBets_2":0.36065573770491804},"output":{"chips":0}},
{"input":{"Win":0.26053639846743293,"Lose":0,"myCurrBet":0,"step":0,"position":0.75,"bluff":1,"percentBets_1":0.01282051282051282,"percentBets_2":0.007874015748031496,"handValue":0.10160000000000001},"output":{"chips":1}},
{"input":{"Win":0.26053639846743293,"Lose":0,"myCurrBet":0.02666666666666667,"step":0,"position":0.75,"bluff":1,"handValue":0.10160000000000001,"percentBets_4":0.08421052631578947,"percentBets_1":0.20512820512820512,"percentBets_2":0.12598425196850394},"output":{"chips":1}},
{"input":{"Win":0.26053639846743293,"Lose":0,"myCurrBet":0.056666666666666664,"step":0,"position":0.75,"bluff":1,"handValue":0.10160000000000001,"percentBets_4":0.17894736842105263,"percentBets_1":0.4358974358974359,"percentBets_2":0.2677165354330709},"output":{"chips":1}},
{"input":{"Win":0.26053639846743293,"Lose":0,"myCurrBet":0.01,"step":0,"position":0.75,"bluff":0,"handValue":0.10160000000000001,"percentBets_4":0.031578947368421054,"percentBets_1":0.07692307692307693,"percentBets_2":0.047244094488188976},"output":{"chips":1}},
{"input":{"Win":0,"Lose":0,"myCurrBet":0,"step":0,"position":0.75,"bluff":0,"percentBets_1":0.022727272727272728,"percentBets_2":0.010752688172043012,"handValue":0.1013},"output":{"chips":1}},
{"input":{"Win":0,"Lose":0,"myCurrBet":0.01,"step":0,"position":0.75,"bluff":0,"handValue":0.1013,"percentBets_4":0.038461538461538464,"percentBets_1":0.13636363636363635,"percentBets_2":0.06451612903225806},"output":{"chips":1}},
{"input":{"Win":0,"Lose":0,"myCurrBet":0.03,"step":0,"position":0.75,"bluff":0,"handValue":0.1013,"percentBets_4":0.11538461538461539,"percentBets_1":0.4090909090909091,"percentBets_2":0.1935483870967742},"output":{"chips":0}},
{"input":{"Win":0,"Lose":0.03,"myCurrBet":0.0033333333333333335,"step":0,"position":0.6666666666666666,"bluff":0,"percentBets_1":0.05333333333333334,"handValue":0.1015,"percentBets_3":0.015748031496062992},"output":{"chips":1}},
{"input":{"Win":0,"Lose":0.03,"myCurrBet":0.04,"step":0,"position":0.6666666666666666,"bluff":0,"handValue":0.1015,"percentBets_3":0.09448818897637795,"percentBets_1":0.32},"output":{"chips":1}},
{"input":{"Win":0,"Lose":0.03,"myCurrBet":0.08333333333333333,"step":0,"position":0.6666666666666666,"bluff":0,"handValue":0.1015,"percentBets_3":0.1968503937007874,"percentBets_1":0.6666666666666666},"output":{"chips":0}},
{"input":{"Win":0,"Lose":0.03,"myCurrBet":0.016666666666666666,"step":0,"position":0.6666666666666666,"bluff":0,"handValue":0.1015,"percentBets_3":0.03937007874015748,"percentBets_1":0.13333333333333333},"output":{"chips":1}},
{"input":{"Win":0,"Lose":0.08333333333333333,"myCurrBet":0.06,"step":0.25,"position":0.6666666666666666,"bluff":0,"handValue":0.1019,"percentBets_3":0.17647058823529413,"percentBets_1":0.144},"output":{"chips":0.5}},
{"input":{"Win":0,"Lose":0.08333333333333333,"myCurrBet":0.06,"step":0.5,"position":0.6666666666666666,"bluff":1,"handValue":0.10300000000000001,"percentBets_3":0.17647058823529413,"percentBets_1":0.144},"output":{"chips":1}},
{"input":{"Win":0,"Lose":0.08333333333333333,"myCurrBet":0.03,"step":0,"position":0.6666666666666666,"bluff":0,"handValue":0.1,"percentBets_3":0.08823529411764706,"percentBets_1":0.144},"output":{"chips":0.5}},
{"input":{"Win":0,"Lose":0.08333333333333333,"myCurrBet":0.0033333333333333335,"step":0,"position":0.6666666666666666,"bluff":0,"percentBets_1":0.064,"handValue":0.1,"percentBets_3":0.0392156862745098},"output":{"chips":1}},
{"input":{"Win":0,"Lose":0.08333333333333333,"myCurrBet":0.06666666666666667,"step":0.5,"position":0.6666666666666666,"bluff":0,"handValue":0.10300000000000001,"percentBets_3":0.19607843137254902,"percentBets_1":0.176},"output":{"chips":0}},
{"input":{"Win":0,"Lose":0.06666666666666667,"myCurrBet":0.03333333333333333,"step":0,"position":0.6666666666666666,"bluff":0,"handValue":0.1009,"percentBets_3":0.125,"percentBets_1":0.11976047904191617},"output":{"chips":0.5}},
{"input":{"Win":0,"Lose":0.06666666666666667,"myCurrBet":0.06666666666666667,"step":0.25,"position":0.6666666666666666,"bluff":0,"handValue":0.1024,"percentBets_3":0.25,"percentBets_1":0.11976047904191617},"output":{"chips":0}},
{"input":{"Win":0,"Lose":0.06666666666666667,"myCurrBet":0.06666666666666667,"step":0.25,"position":0.6666666666666666,"bluff":1,"handValue":0.1024,"percentBets_3":0.25,"percentBets_1":0.11976047904191617},"output":{"chips":1}},
{"input":{"Win":0,"Lose":0.06666666666666667,"myCurrBet":0.0033333333333333335,"step":0,"position":0.6666666666666666,"bluff":0,"percentBets_1":0.04790419161676647,"handValue":0.1009,"percentBets_3":0.05},"output":{"chips":1}},
{"input":{"Win":0,"Lose":0.06666666666666667,"myCurrBet":0.07666666666666666,"step":0.25,"position":0.6666666666666666,"bluff":0,"handValue":0.1034,"percentBets_3":0.2875,"percentBets_1":0.15568862275449102},"output":{"chips":0}},
{"input":{"Win":0,"Lose":0.07666666666666666,"myCurrBet":0.0033333333333333335,"step":0,"position":0.6666666666666666,"bluff":0,"percentBets_1":0.018518518518518517,"handValue":0.601301,"percentBets_3":0.037037037037037035},"output":{"chips":1}},
{"input":{"Win":0,"Lose":0.07666666666666666,"myCurrBet":0.04666666666666667,"step":0.25,"position":0.6666666666666666,"bluff":0,"handValue":0.1018,"percentBets_3":0.25925925925925924,"percentBets_1":0.06481481481481481},"output":{"chips":0.5}},
{"input":{"Win":0,"Lose":0.07666666666666666,"myCurrBet":0.04666666666666667,"step":0.25,"position":0.6666666666666666,"bluff":0,"handValue":0.1018,"percentBets_3":0.2962962962962963,"percentBets_1":0.08333333333333333},"output":{"chips":0}},
{"input":{"Win":0,"Lose":0.07666666666666666,"myCurrBet":0.023333333333333334,"step":0,"position":0.6666666666666666,"bluff":0,"handValue":0.601301,"percentBets_3":0.12962962962962962,"percentBets_1":0.06481481481481481},"output":{"chips":0.5}},
{"input":{"Win":0,"Lose":0.04666666666666667,"myCurrBet":0.013333333333333334,"step":0,"position":0.6666666666666666,"bluff":0,"handValue":0.10160000000000001,"percentBets_3":0.1111111111111111,"percentBets_1":0.03225806451612903},"output":{"chips":0.5}},
{"input":{"Win":0,"Lose":0.04666666666666667,"myCurrBet":0.02666666666666667,"step":0.25,"position":0.6666666666666666,"bluff":1,"handValue":0.10250000000000001,"percentBets_3":0.2222222222222222,"percentBets_1":0.03225806451612903},"output":{"chips":1}},
{"input":{"Win":0,"Lose":0.04666666666666667,"myCurrBet":0.03333333333333333,"step":0.25,"position":0.6666666666666666,"bluff":0,"handValue":0.10250000000000001,"percentBets_3":0.2777777777777778,"percentBets_1":0.04838709677419355},"output":{"chips":0.5}},
{"input":{"Win":0,"Lose":0.04666666666666667,"myCurrBet":0.0033333333333333335,"step":0,"position":0.6666666666666666,"bluff":0,"percentBets_1":0.008064516129032258,"handValue":0.10160000000000001,"percentBets_3":0.027777777777777776},"output":{"chips":1}},
{"input":{"Win":0,"Lose":0.04666666666666667,"myCurrBet":0.04666666666666667,"step":0.5,"position":0.6666666666666666,"bluff":0,"handValue":0.1014,"percentBets_3":0.3888888888888889,"percentBets_1":0.06451612903225806},"output":{"chips":0}},
{"input":{"Win":0,"Lose":0.04666666666666667,"myCurrBet":0.04,"step":0.5,"position":0.6666666666666666,"bluff":1,"handValue":0.1014,"percentBets_3":0.3333333333333333,"percentBets_1":0.04838709677419355},"output":{"chips":1}},
{"input":{"Win":0,"Lose":0.05333333333333334,"myCurrBet":0.0033333333333333335,"step":0,"position":0.6666666666666666,"bluff":0,"percentBets_1":0.008620689655172414,"handValue":0.1017,"percentBets_3":0.015151515151515152},"output":{"chips":1}},
{"input":{"Win":0,"Lose":0.05333333333333334,"myCurrBet":0.006666666666666667,"step":0.25,"position":0.6666666666666666,"bluff":0,"handValue":0.10300000000000001,"percentBets_3":0.030303030303030304,"percentBets_1":0.008620689655172414},"output":{"chips":0.5}},
{"input":{"Win":0,"Lose":0.05333333333333334,"myCurrBet":0.006666666666666667,"step":0.5,"position":0.6666666666666666,"bluff":0,"handValue":0.1029,"percentBets_3":0.030303030303030304,"percentBets_1":0.008620689655172414},"output":{"chips":0.5}},
{"input":{"Win":0,"Lose":0.05333333333333334,"myCurrBet":0.006666666666666667,"step":0.75,"position":0.6666666666666666,"bluff":0,"handValue":0.10350000000000001,"percentBets_3":0.030303030303030304,"percentBets_1":0.008620689655172414},"output":{"chips":0.5}},
