{"input":{"Win":0,"Lose":0.05333333333333334,"myCurrBet":0.0033333333333333335,"step":0,"position":0.5,"bluff":0,"percentBets_1":0.06666666666666667,"handValue":0.1013,"percentBets_3":0.02666666666666667,"percentBets_4":0.02666666666666667},"output":{"chips":1}},
{"input":{"Win":0,"Lose":0.05333333333333334,"myCurrBet":0.05333333333333334,"step":0.25,"position":0.5,"bluff":0,"handValue":0.10360000000000001,"percentBets_3":0.21333333333333335,"percentBets_4":0.21333333333333335},"output":{"chips":0}},
{"input":{"Win":0,"Lose":0.05333333333333334,"myCurrBet":0.02666666666666667,"step":0,"position":0.5,"bluff":0,"handValue":0.1013,"percentBets_3":0.21333333333333335,"percentBets_4":0.21333333333333335,"percentBets_1":0},"output":{"chips":0.5}},
{"input":{"Win":0,"Lose":0.05333333333333334,"myCurrBet":0.05333333333333334,"step":0.25,"position":0.5,"bluff":0,"handValue":0.10360000000000001,"percentBets_3":0.21333333333333335,"percentBets_4":0.21333333333333335},"output":{"chips":0}},
{"input":{"Win":0,"Lose":0.05333333333333334,"myCurrBet":0.05333333333333334,"step":0.25,"position":0.5,"bluff":0,"handValue":0.1029,"percentBets_3":0.21333333333333335,"percentBets_4":0.21333333333333335},"output":{"chips":0}},
{"input":{"Win":0,"Lose":0,"myCurrBet":0.0033333333333333335,"step":0,"position":0.5,"bluff":0,"percentBets_1":0.05714285714285714,"handValue":0.1014,"percentBets_3":0.03389830508474576,"percentBets_4":0.017857142857142856},"output":{"chips":1}},
{"input":{"Win":0,"Lose":0,"myCurrBet":0.03333333333333333,"step":0.25,"position":0.5,"bluff":0,"handValue":0.1015,"percentBets_3":0.1694915254237288,"percentBets_4":0.08928571428571429},"output":{"chips":0.5}},
{"input":{"Win":0,"Lose":0,"myCurrBet":0.03666666666666667,"step":0.5,"position":0.5,"bluff":0,"handValue":0.1023,"percentBets_3":0.2033898305084746,"percentBets_4":0.10714285714285714},"output":{"chips":0}},
{"input":{"Win":0,"Lose":0,"myCurrBet":0.03333333333333333,"step":0.5,"position":0.5,"bluff":1,"handValue":0.1023,"percentBets_3":0.1694915254237288,"percentBets_4":0.08928571428571429},"output":{"chips":1}},
{"input":{"Win":0,"Lose":0,"myCurrBet":0.016666666666666666,"step":0,"position":0.5,"bluff":0,"handValue":0.1014,"percentBets_3":0.1694915254237288,"percentBets_4":0.08928571428571429,"percentBets_1":0},"output":{"chips":0.5}},
{"input":{"Win":0,"Lose":0.03666666666666667,"myCurrBet":0.0033333333333333335,"step":0,"position":0.5,"bluff":0,"percentBets_1":0.045454545454545456,"handValue":0.10120000000000001,"percentBets_3":0.0425531914893617,"percentBets_4":0.014388489208633094},"output":{"chips":1}},
{"input":{"Win":0,"Lose":0.03666666666666667,"myCurrBet":0.016666666666666666,"step":0,"position":0.5,"bluff":1,"handValue":0.10120000000000001,"percentBets_3":0.2127659574468085,"percentBets_4":0.07194244604316546,"percentBets_1":0},"output":{"chips":1}},
{"input":{"Win":0,"Lose":0.03666666666666667,"myCurrBet":0.03666666666666667,"step":0,"position":0.5,"bluff":0,"handValue":0.10120000000000001,"percentBets_3":0.46808510638297873,"percentBets_4":0.15827338129496402},"output":{"chips":0}},
{"input":{"Win":0,"Lose":0.07,"myCurrBet":0.016666666666666666,"step":0,"position":0.5,"bluff":1,"handValue":0.101,"percentBets_3":0.12048192771084337,"percentBets_4":0.08547008547008547},"output":{"chips":0.5}},
{"input":{"Win":0,"Lose":0.07,"myCurrBet":0.03333333333333333,"step":0.5,"position":0.5,"bluff":0,"handValue":0.10400000000000001,"percentBets_3":0.12048192771084337,"percentBets_4":0.08547008547008547},"output":{"chips":0}},
{"input":{"Win":0,"Lose":0.07,"myCurrBet":0.03333333333333333,"step":0.25,"position":0.5,"bluff":0,"handValue":0.1034,"percentBets_3":0.12048192771084337,"percentBets_4":0.08547008547008547},"output":{"chips":0.5}},
{"input":{"Win":0,"Lose":0.07,"myCurrBet":0.0033333333333333335,"step":0,"position":0.5,"bluff":0,"percentBets_1":0,"handValue":0.101,"percentBets_3":0.024096385542168676,"percentBets_4":0.017094017094017096},"output":{"chips":1}},
{"input":{"Win":0,"Lose":0.07,"myCurrBet":0.03333333333333333,"step":0.5,"position":0.5,"bluff":0,"handValue":0.10400000000000001,"percentBets_3":0.12048192771084337,"percentBets_4":0.08547008547008547},"output":{"chips":0}},
{"input":{"Win":0,"Lose":0,"myCurrBet":0.016666666666666666,"step":0,"position":0.5,"bluff":0,"handValue":0.600501,"percentBets_3":0.0966183574879227,"percentBets_4":0.09345794392523364,"percentBets_1":0.16},"output":{"chips":0}},
{"input":{"Win":0,"Lose":0,"myCurrBet":0.0033333333333333335,"step":0,"position":0.5,"bluff":1,"percentBets_1":0.064,"handValue":0.600501,"percentBets_3":0.01932367149758454,"percentBets_4":0.018691588785046728},"output":{"chips":1}},
{"input":{"Win":0,"Lose":0.016666666666666666,"myCurrBet":0.013333333333333334,"step":0,"position":0.5,"bluff":0,"handValue":0.1018,"percentBets_3":0.0622568093385214,"percentBets_4":0.08247422680412371,"percentBets_1":0.19047619047619047},"output":{"chips":1}},
{"input":{"Win":0,"Lose":0.016666666666666666,"myCurrBet":0.0033333333333333335,"step":0,"position":0.5,"bluff":0,"percentBets_1":0.0380952380952381,"handValue":0.1018,"percentBets_3":0.01556420233463035,"percentBets_4":0.020618556701030927},"output":{"chips":1}},
{"input":{"Win":0,"Lose":0.016666666666666666,"myCurrBet":0.043333333333333335,"step":0,"position":0.5,"bluff":0,"handValue":0.1018,"percentBets_3":0.20233463035019456,"percentBets_4":0.26804123711340205,"percentBets_1":0},"output":{"chips":0}},
{"input":{"Win":0,"Lose":0.07333333333333333,"myCurrBet":0.0033333333333333335,"step":0,"position":0.5,"bluff":0,"percentBets_1":0.047058823529411764,"handValue":0.1005,"percentBets_3":0.01951219512195122,"percentBets_4":0.0136986301369863},"output":{"chips":1}},
{"input":{"Win":0,"Lose":0.07333333333333333,"myCurrBet":0.01,"step":0,"position":0.5,"bluff":0,"handValue":0.1005,"percentBets_3":0.05853658536585366,"percentBets_4":0.0410958904109589,"percentBets_1":0.1411764705882353},"output":{"chips":1}},
{"input":{"Win":0,"Lose":0.07333333333333333,"myCurrBet":0.023333333333333334,"step":0.25,"position":0.5,"bluff":0,"handValue":0.400000060302,"percentBets_3":0.13658536585365855,"percentBets_4":0.0958904109589041},"output":{"chips":0}},
{"input":{"Win":0,"Lose":0.07333333333333333,"myCurrBet":0.023333333333333334,"step":0.25,"position":0.5,"bluff":0,"handValue":0.400000060302,"percentBets_3":0.13658536585365855,"percentBets_4":0.0958904109589041,"percentBets_1":0},"output":{"chips":0}},
{"input":{"Win":0,"Lose":0.07333333333333333,"myCurrBet":0.023333333333333334,"step":0.25,"position":0.5,"bluff":0,"handValue":0.400000060302,"percentBets_3":0.13658536585365855,"percentBets_4":0.0958904109589041},"output":{"chips":0}},
